Log file open, 03/17/23 17:20:35
LogWindows: Failed to load 'aqProf.dll' (GetLastError=126)
LogWindows: File 'aqProf.dll' does not exist
LogWindows: Failed to load 'VtuneApi.dll' (GetLastError=126)
LogWindows: File 'VtuneApi.dll' does not exist
LogWindows: Failed to load 'VtuneApi32e.dll' (GetLastError=126)
LogWindows: File 'VtuneApi32e.dll' does not exist
LogConsoleResponse: Display: Failed to find resolution value strings in scalability ini. Falling back to default.
LogConsoleResponse: Display: Failed to find resolution value strings in scalability ini. Falling back to default.
LogInit: Display: Running engine for game: Twonic
LogPlatformFile: Not using cached read wrapper
LogTaskGraph: Started task graph with 5 named threads and 23 total threads with 3 sets of task threads.
LogStats: Stats thread started at 1.501354
LogICUInternationalization: ICU TimeZone Detection - Raw Offset: +0:00, Platform Override: ''
LogInit: Display: Loading text-based GConfig....
LogPluginManager: Mounting plugin MeshPainting
LogPluginManager: Mounting plugin XGEController
LogPluginManager: Mounting plugin Paper2D
LogPluginManager: Mounting plugin AISupport
LogPluginManager: Mounting plugin LiveLink
LogPluginManager: Mounting plugin EnvironmentQueryEditor
LogPluginManager: Mounting plugin LightPropagationVolume
LogPluginManager: Mounting plugin CameraShakePreviewer
LogPluginManager: Mounting plugin GameplayCameras
LogPluginManager: Mounting plugin OodleData
LogPluginManager: Mounting plugin OodleNetwork
LogPluginManager: Mounting plugin AnimationSharing
LogPluginManager: Mounting plugin CLionSourceCodeAccess
LogPluginManager: Mounting plugin CodeLiteSourceCodeAccess
LogPluginManager: Mounting plugin GitSourceControl
LogPluginManager: Mounting plugin KDevelopSourceCodeAccess
LogPluginManager: Mounting plugin NullSourceCodeAccess
LogPluginManager: Mounting plugin PerforceSourceControl
LogPluginManager: Mounting plugin PixWinPlugin
LogPluginManager: Mounting plugin PlasticSourceControl
LogPluginManager: Mounting plugin PluginUtils
LogPluginManager: Mounting plugin PropertyAccessNode
LogPluginManager: Mounting plugin RiderSourceCodeAccess
LogPluginManager: Mounting plugin SubversionSourceControl
LogPluginManager: Mounting plugin TextureFormatOodle
LogPluginManager: Mounting plugin UObjectPlugin
LogPluginManager: Mounting plugin VisualStudioCodeSourceCodeAccess
LogPluginManager: Mounting plugin VisualStudioSourceCodeAccess
LogPluginManager: Mounting plugin XCodeSourceCodeAccess
LogPluginManager: Mounting plugin AssetManagerEditor
LogPluginManager: Mounting plugin CryptoKeys
LogPluginManager: Mounting plugin CurveEditorTools
LogPluginManager: Mounting plugin DataValidation
LogPluginManager: Mounting plugin FacialAnimation
LogPluginManager: Mounting plugin GameplayTagsEditor
LogPluginManager: Mounting plugin GeometryMode
LogPluginManager: Mounting plugin MacGraphicsSwitching
LogPluginManager: Mounting plugin MaterialAnalyzer
LogPluginManager: Mounting plugin MobileLauncherProfileWizard
LogPluginManager: Mounting plugin PluginBrowser
LogPluginManager: Mounting plugin SpeedTreeImporter
LogPluginManager: Mounting plugin AlembicImporter
LogPluginManager: Mounting plugin AutomationUtils
LogPluginManager: Mounting plugin BackChannel
LogPluginManager: Mounting plugin Niagara
LogPluginManager: Mounting plugin ChaosClothEditor
LogPluginManager: Mounting plugin ChaosCloth
LogPluginManager: Mounting plugin ChaosEditor
LogPluginManager: Mounting plugin ChaosNiagara
LogPluginManager: Mounting plugin ChaosSolverPlugin
LogPluginManager: Mounting plugin CharacterAI
LogPluginManager: Mounting plugin GeometryCache
LogPluginManager: Mounting plugin GeometryCollectionPlugin
LogPluginManager: Mounting plugin LuminPlatformFeatures
LogPluginManager: Mounting plugin MagicLeap
LogPluginManager: Mounting plugin MagicLeapLightEstimation
LogPluginManager: Mounting plugin MagicLeapMedia
LogPluginManager: Mounting plugin MagicLeapPassableWorld
LogPluginManager: Mounting plugin GeometryProcessing
LogPluginManager: Mounting plugin MLSDK
LogPluginManager: Mounting plugin AndroidMedia
LogPluginManager: Mounting plugin MotoSynth
LogPluginManager: Mounting plugin OpenImageDenoise
LogPluginManager: Mounting plugin AvfMedia
LogPluginManager: Mounting plugin PlanarCut
LogPluginManager: Mounting plugin DatasmithContent
LogPluginManager: Mounting plugin PlatformCrypto
LogPluginManager: Mounting plugin ProxyLODPlugin
LogPluginManager: Mounting plugin PythonScriptPlugin
LogPluginManager: Mounting plugin ImgMedia
LogPluginManager: Mounting plugin MediaCompositing
LogPluginManager: Mounting plugin VariantManagerContent
LogPluginManager: Mounting plugin MediaPlayerEditor
LogPluginManager: Mounting plugin SkeletalReduction
LogPluginManager: Mounting plugin WebMMedia
LogPluginManager: Mounting plugin WmfMedia
LogPluginManager: Mounting plugin UdpMessaging
LogPluginManager: Mounting plugin TcpMessaging
LogPluginManager: Mounting plugin ActorSequence
LogPluginManager: Mounting plugin LevelSequenceEditor
LogPluginManager: Mounting plugin MatineeToLevelSequence
LogPluginManager: Mounting plugin TemplateSequence
LogPluginManager: Mounting plugin OnlineSubsystem
LogPluginManager: Mounting plugin OnlineSubsystemNull
LogPluginManager: Mounting plugin LauncherChunkInstaller
LogPluginManager: Mounting plugin OnlineSubsystemUtils
LogPluginManager: Mounting plugin ActorLayerUtilities
LogPluginManager: Mounting plugin AndroidDeviceProfileSelector
LogPluginManager: Mounting plugin AndroidMoviePlayer
LogPluginManager: Mounting plugin AndroidPermission
LogPluginManager: Mounting plugin AppleImageUtils
LogPluginManager: Mounting plugin AppleMoviePlayer
LogPluginManager: Mounting plugin ArchVisCharacter
LogPluginManager: Mounting plugin AudioCapture
LogPluginManager: Mounting plugin AssetTags
LogPluginManager: Mounting plugin AudioSynesthesia
LogPluginManager: Mounting plugin CableComponent
LogPluginManager: Mounting plugin ChunkDownloader
LogPluginManager: Mounting plugin CustomMeshComponent
LogPluginManager: Mounting plugin ExampleDeviceProfileSelector
LogPluginManager: Mounting plugin EditableMesh
LogPluginManager: Mounting plugin GoogleCloudMessaging
LogPluginManager: Mounting plugin GooglePAD
LogPluginManager: Mounting plugin IOSDeviceProfileSelector
LogPluginManager: Mounting plugin LinuxDeviceProfileSelector
LogPluginManager: Mounting plugin LocationServicesBPLibrary
LogPluginManager: Mounting plugin MobilePatchingUtils
LogPluginManager: Mounting plugin OpenXREyeTracker
LogPluginManager: Mounting plugin OpenXRHandTracking
LogPluginManager: Mounting plugin OpenXR
LogPluginManager: Mounting plugin PhysXVehicles
LogPluginManager: Mounting plugin ScreenshotTools
LogPluginManager: Mounting plugin Takes
LogPluginManager: Mounting plugin PostSplashScreen
LogPluginManager: Mounting plugin ProceduralMeshComponent
LogPluginManager: Mounting plugin PropertyAccessEditor
LogPluginManager: Mounting plugin RuntimePhysXCooking
LogPluginManager: Mounting plugin SignificanceManager
LogPluginManager: Mounting plugin SoundFields
LogPluginManager: Mounting plugin Synthesis
LogPluginManager: Mounting plugin WebMMoviePlayer
LogPluginManager: Mounting plugin WindowsMoviePlayer
LogPluginManager: Mounting plugin ContentBrowserAssetDataSource
LogPluginManager: Mounting plugin ContentBrowserClassDataSource
LogPluginManager: Mounting plugin ContentBrowserFileDataSource
LogPluginManager: Mounting plugin OnlineSubsystemGooglePlay
LogPluginManager: Mounting plugin OnlineSubsystemIOS
LogPluginManager: Mounting plugin OculusVR
LogPluginManager: Mounting plugin SteamVR
PixWinPlugin: PIX capture plugin failed to initialize! Check that the process is launched from PIX.
LogInit: Using libcurl 7.55.1-DEV
LogInit:  - built for x86_64-pc-win32
LogInit:  - supports SSL with OpenSSL/1.1.1
LogInit:  - supports HTTP deflate (compression) using libz 1.2.8
LogInit:  - other features:
LogInit:      CURL_VERSION_SSL
LogInit:      CURL_VERSION_LIBZ
LogInit:      CURL_VERSION_IPV6
LogInit:      CURL_VERSION_ASYNCHDNS
LogInit:      CURL_VERSION_LARGEFILE
LogInit:      CURL_VERSION_IDN
LogInit:  CurlRequestOptions (configurable via config and command line):
LogInit:  - bVerifyPeer = true  - Libcurl will verify peer certificate
LogInit:  - bUseHttpProxy = false  - Libcurl will NOT use HTTP proxy
LogInit:  - bDontReuseConnections = false  - Libcurl will reuse connections
LogInit:  - MaxHostConnections = 16  - Libcurl will limit the number of connections to a host
LogInit:  - LocalHostAddr = Default
LogInit:  - BufferSize = 65536
LogOnline: OSS: Creating online subsystem instance for: NULL
LogInit: WinSock: version 1.1 (2.2), MaxSocks=32767, MaxUdp=65467
LogOnline: OSS: TryLoadSubsystemAndSetDefault: Loaded subsystem for module [NULL]
LogInit: Build: ++UE4+Release-4.27-CL-18319896
LogInit: Engine Version: 4.27.2-18319896+++UE4+Release-4.27
LogInit: Compatible Engine Version: 4.27.0-17155196+++UE4+Release-4.27
LogInit: Net CL: 17155196
LogInit: OS: Windows 10 (Release 2009) (), CPU: Intel(R) Core(TM) i5-8300H CPU @ 2.30GHz, GPU: NVIDIA GeForce GTX 1060
LogInit: Compiled (64-bit): Nov 30 2021 07:12:08
LogInit: Compiled with Visual C++: 19.24.28315.00
LogInit: Build Configuration: Development
LogInit: Branch Name: ++UE4+Release-4.27
LogInit: Command Line:  C:/Users/emmyt/OneDrive/Documents/GitHub/-Journeyman-Twonic---Alpha-Team/Twonic/Twonic.uproject -run=GatherText -config=Config/Localization/Game_Compile.ini
LogInit: Base Directory: D:/Epic Games/UE_4.27/Engine/Binaries/Win64/
LogInit: Allocator: TBB
LogInit: Installed Engine Build: 1
LogDevObjectVersion: Number of dev versions registered: 29
LogDevObjectVersion:   Dev-Blueprints (B0D832E4-1F89-4F0D-ACCF-7EB736FD4AA2): 10
LogDevObjectVersion:   Dev-Build (E1C64328-A22C-4D53-A36C-8E866417BD8C): 0
LogDevObjectVersion:   Dev-Core (375EC13C-06E4-48FB-B500-84F0262A717E): 4
LogDevObjectVersion:   Dev-Editor (E4B068ED-F494-42E9-A231-DA0B2E46BB41): 40
LogDevObjectVersion:   Dev-Framework (CFFC743F-43B0-4480-9391-14DF171D2073): 37
LogDevObjectVersion:   Dev-Mobile (B02B49B5-BB20-44E9-A304-32B752E40360): 3
LogDevObjectVersion:   Dev-Networking (A4E4105C-59A1-49B5-A7C5-40C4547EDFEE): 0
LogDevObjectVersion:   Dev-Online (39C831C9-5AE6-47DC-9A44-9C173E1C8E7C): 0
LogDevObjectVersion:   Dev-Physics (78F01B33-EBEA-4F98-B9B4-84EACCB95AA2): 14
LogDevObjectVersion:   Dev-Platform (6631380F-2D4D-43E0-8009-CF276956A95A): 0
LogDevObjectVersion:   Dev-Rendering (12F88B9F-8875-4AFC-A67C-D90C383ABD29): 45
LogDevObjectVersion:   Dev-Sequencer (7B5AE74C-D270-4C10-A958-57980B212A5A): 13
LogDevObjectVersion:   Dev-VR (D7296918-1DD6-4BDD-9DE2-64A83CC13884): 3
LogDevObjectVersion:   Dev-LoadTimes (C2A15278-BFE7-4AFE-6C17-90FF531DF755): 1
LogDevObjectVersion:   Private-Geometry (6EACA3D4-40EC-4CC1-B786-8BED09428FC5): 3
LogDevObjectVersion:   Dev-AnimPhys (29E575DD-E0A3-4627-9D10-D276232CDCEA): 17
LogDevObjectVersion:   Dev-Anim (AF43A65D-7FD3-4947-9873-3E8ED9C1BB05): 15
LogDevObjectVersion:   Dev-ReflectionCapture (6B266CEC-1EC7-4B8F-A30B-E4D90942FC07): 1
LogDevObjectVersion:   Dev-Automation (0DF73D61-A23F-47EA-B727-89E90C41499A): 1
LogDevObjectVersion:   FortniteMain (601D1886-AC64-4F84-AA16-D3DE0DEAC7D6): 47
LogDevObjectVersion:   FortniteRelease (E7086368-6B23-4C58-8439-1B7016265E91): 1
LogDevObjectVersion:   Dev-Enterprise (9DFFBCD6-494F-0158-E221-12823C92A888): 10
LogDevObjectVersion:   Dev-Niagara (F2AED0AC-9AFE-416F-8664-AA7FFA26D6FC): 1
LogDevObjectVersion:   Dev-Destruction (174F1F0B-B4C6-45A5-B13F-2EE8D0FB917D): 10
LogDevObjectVersion:   Dev-Physics-Ext (35F94A83-E258-406C-A318-09F59610247C): 41
LogDevObjectVersion:   Dev-PhysicsMaterial-Chaos (B68FC16E-8B1B-42E2-B453-215C058844FE): 1
LogDevObjectVersion:   Dev-CineCamera (B2E18506-4273-CFC2-A54E-F4BB758BBA07): 1
LogDevObjectVersion:   Dev-VirtualProduction (64F58936-FD1B-42BA-BA96-7289D5D0FA4E): 1
LogDevObjectVersion:   Dev-MediaFramework (6F0ED827-A609-4895-9C91-998D90180EA4): 2
LogInit: Presizing for max 25165824 objects, including 0 objects not considered by GC, pre-allocating 0 bytes for permanent pool.
LogConfig: Applying CVar settings from Section [/Script/Engine.StreamingSettings] File [C:/Users/emmyt/OneDrive/Documents/GitHub/-Journeyman-Twonic---Alpha-Team/Twonic/Saved/Config/Windows/Engine.ini]
LogConfig: Setting CVar [[s.MinBulkDataSizeForAsyncLoading:131072]]
LogConfig: Setting CVar [[s.AsyncLoadingThreadEnabled:0]]
LogConfig: Setting CVar [[s.EventDrivenLoaderEnabled:1]]
LogConfig: Setting CVar [[s.WarnIfTimeLimitExceeded:0]]
LogConfig: Setting CVar [[s.TimeLimitExceededMultiplier:1.5]]
LogConfig: Setting CVar [[s.TimeLimitExceededMinTime:0.005]]
LogConfig: Setting CVar [[s.UseBackgroundLevelStreaming:1]]
LogConfig: Setting CVar [[s.PriorityAsyncLoadingExtraTime:15.0]]
LogConfig: Setting CVar [[s.LevelStreamingActorsUpdateTimeLimit:5.0]]
LogConfig: Setting CVar [[s.PriorityLevelStreamingActorsUpdateExtraTime:5.0]]
LogConfig: Setting CVar [[s.LevelStreamingComponentsRegistrationGranularity:10]]
LogConfig: Setting CVar [[s.UnregisterComponentsTimeLimit:1.0]]
LogConfig: Setting CVar [[s.LevelStreamingComponentsUnregistrationGranularity:5]]
LogConfig: Setting CVar [[s.FlushStreamingOnExit:1]]
LogInit: Object subsystem initialized
LogConfig: Setting CVar [[con.DebugEarlyDefault:1]]
LogConfig: Setting CVar [[r.setres:1280x720]]
[2023.03.17-17.20.38:639][  0]LogConfig: Setting CVar [[con.DebugEarlyDefault:1]]
[2023.03.17-17.20.38:639][  0]LogConfig: Setting CVar [[r.setres:1280x720]]
[2023.03.17-17.20.38:639][  0]LogConfig: Applying CVar settings from Section [/Script/Engine.RendererSettings] File [C:/Users/emmyt/OneDrive/Documents/GitHub/-Journeyman-Twonic---Alpha-Team/Twonic/Saved/Config/Windows/Engine.ini]
[2023.03.17-17.20.38:639][  0]LogConfig: Setting CVar [[r.GPUCrashDebugging:0]]
[2023.03.17-17.20.38:639][  0]LogConfig: Setting CVar [[r.ForwardShading:0]]
[2023.03.17-17.20.38:639][  0]LogConfig: Applying CVar settings from Section [/Script/Engine.RendererOverrideSettings] File [C:/Users/emmyt/OneDrive/Documents/GitHub/-Journeyman-Twonic---Alpha-Team/Twonic/Saved/Config/Windows/Engine.ini]
[2023.03.17-17.20.38:639][  0]LogConfig: Applying CVar settings from Section [/Script/Engine.StreamingSettings] File [C:/Users/emmyt/OneDrive/Documents/GitHub/-Journeyman-Twonic---Alpha-Team/Twonic/Saved/Config/Windows/Engine.ini]
[2023.03.17-17.20.38:639][  0]LogConfig: Setting CVar [[s.MinBulkDataSizeForAsyncLoading:131072]]
[2023.03.17-17.20.38:639][  0]LogConfig: Setting CVar [[s.AsyncLoadingThreadEnabled:0]]
[2023.03.17-17.20.38:639][  0]LogConfig: Setting CVar [[s.EventDrivenLoaderEnabled:1]]
[2023.03.17-17.20.38:639][  0]LogConfig: Setting CVar [[s.WarnIfTimeLimitExceeded:0]]
[2023.03.17-17.20.38:639][  0]LogConfig: Setting CVar [[s.TimeLimitExceededMultiplier:1.5]]
[2023.03.17-17.20.38:639][  0]LogConfig: Setting CVar [[s.TimeLimitExceededMinTime:0.005]]
[2023.03.17-17.20.38:639][  0]LogConfig: Setting CVar [[s.UseBackgroundLevelStreaming:1]]
[2023.03.17-17.20.38:639][  0]LogConfig: Setting CVar [[s.PriorityAsyncLoadingExtraTime:15.0]]
[2023.03.17-17.20.38:639][  0]LogConfig: Setting CVar [[s.LevelStreamingActorsUpdateTimeLimit:5.0]]
[2023.03.17-17.20.38:639][  0]LogConfig: Setting CVar [[s.PriorityLevelStreamingActorsUpdateExtraTime:5.0]]
[2023.03.17-17.20.38:639][  0]LogConfig: Setting CVar [[s.LevelStreamingComponentsRegistrationGranularity:10]]
[2023.03.17-17.20.38:639][  0]LogConfig: Setting CVar [[s.UnregisterComponentsTimeLimit:1.0]]
[2023.03.17-17.20.38:639][  0]LogConfig: Setting CVar [[s.LevelStreamingComponentsUnregistrationGranularity:5]]
[2023.03.17-17.20.38:639][  0]LogConfig: Setting CVar [[s.FlushStreamingOnExit:1]]
[2023.03.17-17.20.38:639][  0]LogConfig: Applying CVar settings from Section [/Script/Engine.GarbageCollectionSettings] File [C:/Users/emmyt/OneDrive/Documents/GitHub/-Journeyman-Twonic---Alpha-Team/Twonic/Saved/Config/Windows/Engine.ini]
[2023.03.17-17.20.38:639][  0]LogConfig: Setting CVar [[gc.MaxObjectsNotConsideredByGC:1]]
[2023.03.17-17.20.38:639][  0]LogConfig: Setting CVar [[gc.SizeOfPermanentObjectPool:0]]
[2023.03.17-17.20.38:639][  0]LogConfig: Setting CVar [[gc.FlushStreamingOnGC:0]]
[2023.03.17-17.20.38:639][  0]LogConfig: Setting CVar [[gc.NumRetriesBeforeForcingGC:10]]
[2023.03.17-17.20.38:639][  0]LogConfig: Setting CVar [[gc.AllowParallelGC:1]]
[2023.03.17-17.20.38:639][  0]LogConfig: Setting CVar [[gc.TimeBetweenPurgingPendingKillObjects:61.1]]
[2023.03.17-17.20.38:639][  0]LogConfig: Setting CVar [[gc.MaxObjectsInEditor:25165824]]
[2023.03.17-17.20.38:639][  0]LogConfig: Setting CVar [[gc.IncrementalBeginDestroyEnabled:1]]
[2023.03.17-17.20.38:639][  0]LogConfig: Setting CVar [[gc.CreateGCClusters:1]]
[2023.03.17-17.20.38:639][  0]LogConfig: Setting CVar [[gc.MinGCClusterSize:5]]
[2023.03.17-17.20.38:639][  0]LogConfig: Setting CVar [[gc.ActorClusteringEnabled:0]]
[2023.03.17-17.20.38:639][  0]LogConfig: Setting CVar [[gc.BlueprintClusteringEnabled:0]]
[2023.03.17-17.20.38:639][  0]LogConfig: Setting CVar [[gc.UseDisregardForGCOnDedicatedServers:0]]
[2023.03.17-17.20.38:639][  0]LogConfig: Setting CVar [[gc.MultithreadedDestructionEnabled:1]]
[2023.03.17-17.20.38:639][  0]LogConfig: Applying CVar settings from Section [/Script/Engine.NetworkSettings] File [C:/Users/emmyt/OneDrive/Documents/GitHub/-Journeyman-Twonic---Alpha-Team/Twonic/Saved/Config/Windows/Engine.ini]
[2023.03.17-17.20.38:639][  0]LogConfig: Applying CVar settings from Section [/Script/UnrealEd.CookerSettings] File [C:/Users/emmyt/OneDrive/Documents/GitHub/-Journeyman-Twonic---Alpha-Team/Twonic/Saved/Config/Windows/Engine.ini]
[2023.03.17-17.20.38:639][  0]LogConfig: Applying CVar settings from Section [ViewDistanceQuality@3] File [C:/Users/emmyt/OneDrive/Documents/GitHub/-Journeyman-Twonic---Alpha-Team/Twonic/Saved/Config/Windows/Scalability.ini]
[2023.03.17-17.20.38:639][  0]LogConfig: Setting CVar [[r.SkeletalMeshLODBias:0]]
[2023.03.17-17.20.38:639][  0]LogConfig: Setting CVar [[r.ViewDistanceScale:1.0]]
[2023.03.17-17.20.38:639][  0]LogConfig: Applying CVar settings from Section [AntiAliasingQuality@3] File [C:/Users/emmyt/OneDrive/Documents/GitHub/-Journeyman-Twonic---Alpha-Team/Twonic/Saved/Config/Windows/Scalability.ini]
[2023.03.17-17.20.38:639][  0]LogConfig: Setting CVar [[r.PostProcessAAQuality:4]]
[2023.03.17-17.20.38:639][  0]LogConfig: Applying CVar settings from Section [ShadowQuality@3] File [C:/Users/emmyt/OneDrive/Documents/GitHub/-Journeyman-Twonic---Alpha-Team/Twonic/Saved/Config/Windows/Scalability.ini]
[2023.03.17-17.20.38:639][  0]LogConfig: Setting CVar [[r.LightFunctionQuality:1]]
[2023.03.17-17.20.38:639][  0]LogConfig: Setting CVar [[r.ShadowQuality:5]]
[2023.03.17-17.20.38:639][  0]LogConfig: Setting CVar [[r.Shadow.CSM.MaxCascades:10]]
[2023.03.17-17.20.38:639][  0]LogConfig: Setting CVar [[r.Shadow.MaxResolution:2048]]
[2023.03.17-17.20.38:639][  0]LogConfig: Setting CVar [[r.Shadow.MaxCSMResolution:2048]]
[2023.03.17-17.20.38:639][  0]LogConfig: Setting CVar [[r.Shadow.RadiusThreshold:0.01]]
[2023.03.17-17.20.38:639][  0]LogConfig: Setting CVar [[r.Shadow.DistanceScale:1.0]]
[2023.03.17-17.20.38:639][  0]LogConfig: Setting CVar [[r.Shadow.CSM.TransitionScale:1.0]]
[2023.03.17-17.20.38:639][  0]LogConfig: Setting CVar [[r.Shadow.PreShadowResolutionFactor:1.0]]
[2023.03.17-17.20.38:639][  0]LogConfig: Setting CVar [[r.DistanceFieldShadowing:1]]
[2023.03.17-17.20.38:639][  0]LogConfig: Setting CVar [[r.DistanceFieldAO:1]]
[2023.03.17-17.20.38:639][  0]LogConfig: Setting CVar [[r.AOQuality:2]]
[2023.03.17-17.20.38:639][  0]LogConfig: Setting CVar [[r.VolumetricFog:1]]
[2023.03.17-17.20.38:639][  0]LogConfig: Setting CVar [[r.VolumetricFog.GridPixelSize:8]]
[2023.03.17-17.20.38:639][  0]LogConfig: Setting CVar [[r.VolumetricFog.GridSizeZ:128]]
[2023.03.17-17.20.38:639][  0]LogConfig: Setting CVar [[r.VolumetricFog.HistoryMissSupersampleCount:4]]
[2023.03.17-17.20.38:639][  0]LogConfig: Setting CVar [[r.LightMaxDrawDistanceScale:1]]
[2023.03.17-17.20.38:640][  0]LogConfig: Setting CVar [[r.CapsuleShadows:1]]
[2023.03.17-17.20.38:640][  0]LogConfig: Applying CVar settings from Section [PostProcessQuality@3] File [C:/Users/emmyt/OneDrive/Documents/GitHub/-Journeyman-Twonic---Alpha-Team/Twonic/Saved/Config/Windows/Scalability.ini]
[2023.03.17-17.20.38:640][  0]LogConfig: Setting CVar [[r.MotionBlurQuality:4]]
[2023.03.17-17.20.38:640][  0]LogConfig: Setting CVar [[r.AmbientOcclusionMipLevelFactor:0.4]]
[2023.03.17-17.20.38:640][  0]LogConfig: Setting CVar [[r.AmbientOcclusionMaxQuality:100]]
[2023.03.17-17.20.38:640][  0]LogConfig: Setting CVar [[r.AmbientOcclusionLevels:-1]]
[2023.03.17-17.20.38:640][  0]LogConfig: Setting CVar [[r.AmbientOcclusionRadiusScale:1.0]]
[2023.03.17-17.20.38:640][  0]LogConfig: Setting CVar [[r.DepthOfFieldQuality:2]]
[2023.03.17-17.20.38:640][  0]LogConfig: Setting CVar [[r.RenderTargetPoolMin:400]]
[2023.03.17-17.20.38:640][  0]LogConfig: Setting CVar [[r.LensFlareQuality:2]]
[2023.03.17-17.20.38:640][  0]LogConfig: Setting CVar [[r.SceneColorFringeQuality:1]]
[2023.03.17-17.20.38:640][  0]LogConfig: Setting CVar [[r.EyeAdaptationQuality:2]]
[2023.03.17-17.20.38:640][  0]LogConfig: Setting CVar [[r.BloomQuality:5]]
[2023.03.17-17.20.38:640][  0]LogConfig: Setting CVar [[r.FastBlurThreshold:100]]
[2023.03.17-17.20.38:640][  0]LogConfig: Setting CVar [[r.Upscale.Quality:3]]
[2023.03.17-17.20.38:640][  0]LogConfig: Setting CVar [[r.Tonemapper.GrainQuantization:1]]
[2023.03.17-17.20.38:640][  0]LogConfig: Setting CVar [[r.LightShaftQuality:1]]
[2023.03.17-17.20.38:640][  0]LogConfig: Setting CVar [[r.Filter.SizeScale:1]]
[2023.03.17-17.20.38:640][  0]LogConfig: Setting CVar [[r.Tonemapper.Quality:5]]
[2023.03.17-17.20.38:640][  0]LogConfig: Setting CVar [[r.DOF.Gather.AccumulatorQuality:1        ; higher gathering accumulator quality]]
[2023.03.17-17.20.38:640][  0]LogConfig: Setting CVar [[r.DOF.Gather.PostfilterMethod:1          ; Median3x3 postfilering method]]
[2023.03.17-17.20.38:640][  0]LogConfig: Setting CVar [[r.DOF.Gather.EnableBokehSettings:0       ; no bokeh simulation when gathering]]
[2023.03.17-17.20.38:640][  0]LogConfig: Setting CVar [[r.DOF.Gather.RingCount:4                 ; medium number of samples when gathering]]
[2023.03.17-17.20.38:640][  0]LogConfig: Setting CVar [[r.DOF.Scatter.ForegroundCompositing:1    ; additive foreground scattering]]
[2023.03.17-17.20.38:640][  0]LogConfig: Setting CVar [[r.DOF.Scatter.BackgroundCompositing:2    ; additive background scattering]]
[2023.03.17-17.20.38:640][  0]LogConfig: Setting CVar [[r.DOF.Scatter.EnableBokehSettings:1      ; bokeh simulation when scattering]]
[2023.03.17-17.20.38:640][  0]LogConfig: Setting CVar [[r.DOF.Scatter.MaxSpriteRatio:0.1         ; only a maximum of 10% of scattered bokeh]]
[2023.03.17-17.20.38:640][  0]LogConfig: Setting CVar [[r.DOF.Recombine.Quality:1                ; cheap slight out of focus]]
[2023.03.17-17.20.38:640][  0]LogConfig: Setting CVar [[r.DOF.Recombine.EnableBokehSettings:0    ; no bokeh simulation on slight out of focus]]
[2023.03.17-17.20.38:640][  0]LogConfig: Setting CVar [[r.DOF.TemporalAAQuality:1                ; more stable temporal accumulation]]
[2023.03.17-17.20.38:640][  0]LogConfig: Setting CVar [[r.DOF.Kernel.MaxForegroundRadius:0.025]]
[2023.03.17-17.20.38:640][  0]LogConfig: Setting CVar [[r.DOF.Kernel.MaxBackgroundRadius:0.025]]
[2023.03.17-17.20.38:640][  0]LogConfig: Applying CVar settings from Section [TextureQuality@3] File [C:/Users/emmyt/OneDrive/Documents/GitHub/-Journeyman-Twonic---Alpha-Team/Twonic/Saved/Config/Windows/Scalability.ini]
[2023.03.17-17.20.38:640][  0]LogConfig: Setting CVar [[r.Streaming.MipBias:0]]
[2023.03.17-17.20.38:640][  0]LogConfig: Setting CVar [[r.Streaming.AmortizeCPUToGPUCopy:0]]
[2023.03.17-17.20.38:640][  0]LogConfig: Setting CVar [[r.Streaming.MaxNumTexturesToStreamPerFrame:0]]
[2023.03.17-17.20.38:640][  0]LogConfig: Setting CVar [[r.Streaming.Boost:1]]
[2023.03.17-17.20.38:640][  0]LogConfig: Setting CVar [[r.MaxAnisotropy:8]]
[2023.03.17-17.20.38:640][  0]LogConfig: Setting CVar [[r.VT.MaxAnisotropy:8]]
[2023.03.17-17.20.38:640][  0]LogConfig: Setting CVar [[r.Streaming.LimitPoolSizeToVRAM:0]]
[2023.03.17-17.20.38:640][  0]LogConfig: Setting CVar [[r.Streaming.PoolSize:1000]]
[2023.03.17-17.20.38:640][  0]LogConfig: Setting CVar [[r.Streaming.MaxEffectiveScreenSize:0]]
[2023.03.17-17.20.38:640][  0]LogConfig: Applying CVar settings from Section [EffectsQuality@3] File [C:/Users/emmyt/OneDrive/Documents/GitHub/-Journeyman-Twonic---Alpha-Team/Twonic/Saved/Config/Windows/Scalability.ini]
[2023.03.17-17.20.38:640][  0]LogConfig: Setting CVar [[r.TranslucencyLightingVolumeDim:64]]
[2023.03.17-17.20.38:640][  0]LogConfig: Setting CVar [[r.RefractionQuality:2]]
[2023.03.17-17.20.38:640][  0]LogConfig: Setting CVar [[r.SSR.Quality:3]]
[2023.03.17-17.20.38:640][  0]LogConfig: Setting CVar [[r.SSR.HalfResSceneColor:0]]
[2023.03.17-17.20.38:640][  0]LogConfig: Setting CVar [[r.SceneColorFormat:4]]
[2023.03.17-17.20.38:640][  0]LogConfig: Setting CVar [[r.DetailMode:2]]
[2023.03.17-17.20.38:640][  0]LogConfig: Setting CVar [[r.TranslucencyVolumeBlur:1]]
[2023.03.17-17.20.38:640][  0]LogConfig: Setting CVar [[r.MaterialQualityLevel:1 ; High quality]]
[2023.03.17-17.20.38:640][  0]LogConfig: Setting CVar [[r.AnisotropicMaterials:1]]
[2023.03.17-17.20.38:640][  0]LogConfig: Setting CVar [[r.SSS.Scale:1]]
[2023.03.17-17.20.38:640][  0]LogConfig: Setting CVar [[r.SSS.SampleSet:2]]
[2023.03.17-17.20.38:640][  0]LogConfig: Setting CVar [[r.SSS.Quality:1]]
[2023.03.17-17.20.38:640][  0]LogConfig: Setting CVar [[r.SSS.HalfRes:0]]
[2023.03.17-17.20.38:640][  0]LogConfig: Setting CVar [[r.SSGI.Quality:3]]
[2023.03.17-17.20.38:640][  0]LogConfig: Setting CVar [[r.EmitterSpawnRateScale:1.0]]
[2023.03.17-17.20.38:640][  0]LogConfig: Setting CVar [[r.ParticleLightQuality:2]]
[2023.03.17-17.20.38:640][  0]LogConfig: Setting CVar [[r.SkyAtmosphere.AerialPerspectiveLUT.FastApplyOnOpaque:1 ; Always have FastSkyLUT 1 in this case to avoid wrong sky]]
[2023.03.17-17.20.38:640][  0]LogConfig: Setting CVar [[r.SkyAtmosphere.AerialPerspectiveLUT.SampleCountMaxPerSlice:4]]
[2023.03.17-17.20.38:640][  0]LogConfig: Setting CVar [[r.SkyAtmosphere.AerialPerspectiveLUT.DepthResolution:16.0]]
[2023.03.17-17.20.38:640][  0]LogConfig: Setting CVar [[r.SkyAtmosphere.FastSkyLUT:1]]
[2023.03.17-17.20.38:640][  0]LogConfig: Setting CVar [[r.SkyAtmosphere.FastSkyLUT.SampleCountMin:4.0]]
[2023.03.17-17.20.38:640][  0]LogConfig: Setting CVar [[r.SkyAtmosphere.FastSkyLUT.SampleCountMax:128.0]]
[2023.03.17-17.20.38:640][  0]LogConfig: Setting CVar [[r.SkyAtmosphere.SampleCountMin:4.0]]
[2023.03.17-17.20.38:640][  0]LogConfig: Setting CVar [[r.SkyAtmosphere.SampleCountMax:128.0]]
[2023.03.17-17.20.38:640][  0]LogConfig: Setting CVar [[r.SkyAtmosphere.TransmittanceLUT.UseSmallFormat:0]]
[2023.03.17-17.20.38:640][  0]LogConfig: Setting CVar [[r.SkyAtmosphere.TransmittanceLUT.SampleCount:10.0]]
[2023.03.17-17.20.38:640][  0]LogConfig: Setting CVar [[r.SkyAtmosphere.MultiScatteringLUT.SampleCount:15.0]]
[2023.03.17-17.20.38:641][  0]LogConfig: Setting CVar [[r.SkyLight.RealTimeReflectionCapture:1]]
[2023.03.17-17.20.38:641][  0]LogConfig: Applying CVar settings from Section [FoliageQuality@3] File [C:/Users/emmyt/OneDrive/Documents/GitHub/-Journeyman-Twonic---Alpha-Team/Twonic/Saved/Config/Windows/Scalability.ini]
[2023.03.17-17.20.38:641][  0]LogConfig: Setting CVar [[foliage.DensityScale:1.0]]
[2023.03.17-17.20.38:641][  0]LogConfig: Setting CVar [[grass.DensityScale:1.0]]
[2023.03.17-17.20.38:641][  0]LogConfig: Applying CVar settings from Section [ShadingQuality@3] File [C:/Users/emmyt/OneDrive/Documents/GitHub/-Journeyman-Twonic---Alpha-Team/Twonic/Saved/Config/Windows/Scalability.ini]
[2023.03.17-17.20.38:641][  0]LogConfig: Setting CVar [[r.HairStrands.SkyLighting.IntegrationType:2]]
[2023.03.17-17.20.38:641][  0]LogConfig: Setting CVar [[r.HairStrands.SkyAO.SampleCount:4]]
[2023.03.17-17.20.38:641][  0]LogConfig: Setting CVar [[r.HairStrands.Visibility.MSAA.SamplePerPixel:4]]
[2023.03.17-17.20.38:661][  0]LogInit: Selected Device Profile: [Windows]
[2023.03.17-17.20.38:661][  0]LogInit: Applying CVar settings loaded from the selected device profile: [Windows]
[2023.03.17-17.20.38:661][  0]LogHAL: Display: Platform has ~ 8 GB [8464343040 / 8589934592 / 8], which maps to Default [LargestMinGB=32, LargerMinGB=12, DefaultMinGB=8, SmallerMinGB=6, SmallestMinGB=0)
[2023.03.17-17.20.38:661][  0]LogInit: Going up to parent DeviceProfile []
[2023.03.17-17.20.38:661][  0]LogConfig: Applying CVar settings from Section [ViewDistanceQuality@3] File [C:/Users/emmyt/OneDrive/Documents/GitHub/-Journeyman-Twonic---Alpha-Team/Twonic/Saved/Config/Windows/Scalability.ini]
[2023.03.17-17.20.38:661][  0]LogConfig: Setting CVar [[r.SkeletalMeshLODBias:0]]
[2023.03.17-17.20.38:661][  0]LogConfig: Setting CVar [[r.ViewDistanceScale:1.0]]
[2023.03.17-17.20.38:661][  0]LogConfig: Applying CVar settings from Section [AntiAliasingQuality@3] File [C:/Users/emmyt/OneDrive/Documents/GitHub/-Journeyman-Twonic---Alpha-Team/Twonic/Saved/Config/Windows/Scalability.ini]
[2023.03.17-17.20.38:661][  0]LogConfig: Setting CVar [[r.PostProcessAAQuality:4]]
[2023.03.17-17.20.38:661][  0]LogConfig: Applying CVar settings from Section [ShadowQuality@3] File [C:/Users/emmyt/OneDrive/Documents/GitHub/-Journeyman-Twonic---Alpha-Team/Twonic/Saved/Config/Windows/Scalability.ini]
[2023.03.17-17.20.38:661][  0]LogConfig: Setting CVar [[r.LightFunctionQuality:1]]
[2023.03.17-17.20.38:661][  0]LogConfig: Setting CVar [[r.ShadowQuality:5]]
[2023.03.17-17.20.38:661][  0]LogConfig: Setting CVar [[r.Shadow.CSM.MaxCascades:10]]
[2023.03.17-17.20.38:661][  0]LogConfig: Setting CVar [[r.Shadow.MaxResolution:2048]]
[2023.03.17-17.20.38:661][  0]LogConfig: Setting CVar [[r.Shadow.MaxCSMResolution:2048]]
[2023.03.17-17.20.38:661][  0]LogConfig: Setting CVar [[r.Shadow.RadiusThreshold:0.01]]
[2023.03.17-17.20.38:661][  0]LogConfig: Setting CVar [[r.Shadow.DistanceScale:1.0]]
[2023.03.17-17.20.38:661][  0]LogConfig: Setting CVar [[r.Shadow.CSM.TransitionScale:1.0]]
[2023.03.17-17.20.38:661][  0]LogConfig: Setting CVar [[r.Shadow.PreShadowResolutionFactor:1.0]]
[2023.03.17-17.20.38:661][  0]LogConfig: Setting CVar [[r.DistanceFieldShadowing:1]]
[2023.03.17-17.20.38:661][  0]LogConfig: Setting CVar [[r.DistanceFieldAO:1]]
[2023.03.17-17.20.38:661][  0]LogConfig: Setting CVar [[r.AOQuality:2]]
[2023.03.17-17.20.38:661][  0]LogConfig: Setting CVar [[r.VolumetricFog:1]]
[2023.03.17-17.20.38:661][  0]LogConfig: Setting CVar [[r.VolumetricFog.GridPixelSize:8]]
[2023.03.17-17.20.38:661][  0]LogConfig: Setting CVar [[r.VolumetricFog.GridSizeZ:128]]
[2023.03.17-17.20.38:661][  0]LogConfig: Setting CVar [[r.VolumetricFog.HistoryMissSupersampleCount:4]]
[2023.03.17-17.20.38:661][  0]LogConfig: Setting CVar [[r.LightMaxDrawDistanceScale:1]]
[2023.03.17-17.20.38:661][  0]LogConfig: Setting CVar [[r.CapsuleShadows:1]]
[2023.03.17-17.20.38:661][  0]LogConfig: Applying CVar settings from Section [PostProcessQuality@3] File [C:/Users/emmyt/OneDrive/Documents/GitHub/-Journeyman-Twonic---Alpha-Team/Twonic/Saved/Config/Windows/Scalability.ini]
[2023.03.17-17.20.38:662][  0]LogConfig: Setting CVar [[r.MotionBlurQuality:4]]
[2023.03.17-17.20.38:662][  0]LogConfig: Setting CVar [[r.AmbientOcclusionMipLevelFactor:0.4]]
[2023.03.17-17.20.38:662][  0]LogConfig: Setting CVar [[r.AmbientOcclusionMaxQuality:100]]
[2023.03.17-17.20.38:662][  0]LogConfig: Setting CVar [[r.AmbientOcclusionLevels:-1]]
[2023.03.17-17.20.38:662][  0]LogConfig: Setting CVar [[r.AmbientOcclusionRadiusScale:1.0]]
[2023.03.17-17.20.38:662][  0]LogConfig: Setting CVar [[r.DepthOfFieldQuality:2]]
[2023.03.17-17.20.38:662][  0]LogConfig: Setting CVar [[r.RenderTargetPoolMin:400]]
[2023.03.17-17.20.38:662][  0]LogConfig: Setting CVar [[r.LensFlareQuality:2]]
[2023.03.17-17.20.38:662][  0]LogConfig: Setting CVar [[r.SceneColorFringeQuality:1]]
[2023.03.17-17.20.38:662][  0]LogConfig: Setting CVar [[r.EyeAdaptationQuality:2]]
[2023.03.17-17.20.38:662][  0]LogConfig: Setting CVar [[r.BloomQuality:5]]
[2023.03.17-17.20.38:662][  0]LogConfig: Setting CVar [[r.FastBlurThreshold:100]]
[2023.03.17-17.20.38:662][  0]LogConfig: Setting CVar [[r.Upscale.Quality:3]]
[2023.03.17-17.20.38:662][  0]LogConfig: Setting CVar [[r.Tonemapper.GrainQuantization:1]]
[2023.03.17-17.20.38:662][  0]LogConfig: Setting CVar [[r.LightShaftQuality:1]]
[2023.03.17-17.20.38:662][  0]LogConfig: Setting CVar [[r.Filter.SizeScale:1]]
[2023.03.17-17.20.38:662][  0]LogConfig: Setting CVar [[r.Tonemapper.Quality:5]]
[2023.03.17-17.20.38:662][  0]LogConfig: Setting CVar [[r.DOF.Gather.AccumulatorQuality:1        ; higher gathering accumulator quality]]
[2023.03.17-17.20.38:662][  0]LogConfig: Setting CVar [[r.DOF.Gather.PostfilterMethod:1          ; Median3x3 postfilering method]]
[2023.03.17-17.20.38:662][  0]LogConfig: Setting CVar [[r.DOF.Gather.EnableBokehSettings:0       ; no bokeh simulation when gathering]]
[2023.03.17-17.20.38:662][  0]LogConfig: Setting CVar [[r.DOF.Gather.RingCount:4                 ; medium number of samples when gathering]]
[2023.03.17-17.20.38:662][  0]LogConfig: Setting CVar [[r.DOF.Scatter.ForegroundCompositing:1    ; additive foreground scattering]]
[2023.03.17-17.20.38:662][  0]LogConfig: Setting CVar [[r.DOF.Scatter.BackgroundCompositing:2    ; additive background scattering]]
[2023.03.17-17.20.38:662][  0]LogConfig: Setting CVar [[r.DOF.Scatter.EnableBokehSettings:1      ; bokeh simulation when scattering]]
[2023.03.17-17.20.38:662][  0]LogConfig: Setting CVar [[r.DOF.Scatter.MaxSpriteRatio:0.1         ; only a maximum of 10% of scattered bokeh]]
[2023.03.17-17.20.38:662][  0]LogConfig: Setting CVar [[r.DOF.Recombine.Quality:1                ; cheap slight out of focus]]
[2023.03.17-17.20.38:662][  0]LogConfig: Setting CVar [[r.DOF.Recombine.EnableBokehSettings:0    ; no bokeh simulation on slight out of focus]]
[2023.03.17-17.20.38:662][  0]LogConfig: Setting CVar [[r.DOF.TemporalAAQuality:1                ; more stable temporal accumulation]]
[2023.03.17-17.20.38:662][  0]LogConfig: Setting CVar [[r.DOF.Kernel.MaxForegroundRadius:0.025]]
[2023.03.17-17.20.38:662][  0]LogConfig: Setting CVar [[r.DOF.Kernel.MaxBackgroundRadius:0.025]]
[2023.03.17-17.20.38:662][  0]LogConfig: Applying CVar settings from Section [TextureQuality@3] File [C:/Users/emmyt/OneDrive/Documents/GitHub/-Journeyman-Twonic---Alpha-Team/Twonic/Saved/Config/Windows/Scalability.ini]
[2023.03.17-17.20.38:662][  0]LogConfig: Setting CVar [[r.Streaming.MipBias:0]]
[2023.03.17-17.20.38:662][  0]LogConfig: Setting CVar [[r.Streaming.AmortizeCPUToGPUCopy:0]]
[2023.03.17-17.20.38:662][  0]LogConfig: Setting CVar [[r.Streaming.MaxNumTexturesToStreamPerFrame:0]]
[2023.03.17-17.20.38:662][  0]LogConfig: Setting CVar [[r.Streaming.Boost:1]]
[2023.03.17-17.20.38:662][  0]LogConfig: Setting CVar [[r.MaxAnisotropy:8]]
[2023.03.17-17.20.38:662][  0]LogConfig: Setting CVar [[r.VT.MaxAnisotropy:8]]
[2023.03.17-17.20.38:662][  0]LogConfig: Setting CVar [[r.Streaming.LimitPoolSizeToVRAM:0]]
[2023.03.17-17.20.38:662][  0]LogConfig: Setting CVar [[r.Streaming.PoolSize:1000]]
[2023.03.17-17.20.38:662][  0]LogConfig: Setting CVar [[r.Streaming.MaxEffectiveScreenSize:0]]
[2023.03.17-17.20.38:662][  0]LogConfig: Applying CVar settings from Section [EffectsQuality@3] File [C:/Users/emmyt/OneDrive/Documents/GitHub/-Journeyman-Twonic---Alpha-Team/Twonic/Saved/Config/Windows/Scalability.ini]
[2023.03.17-17.20.38:662][  0]LogConfig: Setting CVar [[r.TranslucencyLightingVolumeDim:64]]
[2023.03.17-17.20.38:662][  0]LogConfig: Setting CVar [[r.RefractionQuality:2]]
[2023.03.17-17.20.38:662][  0]LogConfig: Setting CVar [[r.SSR.Quality:3]]
[2023.03.17-17.20.38:662][  0]LogConfig: Setting CVar [[r.SSR.HalfResSceneColor:0]]
[2023.03.17-17.20.38:662][  0]LogConfig: Setting CVar [[r.SceneColorFormat:4]]
[2023.03.17-17.20.38:662][  0]LogConfig: Setting CVar [[r.DetailMode:2]]
[2023.03.17-17.20.38:662][  0]LogConfig: Setting CVar [[r.TranslucencyVolumeBlur:1]]
[2023.03.17-17.20.38:662][  0]LogConfig: Setting CVar [[r.MaterialQualityLevel:1 ; High quality]]
[2023.03.17-17.20.38:662][  0]LogConfig: Setting CVar [[r.AnisotropicMaterials:1]]
[2023.03.17-17.20.38:662][  0]LogConfig: Setting CVar [[r.SSS.Scale:1]]
[2023.03.17-17.20.38:662][  0]LogConfig: Setting CVar [[r.SSS.SampleSet:2]]
[2023.03.17-17.20.38:662][  0]LogConfig: Setting CVar [[r.SSS.Quality:1]]
[2023.03.17-17.20.38:662][  0]LogConfig: Setting CVar [[r.SSS.HalfRes:0]]
[2023.03.17-17.20.38:662][  0]LogConfig: Setting CVar [[r.SSGI.Quality:3]]
[2023.03.17-17.20.38:662][  0]LogConfig: Setting CVar [[r.EmitterSpawnRateScale:1.0]]
[2023.03.17-17.20.38:662][  0]LogConfig: Setting CVar [[r.ParticleLightQuality:2]]
[2023.03.17-17.20.38:662][  0]LogConfig: Setting CVar [[r.SkyAtmosphere.AerialPerspectiveLUT.FastApplyOnOpaque:1 ; Always have FastSkyLUT 1 in this case to avoid wrong sky]]
[2023.03.17-17.20.38:662][  0]LogConfig: Setting CVar [[r.SkyAtmosphere.AerialPerspectiveLUT.SampleCountMaxPerSlice:4]]
[2023.03.17-17.20.38:662][  0]LogConfig: Setting CVar [[r.SkyAtmosphere.AerialPerspectiveLUT.DepthResolution:16.0]]
[2023.03.17-17.20.38:662][  0]LogConfig: Setting CVar [[r.SkyAtmosphere.FastSkyLUT:1]]
[2023.03.17-17.20.38:662][  0]LogConfig: Setting CVar [[r.SkyAtmosphere.FastSkyLUT.SampleCountMin:4.0]]
[2023.03.17-17.20.38:662][  0]LogConfig: Setting CVar [[r.SkyAtmosphere.FastSkyLUT.SampleCountMax:128.0]]
[2023.03.17-17.20.38:662][  0]LogConfig: Setting CVar [[r.SkyAtmosphere.SampleCountMin:4.0]]
[2023.03.17-17.20.38:662][  0]LogConfig: Setting CVar [[r.SkyAtmosphere.SampleCountMax:128.0]]
[2023.03.17-17.20.38:662][  0]LogConfig: Setting CVar [[r.SkyAtmosphere.TransmittanceLUT.UseSmallFormat:0]]
[2023.03.17-17.20.38:662][  0]LogConfig: Setting CVar [[r.SkyAtmosphere.TransmittanceLUT.SampleCount:10.0]]
[2023.03.17-17.20.38:662][  0]LogConfig: Setting CVar [[r.SkyAtmosphere.MultiScatteringLUT.SampleCount:15.0]]
[2023.03.17-17.20.38:662][  0]LogConfig: Setting CVar [[r.SkyLight.RealTimeReflectionCapture:1]]
[2023.03.17-17.20.38:662][  0]LogConfig: Applying CVar settings from Section [FoliageQuality@3] File [C:/Users/emmyt/OneDrive/Documents/GitHub/-Journeyman-Twonic---Alpha-Team/Twonic/Saved/Config/Windows/Scalability.ini]
[2023.03.17-17.20.38:662][  0]LogConfig: Setting CVar [[foliage.DensityScale:1.0]]
[2023.03.17-17.20.38:662][  0]LogConfig: Setting CVar [[grass.DensityScale:1.0]]
[2023.03.17-17.20.38:662][  0]LogConfig: Applying CVar settings from Section [ShadingQuality@3] File [C:/Users/emmyt/OneDrive/Documents/GitHub/-Journeyman-Twonic---Alpha-Team/Twonic/Saved/Config/Windows/Scalability.ini]
[2023.03.17-17.20.38:663][  0]LogConfig: Setting CVar [[r.HairStrands.SkyLighting.IntegrationType:2]]
[2023.03.17-17.20.38:663][  0]LogConfig: Setting CVar [[r.HairStrands.SkyAO.SampleCount:4]]
[2023.03.17-17.20.38:663][  0]LogConfig: Setting CVar [[r.HairStrands.Visibility.MSAA.SamplePerPixel:4]]
[2023.03.17-17.20.38:663][  0]LogConfig: Applying CVar settings from Section [Startup] File [../../../Engine/Config/ConsoleVariables.ini]
[2023.03.17-17.20.38:676][  0]LogConfig: Setting CVar [[net.UseAdaptiveNetUpdateFrequency:0]]
[2023.03.17-17.20.38:676][  0]LogConfig: Setting CVar [[p.chaos.AllowCreatePhysxBodies:1]]
[2023.03.17-17.20.38:676][  0]LogConfig: Setting CVar [[fx.SkipVectorVMBackendOptimizations:1]]
[2023.03.17-17.20.38:676][  0]LogConfig: Applying CVar settings from Section [ConsoleVariables] File [C:/Users/emmyt/OneDrive/Documents/GitHub/-Journeyman-Twonic---Alpha-Team/Twonic/Saved/Config/Windows/Engine.ini]
[2023.03.17-17.20.38:676][  0]LogConfig: Applying CVar settings from Section [ConsoleVariables] File [C:/Users/emmyt/OneDrive/Documents/GitHub/-Journeyman-Twonic---Alpha-Team/Twonic/Saved/Config/Windows/Editor.ini]
[2023.03.17-17.20.38:676][  0]LogInit: Computer: LAPTOP-OVB59CM9
[2023.03.17-17.20.38:676][  0]LogInit: User: emmyt
[2023.03.17-17.20.38:676][  0]LogInit: CPU Page size=4096, Cores=4
[2023.03.17-17.20.38:676][  0]LogInit: High frequency timer resolution =10.000000 MHz
[2023.03.17-17.20.38:676][  0]LogMemory: Memory total: Physical=7.9GB (8GB approx)
[2023.03.17-17.20.38:676][  0]LogMemory: Platform Memory Stats for Windows
[2023.03.17-17.20.38:676][  0]LogMemory: Process Physical Memory: 140.38 MB used, 140.39 MB peak
[2023.03.17-17.20.38:676][  0]LogMemory: Process Virtual Memory: 119.55 MB used, 119.55 MB peak
[2023.03.17-17.20.38:676][  0]LogMemory: Physical Memory: 7214.23 MB used,  858.00 MB free, 8072.23 MB total
[2023.03.17-17.20.38:676][  0]LogMemory: Virtual Memory: 134214448.00 MB used,  3278.25 MB free, 134217728.00 MB total
[2023.03.17-17.20.38:684][  0]LogWindows: WindowsPlatformFeatures enabled
[2023.03.17-17.20.39:047][  0]LogInit: Physics initialised using underlying interface: PhysX
[2023.03.17-17.20.39:047][  0]LogInit: Using OS detected language (en-GB).
[2023.03.17-17.20.39:047][  0]LogInit: Using OS detected locale (en-GB).
[2023.03.17-17.20.39:049][  0]LogTextLocalizationManager: No specific localization for 'en-GB' exists, so the 'en' localization will be used.
[2023.03.17-17.20.41:254][  0]LogTargetPlatformManager: Display: Loaded TargetPlatform 'AllDesktop'
[2023.03.17-17.20.41:287][  0]LogTargetPlatformManager: Display: Loaded TargetPlatform 'Android'
[2023.03.17-17.20.41:287][  0]LogTargetPlatformManager: Display: Loaded TargetPlatform 'Android_ASTC'
[2023.03.17-17.20.41:288][  0]LogTargetPlatformManager: Display: Loaded TargetPlatform 'Android_DXT'
[2023.03.17-17.20.41:288][  0]LogTargetPlatformManager: Display: Loaded TargetPlatform 'Android_ETC2'
[2023.03.17-17.20.41:288][  0]LogTargetPlatformManager: Display: Loaded TargetPlatform 'AndroidClient'
[2023.03.17-17.20.41:288][  0]LogTargetPlatformManager: Display: Loaded TargetPlatform 'Android_ASTCClient'
[2023.03.17-17.20.41:288][  0]LogTargetPlatformManager: Display: Loaded TargetPlatform 'Android_DXTClient'
[2023.03.17-17.20.41:288][  0]LogTargetPlatformManager: Display: Loaded TargetPlatform 'Android_ETC2Client'
[2023.03.17-17.20.41:288][  0]LogTargetPlatformManager: Display: Loaded TargetPlatform 'Android_Multi'
[2023.03.17-17.20.41:288][  0]LogTargetPlatformManager: Display: Loaded TargetPlatform 'Android_MultiClient'
[2023.03.17-17.20.41:371][  0]LogTargetPlatformManager: Display: Loaded TargetPlatform 'IOSClient'
[2023.03.17-17.20.41:371][  0]LogTargetPlatformManager: Display: Loaded TargetPlatform 'IOS'
[2023.03.17-17.20.41:428][  0]LogTargetPlatformManager: Display: Loaded TargetPlatform 'Linux'
[2023.03.17-17.20.41:452][  0]LogTargetPlatformManager: Display: Loaded TargetPlatform 'LinuxNoEditor'
[2023.03.17-17.20.41:460][  0]LogTargetPlatformManager: Display: Loaded TargetPlatform 'LinuxClient'
[2023.03.17-17.20.41:466][  0]LogTargetPlatformManager: Display: Loaded TargetPlatform 'LinuxServer'
[2023.03.17-17.20.41:482][  0]LogTargetPlatformManager: Display: Loaded TargetPlatform 'LinuxAArch64NoEditor'
[2023.03.17-17.20.41:488][  0]LogTargetPlatformManager: Display: Loaded TargetPlatform 'LinuxAArch64Client'
[2023.03.17-17.20.41:494][  0]LogTargetPlatformManager: Display: Loaded TargetPlatform 'LinuxAArch64Server'
[2023.03.17-17.20.41:544][  0]LogTargetPlatformManager: Display: Loaded TargetPlatform 'Lumin'
[2023.03.17-17.20.41:544][  0]LogTargetPlatformManager: Display: Loaded TargetPlatform 'LuminClient'
[2023.03.17-17.20.41:593][  0]LogTargetPlatformManager: Display: Loaded TargetPlatform 'MacNoEditor'
[2023.03.17-17.20.41:598][  0]LogTargetPlatformManager: Display: Loaded TargetPlatform 'Mac'
[2023.03.17-17.20.41:606][  0]LogTargetPlatformManager: Display: Loaded TargetPlatform 'MacClient'
[2023.03.17-17.20.41:613][  0]LogTargetPlatformManager: Display: Loaded TargetPlatform 'MacServer'
[2023.03.17-17.20.41:626][  0]LogTargetPlatformManager: Display: Loaded TargetPlatform 'TVOSClient'
[2023.03.17-17.20.41:626][  0]LogTargetPlatformManager: Display: Loaded TargetPlatform 'TVOS'
[2023.03.17-17.20.41:654][  0]LogTargetPlatformManager: Display: Loaded TargetPlatform 'WindowsNoEditor'
[2023.03.17-17.20.41:675][  0]LogTargetPlatformManager: Display: Loaded TargetPlatform 'Windows'
[2023.03.17-17.20.41:694][  0]LogTargetPlatformManager: Display: Loaded TargetPlatform 'WindowsClient'
[2023.03.17-17.20.41:714][  0]LogTargetPlatformManager: Display: Loaded TargetPlatform 'WindowsServer'
[2023.03.17-17.20.41:714][  0]LogTargetPlatformManager: Display: Building Assets For Windows
[2023.03.17-17.20.41:809][  0]LogAudioDebug: Display: Lib vorbis DLL was dynamically loaded.
[2023.03.17-17.20.42:063][  0]LogTextureFormatOodle: Display: Oodle Texture 2.9.0 init RDO Off
[2023.03.17-17.20.42:968][  0]LogRendererCore: Ray tracing is disabled. Reason: r.RayTracing=0.
[2023.03.17-17.20.42:999][  0]LogShaderCompilers: Guid format shader working directory is -33 characters bigger than the processId version (C:/Users/emmyt/OneDrive/Documents/GitHub/-Journeyman-Twonic---Alpha-Team/Twonic/Intermediate/Shaders/WorkingDirectory/4396/).
[2023.03.17-17.20.42:999][  0]LogShaderCompilers: Cleaned the shader compiler working directory 'C:/Users/emmyt/AppData/Local/Temp/UnrealShaderWorkingDir/5C82D1D144BD13DE982888AD273A2C6B/'.
[2023.03.17-17.20.42:999][  0]LogXGEController: Cannot use XGE Controller as Incredibuild is not installed on this machine.
[2023.03.17-17.20.43:000][  0]LogShaderCompilers: Cannot use XGE Shader Compiler as Incredibuild is not installed on this machine.
[2023.03.17-17.20.43:000][  0]LogShaderCompilers: Display: Using Local Shader Compiler.
[2023.03.17-17.20.45:213][  0]LogDerivedDataCache: Display: Max Cache Size: 512 MB
[2023.03.17-17.20.45:566][  0]LogDerivedDataCache: Loaded boot cache 0.35s 94MB C:/Users/emmyt/AppData/Local/UnrealEngine/4.27/DerivedDataCache/Boot.ddc.
[2023.03.17-17.20.45:566][  0]LogDerivedDataCache: Display: Loaded Boot cache: C:/Users/emmyt/AppData/Local/UnrealEngine/4.27/DerivedDataCache/Boot.ddc
[2023.03.17-17.20.45:566][  0]LogDerivedDataCache: FDerivedDataBackendGraph:  Pak pak cache file C:/Users/emmyt/OneDrive/Documents/GitHub/-Journeyman-Twonic---Alpha-Team/Twonic/DerivedDataCache/DDC.ddp not found, will not use a pak cache.
[2023.03.17-17.20.45:566][  0]LogDerivedDataCache: Unable to find inner node Pak for hierarchical cache Hierarchy.
[2023.03.17-17.20.45:566][  0]LogDerivedDataCache: FDerivedDataBackendGraph:  CompressedPak pak cache file C:/Users/emmyt/OneDrive/Documents/GitHub/-Journeyman-Twonic---Alpha-Team/Twonic/DerivedDataCache/Compressed.ddp not found, will not use a pak cache.
[2023.03.17-17.20.45:566][  0]LogDerivedDataCache: Unable to find inner node CompressedPak for hierarchical cache Hierarchy.
[2023.03.17-17.20.45:603][  0]LogDerivedDataCache: Display: Pak cache opened for reading ../../../Engine/DerivedDataCache/Compressed.ddp.
[2023.03.17-17.20.45:603][  0]LogDerivedDataCache: FDerivedDataBackendGraph:  EnterprisePak pak cache file ../../../Enterprise/DerivedDataCache/Compressed.ddp not found, will not use a pak cache.
[2023.03.17-17.20.45:603][  0]LogDerivedDataCache: Unable to find inner node EnterprisePak for hierarchical cache Hierarchy.
[2023.03.17-17.20.45:624][  0]LogDerivedDataCache: Speed tests for C:/Users/emmyt/AppData/Local/UnrealEngine/Common/DerivedDataCache took 0.02 seconds
[2023.03.17-17.20.45:624][  0]LogDerivedDataCache: Display: Performance to C:/Users/emmyt/AppData/Local/UnrealEngine/Common/DerivedDataCache: Latency=0.04ms. RandomReadSpeed=180.29MBs, RandomWriteSpeed=63.66MBs. Assigned SpeedClass 'Local'
[2023.03.17-17.20.45:625][  0]LogDerivedDataCache: Using Local data cache path C:/Users/emmyt/AppData/Local/UnrealEngine/Common/DerivedDataCache: Writable
[2023.03.17-17.20.45:625][  0]LogDerivedDataCache: Shared data cache path not found in *engine.ini, will not use an Shared cache.
[2023.03.17-17.20.45:625][  0]LogDerivedDataCache: Unable to find inner node Shared for hierarchical cache Hierarchy.
[2023.03.17-17.20.45:752][  0]LogAssetRegistry: FAssetRegistry took 0.0026 seconds to start up
[2023.03.17-17.20.50:214][  0]LogInit: Selected Device Profile: [Windows]
[2023.03.17-17.20.50:214][  0]LogInit: Active device profile: [000002628DB0ED00][000002628BFAA700 49] Windows
[2023.03.17-17.20.50:215][  0]LogInit: Profiles: [000002628DB0ED00][000002628BFAA700 49] Windows, [000002628DAAD200][000002628D544880 49] WindowsNoEditor, [000002628DB0E500][000002628D548A00 49] WindowsServer, [000002628DAAED00][000002628D54CB80 49] WindowsClient, [000002628DAAC700][000002628D550D00 49] IOS, [000002628DB0E200][000002628D554E80 49] iPadAir, [000002628DB0F500][000002628D559000 49] iPadAir2, [000002628DA59000][000002628D5672C0 49] IPadPro, [000002628DA59100][000002628D55D300 49] iPadAir3, [000002628DAAC200][000002628D571480 49] iPadAir4, [000002628DA59D00][000002628D575600 49] iPadMini2, [000002628DAADD00][000002628D579780 49] iPadMini3, [000002628DA5A700][000002628BFAF8C0 49] iPadMini4, [000002628DAACC00][000002628D57DA00 49] iPadMini5, [000002628DA94800][000002628D5840C0 49] iPhone6, [000002628DA94900][000002628D580100 49] iPodTouch6, [000002628DB0D300][000002628D5903C0 49] iPhone7, [000002628DA47F00][000002628D58C400 49] iPodTouch7, [000002628DA59500][000002628D594580 49] iPhone5S, [000002628DA47100][000002628D598700 49] iPhone6Plus, [000002628DA59C00][000002628D59C880 49] iPhone6S, [000002628DA46500][000002628D5A0A00 49] iPhone6SPlus, [000002628DA59400][000002628D5A4B80 49] iPhone7Plus, [000002628DA45E00][000002628D5A8D00 49] iPhoneSE, [000002628DA59600][000002628D5ACE80 49] iPhone8, [000002628DA46F00][000002628D5B1000 49] iPhone8Plus, [000002628DA5BA00][000002628D5B5180 49] iPhoneX, [000002628DA5BE00][000002628D5B9300 49] iPhoneXS, [000002628DA97E00][000002628D5BD480 49] iPhoneXSMax, [000002628DA59800][0000026290F8F600 49] iPhoneXR, [000002628DA58800][0000026290F93780 49] iPhone11, [000002628DA5BB00][0000026290F97900 49] iPhone11Pro, [000002628DA95000][000002628D589A40 49] iPhone11ProMax, [000002628DA44700][0000026290F9BB80 49] iPhoneSE2, [000002628DA97800][0000026290F9E140 49] iPhone12Mini, [000002628DA47900][0000026290FA2280 49] iPhone12, [000002628DA97100][0000026290FAA400 49] iPhone12Pro, [000002628DA46A00][0000026290FAE580 49] iPhone12ProMax, [000002628DA95800][0000026290FB2700 49] iPadPro105, [000002628DA47B00][0000026290FB6880 49] iPadPro129, [000002628DA96900][0000026290FBAA00 49] iPadPro97, [000002628DA47D00][0000026290FBEB80 49] iPadPro2_129, [000002628DA95C00][0000026290FC2D00 49] iPad5, [000002628DA45B00][0000026290FC6E80 49] iPad6, [000002628DA94600][0000026290FCB000 49] iPad7, [000002628DA44500][0000026290FCF180 49] iPad8, [000002628DA96500][0000026290FD3300 49] iPadPro11, [000002628DA47300][0000026290FD7480 49] iPadPro2_11, [000002628DA97600][0000026290FDB600 49] iPadPro3_129, [000002628DA45100][0000026290FDF780 49] iPadPro4_129, [000002628DA97000][0000026290FE3900 49] AppleTV, [000002628DA45700][0000026290FE7A80 49] AppleTV4K, [000002628DA95900][0000026290FA7BC0 49] TVOS, [000002628DA44A00][0000026290FEA180 49] Mac, [000002628DA94A00][0000026290FEE2C0 49] MacClient, [000002628DA47C00][0000026290FF2400 49] MacNoEditor, [000002628DA95F00][0000026290FFA580 49] MacServer, [000002628DA46D00][0000026290FFE700 49] Linux, [000002628DA96F00][0000026291002880 49] LinuxAArch64, [000002628DA44C00][0000026291006A00 49] LinuxNoEditor, [000002628DA96400][000002629100AB80 49] LinuxAArch64NoEditor, [000002628DA47200][000002629100ED00 49] LinuxClient, [000002628DA97F00][0000026291012E80 49] LinuxAArch64Client, [000002628DA45A00][0000026291017000 49] LinuxServer, [000002628DA95400][000002629101B180 49] LinuxAArch64Server, [000002628DA45500][000002629101F300 49] Android, [000002628DA96000][0000026291023480 49] Android_Low, [000002628DA45F00][0000026291027600 49] Android_Mid, [000002628DA97900][000002629102B780 49] Android_High, [000002628DA44200][000002629102F900 49] Android_Default, [000002628DA95B00][0000026291033A80 49] Android_Adreno4xx, [000002628DA46B00][0000026291037C00 49] Android_Adreno5xx_Low, [000002628DA94100][000002629103A200 49] Android_Adreno5xx, [000002628DA44E00][0000026290FF6340 49] Android_Adreno6xx, [000002628DA96D00][000002629103E480 49] Android_Adreno6xx_Vulkan, [000002628DA46000][00000262910425C0 49] Android_Mali_T6xx, [000002628DA94D00][000002629104A740 49] Android_Mali_T7xx, [000002628DA47E00][000002629104E8C0 49] Android_Mali_T8xx, [000002628DA96B00][0000026291052A40 49] Android_Mali_G71, [000002628DA46800][0000026291056BC0 49] Android_Mali_G72, [000002628DA97300][000002629105AD40 49] Android_Mali_G72_Vulkan, [000002628DA46E00][000002629105EEC0 49] Android_Mali_G76, [000002628DA96A00][0000026291063040 49] Android_Mali_G76_Vulkan, [000002628DA58200][00000262910671C0 49] Android_Mali_G77, [000002628DB0E800][000002629106B340 49] Android_Mali_G77_Vulkan, [000002628DA58E00][000002629106F4C0 49] Android_Mali_G78, [000002628DB0EC00][0000026291073640 49] Android_Mali_G78_Vulkan, [000002628DA59F00][00000262910777C0 49] Android_Mali_G710, [000002628DB0F200][000002629107B940 49] Android_Mali_G710_Vulkan, [000002628DA5AB00][000002629107FAC0 49] Android_Vulkan_SM5, [000002628DB0CC00][00000262910820C0 49] Android_PowerVR_G6xxx, [000002628DA58400][0000026291086240 49] Android_PowerVR_GT7xxx, [000002628DB0D700][000002629108A3C0 49] Android_PowerVR_GE8xxx, [000002628DA59300][0000026291046500 49] Android_PowerVR_GM9xxx, [000002628DB0C800][000002629108E640 49] Android_PowerVR_GM9xxx_Vulkan, [000002628DA58B00][0000026291092780 49] Android_TegraK1, [000002628DB0F300][00000262910968C0 49] Android_Unknown_Vulkan, [000002628DA5B500][000002629109EA40 49] Lumin, [000002628DB0F900][00000262910A2BC0 49] Lumin_Desktop, [000002628DA58100][00000262910A6D40 49] HoloLens, 
[2023.03.17-17.20.51:231][  0]LogMeshReduction: Using QuadricMeshReduction for automatic static mesh reduction
[2023.03.17-17.20.51:231][  0]LogMeshReduction: Using SimplygonMeshReduction for automatic skeletal mesh reduction
[2023.03.17-17.20.51:231][  0]LogMeshReduction: Using ProxyLODMeshReduction for automatic mesh merging
[2023.03.17-17.20.51:231][  0]LogMeshReduction: No distributed automatic mesh merging module available
[2023.03.17-17.20.51:250][  0]LogMeshMerging: No distributed automatic mesh merging module available
[2023.03.17-17.20.51:489][  0]LogNetVersion: Twonic 1.0.0, NetCL: 17155196, EngineNetVer: 17, GameNetVer: 0 (Checksum: 4023415434)
[2023.03.17-17.20.54:882][  0]LogHMD: PokeAHoleMaterial loaded successfully
[2023.03.17-17.20.56:573][  0]LogCollectionManager: Loaded 0 collections in 0.012272 seconds
[2023.03.17-17.20.56:600][  0]LogFileCache: Scanning file cache for directory 'C:/Users/emmyt/OneDrive/Documents/GitHub/-Journeyman-Twonic---Alpha-Team/Twonic/Saved/Collections/' took 0.00s
[2023.03.17-17.20.56:600][  0]LogFileCache: Scanning file cache for directory 'C:/Users/emmyt/OneDrive/Documents/GitHub/-Journeyman-Twonic---Alpha-Team/Twonic/Content/Developers/emmyt/Collections/' took 0.00s
[2023.03.17-17.20.56:600][  0]LogFileCache: Scanning file cache for directory 'C:/Users/emmyt/OneDrive/Documents/GitHub/-Journeyman-Twonic---Alpha-Team/Twonic/Content/Collections/' took 0.00s
[2023.03.17-17.20.56:600][  0]LogCollectionManager: Fixed up redirectors for 0 collections in 0.000002 seconds (updated 0 objects)
[2023.03.17-17.20.59:376][  0]LogNiagaraDebuggerClient: Niagara Debugger Client Initialized | Session: D9CB5B7A4E461E950BA053B36531B1FF | Instance: D5EF547945400D21CCCEACA2437348BD (LAPTOP-OVB59CM9-4396).
[2023.03.17-17.21.00:878][  0]LogPython: Using Python 3.7.7
[2023.03.17-17.21.03:984][  0]SourceControl: Source control is disabled
[2023.03.17-17.21.03:984][  0]SourceControl: Source control is disabled
[2023.03.17-17.21.04:091][  0]SourceControl: Source control is disabled
[2023.03.17-17.21.04:108][  0]SourceControl: Source control is disabled
[2023.03.17-17.21.04:124][  0]SourceControl: Source control is disabled
[2023.03.17-17.21.04:148][  0]LogUProjectInfo: Found projects:
[2023.03.17-17.21.06:036][  0]LogOpenImageDenoise: OIDN starting up
[2023.03.17-17.21.06:244][  0]LogAndroidPermission: UAndroidPermissionCallbackProxy::GetInstance
[2023.03.17-17.21.06:348][  0]LogAudioCaptureCore: Display: No Audio Capture implementations found. Audio input will be silent.
[2023.03.17-17.21.06:348][  0]LogAudioCaptureCore: Display: No Audio Capture implementations found. Audio input will be silent.
[2023.03.17-17.21.07:508][  0]LogOcInput: OculusInput pre-init called
[2023.03.17-17.21.07:878][  0]LogUObjectArray: 23049 objects as part of root set at end of initial load.
[2023.03.17-17.21.07:878][  0]LogUObjectAllocator: 6352640 out of 0 bytes used by permanent object pool.
[2023.03.17-17.21.07:878][  0]LogUObjectArray: CloseDisregardForGC: 0/0 objects in disregard for GC pool
[2023.03.17-17.21.08:005][  0]LogInit: Executing Class /Script/UnrealEd.GatherTextCommandlet
[2023.03.17-17.21.08:022][  0]LogInit: Initializing Editor Engine...
[2023.03.17-17.21.08:059][  0]LogEngine: Initializing Engine...
[2023.03.17-17.21.08:219][  0]LogStats: UGameplayTagsManager::InitializeManager -  0.025 s
[2023.03.17-17.21.08:785][  0]LogInit: Initializing FReadOnlyCVARCache
[2023.03.17-17.21.09:463][  0]LogAIModule: Creating AISystem for world Untitled
[2023.03.17-17.21.09:464][  0]LogNetVersion: Set ProjectVersion to 1.0.0.0. Version Checksum will be recalculated on next use.
[2023.03.17-17.21.10:430][  0]LogDerivedDataCache: Saved boot cache 0.97s 94MB C:/Users/emmyt/AppData/Local/UnrealEngine/4.27/DerivedDataCache/Boot.ddc.
[2023.03.17-17.21.10:433][  0]LogInit: Texture streaming: Disabled
[2023.03.17-17.21.10:813][  0]LogInit: Initializing Editor Engine Completed
[2023.03.17-17.21.13:206][  0]BlueprintLog: New page: Editor Load
[2023.03.17-17.21.15:038][  0]LogGatherTextCommandlet: Display: Beginning GatherText Commandlet for 'C:/Users/emmyt/OneDrive/Documents/GitHub/-Journeyman-Twonic---Alpha-Team/Twonic/Config/Localization/Game_Compile.ini'
[2023.03.17-17.21.15:039][  0]LogGatherTextCommandlet: Display: Executing GatherTextStep0: GenerateTextLocalizationResourceCommandlet
[2023.03.17-17.21.15:195][  0]LogGatherTextCommandlet: Display: Completed GatherTextStep0: GenerateTextLocalizationResourceCommandlet in 0.155782 seconds
[2023.03.17-17.21.15:196][  0]LogCore: Engine exit requested (reason: Commandlet GatherTextCommandlet_0 finished execution (result 0))
[2023.03.17-17.21.15:196][  0]LogInit: Display: 
[2023.03.17-17.21.15:196][  0]LogInit: Display: Success - 0 error(s), 0 warning(s)
[2023.03.17-17.21.15:196][  0]LogInit: Display: 
Execution of commandlet took:  0.18 seconds
[2023.03.17-17.21.15:197][  0]LogCore: Engine exit requested (reason: EngineExit() was called; note: exit was already requested)
[2023.03.17-17.21.15:310][  0]LogExit: Preparing to exit.
[2023.03.17-17.21.15:472][  0]LogUObjectHash: Compacting FUObjectHashTables data took   0.78ms
[2023.03.17-17.21.16:292][  0]LogDemo: Cleaned up 0 splitscreen connections with owner deletion
[2023.03.17-17.21.16:507][  0]LogWorld: UWorld::CleanupWorld for None, bSessionEnded=true, bCleanupResources=true
[2023.03.17-17.21.16:507][  0]LogExit: Editor shut down
[2023.03.17-17.21.19:200][  0]LogExit: Object subsystem successfully closed.
[2023.03.17-17.21.19:246][  0]LogShaderCompilers: Display: === FShaderJobCache stats ===
[2023.03.17-17.21.19:246][  0]LogShaderCompilers: Display: Total job queries 0, among them cache hits 0 (0.00%)
[2023.03.17-17.21.19:246][  0]LogShaderCompilers: Display: Tracking 0 distinct input hashes that result in 0 distinct outputs (0.00%)
[2023.03.17-17.21.19:246][  0]LogShaderCompilers: Display: RAM used: 0.00 MB (0.00 GB) of 409.60 MB (0.40 GB) budget. Usage: 0.00%
[2023.03.17-17.21.19:247][  0]LogShaderCompilers: Display: ================================================
[2023.03.17-17.21.19:505][  0]LogShaderCompilers: Display: Shaders left to compile 0
[2023.03.17-17.21.23:037][  0]LogModuleManager: Shutting down and abandoning module SteamVREditor (710)
[2023.03.17-17.21.23:037][  0]LogModuleManager: Shutting down and abandoning module OculusMR (708)
[2023.03.17-17.21.23:037][  0]LogModuleManager: Shutting down and abandoning module TakeRecorderSources (706)
[2023.03.17-17.21.23:050][  0]LogModuleManager: Shutting down and abandoning module TakeRecorder (705)
[2023.03.17-17.21.23:064][  0]LogModuleManager: Shutting down and abandoning module TakeTrackRecorders (702)
[2023.03.17-17.21.23:072][  0]LogModuleManager: Shutting down and abandoning module TakesCore (700)
[2023.03.17-17.21.23:072][  0]LogModuleManager: Shutting down and abandoning module OpenXRInput (698)
[2023.03.17-17.21.23:085][  0]LogModuleManager: Shutting down and abandoning module GooglePADEditor (696)
[2023.03.17-17.21.23:085][  0]LogModuleManager: Shutting down and abandoning module AudioCaptureEditor (694)
[2023.03.17-17.21.23:101][  0]LogModuleManager: Shutting down and abandoning module TemplateSequenceEditor (692)
[2023.03.17-17.21.23:118][  0]LogModuleManager: Shutting down and abandoning module MatineeToLevelSequence (690)
[2023.03.17-17.21.23:131][  0]LogModuleManager: Shutting down and abandoning module LevelSequenceEditor (688)
[2023.03.17-17.21.23:137][  0]LogModuleManager: Shutting down and abandoning module ActorSequenceEditor (686)
[2023.03.17-17.21.23:137][  0]LogModuleManager: Shutting down and abandoning module Kismet (685)
[2023.03.17-17.21.23:174][  0]LogModuleManager: Shutting down and abandoning module KismetWidgets (684)
[2023.03.17-17.21.23:174][  0]LogModuleManager: Shutting down and abandoning module WmfMediaFactory (680)
[2023.03.17-17.21.23:174][  0]LogModuleManager: Shutting down and abandoning module WmfMediaEditor (678)
[2023.03.17-17.21.23:174][  0]LogModuleManager: Shutting down and abandoning module WebMMediaFactory (676)
[2023.03.17-17.21.23:174][  0]LogModuleManager: Shutting down and abandoning module WebMMediaEditor (674)
[2023.03.17-17.21.23:174][  0]LogModuleManager: Shutting down and abandoning module MediaPlayerEditor (672)
[2023.03.17-17.21.23:198][  0]LogModuleManager: Shutting down and abandoning module MediaCompositingEditor (670)
[2023.03.17-17.21.23:198][  0]LogModuleManager: Shutting down and abandoning module SequenceRecorder (669)
[2023.03.17-17.21.23:209][  0]LogModuleManager: Shutting down and abandoning module Persona (668)
[2023.03.17-17.21.23:228][  0]LogModuleManager: Shutting down and abandoning module AdvancedPreviewScene (667)
[2023.03.17-17.21.23:228][  0]LogModuleManager: Shutting down and abandoning module AnimGraph (665)
[2023.03.17-17.21.23:228][  0]LogModuleManager: Shutting down and abandoning module ImgMediaFactory (660)
[2023.03.17-17.21.23:228][  0]LogModuleManager: Shutting down and abandoning module ImgMediaEditor (658)
[2023.03.17-17.21.23:228][  0]LogModuleManager: Shutting down and abandoning module PlanarCut (656)
[2023.03.17-17.21.23:243][  0]LogModuleManager: Shutting down and abandoning module AvfMediaFactory (654)
[2023.03.17-17.21.23:244][  0]LogModuleManager: Shutting down and abandoning module AvfMediaEditor (652)
[2023.03.17-17.21.23:244][  0]LogModuleManager: Shutting down and abandoning module AndroidMediaFactory (650)
[2023.03.17-17.21.23:244][  0]LogModuleManager: Shutting down and abandoning module AndroidMediaEditor (648)
[2023.03.17-17.21.23:244][  0]LogModuleManager: Shutting down and abandoning module MagicLeapMediaEditor (646)
[2023.03.17-17.21.23:244][  0]LogModuleManager: Shutting down and abandoning module CharacterAI (644)
[2023.03.17-17.21.23:244][  0]LogModuleManager: Shutting down and abandoning module TextureAlignMode (642)
[2023.03.17-17.21.23:244][  0]LogModuleManager: Shutting down and abandoning module BspMode (640)
[2023.03.17-17.21.23:244][  0]LogModuleManager: Shutting down and abandoning module GeometryMode (638)
[2023.03.17-17.21.23:244][  0]LogModuleManager: Shutting down and abandoning module CameraShakePreviewer (636)
[2023.03.17-17.21.23:258][  0]LogModuleManager: Shutting down and abandoning module SmartSnapping (634)
[2023.03.17-17.21.23:258][  0]LogModuleManager: Shutting down and abandoning module SessionServices (632)
[2023.03.17-17.21.23:258][  0]LogModuleManager: Shutting down and abandoning module MeshPaint (630)
[2023.03.17-17.21.23:258][  0]LogModuleManager: Shutting down and abandoning module VirtualTexturingEditor (628)
[2023.03.17-17.21.23:269][  0]LogModuleManager: Shutting down and abandoning module FoliageEdit (626)
[2023.03.17-17.21.23:269][  0]LogModuleManager: Shutting down and abandoning module LandscapeEditor (624)
[2023.03.17-17.21.23:291][  0]LogModuleManager: Shutting down and abandoning module MeshPaintMode (622)
[2023.03.17-17.21.23:291][  0]LogModuleManager: Shutting down and abandoning module SceneDepthPickerMode (620)
[2023.03.17-17.21.23:291][  0]LogModuleManager: Shutting down and abandoning module ActorPickerMode (618)
[2023.03.17-17.21.23:292][  0]LogModuleManager: Shutting down and abandoning module PlacementMode (616)
[2023.03.17-17.21.23:292][  0]LogModuleManager: Shutting down and abandoning module LiveCoding (614)
[2023.03.17-17.21.23:292][  0]LogModuleManager: Shutting down and abandoning module LevelSequence (612)
[2023.03.17-17.21.23:292][  0]LogModuleManager: Shutting down and abandoning module MovieSceneTracks (610)
[2023.03.17-17.21.23:292][  0]LogModuleManager: Shutting down and abandoning module MovieScene (608)
[2023.03.17-17.21.23:292][  0]LogModuleManager: Shutting down and abandoning module StreamingPauseRendering (606)
[2023.03.17-17.21.23:292][  0]LogModuleManager: Shutting down and abandoning module ImageWriteQueue (604)
[2023.03.17-17.21.23:292][  0]LogModuleManager: Shutting down and abandoning module AIModule (602)
[2023.03.17-17.21.23:305][  0]LogModuleManager: Shutting down and abandoning module GameplayDebugger (601)
[2023.03.17-17.21.23:305][  0]LogModuleManager: Shutting down and abandoning module AITestSuite (599)
[2023.03.17-17.21.23:305][  0]LogModuleManager: Shutting down and abandoning module NavigationSystem (597)
[2023.03.17-17.21.23:306][  0]LogModuleManager: Shutting down and abandoning module AudioSynesthesiaEditor (594)
[2023.03.17-17.21.23:306][  0]LogModuleManager: Shutting down and abandoning module OculusEditor (592)
[2023.03.17-17.21.23:306][  0]LogModuleManager: Shutting down and abandoning module OculusInput (590)
[2023.03.17-17.21.23:306][  0]LogModuleManager: Shutting down and abandoning module ContentBrowserFileDataSource (588)
[2023.03.17-17.21.23:306][  0]LogModuleManager: Shutting down and abandoning module ContentBrowserClassDataSource (586)
[2023.03.17-17.21.23:306][  0]LogModuleManager: Shutting down and abandoning module ContentBrowserAssetDataSource (584)
[2023.03.17-17.21.23:306][  0]LogModuleManager: Shutting down and abandoning module ToolMenus (583)
[2023.03.17-17.21.23:306][  0]LogModuleManager: Shutting down and abandoning module SynthesisEditor (580)
[2023.03.17-17.21.23:306][  0]LogModuleManager: Shutting down and abandoning module Synthesis (578)
[2023.03.17-17.21.23:336][  0]LogModuleManager: Shutting down and abandoning module ProceduralMeshComponentEditor (576)
[2023.03.17-17.21.23:336][  0]LogModuleManager: Shutting down and abandoning module ProceduralMeshComponent (574)
[2023.03.17-17.21.23:336][  0]LogModuleManager: Shutting down and abandoning module TakeSequencer (572)
[2023.03.17-17.21.23:336][  0]LogModuleManager: Shutting down and abandoning module TakeMovieScene (570)
[2023.03.17-17.21.23:336][  0]LogModuleManager: Shutting down and abandoning module ScreenshotTools (568)
[2023.03.17-17.21.23:336][  0]LogModuleManager: Shutting down and abandoning module OpenXREditor (566)
[2023.03.17-17.21.23:344][  0]LogModuleManager: Shutting down and abandoning module MobilePatchingUtils (564)
[2023.03.17-17.21.23:344][  0]LogModuleManager: Shutting down and abandoning module GooglePAD (562)
[2023.03.17-17.21.23:344][  0]LogModuleManager: Shutting down and abandoning module EditableMesh (560)
[2023.03.17-17.21.23:344][  0]LogModuleManager: Shutting down and abandoning module CustomMeshComponent (558)
[2023.03.17-17.21.23:344][  0]LogModuleManager: Shutting down and abandoning module CableComponent (556)
[2023.03.17-17.21.23:344][  0]LogModuleManager: Shutting down and abandoning module AssetTags (554)
[2023.03.17-17.21.23:344][  0]LogModuleManager: Shutting down and abandoning module AudioCapture (552)
[2023.03.17-17.21.23:344][  0]LogModuleManager: Shutting down and abandoning module AudioCaptureRtAudio (551)
[2023.03.17-17.21.23:344][  0]LogModuleManager: Shutting down and abandoning module ArchVisCharacter (548)
[2023.03.17-17.21.23:344][  0]LogModuleManager: Shutting down and abandoning module AppleImageUtilsBlueprintSupport (546)
[2023.03.17-17.21.23:344][  0]LogModuleManager: Shutting down and abandoning module AppleImageUtils (544)
[2023.03.17-17.21.23:344][  0]LogModuleManager: Shutting down and abandoning module AndroidPermission (542)
[2023.03.17-17.21.23:344][  0]LogModuleManager: Shutting down and abandoning module ActorLayerUtilitiesEditor (540)
[2023.03.17-17.21.23:344][  0]LogModuleManager: Shutting down and abandoning module ActorLayerUtilities (538)
[2023.03.17-17.21.23:344][  0]LogModuleManager: Shutting down and abandoning module TemplateSequence (536)
[2023.03.17-17.21.23:368][  0]LogModuleManager: Shutting down and abandoning module VariantManagerContentEditor (534)
[2023.03.17-17.21.23:368][  0]LogModuleManager: Shutting down and abandoning module MediaCompositing (532)
[2023.03.17-17.21.23:368][  0]LogModuleManager: Shutting down and abandoning module DatasmithContentEditor (530)
[2023.03.17-17.21.23:379][  0]LogModuleManager: Shutting down and abandoning module OpenImageDenoise (528)
[2023.03.17-17.21.23:379][  0]LogOpenImageDenoise: OIDN shutting down
[2023.03.17-17.21.23:379][  0]LogModuleManager: Shutting down and abandoning module MotoSynthEditor (526)
[2023.03.17-17.21.23:379][  0]LogModuleManager: Shutting down and abandoning module MotoSynth (524)
[2023.03.17-17.21.23:379][  0]LogModuleManager: Shutting down and abandoning module MeshConversion (522)
[2023.03.17-17.21.23:394][  0]LogModuleManager: Shutting down and abandoning module DynamicMesh (520)
[2023.03.17-17.21.23:400][  0]LogModuleManager: Shutting down and abandoning module GeometryAlgorithms (518)
[2023.03.17-17.21.23:411][  0]LogModuleManager: Shutting down and abandoning module GeometricObjects (516)
[2023.03.17-17.21.23:413][  0]LogModuleManager: Shutting down and abandoning module MagicLeapSharedWorld (514)
[2023.03.17-17.21.23:413][  0]LogModuleManager: Shutting down and abandoning module MagicLeapLightEstimation (512)
[2023.03.17-17.21.23:413][  0]LogModuleManager: Shutting down and abandoning module MagicLeapHelperVulkan (510)
[2023.03.17-17.21.23:413][  0]LogModuleManager: Shutting down and abandoning module MagicLeapHelperOpenGL (508)
[2023.03.17-17.21.23:413][  0]LogModuleManager: Shutting down and abandoning module MagicLeapAudio (506)
[2023.03.17-17.21.23:413][  0]LogModuleManager: Shutting down and abandoning module GeometryCollectionTracks (504)
[2023.03.17-17.21.23:413][  0]LogModuleManager: Shutting down and abandoning module GeometryCollectionSequencer (503)
[2023.03.17-17.21.23:413][  0]LogModuleManager: Shutting down and abandoning module GeometryCollectionEditor (500)
[2023.03.17-17.21.23:413][  0]LogModuleManager: Shutting down and abandoning module GeometryCacheTracks (498)
[2023.03.17-17.21.23:413][  0]LogModuleManager: Shutting down and abandoning module GeometryCacheStreamer (496)
[2023.03.17-17.21.23:414][  0]LogModuleManager: Shutting down and abandoning module GeometryCacheSequencer (494)
[2023.03.17-17.21.23:414][  0]LogModuleManager: Shutting down and abandoning module ChaosSolverEditor (492)
[2023.03.17-17.21.23:414][  0]LogModuleManager: Shutting down and abandoning module ChaosNiagara (490)
[2023.03.17-17.21.23:414][  0]LogModuleManager: Shutting down and abandoning module FractureEditor (488)
[2023.03.17-17.21.23:430][  0]LogModuleManager: Shutting down and abandoning module FieldSystemEngine (487)
[2023.03.17-17.21.23:445][  0]LogModuleManager: Shutting down and abandoning module ChaosClothEditor (484)
[2023.03.17-17.21.23:477][  0]LogModuleManager: Shutting down and abandoning module NiagaraEditorWidgets (482)
[2023.03.17-17.21.23:535][  0]LogModuleManager: Shutting down and abandoning module AutomationUtilsEditor (480)
[2023.03.17-17.21.23:535][  0]LogModuleManager: Shutting down and abandoning module AutomationUtils (478)
[2023.03.17-17.21.23:535][  0]LogModuleManager: Shutting down and abandoning module AlembicImporter (476)
[2023.03.17-17.21.23:535][  0]LogModuleManager: Shutting down and abandoning module AlembicLibrary (475)
[2023.03.17-17.21.23:535][  0]LogModuleManager: Shutting down and abandoning module GeometryCache (474)
[2023.03.17-17.21.23:535][  0]LogModuleManager: Shutting down and abandoning module GeometryCacheEd (473)
[2023.03.17-17.21.23:535][  0]LogModuleManager: Shutting down and abandoning module SpeedTreeImporter (468)
[2023.03.17-17.21.23:535][  0]LogModuleManager: Shutting down and abandoning module PluginBrowser (466)
[2023.03.17-17.21.23:550][  0]LogModuleManager: Shutting down and abandoning module MobileLauncherProfileWizard (464)
[2023.03.17-17.21.23:559][  0]LogModuleManager: Shutting down and abandoning module MaterialAnalyzer (462)
[2023.03.17-17.21.23:559][  0]LogModuleManager: Shutting down and abandoning module CurveEditorTools (460)
[2023.03.17-17.21.23:590][  0]LogModuleManager: Shutting down and abandoning module CryptoKeysOpenSSL (458)
[2023.03.17-17.21.23:590][  0]LogModuleManager: Shutting down and abandoning module CryptoKeys (456)
[2023.03.17-17.21.23:590][  0]LogModuleManager: Shutting down and abandoning module VisualStudioSourceCodeAccess (454)
[2023.03.17-17.21.23:590][  0]LogModuleManager: Shutting down and abandoning module VisualStudioCodeSourceCodeAccess (452)
[2023.03.17-17.21.23:590][  0]LogModuleManager: Shutting down and abandoning module UObjectPlugin (450)
[2023.03.17-17.21.23:590][  0]LogModuleManager: Shutting down and abandoning module SubversionSourceControl (448)
[2023.03.17-17.21.23:590][  0]LogModuleManager: Shutting down and abandoning module PluginUtils (446)
[2023.03.17-17.21.23:590][  0]LogModuleManager: Shutting down and abandoning module PlasticSourceControl (444)
[2023.03.17-17.21.23:600][  0]LogModuleManager: Shutting down and abandoning module PerforceSourceControl (442)
[2023.03.17-17.21.23:600][  0]LogModuleManager: Shutting down and abandoning module GitSourceControl (440)
[2023.03.17-17.21.23:600][  0]LogModuleManager: Shutting down and abandoning module SourceControl (439)
[2023.03.17-17.21.23:611][  0]LogModuleManager: Shutting down and abandoning module CLionSourceCodeAccess (436)
[2023.03.17-17.21.23:611][  0]LogModuleManager: Shutting down and abandoning module AnimationSharingEd (434)
[2023.03.17-17.21.23:611][  0]LogModuleManager: Shutting down and abandoning module OodleNetworkHandlerComponent (432)
[2023.03.17-17.21.23:611][  0]LogModuleManager: Shutting down and abandoning module LightPropagationVolumeEditor (430)
[2023.03.17-17.21.23:611][  0]LogModuleManager: Shutting down and abandoning module LiveLinkSequencer (428)
[2023.03.17-17.21.23:611][  0]LogModuleManager: Shutting down and abandoning module LiveLinkMovieScene (426)
[2023.03.17-17.21.23:611][  0]LogModuleManager: Shutting down and abandoning module LiveLinkGraphNode (424)
[2023.03.17-17.21.23:611][  0]LogModuleManager: Shutting down and abandoning module LiveLinkEditor (422)
[2023.03.17-17.21.23:611][  0]LogModuleManager: Shutting down and abandoning module LiveLinkComponents (420)
[2023.03.17-17.21.23:611][  0]LogModuleManager: Shutting down and abandoning module LiveLink (418)
[2023.03.17-17.21.24:040][  0]LogModuleManager: Shutting down and abandoning module PaperTiledImporter (416)
[2023.03.17-17.21.24:040][  0]LogModuleManager: Shutting down and abandoning module PaperSpriteSheetImporter (414)
[2023.03.17-17.21.24:040][  0]LogModuleManager: Shutting down and abandoning module Paper2DEditor (412)
[2023.03.17-17.21.24:051][  0]LogModuleManager: Shutting down and abandoning module MeshPaintingToolset (410)
[2023.03.17-17.21.24:065][  0]LogModuleManager: Shutting down and abandoning module MeshPaintEditorMode (408)
[2023.03.17-17.21.24:065][  0]LogModuleManager: Shutting down and abandoning module SoundFields (406)
[2023.03.17-17.21.24:065][  0]LogModuleManager: Shutting down and abandoning module SignificanceManager (404)
[2023.03.17-17.21.24:065][  0]LogModuleManager: Shutting down and abandoning module RuntimePhysXCooking (402)
[2023.03.17-17.21.24:065][  0]LogModuleManager: Shutting down and abandoning module PropertyAccessEditor (400)
[2023.03.17-17.21.24:074][  0]LogModuleManager: Shutting down and abandoning module PhysXVehiclesEditor (398)
[2023.03.17-17.21.24:074][  0]LogModuleManager: Shutting down and abandoning module LocationServicesBPLibrary (394)
[2023.03.17-17.21.24:074][  0]LogModuleManager: Shutting down and abandoning module AudioSynesthesia (392)
[2023.03.17-17.21.24:074][  0]LogModuleManager: Shutting down and abandoning module AudioSynesthesiaCore (390)
[2023.03.17-17.21.24:074][  0]LogModuleManager: Shutting down and abandoning module ActorSequence (388)
[2023.03.17-17.21.24:074][  0]LogModuleManager: Shutting down and abandoning module TcpMessaging (386)
[2023.03.17-17.21.24:083][  0]LogModuleManager: Shutting down and abandoning module UdpMessaging (384)
[2023.03.17-17.21.24:085][  0]LogModuleManager: Shutting down and abandoning module PythonScriptPlugin (382)
[2023.03.17-17.21.24:085][  0]LogModuleManager: Shutting down and abandoning module MagicLeapARPin (380)
[2023.03.17-17.21.24:085][  0]LogModuleManager: Shutting down and abandoning module MagicLeapHandMeshing (378)
[2023.03.17-17.21.24:085][  0]LogModuleManager: Shutting down and abandoning module MagicLeapSecureStorage (376)
[2023.03.17-17.21.24:085][  0]LogModuleManager: Shutting down and abandoning module MagicLeapPrivileges (374)
[2023.03.17-17.21.24:101][  0]LogModuleManager: Shutting down and abandoning module MagicLeapPlanes (372)
[2023.03.17-17.21.24:140][  0]LogMagicLeapPlanes: Planes tracker already destroyed.
[2023.03.17-17.21.24:140][  0]LogModuleManager: Shutting down and abandoning module MagicLeapImageTracker (370)
[2023.03.17-17.21.24:140][  0]LogModuleManager: Shutting down and abandoning module MagicLeapIdentity (368)
[2023.03.17-17.21.24:140][  0]LogModuleManager: Shutting down and abandoning module MagicLeapHandTracking (366)
[2023.03.17-17.21.24:154][  0]LogModuleManager: Shutting down and abandoning module MagicLeapEyeTracker (364)
[2023.03.17-17.21.24:154][  0]LogModuleManager: Shutting down and abandoning module MagicLeapController (362)
[2023.03.17-17.21.24:154][  0]LogModuleManager: Shutting down and abandoning module MagicLeapARPinImpl (360)
[2023.03.17-17.21.24:154][  0]LogModuleManager: Shutting down and abandoning module MagicLeapAR (358)
[2023.03.17-17.21.24:154][  0]LogModuleManager: Shutting down and abandoning module NiagaraAnimNotifies (356)
[2023.03.17-17.21.24:154][  0]LogModuleManager: Shutting down and abandoning module Niagara (354)
[2023.03.17-17.21.24:186][  0]LogModuleManager: Shutting down and abandoning module SignalProcessing (353)
[2023.03.17-17.21.24:186][  0]LogModuleManager: Shutting down and abandoning module NiagaraEditor (351)
[2023.03.17-17.21.24:226][  0]LogModuleManager: Shutting down and abandoning module NiagaraCore (348)
[2023.03.17-17.21.24:226][  0]LogModuleManager: Shutting down and abandoning module GameplayTagsEditor (346)
[2023.03.17-17.21.24:226][  0]LogModuleManager: Shutting down and abandoning module FacialAnimationEditor (344)
[2023.03.17-17.21.24:226][  0]LogModuleManager: Shutting down and abandoning module FacialAnimation (342)
[2023.03.17-17.21.24:226][  0]LogModuleManager: Shutting down and abandoning module DataValidation (340)
[2023.03.17-17.21.24:226][  0]LogModuleManager: Shutting down and abandoning module AssetManagerEditor (338)
[2023.03.17-17.21.24:247][  0]LogModuleManager: Shutting down and abandoning module TreeMap (337)
[2023.03.17-17.21.24:262][  0]LogModuleManager: Shutting down and abandoning module PropertyAccessNode (334)
[2023.03.17-17.21.24:272][  0]LogModuleManager: Shutting down and abandoning module AnimationSharing (332)
[2023.03.17-17.21.24:272][  0]LogModuleManager: Shutting down and abandoning module GameplayCameras (330)
[2023.03.17-17.21.24:272][  0]LogModuleManager: Shutting down and abandoning module LightPropagationVolumeRuntime (328)
[2023.03.17-17.21.24:272][  0]LogModuleManager: Shutting down and abandoning module EnvironmentQueryEditor (326)
[2023.03.17-17.21.24:303][  0]LogModuleManager: Shutting down and abandoning module Paper2D (324)
[2023.03.17-17.21.24:320][  0]LogModuleManager: Shutting down and abandoning module NetworkReplayStreaming (322)
[2023.03.17-17.21.24:320][  0]LogModuleManager: Shutting down and abandoning module PacketHandler (320)
[2023.03.17-17.21.24:320][  0]LogModuleManager: Shutting down and abandoning module ClothingSystemEditor (318)
[2023.03.17-17.21.24:320][  0]LogModuleManager: Shutting down and abandoning module ClothingSystemRuntimeNv (316)
[2023.03.17-17.21.24:332][  0]LogModuleManager: Shutting down and abandoning module MediaAssets (314)
[2023.03.17-17.21.24:332][  0]LogModuleManager: Shutting down and abandoning module Overlay (312)
[2023.03.17-17.21.24:332][  0]LogModuleManager: Shutting down and abandoning module OverlayEditor (311)
[2023.03.17-17.21.24:332][  0]LogModuleManager: Shutting down and abandoning module Blutility (308)
[2023.03.17-17.21.24:332][  0]LogModuleManager: Shutting down and abandoning module LevelEditor (307)
[2023.03.17-17.21.24:380][  0]LogModuleManager: Shutting down and abandoning module PixelInspectorModule (306)
[2023.03.17-17.21.24:397][  0]LogModuleManager: Shutting down and abandoning module CommonMenuExtensions (304)
[2023.03.17-17.21.24:407][  0]LogModuleManager: Shutting down and abandoning module MainFrame (302)
[2023.03.17-17.21.24:435][  0]LogModuleManager: Shutting down and abandoning module HotReload (301)
[2023.03.17-17.21.24:447][  0]LogModuleManager: Shutting down and abandoning module ContentBrowser (297)
[2023.03.17-17.21.24:480][  0]LogModuleManager: Shutting down and abandoning module CollectionManager (296)
[2023.03.17-17.21.24:503][  0]LogModuleManager: Shutting down and abandoning module ContentBrowserData (294)
[2023.03.17-17.21.24:503][  0]LogModuleManager: Shutting down and abandoning module IntroTutorials (290)
[2023.03.17-17.21.24:503][  0]LogModuleManager: Shutting down and abandoning module VREditor (288)
[2023.03.17-17.21.24:517][  0]LogModuleManager: Shutting down and abandoning module StringTableEditor (286)
[2023.03.17-17.21.24:556][  0]LogModuleManager: Shutting down and abandoning module GameplayTasksEditor (284)
[2023.03.17-17.21.24:556][  0]LogModuleManager: Shutting down and abandoning module BehaviorTreeEditor (282)
[2023.03.17-17.21.24:588][  0]LogModuleManager: Shutting down and abandoning module FunctionalTesting (280)
[2023.03.17-17.21.24:600][  0]LogModuleManager: Shutting down and abandoning module CollisionAnalyzer (278)
[2023.03.17-17.21.24:611][  0]LogModuleManager: Shutting down and abandoning module WorkspaceMenuStructure (277)
[2023.03.17-17.21.24:611][  0]LogModuleManager: Shutting down and abandoning module UMG (274)
[2023.03.17-17.21.24:611][  0]LogModuleManager: Shutting down and abandoning module UMGEditor (273)
[2023.03.17-17.21.24:611][  0]LogModuleManager: Shutting down and abandoning module MessageLog (271)
[2023.03.17-17.21.24:611][  0]LogModuleManager: Shutting down and abandoning module SlateReflector (266)
[2023.03.17-17.21.24:660][  0]LogModuleManager: Shutting down and abandoning module Slate (264)
[2023.03.17-17.21.24:660][  0]LogModuleManager: Shutting down and abandoning module SlateCore (262)
[2023.03.17-17.21.24:669][  0]LogModuleManager: Shutting down and abandoning module LandscapeEditorUtilities (260)
[2023.03.17-17.21.24:669][  0]LogModuleManager: Shutting down and abandoning module UnrealEd (258)
[2023.03.17-17.21.24:681][  0]LogModuleManager: Shutting down and abandoning module MRMesh (256)
[2023.03.17-17.21.24:682][  0]LogModuleManager: Shutting down and abandoning module SourceCodeAccess (254)
[2023.03.17-17.21.24:682][  0]LogModuleManager: Shutting down and abandoning module HeadMountedDisplay (252)
[2023.03.17-17.21.24:682][  0]LogModuleManager: Shutting down and abandoning module XAudio2 (250)
[2023.03.17-17.21.24:691][  0]LogModuleManager: Shutting down and abandoning module Networking (248)
[2023.03.17-17.21.24:691][  0]LogModuleManager: Shutting down and abandoning module Core (246)
[2023.03.17-17.21.24:691][  0]LogModuleManager: Shutting down and abandoning module MaterialEditor (244)
[2023.03.17-17.21.24:712][  0]LogModuleManager: Shutting down and abandoning module Settings (243)
[2023.03.17-17.21.24:712][  0]LogModuleManager: Shutting down and abandoning module MovieSceneTools (240)
[2023.03.17-17.21.24:759][  0]LogModuleManager: Shutting down and abandoning module CurveEditor (239)
[2023.03.17-17.21.24:764][  0]LogModuleManager: Shutting down and abandoning module Sequencer (237)
[2023.03.17-17.21.24:776][  0]LogModuleManager: Shutting down and abandoning module EditorStyle (236)
[2023.03.17-17.21.24:777][  0]LogModuleManager: Shutting down and abandoning module KismetCompiler (232)
[2023.03.17-17.21.24:777][  0]LogModuleManager: Shutting down and abandoning module MeshBuilder (230)
[2023.03.17-17.21.24:797][  0]LogModuleManager: Shutting down and abandoning module MeshUtilities (228)
[2023.03.17-17.21.24:804][  0]LogModuleManager: Shutting down and abandoning module MeshMergeUtilities (227)
[2023.03.17-17.21.24:809][  0]LogModuleManager: Shutting down and abandoning module MeshReductionInterface (226)
[2023.03.17-17.21.24:809][  0]LogModuleManager: Shutting down and abandoning module MeshBoneReduction (225)
[2023.03.17-17.21.24:809][  0]LogModuleManager: Shutting down and abandoning module SkeletalMeshReduction (223)
[2023.03.17-17.21.24:817][  0]LogModuleManager: Shutting down and abandoning module ProxyLODMeshReduction (221)
[2023.03.17-17.21.24:839][  0]LogModuleManager: Shutting down and abandoning module QuadricMeshReduction (219)
[2023.03.17-17.21.24:855][  0]LogModuleManager: Shutting down and abandoning module MaterialBaking (215)
[2023.03.17-17.21.24:870][  0]LogModuleManager: Shutting down and abandoning module DirectoryWatcher (211)
[2023.03.17-17.21.24:870][  0]LogModuleManager: Shutting down and abandoning module NullInstallBundleManager (208)
[2023.03.17-17.21.24:870][  0]LogModuleManager: Shutting down and abandoning module DerivedDataCache (206)
[2023.03.17-17.21.24:888][  0]LogModuleManager: Shutting down and abandoning module TargetPlatform (204)
[2023.03.17-17.21.24:895][  0]LogModuleManager: Shutting down and abandoning module VulkanShaderFormat (203)
[2023.03.17-17.21.24:949][  0]LogModuleManager: Shutting down and abandoning module ShaderFormatVectorVM (201)
[2023.03.17-17.21.24:969][  0]LogModuleManager: Shutting down and abandoning module ShaderFormatOpenGL (199)
[2023.03.17-17.21.24:986][  0]LogModuleManager: Shutting down and abandoning module ShaderFormatD3D (197)
[2023.03.17-17.21.24:996][  0]LogModuleManager: Shutting down and abandoning module MetalShaderFormat (195)
[2023.03.17-17.21.25:010][  0]LogModuleManager: Shutting down and abandoning module TextureFormatOodle (193)
[2023.03.17-17.21.25:020][  0]LogModuleManager: Shutting down and abandoning module TextureFormatUncompressed (191)
[2023.03.17-17.21.25:020][  0]LogModuleManager: Shutting down and abandoning module TextureFormatPVR (189)
[2023.03.17-17.21.25:020][  0]LogModuleManager: Shutting down and abandoning module TextureFormatETC2 (187)
[2023.03.17-17.21.25:020][  0]LogModuleManager: Shutting down and abandoning module TextureFormatDXT (185)
[2023.03.17-17.21.25:032][  0]LogModuleManager: Shutting down and abandoning module TextureFormatIntelISPCTexComp (183)
[2023.03.17-17.21.25:034][  0]LogModuleManager: Shutting down and abandoning module TextureFormatASTC (181)
[2023.03.17-17.21.25:034][  0]LogModuleManager: Shutting down and abandoning module ImageWrapper (180)
[2023.03.17-17.21.25:034][  0]LogModuleManager: Shutting down and abandoning module AudioFormatOpus (177)
[2023.03.17-17.21.25:034][  0]LogModuleManager: Shutting down and abandoning module AudioFormatOgg (175)
[2023.03.17-17.21.25:034][  0]LogModuleManager: Shutting down and abandoning module AudioFormatADPCM (173)
[2023.03.17-17.21.25:065][  0]LogModuleManager: Shutting down and abandoning module WindowsServerTargetPlatform (171)
[2023.03.17-17.21.25:065][  0]LogModuleManager: Shutting down and abandoning module WindowsClientTargetPlatform (169)
[2023.03.17-17.21.25:065][  0]LogModuleManager: Shutting down and abandoning module WindowsTargetPlatform (167)
[2023.03.17-17.21.25:065][  0]LogModuleManager: Shutting down and abandoning module WindowsNoEditorTargetPlatform (165)
[2023.03.17-17.21.25:065][  0]LogModuleManager: Shutting down and abandoning module TVOSTargetPlatform (163)
[2023.03.17-17.21.25:066][  0]LogModuleManager: Shutting down and abandoning module MacServerTargetPlatform (161)
[2023.03.17-17.21.25:066][  0]LogModuleManager: Shutting down and abandoning module MacClientTargetPlatform (159)
[2023.03.17-17.21.25:079][  0]LogModuleManager: Shutting down and abandoning module MacTargetPlatform (157)
[2023.03.17-17.21.25:079][  0]LogModuleManager: Shutting down and abandoning module MacNoEditorTargetPlatform (155)
[2023.03.17-17.21.25:088][  0]LogModuleManager: Shutting down and abandoning module LuminTargetPlatform (153)
[2023.03.17-17.21.25:089][  0]LogModuleManager: Shutting down and abandoning module LinuxAArch64ServerTargetPlatform (151)
[2023.03.17-17.21.25:089][  0]LogModuleManager: Shutting down and abandoning module LinuxAArch64ClientTargetPlatform (149)
[2023.03.17-17.21.25:089][  0]LogModuleManager: Shutting down and abandoning module LinuxAArch64NoEditorTargetPlatform (147)
[2023.03.17-17.21.25:089][  0]LogModuleManager: Shutting down and abandoning module LinuxServerTargetPlatform (145)
[2023.03.17-17.21.25:089][  0]LogModuleManager: Shutting down and abandoning module LinuxClientTargetPlatform (143)
[2023.03.17-17.21.25:089][  0]LogModuleManager: Shutting down and abandoning module LinuxNoEditorTargetPlatform (141)
[2023.03.17-17.21.25:089][  0]LogModuleManager: Shutting down and abandoning module LinuxTargetPlatform (139)
[2023.03.17-17.21.25:089][  0]LogModuleManager: Shutting down and abandoning module Messaging (137)
[2023.03.17-17.21.25:089][  0]LogModuleManager: Shutting down and abandoning module IOSTargetPlatform (135)
[2023.03.17-17.21.25:090][  0]LogModuleManager: Shutting down and abandoning module AndroidTargetPlatform (133)
[2023.03.17-17.21.25:092][  0]LogModuleManager: Shutting down and abandoning module AllDesktopTargetPlatform (131)
[2023.03.17-17.21.25:092][  0]LogModuleManager: Shutting down and abandoning module NullDrv (128)
[2023.03.17-17.21.25:092][  0]LogModuleManager: Shutting down and abandoning module PhysXCooking (126)
[2023.03.17-17.21.25:092][  0]LogModuleManager: Shutting down and abandoning module Chaos (124)
[2023.03.17-17.21.25:112][  0]LogModuleManager: Shutting down and abandoning module WindowsPlatformFeatures (122)
[2023.03.17-17.21.25:112][  0]LogModuleManager: Shutting down and abandoning module GameplayMediaEncoder (121)
[2023.03.17-17.21.25:125][  0]LogModuleManager: Shutting down and abandoning module AVEncoder (120)
[2023.03.17-17.21.25:153][  0]LogModuleManager: Shutting down and abandoning module ExampleDeviceProfileSelector (116)
[2023.03.17-17.21.25:153][  0]LogModuleManager: Shutting down and abandoning module SteamVRInputDevice (114)
[2023.03.17-17.21.25:153][  0]LogModuleManager: Shutting down and abandoning module SteamVRInput (112)
[2023.03.17-17.21.25:153][  0]LogModuleManager: Shutting down and abandoning module SteamVR (110)
[2023.03.17-17.21.25:171][  0]LogHMD: Freeing OpenVRDLLHandle.
[2023.03.17-17.21.25:171][  0]LogModuleManager: Shutting down and abandoning module OculusHMD (108)
[2023.03.17-17.21.25:186][  0]LogModuleManager: Shutting down and abandoning module OpenXRAR (106)
[2023.03.17-17.21.25:190][  0]LogModuleManager: Shutting down and abandoning module AugmentedReality (105)
[2023.03.17-17.21.25:190][  0]LogModuleManager: Shutting down and abandoning module OpenXRHandTracking (102)
[2023.03.17-17.21.25:190][  0]LogModuleManager: Shutting down and abandoning module OpenXRHMD (101)
[2023.03.17-17.21.25:193][  0]LogModuleManager: Shutting down and abandoning module OpenXREyeTracker (98)
[2023.03.17-17.21.25:194][  0]LogModuleManager: Shutting down and abandoning module ChunkDownloader (96)
[2023.03.17-17.21.25:219][  0]LogModuleManager: Shutting down and abandoning module OnlineBlueprintSupport (94)
[2023.03.17-17.21.25:219][  0]LogModuleManager: Shutting down and abandoning module LauncherChunkInstaller (90)
[2023.03.17-17.21.25:219][  0]LogModuleManager: Shutting down and abandoning module OnlineSubsystem (88)
[2023.03.17-17.21.25:236][  0]LogModuleManager: Shutting down and abandoning module XMPP (83)
[2023.03.17-17.21.25:249][  0]LogModuleManager: Shutting down and abandoning module WebSockets (82)
[2023.03.17-17.21.25:288][  0]LogModuleManager: Shutting down and abandoning module HTTP (79)
[2023.03.17-17.21.25:288][  0]LogHttp: Display: cleaning up 0 outstanding Http requests.
[2023.03.17-17.21.25:319][  0]LogModuleManager: Shutting down and abandoning module SSL (78)
[2023.03.17-17.21.25:321][  0]LogModuleManager: Shutting down and abandoning module WmfMedia (74)
[2023.03.17-17.21.25:339][  0]LogModuleManager: Shutting down and abandoning module Media (73)
[2023.03.17-17.21.25:340][  0]LogModuleManager: Shutting down and abandoning module MediaInfo (72)
[2023.03.17-17.21.25:340][  0]LogModuleManager: Shutting down and abandoning module VariantManagerContent (68)
[2023.03.17-17.21.25:340][  0]LogModuleManager: Shutting down and abandoning module ExrReaderGpu (66)
[2023.03.17-17.21.25:361][  0]LogModuleManager: Shutting down and abandoning module DatasmithContent (64)
[2023.03.17-17.21.25:362][  0]LogModuleManager: Shutting down and abandoning module MLSDK (62)
[2023.03.17-17.21.25:379][  0]LogModuleManager: Shutting down and abandoning module MagicLeap (60)
[2023.03.17-17.21.25:379][  0]LogModuleManager: Shutting down and abandoning module ChaosCloth (58)
[2023.03.17-17.21.25:396][  0]LogModuleManager: Shutting down and abandoning module NiagaraVertexFactories (56)
[2023.03.17-17.21.25:396][  0]LogModuleManager: Shutting down and abandoning module NiagaraShader (54)
[2023.03.17-17.21.25:396][  0]LogModuleManager: Shutting down and abandoning module PixWinPlugin (52)
[2023.03.17-17.21.25:396][  0]LogModuleManager: Shutting down and abandoning module AISupportModule (50)
[2023.03.17-17.21.25:396][  0]LogModuleManager: Shutting down and abandoning module DesktopPlatform (48)
[2023.03.17-17.21.25:396][  0]LogModuleManager: Shutting down and abandoning module PythonScriptPluginPreload (46)
[2023.03.17-17.21.25:396][  0]LogModuleManager: Shutting down and abandoning module PlatformCryptoOpenSSL (44)
[2023.03.17-17.21.25:416][  0]LogModuleManager: Shutting down and abandoning module PlatformCryptoTypes (42)
[2023.03.17-17.21.25:416][  0]LogModuleManager: Shutting down and abandoning module PlatformCrypto (40)
[2023.03.17-17.21.25:416][  0]LogModuleManager: Shutting down and abandoning module OodleDataCompressionFormat (38)
[2023.03.17-17.21.25:432][  0]LogModuleManager: Shutting down and abandoning module XGEController (36)
[2023.03.17-17.21.25:449][  0]LogModuleManager: Shutting down and abandoning module AnimationModifiers (34)
[2023.03.17-17.21.25:461][  0]LogModuleManager: Shutting down and abandoning module AudioEditor (32)
[2023.03.17-17.21.25:472][  0]LogModuleManager: Shutting down and abandoning module PropertyEditor (31)
[2023.03.17-17.21.25:472][  0]LogModuleManager: Shutting down and abandoning module TextureCompressor (28)
[2023.03.17-17.21.25:490][  0]LogModuleManager: Shutting down and abandoning module RenderCore (26)
[2023.03.17-17.21.25:490][  0]LogModuleManager: Shutting down and abandoning module Landscape (24)
[2023.03.17-17.21.25:490][  0]LogModuleManager: Shutting down and abandoning module SlateRHIRenderer (22)
[2023.03.17-17.21.25:490][  0]LogModuleManager: Shutting down and abandoning module AnimGraphRuntime (20)
[2023.03.17-17.21.25:512][  0]LogModuleManager: Shutting down and abandoning module Renderer (18)
[2023.03.17-17.21.25:528][  0]LogModuleManager: Shutting down and abandoning module Engine (16)
[2023.03.17-17.21.25:528][  0]LogModuleManager: Shutting down and abandoning module CoreUObject (14)
[2023.03.17-17.21.25:528][  0]LogModuleManager: Shutting down and abandoning module NetworkFile (12)
[2023.03.17-17.21.25:541][  0]LogModuleManager: Shutting down and abandoning module CookedIterativeFile (10)
[2023.03.17-17.21.25:541][  0]LogModuleManager: Shutting down and abandoning module StreamingFile (8)
[2023.03.17-17.21.25:552][  0]LogModuleManager: Shutting down and abandoning module SandboxFile (6)
[2023.03.17-17.21.25:567][  0]LogModuleManager: Shutting down and abandoning module PakFile (4)
[2023.03.17-17.21.25:579][  0]LogModuleManager: Shutting down and abandoning module RSA (3)
[2023.03.17-17.21.26:005][  0]LogContentStreaming: Display: There are 1 unreleased StreamingManagers
[2023.03.17-17.21.26:021][  0]LogExit: Exiting.
[2023.03.17-17.21.26:028][  0]Log file closed, 03/17/23 17:21:26
