Log file open, 05/04/23 17:20:45
LogWindows: Failed to load 'aqProf.dll' (GetLastError=126)
LogWindows: File 'aqProf.dll' does not exist
LogWindows: Failed to load 'VtuneApi.dll' (GetLastError=126)
LogWindows: File 'VtuneApi.dll' does not exist
LogWindows: Failed to load 'VtuneApi32e.dll' (GetLastError=126)
LogWindows: File 'VtuneApi32e.dll' does not exist
LogConsoleResponse: Display: Failed to find resolution value strings in scalability ini. Falling back to default.
LogConsoleResponse: Display: Failed to find resolution value strings in scalability ini. Falling back to default.
LogInit: Display: Running engine for game: Twonic
LogPlatformFile: Not using cached read wrapper
LogTaskGraph: Started task graph with 5 named threads and 23 total threads with 3 sets of task threads.
LogStats: Stats thread started at 12.900450
LogICUInternationalization: ICU TimeZone Detection - Raw Offset: +0:00, Platform Override: ''
LogInit: Display: Loading text-based GConfig....
LogPluginManager: Mounting plugin MeshPainting
LogPluginManager: Mounting plugin XGEController
LogPluginManager: Mounting plugin Paper2D
LogPluginManager: Mounting plugin AISupport
LogPluginManager: Mounting plugin EnvironmentQueryEditor
LogPluginManager: Mounting plugin LightPropagationVolume
LogPluginManager: Mounting plugin LiveLink
LogPluginManager: Mounting plugin CameraShakePreviewer
LogPluginManager: Mounting plugin GameplayCameras
LogPluginManager: Mounting plugin OodleData
LogPluginManager: Mounting plugin OodleNetwork
LogPluginManager: Mounting plugin AlembicImporter
LogPluginManager: Mounting plugin AutomationUtils
LogPluginManager: Mounting plugin BackChannel
LogPluginManager: Mounting plugin ChaosCloth
LogPluginManager: Mounting plugin ChaosClothEditor
LogPluginManager: Mounting plugin ChaosEditor
LogPluginManager: Mounting plugin ChaosNiagara
LogPluginManager: Mounting plugin ChaosSolverPlugin
LogPluginManager: Mounting plugin CharacterAI
LogPluginManager: Mounting plugin Niagara
LogPluginManager: Mounting plugin GeometryCache
LogPluginManager: Mounting plugin GeometryCollectionPlugin
LogPluginManager: Mounting plugin GeometryProcessing
LogPluginManager: Mounting plugin MotoSynth
LogPluginManager: Mounting plugin OpenImageDenoise
LogPluginManager: Mounting plugin PlanarCut
LogPluginManager: Mounting plugin PlatformCrypto
LogPluginManager: Mounting plugin ProxyLODPlugin
LogPluginManager: Mounting plugin PythonScriptPlugin
LogPluginManager: Mounting plugin SkeletalReduction
LogPluginManager: Mounting plugin TcpMessaging
LogPluginManager: Mounting plugin UdpMessaging
LogPluginManager: Mounting plugin AssetManagerEditor
LogPluginManager: Mounting plugin CryptoKeys
LogPluginManager: Mounting plugin CurveEditorTools
LogPluginManager: Mounting plugin DataValidation
LogPluginManager: Mounting plugin FacialAnimation
LogPluginManager: Mounting plugin GameplayTagsEditor
LogPluginManager: Mounting plugin GeometryMode
LogPluginManager: Mounting plugin MacGraphicsSwitching
LogPluginManager: Mounting plugin MaterialAnalyzer
LogPluginManager: Mounting plugin MobileLauncherProfileWizard
LogPluginManager: Mounting plugin PluginBrowser
LogPluginManager: Mounting plugin SpeedTreeImporter
LogPluginManager: Mounting plugin OnlineSubsystem
LogPluginManager: Mounting plugin OnlineSubsystemNull
LogPluginManager: Mounting plugin OnlineSubsystemUtils
LogPluginManager: Mounting plugin LauncherChunkInstaller
LogPluginManager: Mounting plugin LuminPlatformFeatures
LogPluginManager: Mounting plugin MagicLeap
LogPluginManager: Mounting plugin MagicLeapLightEstimation
LogPluginManager: Mounting plugin MagicLeapMedia
LogPluginManager: Mounting plugin MagicLeapPassableWorld
LogPluginManager: Mounting plugin MLSDK
LogPluginManager: Mounting plugin ScreenshotTools
LogPluginManager: Mounting plugin ActorSequence
LogPluginManager: Mounting plugin LevelSequenceEditor
LogPluginManager: Mounting plugin MatineeToLevelSequence
LogPluginManager: Mounting plugin TemplateSequence
LogPluginManager: Mounting plugin DatasmithContent
LogPluginManager: Mounting plugin VariantManagerContent
LogPluginManager: Mounting plugin AndroidMedia
LogPluginManager: Mounting plugin AvfMedia
LogPluginManager: Mounting plugin ImgMedia
LogPluginManager: Mounting plugin MediaCompositing
LogPluginManager: Mounting plugin MediaPlayerEditor
LogPluginManager: Mounting plugin WebMMedia
LogPluginManager: Mounting plugin WmfMedia
LogPluginManager: Mounting plugin Takes
LogPluginManager: Mounting plugin ActorLayerUtilities
LogPluginManager: Mounting plugin AndroidDeviceProfileSelector
LogPluginManager: Mounting plugin AndroidMoviePlayer
LogPluginManager: Mounting plugin AndroidPermission
LogPluginManager: Mounting plugin AppleImageUtils
LogPluginManager: Mounting plugin AppleMoviePlayer
LogPluginManager: Mounting plugin ArchVisCharacter
LogPluginManager: Mounting plugin AssetTags
LogPluginManager: Mounting plugin AudioCapture
LogPluginManager: Mounting plugin AudioSynesthesia
LogPluginManager: Mounting plugin CableComponent
LogPluginManager: Mounting plugin ChunkDownloader
LogPluginManager: Mounting plugin CustomMeshComponent
LogPluginManager: Mounting plugin EditableMesh
LogPluginManager: Mounting plugin ExampleDeviceProfileSelector
LogPluginManager: Mounting plugin GoogleCloudMessaging
LogPluginManager: Mounting plugin GooglePAD
LogPluginManager: Mounting plugin IOSDeviceProfileSelector
LogPluginManager: Mounting plugin LinuxDeviceProfileSelector
LogPluginManager: Mounting plugin LocationServicesBPLibrary
LogPluginManager: Mounting plugin MobilePatchingUtils
LogPluginManager: Mounting plugin OpenXR
LogPluginManager: Mounting plugin OpenXREyeTracker
LogPluginManager: Mounting plugin OpenXRHandTracking
LogPluginManager: Mounting plugin PhysXVehicles
LogPluginManager: Mounting plugin PostSplashScreen
LogPluginManager: Mounting plugin ProceduralMeshComponent
LogPluginManager: Mounting plugin PropertyAccessEditor
LogPluginManager: Mounting plugin RuntimePhysXCooking
LogPluginManager: Mounting plugin SignificanceManager
LogPluginManager: Mounting plugin SoundFields
LogPluginManager: Mounting plugin Synthesis
LogPluginManager: Mounting plugin WebMMoviePlayer
LogPluginManager: Mounting plugin WindowsMoviePlayer
LogPluginManager: Mounting plugin AnimationSharing
LogPluginManager: Mounting plugin CLionSourceCodeAccess
LogPluginManager: Mounting plugin CodeLiteSourceCodeAccess
LogPluginManager: Mounting plugin GitSourceControl
LogPluginManager: Mounting plugin KDevelopSourceCodeAccess
LogPluginManager: Mounting plugin NullSourceCodeAccess
LogPluginManager: Mounting plugin PerforceSourceControl
LogPluginManager: Mounting plugin PixWinPlugin
LogPluginManager: Mounting plugin PlasticSourceControl
LogPluginManager: Mounting plugin PluginUtils
LogPluginManager: Mounting plugin PropertyAccessNode
LogPluginManager: Mounting plugin RiderSourceCodeAccess
LogPluginManager: Mounting plugin SubversionSourceControl
LogPluginManager: Mounting plugin TextureFormatOodle
LogPluginManager: Mounting plugin UObjectPlugin
LogPluginManager: Mounting plugin VisualStudioCodeSourceCodeAccess
LogPluginManager: Mounting plugin VisualStudioSourceCodeAccess
LogPluginManager: Mounting plugin XCodeSourceCodeAccess
LogPluginManager: Mounting plugin ContentBrowserClassDataSource
LogPluginManager: Mounting plugin ContentBrowserAssetDataSource
LogPluginManager: Mounting plugin ContentBrowserFileDataSource
LogPluginManager: Mounting plugin OnlineSubsystemGooglePlay
LogPluginManager: Mounting plugin OnlineSubsystemIOS
LogPluginManager: Mounting plugin OculusVR
LogPluginManager: Mounting plugin SteamVR
LogInit: Using libcurl 7.55.1-DEV
LogInit:  - built for x86_64-pc-win32
LogInit:  - supports SSL with OpenSSL/1.1.1
LogInit:  - supports HTTP deflate (compression) using libz 1.2.8
LogInit:  - other features:
LogInit:      CURL_VERSION_SSL
LogInit:      CURL_VERSION_LIBZ
LogInit:      CURL_VERSION_IPV6
LogInit:      CURL_VERSION_ASYNCHDNS
LogInit:      CURL_VERSION_LARGEFILE
LogInit:      CURL_VERSION_IDN
LogInit:  CurlRequestOptions (configurable via config and command line):
LogInit:  - bVerifyPeer = true  - Libcurl will verify peer certificate
LogInit:  - bUseHttpProxy = false  - Libcurl will NOT use HTTP proxy
LogInit:  - bDontReuseConnections = false  - Libcurl will reuse connections
LogInit:  - MaxHostConnections = 16  - Libcurl will limit the number of connections to a host
LogInit:  - LocalHostAddr = Default
LogInit:  - BufferSize = 65536
LogOnline: OSS: Creating online subsystem instance for: NULL
LogInit: WinSock: version 1.1 (2.2), MaxSocks=32767, MaxUdp=65467
LogOnline: OSS: TryLoadSubsystemAndSetDefault: Loaded subsystem for module [NULL]
PixWinPlugin: PIX capture plugin failed to initialize! Check that the process is launched from PIX.
LogInit: Build: ++UE4+Release-4.27-CL-18319896
LogInit: Engine Version: 4.27.2-18319896+++UE4+Release-4.27
LogInit: Compatible Engine Version: 4.27.0-17155196+++UE4+Release-4.27
LogInit: Net CL: 17155196
LogInit: OS: Windows 10 (Release 2009) (), CPU: Intel(R) Core(TM) i5-8300H CPU @ 2.30GHz, GPU: NVIDIA GeForce GTX 1060
LogInit: Compiled (64-bit): Nov 30 2021 07:12:08
LogInit: Compiled with Visual C++: 19.24.28315.00
LogInit: Build Configuration: Development
LogInit: Branch Name: ++UE4+Release-4.27
LogInit: Command Line:  C:/Users/emmyt/OneDrive/Documents/GitHub/-Journeyman-Twonic---Alpha-Team/Twonic/Twonic.uproject -run=GatherText -config=Config/Localization/Game_Compile.ini
LogInit: Base Directory: D:/Epic Games/UE_4.27/Engine/Binaries/Win64/
LogInit: Allocator: TBB
LogInit: Installed Engine Build: 1
LogDevObjectVersion: Number of dev versions registered: 29
LogDevObjectVersion:   Dev-Blueprints (B0D832E4-1F89-4F0D-ACCF-7EB736FD4AA2): 10
LogDevObjectVersion:   Dev-Build (E1C64328-A22C-4D53-A36C-8E866417BD8C): 0
LogDevObjectVersion:   Dev-Core (375EC13C-06E4-48FB-B500-84F0262A717E): 4
LogDevObjectVersion:   Dev-Editor (E4B068ED-F494-42E9-A231-DA0B2E46BB41): 40
LogDevObjectVersion:   Dev-Framework (CFFC743F-43B0-4480-9391-14DF171D2073): 37
LogDevObjectVersion:   Dev-Mobile (B02B49B5-BB20-44E9-A304-32B752E40360): 3
LogDevObjectVersion:   Dev-Networking (A4E4105C-59A1-49B5-A7C5-40C4547EDFEE): 0
LogDevObjectVersion:   Dev-Online (39C831C9-5AE6-47DC-9A44-9C173E1C8E7C): 0
LogDevObjectVersion:   Dev-Physics (78F01B33-EBEA-4F98-B9B4-84EACCB95AA2): 14
LogDevObjectVersion:   Dev-Platform (6631380F-2D4D-43E0-8009-CF276956A95A): 0
LogDevObjectVersion:   Dev-Rendering (12F88B9F-8875-4AFC-A67C-D90C383ABD29): 45
LogDevObjectVersion:   Dev-Sequencer (7B5AE74C-D270-4C10-A958-57980B212A5A): 13
LogDevObjectVersion:   Dev-VR (D7296918-1DD6-4BDD-9DE2-64A83CC13884): 3
LogDevObjectVersion:   Dev-LoadTimes (C2A15278-BFE7-4AFE-6C17-90FF531DF755): 1
LogDevObjectVersion:   Private-Geometry (6EACA3D4-40EC-4CC1-B786-8BED09428FC5): 3
LogDevObjectVersion:   Dev-AnimPhys (29E575DD-E0A3-4627-9D10-D276232CDCEA): 17
LogDevObjectVersion:   Dev-Anim (AF43A65D-7FD3-4947-9873-3E8ED9C1BB05): 15
LogDevObjectVersion:   Dev-ReflectionCapture (6B266CEC-1EC7-4B8F-A30B-E4D90942FC07): 1
LogDevObjectVersion:   Dev-Automation (0DF73D61-A23F-47EA-B727-89E90C41499A): 1
LogDevObjectVersion:   FortniteMain (601D1886-AC64-4F84-AA16-D3DE0DEAC7D6): 47
LogDevObjectVersion:   FortniteRelease (E7086368-6B23-4C58-8439-1B7016265E91): 1
LogDevObjectVersion:   Dev-Enterprise (9DFFBCD6-494F-0158-E221-12823C92A888): 10
LogDevObjectVersion:   Dev-Niagara (F2AED0AC-9AFE-416F-8664-AA7FFA26D6FC): 1
LogDevObjectVersion:   Dev-Destruction (174F1F0B-B4C6-45A5-B13F-2EE8D0FB917D): 10
LogDevObjectVersion:   Dev-Physics-Ext (35F94A83-E258-406C-A318-09F59610247C): 41
LogDevObjectVersion:   Dev-PhysicsMaterial-Chaos (B68FC16E-8B1B-42E2-B453-215C058844FE): 1
LogDevObjectVersion:   Dev-CineCamera (B2E18506-4273-CFC2-A54E-F4BB758BBA07): 1
LogDevObjectVersion:   Dev-VirtualProduction (64F58936-FD1B-42BA-BA96-7289D5D0FA4E): 1
LogDevObjectVersion:   Dev-MediaFramework (6F0ED827-A609-4895-9C91-998D90180EA4): 2
LogInit: Presizing for max 25165824 objects, including 0 objects not considered by GC, pre-allocating 0 bytes for permanent pool.
LogConfig: Applying CVar settings from Section [/Script/Engine.StreamingSettings] File [C:/Users/emmyt/OneDrive/Documents/GitHub/-Journeyman-Twonic---Alpha-Team/Twonic/Saved/Config/Windows/Engine.ini]
LogConfig: Setting CVar [[s.MinBulkDataSizeForAsyncLoading:131072]]
LogConfig: Setting CVar [[s.AsyncLoadingThreadEnabled:0]]
LogConfig: Setting CVar [[s.EventDrivenLoaderEnabled:1]]
LogConfig: Setting CVar [[s.WarnIfTimeLimitExceeded:0]]
LogConfig: Setting CVar [[s.TimeLimitExceededMultiplier:1.5]]
LogConfig: Setting CVar [[s.TimeLimitExceededMinTime:0.005]]
LogConfig: Setting CVar [[s.UseBackgroundLevelStreaming:1]]
LogConfig: Setting CVar [[s.PriorityAsyncLoadingExtraTime:15.0]]
LogConfig: Setting CVar [[s.LevelStreamingActorsUpdateTimeLimit:5.0]]
LogConfig: Setting CVar [[s.PriorityLevelStreamingActorsUpdateExtraTime:5.0]]
LogConfig: Setting CVar [[s.LevelStreamingComponentsRegistrationGranularity:10]]
LogConfig: Setting CVar [[s.UnregisterComponentsTimeLimit:1.0]]
LogConfig: Setting CVar [[s.LevelStreamingComponentsUnregistrationGranularity:5]]
LogConfig: Setting CVar [[s.FlushStreamingOnExit:1]]
LogInit: Object subsystem initialized
LogConfig: Setting CVar [[con.DebugEarlyDefault:1]]
LogConfig: Setting CVar [[r.setres:1280x720]]
[2023.05.04-16.20.51:116][  0]LogConfig: Setting CVar [[con.DebugEarlyDefault:1]]
[2023.05.04-16.20.51:116][  0]LogConfig: Setting CVar [[r.setres:1280x720]]
[2023.05.04-16.20.51:116][  0]LogConfig: Applying CVar settings from Section [/Script/Engine.RendererSettings] File [C:/Users/emmyt/OneDrive/Documents/GitHub/-Journeyman-Twonic---Alpha-Team/Twonic/Saved/Config/Windows/Engine.ini]
[2023.05.04-16.20.51:116][  0]LogConfig: Setting CVar [[r.GPUCrashDebugging:0]]
[2023.05.04-16.20.51:116][  0]LogConfig: Setting CVar [[r.ForwardShading:0]]
[2023.05.04-16.20.51:116][  0]LogConfig: Setting CVar [[r.GenerateMeshDistanceFields:1]]
[2023.05.04-16.20.51:116][  0]LogConfig: Setting CVar [[r.DefaultFeature.AutoExposure:0]]
[2023.05.04-16.20.51:116][  0]LogConfig: Setting CVar [[r.CustomDepth:3]]
[2023.05.04-16.20.51:116][  0]LogConfig: Setting CVar [[r.Mobile.AllowSoftwareOcclusion:1]]
[2023.05.04-16.20.51:116][  0]LogConfig: Applying CVar settings from Section [/Script/Engine.RendererOverrideSettings] File [C:/Users/emmyt/OneDrive/Documents/GitHub/-Journeyman-Twonic---Alpha-Team/Twonic/Saved/Config/Windows/Engine.ini]
[2023.05.04-16.20.51:116][  0]LogConfig: Applying CVar settings from Section [/Script/Engine.StreamingSettings] File [C:/Users/emmyt/OneDrive/Documents/GitHub/-Journeyman-Twonic---Alpha-Team/Twonic/Saved/Config/Windows/Engine.ini]
[2023.05.04-16.20.51:117][  0]LogConfig: Setting CVar [[s.MinBulkDataSizeForAsyncLoading:131072]]
[2023.05.04-16.20.51:117][  0]LogConfig: Setting CVar [[s.AsyncLoadingThreadEnabled:0]]
[2023.05.04-16.20.51:117][  0]LogConfig: Setting CVar [[s.EventDrivenLoaderEnabled:1]]
[2023.05.04-16.20.51:117][  0]LogConfig: Setting CVar [[s.WarnIfTimeLimitExceeded:0]]
[2023.05.04-16.20.51:117][  0]LogConfig: Setting CVar [[s.TimeLimitExceededMultiplier:1.5]]
[2023.05.04-16.20.51:117][  0]LogConfig: Setting CVar [[s.TimeLimitExceededMinTime:0.005]]
[2023.05.04-16.20.51:117][  0]LogConfig: Setting CVar [[s.UseBackgroundLevelStreaming:1]]
[2023.05.04-16.20.51:117][  0]LogConfig: Setting CVar [[s.PriorityAsyncLoadingExtraTime:15.0]]
[2023.05.04-16.20.51:117][  0]LogConfig: Setting CVar [[s.LevelStreamingActorsUpdateTimeLimit:5.0]]
[2023.05.04-16.20.51:117][  0]LogConfig: Setting CVar [[s.PriorityLevelStreamingActorsUpdateExtraTime:5.0]]
[2023.05.04-16.20.51:117][  0]LogConfig: Setting CVar [[s.LevelStreamingComponentsRegistrationGranularity:10]]
[2023.05.04-16.20.51:117][  0]LogConfig: Setting CVar [[s.UnregisterComponentsTimeLimit:1.0]]
[2023.05.04-16.20.51:117][  0]LogConfig: Setting CVar [[s.LevelStreamingComponentsUnregistrationGranularity:5]]
[2023.05.04-16.20.51:117][  0]LogConfig: Setting CVar [[s.FlushStreamingOnExit:1]]
[2023.05.04-16.20.51:117][  0]LogConfig: Applying CVar settings from Section [/Script/Engine.GarbageCollectionSettings] File [C:/Users/emmyt/OneDrive/Documents/GitHub/-Journeyman-Twonic---Alpha-Team/Twonic/Saved/Config/Windows/Engine.ini]
[2023.05.04-16.20.51:117][  0]LogConfig: Setting CVar [[gc.MaxObjectsNotConsideredByGC:1]]
[2023.05.04-16.20.51:117][  0]LogConfig: Setting CVar [[gc.SizeOfPermanentObjectPool:0]]
[2023.05.04-16.20.51:117][  0]LogConfig: Setting CVar [[gc.FlushStreamingOnGC:0]]
[2023.05.04-16.20.51:117][  0]LogConfig: Setting CVar [[gc.NumRetriesBeforeForcingGC:10]]
[2023.05.04-16.20.51:117][  0]LogConfig: Setting CVar [[gc.AllowParallelGC:1]]
[2023.05.04-16.20.51:117][  0]LogConfig: Setting CVar [[gc.TimeBetweenPurgingPendingKillObjects:61.1]]
[2023.05.04-16.20.51:117][  0]LogConfig: Setting CVar [[gc.MaxObjectsInEditor:25165824]]
[2023.05.04-16.20.51:117][  0]LogConfig: Setting CVar [[gc.IncrementalBeginDestroyEnabled:1]]
[2023.05.04-16.20.51:117][  0]LogConfig: Setting CVar [[gc.CreateGCClusters:1]]
[2023.05.04-16.20.51:117][  0]LogConfig: Setting CVar [[gc.MinGCClusterSize:5]]
[2023.05.04-16.20.51:117][  0]LogConfig: Setting CVar [[gc.ActorClusteringEnabled:0]]
[2023.05.04-16.20.51:117][  0]LogConfig: Setting CVar [[gc.BlueprintClusteringEnabled:0]]
[2023.05.04-16.20.51:117][  0]LogConfig: Setting CVar [[gc.UseDisregardForGCOnDedicatedServers:0]]
[2023.05.04-16.20.51:117][  0]LogConfig: Setting CVar [[gc.MultithreadedDestructionEnabled:1]]
[2023.05.04-16.20.51:117][  0]LogConfig: Applying CVar settings from Section [/Script/Engine.NetworkSettings] File [C:/Users/emmyt/OneDrive/Documents/GitHub/-Journeyman-Twonic---Alpha-Team/Twonic/Saved/Config/Windows/Engine.ini]
[2023.05.04-16.20.51:117][  0]LogConfig: Applying CVar settings from Section [/Script/UnrealEd.CookerSettings] File [C:/Users/emmyt/OneDrive/Documents/GitHub/-Journeyman-Twonic---Alpha-Team/Twonic/Saved/Config/Windows/Engine.ini]
[2023.05.04-16.20.51:117][  0]LogConfig: Applying CVar settings from Section [ViewDistanceQuality@3] File [C:/Users/emmyt/OneDrive/Documents/GitHub/-Journeyman-Twonic---Alpha-Team/Twonic/Saved/Config/Windows/Scalability.ini]
[2023.05.04-16.20.51:117][  0]LogConfig: Setting CVar [[r.SkeletalMeshLODBias:0]]
[2023.05.04-16.20.51:117][  0]LogConfig: Setting CVar [[r.ViewDistanceScale:1.0]]
[2023.05.04-16.20.51:117][  0]LogConfig: Applying CVar settings from Section [AntiAliasingQuality@3] File [C:/Users/emmyt/OneDrive/Documents/GitHub/-Journeyman-Twonic---Alpha-Team/Twonic/Saved/Config/Windows/Scalability.ini]
[2023.05.04-16.20.51:117][  0]LogConfig: Setting CVar [[r.PostProcessAAQuality:4]]
[2023.05.04-16.20.51:117][  0]LogConfig: Applying CVar settings from Section [ShadowQuality@3] File [C:/Users/emmyt/OneDrive/Documents/GitHub/-Journeyman-Twonic---Alpha-Team/Twonic/Saved/Config/Windows/Scalability.ini]
[2023.05.04-16.20.51:117][  0]LogConfig: Setting CVar [[r.LightFunctionQuality:1]]
[2023.05.04-16.20.51:117][  0]LogConfig: Setting CVar [[r.ShadowQuality:5]]
[2023.05.04-16.20.51:117][  0]LogConfig: Setting CVar [[r.Shadow.CSM.MaxCascades:10]]
[2023.05.04-16.20.51:117][  0]LogConfig: Setting CVar [[r.Shadow.MaxResolution:2048]]
[2023.05.04-16.20.51:117][  0]LogConfig: Setting CVar [[r.Shadow.MaxCSMResolution:2048]]
[2023.05.04-16.20.51:117][  0]LogConfig: Setting CVar [[r.Shadow.RadiusThreshold:0.01]]
[2023.05.04-16.20.51:117][  0]LogConfig: Setting CVar [[r.Shadow.DistanceScale:1.0]]
[2023.05.04-16.20.51:117][  0]LogConfig: Setting CVar [[r.Shadow.CSM.TransitionScale:1.0]]
[2023.05.04-16.20.51:117][  0]LogConfig: Setting CVar [[r.Shadow.PreShadowResolutionFactor:1.0]]
[2023.05.04-16.20.51:117][  0]LogConfig: Setting CVar [[r.DistanceFieldShadowing:1]]
[2023.05.04-16.20.51:117][  0]LogConfig: Setting CVar [[r.DistanceFieldAO:1]]
[2023.05.04-16.20.51:117][  0]LogConfig: Setting CVar [[r.AOQuality:2]]
[2023.05.04-16.20.51:117][  0]LogConfig: Setting CVar [[r.VolumetricFog:1]]
[2023.05.04-16.20.51:117][  0]LogConfig: Setting CVar [[r.VolumetricFog.GridPixelSize:8]]
[2023.05.04-16.20.51:117][  0]LogConfig: Setting CVar [[r.VolumetricFog.GridSizeZ:128]]
[2023.05.04-16.20.51:117][  0]LogConfig: Setting CVar [[r.VolumetricFog.HistoryMissSupersampleCount:4]]
[2023.05.04-16.20.51:117][  0]LogConfig: Setting CVar [[r.LightMaxDrawDistanceScale:1]]
[2023.05.04-16.20.51:117][  0]LogConfig: Setting CVar [[r.CapsuleShadows:1]]
[2023.05.04-16.20.51:117][  0]LogConfig: Applying CVar settings from Section [PostProcessQuality@3] File [C:/Users/emmyt/OneDrive/Documents/GitHub/-Journeyman-Twonic---Alpha-Team/Twonic/Saved/Config/Windows/Scalability.ini]
[2023.05.04-16.20.51:117][  0]LogConfig: Setting CVar [[r.MotionBlurQuality:4]]
[2023.05.04-16.20.51:117][  0]LogConfig: Setting CVar [[r.AmbientOcclusionMipLevelFactor:0.4]]
[2023.05.04-16.20.51:117][  0]LogConfig: Setting CVar [[r.AmbientOcclusionMaxQuality:100]]
[2023.05.04-16.20.51:117][  0]LogConfig: Setting CVar [[r.AmbientOcclusionLevels:-1]]
[2023.05.04-16.20.51:117][  0]LogConfig: Setting CVar [[r.AmbientOcclusionRadiusScale:1.0]]
[2023.05.04-16.20.51:117][  0]LogConfig: Setting CVar [[r.DepthOfFieldQuality:2]]
[2023.05.04-16.20.51:117][  0]LogConfig: Setting CVar [[r.RenderTargetPoolMin:400]]
[2023.05.04-16.20.51:117][  0]LogConfig: Setting CVar [[r.LensFlareQuality:2]]
[2023.05.04-16.20.51:117][  0]LogConfig: Setting CVar [[r.SceneColorFringeQuality:1]]
[2023.05.04-16.20.51:117][  0]LogConfig: Setting CVar [[r.EyeAdaptationQuality:2]]
[2023.05.04-16.20.51:117][  0]LogConfig: Setting CVar [[r.BloomQuality:5]]
[2023.05.04-16.20.51:117][  0]LogConfig: Setting CVar [[r.FastBlurThreshold:100]]
[2023.05.04-16.20.51:117][  0]LogConfig: Setting CVar [[r.Upscale.Quality:3]]
[2023.05.04-16.20.51:117][  0]LogConfig: Setting CVar [[r.Tonemapper.GrainQuantization:1]]
[2023.05.04-16.20.51:117][  0]LogConfig: Setting CVar [[r.LightShaftQuality:1]]
[2023.05.04-16.20.51:118][  0]LogConfig: Setting CVar [[r.Filter.SizeScale:1]]
[2023.05.04-16.20.51:118][  0]LogConfig: Setting CVar [[r.Tonemapper.Quality:5]]
[2023.05.04-16.20.51:118][  0]LogConfig: Setting CVar [[r.DOF.Gather.AccumulatorQuality:1        ; higher gathering accumulator quality]]
[2023.05.04-16.20.51:118][  0]LogConfig: Setting CVar [[r.DOF.Gather.PostfilterMethod:1          ; Median3x3 postfilering method]]
[2023.05.04-16.20.51:118][  0]LogConfig: Setting CVar [[r.DOF.Gather.EnableBokehSettings:0       ; no bokeh simulation when gathering]]
[2023.05.04-16.20.51:118][  0]LogConfig: Setting CVar [[r.DOF.Gather.RingCount:4                 ; medium number of samples when gathering]]
[2023.05.04-16.20.51:118][  0]LogConfig: Setting CVar [[r.DOF.Scatter.ForegroundCompositing:1    ; additive foreground scattering]]
[2023.05.04-16.20.51:118][  0]LogConfig: Setting CVar [[r.DOF.Scatter.BackgroundCompositing:2    ; additive background scattering]]
[2023.05.04-16.20.51:118][  0]LogConfig: Setting CVar [[r.DOF.Scatter.EnableBokehSettings:1      ; bokeh simulation when scattering]]
[2023.05.04-16.20.51:118][  0]LogConfig: Setting CVar [[r.DOF.Scatter.MaxSpriteRatio:0.1         ; only a maximum of 10% of scattered bokeh]]
[2023.05.04-16.20.51:118][  0]LogConfig: Setting CVar [[r.DOF.Recombine.Quality:1                ; cheap slight out of focus]]
[2023.05.04-16.20.51:118][  0]LogConfig: Setting CVar [[r.DOF.Recombine.EnableBokehSettings:0    ; no bokeh simulation on slight out of focus]]
[2023.05.04-16.20.51:118][  0]LogConfig: Setting CVar [[r.DOF.TemporalAAQuality:1                ; more stable temporal accumulation]]
[2023.05.04-16.20.51:118][  0]LogConfig: Setting CVar [[r.DOF.Kernel.MaxForegroundRadius:0.025]]
[2023.05.04-16.20.51:118][  0]LogConfig: Setting CVar [[r.DOF.Kernel.MaxBackgroundRadius:0.025]]
[2023.05.04-16.20.51:118][  0]LogConfig: Applying CVar settings from Section [TextureQuality@3] File [C:/Users/emmyt/OneDrive/Documents/GitHub/-Journeyman-Twonic---Alpha-Team/Twonic/Saved/Config/Windows/Scalability.ini]
[2023.05.04-16.20.51:118][  0]LogConfig: Setting CVar [[r.Streaming.MipBias:0]]
[2023.05.04-16.20.51:118][  0]LogConfig: Setting CVar [[r.Streaming.AmortizeCPUToGPUCopy:0]]
[2023.05.04-16.20.51:118][  0]LogConfig: Setting CVar [[r.Streaming.MaxNumTexturesToStreamPerFrame:0]]
[2023.05.04-16.20.51:118][  0]LogConfig: Setting CVar [[r.Streaming.Boost:1]]
[2023.05.04-16.20.51:118][  0]LogConfig: Setting CVar [[r.MaxAnisotropy:8]]
[2023.05.04-16.20.51:118][  0]LogConfig: Setting CVar [[r.VT.MaxAnisotropy:8]]
[2023.05.04-16.20.51:118][  0]LogConfig: Setting CVar [[r.Streaming.LimitPoolSizeToVRAM:0]]
[2023.05.04-16.20.51:118][  0]LogConfig: Setting CVar [[r.Streaming.PoolSize:1000]]
[2023.05.04-16.20.51:118][  0]LogConfig: Setting CVar [[r.Streaming.MaxEffectiveScreenSize:0]]
[2023.05.04-16.20.51:118][  0]LogConfig: Applying CVar settings from Section [EffectsQuality@3] File [C:/Users/emmyt/OneDrive/Documents/GitHub/-Journeyman-Twonic---Alpha-Team/Twonic/Saved/Config/Windows/Scalability.ini]
[2023.05.04-16.20.51:118][  0]LogConfig: Setting CVar [[r.TranslucencyLightingVolumeDim:64]]
[2023.05.04-16.20.51:118][  0]LogConfig: Setting CVar [[r.RefractionQuality:2]]
[2023.05.04-16.20.51:118][  0]LogConfig: Setting CVar [[r.SSR.Quality:3]]
[2023.05.04-16.20.51:118][  0]LogConfig: Setting CVar [[r.SSR.HalfResSceneColor:0]]
[2023.05.04-16.20.51:118][  0]LogConfig: Setting CVar [[r.SceneColorFormat:4]]
[2023.05.04-16.20.51:118][  0]LogConfig: Setting CVar [[r.DetailMode:2]]
[2023.05.04-16.20.51:118][  0]LogConfig: Setting CVar [[r.TranslucencyVolumeBlur:1]]
[2023.05.04-16.20.51:118][  0]LogConfig: Setting CVar [[r.MaterialQualityLevel:1 ; High quality]]
[2023.05.04-16.20.51:118][  0]LogConfig: Setting CVar [[r.AnisotropicMaterials:1]]
[2023.05.04-16.20.51:118][  0]LogConfig: Setting CVar [[r.SSS.Scale:1]]
[2023.05.04-16.20.51:118][  0]LogConfig: Setting CVar [[r.SSS.SampleSet:2]]
[2023.05.04-16.20.51:118][  0]LogConfig: Setting CVar [[r.SSS.Quality:1]]
[2023.05.04-16.20.51:118][  0]LogConfig: Setting CVar [[r.SSS.HalfRes:0]]
[2023.05.04-16.20.51:118][  0]LogConfig: Setting CVar [[r.SSGI.Quality:3]]
[2023.05.04-16.20.51:118][  0]LogConfig: Setting CVar [[r.EmitterSpawnRateScale:1.0]]
[2023.05.04-16.20.51:118][  0]LogConfig: Setting CVar [[r.ParticleLightQuality:2]]
[2023.05.04-16.20.51:118][  0]LogConfig: Setting CVar [[r.SkyAtmosphere.AerialPerspectiveLUT.FastApplyOnOpaque:1 ; Always have FastSkyLUT 1 in this case to avoid wrong sky]]
[2023.05.04-16.20.51:118][  0]LogConfig: Setting CVar [[r.SkyAtmosphere.AerialPerspectiveLUT.SampleCountMaxPerSlice:4]]
[2023.05.04-16.20.51:118][  0]LogConfig: Setting CVar [[r.SkyAtmosphere.AerialPerspectiveLUT.DepthResolution:16.0]]
[2023.05.04-16.20.51:118][  0]LogConfig: Setting CVar [[r.SkyAtmosphere.FastSkyLUT:1]]
[2023.05.04-16.20.51:118][  0]LogConfig: Setting CVar [[r.SkyAtmosphere.FastSkyLUT.SampleCountMin:4.0]]
[2023.05.04-16.20.51:118][  0]LogConfig: Setting CVar [[r.SkyAtmosphere.FastSkyLUT.SampleCountMax:128.0]]
[2023.05.04-16.20.51:118][  0]LogConfig: Setting CVar [[r.SkyAtmosphere.SampleCountMin:4.0]]
[2023.05.04-16.20.51:118][  0]LogConfig: Setting CVar [[r.SkyAtmosphere.SampleCountMax:128.0]]
[2023.05.04-16.20.51:118][  0]LogConfig: Setting CVar [[r.SkyAtmosphere.TransmittanceLUT.UseSmallFormat:0]]
[2023.05.04-16.20.51:118][  0]LogConfig: Setting CVar [[r.SkyAtmosphere.TransmittanceLUT.SampleCount:10.0]]
[2023.05.04-16.20.51:118][  0]LogConfig: Setting CVar [[r.SkyAtmosphere.MultiScatteringLUT.SampleCount:15.0]]
[2023.05.04-16.20.51:118][  0]LogConfig: Setting CVar [[r.SkyLight.RealTimeReflectionCapture:1]]
[2023.05.04-16.20.51:118][  0]LogConfig: Applying CVar settings from Section [FoliageQuality@3] File [C:/Users/emmyt/OneDrive/Documents/GitHub/-Journeyman-Twonic---Alpha-Team/Twonic/Saved/Config/Windows/Scalability.ini]
[2023.05.04-16.20.51:118][  0]LogConfig: Setting CVar [[foliage.DensityScale:1.0]]
[2023.05.04-16.20.51:118][  0]LogConfig: Setting CVar [[grass.DensityScale:1.0]]
[2023.05.04-16.20.51:118][  0]LogConfig: Applying CVar settings from Section [ShadingQuality@3] File [C:/Users/emmyt/OneDrive/Documents/GitHub/-Journeyman-Twonic---Alpha-Team/Twonic/Saved/Config/Windows/Scalability.ini]
[2023.05.04-16.20.51:118][  0]LogConfig: Setting CVar [[r.HairStrands.SkyLighting.IntegrationType:2]]
[2023.05.04-16.20.51:118][  0]LogConfig: Setting CVar [[r.HairStrands.SkyAO.SampleCount:4]]
[2023.05.04-16.20.51:118][  0]LogConfig: Setting CVar [[r.HairStrands.Visibility.MSAA.SamplePerPixel:4]]
[2023.05.04-16.20.51:137][  0]LogInit: Selected Device Profile: [Windows]
[2023.05.04-16.20.51:137][  0]LogInit: Applying CVar settings loaded from the selected device profile: [Windows]
[2023.05.04-16.20.51:137][  0]LogHAL: Display: Platform has ~ 8 GB [8464343040 / 8589934592 / 8], which maps to Default [LargestMinGB=32, LargerMinGB=12, DefaultMinGB=8, SmallerMinGB=6, SmallestMinGB=0)
[2023.05.04-16.20.51:166][  0]LogInit: Going up to parent DeviceProfile []
[2023.05.04-16.20.51:166][  0]LogConfig: Applying CVar settings from Section [ViewDistanceQuality@3] File [C:/Users/emmyt/OneDrive/Documents/GitHub/-Journeyman-Twonic---Alpha-Team/Twonic/Saved/Config/Windows/Scalability.ini]
[2023.05.04-16.20.51:166][  0]LogConfig: Setting CVar [[r.SkeletalMeshLODBias:0]]
[2023.05.04-16.20.51:166][  0]LogConfig: Setting CVar [[r.ViewDistanceScale:1.0]]
[2023.05.04-16.20.51:166][  0]LogConfig: Applying CVar settings from Section [AntiAliasingQuality@3] File [C:/Users/emmyt/OneDrive/Documents/GitHub/-Journeyman-Twonic---Alpha-Team/Twonic/Saved/Config/Windows/Scalability.ini]
[2023.05.04-16.20.51:166][  0]LogConfig: Setting CVar [[r.PostProcessAAQuality:4]]
[2023.05.04-16.20.51:166][  0]LogConfig: Applying CVar settings from Section [ShadowQuality@3] File [C:/Users/emmyt/OneDrive/Documents/GitHub/-Journeyman-Twonic---Alpha-Team/Twonic/Saved/Config/Windows/Scalability.ini]
[2023.05.04-16.20.51:166][  0]LogConfig: Setting CVar [[r.LightFunctionQuality:1]]
[2023.05.04-16.20.51:166][  0]LogConfig: Setting CVar [[r.ShadowQuality:5]]
[2023.05.04-16.20.51:166][  0]LogConfig: Setting CVar [[r.Shadow.CSM.MaxCascades:10]]
[2023.05.04-16.20.51:166][  0]LogConfig: Setting CVar [[r.Shadow.MaxResolution:2048]]
[2023.05.04-16.20.51:166][  0]LogConfig: Setting CVar [[r.Shadow.MaxCSMResolution:2048]]
[2023.05.04-16.20.51:166][  0]LogConfig: Setting CVar [[r.Shadow.RadiusThreshold:0.01]]
[2023.05.04-16.20.51:166][  0]LogConfig: Setting CVar [[r.Shadow.DistanceScale:1.0]]
[2023.05.04-16.20.51:166][  0]LogConfig: Setting CVar [[r.Shadow.CSM.TransitionScale:1.0]]
[2023.05.04-16.20.51:166][  0]LogConfig: Setting CVar [[r.Shadow.PreShadowResolutionFactor:1.0]]
[2023.05.04-16.20.51:166][  0]LogConfig: Setting CVar [[r.DistanceFieldShadowing:1]]
[2023.05.04-16.20.51:166][  0]LogConfig: Setting CVar [[r.DistanceFieldAO:1]]
[2023.05.04-16.20.51:166][  0]LogConfig: Setting CVar [[r.AOQuality:2]]
[2023.05.04-16.20.51:166][  0]LogConfig: Setting CVar [[r.VolumetricFog:1]]
[2023.05.04-16.20.51:167][  0]LogConfig: Setting CVar [[r.VolumetricFog.GridPixelSize:8]]
[2023.05.04-16.20.51:167][  0]LogConfig: Setting CVar [[r.VolumetricFog.GridSizeZ:128]]
[2023.05.04-16.20.51:167][  0]LogConfig: Setting CVar [[r.VolumetricFog.HistoryMissSupersampleCount:4]]
[2023.05.04-16.20.51:167][  0]LogConfig: Setting CVar [[r.LightMaxDrawDistanceScale:1]]
[2023.05.04-16.20.51:167][  0]LogConfig: Setting CVar [[r.CapsuleShadows:1]]
[2023.05.04-16.20.51:167][  0]LogConfig: Applying CVar settings from Section [PostProcessQuality@3] File [C:/Users/emmyt/OneDrive/Documents/GitHub/-Journeyman-Twonic---Alpha-Team/Twonic/Saved/Config/Windows/Scalability.ini]
[2023.05.04-16.20.51:167][  0]LogConfig: Setting CVar [[r.MotionBlurQuality:4]]
[2023.05.04-16.20.51:167][  0]LogConfig: Setting CVar [[r.AmbientOcclusionMipLevelFactor:0.4]]
[2023.05.04-16.20.51:167][  0]LogConfig: Setting CVar [[r.AmbientOcclusionMaxQuality:100]]
[2023.05.04-16.20.51:167][  0]LogConfig: Setting CVar [[r.AmbientOcclusionLevels:-1]]
[2023.05.04-16.20.51:167][  0]LogConfig: Setting CVar [[r.AmbientOcclusionRadiusScale:1.0]]
[2023.05.04-16.20.51:167][  0]LogConfig: Setting CVar [[r.DepthOfFieldQuality:2]]
[2023.05.04-16.20.51:167][  0]LogConfig: Setting CVar [[r.RenderTargetPoolMin:400]]
[2023.05.04-16.20.51:167][  0]LogConfig: Setting CVar [[r.LensFlareQuality:2]]
[2023.05.04-16.20.51:167][  0]LogConfig: Setting CVar [[r.SceneColorFringeQuality:1]]
[2023.05.04-16.20.51:167][  0]LogConfig: Setting CVar [[r.EyeAdaptationQuality:2]]
[2023.05.04-16.20.51:167][  0]LogConfig: Setting CVar [[r.BloomQuality:5]]
[2023.05.04-16.20.51:167][  0]LogConfig: Setting CVar [[r.FastBlurThreshold:100]]
[2023.05.04-16.20.51:167][  0]LogConfig: Setting CVar [[r.Upscale.Quality:3]]
[2023.05.04-16.20.51:167][  0]LogConfig: Setting CVar [[r.Tonemapper.GrainQuantization:1]]
[2023.05.04-16.20.51:167][  0]LogConfig: Setting CVar [[r.LightShaftQuality:1]]
[2023.05.04-16.20.51:167][  0]LogConfig: Setting CVar [[r.Filter.SizeScale:1]]
[2023.05.04-16.20.51:167][  0]LogConfig: Setting CVar [[r.Tonemapper.Quality:5]]
[2023.05.04-16.20.51:167][  0]LogConfig: Setting CVar [[r.DOF.Gather.AccumulatorQuality:1        ; higher gathering accumulator quality]]
[2023.05.04-16.20.51:167][  0]LogConfig: Setting CVar [[r.DOF.Gather.PostfilterMethod:1          ; Median3x3 postfilering method]]
[2023.05.04-16.20.51:167][  0]LogConfig: Setting CVar [[r.DOF.Gather.EnableBokehSettings:0       ; no bokeh simulation when gathering]]
[2023.05.04-16.20.51:167][  0]LogConfig: Setting CVar [[r.DOF.Gather.RingCount:4                 ; medium number of samples when gathering]]
[2023.05.04-16.20.51:167][  0]LogConfig: Setting CVar [[r.DOF.Scatter.ForegroundCompositing:1    ; additive foreground scattering]]
[2023.05.04-16.20.51:167][  0]LogConfig: Setting CVar [[r.DOF.Scatter.BackgroundCompositing:2    ; additive background scattering]]
[2023.05.04-16.20.51:167][  0]LogConfig: Setting CVar [[r.DOF.Scatter.EnableBokehSettings:1      ; bokeh simulation when scattering]]
[2023.05.04-16.20.51:167][  0]LogConfig: Setting CVar [[r.DOF.Scatter.MaxSpriteRatio:0.1         ; only a maximum of 10% of scattered bokeh]]
[2023.05.04-16.20.51:167][  0]LogConfig: Setting CVar [[r.DOF.Recombine.Quality:1                ; cheap slight out of focus]]
[2023.05.04-16.20.51:167][  0]LogConfig: Setting CVar [[r.DOF.Recombine.EnableBokehSettings:0    ; no bokeh simulation on slight out of focus]]
[2023.05.04-16.20.51:167][  0]LogConfig: Setting CVar [[r.DOF.TemporalAAQuality:1                ; more stable temporal accumulation]]
[2023.05.04-16.20.51:167][  0]LogConfig: Setting CVar [[r.DOF.Kernel.MaxForegroundRadius:0.025]]
[2023.05.04-16.20.51:167][  0]LogConfig: Setting CVar [[r.DOF.Kernel.MaxBackgroundRadius:0.025]]
[2023.05.04-16.20.51:167][  0]LogConfig: Applying CVar settings from Section [TextureQuality@3] File [C:/Users/emmyt/OneDrive/Documents/GitHub/-Journeyman-Twonic---Alpha-Team/Twonic/Saved/Config/Windows/Scalability.ini]
[2023.05.04-16.20.51:167][  0]LogConfig: Setting CVar [[r.Streaming.MipBias:0]]
[2023.05.04-16.20.51:167][  0]LogConfig: Setting CVar [[r.Streaming.AmortizeCPUToGPUCopy:0]]
[2023.05.04-16.20.51:167][  0]LogConfig: Setting CVar [[r.Streaming.MaxNumTexturesToStreamPerFrame:0]]
[2023.05.04-16.20.51:167][  0]LogConfig: Setting CVar [[r.Streaming.Boost:1]]
[2023.05.04-16.20.51:167][  0]LogConfig: Setting CVar [[r.MaxAnisotropy:8]]
[2023.05.04-16.20.51:167][  0]LogConfig: Setting CVar [[r.VT.MaxAnisotropy:8]]
[2023.05.04-16.20.51:167][  0]LogConfig: Setting CVar [[r.Streaming.LimitPoolSizeToVRAM:0]]
[2023.05.04-16.20.51:167][  0]LogConfig: Setting CVar [[r.Streaming.PoolSize:1000]]
[2023.05.04-16.20.51:167][  0]LogConfig: Setting CVar [[r.Streaming.MaxEffectiveScreenSize:0]]
[2023.05.04-16.20.51:167][  0]LogConfig: Applying CVar settings from Section [EffectsQuality@3] File [C:/Users/emmyt/OneDrive/Documents/GitHub/-Journeyman-Twonic---Alpha-Team/Twonic/Saved/Config/Windows/Scalability.ini]
[2023.05.04-16.20.51:167][  0]LogConfig: Setting CVar [[r.TranslucencyLightingVolumeDim:64]]
[2023.05.04-16.20.51:167][  0]LogConfig: Setting CVar [[r.RefractionQuality:2]]
[2023.05.04-16.20.51:167][  0]LogConfig: Setting CVar [[r.SSR.Quality:3]]
[2023.05.04-16.20.51:167][  0]LogConfig: Setting CVar [[r.SSR.HalfResSceneColor:0]]
[2023.05.04-16.20.51:167][  0]LogConfig: Setting CVar [[r.SceneColorFormat:4]]
[2023.05.04-16.20.51:167][  0]LogConfig: Setting CVar [[r.DetailMode:2]]
[2023.05.04-16.20.51:167][  0]LogConfig: Setting CVar [[r.TranslucencyVolumeBlur:1]]
[2023.05.04-16.20.51:167][  0]LogConfig: Setting CVar [[r.MaterialQualityLevel:1 ; High quality]]
[2023.05.04-16.20.51:167][  0]LogConfig: Setting CVar [[r.AnisotropicMaterials:1]]
[2023.05.04-16.20.51:167][  0]LogConfig: Setting CVar [[r.SSS.Scale:1]]
[2023.05.04-16.20.51:167][  0]LogConfig: Setting CVar [[r.SSS.SampleSet:2]]
[2023.05.04-16.20.51:167][  0]LogConfig: Setting CVar [[r.SSS.Quality:1]]
[2023.05.04-16.20.51:167][  0]LogConfig: Setting CVar [[r.SSS.HalfRes:0]]
[2023.05.04-16.20.51:167][  0]LogConfig: Setting CVar [[r.SSGI.Quality:3]]
[2023.05.04-16.20.51:167][  0]LogConfig: Setting CVar [[r.EmitterSpawnRateScale:1.0]]
[2023.05.04-16.20.51:167][  0]LogConfig: Setting CVar [[r.ParticleLightQuality:2]]
[2023.05.04-16.20.51:167][  0]LogConfig: Setting CVar [[r.SkyAtmosphere.AerialPerspectiveLUT.FastApplyOnOpaque:1 ; Always have FastSkyLUT 1 in this case to avoid wrong sky]]
[2023.05.04-16.20.51:167][  0]LogConfig: Setting CVar [[r.SkyAtmosphere.AerialPerspectiveLUT.SampleCountMaxPerSlice:4]]
[2023.05.04-16.20.51:167][  0]LogConfig: Setting CVar [[r.SkyAtmosphere.AerialPerspectiveLUT.DepthResolution:16.0]]
[2023.05.04-16.20.51:167][  0]LogConfig: Setting CVar [[r.SkyAtmosphere.FastSkyLUT:1]]
[2023.05.04-16.20.51:167][  0]LogConfig: Setting CVar [[r.SkyAtmosphere.FastSkyLUT.SampleCountMin:4.0]]
[2023.05.04-16.20.51:167][  0]LogConfig: Setting CVar [[r.SkyAtmosphere.FastSkyLUT.SampleCountMax:128.0]]
[2023.05.04-16.20.51:168][  0]LogConfig: Setting CVar [[r.SkyAtmosphere.SampleCountMin:4.0]]
[2023.05.04-16.20.51:168][  0]LogConfig: Setting CVar [[r.SkyAtmosphere.SampleCountMax:128.0]]
[2023.05.04-16.20.51:168][  0]LogConfig: Setting CVar [[r.SkyAtmosphere.TransmittanceLUT.UseSmallFormat:0]]
[2023.05.04-16.20.51:168][  0]LogConfig: Setting CVar [[r.SkyAtmosphere.TransmittanceLUT.SampleCount:10.0]]
[2023.05.04-16.20.51:168][  0]LogConfig: Setting CVar [[r.SkyAtmosphere.MultiScatteringLUT.SampleCount:15.0]]
[2023.05.04-16.20.51:168][  0]LogConfig: Setting CVar [[r.SkyLight.RealTimeReflectionCapture:1]]
[2023.05.04-16.20.51:168][  0]LogConfig: Applying CVar settings from Section [FoliageQuality@3] File [C:/Users/emmyt/OneDrive/Documents/GitHub/-Journeyman-Twonic---Alpha-Team/Twonic/Saved/Config/Windows/Scalability.ini]
[2023.05.04-16.20.51:168][  0]LogConfig: Setting CVar [[foliage.DensityScale:1.0]]
[2023.05.04-16.20.51:168][  0]LogConfig: Setting CVar [[grass.DensityScale:1.0]]
[2023.05.04-16.20.51:168][  0]LogConfig: Applying CVar settings from Section [ShadingQuality@3] File [C:/Users/emmyt/OneDrive/Documents/GitHub/-Journeyman-Twonic---Alpha-Team/Twonic/Saved/Config/Windows/Scalability.ini]
[2023.05.04-16.20.51:168][  0]LogConfig: Setting CVar [[r.HairStrands.SkyLighting.IntegrationType:2]]
[2023.05.04-16.20.51:168][  0]LogConfig: Setting CVar [[r.HairStrands.SkyAO.SampleCount:4]]
[2023.05.04-16.20.51:168][  0]LogConfig: Setting CVar [[r.HairStrands.Visibility.MSAA.SamplePerPixel:4]]
[2023.05.04-16.20.51:168][  0]LogConfig: Applying CVar settings from Section [Startup] File [../../../Engine/Config/ConsoleVariables.ini]
[2023.05.04-16.20.51:194][  0]LogConfig: Setting CVar [[net.UseAdaptiveNetUpdateFrequency:0]]
[2023.05.04-16.20.51:194][  0]LogConfig: Setting CVar [[p.chaos.AllowCreatePhysxBodies:1]]
[2023.05.04-16.20.51:194][  0]LogConfig: Setting CVar [[fx.SkipVectorVMBackendOptimizations:1]]
[2023.05.04-16.20.51:194][  0]LogConfig: Applying CVar settings from Section [ConsoleVariables] File [C:/Users/emmyt/OneDrive/Documents/GitHub/-Journeyman-Twonic---Alpha-Team/Twonic/Saved/Config/Windows/Engine.ini]
[2023.05.04-16.20.51:194][  0]LogConfig: Applying CVar settings from Section [ConsoleVariables] File [C:/Users/emmyt/OneDrive/Documents/GitHub/-Journeyman-Twonic---Alpha-Team/Twonic/Saved/Config/Windows/Editor.ini]
[2023.05.04-16.20.51:212][  0]LogInit: Computer: LAPTOP-OVB59CM9
[2023.05.04-16.20.51:212][  0]LogInit: User: emmyt
[2023.05.04-16.20.51:212][  0]LogInit: CPU Page size=4096, Cores=4
[2023.05.04-16.20.51:212][  0]LogInit: High frequency timer resolution =10.000000 MHz
[2023.05.04-16.20.51:212][  0]LogMemory: Memory total: Physical=7.9GB (8GB approx)
[2023.05.04-16.20.51:212][  0]LogMemory: Platform Memory Stats for Windows
[2023.05.04-16.20.51:212][  0]LogMemory: Process Physical Memory: 141.18 MB used, 141.18 MB peak
[2023.05.04-16.20.51:212][  0]LogMemory: Process Virtual Memory: 114.47 MB used, 114.47 MB peak
[2023.05.04-16.20.51:212][  0]LogMemory: Physical Memory: 6771.71 MB used,  1300.52 MB free, 8072.23 MB total
[2023.05.04-16.20.51:212][  0]LogMemory: Virtual Memory: 134213512.00 MB used,  4214.43 MB free, 134217728.00 MB total
[2023.05.04-16.20.51:225][  0]LogWindows: WindowsPlatformFeatures enabled
[2023.05.04-16.20.52:183][  0]LogInit: Physics initialised using underlying interface: PhysX
[2023.05.04-16.20.52:200][  0]LogInit: Using OS detected language (en-GB).
[2023.05.04-16.20.52:200][  0]LogInit: Using OS detected locale (en-GB).
[2023.05.04-16.20.52:201][  0]LogTextLocalizationManager: No specific localization for 'en-GB' exists, so the 'en' localization will be used.
[2023.05.04-16.20.55:393][  0]LogTargetPlatformManager: Display: Loaded TargetPlatform 'AllDesktop'
[2023.05.04-16.20.55:486][  0]LogTargetPlatformManager: Display: Loaded TargetPlatform 'Android'
[2023.05.04-16.20.55:486][  0]LogTargetPlatformManager: Display: Loaded TargetPlatform 'Android_ASTC'
[2023.05.04-16.20.55:486][  0]LogTargetPlatformManager: Display: Loaded TargetPlatform 'Android_DXT'
[2023.05.04-16.20.55:486][  0]LogTargetPlatformManager: Display: Loaded TargetPlatform 'Android_ETC2'
[2023.05.04-16.20.55:486][  0]LogTargetPlatformManager: Display: Loaded TargetPlatform 'AndroidClient'
[2023.05.04-16.20.55:487][  0]LogTargetPlatformManager: Display: Loaded TargetPlatform 'Android_ASTCClient'
[2023.05.04-16.20.55:487][  0]LogTargetPlatformManager: Display: Loaded TargetPlatform 'Android_DXTClient'
[2023.05.04-16.20.55:487][  0]LogTargetPlatformManager: Display: Loaded TargetPlatform 'Android_ETC2Client'
[2023.05.04-16.20.55:487][  0]LogTargetPlatformManager: Display: Loaded TargetPlatform 'Android_Multi'
[2023.05.04-16.20.55:487][  0]LogTargetPlatformManager: Display: Loaded TargetPlatform 'Android_MultiClient'
[2023.05.04-16.20.55:628][  0]LogTargetPlatformManager: Display: Loaded TargetPlatform 'IOSClient'
[2023.05.04-16.20.55:628][  0]LogTargetPlatformManager: Display: Loaded TargetPlatform 'IOS'
[2023.05.04-16.20.55:724][  0]LogTargetPlatformManager: Display: Loaded TargetPlatform 'Linux'
[2023.05.04-16.20.55:820][  0]LogTargetPlatformManager: Display: Loaded TargetPlatform 'LinuxNoEditor'
[2023.05.04-16.20.55:831][  0]LogTargetPlatformManager: Display: Loaded TargetPlatform 'LinuxClient'
[2023.05.04-16.20.55:848][  0]LogTargetPlatformManager: Display: Loaded TargetPlatform 'LinuxServer'
[2023.05.04-16.20.55:891][  0]LogTargetPlatformManager: Display: Loaded TargetPlatform 'LinuxAArch64NoEditor'
[2023.05.04-16.20.55:917][  0]LogTargetPlatformManager: Display: Loaded TargetPlatform 'LinuxAArch64Client'
[2023.05.04-16.20.55:936][  0]LogTargetPlatformManager: Display: Loaded TargetPlatform 'LinuxAArch64Server'
[2023.05.04-16.20.56:021][  0]LogTargetPlatformManager: Display: Loaded TargetPlatform 'Lumin'
[2023.05.04-16.20.56:021][  0]LogTargetPlatformManager: Display: Loaded TargetPlatform 'LuminClient'
[2023.05.04-16.20.56:110][  0]LogTargetPlatformManager: Display: Loaded TargetPlatform 'MacNoEditor'
[2023.05.04-16.20.56:160][  0]LogTargetPlatformManager: Display: Loaded TargetPlatform 'Mac'
[2023.05.04-16.20.56:168][  0]LogTargetPlatformManager: Display: Loaded TargetPlatform 'MacClient'
[2023.05.04-16.20.56:177][  0]LogTargetPlatformManager: Display: Loaded TargetPlatform 'MacServer'
[2023.05.04-16.20.56:205][  0]LogTargetPlatformManager: Display: Loaded TargetPlatform 'TVOSClient'
[2023.05.04-16.20.56:205][  0]LogTargetPlatformManager: Display: Loaded TargetPlatform 'TVOS'
[2023.05.04-16.20.56:251][  0]LogTargetPlatformManager: Display: Loaded TargetPlatform 'WindowsNoEditor'
[2023.05.04-16.20.56:311][  0]LogTargetPlatformManager: Display: Loaded TargetPlatform 'Windows'
[2023.05.04-16.20.56:382][  0]LogTargetPlatformManager: Display: Loaded TargetPlatform 'WindowsClient'
[2023.05.04-16.20.56:416][  0]LogTargetPlatformManager: Display: Loaded TargetPlatform 'WindowsServer'
[2023.05.04-16.20.56:416][  0]LogTargetPlatformManager: Display: Building Assets For Windows
[2023.05.04-16.20.56:610][  0]LogAudioDebug: Display: Lib vorbis DLL was dynamically loaded.
[2023.05.04-16.20.56:939][  0]LogTextureFormatOodle: Display: Oodle Texture 2.9.0 init RDO Off
[2023.05.04-16.20.57:902][  0]LogRendererCore: Ray tracing is disabled. Reason: r.RayTracing=0.
[2023.05.04-16.20.57:932][  0]LogShaderCompilers: Guid format shader working directory is -34 characters bigger than the processId version (C:/Users/emmyt/OneDrive/Documents/GitHub/-Journeyman-Twonic---Alpha-Team/Twonic/Intermediate/Shaders/WorkingDirectory/12788/).
[2023.05.04-16.20.57:932][  0]LogShaderCompilers: Cleaned the shader compiler working directory 'C:/Users/emmyt/AppData/Local/Temp/UnrealShaderWorkingDir/DB28F77741E8C6159C41118A17FD8264/'.
[2023.05.04-16.20.57:932][  0]LogXGEController: Cannot use XGE Controller as Incredibuild is not installed on this machine.
[2023.05.04-16.20.57:932][  0]LogShaderCompilers: Cannot use XGE Shader Compiler as Incredibuild is not installed on this machine.
[2023.05.04-16.20.57:932][  0]LogShaderCompilers: Display: Using Local Shader Compiler.
[2023.05.04-16.20.59:806][  0]LogDerivedDataCache: Display: Max Cache Size: 512 MB
[2023.05.04-16.21.00:185][  0]LogDerivedDataCache: Loaded boot cache 0.37s 95MB C:/Users/emmyt/AppData/Local/UnrealEngine/4.27/DerivedDataCache/Boot.ddc.
[2023.05.04-16.21.00:185][  0]LogDerivedDataCache: Display: Loaded Boot cache: C:/Users/emmyt/AppData/Local/UnrealEngine/4.27/DerivedDataCache/Boot.ddc
[2023.05.04-16.21.00:185][  0]LogDerivedDataCache: FDerivedDataBackendGraph:  Pak pak cache file C:/Users/emmyt/OneDrive/Documents/GitHub/-Journeyman-Twonic---Alpha-Team/Twonic/DerivedDataCache/DDC.ddp not found, will not use a pak cache.
[2023.05.04-16.21.00:185][  0]LogDerivedDataCache: Unable to find inner node Pak for hierarchical cache Hierarchy.
[2023.05.04-16.21.00:185][  0]LogDerivedDataCache: FDerivedDataBackendGraph:  CompressedPak pak cache file C:/Users/emmyt/OneDrive/Documents/GitHub/-Journeyman-Twonic---Alpha-Team/Twonic/DerivedDataCache/Compressed.ddp not found, will not use a pak cache.
[2023.05.04-16.21.00:185][  0]LogDerivedDataCache: Unable to find inner node CompressedPak for hierarchical cache Hierarchy.
[2023.05.04-16.21.00:289][  0]LogDerivedDataCache: Display: Pak cache opened for reading ../../../Engine/DerivedDataCache/Compressed.ddp.
[2023.05.04-16.21.00:289][  0]LogDerivedDataCache: FDerivedDataBackendGraph:  EnterprisePak pak cache file ../../../Enterprise/DerivedDataCache/Compressed.ddp not found, will not use a pak cache.
[2023.05.04-16.21.00:289][  0]LogDerivedDataCache: Unable to find inner node EnterprisePak for hierarchical cache Hierarchy.
[2023.05.04-16.21.00:321][  0]LogDerivedDataCache: Speed tests for C:/Users/emmyt/AppData/Local/UnrealEngine/Common/DerivedDataCache took 0.03 seconds
[2023.05.04-16.21.00:321][  0]LogDerivedDataCache: Display: Performance to C:/Users/emmyt/AppData/Local/UnrealEngine/Common/DerivedDataCache: Latency=0.05ms. RandomReadSpeed=142.59MBs, RandomWriteSpeed=36.06MBs. Assigned SpeedClass 'Local'
[2023.05.04-16.21.00:322][  0]LogDerivedDataCache: Using Local data cache path C:/Users/emmyt/AppData/Local/UnrealEngine/Common/DerivedDataCache: Writable
[2023.05.04-16.21.00:322][  0]LogDerivedDataCache: Shared data cache path not found in *engine.ini, will not use an Shared cache.
[2023.05.04-16.21.00:322][  0]LogDerivedDataCache: Unable to find inner node Shared for hierarchical cache Hierarchy.
[2023.05.04-16.21.00:411][  0]LogAssetRegistry: FAssetRegistry took 0.0027 seconds to start up
[2023.05.04-16.21.00:832][  0]LogInit: Selected Device Profile: [Windows]
[2023.05.04-16.21.00:832][  0]LogInit: Active device profile: [0000023433307900][000002342C454780 49] Windows
[2023.05.04-16.21.00:832][  0]LogInit: Profiles: [0000023433307900][000002342C454780 49] Windows, [00000234332C8800][000002342E52E900 49] WindowsNoEditor, [0000023433304900][000002342E532A80 49] WindowsServer, [00000234332CB200][000002342E536C00 49] WindowsClient, [0000023433307100][000002342E53AD80 49] IOS, [00000234332C9100][000002342E53EF00 49] iPadAir, [0000023433305000][000002342E543080 49] iPadAir2, [0000023434270200][000002342E551340 49] IPadPro, [0000023434263F00][000002342E547380 49] iPadAir3, [0000023433306F00][000002342E55B500 49] iPadAir4, [0000023434260E00][000002342E55F680 49] iPadMini2, [0000023433305200][000002342C4597C0 49] iPadMini3, [0000023434262D00][000002342FD97900 49] iPadMini4, [0000023433306600][000002342FD9BA40 49] iPadMini5, [00000234332CAC00][000002342FDA6140 49] iPhone6, [00000234332CAB00][000002342FD9E180 49] iPodTouch6, [0000023434260F00][000002342FDAE440 49] iPhone7, [0000023434261000][000002342FDAA480 49] iPodTouch7, [00000234332CB700][000002342FDB2600 49] iPhone5S, [0000023434263500][000002342FDB6780 49] iPhone6Plus, [00000234332C8500][000002342FDBA900 49] iPhone6S, [0000023434263700][000002342FDBEA80 49] iPhone6SPlus, [00000234332C8F00][000002342FDC2C00 49] iPhone7Plus, [0000023434263B00][000002342FDC6D80 49] iPhoneSE, [00000234332C9800][000002342FDCAF00 49] iPhone8, [0000023434262B00][000002342FDCF080 49] iPhone8Plus, [00000234332CAA00][000002342FDD3200 49] iPhoneX, [0000023434261100][000002342FDD7380 49] iPhoneXS, [00000234332CBC00][000002342FDDB500 49] iPhoneXSMax, [0000023434261F00][000002342FDDF680 49] iPhoneXR, [00000234332CB600][000002342FDE3800 49] iPhone11, [0000023434262000][000002342FDE7980 49] iPhone11Pro, [00000234332CB800][000002342FDA3AC0 49] iPhone11ProMax, [0000023434263E00][000002342FDEBC00 49] iPhoneSE2, [00000234332CB500][000002342FDEE1C0 49] iPhone12Mini, [0000023434263D00][000002342FDF6340 49] iPhone12, [00000234332CAF00][000002342FDFA4C0 49] iPhone12Pro, [0000023434261300][000002342FDFE640 49] iPhone12ProMax, [00000234332C9400][000002342FE027C0 49] iPadPro105, [0000023434260900][000002342FE06940 49] iPadPro129, [00000234332C8900][000002342FE0AAC0 49] iPadPro97, [0000023434261700][000002342FE0EC40 49] iPadPro2_129, [00000234332C8C00][000002342FE12DC0 49] iPad5, [0000023434261500][000002342FE16F40 49] iPad6, [00000234332C9700][000002342FE1B0C0 49] iPad7, [0000023434260B00][000002342FE1F240 49] iPad8, [00000234332C8100][000002342FE233C0 49] iPadPro11, [0000023434262800][000002342FE27540 49] iPadPro2_11, [00000234332C9E00][000002342FE2B6C0 49] iPadPro3_129, [0000023434261200][000002342FE2F840 49] iPadPro4_129, [00000234332C8300][000002342FE339C0 49] AppleTV, [0000023434261900][000002342FE37B40 49] AppleTV4K, [00000234332CA300][000002342FDF2100 49] TVOS, [0000023434262300][000002342FE3A240 49] Mac, [00000234332CA200][000002342FE3E380 49] MacClient, [0000023434262A00][000002342FE424C0 49] MacNoEditor, [00000234332CB900][000002342FE4A640 49] MacServer, [0000023434262400][000002342FE4E7C0 49] Linux, [00000234332CB300][000002342FE52940 49] LinuxAArch64, [0000023434263800][000002342FE56AC0 49] LinuxNoEditor, [0000023433345900][000002342FE5AC40 49] LinuxAArch64NoEditor, [0000023434273900][0000023434280DC0 49] LinuxClient, [0000023433345E00][0000023434284F40 49] LinuxAArch64Client, [0000023434270700][00000234342890C0 49] LinuxServer, [0000023433345700][000002343428D240 49] LinuxAArch64Server, [0000023434270C00][00000234342913C0 49] Android, [0000023433344C00][0000023434295540 49] Android_Low, [0000023434272900][00000234342996C0 49] Android_Mid, [0000023433345800][000002343429D840 49] Android_High, [0000023434271B00][00000234342A19C0 49] Android_Default, [0000023433344700][00000234342A5B40 49] Android_Adreno4xx, [0000023434273200][00000234342A8140 49] Android_Adreno5xx_Low, [0000023433345300][000002342FE46280 49] Android_Adreno5xx, [0000023434272D00][00000234342AC3C0 49] Android_Adreno6xx, [0000023433344800][00000234342B0500 49] Android_Adreno6xx_Vulkan, [0000023434270800][00000234342B4640 49] Android_Mali_T6xx, [0000023433346200][00000234342BC7C0 49] Android_Mali_T7xx, [0000023434273100][00000234342C0940 49] Android_Mali_T8xx, [0000023433345100][00000234342C4AC0 49] Android_Mali_G71, [0000023434270300][00000234342C8C40 49] Android_Mali_G72, [0000023433345C00][00000234342CCDC0 49] Android_Mali_G72_Vulkan, [0000023434271500][00000234342D0F40 49] Android_Mali_G76, [0000023433346700][00000234342D50C0 49] Android_Mali_G76_Vulkan, [0000023434272A00][00000234342D9240 49] Android_Mali_G77, [0000023434263600][00000234342DD3C0 49] Android_Mali_G77_Vulkan, [00000234332C9200][00000234342E1540 49] Android_Mali_G78, [0000023434260700][00000234342E56C0 49] Android_Mali_G78_Vulkan, [00000234332CAD00][00000234342E9840 49] Android_Mali_G710, [0000023434261E00][00000234342ED9C0 49] Android_Mali_G710_Vulkan, [00000234332CA900][00000234342F1B40 49] Android_Vulkan_SM5, [0000023434262100][00000234342F4140 49] Android_PowerVR_G6xxx, [00000234332CA600][00000234342F82C0 49] Android_PowerVR_GT7xxx, [0000023434260500][00000234342FC440 49] Android_PowerVR_GE8xxx, [00000234332C9D00][00000234342B8580 49] Android_PowerVR_GM9xxx, [0000023433346800][00000234343006C0 49] Android_PowerVR_GM9xxx_Vulkan, [00000234332CB100][0000023434304800 49] Android_TegraK1, [0000023433345A00][000002343430C980 49] Android_Unknown_Vulkan, [00000234332C8D00][0000023434310B00 49] Lumin, [0000023433344100][0000023434314C80 49] Lumin_Desktop, [00000234332C8200][0000023434318E00 49] HoloLens, 
[2023.05.04-16.21.01:257][  0]LogMeshReduction: Using QuadricMeshReduction for automatic static mesh reduction
[2023.05.04-16.21.01:257][  0]LogMeshReduction: Using SimplygonMeshReduction for automatic skeletal mesh reduction
[2023.05.04-16.21.01:257][  0]LogMeshReduction: Using ProxyLODMeshReduction for automatic mesh merging
[2023.05.04-16.21.01:257][  0]LogMeshReduction: No distributed automatic mesh merging module available
[2023.05.04-16.21.01:257][  0]LogMeshMerging: No distributed automatic mesh merging module available
[2023.05.04-16.21.01:278][  0]LogNetVersion: Twonic 1.0.0, NetCL: 17155196, EngineNetVer: 17, GameNetVer: 0 (Checksum: 4023415434)
[2023.05.04-16.21.02:567][  0]LogHMD: PokeAHoleMaterial loaded successfully
[2023.05.04-16.21.03:770][  0]LogCollectionManager: Loaded 0 collections in 0.000829 seconds
[2023.05.04-16.21.03:772][  0]LogFileCache: Scanning file cache for directory 'C:/Users/emmyt/OneDrive/Documents/GitHub/-Journeyman-Twonic---Alpha-Team/Twonic/Saved/Collections/' took 0.00s
[2023.05.04-16.21.03:772][  0]LogFileCache: Scanning file cache for directory 'C:/Users/emmyt/OneDrive/Documents/GitHub/-Journeyman-Twonic---Alpha-Team/Twonic/Content/Developers/emmyt/Collections/' took 0.00s
[2023.05.04-16.21.03:772][  0]LogFileCache: Scanning file cache for directory 'C:/Users/emmyt/OneDrive/Documents/GitHub/-Journeyman-Twonic---Alpha-Team/Twonic/Content/Collections/' took 0.00s
[2023.05.04-16.21.03:772][  0]LogCollectionManager: Fixed up redirectors for 0 collections in 0.000003 seconds (updated 0 objects)
[2023.05.04-16.21.04:558][  0]LogNiagaraDebuggerClient: Niagara Debugger Client Initialized | Session: B6B2744C49FEF74A0057E8A1D5ED33A2 | Instance: 2CF536664B77F7404634A38C93C1F794 (LAPTOP-OVB59CM9-12788).
[2023.05.04-16.21.04:804][  0]LogPython: Using Python 3.7.7
[2023.05.04-16.21.14:177][  0]LogOpenImageDenoise: OIDN starting up
[2023.05.04-16.21.15:787][  0]LogAndroidPermission: UAndroidPermissionCallbackProxy::GetInstance
[2023.05.04-16.21.16:023][  0]LogAudioCaptureCore: Display: No Audio Capture implementations found. Audio input will be silent.
[2023.05.04-16.21.16:023][  0]LogAudioCaptureCore: Display: No Audio Capture implementations found. Audio input will be silent.
[2023.05.04-16.21.18:708][  0]SourceControl: Source control is disabled
[2023.05.04-16.21.18:708][  0]SourceControl: Source control is disabled
[2023.05.04-16.21.19:063][  0]SourceControl: Source control is disabled
[2023.05.04-16.21.19:557][  0]SourceControl: Source control is disabled
[2023.05.04-16.21.19:672][  0]SourceControl: Source control is disabled
[2023.05.04-16.21.19:921][  0]LogUProjectInfo: Found projects:
[2023.05.04-16.21.21:973][  0]LogOcInput: OculusInput pre-init called
[2023.05.04-16.21.22:654][  0]LogUObjectArray: 23049 objects as part of root set at end of initial load.
[2023.05.04-16.21.22:654][  0]LogUObjectAllocator: 6352640 out of 0 bytes used by permanent object pool.
[2023.05.04-16.21.22:654][  0]LogUObjectArray: CloseDisregardForGC: 0/0 objects in disregard for GC pool
[2023.05.04-16.21.22:763][  0]LogInit: Executing Class /Script/UnrealEd.GatherTextCommandlet
[2023.05.04-16.21.22:763][  0]LogInit: Initializing Editor Engine...
[2023.05.04-16.21.22:763][  0]LogEngine: Initializing Engine...
[2023.05.04-16.21.22:767][  0]LogStats: UGameplayTagsManager::InitializeManager -  0.000 s
[2023.05.04-16.21.23:243][  0]LogInit: Initializing FReadOnlyCVARCache
[2023.05.04-16.21.23:500][  0]LogAIModule: Creating AISystem for world Untitled
[2023.05.04-16.21.23:500][  0]LogNetVersion: Set ProjectVersion to 1.0.0.0. Version Checksum will be recalculated on next use.
[2023.05.04-16.21.23:828][  0]LogDerivedDataCache: Saved boot cache 0.33s 95MB C:/Users/emmyt/AppData/Local/UnrealEngine/4.27/DerivedDataCache/Boot.ddc.
[2023.05.04-16.21.23:829][  0]LogInit: Texture streaming: Disabled
[2023.05.04-16.21.24:932][  0]LogInit: Initializing Editor Engine Completed
[2023.05.04-16.21.27:137][  0]BlueprintLog: New page: Editor Load
[2023.05.04-16.21.28:201][  0]LogGatherTextCommandlet: Display: Beginning GatherText Commandlet for 'C:/Users/emmyt/OneDrive/Documents/GitHub/-Journeyman-Twonic---Alpha-Team/Twonic/Config/Localization/Game_Compile.ini'
[2023.05.04-16.21.28:201][  0]LogGatherTextCommandlet: Display: Executing GatherTextStep0: GenerateTextLocalizationResourceCommandlet
[2023.05.04-16.21.28:576][  0]LogGatherTextCommandlet: Display: Completed GatherTextStep0: GenerateTextLocalizationResourceCommandlet in 0.375213 seconds
[2023.05.04-16.21.28:577][  0]LogCore: Engine exit requested (reason: Commandlet GatherTextCommandlet_0 finished execution (result 0))
[2023.05.04-16.21.28:577][  0]LogInit: Display: 
[2023.05.04-16.21.28:577][  0]LogInit: Display: Success - 0 error(s), 0 warning(s)
[2023.05.04-16.21.28:577][  0]LogInit: Display: 
Execution of commandlet took:  0.38 seconds
[2023.05.04-16.21.28:577][  0]LogCore: Engine exit requested (reason: EngineExit() was called; note: exit was already requested)
[2023.05.04-16.21.28:992][  0]LogExit: Preparing to exit.
[2023.05.04-16.21.29:641][  0]LogUObjectHash: Compacting FUObjectHashTables data took   1.39ms
[2023.05.04-16.21.31:934][  0]LogDemo: Cleaned up 0 splitscreen connections with owner deletion
[2023.05.04-16.21.32:714][  0]LogWorld: UWorld::CleanupWorld for None, bSessionEnded=true, bCleanupResources=true
[2023.05.04-16.21.32:749][  0]LogExit: Editor shut down
[2023.05.04-16.21.36:625][  0]LogExit: Object subsystem successfully closed.
[2023.05.04-16.21.36:695][  0]LogShaderCompilers: Display: === FShaderJobCache stats ===
[2023.05.04-16.21.36:695][  0]LogShaderCompilers: Display: Total job queries 0, among them cache hits 0 (0.00%)
[2023.05.04-16.21.36:695][  0]LogShaderCompilers: Display: Tracking 0 distinct input hashes that result in 0 distinct outputs (0.00%)
[2023.05.04-16.21.36:696][  0]LogShaderCompilers: Display: RAM used: 0.00 MB (0.00 GB) of 409.60 MB (0.40 GB) budget. Usage: 0.00%
[2023.05.04-16.21.36:696][  0]LogShaderCompilers: Display: ================================================
[2023.05.04-16.21.37:163][  0]LogShaderCompilers: Display: Shaders left to compile 0
[2023.05.04-16.21.40:454][  0]LogModuleManager: Shutting down and abandoning module SteamVREditor (710)
[2023.05.04-16.21.40:454][  0]LogModuleManager: Shutting down and abandoning module OculusMR (708)
[2023.05.04-16.21.40:454][  0]LogModuleManager: Shutting down and abandoning module OpenXRInput (706)
[2023.05.04-16.21.40:485][  0]LogModuleManager: Shutting down and abandoning module GooglePADEditor (704)
[2023.05.04-16.21.40:485][  0]LogModuleManager: Shutting down and abandoning module AudioCaptureEditor (702)
[2023.05.04-16.21.40:485][  0]LogModuleManager: Shutting down and abandoning module TakeRecorderSources (700)
[2023.05.04-16.21.40:509][  0]LogModuleManager: Shutting down and abandoning module TakeRecorder (699)
[2023.05.04-16.21.40:537][  0]LogModuleManager: Shutting down and abandoning module TakeTrackRecorders (696)
[2023.05.04-16.21.40:547][  0]LogModuleManager: Shutting down and abandoning module TakesCore (694)
[2023.05.04-16.21.40:563][  0]LogModuleManager: Shutting down and abandoning module WmfMediaFactory (692)
[2023.05.04-16.21.40:563][  0]LogModuleManager: Shutting down and abandoning module WmfMediaEditor (690)
[2023.05.04-16.21.40:563][  0]LogModuleManager: Shutting down and abandoning module WebMMediaFactory (688)
[2023.05.04-16.21.40:563][  0]LogModuleManager: Shutting down and abandoning module WebMMediaEditor (686)
[2023.05.04-16.21.40:563][  0]LogModuleManager: Shutting down and abandoning module MediaPlayerEditor (684)
[2023.05.04-16.21.40:605][  0]LogModuleManager: Shutting down and abandoning module MediaCompositingEditor (682)
[2023.05.04-16.21.40:648][  0]LogModuleManager: Shutting down and abandoning module SequenceRecorder (681)
[2023.05.04-16.21.40:648][  0]LogModuleManager: Shutting down and abandoning module Persona (680)
[2023.05.04-16.21.40:695][  0]LogModuleManager: Shutting down and abandoning module AdvancedPreviewScene (679)
[2023.05.04-16.21.40:695][  0]LogModuleManager: Shutting down and abandoning module AnimGraph (677)
[2023.05.04-16.21.40:712][  0]LogModuleManager: Shutting down and abandoning module ImgMediaFactory (672)
[2023.05.04-16.21.40:712][  0]LogModuleManager: Shutting down and abandoning module ImgMediaEditor (670)
[2023.05.04-16.21.40:712][  0]LogModuleManager: Shutting down and abandoning module AvfMediaFactory (668)
[2023.05.04-16.21.40:712][  0]LogModuleManager: Shutting down and abandoning module AvfMediaEditor (666)
[2023.05.04-16.21.40:712][  0]LogModuleManager: Shutting down and abandoning module AndroidMediaFactory (664)
[2023.05.04-16.21.40:712][  0]LogModuleManager: Shutting down and abandoning module AndroidMediaEditor (662)
[2023.05.04-16.21.40:712][  0]LogModuleManager: Shutting down and abandoning module TemplateSequenceEditor (660)
[2023.05.04-16.21.40:712][  0]LogModuleManager: Shutting down and abandoning module MatineeToLevelSequence (658)
[2023.05.04-16.21.40:739][  0]LogModuleManager: Shutting down and abandoning module LevelSequenceEditor (656)
[2023.05.04-16.21.40:771][  0]LogModuleManager: Shutting down and abandoning module ActorSequenceEditor (654)
[2023.05.04-16.21.40:801][  0]LogModuleManager: Shutting down and abandoning module Kismet (653)
[2023.05.04-16.21.40:848][  0]LogModuleManager: Shutting down and abandoning module KismetWidgets (652)
[2023.05.04-16.21.40:848][  0]LogModuleManager: Shutting down and abandoning module MagicLeapMediaEditor (648)
[2023.05.04-16.21.40:848][  0]LogModuleManager: Shutting down and abandoning module TextureAlignMode (646)
[2023.05.04-16.21.40:848][  0]LogModuleManager: Shutting down and abandoning module BspMode (644)
[2023.05.04-16.21.40:848][  0]LogModuleManager: Shutting down and abandoning module GeometryMode (642)
[2023.05.04-16.21.40:860][  0]LogModuleManager: Shutting down and abandoning module PlanarCut (640)
[2023.05.04-16.21.40:876][  0]LogModuleManager: Shutting down and abandoning module CharacterAI (638)
[2023.05.04-16.21.40:876][  0]LogModuleManager: Shutting down and abandoning module CameraShakePreviewer (636)
[2023.05.04-16.21.40:893][  0]LogModuleManager: Shutting down and abandoning module SmartSnapping (634)
[2023.05.04-16.21.40:893][  0]LogModuleManager: Shutting down and abandoning module SessionServices (632)
[2023.05.04-16.21.40:893][  0]LogModuleManager: Shutting down and abandoning module MeshPaint (630)
[2023.05.04-16.21.40:933][  0]LogModuleManager: Shutting down and abandoning module VirtualTexturingEditor (628)
[2023.05.04-16.21.40:933][  0]LogModuleManager: Shutting down and abandoning module FoliageEdit (626)
[2023.05.04-16.21.40:945][  0]LogModuleManager: Shutting down and abandoning module LandscapeEditor (624)
[2023.05.04-16.21.40:999][  0]LogModuleManager: Shutting down and abandoning module MeshPaintMode (622)
[2023.05.04-16.21.40:999][  0]LogModuleManager: Shutting down and abandoning module SceneDepthPickerMode (620)
[2023.05.04-16.21.40:999][  0]LogModuleManager: Shutting down and abandoning module ActorPickerMode (618)
[2023.05.04-16.21.40:999][  0]LogModuleManager: Shutting down and abandoning module PlacementMode (616)
[2023.05.04-16.21.40:999][  0]LogModuleManager: Shutting down and abandoning module LiveCoding (614)
[2023.05.04-16.21.41:025][  0]LogModuleManager: Shutting down and abandoning module LevelSequence (612)
[2023.05.04-16.21.41:025][  0]LogModuleManager: Shutting down and abandoning module MovieSceneTracks (610)
[2023.05.04-16.21.41:025][  0]LogModuleManager: Shutting down and abandoning module MovieScene (608)
[2023.05.04-16.21.41:036][  0]LogModuleManager: Shutting down and abandoning module StreamingPauseRendering (606)
[2023.05.04-16.21.41:036][  0]LogModuleManager: Shutting down and abandoning module ImageWriteQueue (604)
[2023.05.04-16.21.41:036][  0]LogModuleManager: Shutting down and abandoning module AIModule (602)
[2023.05.04-16.21.41:047][  0]LogModuleManager: Shutting down and abandoning module GameplayDebugger (601)
[2023.05.04-16.21.41:066][  0]LogModuleManager: Shutting down and abandoning module AITestSuite (599)
[2023.05.04-16.21.41:080][  0]LogModuleManager: Shutting down and abandoning module NavigationSystem (597)
[2023.05.04-16.21.41:080][  0]LogModuleManager: Shutting down and abandoning module AudioSynesthesiaEditor (594)
[2023.05.04-16.21.41:080][  0]LogModuleManager: Shutting down and abandoning module OculusEditor (592)
[2023.05.04-16.21.41:098][  0]LogModuleManager: Shutting down and abandoning module OculusInput (590)
[2023.05.04-16.21.41:098][  0]LogModuleManager: Shutting down and abandoning module ContentBrowserFileDataSource (588)
[2023.05.04-16.21.41:098][  0]LogModuleManager: Shutting down and abandoning module ContentBrowserAssetDataSource (586)
[2023.05.04-16.21.41:098][  0]LogModuleManager: Shutting down and abandoning module ContentBrowserClassDataSource (584)
[2023.05.04-16.21.41:098][  0]LogModuleManager: Shutting down and abandoning module ToolMenus (583)
[2023.05.04-16.21.41:098][  0]LogModuleManager: Shutting down and abandoning module VisualStudioSourceCodeAccess (580)
[2023.05.04-16.21.41:098][  0]LogModuleManager: Shutting down and abandoning module VisualStudioCodeSourceCodeAccess (578)
[2023.05.04-16.21.41:098][  0]LogModuleManager: Shutting down and abandoning module UObjectPlugin (576)
[2023.05.04-16.21.41:098][  0]LogModuleManager: Shutting down and abandoning module SubversionSourceControl (574)
[2023.05.04-16.21.41:110][  0]LogModuleManager: Shutting down and abandoning module PluginUtils (572)
[2023.05.04-16.21.41:110][  0]LogModuleManager: Shutting down and abandoning module PlasticSourceControl (570)
[2023.05.04-16.21.41:117][  0]LogModuleManager: Shutting down and abandoning module PerforceSourceControl (568)
[2023.05.04-16.21.41:129][  0]LogModuleManager: Shutting down and abandoning module GitSourceControl (566)
[2023.05.04-16.21.41:138][  0]LogModuleManager: Shutting down and abandoning module SourceControl (565)
[2023.05.04-16.21.41:144][  0]LogModuleManager: Shutting down and abandoning module CLionSourceCodeAccess (562)
[2023.05.04-16.21.41:144][  0]LogModuleManager: Shutting down and abandoning module AnimationSharingEd (560)
[2023.05.04-16.21.41:144][  0]LogModuleManager: Shutting down and abandoning module SynthesisEditor (558)
[2023.05.04-16.21.41:144][  0]LogModuleManager: Shutting down and abandoning module Synthesis (556)
[2023.05.04-16.21.41:179][  0]LogModuleManager: Shutting down and abandoning module ProceduralMeshComponentEditor (554)
[2023.05.04-16.21.41:180][  0]LogModuleManager: Shutting down and abandoning module ProceduralMeshComponent (552)
[2023.05.04-16.21.41:180][  0]LogModuleManager: Shutting down and abandoning module OpenXREditor (550)
[2023.05.04-16.21.41:186][  0]LogModuleManager: Shutting down and abandoning module MobilePatchingUtils (548)
[2023.05.04-16.21.41:186][  0]LogModuleManager: Shutting down and abandoning module GooglePAD (546)
[2023.05.04-16.21.41:186][  0]LogModuleManager: Shutting down and abandoning module EditableMesh (544)
[2023.05.04-16.21.41:205][  0]LogModuleManager: Shutting down and abandoning module CustomMeshComponent (542)
[2023.05.04-16.21.41:205][  0]LogModuleManager: Shutting down and abandoning module CableComponent (540)
[2023.05.04-16.21.41:205][  0]LogModuleManager: Shutting down and abandoning module AudioCapture (538)
[2023.05.04-16.21.41:205][  0]LogModuleManager: Shutting down and abandoning module AudioCaptureRtAudio (537)
[2023.05.04-16.21.41:205][  0]LogModuleManager: Shutting down and abandoning module AssetTags (534)
[2023.05.04-16.21.41:205][  0]LogModuleManager: Shutting down and abandoning module ArchVisCharacter (532)
[2023.05.04-16.21.41:205][  0]LogModuleManager: Shutting down and abandoning module AppleImageUtilsBlueprintSupport (530)
[2023.05.04-16.21.41:205][  0]LogModuleManager: Shutting down and abandoning module AppleImageUtils (528)
[2023.05.04-16.21.41:205][  0]LogModuleManager: Shutting down and abandoning module AndroidPermission (526)
[2023.05.04-16.21.41:205][  0]LogModuleManager: Shutting down and abandoning module ActorLayerUtilitiesEditor (524)
[2023.05.04-16.21.41:205][  0]LogModuleManager: Shutting down and abandoning module ActorLayerUtilities (522)
[2023.05.04-16.21.41:205][  0]LogModuleManager: Shutting down and abandoning module TakeSequencer (520)
[2023.05.04-16.21.41:205][  0]LogModuleManager: Shutting down and abandoning module TakeMovieScene (518)
[2023.05.04-16.21.41:205][  0]LogModuleManager: Shutting down and abandoning module MediaCompositing (516)
[2023.05.04-16.21.41:205][  0]LogModuleManager: Shutting down and abandoning module VariantManagerContentEditor (514)
[2023.05.04-16.21.41:205][  0]LogModuleManager: Shutting down and abandoning module DatasmithContentEditor (512)
[2023.05.04-16.21.41:221][  0]LogModuleManager: Shutting down and abandoning module TemplateSequence (510)
[2023.05.04-16.21.41:235][  0]LogModuleManager: Shutting down and abandoning module ScreenshotTools (508)
[2023.05.04-16.21.41:235][  0]LogModuleManager: Shutting down and abandoning module MagicLeapSharedWorld (506)
[2023.05.04-16.21.41:235][  0]LogModuleManager: Shutting down and abandoning module MagicLeapLightEstimation (504)
[2023.05.04-16.21.41:235][  0]LogModuleManager: Shutting down and abandoning module MagicLeapHelperVulkan (502)
[2023.05.04-16.21.41:235][  0]LogModuleManager: Shutting down and abandoning module MagicLeapHelperOpenGL (500)
[2023.05.04-16.21.41:235][  0]LogModuleManager: Shutting down and abandoning module MagicLeapAudio (498)
[2023.05.04-16.21.41:253][  0]LogModuleManager: Shutting down and abandoning module SpeedTreeImporter (496)
[2023.05.04-16.21.41:253][  0]LogModuleManager: Shutting down and abandoning module PluginBrowser (494)
[2023.05.04-16.21.41:325][  0]LogModuleManager: Shutting down and abandoning module MobileLauncherProfileWizard (492)
[2023.05.04-16.21.41:358][  0]LogModuleManager: Shutting down and abandoning module MaterialAnalyzer (490)
[2023.05.04-16.21.41:393][  0]LogModuleManager: Shutting down and abandoning module CurveEditorTools (488)
[2023.05.04-16.21.41:442][  0]LogModuleManager: Shutting down and abandoning module CryptoKeysOpenSSL (486)
[2023.05.04-16.21.41:442][  0]LogModuleManager: Shutting down and abandoning module CryptoKeys (484)
[2023.05.04-16.21.41:442][  0]LogModuleManager: Shutting down and abandoning module OpenImageDenoise (482)
[2023.05.04-16.21.41:442][  0]LogOpenImageDenoise: OIDN shutting down
[2023.05.04-16.21.41:442][  0]LogModuleManager: Shutting down and abandoning module MotoSynthEditor (480)
[2023.05.04-16.21.41:442][  0]LogModuleManager: Shutting down and abandoning module MotoSynth (478)
[2023.05.04-16.21.41:442][  0]LogModuleManager: Shutting down and abandoning module MeshConversion (476)
[2023.05.04-16.21.41:460][  0]LogModuleManager: Shutting down and abandoning module DynamicMesh (474)
[2023.05.04-16.21.41:467][  0]LogModuleManager: Shutting down and abandoning module GeometryAlgorithms (472)
[2023.05.04-16.21.41:481][  0]LogModuleManager: Shutting down and abandoning module GeometricObjects (470)
[2023.05.04-16.21.41:539][  0]LogModuleManager: Shutting down and abandoning module GeometryCollectionTracks (468)
[2023.05.04-16.21.41:539][  0]LogModuleManager: Shutting down and abandoning module GeometryCollectionSequencer (467)
[2023.05.04-16.21.41:539][  0]LogModuleManager: Shutting down and abandoning module GeometryCollectionEditor (464)
[2023.05.04-16.21.41:539][  0]LogModuleManager: Shutting down and abandoning module GeometryCacheTracks (462)
[2023.05.04-16.21.41:539][  0]LogModuleManager: Shutting down and abandoning module GeometryCacheStreamer (460)
[2023.05.04-16.21.41:539][  0]LogModuleManager: Shutting down and abandoning module GeometryCacheSequencer (458)
[2023.05.04-16.21.41:539][  0]LogModuleManager: Shutting down and abandoning module NiagaraEditorWidgets (456)
[2023.05.04-16.21.41:605][  0]LogModuleManager: Shutting down and abandoning module ChaosSolverEditor (454)
[2023.05.04-16.21.41:605][  0]LogModuleManager: Shutting down and abandoning module ChaosNiagara (452)
[2023.05.04-16.21.41:621][  0]LogModuleManager: Shutting down and abandoning module FractureEditor (450)
[2023.05.04-16.21.41:630][  0]LogModuleManager: Shutting down and abandoning module FieldSystemEngine (449)
[2023.05.04-16.21.41:630][  0]LogModuleManager: Shutting down and abandoning module ChaosClothEditor (446)
[2023.05.04-16.21.41:634][  0]LogModuleManager: Shutting down and abandoning module AutomationUtilsEditor (444)
[2023.05.04-16.21.41:634][  0]LogModuleManager: Shutting down and abandoning module AutomationUtils (442)
[2023.05.04-16.21.41:634][  0]LogModuleManager: Shutting down and abandoning module AlembicImporter (440)
[2023.05.04-16.21.41:634][  0]LogModuleManager: Shutting down and abandoning module AlembicLibrary (439)
[2023.05.04-16.21.41:634][  0]LogModuleManager: Shutting down and abandoning module GeometryCache (438)
[2023.05.04-16.21.41:634][  0]LogModuleManager: Shutting down and abandoning module GeometryCacheEd (437)
[2023.05.04-16.21.41:634][  0]LogModuleManager: Shutting down and abandoning module OodleNetworkHandlerComponent (432)
[2023.05.04-16.21.41:634][  0]LogModuleManager: Shutting down and abandoning module LiveLinkSequencer (430)
[2023.05.04-16.21.41:635][  0]LogModuleManager: Shutting down and abandoning module LiveLinkMovieScene (428)
[2023.05.04-16.21.41:635][  0]LogModuleManager: Shutting down and abandoning module LiveLinkGraphNode (426)
[2023.05.04-16.21.41:635][  0]LogModuleManager: Shutting down and abandoning module LiveLinkEditor (424)
[2023.05.04-16.21.41:653][  0]LogModuleManager: Shutting down and abandoning module LiveLinkComponents (422)
[2023.05.04-16.21.41:653][  0]LogModuleManager: Shutting down and abandoning module LiveLink (420)
[2023.05.04-16.21.42:268][  0]LogModuleManager: Shutting down and abandoning module LightPropagationVolumeEditor (418)
[2023.05.04-16.21.42:269][  0]LogModuleManager: Shutting down and abandoning module PaperTiledImporter (416)
[2023.05.04-16.21.42:269][  0]LogModuleManager: Shutting down and abandoning module PaperSpriteSheetImporter (414)
[2023.05.04-16.21.42:288][  0]LogModuleManager: Shutting down and abandoning module Paper2DEditor (412)
[2023.05.04-16.21.42:376][  0]LogModuleManager: Shutting down and abandoning module MeshPaintingToolset (410)
[2023.05.04-16.21.42:390][  0]LogModuleManager: Shutting down and abandoning module MeshPaintEditorMode (408)
[2023.05.04-16.21.42:402][  0]LogModuleManager: Shutting down and abandoning module PropertyAccessNode (406)
[2023.05.04-16.21.42:414][  0]LogModuleManager: Shutting down and abandoning module AnimationSharing (404)
[2023.05.04-16.21.42:414][  0]LogModuleManager: Shutting down and abandoning module SoundFields (402)
[2023.05.04-16.21.42:414][  0]LogModuleManager: Shutting down and abandoning module SignificanceManager (400)
[2023.05.04-16.21.42:414][  0]LogModuleManager: Shutting down and abandoning module RuntimePhysXCooking (398)
[2023.05.04-16.21.42:414][  0]LogModuleManager: Shutting down and abandoning module PropertyAccessEditor (396)
[2023.05.04-16.21.42:424][  0]LogModuleManager: Shutting down and abandoning module PhysXVehiclesEditor (394)
[2023.05.04-16.21.42:424][  0]LogModuleManager: Shutting down and abandoning module LocationServicesBPLibrary (390)
[2023.05.04-16.21.42:424][  0]LogModuleManager: Shutting down and abandoning module AudioSynesthesia (388)
[2023.05.04-16.21.42:436][  0]LogModuleManager: Shutting down and abandoning module AudioSynesthesiaCore (386)
[2023.05.04-16.21.42:436][  0]LogModuleManager: Shutting down and abandoning module ActorSequence (384)
[2023.05.04-16.21.42:436][  0]LogModuleManager: Shutting down and abandoning module MagicLeapARPin (382)
[2023.05.04-16.21.42:436][  0]LogModuleManager: Shutting down and abandoning module MagicLeapHandMeshing (380)
[2023.05.04-16.21.42:437][  0]LogModuleManager: Shutting down and abandoning module MagicLeapSecureStorage (378)
[2023.05.04-16.21.42:437][  0]LogModuleManager: Shutting down and abandoning module MagicLeapPrivileges (376)
[2023.05.04-16.21.42:451][  0]LogModuleManager: Shutting down and abandoning module MagicLeapPlanes (374)
[2023.05.04-16.21.42:489][  0]LogMagicLeapPlanes: Planes tracker already destroyed.
[2023.05.04-16.21.42:489][  0]LogModuleManager: Shutting down and abandoning module MagicLeapImageTracker (372)
[2023.05.04-16.21.42:489][  0]LogModuleManager: Shutting down and abandoning module MagicLeapIdentity (370)
[2023.05.04-16.21.42:489][  0]LogModuleManager: Shutting down and abandoning module MagicLeapHandTracking (368)
[2023.05.04-16.21.42:503][  0]LogModuleManager: Shutting down and abandoning module MagicLeapEyeTracker (366)
[2023.05.04-16.21.42:503][  0]LogModuleManager: Shutting down and abandoning module MagicLeapController (364)
[2023.05.04-16.21.42:503][  0]LogModuleManager: Shutting down and abandoning module MagicLeapARPinImpl (362)
[2023.05.04-16.21.42:503][  0]LogModuleManager: Shutting down and abandoning module MagicLeapAR (360)
[2023.05.04-16.21.42:503][  0]LogModuleManager: Shutting down and abandoning module GameplayTagsEditor (358)
[2023.05.04-16.21.42:518][  0]LogModuleManager: Shutting down and abandoning module FacialAnimationEditor (356)
[2023.05.04-16.21.42:518][  0]LogModuleManager: Shutting down and abandoning module FacialAnimation (354)
[2023.05.04-16.21.42:518][  0]LogModuleManager: Shutting down and abandoning module DataValidation (352)
[2023.05.04-16.21.42:518][  0]LogModuleManager: Shutting down and abandoning module AssetManagerEditor (350)
[2023.05.04-16.21.42:536][  0]LogModuleManager: Shutting down and abandoning module TreeMap (349)
[2023.05.04-16.21.42:552][  0]LogModuleManager: Shutting down and abandoning module UdpMessaging (346)
[2023.05.04-16.21.42:560][  0]LogModuleManager: Shutting down and abandoning module TcpMessaging (344)
[2023.05.04-16.21.42:566][  0]LogModuleManager: Shutting down and abandoning module PythonScriptPlugin (342)
[2023.05.04-16.21.42:566][  0]LogModuleManager: Shutting down and abandoning module NiagaraAnimNotifies (340)
[2023.05.04-16.21.42:566][  0]LogModuleManager: Shutting down and abandoning module Niagara (338)
[2023.05.04-16.21.42:585][  0]LogModuleManager: Shutting down and abandoning module SignalProcessing (337)
[2023.05.04-16.21.42:585][  0]LogModuleManager: Shutting down and abandoning module NiagaraEditor (335)
[2023.05.04-16.21.42:625][  0]LogModuleManager: Shutting down and abandoning module NiagaraCore (332)
[2023.05.04-16.21.42:625][  0]LogModuleManager: Shutting down and abandoning module GameplayCameras (330)
[2023.05.04-16.21.42:625][  0]LogModuleManager: Shutting down and abandoning module LightPropagationVolumeRuntime (328)
[2023.05.04-16.21.42:625][  0]LogModuleManager: Shutting down and abandoning module EnvironmentQueryEditor (326)
[2023.05.04-16.21.42:654][  0]LogModuleManager: Shutting down and abandoning module Paper2D (324)
[2023.05.04-16.21.42:671][  0]LogModuleManager: Shutting down and abandoning module NetworkReplayStreaming (322)
[2023.05.04-16.21.42:671][  0]LogModuleManager: Shutting down and abandoning module PacketHandler (320)
[2023.05.04-16.21.42:671][  0]LogModuleManager: Shutting down and abandoning module ClothingSystemEditor (318)
[2023.05.04-16.21.42:671][  0]LogModuleManager: Shutting down and abandoning module ClothingSystemRuntimeNv (316)
[2023.05.04-16.21.42:682][  0]LogModuleManager: Shutting down and abandoning module MediaAssets (314)
[2023.05.04-16.21.42:682][  0]LogModuleManager: Shutting down and abandoning module Overlay (312)
[2023.05.04-16.21.42:682][  0]LogModuleManager: Shutting down and abandoning module OverlayEditor (311)
[2023.05.04-16.21.42:682][  0]LogModuleManager: Shutting down and abandoning module Blutility (308)
[2023.05.04-16.21.42:682][  0]LogModuleManager: Shutting down and abandoning module LevelEditor (307)
[2023.05.04-16.21.42:730][  0]LogModuleManager: Shutting down and abandoning module PixelInspectorModule (306)
[2023.05.04-16.21.42:747][  0]LogModuleManager: Shutting down and abandoning module CommonMenuExtensions (304)
[2023.05.04-16.21.42:757][  0]LogModuleManager: Shutting down and abandoning module MainFrame (302)
[2023.05.04-16.21.42:785][  0]LogModuleManager: Shutting down and abandoning module HotReload (301)
[2023.05.04-16.21.42:798][  0]LogModuleManager: Shutting down and abandoning module ContentBrowser (297)
[2023.05.04-16.21.42:809][  0]LogModuleManager: Shutting down and abandoning module CollectionManager (296)
[2023.05.04-16.21.42:859][  0]LogModuleManager: Shutting down and abandoning module ContentBrowserData (294)
[2023.05.04-16.21.42:859][  0]LogModuleManager: Shutting down and abandoning module IntroTutorials (290)
[2023.05.04-16.21.42:859][  0]LogModuleManager: Shutting down and abandoning module VREditor (288)
[2023.05.04-16.21.42:873][  0]LogModuleManager: Shutting down and abandoning module StringTableEditor (286)
[2023.05.04-16.21.42:913][  0]LogModuleManager: Shutting down and abandoning module GameplayTasksEditor (284)
[2023.05.04-16.21.42:913][  0]LogModuleManager: Shutting down and abandoning module BehaviorTreeEditor (282)
[2023.05.04-16.21.43:018][  0]LogModuleManager: Shutting down and abandoning module FunctionalTesting (280)
[2023.05.04-16.21.43:033][  0]LogModuleManager: Shutting down and abandoning module CollisionAnalyzer (278)
[2023.05.04-16.21.43:044][  0]LogModuleManager: Shutting down and abandoning module WorkspaceMenuStructure (277)
[2023.05.04-16.21.43:044][  0]LogModuleManager: Shutting down and abandoning module UMG (274)
[2023.05.04-16.21.43:044][  0]LogModuleManager: Shutting down and abandoning module UMGEditor (273)
[2023.05.04-16.21.43:061][  0]LogModuleManager: Shutting down and abandoning module MessageLog (271)
[2023.05.04-16.21.43:061][  0]LogModuleManager: Shutting down and abandoning module SlateReflector (266)
[2023.05.04-16.21.43:110][  0]LogModuleManager: Shutting down and abandoning module Slate (264)
[2023.05.04-16.21.43:110][  0]LogModuleManager: Shutting down and abandoning module SlateCore (262)
[2023.05.04-16.21.43:111][  0]LogModuleManager: Shutting down and abandoning module LandscapeEditorUtilities (260)
[2023.05.04-16.21.43:111][  0]LogModuleManager: Shutting down and abandoning module UnrealEd (258)
[2023.05.04-16.21.43:123][  0]LogModuleManager: Shutting down and abandoning module MRMesh (256)
[2023.05.04-16.21.43:123][  0]LogModuleManager: Shutting down and abandoning module SourceCodeAccess (254)
[2023.05.04-16.21.43:123][  0]LogModuleManager: Shutting down and abandoning module HeadMountedDisplay (252)
[2023.05.04-16.21.43:123][  0]LogModuleManager: Shutting down and abandoning module XAudio2 (250)
[2023.05.04-16.21.43:133][  0]LogModuleManager: Shutting down and abandoning module Networking (248)
[2023.05.04-16.21.43:133][  0]LogModuleManager: Shutting down and abandoning module Core (246)
[2023.05.04-16.21.43:133][  0]LogModuleManager: Shutting down and abandoning module MaterialEditor (244)
[2023.05.04-16.21.43:153][  0]LogModuleManager: Shutting down and abandoning module Settings (243)
[2023.05.04-16.21.43:154][  0]LogModuleManager: Shutting down and abandoning module MovieSceneTools (240)
[2023.05.04-16.21.43:200][  0]LogModuleManager: Shutting down and abandoning module CurveEditor (239)
[2023.05.04-16.21.43:200][  0]LogModuleManager: Shutting down and abandoning module Sequencer (237)
[2023.05.04-16.21.43:209][  0]LogModuleManager: Shutting down and abandoning module EditorStyle (236)
[2023.05.04-16.21.43:210][  0]LogModuleManager: Shutting down and abandoning module KismetCompiler (232)
[2023.05.04-16.21.43:210][  0]LogModuleManager: Shutting down and abandoning module MeshBuilder (230)
[2023.05.04-16.21.43:230][  0]LogModuleManager: Shutting down and abandoning module MeshUtilities (228)
[2023.05.04-16.21.43:236][  0]LogModuleManager: Shutting down and abandoning module MeshMergeUtilities (227)
[2023.05.04-16.21.43:241][  0]LogModuleManager: Shutting down and abandoning module MeshReductionInterface (226)
[2023.05.04-16.21.43:241][  0]LogModuleManager: Shutting down and abandoning module MeshBoneReduction (225)
[2023.05.04-16.21.43:253][  0]LogModuleManager: Shutting down and abandoning module SkeletalMeshReduction (223)
[2023.05.04-16.21.43:266][  0]LogModuleManager: Shutting down and abandoning module ProxyLODMeshReduction (221)
[2023.05.04-16.21.43:312][  0]LogModuleManager: Shutting down and abandoning module QuadricMeshReduction (219)
[2023.05.04-16.21.43:321][  0]LogModuleManager: Shutting down and abandoning module MaterialBaking (215)
[2023.05.04-16.21.43:336][  0]LogModuleManager: Shutting down and abandoning module DirectoryWatcher (211)
[2023.05.04-16.21.43:338][  0]LogModuleManager: Shutting down and abandoning module NullInstallBundleManager (208)
[2023.05.04-16.21.43:338][  0]LogModuleManager: Shutting down and abandoning module DerivedDataCache (206)
[2023.05.04-16.21.43:355][  0]LogModuleManager: Shutting down and abandoning module TargetPlatform (204)
[2023.05.04-16.21.43:362][  0]LogModuleManager: Shutting down and abandoning module VulkanShaderFormat (203)
[2023.05.04-16.21.43:416][  0]LogModuleManager: Shutting down and abandoning module ShaderFormatVectorVM (201)
[2023.05.04-16.21.43:436][  0]LogModuleManager: Shutting down and abandoning module ShaderFormatOpenGL (199)
[2023.05.04-16.21.43:453][  0]LogModuleManager: Shutting down and abandoning module ShaderFormatD3D (197)
[2023.05.04-16.21.43:463][  0]LogModuleManager: Shutting down and abandoning module MetalShaderFormat (195)
[2023.05.04-16.21.43:476][  0]LogModuleManager: Shutting down and abandoning module TextureFormatOodle (193)
[2023.05.04-16.21.43:486][  0]LogModuleManager: Shutting down and abandoning module TextureFormatUncompressed (191)
[2023.05.04-16.21.43:486][  0]LogModuleManager: Shutting down and abandoning module TextureFormatPVR (189)
[2023.05.04-16.21.43:486][  0]LogModuleManager: Shutting down and abandoning module TextureFormatETC2 (187)
[2023.05.04-16.21.43:486][  0]LogModuleManager: Shutting down and abandoning module TextureFormatDXT (185)
[2023.05.04-16.21.43:498][  0]LogModuleManager: Shutting down and abandoning module TextureFormatIntelISPCTexComp (183)
[2023.05.04-16.21.43:499][  0]LogModuleManager: Shutting down and abandoning module TextureFormatASTC (181)
[2023.05.04-16.21.43:499][  0]LogModuleManager: Shutting down and abandoning module ImageWrapper (180)
[2023.05.04-16.21.43:499][  0]LogModuleManager: Shutting down and abandoning module AudioFormatOpus (177)
[2023.05.04-16.21.43:499][  0]LogModuleManager: Shutting down and abandoning module AudioFormatOgg (175)
[2023.05.04-16.21.43:499][  0]LogModuleManager: Shutting down and abandoning module AudioFormatADPCM (173)
[2023.05.04-16.21.43:514][  0]LogModuleManager: Shutting down and abandoning module WindowsServerTargetPlatform (171)
[2023.05.04-16.21.43:514][  0]LogModuleManager: Shutting down and abandoning module WindowsClientTargetPlatform (169)
[2023.05.04-16.21.43:514][  0]LogModuleManager: Shutting down and abandoning module WindowsTargetPlatform (167)
[2023.05.04-16.21.43:514][  0]LogModuleManager: Shutting down and abandoning module WindowsNoEditorTargetPlatform (165)
[2023.05.04-16.21.43:514][  0]LogModuleManager: Shutting down and abandoning module TVOSTargetPlatform (163)
[2023.05.04-16.21.43:515][  0]LogModuleManager: Shutting down and abandoning module MacServerTargetPlatform (161)
[2023.05.04-16.21.43:515][  0]LogModuleManager: Shutting down and abandoning module MacClientTargetPlatform (159)
[2023.05.04-16.21.43:537][  0]LogModuleManager: Shutting down and abandoning module MacTargetPlatform (157)
[2023.05.04-16.21.43:537][  0]LogModuleManager: Shutting down and abandoning module MacNoEditorTargetPlatform (155)
[2023.05.04-16.21.43:540][  0]LogModuleManager: Shutting down and abandoning module LuminTargetPlatform (153)
[2023.05.04-16.21.43:541][  0]LogModuleManager: Shutting down and abandoning module LinuxAArch64ServerTargetPlatform (151)
[2023.05.04-16.21.43:541][  0]LogModuleManager: Shutting down and abandoning module LinuxAArch64ClientTargetPlatform (149)
[2023.05.04-16.21.43:541][  0]LogModuleManager: Shutting down and abandoning module LinuxAArch64NoEditorTargetPlatform (147)
[2023.05.04-16.21.43:541][  0]LogModuleManager: Shutting down and abandoning module LinuxServerTargetPlatform (145)
[2023.05.04-16.21.43:541][  0]LogModuleManager: Shutting down and abandoning module LinuxClientTargetPlatform (143)
[2023.05.04-16.21.43:541][  0]LogModuleManager: Shutting down and abandoning module LinuxNoEditorTargetPlatform (141)
[2023.05.04-16.21.43:541][  0]LogModuleManager: Shutting down and abandoning module LinuxTargetPlatform (139)
[2023.05.04-16.21.43:541][  0]LogModuleManager: Shutting down and abandoning module Messaging (137)
[2023.05.04-16.21.43:541][  0]LogModuleManager: Shutting down and abandoning module IOSTargetPlatform (135)
[2023.05.04-16.21.43:542][  0]LogModuleManager: Shutting down and abandoning module AndroidTargetPlatform (133)
[2023.05.04-16.21.43:544][  0]LogModuleManager: Shutting down and abandoning module AllDesktopTargetPlatform (131)
[2023.05.04-16.21.43:544][  0]LogModuleManager: Shutting down and abandoning module NullDrv (128)
[2023.05.04-16.21.43:544][  0]LogModuleManager: Shutting down and abandoning module PhysXCooking (126)
[2023.05.04-16.21.43:544][  0]LogModuleManager: Shutting down and abandoning module Chaos (124)
[2023.05.04-16.21.43:569][  0]LogModuleManager: Shutting down and abandoning module WindowsPlatformFeatures (122)
[2023.05.04-16.21.43:570][  0]LogModuleManager: Shutting down and abandoning module GameplayMediaEncoder (121)
[2023.05.04-16.21.43:583][  0]LogModuleManager: Shutting down and abandoning module AVEncoder (120)
[2023.05.04-16.21.43:611][  0]LogModuleManager: Shutting down and abandoning module ExampleDeviceProfileSelector (116)
[2023.05.04-16.21.43:611][  0]LogModuleManager: Shutting down and abandoning module SteamVRInputDevice (114)
[2023.05.04-16.21.43:611][  0]LogModuleManager: Shutting down and abandoning module SteamVRInput (112)
[2023.05.04-16.21.43:611][  0]LogModuleManager: Shutting down and abandoning module SteamVR (110)
[2023.05.04-16.21.43:630][  0]LogHMD: Freeing OpenVRDLLHandle.
[2023.05.04-16.21.43:630][  0]LogModuleManager: Shutting down and abandoning module OculusHMD (108)
[2023.05.04-16.21.43:644][  0]LogModuleManager: Shutting down and abandoning module PixWinPlugin (106)
[2023.05.04-16.21.43:644][  0]LogModuleManager: Shutting down and abandoning module OpenXRHandTracking (104)
[2023.05.04-16.21.43:644][  0]LogModuleManager: Shutting down and abandoning module OpenXREyeTracker (102)
[2023.05.04-16.21.43:644][  0]LogModuleManager: Shutting down and abandoning module OpenXRAR (100)
[2023.05.04-16.21.43:648][  0]LogModuleManager: Shutting down and abandoning module AugmentedReality (99)
[2023.05.04-16.21.43:648][  0]LogModuleManager: Shutting down and abandoning module OpenXRHMD (96)
[2023.05.04-16.21.43:652][  0]LogModuleManager: Shutting down and abandoning module ChunkDownloader (94)
[2023.05.04-16.21.43:676][  0]LogModuleManager: Shutting down and abandoning module WmfMedia (92)
[2023.05.04-16.21.43:689][  0]LogModuleManager: Shutting down and abandoning module Media (91)
[2023.05.04-16.21.43:689][  0]LogModuleManager: Shutting down and abandoning module MediaInfo (90)
[2023.05.04-16.21.43:689][  0]LogModuleManager: Shutting down and abandoning module ExrReaderGpu (86)
[2023.05.04-16.21.43:711][  0]LogModuleManager: Shutting down and abandoning module VariantManagerContent (84)
[2023.05.04-16.21.43:711][  0]LogModuleManager: Shutting down and abandoning module DatasmithContent (82)
[2023.05.04-16.21.43:734][  0]LogModuleManager: Shutting down and abandoning module MLSDK (80)
[2023.05.04-16.21.43:745][  0]LogModuleManager: Shutting down and abandoning module MagicLeap (78)
[2023.05.04-16.21.43:745][  0]LogModuleManager: Shutting down and abandoning module LauncherChunkInstaller (76)
[2023.05.04-16.21.43:745][  0]LogModuleManager: Shutting down and abandoning module OnlineBlueprintSupport (74)
[2023.05.04-16.21.43:745][  0]LogModuleManager: Shutting down and abandoning module OnlineSubsystem (70)
[2023.05.04-16.21.43:787][  0]LogModuleManager: Shutting down and abandoning module XMPP (65)
[2023.05.04-16.21.43:800][  0]LogModuleManager: Shutting down and abandoning module WebSockets (64)
[2023.05.04-16.21.43:862][  0]LogModuleManager: Shutting down and abandoning module HTTP (61)
[2023.05.04-16.21.43:862][  0]LogHttp: Display: cleaning up 0 outstanding Http requests.
[2023.05.04-16.21.43:892][  0]LogModuleManager: Shutting down and abandoning module SSL (60)
[2023.05.04-16.21.43:893][  0]LogModuleManager: Shutting down and abandoning module NiagaraVertexFactories (56)
[2023.05.04-16.21.43:893][  0]LogModuleManager: Shutting down and abandoning module NiagaraShader (54)
[2023.05.04-16.21.43:893][  0]LogModuleManager: Shutting down and abandoning module ChaosCloth (52)
[2023.05.04-16.21.43:912][  0]LogModuleManager: Shutting down and abandoning module AISupportModule (50)
[2023.05.04-16.21.43:912][  0]LogModuleManager: Shutting down and abandoning module DesktopPlatform (48)
[2023.05.04-16.21.43:912][  0]LogModuleManager: Shutting down and abandoning module PythonScriptPluginPreload (46)
[2023.05.04-16.21.43:912][  0]LogModuleManager: Shutting down and abandoning module PlatformCryptoOpenSSL (44)
[2023.05.04-16.21.43:931][  0]LogModuleManager: Shutting down and abandoning module PlatformCryptoTypes (42)
[2023.05.04-16.21.43:931][  0]LogModuleManager: Shutting down and abandoning module PlatformCrypto (40)
[2023.05.04-16.21.43:931][  0]LogModuleManager: Shutting down and abandoning module OodleDataCompressionFormat (38)
[2023.05.04-16.21.43:948][  0]LogModuleManager: Shutting down and abandoning module XGEController (36)
[2023.05.04-16.21.43:965][  0]LogModuleManager: Shutting down and abandoning module AnimationModifiers (34)
[2023.05.04-16.21.43:977][  0]LogModuleManager: Shutting down and abandoning module AudioEditor (32)
[2023.05.04-16.21.43:987][  0]LogModuleManager: Shutting down and abandoning module PropertyEditor (31)
[2023.05.04-16.21.44:001][  0]LogModuleManager: Shutting down and abandoning module TextureCompressor (28)
[2023.05.04-16.21.44:014][  0]LogModuleManager: Shutting down and abandoning module RenderCore (26)
[2023.05.04-16.21.44:014][  0]LogModuleManager: Shutting down and abandoning module Landscape (24)
[2023.05.04-16.21.44:014][  0]LogModuleManager: Shutting down and abandoning module SlateRHIRenderer (22)
[2023.05.04-16.21.44:014][  0]LogModuleManager: Shutting down and abandoning module AnimGraphRuntime (20)
[2023.05.04-16.21.44:037][  0]LogModuleManager: Shutting down and abandoning module Renderer (18)
[2023.05.04-16.21.44:053][  0]LogModuleManager: Shutting down and abandoning module Engine (16)
[2023.05.04-16.21.44:053][  0]LogModuleManager: Shutting down and abandoning module CoreUObject (14)
[2023.05.04-16.21.44:053][  0]LogModuleManager: Shutting down and abandoning module NetworkFile (12)
[2023.05.04-16.21.44:066][  0]LogModuleManager: Shutting down and abandoning module CookedIterativeFile (10)
[2023.05.04-16.21.44:066][  0]LogModuleManager: Shutting down and abandoning module StreamingFile (8)
[2023.05.04-16.21.44:077][  0]LogModuleManager: Shutting down and abandoning module SandboxFile (6)
[2023.05.04-16.21.44:092][  0]LogModuleManager: Shutting down and abandoning module PakFile (4)
[2023.05.04-16.21.44:104][  0]LogModuleManager: Shutting down and abandoning module RSA (3)
[2023.05.04-16.21.44:338][  0]LogContentStreaming: Display: There are 1 unreleased StreamingManagers
[2023.05.04-16.21.44:445][  0]LogExit: Exiting.
[2023.05.04-16.21.44:453][  0]Log file closed, 05/04/23 17:21:44
