Log file open, 03/28/23 18:34:00
LogWindows: Failed to load 'aqProf.dll' (GetLastError=126)
LogWindows: File 'aqProf.dll' does not exist
LogWindows: Failed to load 'VtuneApi.dll' (GetLastError=126)
LogWindows: File 'VtuneApi.dll' does not exist
LogWindows: Failed to load 'VtuneApi32e.dll' (GetLastError=126)
LogWindows: File 'VtuneApi32e.dll' does not exist
LogConsoleResponse: Display: Failed to find resolution value strings in scalability ini. Falling back to default.
LogConsoleResponse: Display: Failed to find resolution value strings in scalability ini. Falling back to default.
LogInit: Display: Running engine for game: Twonic
LogPlatformFile: Not using cached read wrapper
LogTaskGraph: Started task graph with 5 named threads and 23 total threads with 3 sets of task threads.
LogStats: Stats thread started at 4.683230
LogICUInternationalization: ICU TimeZone Detection - Raw Offset: +0:00, Platform Override: ''
LogInit: Display: Loading text-based GConfig....
LogPluginManager: Mounting plugin MeshPainting
LogPluginManager: Mounting plugin XGEController
LogPluginManager: Mounting plugin Paper2D
LogPluginManager: Mounting plugin AISupport
LogPluginManager: Mounting plugin EnvironmentQueryEditor
LogPluginManager: Mounting plugin LiveLink
LogPluginManager: Mounting plugin CameraShakePreviewer
LogPluginManager: Mounting plugin GameplayCameras
LogPluginManager: Mounting plugin LightPropagationVolume
LogPluginManager: Mounting plugin OodleData
LogPluginManager: Mounting plugin OodleNetwork
LogPluginManager: Mounting plugin AssetManagerEditor
LogPluginManager: Mounting plugin CryptoKeys
LogPluginManager: Mounting plugin CurveEditorTools
LogPluginManager: Mounting plugin DataValidation
LogPluginManager: Mounting plugin FacialAnimation
LogPluginManager: Mounting plugin GameplayTagsEditor
LogPluginManager: Mounting plugin MacGraphicsSwitching
LogPluginManager: Mounting plugin GeometryMode
LogPluginManager: Mounting plugin MaterialAnalyzer
LogPluginManager: Mounting plugin MobileLauncherProfileWizard
LogPluginManager: Mounting plugin PluginBrowser
LogPluginManager: Mounting plugin AnimationSharing
LogPluginManager: Mounting plugin DatasmithContent
LogPluginManager: Mounting plugin SpeedTreeImporter
LogPluginManager: Mounting plugin VariantManagerContent
LogPluginManager: Mounting plugin CLionSourceCodeAccess
LogPluginManager: Mounting plugin CodeLiteSourceCodeAccess
LogPluginManager: Mounting plugin GitSourceControl
LogPluginManager: Mounting plugin NullSourceCodeAccess
LogPluginManager: Mounting plugin KDevelopSourceCodeAccess
LogPluginManager: Mounting plugin PerforceSourceControl
LogPluginManager: Mounting plugin AlembicImporter
LogPluginManager: Mounting plugin PixWinPlugin
LogPluginManager: Mounting plugin AutomationUtils
LogPluginManager: Mounting plugin PlasticSourceControl
LogPluginManager: Mounting plugin BackChannel
LogPluginManager: Mounting plugin PluginUtils
LogPluginManager: Mounting plugin PropertyAccessNode
LogPluginManager: Mounting plugin RiderSourceCodeAccess
LogPluginManager: Mounting plugin SubversionSourceControl
LogPluginManager: Mounting plugin ChaosCloth
LogPluginManager: Mounting plugin TextureFormatOodle
LogPluginManager: Mounting plugin UObjectPlugin
LogPluginManager: Mounting plugin VisualStudioCodeSourceCodeAccess
LogPluginManager: Mounting plugin VisualStudioSourceCodeAccess
LogPluginManager: Mounting plugin ChaosClothEditor
LogPluginManager: Mounting plugin XCodeSourceCodeAccess
LogPluginManager: Mounting plugin Niagara
LogPluginManager: Mounting plugin ChaosEditor
LogPluginManager: Mounting plugin ChaosNiagara
LogPluginManager: Mounting plugin ChaosSolverPlugin
LogPluginManager: Mounting plugin CharacterAI
LogPluginManager: Mounting plugin GeometryCache
LogPluginManager: Mounting plugin GeometryCollectionPlugin
LogPluginManager: Mounting plugin GeometryProcessing
LogPluginManager: Mounting plugin AndroidMedia
LogPluginManager: Mounting plugin AvfMedia
LogPluginManager: Mounting plugin LuminPlatformFeatures
LogPluginManager: Mounting plugin MagicLeap
LogPluginManager: Mounting plugin ImgMedia
LogPluginManager: Mounting plugin MediaCompositing
LogPluginManager: Mounting plugin MagicLeapLightEstimation
LogPluginManager: Mounting plugin MotoSynth
LogPluginManager: Mounting plugin MediaPlayerEditor
LogPluginManager: Mounting plugin MagicLeapMedia
LogPluginManager: Mounting plugin OpenImageDenoise
LogPluginManager: Mounting plugin PlanarCut
LogPluginManager: Mounting plugin WebMMedia
LogPluginManager: Mounting plugin MagicLeapPassableWorld
LogPluginManager: Mounting plugin WmfMedia
LogPluginManager: Mounting plugin PlatformCrypto
LogPluginManager: Mounting plugin PythonScriptPlugin
LogPluginManager: Mounting plugin ProxyLODPlugin
LogPluginManager: Mounting plugin SkeletalReduction
LogPluginManager: Mounting plugin ActorSequence
LogPluginManager: Mounting plugin LevelSequenceEditor
LogPluginManager: Mounting plugin MLSDK
LogPluginManager: Mounting plugin MatineeToLevelSequence
LogPluginManager: Mounting plugin TemplateSequence
LogPluginManager: Mounting plugin TcpMessaging
LogPluginManager: Mounting plugin UdpMessaging
LogPluginManager: Mounting plugin OnlineSubsystem
LogPluginManager: Mounting plugin LauncherChunkInstaller
LogPluginManager: Mounting plugin OnlineSubsystemNull
LogPluginManager: Mounting plugin OnlineSubsystemUtils
LogPluginManager: Mounting plugin ActorLayerUtilities
LogPluginManager: Mounting plugin AndroidDeviceProfileSelector
LogPluginManager: Mounting plugin AndroidMoviePlayer
LogPluginManager: Mounting plugin AppleImageUtils
LogPluginManager: Mounting plugin AppleMoviePlayer
LogPluginManager: Mounting plugin ArchVisCharacter
LogPluginManager: Mounting plugin AssetTags
LogPluginManager: Mounting plugin AudioCapture
LogPluginManager: Mounting plugin AudioSynesthesia
LogPluginManager: Mounting plugin CableComponent
LogPluginManager: Mounting plugin ChunkDownloader
LogPluginManager: Mounting plugin CustomMeshComponent
LogPluginManager: Mounting plugin EditableMesh
LogPluginManager: Mounting plugin ExampleDeviceProfileSelector
LogPluginManager: Mounting plugin GoogleCloudMessaging
LogPluginManager: Mounting plugin AndroidPermission
LogPluginManager: Mounting plugin GooglePAD
LogPluginManager: Mounting plugin IOSDeviceProfileSelector
LogPluginManager: Mounting plugin LinuxDeviceProfileSelector
LogPluginManager: Mounting plugin LocationServicesBPLibrary
LogPluginManager: Mounting plugin MobilePatchingUtils
LogPluginManager: Mounting plugin OpenXR
LogPluginManager: Mounting plugin OpenXREyeTracker
LogPluginManager: Mounting plugin OpenXRHandTracking
LogPluginManager: Mounting plugin ScreenshotTools
LogPluginManager: Mounting plugin PostSplashScreen
LogPluginManager: Mounting plugin PhysXVehicles
LogPluginManager: Mounting plugin ProceduralMeshComponent
LogPluginManager: Mounting plugin PropertyAccessEditor
LogPluginManager: Mounting plugin RuntimePhysXCooking
LogPluginManager: Mounting plugin SignificanceManager
LogPluginManager: Mounting plugin SoundFields
LogPluginManager: Mounting plugin Synthesis
LogPluginManager: Mounting plugin WebMMoviePlayer
LogPluginManager: Mounting plugin WindowsMoviePlayer
LogPluginManager: Mounting plugin Takes
LogPluginManager: Mounting plugin ContentBrowserAssetDataSource
LogPluginManager: Mounting plugin ContentBrowserClassDataSource
LogPluginManager: Mounting plugin ContentBrowserFileDataSource
LogPluginManager: Mounting plugin OnlineSubsystemGooglePlay
LogPluginManager: Mounting plugin OnlineSubsystemIOS
LogPluginManager: Mounting plugin OculusVR
LogPluginManager: Mounting plugin SteamVR
PixWinPlugin: PIX capture plugin failed to initialize! Check that the process is launched from PIX.
LogInit: Using libcurl 7.55.1-DEV
LogInit:  - built for x86_64-pc-win32
LogInit:  - supports SSL with OpenSSL/1.1.1
LogInit:  - supports HTTP deflate (compression) using libz 1.2.8
LogInit:  - other features:
LogInit:      CURL_VERSION_SSL
LogInit:      CURL_VERSION_LIBZ
LogInit:      CURL_VERSION_IPV6
LogInit:      CURL_VERSION_ASYNCHDNS
LogInit:      CURL_VERSION_LARGEFILE
LogInit:      CURL_VERSION_IDN
LogInit:  CurlRequestOptions (configurable via config and command line):
LogInit:  - bVerifyPeer = true  - Libcurl will verify peer certificate
LogInit:  - bUseHttpProxy = false  - Libcurl will NOT use HTTP proxy
LogInit:  - bDontReuseConnections = false  - Libcurl will reuse connections
LogInit:  - MaxHostConnections = 16  - Libcurl will limit the number of connections to a host
LogInit:  - LocalHostAddr = Default
LogInit:  - BufferSize = 65536
LogOnline: OSS: Creating online subsystem instance for: NULL
LogInit: WinSock: version 1.1 (2.2), MaxSocks=32767, MaxUdp=65467
LogOnline: OSS: TryLoadSubsystemAndSetDefault: Loaded subsystem for module [NULL]
LogInit: Build: ++UE4+Release-4.27-CL-18319896
LogInit: Engine Version: 4.27.2-18319896+++UE4+Release-4.27
LogInit: Compatible Engine Version: 4.27.0-17155196+++UE4+Release-4.27
LogInit: Net CL: 17155196
LogInit: OS: Windows 10 (Release 2009) (), CPU: Intel(R) Core(TM) i5-8300H CPU @ 2.30GHz, GPU: NVIDIA GeForce GTX 1060
LogInit: Compiled (64-bit): Nov 30 2021 07:12:08
LogInit: Compiled with Visual C++: 19.24.28315.00
LogInit: Build Configuration: Development
LogInit: Branch Name: ++UE4+Release-4.27
LogInit: Command Line:  C:/Users/emmyt/OneDrive/Documents/GitHub/-Journeyman-Twonic---Alpha-Team/Twonic/Twonic.uproject -run=GatherText -config=Config/Localization/Game_Gather.ini
LogInit: Base Directory: D:/Epic Games/UE_4.27/Engine/Binaries/Win64/
LogInit: Allocator: TBB
LogInit: Installed Engine Build: 1
LogDevObjectVersion: Number of dev versions registered: 29
LogDevObjectVersion:   Dev-Blueprints (B0D832E4-1F89-4F0D-ACCF-7EB736FD4AA2): 10
LogDevObjectVersion:   Dev-Build (E1C64328-A22C-4D53-A36C-8E866417BD8C): 0
LogDevObjectVersion:   Dev-Core (375EC13C-06E4-48FB-B500-84F0262A717E): 4
LogDevObjectVersion:   Dev-Editor (E4B068ED-F494-42E9-A231-DA0B2E46BB41): 40
LogDevObjectVersion:   Dev-Framework (CFFC743F-43B0-4480-9391-14DF171D2073): 37
LogDevObjectVersion:   Dev-Mobile (B02B49B5-BB20-44E9-A304-32B752E40360): 3
LogDevObjectVersion:   Dev-Networking (A4E4105C-59A1-49B5-A7C5-40C4547EDFEE): 0
LogDevObjectVersion:   Dev-Online (39C831C9-5AE6-47DC-9A44-9C173E1C8E7C): 0
LogDevObjectVersion:   Dev-Physics (78F01B33-EBEA-4F98-B9B4-84EACCB95AA2): 14
LogDevObjectVersion:   Dev-Platform (6631380F-2D4D-43E0-8009-CF276956A95A): 0
LogDevObjectVersion:   Dev-Rendering (12F88B9F-8875-4AFC-A67C-D90C383ABD29): 45
LogDevObjectVersion:   Dev-Sequencer (7B5AE74C-D270-4C10-A958-57980B212A5A): 13
LogDevObjectVersion:   Dev-VR (D7296918-1DD6-4BDD-9DE2-64A83CC13884): 3
LogDevObjectVersion:   Dev-LoadTimes (C2A15278-BFE7-4AFE-6C17-90FF531DF755): 1
LogDevObjectVersion:   Private-Geometry (6EACA3D4-40EC-4CC1-B786-8BED09428FC5): 3
LogDevObjectVersion:   Dev-AnimPhys (29E575DD-E0A3-4627-9D10-D276232CDCEA): 17
LogDevObjectVersion:   Dev-Anim (AF43A65D-7FD3-4947-9873-3E8ED9C1BB05): 15
LogDevObjectVersion:   Dev-ReflectionCapture (6B266CEC-1EC7-4B8F-A30B-E4D90942FC07): 1
LogDevObjectVersion:   Dev-Automation (0DF73D61-A23F-47EA-B727-89E90C41499A): 1
LogDevObjectVersion:   FortniteMain (601D1886-AC64-4F84-AA16-D3DE0DEAC7D6): 47
LogDevObjectVersion:   FortniteRelease (E7086368-6B23-4C58-8439-1B7016265E91): 1
LogDevObjectVersion:   Dev-Enterprise (9DFFBCD6-494F-0158-E221-12823C92A888): 10
LogDevObjectVersion:   Dev-Niagara (F2AED0AC-9AFE-416F-8664-AA7FFA26D6FC): 1
LogDevObjectVersion:   Dev-Destruction (174F1F0B-B4C6-45A5-B13F-2EE8D0FB917D): 10
LogDevObjectVersion:   Dev-Physics-Ext (35F94A83-E258-406C-A318-09F59610247C): 41
LogDevObjectVersion:   Dev-PhysicsMaterial-Chaos (B68FC16E-8B1B-42E2-B453-215C058844FE): 1
LogDevObjectVersion:   Dev-CineCamera (B2E18506-4273-CFC2-A54E-F4BB758BBA07): 1
LogDevObjectVersion:   Dev-VirtualProduction (64F58936-FD1B-42BA-BA96-7289D5D0FA4E): 1
LogDevObjectVersion:   Dev-MediaFramework (6F0ED827-A609-4895-9C91-998D90180EA4): 2
LogInit: Presizing for max 25165824 objects, including 0 objects not considered by GC, pre-allocating 0 bytes for permanent pool.
LogConfig: Applying CVar settings from Section [/Script/Engine.StreamingSettings] File [C:/Users/emmyt/OneDrive/Documents/GitHub/-Journeyman-Twonic---Alpha-Team/Twonic/Saved/Config/Windows/Engine.ini]
LogConfig: Setting CVar [[s.MinBulkDataSizeForAsyncLoading:131072]]
LogConfig: Setting CVar [[s.AsyncLoadingThreadEnabled:0]]
LogConfig: Setting CVar [[s.EventDrivenLoaderEnabled:1]]
LogConfig: Setting CVar [[s.WarnIfTimeLimitExceeded:0]]
LogConfig: Setting CVar [[s.TimeLimitExceededMultiplier:1.5]]
LogConfig: Setting CVar [[s.TimeLimitExceededMinTime:0.005]]
LogConfig: Setting CVar [[s.UseBackgroundLevelStreaming:1]]
LogConfig: Setting CVar [[s.PriorityAsyncLoadingExtraTime:15.0]]
LogConfig: Setting CVar [[s.LevelStreamingActorsUpdateTimeLimit:5.0]]
LogConfig: Setting CVar [[s.PriorityLevelStreamingActorsUpdateExtraTime:5.0]]
LogConfig: Setting CVar [[s.LevelStreamingComponentsRegistrationGranularity:10]]
LogConfig: Setting CVar [[s.UnregisterComponentsTimeLimit:1.0]]
LogConfig: Setting CVar [[s.LevelStreamingComponentsUnregistrationGranularity:5]]
LogConfig: Setting CVar [[s.FlushStreamingOnExit:1]]
LogInit: Object subsystem initialized
LogConfig: Setting CVar [[con.DebugEarlyDefault:1]]
LogConfig: Setting CVar [[r.setres:1280x720]]
[2023.03.28-17.34.03:453][  0]LogConfig: Setting CVar [[con.DebugEarlyDefault:1]]
[2023.03.28-17.34.03:453][  0]LogConfig: Setting CVar [[r.setres:1280x720]]
[2023.03.28-17.34.03:453][  0]LogConfig: Applying CVar settings from Section [/Script/Engine.RendererSettings] File [C:/Users/emmyt/OneDrive/Documents/GitHub/-Journeyman-Twonic---Alpha-Team/Twonic/Saved/Config/Windows/Engine.ini]
[2023.03.28-17.34.03:453][  0]LogConfig: Setting CVar [[r.GPUCrashDebugging:0]]
[2023.03.28-17.34.03:453][  0]LogConfig: Setting CVar [[r.ForwardShading:0]]
[2023.03.28-17.34.03:453][  0]LogConfig: Setting CVar [[r.GenerateMeshDistanceFields:1]]
[2023.03.28-17.34.03:453][  0]LogConfig: Setting CVar [[r.DefaultFeature.AutoExposure:0]]
[2023.03.28-17.34.03:453][  0]LogConfig: Applying CVar settings from Section [/Script/Engine.RendererOverrideSettings] File [C:/Users/emmyt/OneDrive/Documents/GitHub/-Journeyman-Twonic---Alpha-Team/Twonic/Saved/Config/Windows/Engine.ini]
[2023.03.28-17.34.03:453][  0]LogConfig: Applying CVar settings from Section [/Script/Engine.StreamingSettings] File [C:/Users/emmyt/OneDrive/Documents/GitHub/-Journeyman-Twonic---Alpha-Team/Twonic/Saved/Config/Windows/Engine.ini]
[2023.03.28-17.34.03:453][  0]LogConfig: Setting CVar [[s.MinBulkDataSizeForAsyncLoading:131072]]
[2023.03.28-17.34.03:453][  0]LogConfig: Setting CVar [[s.AsyncLoadingThreadEnabled:0]]
[2023.03.28-17.34.03:453][  0]LogConfig: Setting CVar [[s.EventDrivenLoaderEnabled:1]]
[2023.03.28-17.34.03:453][  0]LogConfig: Setting CVar [[s.WarnIfTimeLimitExceeded:0]]
[2023.03.28-17.34.03:453][  0]LogConfig: Setting CVar [[s.TimeLimitExceededMultiplier:1.5]]
[2023.03.28-17.34.03:453][  0]LogConfig: Setting CVar [[s.TimeLimitExceededMinTime:0.005]]
[2023.03.28-17.34.03:453][  0]LogConfig: Setting CVar [[s.UseBackgroundLevelStreaming:1]]
[2023.03.28-17.34.03:453][  0]LogConfig: Setting CVar [[s.PriorityAsyncLoadingExtraTime:15.0]]
[2023.03.28-17.34.03:453][  0]LogConfig: Setting CVar [[s.LevelStreamingActorsUpdateTimeLimit:5.0]]
[2023.03.28-17.34.03:453][  0]LogConfig: Setting CVar [[s.PriorityLevelStreamingActorsUpdateExtraTime:5.0]]
[2023.03.28-17.34.03:453][  0]LogConfig: Setting CVar [[s.LevelStreamingComponentsRegistrationGranularity:10]]
[2023.03.28-17.34.03:453][  0]LogConfig: Setting CVar [[s.UnregisterComponentsTimeLimit:1.0]]
[2023.03.28-17.34.03:453][  0]LogConfig: Setting CVar [[s.LevelStreamingComponentsUnregistrationGranularity:5]]
[2023.03.28-17.34.03:453][  0]LogConfig: Setting CVar [[s.FlushStreamingOnExit:1]]
[2023.03.28-17.34.03:453][  0]LogConfig: Applying CVar settings from Section [/Script/Engine.GarbageCollectionSettings] File [C:/Users/emmyt/OneDrive/Documents/GitHub/-Journeyman-Twonic---Alpha-Team/Twonic/Saved/Config/Windows/Engine.ini]
[2023.03.28-17.34.03:453][  0]LogConfig: Setting CVar [[gc.MaxObjectsNotConsideredByGC:1]]
[2023.03.28-17.34.03:453][  0]LogConfig: Setting CVar [[gc.SizeOfPermanentObjectPool:0]]
[2023.03.28-17.34.03:453][  0]LogConfig: Setting CVar [[gc.FlushStreamingOnGC:0]]
[2023.03.28-17.34.03:453][  0]LogConfig: Setting CVar [[gc.NumRetriesBeforeForcingGC:10]]
[2023.03.28-17.34.03:453][  0]LogConfig: Setting CVar [[gc.AllowParallelGC:1]]
[2023.03.28-17.34.03:453][  0]LogConfig: Setting CVar [[gc.TimeBetweenPurgingPendingKillObjects:61.1]]
[2023.03.28-17.34.03:453][  0]LogConfig: Setting CVar [[gc.MaxObjectsInEditor:25165824]]
[2023.03.28-17.34.03:453][  0]LogConfig: Setting CVar [[gc.IncrementalBeginDestroyEnabled:1]]
[2023.03.28-17.34.03:453][  0]LogConfig: Setting CVar [[gc.CreateGCClusters:1]]
[2023.03.28-17.34.03:453][  0]LogConfig: Setting CVar [[gc.MinGCClusterSize:5]]
[2023.03.28-17.34.03:453][  0]LogConfig: Setting CVar [[gc.ActorClusteringEnabled:0]]
[2023.03.28-17.34.03:453][  0]LogConfig: Setting CVar [[gc.BlueprintClusteringEnabled:0]]
[2023.03.28-17.34.03:453][  0]LogConfig: Setting CVar [[gc.UseDisregardForGCOnDedicatedServers:0]]
[2023.03.28-17.34.03:453][  0]LogConfig: Setting CVar [[gc.MultithreadedDestructionEnabled:1]]
[2023.03.28-17.34.03:453][  0]LogConfig: Applying CVar settings from Section [/Script/Engine.NetworkSettings] File [C:/Users/emmyt/OneDrive/Documents/GitHub/-Journeyman-Twonic---Alpha-Team/Twonic/Saved/Config/Windows/Engine.ini]
[2023.03.28-17.34.03:453][  0]LogConfig: Applying CVar settings from Section [/Script/UnrealEd.CookerSettings] File [C:/Users/emmyt/OneDrive/Documents/GitHub/-Journeyman-Twonic---Alpha-Team/Twonic/Saved/Config/Windows/Engine.ini]
[2023.03.28-17.34.03:453][  0]LogConfig: Applying CVar settings from Section [ViewDistanceQuality@3] File [C:/Users/emmyt/OneDrive/Documents/GitHub/-Journeyman-Twonic---Alpha-Team/Twonic/Saved/Config/Windows/Scalability.ini]
[2023.03.28-17.34.03:453][  0]LogConfig: Setting CVar [[r.SkeletalMeshLODBias:0]]
[2023.03.28-17.34.03:453][  0]LogConfig: Setting CVar [[r.ViewDistanceScale:1.0]]
[2023.03.28-17.34.03:453][  0]LogConfig: Applying CVar settings from Section [AntiAliasingQuality@3] File [C:/Users/emmyt/OneDrive/Documents/GitHub/-Journeyman-Twonic---Alpha-Team/Twonic/Saved/Config/Windows/Scalability.ini]
[2023.03.28-17.34.03:453][  0]LogConfig: Setting CVar [[r.PostProcessAAQuality:4]]
[2023.03.28-17.34.03:453][  0]LogConfig: Applying CVar settings from Section [ShadowQuality@3] File [C:/Users/emmyt/OneDrive/Documents/GitHub/-Journeyman-Twonic---Alpha-Team/Twonic/Saved/Config/Windows/Scalability.ini]
[2023.03.28-17.34.03:453][  0]LogConfig: Setting CVar [[r.LightFunctionQuality:1]]
[2023.03.28-17.34.03:453][  0]LogConfig: Setting CVar [[r.ShadowQuality:5]]
[2023.03.28-17.34.03:453][  0]LogConfig: Setting CVar [[r.Shadow.CSM.MaxCascades:10]]
[2023.03.28-17.34.03:454][  0]LogConfig: Setting CVar [[r.Shadow.MaxResolution:2048]]
[2023.03.28-17.34.03:454][  0]LogConfig: Setting CVar [[r.Shadow.MaxCSMResolution:2048]]
[2023.03.28-17.34.03:454][  0]LogConfig: Setting CVar [[r.Shadow.RadiusThreshold:0.01]]
[2023.03.28-17.34.03:454][  0]LogConfig: Setting CVar [[r.Shadow.DistanceScale:1.0]]
[2023.03.28-17.34.03:454][  0]LogConfig: Setting CVar [[r.Shadow.CSM.TransitionScale:1.0]]
[2023.03.28-17.34.03:454][  0]LogConfig: Setting CVar [[r.Shadow.PreShadowResolutionFactor:1.0]]
[2023.03.28-17.34.03:454][  0]LogConfig: Setting CVar [[r.DistanceFieldShadowing:1]]
[2023.03.28-17.34.03:454][  0]LogConfig: Setting CVar [[r.DistanceFieldAO:1]]
[2023.03.28-17.34.03:454][  0]LogConfig: Setting CVar [[r.AOQuality:2]]
[2023.03.28-17.34.03:454][  0]LogConfig: Setting CVar [[r.VolumetricFog:1]]
[2023.03.28-17.34.03:454][  0]LogConfig: Setting CVar [[r.VolumetricFog.GridPixelSize:8]]
[2023.03.28-17.34.03:454][  0]LogConfig: Setting CVar [[r.VolumetricFog.GridSizeZ:128]]
[2023.03.28-17.34.03:454][  0]LogConfig: Setting CVar [[r.VolumetricFog.HistoryMissSupersampleCount:4]]
[2023.03.28-17.34.03:454][  0]LogConfig: Setting CVar [[r.LightMaxDrawDistanceScale:1]]
[2023.03.28-17.34.03:454][  0]LogConfig: Setting CVar [[r.CapsuleShadows:1]]
[2023.03.28-17.34.03:454][  0]LogConfig: Applying CVar settings from Section [PostProcessQuality@3] File [C:/Users/emmyt/OneDrive/Documents/GitHub/-Journeyman-Twonic---Alpha-Team/Twonic/Saved/Config/Windows/Scalability.ini]
[2023.03.28-17.34.03:454][  0]LogConfig: Setting CVar [[r.MotionBlurQuality:4]]
[2023.03.28-17.34.03:454][  0]LogConfig: Setting CVar [[r.AmbientOcclusionMipLevelFactor:0.4]]
[2023.03.28-17.34.03:454][  0]LogConfig: Setting CVar [[r.AmbientOcclusionMaxQuality:100]]
[2023.03.28-17.34.03:454][  0]LogConfig: Setting CVar [[r.AmbientOcclusionLevels:-1]]
[2023.03.28-17.34.03:454][  0]LogConfig: Setting CVar [[r.AmbientOcclusionRadiusScale:1.0]]
[2023.03.28-17.34.03:454][  0]LogConfig: Setting CVar [[r.DepthOfFieldQuality:2]]
[2023.03.28-17.34.03:454][  0]LogConfig: Setting CVar [[r.RenderTargetPoolMin:400]]
[2023.03.28-17.34.03:454][  0]LogConfig: Setting CVar [[r.LensFlareQuality:2]]
[2023.03.28-17.34.03:454][  0]LogConfig: Setting CVar [[r.SceneColorFringeQuality:1]]
[2023.03.28-17.34.03:454][  0]LogConfig: Setting CVar [[r.EyeAdaptationQuality:2]]
[2023.03.28-17.34.03:454][  0]LogConfig: Setting CVar [[r.BloomQuality:5]]
[2023.03.28-17.34.03:454][  0]LogConfig: Setting CVar [[r.FastBlurThreshold:100]]
[2023.03.28-17.34.03:454][  0]LogConfig: Setting CVar [[r.Upscale.Quality:3]]
[2023.03.28-17.34.03:455][  0]LogConfig: Setting CVar [[r.Tonemapper.GrainQuantization:1]]
[2023.03.28-17.34.03:455][  0]LogConfig: Setting CVar [[r.LightShaftQuality:1]]
[2023.03.28-17.34.03:455][  0]LogConfig: Setting CVar [[r.Filter.SizeScale:1]]
[2023.03.28-17.34.03:455][  0]LogConfig: Setting CVar [[r.Tonemapper.Quality:5]]
[2023.03.28-17.34.03:455][  0]LogConfig: Setting CVar [[r.DOF.Gather.AccumulatorQuality:1        ; higher gathering accumulator quality]]
[2023.03.28-17.34.03:455][  0]LogConfig: Setting CVar [[r.DOF.Gather.PostfilterMethod:1          ; Median3x3 postfilering method]]
[2023.03.28-17.34.03:455][  0]LogConfig: Setting CVar [[r.DOF.Gather.EnableBokehSettings:0       ; no bokeh simulation when gathering]]
[2023.03.28-17.34.03:455][  0]LogConfig: Setting CVar [[r.DOF.Gather.RingCount:4                 ; medium number of samples when gathering]]
[2023.03.28-17.34.03:455][  0]LogConfig: Setting CVar [[r.DOF.Scatter.ForegroundCompositing:1    ; additive foreground scattering]]
[2023.03.28-17.34.03:455][  0]LogConfig: Setting CVar [[r.DOF.Scatter.BackgroundCompositing:2    ; additive background scattering]]
[2023.03.28-17.34.03:455][  0]LogConfig: Setting CVar [[r.DOF.Scatter.EnableBokehSettings:1      ; bokeh simulation when scattering]]
[2023.03.28-17.34.03:455][  0]LogConfig: Setting CVar [[r.DOF.Scatter.MaxSpriteRatio:0.1         ; only a maximum of 10% of scattered bokeh]]
[2023.03.28-17.34.03:455][  0]LogConfig: Setting CVar [[r.DOF.Recombine.Quality:1                ; cheap slight out of focus]]
[2023.03.28-17.34.03:455][  0]LogConfig: Setting CVar [[r.DOF.Recombine.EnableBokehSettings:0    ; no bokeh simulation on slight out of focus]]
[2023.03.28-17.34.03:455][  0]LogConfig: Setting CVar [[r.DOF.TemporalAAQuality:1                ; more stable temporal accumulation]]
[2023.03.28-17.34.03:455][  0]LogConfig: Setting CVar [[r.DOF.Kernel.MaxForegroundRadius:0.025]]
[2023.03.28-17.34.03:455][  0]LogConfig: Setting CVar [[r.DOF.Kernel.MaxBackgroundRadius:0.025]]
[2023.03.28-17.34.03:455][  0]LogConfig: Applying CVar settings from Section [TextureQuality@3] File [C:/Users/emmyt/OneDrive/Documents/GitHub/-Journeyman-Twonic---Alpha-Team/Twonic/Saved/Config/Windows/Scalability.ini]
[2023.03.28-17.34.03:455][  0]LogConfig: Setting CVar [[r.Streaming.MipBias:0]]
[2023.03.28-17.34.03:455][  0]LogConfig: Setting CVar [[r.Streaming.AmortizeCPUToGPUCopy:0]]
[2023.03.28-17.34.03:455][  0]LogConfig: Setting CVar [[r.Streaming.MaxNumTexturesToStreamPerFrame:0]]
[2023.03.28-17.34.03:455][  0]LogConfig: Setting CVar [[r.Streaming.Boost:1]]
[2023.03.28-17.34.03:455][  0]LogConfig: Setting CVar [[r.MaxAnisotropy:8]]
[2023.03.28-17.34.03:455][  0]LogConfig: Setting CVar [[r.VT.MaxAnisotropy:8]]
[2023.03.28-17.34.03:455][  0]LogConfig: Setting CVar [[r.Streaming.LimitPoolSizeToVRAM:0]]
[2023.03.28-17.34.03:455][  0]LogConfig: Setting CVar [[r.Streaming.PoolSize:1000]]
[2023.03.28-17.34.03:455][  0]LogConfig: Setting CVar [[r.Streaming.MaxEffectiveScreenSize:0]]
[2023.03.28-17.34.03:455][  0]LogConfig: Applying CVar settings from Section [EffectsQuality@3] File [C:/Users/emmyt/OneDrive/Documents/GitHub/-Journeyman-Twonic---Alpha-Team/Twonic/Saved/Config/Windows/Scalability.ini]
[2023.03.28-17.34.03:455][  0]LogConfig: Setting CVar [[r.TranslucencyLightingVolumeDim:64]]
[2023.03.28-17.34.03:455][  0]LogConfig: Setting CVar [[r.RefractionQuality:2]]
[2023.03.28-17.34.03:455][  0]LogConfig: Setting CVar [[r.SSR.Quality:3]]
[2023.03.28-17.34.03:455][  0]LogConfig: Setting CVar [[r.SSR.HalfResSceneColor:0]]
[2023.03.28-17.34.03:455][  0]LogConfig: Setting CVar [[r.SceneColorFormat:4]]
[2023.03.28-17.34.03:455][  0]LogConfig: Setting CVar [[r.DetailMode:2]]
[2023.03.28-17.34.03:455][  0]LogConfig: Setting CVar [[r.TranslucencyVolumeBlur:1]]
[2023.03.28-17.34.03:456][  0]LogConfig: Setting CVar [[r.MaterialQualityLevel:1 ; High quality]]
[2023.03.28-17.34.03:456][  0]LogConfig: Setting CVar [[r.AnisotropicMaterials:1]]
[2023.03.28-17.34.03:456][  0]LogConfig: Setting CVar [[r.SSS.Scale:1]]
[2023.03.28-17.34.03:456][  0]LogConfig: Setting CVar [[r.SSS.SampleSet:2]]
[2023.03.28-17.34.03:456][  0]LogConfig: Setting CVar [[r.SSS.Quality:1]]
[2023.03.28-17.34.03:456][  0]LogConfig: Setting CVar [[r.SSS.HalfRes:0]]
[2023.03.28-17.34.03:456][  0]LogConfig: Setting CVar [[r.SSGI.Quality:3]]
[2023.03.28-17.34.03:456][  0]LogConfig: Setting CVar [[r.EmitterSpawnRateScale:1.0]]
[2023.03.28-17.34.03:456][  0]LogConfig: Setting CVar [[r.ParticleLightQuality:2]]
[2023.03.28-17.34.03:456][  0]LogConfig: Setting CVar [[r.SkyAtmosphere.AerialPerspectiveLUT.FastApplyOnOpaque:1 ; Always have FastSkyLUT 1 in this case to avoid wrong sky]]
[2023.03.28-17.34.03:456][  0]LogConfig: Setting CVar [[r.SkyAtmosphere.AerialPerspectiveLUT.SampleCountMaxPerSlice:4]]
[2023.03.28-17.34.03:456][  0]LogConfig: Setting CVar [[r.SkyAtmosphere.AerialPerspectiveLUT.DepthResolution:16.0]]
[2023.03.28-17.34.03:456][  0]LogConfig: Setting CVar [[r.SkyAtmosphere.FastSkyLUT:1]]
[2023.03.28-17.34.03:456][  0]LogConfig: Setting CVar [[r.SkyAtmosphere.FastSkyLUT.SampleCountMin:4.0]]
[2023.03.28-17.34.03:456][  0]LogConfig: Setting CVar [[r.SkyAtmosphere.FastSkyLUT.SampleCountMax:128.0]]
[2023.03.28-17.34.03:456][  0]LogConfig: Setting CVar [[r.SkyAtmosphere.SampleCountMin:4.0]]
[2023.03.28-17.34.03:456][  0]LogConfig: Setting CVar [[r.SkyAtmosphere.SampleCountMax:128.0]]
[2023.03.28-17.34.03:456][  0]LogConfig: Setting CVar [[r.SkyAtmosphere.TransmittanceLUT.UseSmallFormat:0]]
[2023.03.28-17.34.03:456][  0]LogConfig: Setting CVar [[r.SkyAtmosphere.TransmittanceLUT.SampleCount:10.0]]
[2023.03.28-17.34.03:456][  0]LogConfig: Setting CVar [[r.SkyAtmosphere.MultiScatteringLUT.SampleCount:15.0]]
[2023.03.28-17.34.03:456][  0]LogConfig: Setting CVar [[r.SkyLight.RealTimeReflectionCapture:1]]
[2023.03.28-17.34.03:456][  0]LogConfig: Applying CVar settings from Section [FoliageQuality@3] File [C:/Users/emmyt/OneDrive/Documents/GitHub/-Journeyman-Twonic---Alpha-Team/Twonic/Saved/Config/Windows/Scalability.ini]
[2023.03.28-17.34.03:456][  0]LogConfig: Setting CVar [[foliage.DensityScale:1.0]]
[2023.03.28-17.34.03:456][  0]LogConfig: Setting CVar [[grass.DensityScale:1.0]]
[2023.03.28-17.34.03:456][  0]LogConfig: Applying CVar settings from Section [ShadingQuality@3] File [C:/Users/emmyt/OneDrive/Documents/GitHub/-Journeyman-Twonic---Alpha-Team/Twonic/Saved/Config/Windows/Scalability.ini]
[2023.03.28-17.34.03:456][  0]LogConfig: Setting CVar [[r.HairStrands.SkyLighting.IntegrationType:2]]
[2023.03.28-17.34.03:456][  0]LogConfig: Setting CVar [[r.HairStrands.SkyAO.SampleCount:4]]
[2023.03.28-17.34.03:456][  0]LogConfig: Setting CVar [[r.HairStrands.Visibility.MSAA.SamplePerPixel:4]]
[2023.03.28-17.34.03:481][  0]LogInit: Selected Device Profile: [Windows]
[2023.03.28-17.34.03:481][  0]LogInit: Applying CVar settings loaded from the selected device profile: [Windows]
[2023.03.28-17.34.03:490][  0]LogHAL: Display: Platform has ~ 8 GB [8464343040 / 8589934592 / 8], which maps to Default [LargestMinGB=32, LargerMinGB=12, DefaultMinGB=8, SmallerMinGB=6, SmallestMinGB=0)
[2023.03.28-17.34.03:490][  0]LogInit: Going up to parent DeviceProfile []
[2023.03.28-17.34.03:497][  0]LogConfig: Applying CVar settings from Section [ViewDistanceQuality@3] File [C:/Users/emmyt/OneDrive/Documents/GitHub/-Journeyman-Twonic---Alpha-Team/Twonic/Saved/Config/Windows/Scalability.ini]
[2023.03.28-17.34.03:497][  0]LogConfig: Setting CVar [[r.SkeletalMeshLODBias:0]]
[2023.03.28-17.34.03:497][  0]LogConfig: Setting CVar [[r.ViewDistanceScale:1.0]]
[2023.03.28-17.34.03:497][  0]LogConfig: Applying CVar settings from Section [AntiAliasingQuality@3] File [C:/Users/emmyt/OneDrive/Documents/GitHub/-Journeyman-Twonic---Alpha-Team/Twonic/Saved/Config/Windows/Scalability.ini]
[2023.03.28-17.34.03:497][  0]LogConfig: Setting CVar [[r.PostProcessAAQuality:4]]
[2023.03.28-17.34.03:497][  0]LogConfig: Applying CVar settings from Section [ShadowQuality@3] File [C:/Users/emmyt/OneDrive/Documents/GitHub/-Journeyman-Twonic---Alpha-Team/Twonic/Saved/Config/Windows/Scalability.ini]
[2023.03.28-17.34.03:497][  0]LogConfig: Setting CVar [[r.LightFunctionQuality:1]]
[2023.03.28-17.34.03:497][  0]LogConfig: Setting CVar [[r.ShadowQuality:5]]
[2023.03.28-17.34.03:497][  0]LogConfig: Setting CVar [[r.Shadow.CSM.MaxCascades:10]]
[2023.03.28-17.34.03:497][  0]LogConfig: Setting CVar [[r.Shadow.MaxResolution:2048]]
[2023.03.28-17.34.03:497][  0]LogConfig: Setting CVar [[r.Shadow.MaxCSMResolution:2048]]
[2023.03.28-17.34.03:497][  0]LogConfig: Setting CVar [[r.Shadow.RadiusThreshold:0.01]]
[2023.03.28-17.34.03:497][  0]LogConfig: Setting CVar [[r.Shadow.DistanceScale:1.0]]
[2023.03.28-17.34.03:497][  0]LogConfig: Setting CVar [[r.Shadow.CSM.TransitionScale:1.0]]
[2023.03.28-17.34.03:497][  0]LogConfig: Setting CVar [[r.Shadow.PreShadowResolutionFactor:1.0]]
[2023.03.28-17.34.03:497][  0]LogConfig: Setting CVar [[r.DistanceFieldShadowing:1]]
[2023.03.28-17.34.03:497][  0]LogConfig: Setting CVar [[r.DistanceFieldAO:1]]
[2023.03.28-17.34.03:497][  0]LogConfig: Setting CVar [[r.AOQuality:2]]
[2023.03.28-17.34.03:497][  0]LogConfig: Setting CVar [[r.VolumetricFog:1]]
[2023.03.28-17.34.03:497][  0]LogConfig: Setting CVar [[r.VolumetricFog.GridPixelSize:8]]
[2023.03.28-17.34.03:497][  0]LogConfig: Setting CVar [[r.VolumetricFog.GridSizeZ:128]]
[2023.03.28-17.34.03:497][  0]LogConfig: Setting CVar [[r.VolumetricFog.HistoryMissSupersampleCount:4]]
[2023.03.28-17.34.03:497][  0]LogConfig: Setting CVar [[r.LightMaxDrawDistanceScale:1]]
[2023.03.28-17.34.03:497][  0]LogConfig: Setting CVar [[r.CapsuleShadows:1]]
[2023.03.28-17.34.03:497][  0]LogConfig: Applying CVar settings from Section [PostProcessQuality@3] File [C:/Users/emmyt/OneDrive/Documents/GitHub/-Journeyman-Twonic---Alpha-Team/Twonic/Saved/Config/Windows/Scalability.ini]
[2023.03.28-17.34.03:497][  0]LogConfig: Setting CVar [[r.MotionBlurQuality:4]]
[2023.03.28-17.34.03:497][  0]LogConfig: Setting CVar [[r.AmbientOcclusionMipLevelFactor:0.4]]
[2023.03.28-17.34.03:497][  0]LogConfig: Setting CVar [[r.AmbientOcclusionMaxQuality:100]]
[2023.03.28-17.34.03:497][  0]LogConfig: Setting CVar [[r.AmbientOcclusionLevels:-1]]
[2023.03.28-17.34.03:497][  0]LogConfig: Setting CVar [[r.AmbientOcclusionRadiusScale:1.0]]
[2023.03.28-17.34.03:497][  0]LogConfig: Setting CVar [[r.DepthOfFieldQuality:2]]
[2023.03.28-17.34.03:498][  0]LogConfig: Setting CVar [[r.RenderTargetPoolMin:400]]
[2023.03.28-17.34.03:498][  0]LogConfig: Setting CVar [[r.LensFlareQuality:2]]
[2023.03.28-17.34.03:498][  0]LogConfig: Setting CVar [[r.SceneColorFringeQuality:1]]
[2023.03.28-17.34.03:498][  0]LogConfig: Setting CVar [[r.EyeAdaptationQuality:2]]
[2023.03.28-17.34.03:498][  0]LogConfig: Setting CVar [[r.BloomQuality:5]]
[2023.03.28-17.34.03:498][  0]LogConfig: Setting CVar [[r.FastBlurThreshold:100]]
[2023.03.28-17.34.03:498][  0]LogConfig: Setting CVar [[r.Upscale.Quality:3]]
[2023.03.28-17.34.03:498][  0]LogConfig: Setting CVar [[r.Tonemapper.GrainQuantization:1]]
[2023.03.28-17.34.03:498][  0]LogConfig: Setting CVar [[r.LightShaftQuality:1]]
[2023.03.28-17.34.03:498][  0]LogConfig: Setting CVar [[r.Filter.SizeScale:1]]
[2023.03.28-17.34.03:498][  0]LogConfig: Setting CVar [[r.Tonemapper.Quality:5]]
[2023.03.28-17.34.03:498][  0]LogConfig: Setting CVar [[r.DOF.Gather.AccumulatorQuality:1        ; higher gathering accumulator quality]]
[2023.03.28-17.34.03:498][  0]LogConfig: Setting CVar [[r.DOF.Gather.PostfilterMethod:1          ; Median3x3 postfilering method]]
[2023.03.28-17.34.03:498][  0]LogConfig: Setting CVar [[r.DOF.Gather.EnableBokehSettings:0       ; no bokeh simulation when gathering]]
[2023.03.28-17.34.03:498][  0]LogConfig: Setting CVar [[r.DOF.Gather.RingCount:4                 ; medium number of samples when gathering]]
[2023.03.28-17.34.03:498][  0]LogConfig: Setting CVar [[r.DOF.Scatter.ForegroundCompositing:1    ; additive foreground scattering]]
[2023.03.28-17.34.03:498][  0]LogConfig: Setting CVar [[r.DOF.Scatter.BackgroundCompositing:2    ; additive background scattering]]
[2023.03.28-17.34.03:498][  0]LogConfig: Setting CVar [[r.DOF.Scatter.EnableBokehSettings:1      ; bokeh simulation when scattering]]
[2023.03.28-17.34.03:498][  0]LogConfig: Setting CVar [[r.DOF.Scatter.MaxSpriteRatio:0.1         ; only a maximum of 10% of scattered bokeh]]
[2023.03.28-17.34.03:498][  0]LogConfig: Setting CVar [[r.DOF.Recombine.Quality:1                ; cheap slight out of focus]]
[2023.03.28-17.34.03:498][  0]LogConfig: Setting CVar [[r.DOF.Recombine.EnableBokehSettings:0    ; no bokeh simulation on slight out of focus]]
[2023.03.28-17.34.03:498][  0]LogConfig: Setting CVar [[r.DOF.TemporalAAQuality:1                ; more stable temporal accumulation]]
[2023.03.28-17.34.03:498][  0]LogConfig: Setting CVar [[r.DOF.Kernel.MaxForegroundRadius:0.025]]
[2023.03.28-17.34.03:498][  0]LogConfig: Setting CVar [[r.DOF.Kernel.MaxBackgroundRadius:0.025]]
[2023.03.28-17.34.03:498][  0]LogConfig: Applying CVar settings from Section [TextureQuality@3] File [C:/Users/emmyt/OneDrive/Documents/GitHub/-Journeyman-Twonic---Alpha-Team/Twonic/Saved/Config/Windows/Scalability.ini]
[2023.03.28-17.34.03:498][  0]LogConfig: Setting CVar [[r.Streaming.MipBias:0]]
[2023.03.28-17.34.03:498][  0]LogConfig: Setting CVar [[r.Streaming.AmortizeCPUToGPUCopy:0]]
[2023.03.28-17.34.03:498][  0]LogConfig: Setting CVar [[r.Streaming.MaxNumTexturesToStreamPerFrame:0]]
[2023.03.28-17.34.03:498][  0]LogConfig: Setting CVar [[r.Streaming.Boost:1]]
[2023.03.28-17.34.03:498][  0]LogConfig: Setting CVar [[r.MaxAnisotropy:8]]
[2023.03.28-17.34.03:498][  0]LogConfig: Setting CVar [[r.VT.MaxAnisotropy:8]]
[2023.03.28-17.34.03:498][  0]LogConfig: Setting CVar [[r.Streaming.LimitPoolSizeToVRAM:0]]
[2023.03.28-17.34.03:498][  0]LogConfig: Setting CVar [[r.Streaming.PoolSize:1000]]
[2023.03.28-17.34.03:498][  0]LogConfig: Setting CVar [[r.Streaming.MaxEffectiveScreenSize:0]]
[2023.03.28-17.34.03:498][  0]LogConfig: Applying CVar settings from Section [EffectsQuality@3] File [C:/Users/emmyt/OneDrive/Documents/GitHub/-Journeyman-Twonic---Alpha-Team/Twonic/Saved/Config/Windows/Scalability.ini]
[2023.03.28-17.34.03:498][  0]LogConfig: Setting CVar [[r.TranslucencyLightingVolumeDim:64]]
[2023.03.28-17.34.03:498][  0]LogConfig: Setting CVar [[r.RefractionQuality:2]]
[2023.03.28-17.34.03:498][  0]LogConfig: Setting CVar [[r.SSR.Quality:3]]
[2023.03.28-17.34.03:498][  0]LogConfig: Setting CVar [[r.SSR.HalfResSceneColor:0]]
[2023.03.28-17.34.03:498][  0]LogConfig: Setting CVar [[r.SceneColorFormat:4]]
[2023.03.28-17.34.03:498][  0]LogConfig: Setting CVar [[r.DetailMode:2]]
[2023.03.28-17.34.03:498][  0]LogConfig: Setting CVar [[r.TranslucencyVolumeBlur:1]]
[2023.03.28-17.34.03:498][  0]LogConfig: Setting CVar [[r.MaterialQualityLevel:1 ; High quality]]
[2023.03.28-17.34.03:498][  0]LogConfig: Setting CVar [[r.AnisotropicMaterials:1]]
[2023.03.28-17.34.03:498][  0]LogConfig: Setting CVar [[r.SSS.Scale:1]]
[2023.03.28-17.34.03:498][  0]LogConfig: Setting CVar [[r.SSS.SampleSet:2]]
[2023.03.28-17.34.03:498][  0]LogConfig: Setting CVar [[r.SSS.Quality:1]]
[2023.03.28-17.34.03:498][  0]LogConfig: Setting CVar [[r.SSS.HalfRes:0]]
[2023.03.28-17.34.03:498][  0]LogConfig: Setting CVar [[r.SSGI.Quality:3]]
[2023.03.28-17.34.03:498][  0]LogConfig: Setting CVar [[r.EmitterSpawnRateScale:1.0]]
[2023.03.28-17.34.03:498][  0]LogConfig: Setting CVar [[r.ParticleLightQuality:2]]
[2023.03.28-17.34.03:498][  0]LogConfig: Setting CVar [[r.SkyAtmosphere.AerialPerspectiveLUT.FastApplyOnOpaque:1 ; Always have FastSkyLUT 1 in this case to avoid wrong sky]]
[2023.03.28-17.34.03:498][  0]LogConfig: Setting CVar [[r.SkyAtmosphere.AerialPerspectiveLUT.SampleCountMaxPerSlice:4]]
[2023.03.28-17.34.03:498][  0]LogConfig: Setting CVar [[r.SkyAtmosphere.AerialPerspectiveLUT.DepthResolution:16.0]]
[2023.03.28-17.34.03:498][  0]LogConfig: Setting CVar [[r.SkyAtmosphere.FastSkyLUT:1]]
[2023.03.28-17.34.03:498][  0]LogConfig: Setting CVar [[r.SkyAtmosphere.FastSkyLUT.SampleCountMin:4.0]]
[2023.03.28-17.34.03:498][  0]LogConfig: Setting CVar [[r.SkyAtmosphere.FastSkyLUT.SampleCountMax:128.0]]
[2023.03.28-17.34.03:499][  0]LogConfig: Setting CVar [[r.SkyAtmosphere.SampleCountMin:4.0]]
[2023.03.28-17.34.03:499][  0]LogConfig: Setting CVar [[r.SkyAtmosphere.SampleCountMax:128.0]]
[2023.03.28-17.34.03:499][  0]LogConfig: Setting CVar [[r.SkyAtmosphere.TransmittanceLUT.UseSmallFormat:0]]
[2023.03.28-17.34.03:499][  0]LogConfig: Setting CVar [[r.SkyAtmosphere.TransmittanceLUT.SampleCount:10.0]]
[2023.03.28-17.34.03:499][  0]LogConfig: Setting CVar [[r.SkyAtmosphere.MultiScatteringLUT.SampleCount:15.0]]
[2023.03.28-17.34.03:499][  0]LogConfig: Setting CVar [[r.SkyLight.RealTimeReflectionCapture:1]]
[2023.03.28-17.34.03:499][  0]LogConfig: Applying CVar settings from Section [FoliageQuality@3] File [C:/Users/emmyt/OneDrive/Documents/GitHub/-Journeyman-Twonic---Alpha-Team/Twonic/Saved/Config/Windows/Scalability.ini]
[2023.03.28-17.34.03:499][  0]LogConfig: Setting CVar [[foliage.DensityScale:1.0]]
[2023.03.28-17.34.03:499][  0]LogConfig: Setting CVar [[grass.DensityScale:1.0]]
[2023.03.28-17.34.03:499][  0]LogConfig: Applying CVar settings from Section [ShadingQuality@3] File [C:/Users/emmyt/OneDrive/Documents/GitHub/-Journeyman-Twonic---Alpha-Team/Twonic/Saved/Config/Windows/Scalability.ini]
[2023.03.28-17.34.03:499][  0]LogConfig: Setting CVar [[r.HairStrands.SkyLighting.IntegrationType:2]]
[2023.03.28-17.34.03:499][  0]LogConfig: Setting CVar [[r.HairStrands.SkyAO.SampleCount:4]]
[2023.03.28-17.34.03:499][  0]LogConfig: Setting CVar [[r.HairStrands.Visibility.MSAA.SamplePerPixel:4]]
[2023.03.28-17.34.03:499][  0]LogConfig: Applying CVar settings from Section [Startup] File [../../../Engine/Config/ConsoleVariables.ini]
[2023.03.28-17.34.03:513][  0]LogConfig: Setting CVar [[net.UseAdaptiveNetUpdateFrequency:0]]
[2023.03.28-17.34.03:513][  0]LogConfig: Setting CVar [[p.chaos.AllowCreatePhysxBodies:1]]
[2023.03.28-17.34.03:513][  0]LogConfig: Setting CVar [[fx.SkipVectorVMBackendOptimizations:1]]
[2023.03.28-17.34.03:513][  0]LogConfig: Applying CVar settings from Section [ConsoleVariables] File [C:/Users/emmyt/OneDrive/Documents/GitHub/-Journeyman-Twonic---Alpha-Team/Twonic/Saved/Config/Windows/Engine.ini]
[2023.03.28-17.34.03:513][  0]LogConfig: Applying CVar settings from Section [ConsoleVariables] File [C:/Users/emmyt/OneDrive/Documents/GitHub/-Journeyman-Twonic---Alpha-Team/Twonic/Saved/Config/Windows/Editor.ini]
[2023.03.28-17.34.03:522][  0]LogInit: Computer: LAPTOP-OVB59CM9
[2023.03.28-17.34.03:522][  0]LogInit: User: emmyt
[2023.03.28-17.34.03:522][  0]LogInit: CPU Page size=4096, Cores=4
[2023.03.28-17.34.03:522][  0]LogInit: High frequency timer resolution =10.000000 MHz
[2023.03.28-17.34.03:523][  0]LogMemory: Memory total: Physical=7.9GB (8GB approx)
[2023.03.28-17.34.03:523][  0]LogMemory: Platform Memory Stats for Windows
[2023.03.28-17.34.03:523][  0]LogMemory: Process Physical Memory: 143.09 MB used, 143.09 MB peak
[2023.03.28-17.34.03:523][  0]LogMemory: Process Virtual Memory: 116.62 MB used, 116.62 MB peak
[2023.03.28-17.34.03:523][  0]LogMemory: Physical Memory: 7046.25 MB used,  1025.98 MB free, 8072.23 MB total
[2023.03.28-17.34.03:523][  0]LogMemory: Virtual Memory: 134212984.00 MB used,  4747.00 MB free, 134217728.00 MB total
[2023.03.28-17.34.03:552][  0]LogWindows: WindowsPlatformFeatures enabled
[2023.03.28-17.34.04:205][  0]LogInit: Physics initialised using underlying interface: PhysX
[2023.03.28-17.34.04:220][  0]LogInit: Using OS detected language (en-GB).
[2023.03.28-17.34.04:220][  0]LogInit: Using OS detected locale (en-GB).
[2023.03.28-17.34.04:245][  0]LogTextLocalizationManager: No specific localization for 'en-GB' exists, so the 'en' localization will be used.
[2023.03.28-17.34.09:056][  0]LogTargetPlatformManager: Display: Loaded TargetPlatform 'AllDesktop'
[2023.03.28-17.34.09:163][  0]LogTargetPlatformManager: Display: Loaded TargetPlatform 'Android'
[2023.03.28-17.34.09:163][  0]LogTargetPlatformManager: Display: Loaded TargetPlatform 'Android_ASTC'
[2023.03.28-17.34.09:163][  0]LogTargetPlatformManager: Display: Loaded TargetPlatform 'Android_DXT'
[2023.03.28-17.34.09:163][  0]LogTargetPlatformManager: Display: Loaded TargetPlatform 'Android_ETC2'
[2023.03.28-17.34.09:163][  0]LogTargetPlatformManager: Display: Loaded TargetPlatform 'AndroidClient'
[2023.03.28-17.34.09:163][  0]LogTargetPlatformManager: Display: Loaded TargetPlatform 'Android_ASTCClient'
[2023.03.28-17.34.09:163][  0]LogTargetPlatformManager: Display: Loaded TargetPlatform 'Android_DXTClient'
[2023.03.28-17.34.09:163][  0]LogTargetPlatformManager: Display: Loaded TargetPlatform 'Android_ETC2Client'
[2023.03.28-17.34.09:163][  0]LogTargetPlatformManager: Display: Loaded TargetPlatform 'Android_Multi'
[2023.03.28-17.34.09:163][  0]LogTargetPlatformManager: Display: Loaded TargetPlatform 'Android_MultiClient'
[2023.03.28-17.34.09:374][  0]LogTargetPlatformManager: Display: Loaded TargetPlatform 'IOSClient'
[2023.03.28-17.34.09:374][  0]LogTargetPlatformManager: Display: Loaded TargetPlatform 'IOS'
[2023.03.28-17.34.09:459][  0]LogTargetPlatformManager: Display: Loaded TargetPlatform 'Linux'
[2023.03.28-17.34.09:515][  0]LogTargetPlatformManager: Display: Loaded TargetPlatform 'LinuxNoEditor'
[2023.03.28-17.34.09:541][  0]LogTargetPlatformManager: Display: Loaded TargetPlatform 'LinuxClient'
[2023.03.28-17.34.09:559][  0]LogTargetPlatformManager: Display: Loaded TargetPlatform 'LinuxServer'
[2023.03.28-17.34.09:781][  0]LogTargetPlatformManager: Display: Loaded TargetPlatform 'LinuxAArch64NoEditor'
[2023.03.28-17.34.09:825][  0]LogTargetPlatformManager: Display: Loaded TargetPlatform 'LinuxAArch64Client'
[2023.03.28-17.34.09:873][  0]LogTargetPlatformManager: Display: Loaded TargetPlatform 'LinuxAArch64Server'
[2023.03.28-17.34.09:969][  0]LogTargetPlatformManager: Display: Loaded TargetPlatform 'Lumin'
[2023.03.28-17.34.09:969][  0]LogTargetPlatformManager: Display: Loaded TargetPlatform 'LuminClient'
[2023.03.28-17.34.10:031][  0]LogTargetPlatformManager: Display: Loaded TargetPlatform 'MacNoEditor'
[2023.03.28-17.34.10:071][  0]LogTargetPlatformManager: Display: Loaded TargetPlatform 'Mac'
[2023.03.28-17.34.10:093][  0]LogTargetPlatformManager: Display: Loaded TargetPlatform 'MacClient'
[2023.03.28-17.34.10:109][  0]LogTargetPlatformManager: Display: Loaded TargetPlatform 'MacServer'
[2023.03.28-17.34.10:153][  0]LogTargetPlatformManager: Display: Loaded TargetPlatform 'TVOSClient'
[2023.03.28-17.34.10:154][  0]LogTargetPlatformManager: Display: Loaded TargetPlatform 'TVOS'
[2023.03.28-17.34.10:186][  0]LogTargetPlatformManager: Display: Loaded TargetPlatform 'WindowsNoEditor'
[2023.03.28-17.34.10:211][  0]LogTargetPlatformManager: Display: Loaded TargetPlatform 'Windows'
[2023.03.28-17.34.10:230][  0]LogTargetPlatformManager: Display: Loaded TargetPlatform 'WindowsClient'
[2023.03.28-17.34.10:251][  0]LogTargetPlatformManager: Display: Loaded TargetPlatform 'WindowsServer'
[2023.03.28-17.34.10:251][  0]LogTargetPlatformManager: Display: Building Assets For Windows
[2023.03.28-17.34.10:346][  0]LogAudioDebug: Display: Lib vorbis DLL was dynamically loaded.
[2023.03.28-17.34.10:561][  0]LogTextureFormatOodle: Display: Oodle Texture 2.9.0 init RDO Off
[2023.03.28-17.34.11:474][  0]LogRendererCore: Ray tracing is disabled. Reason: r.RayTracing=0.
[2023.03.28-17.34.11:510][  0]LogShaderCompilers: Guid format shader working directory is -34 characters bigger than the processId version (C:/Users/emmyt/OneDrive/Documents/GitHub/-Journeyman-Twonic---Alpha-Team/Twonic/Intermediate/Shaders/WorkingDirectory/22120/).
[2023.03.28-17.34.11:510][  0]LogShaderCompilers: Cleaned the shader compiler working directory 'C:/Users/emmyt/AppData/Local/Temp/UnrealShaderWorkingDir/592018C04389D771BF3F318D2DB5E171/'.
[2023.03.28-17.34.11:526][  0]LogXGEController: Cannot use XGE Controller as Incredibuild is not installed on this machine.
[2023.03.28-17.34.11:526][  0]LogShaderCompilers: Cannot use XGE Shader Compiler as Incredibuild is not installed on this machine.
[2023.03.28-17.34.11:526][  0]LogShaderCompilers: Display: Using Local Shader Compiler.
[2023.03.28-17.34.12:782][  0]LogDerivedDataCache: Display: Max Cache Size: 512 MB
[2023.03.28-17.34.13:214][  0]LogDerivedDataCache: Loaded boot cache 0.43s 95MB C:/Users/emmyt/AppData/Local/UnrealEngine/4.27/DerivedDataCache/Boot.ddc.
[2023.03.28-17.34.13:215][  0]LogDerivedDataCache: Display: Loaded Boot cache: C:/Users/emmyt/AppData/Local/UnrealEngine/4.27/DerivedDataCache/Boot.ddc
[2023.03.28-17.34.13:215][  0]LogDerivedDataCache: FDerivedDataBackendGraph:  Pak pak cache file C:/Users/emmyt/OneDrive/Documents/GitHub/-Journeyman-Twonic---Alpha-Team/Twonic/DerivedDataCache/DDC.ddp not found, will not use a pak cache.
[2023.03.28-17.34.13:215][  0]LogDerivedDataCache: Unable to find inner node Pak for hierarchical cache Hierarchy.
[2023.03.28-17.34.13:215][  0]LogDerivedDataCache: FDerivedDataBackendGraph:  CompressedPak pak cache file C:/Users/emmyt/OneDrive/Documents/GitHub/-Journeyman-Twonic---Alpha-Team/Twonic/DerivedDataCache/Compressed.ddp not found, will not use a pak cache.
[2023.03.28-17.34.13:215][  0]LogDerivedDataCache: Unable to find inner node CompressedPak for hierarchical cache Hierarchy.
[2023.03.28-17.34.13:303][  0]LogDerivedDataCache: Display: Pak cache opened for reading ../../../Engine/DerivedDataCache/Compressed.ddp.
[2023.03.28-17.34.13:303][  0]LogDerivedDataCache: FDerivedDataBackendGraph:  EnterprisePak pak cache file ../../../Enterprise/DerivedDataCache/Compressed.ddp not found, will not use a pak cache.
[2023.03.28-17.34.13:303][  0]LogDerivedDataCache: Unable to find inner node EnterprisePak for hierarchical cache Hierarchy.
[2023.03.28-17.34.13:333][  0]LogDerivedDataCache: Speed tests for C:/Users/emmyt/AppData/Local/UnrealEngine/Common/DerivedDataCache took 0.03 seconds
[2023.03.28-17.34.13:333][  0]LogDerivedDataCache: Display: Performance to C:/Users/emmyt/AppData/Local/UnrealEngine/Common/DerivedDataCache: Latency=0.09ms. RandomReadSpeed=156.19MBs, RandomWriteSpeed=40.88MBs. Assigned SpeedClass 'Local'
[2023.03.28-17.34.13:334][  0]LogDerivedDataCache: Using Local data cache path C:/Users/emmyt/AppData/Local/UnrealEngine/Common/DerivedDataCache: Writable
[2023.03.28-17.34.13:334][  0]LogDerivedDataCache: Shared data cache path not found in *engine.ini, will not use an Shared cache.
[2023.03.28-17.34.13:334][  0]LogDerivedDataCache: Unable to find inner node Shared for hierarchical cache Hierarchy.
[2023.03.28-17.34.13:438][  0]LogAssetRegistry: FAssetRegistry took 0.0026 seconds to start up
[2023.03.28-17.34.18:390][  0]LogInit: Selected Device Profile: [Windows]
[2023.03.28-17.34.18:390][  0]LogInit: Active device profile: [0000027CDE65B900][0000027CD96684C0 49] Windows
[2023.03.28-17.34.18:390][  0]LogInit: Profiles: [0000027CDE65B900][0000027CD96684C0 49] Windows, [0000027CDE61C800][0000027CD72D4640 49] WindowsNoEditor, [0000027CDE658900][0000027CD72D87C0 49] WindowsServer, [0000027CDE61F200][0000027CDE46C940 49] WindowsClient, [0000027CDE65B100][0000027CDE470AC0 49] IOS, [0000027CDE61D100][0000027CDE474C40 49] iPadAir, [0000027CDE659000][0000027CDE478DC0 49] iPadAir2, [0000027CDF5C8200][0000027CDE487080 49] IPadPro, [0000027CDF5AFF00][0000027CDE47D0C0 49] iPadAir3, [0000027CDE65AF00][0000027CDE491240 49] iPadAir4, [0000027CDF5ACE00][0000027CDE4953C0 49] iPadMini2, [0000027CDE659200][0000027CDE499540 49] iPadMini3, [0000027CDF5AED00][0000027CDE49D6C0 49] iPadMini4, [0000027CDE65A600][0000027CD72CB800 49] iPadMini5, [0000027CDE61EC00][0000027CDE4A5A40 49] iPhone6, [0000027CDE61EB00][0000027CDE4A1A80 49] iPodTouch6, [0000027CDF5ACF00][0000027CDE4B0180 49] iPhone7, [0000027CDF5AD000][0000027CDE4A81C0 49] iPodTouch7, [0000027CDE61F700][0000027CDE4B4340 49] iPhone5S, [0000027CDF5AF500][0000027CDE4B84C0 49] iPhone6Plus, [0000027CDE61C500][0000027CDE4BC640 49] iPhone6S, [0000027CDF5AF700][0000027CDE4C07C0 49] iPhone6SPlus, [0000027CDE61CF00][0000027CDE4C4940 49] iPhone7Plus, [0000027CDF5AFB00][0000027CDE4C8AC0 49] iPhoneSE, [0000027CDE61D800][0000027CDE4CCC40 49] iPhone8, [0000027CDF5AEB00][0000027CDE4D0DC0 49] iPhone8Plus, [0000027CDE61EA00][0000027CDE4D4F40 49] iPhoneX, [0000027CDF5AD100][0000027CDE4D90C0 49] iPhoneXS, [0000027CDE61FC00][0000027CDE4DD240 49] iPhoneXSMax, [0000027CDF5ADF00][0000027CDE4E13C0 49] iPhoneXR, [0000027CDE61F600][0000027CDE4E5540 49] iPhone11, [0000027CDF5AE000][0000027CDE4E96C0 49] iPhone11Pro, [0000027CDE61F800][0000027CDE4ED840 49] iPhone11ProMax, [0000027CDF5AFE00][0000027CDE4F19C0 49] iPhoneSE2, [0000027CDE61F500][0000027CDE4ADB00 49] iPhone12Mini, [0000027CDF5AFD00][0000027CDE4F40C0 49] iPhone12, [0000027CDE61EF00][0000027CDE4F8200 49] iPhone12Pro, [0000027CDF5AD300][0000027CDE500380 49] iPhone12ProMax, [0000027CDE61D400][0000027CDE504500 49] iPadPro105, [0000027CDF5AC900][0000027CDE508680 49] iPadPro129, [0000027CDE61C900][0000027CDE50C800 49] iPadPro97, [0000027CDF5AD700][0000027CDE510980 49] iPadPro2_129, [0000027CDE61CC00][0000027CDE514B00 49] iPad5, [0000027CDF5AD500][0000027CDE518C80 49] iPad6, [0000027CDE61D700][0000027CDE51CE00 49] iPad7, [0000027CDF5ACB00][0000027CDE520F80 49] iPad8, [0000027CDE61C100][0000027CDE525100 49] iPadPro11, [0000027CDF5AE800][0000027CDE529280 49] iPadPro2_11, [0000027CDE61DE00][0000027CDE52D400 49] iPadPro3_129, [0000027CDF5AD200][0000027CDE531580 49] iPadPro4_129, [0000027CDE61C300][0000027CDE535700 49] AppleTV, [0000027CDF5AD900][0000027CDE539880 49] AppleTV4K, [0000027CDE61E300][0000027CDE53DA00 49] TVOS, [0000027CDF5AE300][0000027CDE541B80 49] Mac, [0000027CDE61E200][0000027CDE4FC140 49] MacClient, [0000027CDF5AEA00][0000027CDE544280 49] MacNoEditor, [0000027CDE61F900][0000027CDE5483C0 49] MacServer, [0000027CDF5AE400][0000027CDE550540 49] Linux, [0000027CDE61F300][0000027CDE5546C0 49] LinuxAArch64, [0000027CDF5AF800][0000027CDE558840 49] LinuxNoEditor, [0000027CDE6A1900][0000027CDE55C9C0 49] LinuxAArch64NoEditor, [0000027CDF5CB900][0000027CDE560B40 49] LinuxClient, [0000027CDE6A1E00][0000027CDE564CC0 49] LinuxAArch64Client, [0000027CDF5C8700][0000027CDE568E40 49] LinuxServer, [0000027CDE6A1700][0000027CDE56CFC0 49] LinuxAArch64Server, [0000027CDF5C8C00][0000027CDE571140 49] Android, [0000027CDE6A0C00][0000027CDE5752C0 49] Android_Low, [0000027CDF5CA900][0000027CDE579440 49] Android_Mid, [0000027CDE6A1800][0000027CDE57D5C0 49] Android_High, [0000027CDF5C9B00][0000027CDE581740 49] Android_Default, [0000027CDE6A0700][0000027CDE5858C0 49] Android_Adreno4xx, [0000027CDF5CB200][0000027CDE589A40 49] Android_Adreno5xx_Low, [0000027CDE6A1300][0000027CDE58DBC0 49] Android_Adreno5xx, [0000027CDF5CAD00][0000027CDE5901C0 49] Android_Adreno6xx, [0000027CDE6A0800][0000027CDE54C300 49] Android_Adreno6xx_Vulkan, [0000027CDF5C8800][0000027CDE594440 49] Android_Mali_T6xx, [0000027CDE6A2200][0000027CDE598580 49] Android_Mali_T7xx, [0000027CDF5CB100][0000027CDE59C6C0 49] Android_Mali_T8xx, [0000027CDE6A1100][0000027CDE5A4840 49] Android_Mali_G71, [0000027CDF5C8300][0000027CDE5A89C0 49] Android_Mali_G72, [0000027CDE6A1C00][0000027CDE5ACB40 49] Android_Mali_G72_Vulkan, [0000027CDF5C9500][0000027CDE5B0CC0 49] Android_Mali_G76, [0000027CDE6A2700][0000027CDE5B4E40 49] Android_Mali_G76_Vulkan, [0000027CDF5CAA00][0000027CDE5B8FC0 49] Android_Mali_G77, [0000027CDF5AF600][0000027CDE5BD140 49] Android_Mali_G77_Vulkan, [0000027CDE61D200][0000027CDF5D12C0 49] Android_Mali_G78, [0000027CDF5AC700][0000027CDF5D5440 49] Android_Mali_G78_Vulkan, [0000027CDE61ED00][0000027CDF5D95C0 49] Android_Mali_G710, [0000027CDF5ADE00][0000027CDF5DD740 49] Android_Mali_G710_Vulkan, [0000027CDE61E900][0000027CDF5E18C0 49] Android_Vulkan_SM5, [0000027CDF5AE100][0000027CDF5E5A40 49] Android_PowerVR_G6xxx, [0000027CDE61E600][0000027CDF5E9BC0 49] Android_PowerVR_GT7xxx, [0000027CDF5AC500][0000027CDF5EC1C0 49] Android_PowerVR_GE8xxx, [0000027CDE61DD00][0000027CDF5F0340 49] Android_PowerVR_GM9xxx, [0000027CDE6A2800][0000027CDE5A0480 49] Android_PowerVR_GM9xxx_Vulkan, [0000027CDE61F100][0000027CDF5F45C0 49] Android_TegraK1, [0000027CDE6A1A00][0000027CDF5F8700 49] Android_Unknown_Vulkan, [0000027CDE61CD00][0000027CDF5FC840 49] Lumin, [0000027CDE6A0100][0000027CDF6049C0 49] Lumin_Desktop, [0000027CDE61C200][0000027CDF608B40 49] HoloLens, 
[2023.03.28-17.34.19:342][  0]LogMeshReduction: Using QuadricMeshReduction for automatic static mesh reduction
[2023.03.28-17.34.19:342][  0]LogMeshReduction: Using SimplygonMeshReduction for automatic skeletal mesh reduction
[2023.03.28-17.34.19:343][  0]LogMeshReduction: Using ProxyLODMeshReduction for automatic mesh merging
[2023.03.28-17.34.19:343][  0]LogMeshReduction: No distributed automatic mesh merging module available
[2023.03.28-17.34.19:343][  0]LogMeshMerging: No distributed automatic mesh merging module available
[2023.03.28-17.34.19:567][  0]LogNetVersion: Twonic 1.0.0, NetCL: 17155196, EngineNetVer: 17, GameNetVer: 0 (Checksum: 4023415434)
[2023.03.28-17.34.23:070][  0]LogHMD: PokeAHoleMaterial loaded successfully
[2023.03.28-17.34.24:858][  0]LogCollectionManager: Loaded 0 collections in 0.011489 seconds
[2023.03.28-17.34.24:886][  0]LogFileCache: Scanning file cache for directory 'C:/Users/emmyt/OneDrive/Documents/GitHub/-Journeyman-Twonic---Alpha-Team/Twonic/Saved/Collections/' took 0.00s
[2023.03.28-17.34.24:887][  0]LogFileCache: Scanning file cache for directory 'C:/Users/emmyt/OneDrive/Documents/GitHub/-Journeyman-Twonic---Alpha-Team/Twonic/Content/Developers/emmyt/Collections/' took 0.00s
[2023.03.28-17.34.24:887][  0]LogFileCache: Scanning file cache for directory 'C:/Users/emmyt/OneDrive/Documents/GitHub/-Journeyman-Twonic---Alpha-Team/Twonic/Content/Collections/' took 0.00s
[2023.03.28-17.34.24:887][  0]LogCollectionManager: Fixed up redirectors for 0 collections in 0.000004 seconds (updated 0 objects)
[2023.03.28-17.34.26:995][  0]LogNiagaraDebuggerClient: Niagara Debugger Client Initialized | Session: 690F61D34F18B3929C87A98F6FE7AEA5 | Instance: 322C58F7468C9DF13E6F72A52CD5A192 (LAPTOP-OVB59CM9-22120).
[2023.03.28-17.34.28:982][  0]LogPython: Using Python 3.7.7
[2023.03.28-17.34.35:911][  0]SourceControl: Source control is disabled
[2023.03.28-17.34.35:911][  0]SourceControl: Source control is disabled
[2023.03.28-17.34.35:968][  0]SourceControl: Source control is disabled
[2023.03.28-17.34.36:410][  0]SourceControl: Source control is disabled
[2023.03.28-17.34.36:434][  0]SourceControl: Source control is disabled
[2023.03.28-17.34.36:459][  0]LogUProjectInfo: Found projects:
[2023.03.28-17.34.38:089][  0]LogOpenImageDenoise: OIDN starting up
[2023.03.28-17.34.38:320][  0]LogAudioCaptureCore: Display: No Audio Capture implementations found. Audio input will be silent.
[2023.03.28-17.34.38:320][  0]LogAudioCaptureCore: Display: No Audio Capture implementations found. Audio input will be silent.
[2023.03.28-17.34.38:457][  0]LogAndroidPermission: UAndroidPermissionCallbackProxy::GetInstance
[2023.03.28-17.34.39:736][  0]LogOcInput: OculusInput pre-init called
[2023.03.28-17.34.40:405][  0]LogUObjectArray: 23049 objects as part of root set at end of initial load.
[2023.03.28-17.34.40:405][  0]LogUObjectAllocator: 6352640 out of 0 bytes used by permanent object pool.
[2023.03.28-17.34.40:405][  0]LogUObjectArray: CloseDisregardForGC: 0/0 objects in disregard for GC pool
[2023.03.28-17.34.40:506][  0]LogInit: Executing Class /Script/UnrealEd.GatherTextCommandlet
[2023.03.28-17.34.40:527][  0]LogInit: Initializing Editor Engine...
[2023.03.28-17.34.40:575][  0]LogEngine: Initializing Engine...
[2023.03.28-17.34.40:784][  0]LogStats: UGameplayTagsManager::InitializeManager -  0.017 s
[2023.03.28-17.34.42:280][  0]LogInit: Initializing FReadOnlyCVARCache
[2023.03.28-17.34.42:989][  0]LogAIModule: Creating AISystem for world Untitled
[2023.03.28-17.34.42:989][  0]LogNetVersion: Set ProjectVersion to 1.0.0.0. Version Checksum will be recalculated on next use.
[2023.03.28-17.34.46:138][  0]LogDerivedDataCache: Saved boot cache 3.15s 95MB C:/Users/emmyt/AppData/Local/UnrealEngine/4.27/DerivedDataCache/Boot.ddc.
[2023.03.28-17.34.46:139][  0]LogInit: Texture streaming: Disabled
[2023.03.28-17.34.46:540][  0]LogInit: Initializing Editor Engine Completed
[2023.03.28-17.34.49:598][  0]BlueprintLog: New page: Editor Load
[2023.03.28-17.34.52:010][  0]LogGatherTextCommandlet: Display: Beginning GatherText Commandlet for 'C:/Users/emmyt/OneDrive/Documents/GitHub/-Journeyman-Twonic---Alpha-Team/Twonic/Config/Localization/Game_Gather.ini'
[2023.03.28-17.34.52:039][  0]LogGatherTextCommandlet: Display: Executing GatherTextStep0: GatherTextFromAssetsCommandlet
[2023.03.28-17.34.52:040][  0]LogGatherTextFromAssetsCommandlet: Error: No include path filters in section GatherTextStep0.
[2023.03.28-17.34.52:041][  0]LogGatherTextFromAssetsCommandlet: Display: SkipGatherCache: false
[2023.03.28-17.34.52:041][  0]LogGatherTextFromAssetsCommandlet: Display: ReportStaleGatherCache: false
[2023.03.28-17.34.52:041][  0]LogGatherTextFromAssetsCommandlet: Display: FixStaleGatherCache: false
[2023.03.28-17.34.52:042][  0]LogGatherTextFromAssetsCommandlet: Display: FixMissingGatherCache: false
[2023.03.28-17.34.52:042][  0]LogGatherTextCommandlet: Error: GatherTextStep0-GatherTextFromAssetsCommandlet reported an error.
[2023.03.28-17.34.52:042][  0]LogCore: Engine exit requested (reason: Commandlet GatherTextCommandlet_0 finished execution (result -1))
[2023.03.28-17.34.52:042][  0]LogInit: Display: 
[2023.03.28-17.34.52:042][  0]LogInit: Display: Warning/Error Summary (Unique only)
[2023.03.28-17.34.52:042][  0]LogInit: Display: -----------------------------------
[2023.03.28-17.34.52:043][  0]LogInit: Display: LogGatherTextFromAssetsCommandlet: Error: No include path filters in section GatherTextStep0.
[2023.03.28-17.34.52:043][  0]LogInit: Display: LogGatherTextCommandlet: Error: GatherTextStep0-GatherTextFromAssetsCommandlet reported an error.
[2023.03.28-17.34.52:044][  0]LogInit: Display: 
[2023.03.28-17.34.52:044][  0]LogInit: Display: Commandlet->Main return this error code: -1
[2023.03.28-17.34.52:044][  0]LogInit: Display: With 2 error(s), 0 warning(s)
[2023.03.28-17.34.52:044][  0]LogInit: Display: 
Execution of commandlet took:  0.06 seconds
[2023.03.28-17.34.52:044][  0]LogCore: Engine exit requested (reason: EngineExit() was called; note: exit was already requested)
[2023.03.28-17.34.52:320][  0]LogExit: Preparing to exit.
[2023.03.28-17.34.52:493][  0]LogUObjectHash: Compacting FUObjectHashTables data took   1.28ms
[2023.03.28-17.34.53:386][  0]LogDemo: Cleaned up 0 splitscreen connections with owner deletion
[2023.03.28-17.34.53:717][  0]LogWorld: UWorld::CleanupWorld for None, bSessionEnded=true, bCleanupResources=true
[2023.03.28-17.34.53:717][  0]LogExit: Editor shut down
[2023.03.28-17.34.56:210][  0]LogExit: Object subsystem successfully closed.
[2023.03.28-17.34.56:255][  0]LogShaderCompilers: Display: === FShaderJobCache stats ===
[2023.03.28-17.34.56:256][  0]LogShaderCompilers: Display: Total job queries 0, among them cache hits 0 (0.00%)
[2023.03.28-17.34.56:256][  0]LogShaderCompilers: Display: Tracking 0 distinct input hashes that result in 0 distinct outputs (0.00%)
[2023.03.28-17.34.56:257][  0]LogShaderCompilers: Display: RAM used: 0.00 MB (0.00 GB) of 409.60 MB (0.40 GB) budget. Usage: 0.00%
[2023.03.28-17.34.56:257][  0]LogShaderCompilers: Display: ================================================
[2023.03.28-17.34.56:938][  0]LogShaderCompilers: Display: Shaders left to compile 0
[2023.03.28-17.34.59:498][  0]LogModuleManager: Shutting down and abandoning module SteamVREditor (710)
[2023.03.28-17.34.59:498][  0]LogModuleManager: Shutting down and abandoning module OculusMR (708)
[2023.03.28-17.34.59:498][  0]LogModuleManager: Shutting down and abandoning module TakeRecorderSources (706)
[2023.03.28-17.34.59:519][  0]LogModuleManager: Shutting down and abandoning module TakeRecorder (705)
[2023.03.28-17.34.59:530][  0]LogModuleManager: Shutting down and abandoning module TakeTrackRecorders (702)
[2023.03.28-17.34.59:541][  0]LogModuleManager: Shutting down and abandoning module TakesCore (700)
[2023.03.28-17.34.59:541][  0]LogModuleManager: Shutting down and abandoning module OpenXRInput (698)
[2023.03.28-17.34.59:554][  0]LogModuleManager: Shutting down and abandoning module GooglePADEditor (696)
[2023.03.28-17.34.59:554][  0]LogModuleManager: Shutting down and abandoning module AudioCaptureEditor (694)
[2023.03.28-17.34.59:562][  0]LogModuleManager: Shutting down and abandoning module TemplateSequenceEditor (692)
[2023.03.28-17.34.59:576][  0]LogModuleManager: Shutting down and abandoning module MatineeToLevelSequence (690)
[2023.03.28-17.34.59:576][  0]LogModuleManager: Shutting down and abandoning module LevelSequenceEditor (688)
[2023.03.28-17.34.59:590][  0]LogModuleManager: Shutting down and abandoning module ActorSequenceEditor (686)
[2023.03.28-17.34.59:608][  0]LogModuleManager: Shutting down and abandoning module Kismet (685)
[2023.03.28-17.34.59:643][  0]LogModuleManager: Shutting down and abandoning module KismetWidgets (684)
[2023.03.28-17.34.59:662][  0]LogModuleManager: Shutting down and abandoning module WmfMediaFactory (680)
[2023.03.28-17.34.59:662][  0]LogModuleManager: Shutting down and abandoning module WmfMediaEditor (678)
[2023.03.28-17.34.59:662][  0]LogModuleManager: Shutting down and abandoning module WebMMediaFactory (676)
[2023.03.28-17.34.59:662][  0]LogModuleManager: Shutting down and abandoning module WebMMediaEditor (674)
[2023.03.28-17.34.59:662][  0]LogModuleManager: Shutting down and abandoning module PlanarCut (672)
[2023.03.28-17.34.59:671][  0]LogModuleManager: Shutting down and abandoning module MagicLeapMediaEditor (670)
[2023.03.28-17.34.59:671][  0]LogModuleManager: Shutting down and abandoning module MediaPlayerEditor (668)
[2023.03.28-17.34.59:683][  0]LogModuleManager: Shutting down and abandoning module MediaCompositingEditor (666)
[2023.03.28-17.34.59:698][  0]LogModuleManager: Shutting down and abandoning module SequenceRecorder (665)
[2023.03.28-17.34.59:699][  0]LogModuleManager: Shutting down and abandoning module Persona (664)
[2023.03.28-17.34.59:734][  0]LogModuleManager: Shutting down and abandoning module AdvancedPreviewScene (663)
[2023.03.28-17.34.59:734][  0]LogModuleManager: Shutting down and abandoning module AnimGraph (661)
[2023.03.28-17.34.59:748][  0]LogModuleManager: Shutting down and abandoning module ImgMediaFactory (656)
[2023.03.28-17.34.59:748][  0]LogModuleManager: Shutting down and abandoning module ImgMediaEditor (654)
[2023.03.28-17.34.59:748][  0]LogModuleManager: Shutting down and abandoning module AvfMediaFactory (652)
[2023.03.28-17.34.59:748][  0]LogModuleManager: Shutting down and abandoning module AvfMediaEditor (650)
[2023.03.28-17.34.59:748][  0]LogModuleManager: Shutting down and abandoning module AndroidMediaFactory (648)
[2023.03.28-17.34.59:748][  0]LogModuleManager: Shutting down and abandoning module AndroidMediaEditor (646)
[2023.03.28-17.34.59:748][  0]LogModuleManager: Shutting down and abandoning module CharacterAI (644)
[2023.03.28-17.34.59:748][  0]LogModuleManager: Shutting down and abandoning module TextureAlignMode (642)
[2023.03.28-17.34.59:748][  0]LogModuleManager: Shutting down and abandoning module BspMode (640)
[2023.03.28-17.34.59:748][  0]LogModuleManager: Shutting down and abandoning module GeometryMode (638)
[2023.03.28-17.34.59:748][  0]LogModuleManager: Shutting down and abandoning module CameraShakePreviewer (636)
[2023.03.28-17.34.59:748][  0]LogModuleManager: Shutting down and abandoning module SmartSnapping (634)
[2023.03.28-17.34.59:748][  0]LogModuleManager: Shutting down and abandoning module SessionServices (632)
[2023.03.28-17.34.59:749][  0]LogModuleManager: Shutting down and abandoning module MeshPaint (630)
[2023.03.28-17.34.59:760][  0]LogModuleManager: Shutting down and abandoning module VirtualTexturingEditor (628)
[2023.03.28-17.34.59:760][  0]LogModuleManager: Shutting down and abandoning module FoliageEdit (626)
[2023.03.28-17.34.59:768][  0]LogModuleManager: Shutting down and abandoning module LandscapeEditor (624)
[2023.03.28-17.34.59:793][  0]LogModuleManager: Shutting down and abandoning module MeshPaintMode (622)
[2023.03.28-17.34.59:793][  0]LogModuleManager: Shutting down and abandoning module SceneDepthPickerMode (620)
[2023.03.28-17.34.59:793][  0]LogModuleManager: Shutting down and abandoning module ActorPickerMode (618)
[2023.03.28-17.34.59:793][  0]LogModuleManager: Shutting down and abandoning module PlacementMode (616)
[2023.03.28-17.34.59:793][  0]LogModuleManager: Shutting down and abandoning module LiveCoding (614)
[2023.03.28-17.34.59:793][  0]LogModuleManager: Shutting down and abandoning module LevelSequence (612)
[2023.03.28-17.34.59:793][  0]LogModuleManager: Shutting down and abandoning module MovieSceneTracks (610)
[2023.03.28-17.34.59:793][  0]LogModuleManager: Shutting down and abandoning module MovieScene (608)
[2023.03.28-17.34.59:807][  0]LogModuleManager: Shutting down and abandoning module StreamingPauseRendering (606)
[2023.03.28-17.34.59:807][  0]LogModuleManager: Shutting down and abandoning module ImageWriteQueue (604)
[2023.03.28-17.34.59:807][  0]LogModuleManager: Shutting down and abandoning module AIModule (602)
[2023.03.28-17.34.59:816][  0]LogModuleManager: Shutting down and abandoning module GameplayDebugger (601)
[2023.03.28-17.34.59:816][  0]LogModuleManager: Shutting down and abandoning module AITestSuite (599)
[2023.03.28-17.34.59:816][  0]LogModuleManager: Shutting down and abandoning module NavigationSystem (597)
[2023.03.28-17.34.59:816][  0]LogModuleManager: Shutting down and abandoning module AudioSynesthesiaEditor (594)
[2023.03.28-17.34.59:816][  0]LogModuleManager: Shutting down and abandoning module OculusEditor (592)
[2023.03.28-17.34.59:838][  0]LogModuleManager: Shutting down and abandoning module OculusInput (590)
[2023.03.28-17.34.59:838][  0]LogModuleManager: Shutting down and abandoning module ContentBrowserFileDataSource (588)
[2023.03.28-17.34.59:838][  0]LogModuleManager: Shutting down and abandoning module ContentBrowserClassDataSource (586)
[2023.03.28-17.34.59:838][  0]LogModuleManager: Shutting down and abandoning module ContentBrowserAssetDataSource (584)
[2023.03.28-17.34.59:838][  0]LogModuleManager: Shutting down and abandoning module ToolMenus (583)
[2023.03.28-17.34.59:838][  0]LogModuleManager: Shutting down and abandoning module TakeSequencer (580)
[2023.03.28-17.34.59:838][  0]LogModuleManager: Shutting down and abandoning module TakeMovieScene (578)
[2023.03.28-17.34.59:838][  0]LogModuleManager: Shutting down and abandoning module SynthesisEditor (576)
[2023.03.28-17.34.59:838][  0]LogModuleManager: Shutting down and abandoning module Synthesis (574)
[2023.03.28-17.34.59:855][  0]LogModuleManager: Shutting down and abandoning module ProceduralMeshComponentEditor (572)
[2023.03.28-17.34.59:855][  0]LogModuleManager: Shutting down and abandoning module ProceduralMeshComponent (570)
[2023.03.28-17.34.59:855][  0]LogModuleManager: Shutting down and abandoning module ScreenshotTools (568)
[2023.03.28-17.34.59:855][  0]LogModuleManager: Shutting down and abandoning module OpenXREditor (566)
[2023.03.28-17.34.59:863][  0]LogModuleManager: Shutting down and abandoning module MobilePatchingUtils (564)
[2023.03.28-17.34.59:863][  0]LogModuleManager: Shutting down and abandoning module GooglePAD (562)
[2023.03.28-17.34.59:863][  0]LogModuleManager: Shutting down and abandoning module AndroidPermission (560)
[2023.03.28-17.34.59:863][  0]LogModuleManager: Shutting down and abandoning module EditableMesh (558)
[2023.03.28-17.34.59:863][  0]LogModuleManager: Shutting down and abandoning module CustomMeshComponent (556)
[2023.03.28-17.34.59:863][  0]LogModuleManager: Shutting down and abandoning module CableComponent (554)
[2023.03.28-17.34.59:863][  0]LogModuleManager: Shutting down and abandoning module AudioCapture (552)
[2023.03.28-17.34.59:863][  0]LogModuleManager: Shutting down and abandoning module AudioCaptureRtAudio (551)
[2023.03.28-17.34.59:863][  0]LogModuleManager: Shutting down and abandoning module AssetTags (548)
[2023.03.28-17.34.59:863][  0]LogModuleManager: Shutting down and abandoning module ArchVisCharacter (546)
[2023.03.28-17.34.59:863][  0]LogModuleManager: Shutting down and abandoning module AppleImageUtilsBlueprintSupport (544)
[2023.03.28-17.34.59:863][  0]LogModuleManager: Shutting down and abandoning module AppleImageUtils (542)
[2023.03.28-17.34.59:863][  0]LogModuleManager: Shutting down and abandoning module ActorLayerUtilitiesEditor (540)
[2023.03.28-17.34.59:863][  0]LogModuleManager: Shutting down and abandoning module ActorLayerUtilities (538)
[2023.03.28-17.34.59:863][  0]LogModuleManager: Shutting down and abandoning module TemplateSequence (536)
[2023.03.28-17.34.59:887][  0]LogModuleManager: Shutting down and abandoning module MagicLeapSharedWorld (534)
[2023.03.28-17.34.59:887][  0]LogModuleManager: Shutting down and abandoning module OpenImageDenoise (532)
[2023.03.28-17.34.59:887][  0]LogOpenImageDenoise: OIDN shutting down
[2023.03.28-17.34.59:887][  0]LogModuleManager: Shutting down and abandoning module MotoSynthEditor (530)
[2023.03.28-17.34.59:887][  0]LogModuleManager: Shutting down and abandoning module MotoSynth (528)
[2023.03.28-17.34.59:887][  0]LogModuleManager: Shutting down and abandoning module MagicLeapLightEstimation (526)
[2023.03.28-17.34.59:887][  0]LogModuleManager: Shutting down and abandoning module MediaCompositing (524)
[2023.03.28-17.34.59:887][  0]LogModuleManager: Shutting down and abandoning module MagicLeapHelperVulkan (522)
[2023.03.28-17.34.59:887][  0]LogModuleManager: Shutting down and abandoning module MagicLeapHelperOpenGL (520)
[2023.03.28-17.34.59:887][  0]LogModuleManager: Shutting down and abandoning module MagicLeapAudio (518)
[2023.03.28-17.34.59:887][  0]LogModuleManager: Shutting down and abandoning module MeshConversion (516)
[2023.03.28-17.34.59:896][  0]LogModuleManager: Shutting down and abandoning module DynamicMesh (514)
[2023.03.28-17.34.59:902][  0]LogModuleManager: Shutting down and abandoning module GeometryAlgorithms (512)
[2023.03.28-17.34.59:913][  0]LogModuleManager: Shutting down and abandoning module GeometricObjects (510)
[2023.03.28-17.34.59:916][  0]LogModuleManager: Shutting down and abandoning module GeometryCollectionTracks (508)
[2023.03.28-17.34.59:916][  0]LogModuleManager: Shutting down and abandoning module GeometryCollectionSequencer (507)
[2023.03.28-17.34.59:916][  0]LogModuleManager: Shutting down and abandoning module GeometryCollectionEditor (504)
[2023.03.28-17.34.59:916][  0]LogModuleManager: Shutting down and abandoning module GeometryCacheTracks (502)
[2023.03.28-17.34.59:916][  0]LogModuleManager: Shutting down and abandoning module GeometryCacheStreamer (500)
[2023.03.28-17.34.59:916][  0]LogModuleManager: Shutting down and abandoning module GeometryCacheSequencer (498)
[2023.03.28-17.34.59:916][  0]LogModuleManager: Shutting down and abandoning module ChaosSolverEditor (496)
[2023.03.28-17.34.59:916][  0]LogModuleManager: Shutting down and abandoning module ChaosNiagara (494)
[2023.03.28-17.34.59:916][  0]LogModuleManager: Shutting down and abandoning module FractureEditor (492)
[2023.03.28-17.34.59:933][  0]LogModuleManager: Shutting down and abandoning module FieldSystemEngine (491)
[2023.03.28-17.34.59:933][  0]LogModuleManager: Shutting down and abandoning module NiagaraEditorWidgets (488)
[2023.03.28-17.34.59:978][  0]LogModuleManager: Shutting down and abandoning module ChaosClothEditor (486)
[2023.03.28-17.34.59:978][  0]LogModuleManager: Shutting down and abandoning module VisualStudioSourceCodeAccess (484)
[2023.03.28-17.34.59:978][  0]LogModuleManager: Shutting down and abandoning module VisualStudioCodeSourceCodeAccess (482)
[2023.03.28-17.34.59:978][  0]LogModuleManager: Shutting down and abandoning module UObjectPlugin (480)
[2023.03.28-17.34.59:978][  0]LogModuleManager: Shutting down and abandoning module SubversionSourceControl (478)
[2023.03.28-17.34.59:979][  0]LogModuleManager: Shutting down and abandoning module PluginUtils (476)
[2023.03.28-17.34.59:979][  0]LogModuleManager: Shutting down and abandoning module PlasticSourceControl (474)
[2023.03.28-17.34.59:979][  0]LogModuleManager: Shutting down and abandoning module AutomationUtilsEditor (472)
[2023.03.28-17.34.59:979][  0]LogModuleManager: Shutting down and abandoning module AutomationUtils (470)
[2023.03.28-17.34.59:979][  0]LogModuleManager: Shutting down and abandoning module AlembicImporter (468)
[2023.03.28-17.34.59:979][  0]LogModuleManager: Shutting down and abandoning module AlembicLibrary (467)
[2023.03.28-17.34.59:979][  0]LogModuleManager: Shutting down and abandoning module GeometryCache (466)
[2023.03.28-17.34.59:979][  0]LogModuleManager: Shutting down and abandoning module GeometryCacheEd (465)
[2023.03.28-17.34.59:979][  0]LogModuleManager: Shutting down and abandoning module PerforceSourceControl (460)
[2023.03.28-17.34.59:990][  0]LogModuleManager: Shutting down and abandoning module GitSourceControl (458)
[2023.03.28-17.34.59:990][  0]LogModuleManager: Shutting down and abandoning module SourceControl (457)
[2023.03.28-17.34.59:997][  0]LogModuleManager: Shutting down and abandoning module CLionSourceCodeAccess (454)
[2023.03.28-17.34.59:997][  0]LogModuleManager: Shutting down and abandoning module VariantManagerContentEditor (452)
[2023.03.28-17.34.59:997][  0]LogModuleManager: Shutting down and abandoning module SpeedTreeImporter (450)
[2023.03.28-17.34.59:997][  0]LogModuleManager: Shutting down and abandoning module DatasmithContentEditor (448)
[2023.03.28-17.34.59:997][  0]LogModuleManager: Shutting down and abandoning module AnimationSharingEd (446)
[2023.03.28-17.34.59:997][  0]LogModuleManager: Shutting down and abandoning module PluginBrowser (444)
[2023.03.28-17.35.00:022][  0]LogModuleManager: Shutting down and abandoning module MobileLauncherProfileWizard (442)
[2023.03.28-17.35.00:112][  0]LogModuleManager: Shutting down and abandoning module MaterialAnalyzer (440)
[2023.03.28-17.35.00:120][  0]LogModuleManager: Shutting down and abandoning module CurveEditorTools (438)
[2023.03.28-17.35.00:120][  0]LogModuleManager: Shutting down and abandoning module CryptoKeysOpenSSL (436)
[2023.03.28-17.35.00:120][  0]LogModuleManager: Shutting down and abandoning module CryptoKeys (434)
[2023.03.28-17.35.00:120][  0]LogModuleManager: Shutting down and abandoning module OodleNetworkHandlerComponent (432)
[2023.03.28-17.35.00:120][  0]LogModuleManager: Shutting down and abandoning module LightPropagationVolumeEditor (430)
[2023.03.28-17.35.00:120][  0]LogModuleManager: Shutting down and abandoning module LiveLinkSequencer (428)
[2023.03.28-17.35.00:120][  0]LogModuleManager: Shutting down and abandoning module LiveLinkMovieScene (426)
[2023.03.28-17.35.00:121][  0]LogModuleManager: Shutting down and abandoning module LiveLinkGraphNode (424)
[2023.03.28-17.35.00:121][  0]LogModuleManager: Shutting down and abandoning module LiveLinkEditor (422)
[2023.03.28-17.35.00:131][  0]LogModuleManager: Shutting down and abandoning module LiveLinkComponents (420)
[2023.03.28-17.35.00:131][  0]LogModuleManager: Shutting down and abandoning module LiveLink (418)
[2023.03.28-17.35.00:971][  0]LogModuleManager: Shutting down and abandoning module PaperTiledImporter (416)
[2023.03.28-17.35.00:971][  0]LogModuleManager: Shutting down and abandoning module PaperSpriteSheetImporter (414)
[2023.03.28-17.35.00:972][  0]LogModuleManager: Shutting down and abandoning module Paper2DEditor (412)
[2023.03.28-17.35.00:988][  0]LogModuleManager: Shutting down and abandoning module MeshPaintingToolset (410)
[2023.03.28-17.35.01:000][  0]LogModuleManager: Shutting down and abandoning module MeshPaintEditorMode (408)
[2023.03.28-17.35.01:001][  0]LogModuleManager: Shutting down and abandoning module SoundFields (406)
[2023.03.28-17.35.01:001][  0]LogModuleManager: Shutting down and abandoning module SignificanceManager (404)
[2023.03.28-17.35.01:001][  0]LogModuleManager: Shutting down and abandoning module RuntimePhysXCooking (402)
[2023.03.28-17.35.01:001][  0]LogModuleManager: Shutting down and abandoning module PropertyAccessEditor (400)
[2023.03.28-17.35.01:009][  0]LogModuleManager: Shutting down and abandoning module PhysXVehiclesEditor (398)
[2023.03.28-17.35.01:009][  0]LogModuleManager: Shutting down and abandoning module LocationServicesBPLibrary (394)
[2023.03.28-17.35.01:009][  0]LogModuleManager: Shutting down and abandoning module AudioSynesthesia (392)
[2023.03.28-17.35.01:021][  0]LogModuleManager: Shutting down and abandoning module AudioSynesthesiaCore (390)
[2023.03.28-17.35.01:021][  0]LogModuleManager: Shutting down and abandoning module UdpMessaging (388)
[2023.03.28-17.35.01:029][  0]LogModuleManager: Shutting down and abandoning module TcpMessaging (386)
[2023.03.28-17.35.01:060][  0]LogModuleManager: Shutting down and abandoning module ActorSequence (384)
[2023.03.28-17.35.01:060][  0]LogModuleManager: Shutting down and abandoning module PythonScriptPlugin (382)
[2023.03.28-17.35.01:060][  0]LogModuleManager: Shutting down and abandoning module MagicLeapARPin (380)
[2023.03.28-17.35.01:060][  0]LogModuleManager: Shutting down and abandoning module MagicLeapHandMeshing (378)
[2023.03.28-17.35.01:060][  0]LogModuleManager: Shutting down and abandoning module MagicLeapSecureStorage (376)
[2023.03.28-17.35.01:060][  0]LogModuleManager: Shutting down and abandoning module MagicLeapPrivileges (374)
[2023.03.28-17.35.01:070][  0]LogModuleManager: Shutting down and abandoning module MagicLeapPlanes (372)
[2023.03.28-17.35.01:109][  0]LogMagicLeapPlanes: Planes tracker already destroyed.
[2023.03.28-17.35.01:109][  0]LogModuleManager: Shutting down and abandoning module MagicLeapImageTracker (370)
[2023.03.28-17.35.01:109][  0]LogModuleManager: Shutting down and abandoning module MagicLeapIdentity (368)
[2023.03.28-17.35.01:109][  0]LogModuleManager: Shutting down and abandoning module MagicLeapHandTracking (366)
[2023.03.28-17.35.01:123][  0]LogModuleManager: Shutting down and abandoning module MagicLeapEyeTracker (364)
[2023.03.28-17.35.01:123][  0]LogModuleManager: Shutting down and abandoning module MagicLeapController (362)
[2023.03.28-17.35.01:123][  0]LogModuleManager: Shutting down and abandoning module MagicLeapARPinImpl (360)
[2023.03.28-17.35.01:123][  0]LogModuleManager: Shutting down and abandoning module MagicLeapAR (358)
[2023.03.28-17.35.01:123][  0]LogModuleManager: Shutting down and abandoning module NiagaraAnimNotifies (356)
[2023.03.28-17.35.01:123][  0]LogModuleManager: Shutting down and abandoning module Niagara (354)
[2023.03.28-17.35.01:138][  0]LogModuleManager: Shutting down and abandoning module SignalProcessing (353)
[2023.03.28-17.35.01:138][  0]LogModuleManager: Shutting down and abandoning module NiagaraEditor (351)
[2023.03.28-17.35.01:178][  0]LogModuleManager: Shutting down and abandoning module NiagaraCore (348)
[2023.03.28-17.35.01:178][  0]LogModuleManager: Shutting down and abandoning module PropertyAccessNode (346)
[2023.03.28-17.35.01:199][  0]LogModuleManager: Shutting down and abandoning module AnimationSharing (344)
[2023.03.28-17.35.01:199][  0]LogModuleManager: Shutting down and abandoning module GameplayTagsEditor (342)
[2023.03.28-17.35.01:213][  0]LogModuleManager: Shutting down and abandoning module FacialAnimationEditor (340)
[2023.03.28-17.35.01:213][  0]LogModuleManager: Shutting down and abandoning module FacialAnimation (338)
[2023.03.28-17.35.01:213][  0]LogModuleManager: Shutting down and abandoning module DataValidation (336)
[2023.03.28-17.35.01:213][  0]LogModuleManager: Shutting down and abandoning module AssetManagerEditor (334)
[2023.03.28-17.35.01:274][  0]LogModuleManager: Shutting down and abandoning module TreeMap (333)
[2023.03.28-17.35.01:297][  0]LogModuleManager: Shutting down and abandoning module LightPropagationVolumeRuntime (330)
[2023.03.28-17.35.01:297][  0]LogModuleManager: Shutting down and abandoning module GameplayCameras (328)
[2023.03.28-17.35.01:297][  0]LogModuleManager: Shutting down and abandoning module EnvironmentQueryEditor (326)
[2023.03.28-17.35.01:331][  0]LogModuleManager: Shutting down and abandoning module Paper2D (324)
[2023.03.28-17.35.01:373][  0]LogModuleManager: Shutting down and abandoning module NetworkReplayStreaming (322)
[2023.03.28-17.35.01:373][  0]LogModuleManager: Shutting down and abandoning module PacketHandler (320)
[2023.03.28-17.35.01:373][  0]LogModuleManager: Shutting down and abandoning module ClothingSystemEditor (318)
[2023.03.28-17.35.01:373][  0]LogModuleManager: Shutting down and abandoning module ClothingSystemRuntimeNv (316)
[2023.03.28-17.35.01:401][  0]LogModuleManager: Shutting down and abandoning module MediaAssets (314)
[2023.03.28-17.35.01:401][  0]LogModuleManager: Shutting down and abandoning module Overlay (312)
[2023.03.28-17.35.01:401][  0]LogModuleManager: Shutting down and abandoning module OverlayEditor (311)
[2023.03.28-17.35.01:401][  0]LogModuleManager: Shutting down and abandoning module Blutility (308)
[2023.03.28-17.35.01:401][  0]LogModuleManager: Shutting down and abandoning module LevelEditor (307)
[2023.03.28-17.35.01:446][  0]LogModuleManager: Shutting down and abandoning module PixelInspectorModule (306)
[2023.03.28-17.35.01:446][  0]LogModuleManager: Shutting down and abandoning module CommonMenuExtensions (304)
[2023.03.28-17.35.01:459][  0]LogModuleManager: Shutting down and abandoning module MainFrame (302)
[2023.03.28-17.35.01:459][  0]LogModuleManager: Shutting down and abandoning module HotReload (301)
[2023.03.28-17.35.01:475][  0]LogModuleManager: Shutting down and abandoning module ContentBrowser (297)
[2023.03.28-17.35.01:503][  0]LogModuleManager: Shutting down and abandoning module CollectionManager (296)
[2023.03.28-17.35.01:547][  0]LogModuleManager: Shutting down and abandoning module ContentBrowserData (294)
[2023.03.28-17.35.01:547][  0]LogModuleManager: Shutting down and abandoning module IntroTutorials (290)
[2023.03.28-17.35.01:547][  0]LogModuleManager: Shutting down and abandoning module VREditor (288)
[2023.03.28-17.35.01:561][  0]LogModuleManager: Shutting down and abandoning module StringTableEditor (286)
[2023.03.28-17.35.01:599][  0]LogModuleManager: Shutting down and abandoning module GameplayTasksEditor (284)
[2023.03.28-17.35.01:599][  0]LogModuleManager: Shutting down and abandoning module BehaviorTreeEditor (282)
[2023.03.28-17.35.01:641][  0]LogModuleManager: Shutting down and abandoning module FunctionalTesting (280)
[2023.03.28-17.35.01:652][  0]LogModuleManager: Shutting down and abandoning module CollisionAnalyzer (278)
[2023.03.28-17.35.01:687][  0]LogModuleManager: Shutting down and abandoning module WorkspaceMenuStructure (277)
[2023.03.28-17.35.01:687][  0]LogModuleManager: Shutting down and abandoning module UMG (274)
[2023.03.28-17.35.01:687][  0]LogModuleManager: Shutting down and abandoning module UMGEditor (273)
[2023.03.28-17.35.01:687][  0]LogModuleManager: Shutting down and abandoning module MessageLog (271)
[2023.03.28-17.35.01:687][  0]LogModuleManager: Shutting down and abandoning module SlateReflector (266)
[2023.03.28-17.35.01:762][  0]LogModuleManager: Shutting down and abandoning module Slate (264)
[2023.03.28-17.35.01:762][  0]LogModuleManager: Shutting down and abandoning module SlateCore (262)
[2023.03.28-17.35.01:797][  0]LogModuleManager: Shutting down and abandoning module LandscapeEditorUtilities (260)
[2023.03.28-17.35.01:797][  0]LogModuleManager: Shutting down and abandoning module UnrealEd (258)
[2023.03.28-17.35.01:809][  0]LogModuleManager: Shutting down and abandoning module MRMesh (256)
[2023.03.28-17.35.01:809][  0]LogModuleManager: Shutting down and abandoning module SourceCodeAccess (254)
[2023.03.28-17.35.01:809][  0]LogModuleManager: Shutting down and abandoning module HeadMountedDisplay (252)
[2023.03.28-17.35.01:809][  0]LogModuleManager: Shutting down and abandoning module XAudio2 (250)
[2023.03.28-17.35.01:818][  0]LogModuleManager: Shutting down and abandoning module Networking (248)
[2023.03.28-17.35.01:818][  0]LogModuleManager: Shutting down and abandoning module Core (246)
[2023.03.28-17.35.01:818][  0]LogModuleManager: Shutting down and abandoning module MaterialEditor (244)
[2023.03.28-17.35.01:839][  0]LogModuleManager: Shutting down and abandoning module Settings (243)
[2023.03.28-17.35.01:839][  0]LogModuleManager: Shutting down and abandoning module MovieSceneTools (240)
[2023.03.28-17.35.01:894][  0]LogModuleManager: Shutting down and abandoning module CurveEditor (239)
[2023.03.28-17.35.01:894][  0]LogModuleManager: Shutting down and abandoning module Sequencer (237)
[2023.03.28-17.35.01:911][  0]LogModuleManager: Shutting down and abandoning module EditorStyle (236)
[2023.03.28-17.35.01:912][  0]LogModuleManager: Shutting down and abandoning module KismetCompiler (232)
[2023.03.28-17.35.01:912][  0]LogModuleManager: Shutting down and abandoning module MeshBuilder (230)
[2023.03.28-17.35.01:932][  0]LogModuleManager: Shutting down and abandoning module MeshUtilities (228)
[2023.03.28-17.35.01:938][  0]LogModuleManager: Shutting down and abandoning module MeshMergeUtilities (227)
[2023.03.28-17.35.01:943][  0]LogModuleManager: Shutting down and abandoning module MeshReductionInterface (226)
[2023.03.28-17.35.01:943][  0]LogModuleManager: Shutting down and abandoning module MeshBoneReduction (225)
[2023.03.28-17.35.01:980][  0]LogModuleManager: Shutting down and abandoning module SkeletalMeshReduction (223)
[2023.03.28-17.35.02:044][  0]LogModuleManager: Shutting down and abandoning module ProxyLODMeshReduction (221)
[2023.03.28-17.35.02:148][  0]LogModuleManager: Shutting down and abandoning module QuadricMeshReduction (219)
[2023.03.28-17.35.02:157][  0]LogModuleManager: Shutting down and abandoning module MaterialBaking (215)
[2023.03.28-17.35.02:173][  0]LogModuleManager: Shutting down and abandoning module DirectoryWatcher (211)
[2023.03.28-17.35.02:173][  0]LogModuleManager: Shutting down and abandoning module NullInstallBundleManager (208)
[2023.03.28-17.35.02:173][  0]LogModuleManager: Shutting down and abandoning module DerivedDataCache (206)
[2023.03.28-17.35.02:190][  0]LogModuleManager: Shutting down and abandoning module TargetPlatform (204)
[2023.03.28-17.35.02:206][  0]LogModuleManager: Shutting down and abandoning module VulkanShaderFormat (203)
[2023.03.28-17.35.02:285][  0]LogModuleManager: Shutting down and abandoning module ShaderFormatVectorVM (201)
[2023.03.28-17.35.02:313][  0]LogModuleManager: Shutting down and abandoning module ShaderFormatOpenGL (199)
[2023.03.28-17.35.02:330][  0]LogModuleManager: Shutting down and abandoning module ShaderFormatD3D (197)
[2023.03.28-17.35.02:351][  0]LogModuleManager: Shutting down and abandoning module MetalShaderFormat (195)
[2023.03.28-17.35.02:371][  0]LogModuleManager: Shutting down and abandoning module TextureFormatOodle (193)
[2023.03.28-17.35.02:396][  0]LogModuleManager: Shutting down and abandoning module TextureFormatUncompressed (191)
[2023.03.28-17.35.02:396][  0]LogModuleManager: Shutting down and abandoning module TextureFormatPVR (189)
[2023.03.28-17.35.02:396][  0]LogModuleManager: Shutting down and abandoning module TextureFormatETC2 (187)
[2023.03.28-17.35.02:396][  0]LogModuleManager: Shutting down and abandoning module TextureFormatDXT (185)
[2023.03.28-17.35.02:409][  0]LogModuleManager: Shutting down and abandoning module TextureFormatIntelISPCTexComp (183)
[2023.03.28-17.35.02:413][  0]LogModuleManager: Shutting down and abandoning module TextureFormatASTC (181)
[2023.03.28-17.35.02:413][  0]LogModuleManager: Shutting down and abandoning module ImageWrapper (180)
[2023.03.28-17.35.02:413][  0]LogModuleManager: Shutting down and abandoning module AudioFormatOpus (177)
[2023.03.28-17.35.02:413][  0]LogModuleManager: Shutting down and abandoning module AudioFormatOgg (175)
[2023.03.28-17.35.02:413][  0]LogModuleManager: Shutting down and abandoning module AudioFormatADPCM (173)
[2023.03.28-17.35.02:442][  0]LogModuleManager: Shutting down and abandoning module WindowsServerTargetPlatform (171)
[2023.03.28-17.35.02:442][  0]LogModuleManager: Shutting down and abandoning module WindowsClientTargetPlatform (169)
[2023.03.28-17.35.02:442][  0]LogModuleManager: Shutting down and abandoning module WindowsTargetPlatform (167)
[2023.03.28-17.35.02:442][  0]LogModuleManager: Shutting down and abandoning module WindowsNoEditorTargetPlatform (165)
[2023.03.28-17.35.02:442][  0]LogModuleManager: Shutting down and abandoning module TVOSTargetPlatform (163)
[2023.03.28-17.35.02:443][  0]LogModuleManager: Shutting down and abandoning module MacServerTargetPlatform (161)
[2023.03.28-17.35.02:443][  0]LogModuleManager: Shutting down and abandoning module MacClientTargetPlatform (159)
[2023.03.28-17.35.02:443][  0]LogModuleManager: Shutting down and abandoning module MacTargetPlatform (157)
[2023.03.28-17.35.02:443][  0]LogModuleManager: Shutting down and abandoning module MacNoEditorTargetPlatform (155)
[2023.03.28-17.35.02:443][  0]LogModuleManager: Shutting down and abandoning module LuminTargetPlatform (153)
[2023.03.28-17.35.02:444][  0]LogModuleManager: Shutting down and abandoning module LinuxAArch64ServerTargetPlatform (151)
[2023.03.28-17.35.02:444][  0]LogModuleManager: Shutting down and abandoning module LinuxAArch64ClientTargetPlatform (149)
[2023.03.28-17.35.02:444][  0]LogModuleManager: Shutting down and abandoning module LinuxAArch64NoEditorTargetPlatform (147)
[2023.03.28-17.35.02:444][  0]LogModuleManager: Shutting down and abandoning module LinuxServerTargetPlatform (145)
[2023.03.28-17.35.02:444][  0]LogModuleManager: Shutting down and abandoning module LinuxClientTargetPlatform (143)
[2023.03.28-17.35.02:444][  0]LogModuleManager: Shutting down and abandoning module LinuxNoEditorTargetPlatform (141)
[2023.03.28-17.35.02:444][  0]LogModuleManager: Shutting down and abandoning module LinuxTargetPlatform (139)
[2023.03.28-17.35.02:444][  0]LogModuleManager: Shutting down and abandoning module Messaging (137)
[2023.03.28-17.35.02:444][  0]LogModuleManager: Shutting down and abandoning module IOSTargetPlatform (135)
[2023.03.28-17.35.02:445][  0]LogModuleManager: Shutting down and abandoning module AndroidTargetPlatform (133)
[2023.03.28-17.35.02:447][  0]LogModuleManager: Shutting down and abandoning module AllDesktopTargetPlatform (131)
[2023.03.28-17.35.02:447][  0]LogModuleManager: Shutting down and abandoning module NullDrv (128)
[2023.03.28-17.35.02:447][  0]LogModuleManager: Shutting down and abandoning module PhysXCooking (126)
[2023.03.28-17.35.02:447][  0]LogModuleManager: Shutting down and abandoning module Chaos (124)
[2023.03.28-17.35.02:464][  0]LogModuleManager: Shutting down and abandoning module WindowsPlatformFeatures (122)
[2023.03.28-17.35.02:470][  0]LogModuleManager: Shutting down and abandoning module GameplayMediaEncoder (121)
[2023.03.28-17.35.02:486][  0]LogModuleManager: Shutting down and abandoning module AVEncoder (120)
[2023.03.28-17.35.02:513][  0]LogModuleManager: Shutting down and abandoning module ExampleDeviceProfileSelector (116)
[2023.03.28-17.35.02:513][  0]LogModuleManager: Shutting down and abandoning module SteamVRInputDevice (114)
[2023.03.28-17.35.02:513][  0]LogModuleManager: Shutting down and abandoning module SteamVRInput (112)
[2023.03.28-17.35.02:513][  0]LogModuleManager: Shutting down and abandoning module SteamVR (110)
[2023.03.28-17.35.02:532][  0]LogHMD: Freeing OpenVRDLLHandle.
[2023.03.28-17.35.02:532][  0]LogModuleManager: Shutting down and abandoning module OculusHMD (108)
[2023.03.28-17.35.02:545][  0]LogModuleManager: Shutting down and abandoning module OpenXRHandTracking (106)
[2023.03.28-17.35.02:545][  0]LogModuleManager: Shutting down and abandoning module OpenXREyeTracker (104)
[2023.03.28-17.35.02:545][  0]LogModuleManager: Shutting down and abandoning module OpenXRAR (102)
[2023.03.28-17.35.02:551][  0]LogModuleManager: Shutting down and abandoning module AugmentedReality (101)
[2023.03.28-17.35.02:551][  0]LogModuleManager: Shutting down and abandoning module OpenXRHMD (98)
[2023.03.28-17.35.02:554][  0]LogModuleManager: Shutting down and abandoning module ChunkDownloader (96)
[2023.03.28-17.35.02:579][  0]LogModuleManager: Shutting down and abandoning module OnlineBlueprintSupport (94)
[2023.03.28-17.35.02:579][  0]LogModuleManager: Shutting down and abandoning module LauncherChunkInstaller (90)
[2023.03.28-17.35.02:579][  0]LogModuleManager: Shutting down and abandoning module OnlineSubsystem (88)
[2023.03.28-17.35.02:596][  0]LogModuleManager: Shutting down and abandoning module XMPP (83)
[2023.03.28-17.35.02:609][  0]LogModuleManager: Shutting down and abandoning module WebSockets (82)
[2023.03.28-17.35.02:674][  0]LogModuleManager: Shutting down and abandoning module HTTP (79)
[2023.03.28-17.35.02:674][  0]LogHttp: Display: cleaning up 0 outstanding Http requests.
[2023.03.28-17.35.02:682][  0]LogModuleManager: Shutting down and abandoning module SSL (78)
[2023.03.28-17.35.02:683][  0]LogModuleManager: Shutting down and abandoning module MLSDK (74)
[2023.03.28-17.35.02:697][  0]LogModuleManager: Shutting down and abandoning module WmfMedia (72)
[2023.03.28-17.35.02:716][  0]LogModuleManager: Shutting down and abandoning module Media (71)
[2023.03.28-17.35.02:717][  0]LogModuleManager: Shutting down and abandoning module MediaInfo (70)
[2023.03.28-17.35.02:717][  0]LogModuleManager: Shutting down and abandoning module ExrReaderGpu (66)
[2023.03.28-17.35.02:739][  0]LogModuleManager: Shutting down and abandoning module MagicLeap (64)
[2023.03.28-17.35.02:739][  0]LogModuleManager: Shutting down and abandoning module NiagaraVertexFactories (62)
[2023.03.28-17.35.02:739][  0]LogModuleManager: Shutting down and abandoning module NiagaraShader (60)
[2023.03.28-17.35.02:739][  0]LogModuleManager: Shutting down and abandoning module ChaosCloth (58)
[2023.03.28-17.35.02:749][  0]LogModuleManager: Shutting down and abandoning module PixWinPlugin (56)
[2023.03.28-17.35.02:766][  0]LogModuleManager: Shutting down and abandoning module VariantManagerContent (54)
[2023.03.28-17.35.02:766][  0]LogModuleManager: Shutting down and abandoning module DatasmithContent (52)
[2023.03.28-17.35.02:785][  0]LogModuleManager: Shutting down and abandoning module AISupportModule (50)
[2023.03.28-17.35.02:785][  0]LogModuleManager: Shutting down and abandoning module DesktopPlatform (48)
[2023.03.28-17.35.02:785][  0]LogModuleManager: Shutting down and abandoning module PythonScriptPluginPreload (46)
[2023.03.28-17.35.02:785][  0]LogModuleManager: Shutting down and abandoning module PlatformCryptoOpenSSL (44)
[2023.03.28-17.35.02:800][  0]LogModuleManager: Shutting down and abandoning module PlatformCryptoTypes (42)
[2023.03.28-17.35.02:800][  0]LogModuleManager: Shutting down and abandoning module PlatformCrypto (40)
[2023.03.28-17.35.02:800][  0]LogModuleManager: Shutting down and abandoning module OodleDataCompressionFormat (38)
[2023.03.28-17.35.02:817][  0]LogModuleManager: Shutting down and abandoning module XGEController (36)
[2023.03.28-17.35.02:834][  0]LogModuleManager: Shutting down and abandoning module AnimationModifiers (34)
[2023.03.28-17.35.02:846][  0]LogModuleManager: Shutting down and abandoning module AudioEditor (32)
[2023.03.28-17.35.02:858][  0]LogModuleManager: Shutting down and abandoning module PropertyEditor (31)
[2023.03.28-17.35.02:878][  0]LogModuleManager: Shutting down and abandoning module TextureCompressor (28)
[2023.03.28-17.35.02:891][  0]LogModuleManager: Shutting down and abandoning module RenderCore (26)
[2023.03.28-17.35.02:891][  0]LogModuleManager: Shutting down and abandoning module Landscape (24)
[2023.03.28-17.35.02:891][  0]LogModuleManager: Shutting down and abandoning module SlateRHIRenderer (22)
[2023.03.28-17.35.02:891][  0]LogModuleManager: Shutting down and abandoning module AnimGraphRuntime (20)
[2023.03.28-17.35.02:910][  0]LogModuleManager: Shutting down and abandoning module Renderer (18)
[2023.03.28-17.35.02:922][  0]LogModuleManager: Shutting down and abandoning module Engine (16)
[2023.03.28-17.35.02:922][  0]LogModuleManager: Shutting down and abandoning module CoreUObject (14)
[2023.03.28-17.35.02:922][  0]LogModuleManager: Shutting down and abandoning module NetworkFile (12)
[2023.03.28-17.35.02:935][  0]LogModuleManager: Shutting down and abandoning module CookedIterativeFile (10)
[2023.03.28-17.35.02:935][  0]LogModuleManager: Shutting down and abandoning module StreamingFile (8)
[2023.03.28-17.35.02:946][  0]LogModuleManager: Shutting down and abandoning module SandboxFile (6)
[2023.03.28-17.35.02:961][  0]LogModuleManager: Shutting down and abandoning module PakFile (4)
[2023.03.28-17.35.02:973][  0]LogModuleManager: Shutting down and abandoning module RSA (3)
[2023.03.28-17.35.03:107][  0]LogContentStreaming: Display: There are 1 unreleased StreamingManagers
[2023.03.28-17.35.03:124][  0]LogExit: Exiting.
[2023.03.28-17.35.03:137][  0]Log file closed, 03/28/23 18:35:03
