Log file open, 03/08/23 17:38:34
LogWindows: Failed to load 'aqProf.dll' (GetLastError=126)
LogWindows: File 'aqProf.dll' does not exist
LogWindows: Failed to load 'VtuneApi.dll' (GetLastError=126)
LogWindows: File 'VtuneApi.dll' does not exist
LogWindows: Failed to load 'VtuneApi32e.dll' (GetLastError=126)
LogWindows: File 'VtuneApi32e.dll' does not exist
LogConsoleResponse: Display: Failed to find resolution value strings in scalability ini. Falling back to default.
LogConsoleResponse: Display: Failed to find resolution value strings in scalability ini. Falling back to default.
LogInit: Display: Running engine for game: Twonic
LogPlatformFile: Not using cached read wrapper
LogTaskGraph: Started task graph with 5 named threads and 23 total threads with 3 sets of task threads.
LogStats: Stats thread started at 0.261937
LogICUInternationalization: ICU TimeZone Detection - Raw Offset: +0:00, Platform Override: ''
LogInit: Display: Loading text-based GConfig....
LogPluginManager: Mounting plugin MeshPainting
LogPluginManager: Mounting plugin XGEController
LogPluginManager: Mounting plugin Paper2D
LogPluginManager: Mounting plugin AISupport
LogPluginManager: Mounting plugin EnvironmentQueryEditor
LogPluginManager: Mounting plugin LiveLink
LogPluginManager: Mounting plugin LightPropagationVolume
LogPluginManager: Mounting plugin CameraShakePreviewer
LogPluginManager: Mounting plugin GameplayCameras
LogPluginManager: Mounting plugin CLionSourceCodeAccess
LogPluginManager: Mounting plugin CodeLiteSourceCodeAccess
LogPluginManager: Mounting plugin AnimationSharing
LogPluginManager: Mounting plugin KDevelopSourceCodeAccess
LogPluginManager: Mounting plugin GitSourceControl
LogPluginManager: Mounting plugin NullSourceCodeAccess
LogPluginManager: Mounting plugin PlasticSourceControl
LogPluginManager: Mounting plugin PerforceSourceControl
LogPluginManager: Mounting plugin PixWinPlugin
LogPluginManager: Mounting plugin PluginUtils
LogPluginManager: Mounting plugin PropertyAccessNode
LogPluginManager: Mounting plugin TextureFormatOodle
LogPluginManager: Mounting plugin SubversionSourceControl
LogPluginManager: Mounting plugin RiderSourceCodeAccess
LogPluginManager: Mounting plugin UObjectPlugin
LogPluginManager: Mounting plugin VisualStudioCodeSourceCodeAccess
LogPluginManager: Mounting plugin VisualStudioSourceCodeAccess
LogPluginManager: Mounting plugin XCodeSourceCodeAccess
LogPluginManager: Mounting plugin AssetManagerEditor
LogPluginManager: Mounting plugin CryptoKeys
LogPluginManager: Mounting plugin DataValidation
LogPluginManager: Mounting plugin GameplayTagsEditor
LogPluginManager: Mounting plugin FacialAnimation
LogPluginManager: Mounting plugin GeometryMode
LogPluginManager: Mounting plugin CurveEditorTools
LogPluginManager: Mounting plugin MacGraphicsSwitching
LogPluginManager: Mounting plugin MaterialAnalyzer
LogPluginManager: Mounting plugin MobileLauncherProfileWizard
LogPluginManager: Mounting plugin PluginBrowser
LogPluginManager: Mounting plugin SpeedTreeImporter
LogPluginManager: Mounting plugin OodleData
LogPluginManager: Mounting plugin OodleNetwork
LogPluginManager: Mounting plugin DatasmithContent
LogPluginManager: Mounting plugin AlembicImporter
LogPluginManager: Mounting plugin VariantManagerContent
LogPluginManager: Mounting plugin AutomationUtils
LogPluginManager: Mounting plugin BackChannel
LogPluginManager: Mounting plugin ChaosCloth
LogPluginManager: Mounting plugin ChaosEditor
LogPluginManager: Mounting plugin ChaosSolverPlugin
LogPluginManager: Mounting plugin ChaosNiagara
LogPluginManager: Mounting plugin ChaosClothEditor
LogPluginManager: Mounting plugin Niagara
LogPluginManager: Mounting plugin CharacterAI
LogPluginManager: Mounting plugin GeometryCache
LogPluginManager: Mounting plugin GeometryCollectionPlugin
LogPluginManager: Mounting plugin LuminPlatformFeatures
LogPluginManager: Mounting plugin MagicLeap
LogPluginManager: Mounting plugin AndroidMedia
LogPluginManager: Mounting plugin MagicLeapLightEstimation
LogPluginManager: Mounting plugin AvfMedia
LogPluginManager: Mounting plugin MagicLeapMedia
LogPluginManager: Mounting plugin GeometryProcessing
LogPluginManager: Mounting plugin MagicLeapPassableWorld
LogPluginManager: Mounting plugin MLSDK
LogPluginManager: Mounting plugin ImgMedia
LogPluginManager: Mounting plugin MediaCompositing
LogPluginManager: Mounting plugin MotoSynth
LogPluginManager: Mounting plugin MediaPlayerEditor
LogPluginManager: Mounting plugin OpenImageDenoise
LogPluginManager: Mounting plugin WebMMedia
LogPluginManager: Mounting plugin PlanarCut
LogPluginManager: Mounting plugin PlatformCrypto
LogPluginManager: Mounting plugin WmfMedia
LogPluginManager: Mounting plugin ProxyLODPlugin
LogPluginManager: Mounting plugin PythonScriptPlugin
LogPluginManager: Mounting plugin SkeletalReduction
LogPluginManager: Mounting plugin TcpMessaging
LogPluginManager: Mounting plugin ActorSequence
LogPluginManager: Mounting plugin UdpMessaging
LogPluginManager: Mounting plugin LevelSequenceEditor
LogPluginManager: Mounting plugin MatineeToLevelSequence
LogPluginManager: Mounting plugin TemplateSequence
LogPluginManager: Mounting plugin OnlineSubsystem
LogPluginManager: Mounting plugin OnlineSubsystemNull
LogPluginManager: Mounting plugin OnlineSubsystemUtils
LogPluginManager: Mounting plugin LauncherChunkInstaller
LogPluginManager: Mounting plugin ActorLayerUtilities
LogPluginManager: Mounting plugin AndroidDeviceProfileSelector
LogPluginManager: Mounting plugin AndroidMoviePlayer
LogPluginManager: Mounting plugin AndroidPermission
LogPluginManager: Mounting plugin AppleImageUtils
LogPluginManager: Mounting plugin AppleMoviePlayer
LogPluginManager: Mounting plugin ArchVisCharacter
LogPluginManager: Mounting plugin AudioCapture
LogPluginManager: Mounting plugin AssetTags
LogPluginManager: Mounting plugin AudioSynesthesia
LogPluginManager: Mounting plugin ChunkDownloader
LogPluginManager: Mounting plugin CableComponent
LogPluginManager: Mounting plugin CustomMeshComponent
LogPluginManager: Mounting plugin ExampleDeviceProfileSelector
LogPluginManager: Mounting plugin EditableMesh
LogPluginManager: Mounting plugin GoogleCloudMessaging
LogPluginManager: Mounting plugin GooglePAD
LogPluginManager: Mounting plugin IOSDeviceProfileSelector
LogPluginManager: Mounting plugin LinuxDeviceProfileSelector
LogPluginManager: Mounting plugin LocationServicesBPLibrary
LogPluginManager: Mounting plugin MobilePatchingUtils
LogPluginManager: Mounting plugin OpenXR
LogPluginManager: Mounting plugin OpenXREyeTracker
LogPluginManager: Mounting plugin OpenXRHandTracking
LogPluginManager: Mounting plugin ScreenshotTools
LogPluginManager: Mounting plugin PhysXVehicles
LogPluginManager: Mounting plugin PostSplashScreen
LogPluginManager: Mounting plugin ProceduralMeshComponent
LogPluginManager: Mounting plugin PropertyAccessEditor
LogPluginManager: Mounting plugin RuntimePhysXCooking
LogPluginManager: Mounting plugin SignificanceManager
LogPluginManager: Mounting plugin Takes
LogPluginManager: Mounting plugin SoundFields
LogPluginManager: Mounting plugin Synthesis
LogPluginManager: Mounting plugin WebMMoviePlayer
LogPluginManager: Mounting plugin WindowsMoviePlayer
LogPluginManager: Mounting plugin ContentBrowserAssetDataSource
LogPluginManager: Mounting plugin ContentBrowserClassDataSource
LogPluginManager: Mounting plugin ContentBrowserFileDataSource
LogPluginManager: Mounting plugin OnlineSubsystemGooglePlay
LogPluginManager: Mounting plugin OnlineSubsystemIOS
LogPluginManager: Mounting plugin OculusVR
LogPluginManager: Mounting plugin SteamVR
PixWinPlugin: PIX capture plugin failed to initialize! Check that the process is launched from PIX.
LogInit: Using libcurl 7.55.1-DEV
LogInit:  - built for x86_64-pc-win32
LogInit:  - supports SSL with OpenSSL/1.1.1
LogInit:  - supports HTTP deflate (compression) using libz 1.2.8
LogInit:  - other features:
LogInit:      CURL_VERSION_SSL
LogInit:      CURL_VERSION_LIBZ
LogInit:      CURL_VERSION_IPV6
LogInit:      CURL_VERSION_ASYNCHDNS
LogInit:      CURL_VERSION_LARGEFILE
LogInit:      CURL_VERSION_IDN
LogInit:  CurlRequestOptions (configurable via config and command line):
LogInit:  - bVerifyPeer = true  - Libcurl will verify peer certificate
LogInit:  - bUseHttpProxy = false  - Libcurl will NOT use HTTP proxy
LogInit:  - bDontReuseConnections = false  - Libcurl will reuse connections
LogInit:  - MaxHostConnections = 16  - Libcurl will limit the number of connections to a host
LogInit:  - LocalHostAddr = Default
LogInit:  - BufferSize = 65536
LogOnline: OSS: Creating online subsystem instance for: NULL
LogInit: WinSock: version 1.1 (2.2), MaxSocks=32767, MaxUdp=65467
LogOnline: OSS: TryLoadSubsystemAndSetDefault: Loaded subsystem for module [NULL]
LogInit: Build: ++UE4+Release-4.27-CL-18319896
LogInit: Engine Version: 4.27.2-18319896+++UE4+Release-4.27
LogInit: Compatible Engine Version: 4.27.0-17155196+++UE4+Release-4.27
LogInit: Net CL: 17155196
LogInit: OS: Windows 10 (Release 2009) (), CPU: Intel(R) Core(TM) i5-8300H CPU @ 2.30GHz, GPU: NVIDIA GeForce GTX 1060
LogInit: Compiled (64-bit): Nov 30 2021 07:12:08
LogInit: Compiled with Visual C++: 19.24.28315.00
LogInit: Build Configuration: Development
LogInit: Branch Name: ++UE4+Release-4.27
LogInit: Command Line:  C:/Users/emmyt/OneDrive/Documents/GitHub/-Journeyman-Twonic---Alpha-Team/Twonic/Twonic.uproject -run=GatherText -config=Config/Localization/Game_Gather.ini
LogInit: Base Directory: D:/Epic Games/UE_4.27/Engine/Binaries/Win64/
LogInit: Allocator: TBB
LogInit: Installed Engine Build: 1
LogDevObjectVersion: Number of dev versions registered: 29
LogDevObjectVersion:   Dev-Blueprints (B0D832E4-1F89-4F0D-ACCF-7EB736FD4AA2): 10
LogDevObjectVersion:   Dev-Build (E1C64328-A22C-4D53-A36C-8E866417BD8C): 0
LogDevObjectVersion:   Dev-Core (375EC13C-06E4-48FB-B500-84F0262A717E): 4
LogDevObjectVersion:   Dev-Editor (E4B068ED-F494-42E9-A231-DA0B2E46BB41): 40
LogDevObjectVersion:   Dev-Framework (CFFC743F-43B0-4480-9391-14DF171D2073): 37
LogDevObjectVersion:   Dev-Mobile (B02B49B5-BB20-44E9-A304-32B752E40360): 3
LogDevObjectVersion:   Dev-Networking (A4E4105C-59A1-49B5-A7C5-40C4547EDFEE): 0
LogDevObjectVersion:   Dev-Online (39C831C9-5AE6-47DC-9A44-9C173E1C8E7C): 0
LogDevObjectVersion:   Dev-Physics (78F01B33-EBEA-4F98-B9B4-84EACCB95AA2): 14
LogDevObjectVersion:   Dev-Platform (6631380F-2D4D-43E0-8009-CF276956A95A): 0
LogDevObjectVersion:   Dev-Rendering (12F88B9F-8875-4AFC-A67C-D90C383ABD29): 45
LogDevObjectVersion:   Dev-Sequencer (7B5AE74C-D270-4C10-A958-57980B212A5A): 13
LogDevObjectVersion:   Dev-VR (D7296918-1DD6-4BDD-9DE2-64A83CC13884): 3
LogDevObjectVersion:   Dev-LoadTimes (C2A15278-BFE7-4AFE-6C17-90FF531DF755): 1
LogDevObjectVersion:   Private-Geometry (6EACA3D4-40EC-4CC1-B786-8BED09428FC5): 3
LogDevObjectVersion:   Dev-AnimPhys (29E575DD-E0A3-4627-9D10-D276232CDCEA): 17
LogDevObjectVersion:   Dev-Anim (AF43A65D-7FD3-4947-9873-3E8ED9C1BB05): 15
LogDevObjectVersion:   Dev-ReflectionCapture (6B266CEC-1EC7-4B8F-A30B-E4D90942FC07): 1
LogDevObjectVersion:   Dev-Automation (0DF73D61-A23F-47EA-B727-89E90C41499A): 1
LogDevObjectVersion:   FortniteMain (601D1886-AC64-4F84-AA16-D3DE0DEAC7D6): 47
LogDevObjectVersion:   FortniteRelease (E7086368-6B23-4C58-8439-1B7016265E91): 1
LogDevObjectVersion:   Dev-Enterprise (9DFFBCD6-494F-0158-E221-12823C92A888): 10
LogDevObjectVersion:   Dev-Niagara (F2AED0AC-9AFE-416F-8664-AA7FFA26D6FC): 1
LogDevObjectVersion:   Dev-Destruction (174F1F0B-B4C6-45A5-B13F-2EE8D0FB917D): 10
LogDevObjectVersion:   Dev-Physics-Ext (35F94A83-E258-406C-A318-09F59610247C): 41
LogDevObjectVersion:   Dev-PhysicsMaterial-Chaos (B68FC16E-8B1B-42E2-B453-215C058844FE): 1
LogDevObjectVersion:   Dev-CineCamera (B2E18506-4273-CFC2-A54E-F4BB758BBA07): 1
LogDevObjectVersion:   Dev-VirtualProduction (64F58936-FD1B-42BA-BA96-7289D5D0FA4E): 1
LogDevObjectVersion:   Dev-MediaFramework (6F0ED827-A609-4895-9C91-998D90180EA4): 2
LogInit: Presizing for max 25165824 objects, including 0 objects not considered by GC, pre-allocating 0 bytes for permanent pool.
LogConfig: Applying CVar settings from Section [/Script/Engine.StreamingSettings] File [C:/Users/emmyt/OneDrive/Documents/GitHub/-Journeyman-Twonic---Alpha-Team/Twonic/Saved/Config/Windows/Engine.ini]
LogConfig: Setting CVar [[s.MinBulkDataSizeForAsyncLoading:131072]]
LogConfig: Setting CVar [[s.AsyncLoadingThreadEnabled:0]]
LogConfig: Setting CVar [[s.EventDrivenLoaderEnabled:1]]
LogConfig: Setting CVar [[s.WarnIfTimeLimitExceeded:0]]
LogConfig: Setting CVar [[s.TimeLimitExceededMultiplier:1.5]]
LogConfig: Setting CVar [[s.TimeLimitExceededMinTime:0.005]]
LogConfig: Setting CVar [[s.UseBackgroundLevelStreaming:1]]
LogConfig: Setting CVar [[s.PriorityAsyncLoadingExtraTime:15.0]]
LogConfig: Setting CVar [[s.LevelStreamingActorsUpdateTimeLimit:5.0]]
LogConfig: Setting CVar [[s.PriorityLevelStreamingActorsUpdateExtraTime:5.0]]
LogConfig: Setting CVar [[s.LevelStreamingComponentsRegistrationGranularity:10]]
LogConfig: Setting CVar [[s.UnregisterComponentsTimeLimit:1.0]]
LogConfig: Setting CVar [[s.LevelStreamingComponentsUnregistrationGranularity:5]]
LogConfig: Setting CVar [[s.FlushStreamingOnExit:1]]
LogInit: Object subsystem initialized
LogConfig: Setting CVar [[con.DebugEarlyDefault:1]]
LogConfig: Setting CVar [[r.setres:1280x720]]
[2023.03.08-17.38.34:964][  0]LogConfig: Setting CVar [[con.DebugEarlyDefault:1]]
[2023.03.08-17.38.34:964][  0]LogConfig: Setting CVar [[r.setres:1280x720]]
[2023.03.08-17.38.34:965][  0]LogConfig: Applying CVar settings from Section [/Script/Engine.RendererSettings] File [C:/Users/emmyt/OneDrive/Documents/GitHub/-Journeyman-Twonic---Alpha-Team/Twonic/Saved/Config/Windows/Engine.ini]
[2023.03.08-17.38.34:965][  0]LogConfig: Setting CVar [[r.GPUCrashDebugging:0]]
[2023.03.08-17.38.34:965][  0]LogConfig: Setting CVar [[r.ForwardShading:0]]
[2023.03.08-17.38.34:965][  0]LogConfig: Applying CVar settings from Section [/Script/Engine.RendererOverrideSettings] File [C:/Users/emmyt/OneDrive/Documents/GitHub/-Journeyman-Twonic---Alpha-Team/Twonic/Saved/Config/Windows/Engine.ini]
[2023.03.08-17.38.34:965][  0]LogConfig: Applying CVar settings from Section [/Script/Engine.StreamingSettings] File [C:/Users/emmyt/OneDrive/Documents/GitHub/-Journeyman-Twonic---Alpha-Team/Twonic/Saved/Config/Windows/Engine.ini]
[2023.03.08-17.38.34:965][  0]LogConfig: Setting CVar [[s.MinBulkDataSizeForAsyncLoading:131072]]
[2023.03.08-17.38.34:965][  0]LogConfig: Setting CVar [[s.AsyncLoadingThreadEnabled:0]]
[2023.03.08-17.38.34:965][  0]LogConfig: Setting CVar [[s.EventDrivenLoaderEnabled:1]]
[2023.03.08-17.38.34:965][  0]LogConfig: Setting CVar [[s.WarnIfTimeLimitExceeded:0]]
[2023.03.08-17.38.34:965][  0]LogConfig: Setting CVar [[s.TimeLimitExceededMultiplier:1.5]]
[2023.03.08-17.38.34:965][  0]LogConfig: Setting CVar [[s.TimeLimitExceededMinTime:0.005]]
[2023.03.08-17.38.34:965][  0]LogConfig: Setting CVar [[s.UseBackgroundLevelStreaming:1]]
[2023.03.08-17.38.34:965][  0]LogConfig: Setting CVar [[s.PriorityAsyncLoadingExtraTime:15.0]]
[2023.03.08-17.38.34:965][  0]LogConfig: Setting CVar [[s.LevelStreamingActorsUpdateTimeLimit:5.0]]
[2023.03.08-17.38.34:965][  0]LogConfig: Setting CVar [[s.PriorityLevelStreamingActorsUpdateExtraTime:5.0]]
[2023.03.08-17.38.34:965][  0]LogConfig: Setting CVar [[s.LevelStreamingComponentsRegistrationGranularity:10]]
[2023.03.08-17.38.34:965][  0]LogConfig: Setting CVar [[s.UnregisterComponentsTimeLimit:1.0]]
[2023.03.08-17.38.34:965][  0]LogConfig: Setting CVar [[s.LevelStreamingComponentsUnregistrationGranularity:5]]
[2023.03.08-17.38.34:965][  0]LogConfig: Setting CVar [[s.FlushStreamingOnExit:1]]
[2023.03.08-17.38.34:965][  0]LogConfig: Applying CVar settings from Section [/Script/Engine.GarbageCollectionSettings] File [C:/Users/emmyt/OneDrive/Documents/GitHub/-Journeyman-Twonic---Alpha-Team/Twonic/Saved/Config/Windows/Engine.ini]
[2023.03.08-17.38.34:965][  0]LogConfig: Setting CVar [[gc.MaxObjectsNotConsideredByGC:1]]
[2023.03.08-17.38.34:965][  0]LogConfig: Setting CVar [[gc.SizeOfPermanentObjectPool:0]]
[2023.03.08-17.38.34:965][  0]LogConfig: Setting CVar [[gc.FlushStreamingOnGC:0]]
[2023.03.08-17.38.34:965][  0]LogConfig: Setting CVar [[gc.NumRetriesBeforeForcingGC:10]]
[2023.03.08-17.38.34:965][  0]LogConfig: Setting CVar [[gc.AllowParallelGC:1]]
[2023.03.08-17.38.34:965][  0]LogConfig: Setting CVar [[gc.TimeBetweenPurgingPendingKillObjects:61.1]]
[2023.03.08-17.38.34:965][  0]LogConfig: Setting CVar [[gc.MaxObjectsInEditor:25165824]]
[2023.03.08-17.38.34:965][  0]LogConfig: Setting CVar [[gc.IncrementalBeginDestroyEnabled:1]]
[2023.03.08-17.38.34:965][  0]LogConfig: Setting CVar [[gc.CreateGCClusters:1]]
[2023.03.08-17.38.34:965][  0]LogConfig: Setting CVar [[gc.MinGCClusterSize:5]]
[2023.03.08-17.38.34:965][  0]LogConfig: Setting CVar [[gc.ActorClusteringEnabled:0]]
[2023.03.08-17.38.34:965][  0]LogConfig: Setting CVar [[gc.BlueprintClusteringEnabled:0]]
[2023.03.08-17.38.34:965][  0]LogConfig: Setting CVar [[gc.UseDisregardForGCOnDedicatedServers:0]]
[2023.03.08-17.38.34:965][  0]LogConfig: Setting CVar [[gc.MultithreadedDestructionEnabled:1]]
[2023.03.08-17.38.34:965][  0]LogConfig: Applying CVar settings from Section [/Script/Engine.NetworkSettings] File [C:/Users/emmyt/OneDrive/Documents/GitHub/-Journeyman-Twonic---Alpha-Team/Twonic/Saved/Config/Windows/Engine.ini]
[2023.03.08-17.38.34:965][  0]LogConfig: Applying CVar settings from Section [/Script/UnrealEd.CookerSettings] File [C:/Users/emmyt/OneDrive/Documents/GitHub/-Journeyman-Twonic---Alpha-Team/Twonic/Saved/Config/Windows/Engine.ini]
[2023.03.08-17.38.34:965][  0]LogConfig: Applying CVar settings from Section [ViewDistanceQuality@3] File [C:/Users/emmyt/OneDrive/Documents/GitHub/-Journeyman-Twonic---Alpha-Team/Twonic/Saved/Config/Windows/Scalability.ini]
[2023.03.08-17.38.34:965][  0]LogConfig: Setting CVar [[r.SkeletalMeshLODBias:0]]
[2023.03.08-17.38.34:965][  0]LogConfig: Setting CVar [[r.ViewDistanceScale:1.0]]
[2023.03.08-17.38.34:965][  0]LogConfig: Applying CVar settings from Section [AntiAliasingQuality@3] File [C:/Users/emmyt/OneDrive/Documents/GitHub/-Journeyman-Twonic---Alpha-Team/Twonic/Saved/Config/Windows/Scalability.ini]
[2023.03.08-17.38.34:965][  0]LogConfig: Setting CVar [[r.PostProcessAAQuality:4]]
[2023.03.08-17.38.34:965][  0]LogConfig: Applying CVar settings from Section [ShadowQuality@3] File [C:/Users/emmyt/OneDrive/Documents/GitHub/-Journeyman-Twonic---Alpha-Team/Twonic/Saved/Config/Windows/Scalability.ini]
[2023.03.08-17.38.34:965][  0]LogConfig: Setting CVar [[r.LightFunctionQuality:1]]
[2023.03.08-17.38.34:965][  0]LogConfig: Setting CVar [[r.ShadowQuality:5]]
[2023.03.08-17.38.34:965][  0]LogConfig: Setting CVar [[r.Shadow.CSM.MaxCascades:10]]
[2023.03.08-17.38.34:965][  0]LogConfig: Setting CVar [[r.Shadow.MaxResolution:2048]]
[2023.03.08-17.38.34:965][  0]LogConfig: Setting CVar [[r.Shadow.MaxCSMResolution:2048]]
[2023.03.08-17.38.34:965][  0]LogConfig: Setting CVar [[r.Shadow.RadiusThreshold:0.01]]
[2023.03.08-17.38.34:965][  0]LogConfig: Setting CVar [[r.Shadow.DistanceScale:1.0]]
[2023.03.08-17.38.34:965][  0]LogConfig: Setting CVar [[r.Shadow.CSM.TransitionScale:1.0]]
[2023.03.08-17.38.34:965][  0]LogConfig: Setting CVar [[r.Shadow.PreShadowResolutionFactor:1.0]]
[2023.03.08-17.38.34:965][  0]LogConfig: Setting CVar [[r.DistanceFieldShadowing:1]]
[2023.03.08-17.38.34:965][  0]LogConfig: Setting CVar [[r.DistanceFieldAO:1]]
[2023.03.08-17.38.34:965][  0]LogConfig: Setting CVar [[r.AOQuality:2]]
[2023.03.08-17.38.34:965][  0]LogConfig: Setting CVar [[r.VolumetricFog:1]]
[2023.03.08-17.38.34:965][  0]LogConfig: Setting CVar [[r.VolumetricFog.GridPixelSize:8]]
[2023.03.08-17.38.34:965][  0]LogConfig: Setting CVar [[r.VolumetricFog.GridSizeZ:128]]
[2023.03.08-17.38.34:965][  0]LogConfig: Setting CVar [[r.VolumetricFog.HistoryMissSupersampleCount:4]]
[2023.03.08-17.38.34:965][  0]LogConfig: Setting CVar [[r.LightMaxDrawDistanceScale:1]]
[2023.03.08-17.38.34:965][  0]LogConfig: Setting CVar [[r.CapsuleShadows:1]]
[2023.03.08-17.38.34:965][  0]LogConfig: Applying CVar settings from Section [PostProcessQuality@3] File [C:/Users/emmyt/OneDrive/Documents/GitHub/-Journeyman-Twonic---Alpha-Team/Twonic/Saved/Config/Windows/Scalability.ini]
[2023.03.08-17.38.34:965][  0]LogConfig: Setting CVar [[r.MotionBlurQuality:4]]
[2023.03.08-17.38.34:965][  0]LogConfig: Setting CVar [[r.AmbientOcclusionMipLevelFactor:0.4]]
[2023.03.08-17.38.34:965][  0]LogConfig: Setting CVar [[r.AmbientOcclusionMaxQuality:100]]
[2023.03.08-17.38.34:965][  0]LogConfig: Setting CVar [[r.AmbientOcclusionLevels:-1]]
[2023.03.08-17.38.34:965][  0]LogConfig: Setting CVar [[r.AmbientOcclusionRadiusScale:1.0]]
[2023.03.08-17.38.34:965][  0]LogConfig: Setting CVar [[r.DepthOfFieldQuality:2]]
[2023.03.08-17.38.34:965][  0]LogConfig: Setting CVar [[r.RenderTargetPoolMin:400]]
[2023.03.08-17.38.34:965][  0]LogConfig: Setting CVar [[r.LensFlareQuality:2]]
[2023.03.08-17.38.34:966][  0]LogConfig: Setting CVar [[r.SceneColorFringeQuality:1]]
[2023.03.08-17.38.34:966][  0]LogConfig: Setting CVar [[r.EyeAdaptationQuality:2]]
[2023.03.08-17.38.34:966][  0]LogConfig: Setting CVar [[r.BloomQuality:5]]
[2023.03.08-17.38.34:966][  0]LogConfig: Setting CVar [[r.FastBlurThreshold:100]]
[2023.03.08-17.38.34:966][  0]LogConfig: Setting CVar [[r.Upscale.Quality:3]]
[2023.03.08-17.38.34:966][  0]LogConfig: Setting CVar [[r.Tonemapper.GrainQuantization:1]]
[2023.03.08-17.38.34:966][  0]LogConfig: Setting CVar [[r.LightShaftQuality:1]]
[2023.03.08-17.38.34:966][  0]LogConfig: Setting CVar [[r.Filter.SizeScale:1]]
[2023.03.08-17.38.34:966][  0]LogConfig: Setting CVar [[r.Tonemapper.Quality:5]]
[2023.03.08-17.38.34:966][  0]LogConfig: Setting CVar [[r.DOF.Gather.AccumulatorQuality:1        ; higher gathering accumulator quality]]
[2023.03.08-17.38.34:966][  0]LogConfig: Setting CVar [[r.DOF.Gather.PostfilterMethod:1          ; Median3x3 postfilering method]]
[2023.03.08-17.38.34:966][  0]LogConfig: Setting CVar [[r.DOF.Gather.EnableBokehSettings:0       ; no bokeh simulation when gathering]]
[2023.03.08-17.38.34:966][  0]LogConfig: Setting CVar [[r.DOF.Gather.RingCount:4                 ; medium number of samples when gathering]]
[2023.03.08-17.38.34:966][  0]LogConfig: Setting CVar [[r.DOF.Scatter.ForegroundCompositing:1    ; additive foreground scattering]]
[2023.03.08-17.38.34:966][  0]LogConfig: Setting CVar [[r.DOF.Scatter.BackgroundCompositing:2    ; additive background scattering]]
[2023.03.08-17.38.34:966][  0]LogConfig: Setting CVar [[r.DOF.Scatter.EnableBokehSettings:1      ; bokeh simulation when scattering]]
[2023.03.08-17.38.34:966][  0]LogConfig: Setting CVar [[r.DOF.Scatter.MaxSpriteRatio:0.1         ; only a maximum of 10% of scattered bokeh]]
[2023.03.08-17.38.34:966][  0]LogConfig: Setting CVar [[r.DOF.Recombine.Quality:1                ; cheap slight out of focus]]
[2023.03.08-17.38.34:966][  0]LogConfig: Setting CVar [[r.DOF.Recombine.EnableBokehSettings:0    ; no bokeh simulation on slight out of focus]]
[2023.03.08-17.38.34:966][  0]LogConfig: Setting CVar [[r.DOF.TemporalAAQuality:1                ; more stable temporal accumulation]]
[2023.03.08-17.38.34:966][  0]LogConfig: Setting CVar [[r.DOF.Kernel.MaxForegroundRadius:0.025]]
[2023.03.08-17.38.34:966][  0]LogConfig: Setting CVar [[r.DOF.Kernel.MaxBackgroundRadius:0.025]]
[2023.03.08-17.38.34:966][  0]LogConfig: Applying CVar settings from Section [TextureQuality@3] File [C:/Users/emmyt/OneDrive/Documents/GitHub/-Journeyman-Twonic---Alpha-Team/Twonic/Saved/Config/Windows/Scalability.ini]
[2023.03.08-17.38.34:966][  0]LogConfig: Setting CVar [[r.Streaming.MipBias:0]]
[2023.03.08-17.38.34:966][  0]LogConfig: Setting CVar [[r.Streaming.AmortizeCPUToGPUCopy:0]]
[2023.03.08-17.38.34:966][  0]LogConfig: Setting CVar [[r.Streaming.MaxNumTexturesToStreamPerFrame:0]]
[2023.03.08-17.38.34:966][  0]LogConfig: Setting CVar [[r.Streaming.Boost:1]]
[2023.03.08-17.38.34:966][  0]LogConfig: Setting CVar [[r.MaxAnisotropy:8]]
[2023.03.08-17.38.34:966][  0]LogConfig: Setting CVar [[r.VT.MaxAnisotropy:8]]
[2023.03.08-17.38.34:966][  0]LogConfig: Setting CVar [[r.Streaming.LimitPoolSizeToVRAM:0]]
[2023.03.08-17.38.34:966][  0]LogConfig: Setting CVar [[r.Streaming.PoolSize:1000]]
[2023.03.08-17.38.34:966][  0]LogConfig: Setting CVar [[r.Streaming.MaxEffectiveScreenSize:0]]
[2023.03.08-17.38.34:966][  0]LogConfig: Applying CVar settings from Section [EffectsQuality@3] File [C:/Users/emmyt/OneDrive/Documents/GitHub/-Journeyman-Twonic---Alpha-Team/Twonic/Saved/Config/Windows/Scalability.ini]
[2023.03.08-17.38.34:966][  0]LogConfig: Setting CVar [[r.TranslucencyLightingVolumeDim:64]]
[2023.03.08-17.38.34:966][  0]LogConfig: Setting CVar [[r.RefractionQuality:2]]
[2023.03.08-17.38.34:966][  0]LogConfig: Setting CVar [[r.SSR.Quality:3]]
[2023.03.08-17.38.34:966][  0]LogConfig: Setting CVar [[r.SSR.HalfResSceneColor:0]]
[2023.03.08-17.38.34:966][  0]LogConfig: Setting CVar [[r.SceneColorFormat:4]]
[2023.03.08-17.38.34:966][  0]LogConfig: Setting CVar [[r.DetailMode:2]]
[2023.03.08-17.38.34:966][  0]LogConfig: Setting CVar [[r.TranslucencyVolumeBlur:1]]
[2023.03.08-17.38.34:966][  0]LogConfig: Setting CVar [[r.MaterialQualityLevel:1 ; High quality]]
[2023.03.08-17.38.34:966][  0]LogConfig: Setting CVar [[r.AnisotropicMaterials:1]]
[2023.03.08-17.38.34:966][  0]LogConfig: Setting CVar [[r.SSS.Scale:1]]
[2023.03.08-17.38.34:966][  0]LogConfig: Setting CVar [[r.SSS.SampleSet:2]]
[2023.03.08-17.38.34:966][  0]LogConfig: Setting CVar [[r.SSS.Quality:1]]
[2023.03.08-17.38.34:966][  0]LogConfig: Setting CVar [[r.SSS.HalfRes:0]]
[2023.03.08-17.38.34:966][  0]LogConfig: Setting CVar [[r.SSGI.Quality:3]]
[2023.03.08-17.38.34:966][  0]LogConfig: Setting CVar [[r.EmitterSpawnRateScale:1.0]]
[2023.03.08-17.38.34:966][  0]LogConfig: Setting CVar [[r.ParticleLightQuality:2]]
[2023.03.08-17.38.34:966][  0]LogConfig: Setting CVar [[r.SkyAtmosphere.AerialPerspectiveLUT.FastApplyOnOpaque:1 ; Always have FastSkyLUT 1 in this case to avoid wrong sky]]
[2023.03.08-17.38.34:966][  0]LogConfig: Setting CVar [[r.SkyAtmosphere.AerialPerspectiveLUT.SampleCountMaxPerSlice:4]]
[2023.03.08-17.38.34:966][  0]LogConfig: Setting CVar [[r.SkyAtmosphere.AerialPerspectiveLUT.DepthResolution:16.0]]
[2023.03.08-17.38.34:966][  0]LogConfig: Setting CVar [[r.SkyAtmosphere.FastSkyLUT:1]]
[2023.03.08-17.38.34:966][  0]LogConfig: Setting CVar [[r.SkyAtmosphere.FastSkyLUT.SampleCountMin:4.0]]
[2023.03.08-17.38.34:966][  0]LogConfig: Setting CVar [[r.SkyAtmosphere.FastSkyLUT.SampleCountMax:128.0]]
[2023.03.08-17.38.34:966][  0]LogConfig: Setting CVar [[r.SkyAtmosphere.SampleCountMin:4.0]]
[2023.03.08-17.38.34:966][  0]LogConfig: Setting CVar [[r.SkyAtmosphere.SampleCountMax:128.0]]
[2023.03.08-17.38.34:966][  0]LogConfig: Setting CVar [[r.SkyAtmosphere.TransmittanceLUT.UseSmallFormat:0]]
[2023.03.08-17.38.34:966][  0]LogConfig: Setting CVar [[r.SkyAtmosphere.TransmittanceLUT.SampleCount:10.0]]
[2023.03.08-17.38.34:966][  0]LogConfig: Setting CVar [[r.SkyAtmosphere.MultiScatteringLUT.SampleCount:15.0]]
[2023.03.08-17.38.34:966][  0]LogConfig: Setting CVar [[r.SkyLight.RealTimeReflectionCapture:1]]
[2023.03.08-17.38.34:966][  0]LogConfig: Applying CVar settings from Section [FoliageQuality@3] File [C:/Users/emmyt/OneDrive/Documents/GitHub/-Journeyman-Twonic---Alpha-Team/Twonic/Saved/Config/Windows/Scalability.ini]
[2023.03.08-17.38.34:966][  0]LogConfig: Setting CVar [[foliage.DensityScale:1.0]]
[2023.03.08-17.38.34:966][  0]LogConfig: Setting CVar [[grass.DensityScale:1.0]]
[2023.03.08-17.38.34:966][  0]LogConfig: Applying CVar settings from Section [ShadingQuality@3] File [C:/Users/emmyt/OneDrive/Documents/GitHub/-Journeyman-Twonic---Alpha-Team/Twonic/Saved/Config/Windows/Scalability.ini]
[2023.03.08-17.38.34:966][  0]LogConfig: Setting CVar [[r.HairStrands.SkyLighting.IntegrationType:2]]
[2023.03.08-17.38.34:966][  0]LogConfig: Setting CVar [[r.HairStrands.SkyAO.SampleCount:4]]
[2023.03.08-17.38.34:966][  0]LogConfig: Setting CVar [[r.HairStrands.Visibility.MSAA.SamplePerPixel:4]]
[2023.03.08-17.38.34:969][  0]LogInit: Selected Device Profile: [Windows]
[2023.03.08-17.38.34:969][  0]LogInit: Applying CVar settings loaded from the selected device profile: [Windows]
[2023.03.08-17.38.34:970][  0]LogHAL: Display: Platform has ~ 8 GB [8464343040 / 8589934592 / 8], which maps to Default [LargestMinGB=32, LargerMinGB=12, DefaultMinGB=8, SmallerMinGB=6, SmallestMinGB=0)
[2023.03.08-17.38.34:970][  0]LogInit: Going up to parent DeviceProfile []
[2023.03.08-17.38.34:970][  0]LogConfig: Applying CVar settings from Section [ViewDistanceQuality@3] File [C:/Users/emmyt/OneDrive/Documents/GitHub/-Journeyman-Twonic---Alpha-Team/Twonic/Saved/Config/Windows/Scalability.ini]
[2023.03.08-17.38.34:970][  0]LogConfig: Setting CVar [[r.SkeletalMeshLODBias:0]]
[2023.03.08-17.38.34:970][  0]LogConfig: Setting CVar [[r.ViewDistanceScale:1.0]]
[2023.03.08-17.38.34:970][  0]LogConfig: Applying CVar settings from Section [AntiAliasingQuality@3] File [C:/Users/emmyt/OneDrive/Documents/GitHub/-Journeyman-Twonic---Alpha-Team/Twonic/Saved/Config/Windows/Scalability.ini]
[2023.03.08-17.38.34:970][  0]LogConfig: Setting CVar [[r.PostProcessAAQuality:4]]
[2023.03.08-17.38.34:970][  0]LogConfig: Applying CVar settings from Section [ShadowQuality@3] File [C:/Users/emmyt/OneDrive/Documents/GitHub/-Journeyman-Twonic---Alpha-Team/Twonic/Saved/Config/Windows/Scalability.ini]
[2023.03.08-17.38.34:970][  0]LogConfig: Setting CVar [[r.LightFunctionQuality:1]]
[2023.03.08-17.38.34:970][  0]LogConfig: Setting CVar [[r.ShadowQuality:5]]
[2023.03.08-17.38.34:970][  0]LogConfig: Setting CVar [[r.Shadow.CSM.MaxCascades:10]]
[2023.03.08-17.38.34:970][  0]LogConfig: Setting CVar [[r.Shadow.MaxResolution:2048]]
[2023.03.08-17.38.34:970][  0]LogConfig: Setting CVar [[r.Shadow.MaxCSMResolution:2048]]
[2023.03.08-17.38.34:970][  0]LogConfig: Setting CVar [[r.Shadow.RadiusThreshold:0.01]]
[2023.03.08-17.38.34:970][  0]LogConfig: Setting CVar [[r.Shadow.DistanceScale:1.0]]
[2023.03.08-17.38.34:970][  0]LogConfig: Setting CVar [[r.Shadow.CSM.TransitionScale:1.0]]
[2023.03.08-17.38.34:970][  0]LogConfig: Setting CVar [[r.Shadow.PreShadowResolutionFactor:1.0]]
[2023.03.08-17.38.34:970][  0]LogConfig: Setting CVar [[r.DistanceFieldShadowing:1]]
[2023.03.08-17.38.34:970][  0]LogConfig: Setting CVar [[r.DistanceFieldAO:1]]
[2023.03.08-17.38.34:970][  0]LogConfig: Setting CVar [[r.AOQuality:2]]
[2023.03.08-17.38.34:970][  0]LogConfig: Setting CVar [[r.VolumetricFog:1]]
[2023.03.08-17.38.34:970][  0]LogConfig: Setting CVar [[r.VolumetricFog.GridPixelSize:8]]
[2023.03.08-17.38.34:970][  0]LogConfig: Setting CVar [[r.VolumetricFog.GridSizeZ:128]]
[2023.03.08-17.38.34:970][  0]LogConfig: Setting CVar [[r.VolumetricFog.HistoryMissSupersampleCount:4]]
[2023.03.08-17.38.34:970][  0]LogConfig: Setting CVar [[r.LightMaxDrawDistanceScale:1]]
[2023.03.08-17.38.34:970][  0]LogConfig: Setting CVar [[r.CapsuleShadows:1]]
[2023.03.08-17.38.34:970][  0]LogConfig: Applying CVar settings from Section [PostProcessQuality@3] File [C:/Users/emmyt/OneDrive/Documents/GitHub/-Journeyman-Twonic---Alpha-Team/Twonic/Saved/Config/Windows/Scalability.ini]
[2023.03.08-17.38.34:970][  0]LogConfig: Setting CVar [[r.MotionBlurQuality:4]]
[2023.03.08-17.38.34:970][  0]LogConfig: Setting CVar [[r.AmbientOcclusionMipLevelFactor:0.4]]
[2023.03.08-17.38.34:970][  0]LogConfig: Setting CVar [[r.AmbientOcclusionMaxQuality:100]]
[2023.03.08-17.38.34:970][  0]LogConfig: Setting CVar [[r.AmbientOcclusionLevels:-1]]
[2023.03.08-17.38.34:970][  0]LogConfig: Setting CVar [[r.AmbientOcclusionRadiusScale:1.0]]
[2023.03.08-17.38.34:970][  0]LogConfig: Setting CVar [[r.DepthOfFieldQuality:2]]
[2023.03.08-17.38.34:970][  0]LogConfig: Setting CVar [[r.RenderTargetPoolMin:400]]
[2023.03.08-17.38.34:970][  0]LogConfig: Setting CVar [[r.LensFlareQuality:2]]
[2023.03.08-17.38.34:970][  0]LogConfig: Setting CVar [[r.SceneColorFringeQuality:1]]
[2023.03.08-17.38.34:970][  0]LogConfig: Setting CVar [[r.EyeAdaptationQuality:2]]
[2023.03.08-17.38.34:970][  0]LogConfig: Setting CVar [[r.BloomQuality:5]]
[2023.03.08-17.38.34:970][  0]LogConfig: Setting CVar [[r.FastBlurThreshold:100]]
[2023.03.08-17.38.34:970][  0]LogConfig: Setting CVar [[r.Upscale.Quality:3]]
[2023.03.08-17.38.34:970][  0]LogConfig: Setting CVar [[r.Tonemapper.GrainQuantization:1]]
[2023.03.08-17.38.34:970][  0]LogConfig: Setting CVar [[r.LightShaftQuality:1]]
[2023.03.08-17.38.34:970][  0]LogConfig: Setting CVar [[r.Filter.SizeScale:1]]
[2023.03.08-17.38.34:970][  0]LogConfig: Setting CVar [[r.Tonemapper.Quality:5]]
[2023.03.08-17.38.34:970][  0]LogConfig: Setting CVar [[r.DOF.Gather.AccumulatorQuality:1        ; higher gathering accumulator quality]]
[2023.03.08-17.38.34:970][  0]LogConfig: Setting CVar [[r.DOF.Gather.PostfilterMethod:1          ; Median3x3 postfilering method]]
[2023.03.08-17.38.34:970][  0]LogConfig: Setting CVar [[r.DOF.Gather.EnableBokehSettings:0       ; no bokeh simulation when gathering]]
[2023.03.08-17.38.34:970][  0]LogConfig: Setting CVar [[r.DOF.Gather.RingCount:4                 ; medium number of samples when gathering]]
[2023.03.08-17.38.34:970][  0]LogConfig: Setting CVar [[r.DOF.Scatter.ForegroundCompositing:1    ; additive foreground scattering]]
[2023.03.08-17.38.34:970][  0]LogConfig: Setting CVar [[r.DOF.Scatter.BackgroundCompositing:2    ; additive background scattering]]
[2023.03.08-17.38.34:970][  0]LogConfig: Setting CVar [[r.DOF.Scatter.EnableBokehSettings:1      ; bokeh simulation when scattering]]
[2023.03.08-17.38.34:970][  0]LogConfig: Setting CVar [[r.DOF.Scatter.MaxSpriteRatio:0.1         ; only a maximum of 10% of scattered bokeh]]
[2023.03.08-17.38.34:970][  0]LogConfig: Setting CVar [[r.DOF.Recombine.Quality:1                ; cheap slight out of focus]]
[2023.03.08-17.38.34:970][  0]LogConfig: Setting CVar [[r.DOF.Recombine.EnableBokehSettings:0    ; no bokeh simulation on slight out of focus]]
[2023.03.08-17.38.34:970][  0]LogConfig: Setting CVar [[r.DOF.TemporalAAQuality:1                ; more stable temporal accumulation]]
[2023.03.08-17.38.34:970][  0]LogConfig: Setting CVar [[r.DOF.Kernel.MaxForegroundRadius:0.025]]
[2023.03.08-17.38.34:970][  0]LogConfig: Setting CVar [[r.DOF.Kernel.MaxBackgroundRadius:0.025]]
[2023.03.08-17.38.34:970][  0]LogConfig: Applying CVar settings from Section [TextureQuality@3] File [C:/Users/emmyt/OneDrive/Documents/GitHub/-Journeyman-Twonic---Alpha-Team/Twonic/Saved/Config/Windows/Scalability.ini]
[2023.03.08-17.38.34:970][  0]LogConfig: Setting CVar [[r.Streaming.MipBias:0]]
[2023.03.08-17.38.34:970][  0]LogConfig: Setting CVar [[r.Streaming.AmortizeCPUToGPUCopy:0]]
[2023.03.08-17.38.34:970][  0]LogConfig: Setting CVar [[r.Streaming.MaxNumTexturesToStreamPerFrame:0]]
[2023.03.08-17.38.34:970][  0]LogConfig: Setting CVar [[r.Streaming.Boost:1]]
[2023.03.08-17.38.34:970][  0]LogConfig: Setting CVar [[r.MaxAnisotropy:8]]
[2023.03.08-17.38.34:970][  0]LogConfig: Setting CVar [[r.VT.MaxAnisotropy:8]]
[2023.03.08-17.38.34:970][  0]LogConfig: Setting CVar [[r.Streaming.LimitPoolSizeToVRAM:0]]
[2023.03.08-17.38.34:970][  0]LogConfig: Setting CVar [[r.Streaming.PoolSize:1000]]
[2023.03.08-17.38.34:970][  0]LogConfig: Setting CVar [[r.Streaming.MaxEffectiveScreenSize:0]]
[2023.03.08-17.38.34:970][  0]LogConfig: Applying CVar settings from Section [EffectsQuality@3] File [C:/Users/emmyt/OneDrive/Documents/GitHub/-Journeyman-Twonic---Alpha-Team/Twonic/Saved/Config/Windows/Scalability.ini]
[2023.03.08-17.38.34:970][  0]LogConfig: Setting CVar [[r.TranslucencyLightingVolumeDim:64]]
[2023.03.08-17.38.34:970][  0]LogConfig: Setting CVar [[r.RefractionQuality:2]]
[2023.03.08-17.38.34:970][  0]LogConfig: Setting CVar [[r.SSR.Quality:3]]
[2023.03.08-17.38.34:970][  0]LogConfig: Setting CVar [[r.SSR.HalfResSceneColor:0]]
[2023.03.08-17.38.34:970][  0]LogConfig: Setting CVar [[r.SceneColorFormat:4]]
[2023.03.08-17.38.34:970][  0]LogConfig: Setting CVar [[r.DetailMode:2]]
[2023.03.08-17.38.34:970][  0]LogConfig: Setting CVar [[r.TranslucencyVolumeBlur:1]]
[2023.03.08-17.38.34:970][  0]LogConfig: Setting CVar [[r.MaterialQualityLevel:1 ; High quality]]
[2023.03.08-17.38.34:971][  0]LogConfig: Setting CVar [[r.AnisotropicMaterials:1]]
[2023.03.08-17.38.34:971][  0]LogConfig: Setting CVar [[r.SSS.Scale:1]]
[2023.03.08-17.38.34:971][  0]LogConfig: Setting CVar [[r.SSS.SampleSet:2]]
[2023.03.08-17.38.34:971][  0]LogConfig: Setting CVar [[r.SSS.Quality:1]]
[2023.03.08-17.38.34:971][  0]LogConfig: Setting CVar [[r.SSS.HalfRes:0]]
[2023.03.08-17.38.34:971][  0]LogConfig: Setting CVar [[r.SSGI.Quality:3]]
[2023.03.08-17.38.34:971][  0]LogConfig: Setting CVar [[r.EmitterSpawnRateScale:1.0]]
[2023.03.08-17.38.34:971][  0]LogConfig: Setting CVar [[r.ParticleLightQuality:2]]
[2023.03.08-17.38.34:971][  0]LogConfig: Setting CVar [[r.SkyAtmosphere.AerialPerspectiveLUT.FastApplyOnOpaque:1 ; Always have FastSkyLUT 1 in this case to avoid wrong sky]]
[2023.03.08-17.38.34:971][  0]LogConfig: Setting CVar [[r.SkyAtmosphere.AerialPerspectiveLUT.SampleCountMaxPerSlice:4]]
[2023.03.08-17.38.34:971][  0]LogConfig: Setting CVar [[r.SkyAtmosphere.AerialPerspectiveLUT.DepthResolution:16.0]]
[2023.03.08-17.38.34:971][  0]LogConfig: Setting CVar [[r.SkyAtmosphere.FastSkyLUT:1]]
[2023.03.08-17.38.34:971][  0]LogConfig: Setting CVar [[r.SkyAtmosphere.FastSkyLUT.SampleCountMin:4.0]]
[2023.03.08-17.38.34:971][  0]LogConfig: Setting CVar [[r.SkyAtmosphere.FastSkyLUT.SampleCountMax:128.0]]
[2023.03.08-17.38.34:971][  0]LogConfig: Setting CVar [[r.SkyAtmosphere.SampleCountMin:4.0]]
[2023.03.08-17.38.34:971][  0]LogConfig: Setting CVar [[r.SkyAtmosphere.SampleCountMax:128.0]]
[2023.03.08-17.38.34:971][  0]LogConfig: Setting CVar [[r.SkyAtmosphere.TransmittanceLUT.UseSmallFormat:0]]
[2023.03.08-17.38.34:971][  0]LogConfig: Setting CVar [[r.SkyAtmosphere.TransmittanceLUT.SampleCount:10.0]]
[2023.03.08-17.38.34:971][  0]LogConfig: Setting CVar [[r.SkyAtmosphere.MultiScatteringLUT.SampleCount:15.0]]
[2023.03.08-17.38.34:971][  0]LogConfig: Setting CVar [[r.SkyLight.RealTimeReflectionCapture:1]]
[2023.03.08-17.38.34:971][  0]LogConfig: Applying CVar settings from Section [FoliageQuality@3] File [C:/Users/emmyt/OneDrive/Documents/GitHub/-Journeyman-Twonic---Alpha-Team/Twonic/Saved/Config/Windows/Scalability.ini]
[2023.03.08-17.38.34:971][  0]LogConfig: Setting CVar [[foliage.DensityScale:1.0]]
[2023.03.08-17.38.34:971][  0]LogConfig: Setting CVar [[grass.DensityScale:1.0]]
[2023.03.08-17.38.34:971][  0]LogConfig: Applying CVar settings from Section [ShadingQuality@3] File [C:/Users/emmyt/OneDrive/Documents/GitHub/-Journeyman-Twonic---Alpha-Team/Twonic/Saved/Config/Windows/Scalability.ini]
[2023.03.08-17.38.34:971][  0]LogConfig: Setting CVar [[r.HairStrands.SkyLighting.IntegrationType:2]]
[2023.03.08-17.38.34:971][  0]LogConfig: Setting CVar [[r.HairStrands.SkyAO.SampleCount:4]]
[2023.03.08-17.38.34:971][  0]LogConfig: Setting CVar [[r.HairStrands.Visibility.MSAA.SamplePerPixel:4]]
[2023.03.08-17.38.34:971][  0]LogConfig: Applying CVar settings from Section [Startup] File [../../../Engine/Config/ConsoleVariables.ini]
[2023.03.08-17.38.34:971][  0]LogConfig: Setting CVar [[net.UseAdaptiveNetUpdateFrequency:0]]
[2023.03.08-17.38.34:971][  0]LogConfig: Setting CVar [[p.chaos.AllowCreatePhysxBodies:1]]
[2023.03.08-17.38.34:971][  0]LogConfig: Setting CVar [[fx.SkipVectorVMBackendOptimizations:1]]
[2023.03.08-17.38.34:971][  0]LogConfig: Applying CVar settings from Section [ConsoleVariables] File [C:/Users/emmyt/OneDrive/Documents/GitHub/-Journeyman-Twonic---Alpha-Team/Twonic/Saved/Config/Windows/Engine.ini]
[2023.03.08-17.38.34:971][  0]LogConfig: Applying CVar settings from Section [ConsoleVariables] File [C:/Users/emmyt/OneDrive/Documents/GitHub/-Journeyman-Twonic---Alpha-Team/Twonic/Saved/Config/Windows/Editor.ini]
[2023.03.08-17.38.34:971][  0]LogInit: Computer: LAPTOP-OVB59CM9
[2023.03.08-17.38.34:971][  0]LogInit: User: emmyt
[2023.03.08-17.38.34:971][  0]LogInit: CPU Page size=4096, Cores=4
[2023.03.08-17.38.34:971][  0]LogInit: High frequency timer resolution =10.000000 MHz
[2023.03.08-17.38.34:971][  0]LogMemory: Memory total: Physical=7.9GB (8GB approx)
[2023.03.08-17.38.34:971][  0]LogMemory: Platform Memory Stats for Windows
[2023.03.08-17.38.34:971][  0]LogMemory: Process Physical Memory: 140.92 MB used, 140.93 MB peak
[2023.03.08-17.38.34:971][  0]LogMemory: Process Virtual Memory: 120.02 MB used, 120.02 MB peak
[2023.03.08-17.38.34:971][  0]LogMemory: Physical Memory: 6282.35 MB used,  1789.88 MB free, 8072.23 MB total
[2023.03.08-17.38.34:971][  0]LogMemory: Virtual Memory: 134211136.00 MB used,  6592.17 MB free, 134217728.00 MB total
[2023.03.08-17.38.34:978][  0]LogWindows: WindowsPlatformFeatures enabled
[2023.03.08-17.38.35:021][  0]LogInit: Physics initialised using underlying interface: PhysX
[2023.03.08-17.38.35:021][  0]LogInit: Using OS detected language (en-GB).
[2023.03.08-17.38.35:021][  0]LogInit: Using OS detected locale (en-GB).
[2023.03.08-17.38.35:024][  0]LogTextLocalizationManager: No specific localization for 'en-GB' exists, so the 'en' localization will be used.
[2023.03.08-17.38.35:715][  0]LogTargetPlatformManager: Display: Loaded TargetPlatform 'AllDesktop'
[2023.03.08-17.38.35:737][  0]LogTargetPlatformManager: Display: Loaded TargetPlatform 'Android'
[2023.03.08-17.38.35:737][  0]LogTargetPlatformManager: Display: Loaded TargetPlatform 'Android_ASTC'
[2023.03.08-17.38.35:737][  0]LogTargetPlatformManager: Display: Loaded TargetPlatform 'Android_DXT'
[2023.03.08-17.38.35:737][  0]LogTargetPlatformManager: Display: Loaded TargetPlatform 'Android_ETC2'
[2023.03.08-17.38.35:737][  0]LogTargetPlatformManager: Display: Loaded TargetPlatform 'AndroidClient'
[2023.03.08-17.38.35:737][  0]LogTargetPlatformManager: Display: Loaded TargetPlatform 'Android_ASTCClient'
[2023.03.08-17.38.35:737][  0]LogTargetPlatformManager: Display: Loaded TargetPlatform 'Android_DXTClient'
[2023.03.08-17.38.35:737][  0]LogTargetPlatformManager: Display: Loaded TargetPlatform 'Android_ETC2Client'
[2023.03.08-17.38.35:737][  0]LogTargetPlatformManager: Display: Loaded TargetPlatform 'Android_Multi'
[2023.03.08-17.38.35:737][  0]LogTargetPlatformManager: Display: Loaded TargetPlatform 'Android_MultiClient'
[2023.03.08-17.38.35:755][  0]LogTargetPlatformManager: Display: Loaded TargetPlatform 'IOSClient'
[2023.03.08-17.38.35:755][  0]LogTargetPlatformManager: Display: Loaded TargetPlatform 'IOS'
[2023.03.08-17.38.35:765][  0]LogTargetPlatformManager: Display: Loaded TargetPlatform 'Linux'
[2023.03.08-17.38.35:770][  0]LogTargetPlatformManager: Display: Loaded TargetPlatform 'LinuxNoEditor'
[2023.03.08-17.38.35:776][  0]LogTargetPlatformManager: Display: Loaded TargetPlatform 'LinuxClient'
[2023.03.08-17.38.35:785][  0]LogTargetPlatformManager: Display: Loaded TargetPlatform 'LinuxServer'
[2023.03.08-17.38.35:798][  0]LogTargetPlatformManager: Display: Loaded TargetPlatform 'LinuxAArch64NoEditor'
[2023.03.08-17.38.35:802][  0]LogTargetPlatformManager: Display: Loaded TargetPlatform 'LinuxAArch64Client'
[2023.03.08-17.38.35:806][  0]LogTargetPlatformManager: Display: Loaded TargetPlatform 'LinuxAArch64Server'
[2023.03.08-17.38.35:836][  0]LogTargetPlatformManager: Display: Loaded TargetPlatform 'Lumin'
[2023.03.08-17.38.35:836][  0]LogTargetPlatformManager: Display: Loaded TargetPlatform 'LuminClient'
[2023.03.08-17.38.35:844][  0]LogTargetPlatformManager: Display: Loaded TargetPlatform 'MacNoEditor'
[2023.03.08-17.38.35:849][  0]LogTargetPlatformManager: Display: Loaded TargetPlatform 'Mac'
[2023.03.08-17.38.35:854][  0]LogTargetPlatformManager: Display: Loaded TargetPlatform 'MacClient'
[2023.03.08-17.38.35:858][  0]LogTargetPlatformManager: Display: Loaded TargetPlatform 'MacServer'
[2023.03.08-17.38.35:868][  0]LogTargetPlatformManager: Display: Loaded TargetPlatform 'TVOSClient'
[2023.03.08-17.38.35:868][  0]LogTargetPlatformManager: Display: Loaded TargetPlatform 'TVOS'
[2023.03.08-17.38.35:880][  0]LogTargetPlatformManager: Display: Loaded TargetPlatform 'WindowsNoEditor'
[2023.03.08-17.38.35:884][  0]LogTargetPlatformManager: Display: Loaded TargetPlatform 'Windows'
[2023.03.08-17.38.35:889][  0]LogTargetPlatformManager: Display: Loaded TargetPlatform 'WindowsClient'
[2023.03.08-17.38.35:894][  0]LogTargetPlatformManager: Display: Loaded TargetPlatform 'WindowsServer'
[2023.03.08-17.38.35:894][  0]LogTargetPlatformManager: Display: Building Assets For Windows
[2023.03.08-17.38.35:902][  0]LogAudioDebug: Display: Lib vorbis DLL was dynamically loaded.
[2023.03.08-17.38.35:933][  0]LogTextureFormatOodle: Display: Oodle Texture 2.9.0 init RDO Off
[2023.03.08-17.38.35:965][  0]LogRendererCore: Ray tracing is disabled. Reason: r.RayTracing=0.
[2023.03.08-17.38.35:965][  0]LogShaderCompilers: Guid format shader working directory is -34 characters bigger than the processId version (C:/Users/emmyt/OneDrive/Documents/GitHub/-Journeyman-Twonic---Alpha-Team/Twonic/Intermediate/Shaders/WorkingDirectory/20772/).
[2023.03.08-17.38.35:965][  0]LogShaderCompilers: Cleaned the shader compiler working directory 'C:/Users/emmyt/AppData/Local/Temp/UnrealShaderWorkingDir/73F8E7ED4C9AAF2154D9438A890877C7/'.
[2023.03.08-17.38.35:965][  0]LogXGEController: Cannot use XGE Controller as Incredibuild is not installed on this machine.
[2023.03.08-17.38.35:965][  0]LogShaderCompilers: Cannot use XGE Shader Compiler as Incredibuild is not installed on this machine.
[2023.03.08-17.38.35:965][  0]LogShaderCompilers: Display: Using Local Shader Compiler.
[2023.03.08-17.38.36:623][  0]LogDerivedDataCache: Display: Max Cache Size: 512 MB
[2023.03.08-17.38.36:703][  0]LogDerivedDataCache: Loaded boot cache 0.08s 94MB C:/Users/emmyt/AppData/Local/UnrealEngine/4.27/DerivedDataCache/Boot.ddc.
[2023.03.08-17.38.36:703][  0]LogDerivedDataCache: Display: Loaded Boot cache: C:/Users/emmyt/AppData/Local/UnrealEngine/4.27/DerivedDataCache/Boot.ddc
[2023.03.08-17.38.36:703][  0]LogDerivedDataCache: FDerivedDataBackendGraph:  Pak pak cache file C:/Users/emmyt/OneDrive/Documents/GitHub/-Journeyman-Twonic---Alpha-Team/Twonic/DerivedDataCache/DDC.ddp not found, will not use a pak cache.
[2023.03.08-17.38.36:703][  0]LogDerivedDataCache: Unable to find inner node Pak for hierarchical cache Hierarchy.
[2023.03.08-17.38.36:703][  0]LogDerivedDataCache: FDerivedDataBackendGraph:  CompressedPak pak cache file C:/Users/emmyt/OneDrive/Documents/GitHub/-Journeyman-Twonic---Alpha-Team/Twonic/DerivedDataCache/Compressed.ddp not found, will not use a pak cache.
[2023.03.08-17.38.36:703][  0]LogDerivedDataCache: Unable to find inner node CompressedPak for hierarchical cache Hierarchy.
[2023.03.08-17.38.36:719][  0]LogDerivedDataCache: Display: Pak cache opened for reading ../../../Engine/DerivedDataCache/Compressed.ddp.
[2023.03.08-17.38.36:719][  0]LogDerivedDataCache: FDerivedDataBackendGraph:  EnterprisePak pak cache file ../../../Enterprise/DerivedDataCache/Compressed.ddp not found, will not use a pak cache.
[2023.03.08-17.38.36:720][  0]LogDerivedDataCache: Unable to find inner node EnterprisePak for hierarchical cache Hierarchy.
[2023.03.08-17.38.36:731][  0]LogDerivedDataCache: Speed tests for C:/Users/emmyt/AppData/Local/UnrealEngine/Common/DerivedDataCache took 0.01 seconds
[2023.03.08-17.38.36:731][  0]LogDerivedDataCache: Display: Performance to C:/Users/emmyt/AppData/Local/UnrealEngine/Common/DerivedDataCache: Latency=0.04ms. RandomReadSpeed=896.17MBs, RandomWriteSpeed=99.52MBs. Assigned SpeedClass 'Local'
[2023.03.08-17.38.36:731][  0]LogDerivedDataCache: Using Local data cache path C:/Users/emmyt/AppData/Local/UnrealEngine/Common/DerivedDataCache: Writable
[2023.03.08-17.38.36:731][  0]LogDerivedDataCache: Shared data cache path not found in *engine.ini, will not use an Shared cache.
[2023.03.08-17.38.36:731][  0]LogDerivedDataCache: Unable to find inner node Shared for hierarchical cache Hierarchy.
[2023.03.08-17.38.36:739][  0]LogAssetRegistry: FAssetRegistry took 0.0022 seconds to start up
[2023.03.08-17.38.37:000][  0]LogInit: Selected Device Profile: [Windows]
[2023.03.08-17.38.37:000][  0]LogInit: Active device profile: [000001BE4353D000][000001BE3BA563C0 49] Windows
[2023.03.08-17.38.37:000][  0]LogInit: Profiles: [000001BE4353D000][000001BE3BA563C0 49] Windows, [000001BE43506C00][000001BE3D36C540 49] WindowsNoEditor, [000001BE4353E000][000001BE3D3706C0 49] WindowsServer, [000001BE43504900][000001BE3D374840 49] WindowsClient, [000001BE4353D200][000001BE3D3789C0 49] IOS, [000001BE43505700][000001BE3D37CB40 49] iPadAir, [000001BE4353F500][000001BE3EB70CC0 49] iPadAir2, [000001BE434AD300][000001BE3EB7EF80 49] IPadPro, [000001BE434AD400][000001BE3EB74FC0 49] iPadAir3, [000001BE43504B00][000001BE3EB89140 49] iPadAir4, [000001BE434AE100][000001BE3EB8D2C0 49] iPadMini2, [000001BE43507800][000001BE3EB91440 49] iPadMini3, [000001BE434AEC00][000001BE3EB955C0 49] iPadMini4, [000001BE43506500][000001BE3EB99740 49] iPadMini5, [000001BE434E0F00][000001BE3EB9D980 49] iPhone6, [000001BE434E1000][000001BE3BA5B9C0 49] iPodTouch6, [000001BE4353F800][000001BE3EBA5C00 49] iPhone7, [000001BE4353E900][000001BE3EBA00C0 49] iPodTouch7, [000001BE434ADB00][000001BE3EBAC240 49] iPhone5S, [000001BE4353D400][000001BE3EBB03C0 49] iPhone6Plus, [000001BE4353C700][000001BE3EBB4540 49] iPhone6S, [000001BE434E0900][000001BE3EBB86C0 49] iPhone6SPlus, [000001BE4353D500][000001BE3EBBC840 49] iPhone7Plus, [000001BE4353F100][000001BE3EBC09C0 49] iPhoneSE, [000001BE4353F700][000001BE3EBC4B40 49] iPhone8, [000001BE434E1700][000001BE3EBC8CC0 49] iPhone8Plus, [000001BE434AFB00][000001BE3EBCCE40 49] iPhoneX, [000001BE434E3F00][000001BE3EBD0FC0 49] iPhoneXS, [000001BE434AF200][000001BE3EBD5140 49] iPhoneXSMax, [000001BE434E3800][000001BE3EBD92C0 49] iPhoneXR, [000001BE434AD200][000001BE3EBDD440 49] iPhone11, [000001BE434E1F00][000001BE3EBE15C0 49] iPhone11Pro, [000001BE434AE500][000001BE3EBE5740 49] iPhone11ProMax, [000001BE434E3000][000001BE3EBE98C0 49] iPhoneSE2, [000001BE434AC100][000001BE3EBA9A00 49] iPhone12Mini, [000001BE434E2300][000001BE3EBEDB40 49] iPhone12, [000001BE434AFC00][000001BE3F672100 49] iPhone12Pro, [000001BE434E0500][000001BE3F676240 49] iPhone12ProMax, [000001BE434AD700][000001BE3F67E3C0 49] iPadPro105, [000001BE434E1300][000001BE3F682540 49] iPadPro129, [000001BE434AEF00][000001BE3F6866C0 49] iPadPro97, [000001BE434E1200][000001BE3F68A840 49] iPadPro2_129, [000001BE434AF500][000001BE3F68E9C0 49] iPad5, [000001BE434E0C00][000001BE3F692B40 49] iPad6, [000001BE434ADC00][000001BE3F696CC0 49] iPad7, [000001BE434E2500][000001BE3F69AE40 49] iPad8, [000001BE434AE600][000001BE3F69EFC0 49] iPadPro11, [000001BE434E0200][000001BE3F6A3140 49] iPadPro2_11, [000001BE434AD800][000001BE3F6A72C0 49] iPadPro3_129, [000001BE434E2600][000001BE3F6AB440 49] iPadPro4_129, [000001BE434AE700][000001BE3F6AF5C0 49] AppleTV, [000001BE434E2000][000001BE3F6B3740 49] AppleTV4K, [000001BE434AFF00][000001BE3F6B78C0 49] TVOS, [000001BE434E1600][000001BE3F6BBA40 49] Mac, [000001BE434AE300][000001BE3F6BFBC0 49] MacClient, [000001BE434E0400][000001BE3F67A180 49] MacNoEditor, [000001BE434AEE00][000001BE3F6C22C0 49] MacServer, [000001BE434E1B00][000001BE3F6C6400 49] Linux, [000001BE434AD900][000001BE3F6CE580 49] LinuxAArch64, [000001BE434E3E00][000001BE3F6D2700 49] LinuxNoEditor, [000001BE434ADF00][000001BE3F6D6880 49] LinuxAArch64NoEditor, [000001BE434E3C00][000001BE3F6DAA00 49] LinuxClient, [000001BE434AC400][000001BE3F6DEB80 49] LinuxAArch64Client, [000001BE434E2200][000001BE3F6E2D00 49] LinuxServer, [000001BE434AFD00][000001BE3F6E6E80 49] LinuxAArch64Server, [000001BE434E0A00][000001BE3F6EB000 49] Android, [000001BE434ADA00][000001BE3F6EF180 49] Android_Low, [000001BE434E3A00][000001BE3F6F3300 49] Android_Mid, [000001BE434AF300][000001BE3F6F7480 49] Android_High, [000001BE434E3900][000001BE3F6FB600 49] Android_Default, [000001BE434ADE00][000001BE3F6FF780 49] Android_Adreno4xx, [000001BE434E1500][000001BE3F703900 49] Android_Adreno5xx_Low, [000001BE434AEA00][000001BE3F707A80 49] Android_Adreno5xx, [000001BE434E3700][000001BE3F70BC00 49] Android_Adreno6xx, [000001BE434AF600][000001BE3F70E200 49] Android_Adreno6xx_Vulkan, [000001BE434E0B00][000001BE3F6CA340 49] Android_Mali_T6xx, [000001BE4353D800][000001BE3F712480 49] Android_Mali_T7xx, [000001BE43504F00][000001BE3F7165C0 49] Android_Mali_T8xx, [000001BE4353DB00][000001BE3F71E740 49] Android_Mali_G71, [000001BE43506F00][000001BE3F7228C0 49] Android_Mali_G72, [000001BE4353FA00][000001BE3F726A40 49] Android_Mali_G72_Vulkan, [000001BE43506100][000001BE3F72ABC0 49] Android_Mali_G76, [000001BE4353F400][000001BE3F72ED40 49] Android_Mali_G76_Vulkan, [000001BE43504400][000001BE3F732EC0 49] Android_Mali_G77, [000001BE4353F200][000001BE3F737040 49] Android_Mali_G77_Vulkan, [000001BE43504700][000001BE3F73B1C0 49] Android_Mali_G78, [000001BE4353F300][000001BE3F73F340 49] Android_Mali_G78_Vulkan, [000001BE43506200][000001BE3F7434C0 49] Android_Mali_G710, [000001BE4353FB00][000001BE3F747640 49] Android_Mali_G710_Vulkan, [000001BE43507900][000001BE3F74B7C0 49] Android_Vulkan_SM5, [000001BE4353DF00][000001BE3F74F940 49] Android_PowerVR_G6xxx, [000001BE43506D00][000001BE3F753AC0 49] Android_PowerVR_GT7xxx, [000001BE4353EC00][000001BE3F7560C0 49] Android_PowerVR_GE8xxx, [000001BE43507400][000001BE3F75A240 49] Android_PowerVR_GM9xxx, [000001BE4353D900][000001BE3F75E3C0 49] Android_PowerVR_GM9xxx_Vulkan, [000001BE43505300][000001BE3F71A500 49] Android_TegraK1, [000001BE4353C200][000001BE3F762640 49] Android_Unknown_Vulkan, [000001BE43507000][000001BE3F766780 49] Lumin, [000001BE4353CF00][000001BE3F76A8C0 49] Lumin_Desktop, [000001BE43504600][000001BE3F772A40 49] HoloLens, 
[2023.03.08-17.38.37:031][  0]LogMeshReduction: Using QuadricMeshReduction for automatic static mesh reduction
[2023.03.08-17.38.37:031][  0]LogMeshReduction: Using SimplygonMeshReduction for automatic skeletal mesh reduction
[2023.03.08-17.38.37:031][  0]LogMeshReduction: Using ProxyLODMeshReduction for automatic mesh merging
[2023.03.08-17.38.37:031][  0]LogMeshReduction: No distributed automatic mesh merging module available
[2023.03.08-17.38.37:031][  0]LogMeshMerging: No distributed automatic mesh merging module available
[2023.03.08-17.38.37:039][  0]LogNetVersion: Twonic 1.0.0, NetCL: 17155196, EngineNetVer: 17, GameNetVer: 0 (Checksum: 4023415434)
[2023.03.08-17.38.37:198][  0]LogHMD: PokeAHoleMaterial loaded successfully
[2023.03.08-17.38.37:285][  0]LogCollectionManager: Loaded 0 collections in 0.001486 seconds
[2023.03.08-17.38.37:288][  0]LogFileCache: Scanning file cache for directory 'C:/Users/emmyt/OneDrive/Documents/GitHub/-Journeyman-Twonic---Alpha-Team/Twonic/Saved/Collections/' took 0.00s
[2023.03.08-17.38.37:288][  0]LogFileCache: Scanning file cache for directory 'C:/Users/emmyt/OneDrive/Documents/GitHub/-Journeyman-Twonic---Alpha-Team/Twonic/Content/Developers/emmyt/Collections/' took 0.00s
[2023.03.08-17.38.37:288][  0]LogFileCache: Scanning file cache for directory 'C:/Users/emmyt/OneDrive/Documents/GitHub/-Journeyman-Twonic---Alpha-Team/Twonic/Content/Collections/' took 0.00s
[2023.03.08-17.38.37:288][  0]LogCollectionManager: Fixed up redirectors for 0 collections in 0.000003 seconds (updated 0 objects)
[2023.03.08-17.38.37:410][  0]LogNiagaraDebuggerClient: Niagara Debugger Client Initialized | Session: B9CF52BF4D17D74C87B41A89D28AB575 | Instance: 15D9D8494F4AF4E32DEA9F8A7C544C31 (LAPTOP-OVB59CM9-20772).
[2023.03.08-17.38.37:498][  0]LogPython: Using Python 3.7.7
[2023.03.08-17.38.38:226][  0]SourceControl: Source control is disabled
[2023.03.08-17.38.38:226][  0]SourceControl: Source control is disabled
[2023.03.08-17.38.38:229][  0]SourceControl: Source control is disabled
[2023.03.08-17.38.38:232][  0]SourceControl: Source control is disabled
[2023.03.08-17.38.38:237][  0]SourceControl: Source control is disabled
[2023.03.08-17.38.38:243][  0]LogUProjectInfo: Found projects:
[2023.03.08-17.38.38:448][  0]LogOpenImageDenoise: OIDN starting up
[2023.03.08-17.38.38:458][  0]LogAndroidPermission: UAndroidPermissionCallbackProxy::GetInstance
[2023.03.08-17.38.38:474][  0]LogAudioCaptureCore: Display: No Audio Capture implementations found. Audio input will be silent.
[2023.03.08-17.38.38:474][  0]LogAudioCaptureCore: Display: No Audio Capture implementations found. Audio input will be silent.
[2023.03.08-17.38.38:615][  0]LogOcInput: OculusInput pre-init called
[2023.03.08-17.38.38:646][  0]LogUObjectArray: 23049 objects as part of root set at end of initial load.
[2023.03.08-17.38.38:646][  0]LogUObjectAllocator: 6352640 out of 0 bytes used by permanent object pool.
[2023.03.08-17.38.38:646][  0]LogUObjectArray: CloseDisregardForGC: 0/0 objects in disregard for GC pool
[2023.03.08-17.38.38:685][  0]LogInit: Executing Class /Script/UnrealEd.GatherTextCommandlet
[2023.03.08-17.38.38:685][  0]LogInit: Initializing Editor Engine...
[2023.03.08-17.38.38:685][  0]LogEngine: Initializing Engine...
[2023.03.08-17.38.38:687][  0]LogStats: UGameplayTagsManager::InitializeManager -  0.000 s
[2023.03.08-17.38.38:792][  0]LogInit: Initializing FReadOnlyCVARCache
[2023.03.08-17.38.38:798][  0]LogAIModule: Creating AISystem for world Untitled
[2023.03.08-17.38.38:799][  0]LogNetVersion: Set ProjectVersion to 1.0.0.0. Version Checksum will be recalculated on next use.
[2023.03.08-17.38.38:979][  0]LogDerivedDataCache: Saved boot cache 0.18s 94MB C:/Users/emmyt/AppData/Local/UnrealEngine/4.27/DerivedDataCache/Boot.ddc.
[2023.03.08-17.38.38:980][  0]LogInit: Texture streaming: Disabled
[2023.03.08-17.38.39:025][  0]LogInit: Initializing Editor Engine Completed
[2023.03.08-17.38.39:175][  0]BlueprintLog: New page: Editor Load
[2023.03.08-17.38.39:249][  0]LogGatherTextCommandlet: Display: Beginning GatherText Commandlet for 'C:/Users/emmyt/OneDrive/Documents/GitHub/-Journeyman-Twonic---Alpha-Team/Twonic/Config/Localization/Game_Gather.ini'
[2023.03.08-17.38.39:249][  0]LogGatherTextCommandlet: Display: Executing GatherTextStep0: GatherTextFromAssetsCommandlet
[2023.03.08-17.38.39:250][  0]LogGatherTextFromAssetsCommandlet: Error: No include path filters in section GatherTextStep0.
[2023.03.08-17.38.39:250][  0]LogGatherTextFromAssetsCommandlet: Display: SkipGatherCache: false
[2023.03.08-17.38.39:250][  0]LogGatherTextFromAssetsCommandlet: Display: ReportStaleGatherCache: false
[2023.03.08-17.38.39:250][  0]LogGatherTextFromAssetsCommandlet: Display: FixStaleGatherCache: false
[2023.03.08-17.38.39:251][  0]LogGatherTextFromAssetsCommandlet: Display: FixMissingGatherCache: false
[2023.03.08-17.38.39:251][  0]LogGatherTextCommandlet: Error: GatherTextStep0-GatherTextFromAssetsCommandlet reported an error.
[2023.03.08-17.38.39:251][  0]LogCore: Engine exit requested (reason: Commandlet GatherTextCommandlet_0 finished execution (result -1))
[2023.03.08-17.38.39:251][  0]LogInit: Display: 
[2023.03.08-17.38.39:251][  0]LogInit: Display: Warning/Error Summary (Unique only)
[2023.03.08-17.38.39:252][  0]LogInit: Display: -----------------------------------
[2023.03.08-17.38.39:252][  0]LogInit: Display: LogGatherTextFromAssetsCommandlet: Error: No include path filters in section GatherTextStep0.
[2023.03.08-17.38.39:252][  0]LogInit: Display: LogGatherTextCommandlet: Error: GatherTextStep0-GatherTextFromAssetsCommandlet reported an error.
[2023.03.08-17.38.39:252][  0]LogInit: Display: 
[2023.03.08-17.38.39:252][  0]LogInit: Display: Commandlet->Main return this error code: -1
[2023.03.08-17.38.39:253][  0]LogInit: Display: With 2 error(s), 0 warning(s)
[2023.03.08-17.38.39:253][  0]LogInit: Display: 
Execution of commandlet took:  0.00 seconds
[2023.03.08-17.38.39:253][  0]LogCore: Engine exit requested (reason: EngineExit() was called; note: exit was already requested)
[2023.03.08-17.38.39:253][  0]LogExit: Preparing to exit.
[2023.03.08-17.38.39:260][  0]LogUObjectHash: Compacting FUObjectHashTables data took   0.77ms
[2023.03.08-17.38.39:309][  0]LogDemo: Cleaned up 0 splitscreen connections with owner deletion
[2023.03.08-17.38.39:311][  0]LogWorld: UWorld::CleanupWorld for None, bSessionEnded=true, bCleanupResources=true
[2023.03.08-17.38.39:311][  0]LogExit: Editor shut down
[2023.03.08-17.38.39:346][  0]LogExit: Object subsystem successfully closed.
[2023.03.08-17.38.39:354][  0]LogShaderCompilers: Display: === FShaderJobCache stats ===
[2023.03.08-17.38.39:354][  0]LogShaderCompilers: Display: Total job queries 0, among them cache hits 0 (0.00%)
[2023.03.08-17.38.39:354][  0]LogShaderCompilers: Display: Tracking 0 distinct input hashes that result in 0 distinct outputs (0.00%)
[2023.03.08-17.38.39:355][  0]LogShaderCompilers: Display: RAM used: 0.00 MB (0.00 GB) of 409.60 MB (0.40 GB) budget. Usage: 0.00%
[2023.03.08-17.38.39:355][  0]LogShaderCompilers: Display: ================================================
[2023.03.08-17.38.39:363][  0]LogShaderCompilers: Display: Shaders left to compile 0
[2023.03.08-17.38.39:372][  0]LogModuleManager: Shutting down and abandoning module SteamVREditor (710)
[2023.03.08-17.38.39:372][  0]LogModuleManager: Shutting down and abandoning module OculusMR (708)
[2023.03.08-17.38.39:372][  0]LogModuleManager: Shutting down and abandoning module TakeRecorderSources (706)
[2023.03.08-17.38.39:372][  0]LogModuleManager: Shutting down and abandoning module TakeRecorder (705)
[2023.03.08-17.38.39:372][  0]LogModuleManager: Shutting down and abandoning module TakeTrackRecorders (702)
[2023.03.08-17.38.39:372][  0]LogModuleManager: Shutting down and abandoning module TakesCore (700)
[2023.03.08-17.38.39:372][  0]LogModuleManager: Shutting down and abandoning module OpenXRInput (698)
[2023.03.08-17.38.39:372][  0]LogModuleManager: Shutting down and abandoning module GooglePADEditor (696)
[2023.03.08-17.38.39:372][  0]LogModuleManager: Shutting down and abandoning module AudioCaptureEditor (694)
[2023.03.08-17.38.39:372][  0]LogModuleManager: Shutting down and abandoning module TemplateSequenceEditor (692)
[2023.03.08-17.38.39:372][  0]LogModuleManager: Shutting down and abandoning module MatineeToLevelSequence (690)
[2023.03.08-17.38.39:372][  0]LogModuleManager: Shutting down and abandoning module LevelSequenceEditor (688)
[2023.03.08-17.38.39:373][  0]LogModuleManager: Shutting down and abandoning module ActorSequenceEditor (686)
[2023.03.08-17.38.39:373][  0]LogModuleManager: Shutting down and abandoning module Kismet (685)
[2023.03.08-17.38.39:373][  0]LogModuleManager: Shutting down and abandoning module KismetWidgets (684)
[2023.03.08-17.38.39:373][  0]LogModuleManager: Shutting down and abandoning module WmfMediaFactory (680)
[2023.03.08-17.38.39:373][  0]LogModuleManager: Shutting down and abandoning module WmfMediaEditor (678)
[2023.03.08-17.38.39:373][  0]LogModuleManager: Shutting down and abandoning module PlanarCut (676)
[2023.03.08-17.38.39:373][  0]LogModuleManager: Shutting down and abandoning module WebMMediaFactory (674)
[2023.03.08-17.38.39:373][  0]LogModuleManager: Shutting down and abandoning module WebMMediaEditor (672)
[2023.03.08-17.38.39:373][  0]LogModuleManager: Shutting down and abandoning module MediaPlayerEditor (670)
[2023.03.08-17.38.39:373][  0]LogModuleManager: Shutting down and abandoning module MediaCompositingEditor (668)
[2023.03.08-17.38.39:373][  0]LogModuleManager: Shutting down and abandoning module SequenceRecorder (667)
[2023.03.08-17.38.39:373][  0]LogModuleManager: Shutting down and abandoning module Persona (666)
[2023.03.08-17.38.39:373][  0]LogModuleManager: Shutting down and abandoning module AdvancedPreviewScene (665)
[2023.03.08-17.38.39:373][  0]LogModuleManager: Shutting down and abandoning module AnimGraph (663)
[2023.03.08-17.38.39:373][  0]LogModuleManager: Shutting down and abandoning module ImgMediaFactory (658)
[2023.03.08-17.38.39:373][  0]LogModuleManager: Shutting down and abandoning module ImgMediaEditor (656)
[2023.03.08-17.38.39:373][  0]LogModuleManager: Shutting down and abandoning module MagicLeapMediaEditor (654)
[2023.03.08-17.38.39:373][  0]LogModuleManager: Shutting down and abandoning module AvfMediaFactory (652)
[2023.03.08-17.38.39:373][  0]LogModuleManager: Shutting down and abandoning module AvfMediaEditor (650)
[2023.03.08-17.38.39:373][  0]LogModuleManager: Shutting down and abandoning module AndroidMediaFactory (648)
[2023.03.08-17.38.39:373][  0]LogModuleManager: Shutting down and abandoning module AndroidMediaEditor (646)
[2023.03.08-17.38.39:373][  0]LogModuleManager: Shutting down and abandoning module CharacterAI (644)
[2023.03.08-17.38.39:373][  0]LogModuleManager: Shutting down and abandoning module TextureAlignMode (642)
[2023.03.08-17.38.39:373][  0]LogModuleManager: Shutting down and abandoning module BspMode (640)
[2023.03.08-17.38.39:373][  0]LogModuleManager: Shutting down and abandoning module GeometryMode (638)
[2023.03.08-17.38.39:373][  0]LogModuleManager: Shutting down and abandoning module CameraShakePreviewer (636)
[2023.03.08-17.38.39:373][  0]LogModuleManager: Shutting down and abandoning module SmartSnapping (634)
[2023.03.08-17.38.39:373][  0]LogModuleManager: Shutting down and abandoning module SessionServices (632)
[2023.03.08-17.38.39:373][  0]LogModuleManager: Shutting down and abandoning module MeshPaint (630)
[2023.03.08-17.38.39:373][  0]LogModuleManager: Shutting down and abandoning module VirtualTexturingEditor (628)
[2023.03.08-17.38.39:373][  0]LogModuleManager: Shutting down and abandoning module FoliageEdit (626)
[2023.03.08-17.38.39:373][  0]LogModuleManager: Shutting down and abandoning module LandscapeEditor (624)
[2023.03.08-17.38.39:373][  0]LogModuleManager: Shutting down and abandoning module MeshPaintMode (622)
[2023.03.08-17.38.39:373][  0]LogModuleManager: Shutting down and abandoning module SceneDepthPickerMode (620)
[2023.03.08-17.38.39:373][  0]LogModuleManager: Shutting down and abandoning module ActorPickerMode (618)
[2023.03.08-17.38.39:373][  0]LogModuleManager: Shutting down and abandoning module PlacementMode (616)
[2023.03.08-17.38.39:373][  0]LogModuleManager: Shutting down and abandoning module LiveCoding (614)
[2023.03.08-17.38.39:374][  0]LogModuleManager: Shutting down and abandoning module LevelSequence (612)
[2023.03.08-17.38.39:374][  0]LogModuleManager: Shutting down and abandoning module MovieSceneTracks (610)
[2023.03.08-17.38.39:374][  0]LogModuleManager: Shutting down and abandoning module MovieScene (608)
[2023.03.08-17.38.39:374][  0]LogModuleManager: Shutting down and abandoning module StreamingPauseRendering (606)
[2023.03.08-17.38.39:374][  0]LogModuleManager: Shutting down and abandoning module ImageWriteQueue (604)
[2023.03.08-17.38.39:374][  0]LogModuleManager: Shutting down and abandoning module AIModule (602)
[2023.03.08-17.38.39:374][  0]LogModuleManager: Shutting down and abandoning module GameplayDebugger (601)
[2023.03.08-17.38.39:374][  0]LogModuleManager: Shutting down and abandoning module AITestSuite (599)
[2023.03.08-17.38.39:374][  0]LogModuleManager: Shutting down and abandoning module NavigationSystem (597)
[2023.03.08-17.38.39:374][  0]LogModuleManager: Shutting down and abandoning module AudioSynesthesiaEditor (594)
[2023.03.08-17.38.39:374][  0]LogModuleManager: Shutting down and abandoning module OculusEditor (592)
[2023.03.08-17.38.39:374][  0]LogModuleManager: Shutting down and abandoning module OculusInput (590)
[2023.03.08-17.38.39:374][  0]LogModuleManager: Shutting down and abandoning module ContentBrowserFileDataSource (588)
[2023.03.08-17.38.39:374][  0]LogModuleManager: Shutting down and abandoning module ContentBrowserClassDataSource (586)
[2023.03.08-17.38.39:374][  0]LogModuleManager: Shutting down and abandoning module ContentBrowserAssetDataSource (584)
[2023.03.08-17.38.39:374][  0]LogModuleManager: Shutting down and abandoning module ToolMenus (583)
[2023.03.08-17.38.39:374][  0]LogModuleManager: Shutting down and abandoning module SynthesisEditor (580)
[2023.03.08-17.38.39:374][  0]LogModuleManager: Shutting down and abandoning module Synthesis (578)
[2023.03.08-17.38.39:374][  0]LogModuleManager: Shutting down and abandoning module TakeSequencer (576)
[2023.03.08-17.38.39:374][  0]LogModuleManager: Shutting down and abandoning module TakeMovieScene (574)
[2023.03.08-17.38.39:374][  0]LogModuleManager: Shutting down and abandoning module ProceduralMeshComponentEditor (572)
[2023.03.08-17.38.39:374][  0]LogModuleManager: Shutting down and abandoning module ProceduralMeshComponent (570)
[2023.03.08-17.38.39:374][  0]LogModuleManager: Shutting down and abandoning module ScreenshotTools (568)
[2023.03.08-17.38.39:374][  0]LogModuleManager: Shutting down and abandoning module OpenXREditor (566)
[2023.03.08-17.38.39:374][  0]LogModuleManager: Shutting down and abandoning module MobilePatchingUtils (564)
[2023.03.08-17.38.39:374][  0]LogModuleManager: Shutting down and abandoning module GooglePAD (562)
[2023.03.08-17.38.39:374][  0]LogModuleManager: Shutting down and abandoning module EditableMesh (560)
[2023.03.08-17.38.39:374][  0]LogModuleManager: Shutting down and abandoning module CustomMeshComponent (558)
[2023.03.08-17.38.39:374][  0]LogModuleManager: Shutting down and abandoning module CableComponent (556)
[2023.03.08-17.38.39:374][  0]LogModuleManager: Shutting down and abandoning module AssetTags (554)
[2023.03.08-17.38.39:374][  0]LogModuleManager: Shutting down and abandoning module AudioCapture (552)
[2023.03.08-17.38.39:374][  0]LogModuleManager: Shutting down and abandoning module AudioCaptureRtAudio (551)
[2023.03.08-17.38.39:374][  0]LogModuleManager: Shutting down and abandoning module ArchVisCharacter (548)
[2023.03.08-17.38.39:374][  0]LogModuleManager: Shutting down and abandoning module AppleImageUtilsBlueprintSupport (546)
[2023.03.08-17.38.39:374][  0]LogModuleManager: Shutting down and abandoning module AppleImageUtils (544)
[2023.03.08-17.38.39:374][  0]LogModuleManager: Shutting down and abandoning module AndroidPermission (542)
[2023.03.08-17.38.39:374][  0]LogModuleManager: Shutting down and abandoning module ActorLayerUtilitiesEditor (540)
[2023.03.08-17.38.39:374][  0]LogModuleManager: Shutting down and abandoning module ActorLayerUtilities (538)
[2023.03.08-17.38.39:374][  0]LogModuleManager: Shutting down and abandoning module TemplateSequence (536)
[2023.03.08-17.38.39:374][  0]LogModuleManager: Shutting down and abandoning module OpenImageDenoise (534)
[2023.03.08-17.38.39:374][  0]LogOpenImageDenoise: OIDN shutting down
[2023.03.08-17.38.39:374][  0]LogModuleManager: Shutting down and abandoning module MotoSynthEditor (532)
[2023.03.08-17.38.39:374][  0]LogModuleManager: Shutting down and abandoning module MotoSynth (530)
[2023.03.08-17.38.39:374][  0]LogModuleManager: Shutting down and abandoning module MediaCompositing (528)
[2023.03.08-17.38.39:374][  0]LogModuleManager: Shutting down and abandoning module MagicLeapSharedWorld (526)
[2023.03.08-17.38.39:374][  0]LogModuleManager: Shutting down and abandoning module MeshConversion (524)
[2023.03.08-17.38.39:374][  0]LogModuleManager: Shutting down and abandoning module DynamicMesh (522)
[2023.03.08-17.38.39:374][  0]LogModuleManager: Shutting down and abandoning module GeometryAlgorithms (520)
[2023.03.08-17.38.39:374][  0]LogModuleManager: Shutting down and abandoning module GeometricObjects (518)
[2023.03.08-17.38.39:374][  0]LogModuleManager: Shutting down and abandoning module MagicLeapLightEstimation (516)
[2023.03.08-17.38.39:374][  0]LogModuleManager: Shutting down and abandoning module MagicLeapHelperVulkan (514)
[2023.03.08-17.38.39:374][  0]LogModuleManager: Shutting down and abandoning module MagicLeapHelperOpenGL (512)
[2023.03.08-17.38.39:374][  0]LogModuleManager: Shutting down and abandoning module MagicLeapAudio (510)
[2023.03.08-17.38.39:374][  0]LogModuleManager: Shutting down and abandoning module GeometryCollectionTracks (508)
[2023.03.08-17.38.39:374][  0]LogModuleManager: Shutting down and abandoning module GeometryCollectionSequencer (507)
[2023.03.08-17.38.39:374][  0]LogModuleManager: Shutting down and abandoning module GeometryCollectionEditor (504)
[2023.03.08-17.38.39:375][  0]LogModuleManager: Shutting down and abandoning module GeometryCacheTracks (502)
[2023.03.08-17.38.39:375][  0]LogModuleManager: Shutting down and abandoning module GeometryCacheStreamer (500)
[2023.03.08-17.38.39:375][  0]LogModuleManager: Shutting down and abandoning module GeometryCacheSequencer (498)
[2023.03.08-17.38.39:375][  0]LogModuleManager: Shutting down and abandoning module NiagaraEditorWidgets (496)
[2023.03.08-17.38.39:375][  0]LogModuleManager: Shutting down and abandoning module ChaosClothEditor (494)
[2023.03.08-17.38.39:375][  0]LogModuleManager: Shutting down and abandoning module ChaosNiagara (492)
[2023.03.08-17.38.39:375][  0]LogModuleManager: Shutting down and abandoning module ChaosSolverEditor (490)
[2023.03.08-17.38.39:375][  0]LogModuleManager: Shutting down and abandoning module FractureEditor (488)
[2023.03.08-17.38.39:375][  0]LogModuleManager: Shutting down and abandoning module FieldSystemEngine (487)
[2023.03.08-17.38.39:375][  0]LogModuleManager: Shutting down and abandoning module AutomationUtilsEditor (484)
[2023.03.08-17.38.39:375][  0]LogModuleManager: Shutting down and abandoning module AutomationUtils (482)
[2023.03.08-17.38.39:375][  0]LogModuleManager: Shutting down and abandoning module VariantManagerContentEditor (480)
[2023.03.08-17.38.39:375][  0]LogModuleManager: Shutting down and abandoning module AlembicImporter (478)
[2023.03.08-17.38.39:375][  0]LogModuleManager: Shutting down and abandoning module AlembicLibrary (477)
[2023.03.08-17.38.39:375][  0]LogModuleManager: Shutting down and abandoning module GeometryCache (476)
[2023.03.08-17.38.39:375][  0]LogModuleManager: Shutting down and abandoning module GeometryCacheEd (475)
[2023.03.08-17.38.39:375][  0]LogModuleManager: Shutting down and abandoning module DatasmithContentEditor (470)
[2023.03.08-17.38.39:375][  0]LogModuleManager: Shutting down and abandoning module OodleNetworkHandlerComponent (468)
[2023.03.08-17.38.39:375][  0]LogModuleManager: Shutting down and abandoning module SpeedTreeImporter (466)
[2023.03.08-17.38.39:375][  0]LogModuleManager: Shutting down and abandoning module PluginBrowser (464)
[2023.03.08-17.38.39:375][  0]LogModuleManager: Shutting down and abandoning module MobileLauncherProfileWizard (462)
[2023.03.08-17.38.39:375][  0]LogModuleManager: Shutting down and abandoning module MaterialAnalyzer (460)
[2023.03.08-17.38.39:375][  0]LogModuleManager: Shutting down and abandoning module CurveEditorTools (458)
[2023.03.08-17.38.39:375][  0]LogModuleManager: Shutting down and abandoning module CryptoKeysOpenSSL (456)
[2023.03.08-17.38.39:375][  0]LogModuleManager: Shutting down and abandoning module CryptoKeys (454)
[2023.03.08-17.38.39:375][  0]LogModuleManager: Shutting down and abandoning module VisualStudioSourceCodeAccess (452)
[2023.03.08-17.38.39:375][  0]LogModuleManager: Shutting down and abandoning module VisualStudioCodeSourceCodeAccess (450)
[2023.03.08-17.38.39:375][  0]LogModuleManager: Shutting down and abandoning module UObjectPlugin (448)
[2023.03.08-17.38.39:375][  0]LogModuleManager: Shutting down and abandoning module SubversionSourceControl (446)
[2023.03.08-17.38.39:375][  0]LogModuleManager: Shutting down and abandoning module PluginUtils (444)
[2023.03.08-17.38.39:375][  0]LogModuleManager: Shutting down and abandoning module PerforceSourceControl (442)
[2023.03.08-17.38.39:375][  0]LogModuleManager: Shutting down and abandoning module PlasticSourceControl (440)
[2023.03.08-17.38.39:375][  0]LogModuleManager: Shutting down and abandoning module GitSourceControl (438)
[2023.03.08-17.38.39:375][  0]LogModuleManager: Shutting down and abandoning module SourceControl (437)
[2023.03.08-17.38.39:375][  0]LogModuleManager: Shutting down and abandoning module AnimationSharingEd (434)
[2023.03.08-17.38.39:375][  0]LogModuleManager: Shutting down and abandoning module CLionSourceCodeAccess (432)
[2023.03.08-17.38.39:375][  0]LogModuleManager: Shutting down and abandoning module LightPropagationVolumeEditor (430)
[2023.03.08-17.38.39:375][  0]LogModuleManager: Shutting down and abandoning module LiveLinkSequencer (428)
[2023.03.08-17.38.39:375][  0]LogModuleManager: Shutting down and abandoning module LiveLinkMovieScene (426)
[2023.03.08-17.38.39:375][  0]LogModuleManager: Shutting down and abandoning module LiveLinkGraphNode (424)
[2023.03.08-17.38.39:375][  0]LogModuleManager: Shutting down and abandoning module LiveLinkEditor (422)
[2023.03.08-17.38.39:375][  0]LogModuleManager: Shutting down and abandoning module LiveLinkComponents (420)
[2023.03.08-17.38.39:375][  0]LogModuleManager: Shutting down and abandoning module LiveLink (418)
[2023.03.08-17.38.40:167][  0]LogModuleManager: Shutting down and abandoning module PaperTiledImporter (416)
[2023.03.08-17.38.40:167][  0]LogModuleManager: Shutting down and abandoning module PaperSpriteSheetImporter (414)
[2023.03.08-17.38.40:167][  0]LogModuleManager: Shutting down and abandoning module Paper2DEditor (412)
[2023.03.08-17.38.40:167][  0]LogModuleManager: Shutting down and abandoning module MeshPaintingToolset (410)
[2023.03.08-17.38.40:167][  0]LogModuleManager: Shutting down and abandoning module MeshPaintEditorMode (408)
[2023.03.08-17.38.40:167][  0]LogModuleManager: Shutting down and abandoning module SoundFields (406)
[2023.03.08-17.38.40:167][  0]LogModuleManager: Shutting down and abandoning module SignificanceManager (404)
[2023.03.08-17.38.40:168][  0]LogModuleManager: Shutting down and abandoning module RuntimePhysXCooking (402)
[2023.03.08-17.38.40:168][  0]LogModuleManager: Shutting down and abandoning module PropertyAccessEditor (400)
[2023.03.08-17.38.40:168][  0]LogModuleManager: Shutting down and abandoning module PhysXVehiclesEditor (398)
[2023.03.08-17.38.40:168][  0]LogModuleManager: Shutting down and abandoning module LocationServicesBPLibrary (394)
[2023.03.08-17.38.40:168][  0]LogModuleManager: Shutting down and abandoning module AudioSynesthesia (392)
[2023.03.08-17.38.40:168][  0]LogModuleManager: Shutting down and abandoning module AudioSynesthesiaCore (390)
[2023.03.08-17.38.40:168][  0]LogModuleManager: Shutting down and abandoning module UdpMessaging (388)
[2023.03.08-17.38.40:168][  0]LogModuleManager: Shutting down and abandoning module ActorSequence (386)
[2023.03.08-17.38.40:168][  0]LogModuleManager: Shutting down and abandoning module TcpMessaging (384)
[2023.03.08-17.38.40:168][  0]LogModuleManager: Shutting down and abandoning module PythonScriptPlugin (382)
[2023.03.08-17.38.40:168][  0]LogModuleManager: Shutting down and abandoning module MagicLeapARPin (380)
[2023.03.08-17.38.40:168][  0]LogModuleManager: Shutting down and abandoning module MagicLeapHandMeshing (378)
[2023.03.08-17.38.40:168][  0]LogModuleManager: Shutting down and abandoning module MagicLeapSecureStorage (376)
[2023.03.08-17.38.40:168][  0]LogModuleManager: Shutting down and abandoning module MagicLeapPrivileges (374)
[2023.03.08-17.38.40:168][  0]LogModuleManager: Shutting down and abandoning module MagicLeapPlanes (372)
[2023.03.08-17.38.40:168][  0]LogMagicLeapPlanes: Planes tracker already destroyed.
[2023.03.08-17.38.40:168][  0]LogModuleManager: Shutting down and abandoning module MagicLeapImageTracker (370)
[2023.03.08-17.38.40:168][  0]LogModuleManager: Shutting down and abandoning module MagicLeapIdentity (368)
[2023.03.08-17.38.40:168][  0]LogModuleManager: Shutting down and abandoning module MagicLeapHandTracking (366)
[2023.03.08-17.38.40:168][  0]LogModuleManager: Shutting down and abandoning module MagicLeapEyeTracker (364)
[2023.03.08-17.38.40:168][  0]LogModuleManager: Shutting down and abandoning module MagicLeapController (362)
[2023.03.08-17.38.40:168][  0]LogModuleManager: Shutting down and abandoning module MagicLeapARPinImpl (360)
[2023.03.08-17.38.40:168][  0]LogModuleManager: Shutting down and abandoning module MagicLeapAR (358)
[2023.03.08-17.38.40:168][  0]LogModuleManager: Shutting down and abandoning module NiagaraAnimNotifies (356)
[2023.03.08-17.38.40:168][  0]LogModuleManager: Shutting down and abandoning module Niagara (354)
[2023.03.08-17.38.40:168][  0]LogModuleManager: Shutting down and abandoning module SignalProcessing (353)
[2023.03.08-17.38.40:168][  0]LogModuleManager: Shutting down and abandoning module NiagaraEditor (351)
[2023.03.08-17.38.40:168][  0]LogModuleManager: Shutting down and abandoning module NiagaraCore (348)
[2023.03.08-17.38.40:168][  0]LogModuleManager: Shutting down and abandoning module FacialAnimationEditor (346)
[2023.03.08-17.38.40:168][  0]LogModuleManager: Shutting down and abandoning module FacialAnimation (344)
[2023.03.08-17.38.40:168][  0]LogModuleManager: Shutting down and abandoning module GameplayTagsEditor (342)
[2023.03.08-17.38.40:168][  0]LogModuleManager: Shutting down and abandoning module DataValidation (340)
[2023.03.08-17.38.40:168][  0]LogModuleManager: Shutting down and abandoning module AssetManagerEditor (338)
[2023.03.08-17.38.40:168][  0]LogModuleManager: Shutting down and abandoning module TreeMap (337)
[2023.03.08-17.38.40:168][  0]LogModuleManager: Shutting down and abandoning module PropertyAccessNode (334)
[2023.03.08-17.38.40:168][  0]LogModuleManager: Shutting down and abandoning module AnimationSharing (332)
[2023.03.08-17.38.40:169][  0]LogModuleManager: Shutting down and abandoning module GameplayCameras (330)
[2023.03.08-17.38.40:169][  0]LogModuleManager: Shutting down and abandoning module LightPropagationVolumeRuntime (328)
[2023.03.08-17.38.40:169][  0]LogModuleManager: Shutting down and abandoning module EnvironmentQueryEditor (326)
[2023.03.08-17.38.40:169][  0]LogModuleManager: Shutting down and abandoning module Paper2D (324)
[2023.03.08-17.38.40:169][  0]LogModuleManager: Shutting down and abandoning module NetworkReplayStreaming (322)
[2023.03.08-17.38.40:169][  0]LogModuleManager: Shutting down and abandoning module PacketHandler (320)
[2023.03.08-17.38.40:169][  0]LogModuleManager: Shutting down and abandoning module ClothingSystemEditor (318)
[2023.03.08-17.38.40:169][  0]LogModuleManager: Shutting down and abandoning module ClothingSystemRuntimeNv (316)
[2023.03.08-17.38.40:169][  0]LogModuleManager: Shutting down and abandoning module MediaAssets (314)
[2023.03.08-17.38.40:169][  0]LogModuleManager: Shutting down and abandoning module Overlay (312)
[2023.03.08-17.38.40:169][  0]LogModuleManager: Shutting down and abandoning module OverlayEditor (311)
[2023.03.08-17.38.40:169][  0]LogModuleManager: Shutting down and abandoning module Blutility (308)
[2023.03.08-17.38.40:169][  0]LogModuleManager: Shutting down and abandoning module LevelEditor (307)
[2023.03.08-17.38.40:169][  0]LogModuleManager: Shutting down and abandoning module PixelInspectorModule (306)
[2023.03.08-17.38.40:169][  0]LogModuleManager: Shutting down and abandoning module CommonMenuExtensions (304)
[2023.03.08-17.38.40:169][  0]LogModuleManager: Shutting down and abandoning module MainFrame (302)
[2023.03.08-17.38.40:169][  0]LogModuleManager: Shutting down and abandoning module HotReload (301)
[2023.03.08-17.38.40:170][  0]LogModuleManager: Shutting down and abandoning module ContentBrowser (297)
[2023.03.08-17.38.40:170][  0]LogModuleManager: Shutting down and abandoning module CollectionManager (296)
[2023.03.08-17.38.40:170][  0]LogModuleManager: Shutting down and abandoning module ContentBrowserData (294)
[2023.03.08-17.38.40:170][  0]LogModuleManager: Shutting down and abandoning module IntroTutorials (290)
[2023.03.08-17.38.40:170][  0]LogModuleManager: Shutting down and abandoning module VREditor (288)
[2023.03.08-17.38.40:170][  0]LogModuleManager: Shutting down and abandoning module StringTableEditor (286)
[2023.03.08-17.38.40:170][  0]LogModuleManager: Shutting down and abandoning module GameplayTasksEditor (284)
[2023.03.08-17.38.40:170][  0]LogModuleManager: Shutting down and abandoning module BehaviorTreeEditor (282)
[2023.03.08-17.38.40:170][  0]LogModuleManager: Shutting down and abandoning module FunctionalTesting (280)
[2023.03.08-17.38.40:170][  0]LogModuleManager: Shutting down and abandoning module CollisionAnalyzer (278)
[2023.03.08-17.38.40:170][  0]LogModuleManager: Shutting down and abandoning module WorkspaceMenuStructure (277)
[2023.03.08-17.38.40:170][  0]LogModuleManager: Shutting down and abandoning module UMG (274)
[2023.03.08-17.38.40:170][  0]LogModuleManager: Shutting down and abandoning module UMGEditor (273)
[2023.03.08-17.38.40:170][  0]LogModuleManager: Shutting down and abandoning module MessageLog (271)
[2023.03.08-17.38.40:170][  0]LogModuleManager: Shutting down and abandoning module SlateReflector (266)
[2023.03.08-17.38.40:170][  0]LogModuleManager: Shutting down and abandoning module Slate (264)
[2023.03.08-17.38.40:170][  0]LogModuleManager: Shutting down and abandoning module SlateCore (262)
[2023.03.08-17.38.40:171][  0]LogModuleManager: Shutting down and abandoning module LandscapeEditorUtilities (260)
[2023.03.08-17.38.40:171][  0]LogModuleManager: Shutting down and abandoning module UnrealEd (258)
[2023.03.08-17.38.40:171][  0]LogModuleManager: Shutting down and abandoning module MRMesh (256)
[2023.03.08-17.38.40:171][  0]LogModuleManager: Shutting down and abandoning module SourceCodeAccess (254)
[2023.03.08-17.38.40:171][  0]LogModuleManager: Shutting down and abandoning module HeadMountedDisplay (252)
[2023.03.08-17.38.40:171][  0]LogModuleManager: Shutting down and abandoning module XAudio2 (250)
[2023.03.08-17.38.40:171][  0]LogModuleManager: Shutting down and abandoning module Networking (248)
[2023.03.08-17.38.40:171][  0]LogModuleManager: Shutting down and abandoning module Core (246)
[2023.03.08-17.38.40:171][  0]LogModuleManager: Shutting down and abandoning module MaterialEditor (244)
[2023.03.08-17.38.40:171][  0]LogModuleManager: Shutting down and abandoning module Settings (243)
[2023.03.08-17.38.40:171][  0]LogModuleManager: Shutting down and abandoning module MovieSceneTools (240)
[2023.03.08-17.38.40:171][  0]LogModuleManager: Shutting down and abandoning module CurveEditor (239)
[2023.03.08-17.38.40:171][  0]LogModuleManager: Shutting down and abandoning module Sequencer (237)
[2023.03.08-17.38.40:172][  0]LogModuleManager: Shutting down and abandoning module EditorStyle (236)
[2023.03.08-17.38.40:173][  0]LogModuleManager: Shutting down and abandoning module KismetCompiler (232)
[2023.03.08-17.38.40:173][  0]LogModuleManager: Shutting down and abandoning module MeshBuilder (230)
[2023.03.08-17.38.40:173][  0]LogModuleManager: Shutting down and abandoning module MeshUtilities (228)
[2023.03.08-17.38.40:173][  0]LogModuleManager: Shutting down and abandoning module MeshMergeUtilities (227)
[2023.03.08-17.38.40:174][  0]LogModuleManager: Shutting down and abandoning module MeshReductionInterface (226)
[2023.03.08-17.38.40:174][  0]LogModuleManager: Shutting down and abandoning module MeshBoneReduction (225)
[2023.03.08-17.38.40:174][  0]LogModuleManager: Shutting down and abandoning module SkeletalMeshReduction (223)
[2023.03.08-17.38.40:174][  0]LogModuleManager: Shutting down and abandoning module ProxyLODMeshReduction (221)
[2023.03.08-17.38.40:174][  0]LogModuleManager: Shutting down and abandoning module QuadricMeshReduction (219)
[2023.03.08-17.38.40:174][  0]LogModuleManager: Shutting down and abandoning module MaterialBaking (215)
[2023.03.08-17.38.40:174][  0]LogModuleManager: Shutting down and abandoning module DirectoryWatcher (211)
[2023.03.08-17.38.40:174][  0]LogModuleManager: Shutting down and abandoning module NullInstallBundleManager (208)
[2023.03.08-17.38.40:174][  0]LogModuleManager: Shutting down and abandoning module DerivedDataCache (206)
[2023.03.08-17.38.40:174][  0]LogModuleManager: Shutting down and abandoning module TargetPlatform (204)
[2023.03.08-17.38.40:174][  0]LogModuleManager: Shutting down and abandoning module VulkanShaderFormat (203)
[2023.03.08-17.38.40:174][  0]LogModuleManager: Shutting down and abandoning module ShaderFormatVectorVM (201)
[2023.03.08-17.38.40:174][  0]LogModuleManager: Shutting down and abandoning module ShaderFormatOpenGL (199)
[2023.03.08-17.38.40:174][  0]LogModuleManager: Shutting down and abandoning module ShaderFormatD3D (197)
[2023.03.08-17.38.40:174][  0]LogModuleManager: Shutting down and abandoning module MetalShaderFormat (195)
[2023.03.08-17.38.40:174][  0]LogModuleManager: Shutting down and abandoning module TextureFormatOodle (193)
[2023.03.08-17.38.40:174][  0]LogModuleManager: Shutting down and abandoning module TextureFormatUncompressed (191)
[2023.03.08-17.38.40:174][  0]LogModuleManager: Shutting down and abandoning module TextureFormatPVR (189)
[2023.03.08-17.38.40:174][  0]LogModuleManager: Shutting down and abandoning module TextureFormatETC2 (187)
[2023.03.08-17.38.40:174][  0]LogModuleManager: Shutting down and abandoning module TextureFormatDXT (185)
[2023.03.08-17.38.40:174][  0]LogModuleManager: Shutting down and abandoning module TextureFormatIntelISPCTexComp (183)
[2023.03.08-17.38.40:174][  0]LogModuleManager: Shutting down and abandoning module TextureFormatASTC (181)
[2023.03.08-17.38.40:174][  0]LogModuleManager: Shutting down and abandoning module ImageWrapper (180)
[2023.03.08-17.38.40:174][  0]LogModuleManager: Shutting down and abandoning module AudioFormatOpus (177)
[2023.03.08-17.38.40:174][  0]LogModuleManager: Shutting down and abandoning module AudioFormatOgg (175)
[2023.03.08-17.38.40:175][  0]LogModuleManager: Shutting down and abandoning module AudioFormatADPCM (173)
[2023.03.08-17.38.40:175][  0]LogModuleManager: Shutting down and abandoning module WindowsServerTargetPlatform (171)
[2023.03.08-17.38.40:175][  0]LogModuleManager: Shutting down and abandoning module WindowsClientTargetPlatform (169)
[2023.03.08-17.38.40:175][  0]LogModuleManager: Shutting down and abandoning module WindowsTargetPlatform (167)
[2023.03.08-17.38.40:175][  0]LogModuleManager: Shutting down and abandoning module WindowsNoEditorTargetPlatform (165)
[2023.03.08-17.38.40:175][  0]LogModuleManager: Shutting down and abandoning module TVOSTargetPlatform (163)
[2023.03.08-17.38.40:175][  0]LogModuleManager: Shutting down and abandoning module MacServerTargetPlatform (161)
[2023.03.08-17.38.40:175][  0]LogModuleManager: Shutting down and abandoning module MacClientTargetPlatform (159)
[2023.03.08-17.38.40:175][  0]LogModuleManager: Shutting down and abandoning module MacTargetPlatform (157)
[2023.03.08-17.38.40:175][  0]LogModuleManager: Shutting down and abandoning module MacNoEditorTargetPlatform (155)
[2023.03.08-17.38.40:175][  0]LogModuleManager: Shutting down and abandoning module LuminTargetPlatform (153)
[2023.03.08-17.38.40:176][  0]LogModuleManager: Shutting down and abandoning module LinuxAArch64ServerTargetPlatform (151)
[2023.03.08-17.38.40:176][  0]LogModuleManager: Shutting down and abandoning module LinuxAArch64ClientTargetPlatform (149)
[2023.03.08-17.38.40:176][  0]LogModuleManager: Shutting down and abandoning module LinuxAArch64NoEditorTargetPlatform (147)
[2023.03.08-17.38.40:176][  0]LogModuleManager: Shutting down and abandoning module LinuxServerTargetPlatform (145)
[2023.03.08-17.38.40:176][  0]LogModuleManager: Shutting down and abandoning module LinuxClientTargetPlatform (143)
[2023.03.08-17.38.40:176][  0]LogModuleManager: Shutting down and abandoning module LinuxNoEditorTargetPlatform (141)
[2023.03.08-17.38.40:176][  0]LogModuleManager: Shutting down and abandoning module LinuxTargetPlatform (139)
[2023.03.08-17.38.40:176][  0]LogModuleManager: Shutting down and abandoning module Messaging (137)
[2023.03.08-17.38.40:176][  0]LogModuleManager: Shutting down and abandoning module IOSTargetPlatform (135)
[2023.03.08-17.38.40:176][  0]LogModuleManager: Shutting down and abandoning module AndroidTargetPlatform (133)
[2023.03.08-17.38.40:180][  0]LogModuleManager: Shutting down and abandoning module AllDesktopTargetPlatform (131)
[2023.03.08-17.38.40:180][  0]LogModuleManager: Shutting down and abandoning module NullDrv (128)
[2023.03.08-17.38.40:180][  0]LogModuleManager: Shutting down and abandoning module PhysXCooking (126)
[2023.03.08-17.38.40:180][  0]LogModuleManager: Shutting down and abandoning module Chaos (124)
[2023.03.08-17.38.40:180][  0]LogModuleManager: Shutting down and abandoning module WindowsPlatformFeatures (122)
[2023.03.08-17.38.40:180][  0]LogModuleManager: Shutting down and abandoning module GameplayMediaEncoder (121)
[2023.03.08-17.38.40:180][  0]LogModuleManager: Shutting down and abandoning module AVEncoder (120)
[2023.03.08-17.38.40:180][  0]LogModuleManager: Shutting down and abandoning module ExampleDeviceProfileSelector (116)
[2023.03.08-17.38.40:180][  0]LogModuleManager: Shutting down and abandoning module SteamVRInputDevice (114)
[2023.03.08-17.38.40:180][  0]LogModuleManager: Shutting down and abandoning module SteamVRInput (112)
[2023.03.08-17.38.40:180][  0]LogModuleManager: Shutting down and abandoning module SteamVR (110)
[2023.03.08-17.38.40:180][  0]LogHMD: Freeing OpenVRDLLHandle.
[2023.03.08-17.38.40:180][  0]LogModuleManager: Shutting down and abandoning module OculusHMD (108)
[2023.03.08-17.38.40:180][  0]LogModuleManager: Shutting down and abandoning module OpenXRHandTracking (106)
[2023.03.08-17.38.40:180][  0]LogModuleManager: Shutting down and abandoning module OpenXREyeTracker (104)
[2023.03.08-17.38.40:180][  0]LogModuleManager: Shutting down and abandoning module OpenXRAR (102)
[2023.03.08-17.38.40:180][  0]LogModuleManager: Shutting down and abandoning module AugmentedReality (101)
[2023.03.08-17.38.40:180][  0]LogModuleManager: Shutting down and abandoning module OpenXRHMD (98)
[2023.03.08-17.38.40:180][  0]LogModuleManager: Shutting down and abandoning module ChunkDownloader (96)
[2023.03.08-17.38.40:180][  0]LogModuleManager: Shutting down and abandoning module LauncherChunkInstaller (94)
[2023.03.08-17.38.40:180][  0]LogModuleManager: Shutting down and abandoning module OnlineBlueprintSupport (92)
[2023.03.08-17.38.40:180][  0]LogModuleManager: Shutting down and abandoning module OnlineSubsystem (88)
[2023.03.08-17.38.40:181][  0]LogModuleManager: Shutting down and abandoning module XMPP (83)
[2023.03.08-17.38.40:181][  0]LogModuleManager: Shutting down and abandoning module WebSockets (82)
[2023.03.08-17.38.40:186][  0]LogModuleManager: Shutting down and abandoning module HTTP (79)
[2023.03.08-17.38.40:186][  0]LogHttp: Display: cleaning up 0 outstanding Http requests.
[2023.03.08-17.38.40:204][  0]LogModuleManager: Shutting down and abandoning module SSL (78)
[2023.03.08-17.38.40:205][  0]LogModuleManager: Shutting down and abandoning module WmfMedia (74)
[2023.03.08-17.38.40:206][  0]LogModuleManager: Shutting down and abandoning module Media (73)
[2023.03.08-17.38.40:207][  0]LogModuleManager: Shutting down and abandoning module MediaInfo (72)
[2023.03.08-17.38.40:207][  0]LogModuleManager: Shutting down and abandoning module ExrReaderGpu (68)
[2023.03.08-17.38.40:207][  0]LogModuleManager: Shutting down and abandoning module MLSDK (66)
[2023.03.08-17.38.40:207][  0]LogModuleManager: Shutting down and abandoning module MagicLeap (64)
[2023.03.08-17.38.40:207][  0]LogModuleManager: Shutting down and abandoning module NiagaraVertexFactories (62)
[2023.03.08-17.38.40:207][  0]LogModuleManager: Shutting down and abandoning module NiagaraShader (60)
[2023.03.08-17.38.40:207][  0]LogModuleManager: Shutting down and abandoning module ChaosCloth (58)
[2023.03.08-17.38.40:207][  0]LogModuleManager: Shutting down and abandoning module VariantManagerContent (56)
[2023.03.08-17.38.40:207][  0]LogModuleManager: Shutting down and abandoning module DatasmithContent (54)
[2023.03.08-17.38.40:208][  0]LogModuleManager: Shutting down and abandoning module PixWinPlugin (52)
[2023.03.08-17.38.40:208][  0]LogModuleManager: Shutting down and abandoning module AISupportModule (50)
[2023.03.08-17.38.40:208][  0]LogModuleManager: Shutting down and abandoning module DesktopPlatform (48)
[2023.03.08-17.38.40:208][  0]LogModuleManager: Shutting down and abandoning module PythonScriptPluginPreload (46)
[2023.03.08-17.38.40:208][  0]LogModuleManager: Shutting down and abandoning module PlatformCryptoOpenSSL (44)
[2023.03.08-17.38.40:208][  0]LogModuleManager: Shutting down and abandoning module PlatformCryptoTypes (42)
[2023.03.08-17.38.40:208][  0]LogModuleManager: Shutting down and abandoning module PlatformCrypto (40)
[2023.03.08-17.38.40:208][  0]LogModuleManager: Shutting down and abandoning module OodleDataCompressionFormat (38)
[2023.03.08-17.38.40:208][  0]LogModuleManager: Shutting down and abandoning module XGEController (36)
[2023.03.08-17.38.40:208][  0]LogModuleManager: Shutting down and abandoning module AnimationModifiers (34)
[2023.03.08-17.38.40:208][  0]LogModuleManager: Shutting down and abandoning module AudioEditor (32)
[2023.03.08-17.38.40:208][  0]LogModuleManager: Shutting down and abandoning module PropertyEditor (31)
[2023.03.08-17.38.40:208][  0]LogModuleManager: Shutting down and abandoning module TextureCompressor (28)
[2023.03.08-17.38.40:208][  0]LogModuleManager: Shutting down and abandoning module RenderCore (26)
[2023.03.08-17.38.40:208][  0]LogModuleManager: Shutting down and abandoning module Landscape (24)
[2023.03.08-17.38.40:208][  0]LogModuleManager: Shutting down and abandoning module SlateRHIRenderer (22)
[2023.03.08-17.38.40:208][  0]LogModuleManager: Shutting down and abandoning module AnimGraphRuntime (20)
[2023.03.08-17.38.40:208][  0]LogModuleManager: Shutting down and abandoning module Renderer (18)
[2023.03.08-17.38.40:208][  0]LogModuleManager: Shutting down and abandoning module Engine (16)
[2023.03.08-17.38.40:208][  0]LogModuleManager: Shutting down and abandoning module CoreUObject (14)
[2023.03.08-17.38.40:208][  0]LogModuleManager: Shutting down and abandoning module NetworkFile (12)
[2023.03.08-17.38.40:208][  0]LogModuleManager: Shutting down and abandoning module CookedIterativeFile (10)
[2023.03.08-17.38.40:208][  0]LogModuleManager: Shutting down and abandoning module StreamingFile (8)
[2023.03.08-17.38.40:208][  0]LogModuleManager: Shutting down and abandoning module SandboxFile (6)
[2023.03.08-17.38.40:208][  0]LogModuleManager: Shutting down and abandoning module PakFile (4)
[2023.03.08-17.38.40:208][  0]LogModuleManager: Shutting down and abandoning module RSA (3)
[2023.03.08-17.38.40:543][  0]LogContentStreaming: Display: There are 1 unreleased StreamingManagers
[2023.03.08-17.38.40:550][  0]LogExit: Exiting.
[2023.03.08-17.38.40:564][  0]Log file closed, 03/08/23 17:38:40
