Log file open, 03/10/23 16:48:15
LogWindows: Failed to load 'aqProf.dll' (GetLastError=126)
LogWindows: File 'aqProf.dll' does not exist
LogWindows: Failed to load 'VtuneApi.dll' (GetLastError=126)
LogWindows: File 'VtuneApi.dll' does not exist
LogWindows: Failed to load 'VtuneApi32e.dll' (GetLastError=126)
LogWindows: File 'VtuneApi32e.dll' does not exist
LogConsoleResponse: Display: Failed to find resolution value strings in scalability ini. Falling back to default.
LogConsoleResponse: Display: Failed to find resolution value strings in scalability ini. Falling back to default.
LogInit: Display: Running engine for game: Twonic
LogPlatformFile: Not using cached read wrapper
LogTaskGraph: Started task graph with 5 named threads and 47 total threads with 3 sets of task threads.
LogStats: Stats thread started at 0.253055
LogICUInternationalization: ICU TimeZone Detection - Raw Offset: +0:00, Platform Override: ''
LogInit: Display: Loading text-based GConfig....
LogPluginManager: Mounting plugin MeshPainting
LogPluginManager: Mounting plugin XGEController
LogPluginManager: Mounting plugin LiveLink
LogPluginManager: Mounting plugin Paper2D
LogPluginManager: Mounting plugin EnvironmentQueryEditor
LogPluginManager: Mounting plugin AISupport
LogPluginManager: Mounting plugin LightPropagationVolume
LogPluginManager: Mounting plugin GameplayCameras
LogPluginManager: Mounting plugin CameraShakePreviewer
LogPluginManager: Mounting plugin AssetManagerEditor
LogPluginManager: Mounting plugin FacialAnimation
LogPluginManager: Mounting plugin CurveEditorTools
LogPluginManager: Mounting plugin GeometryMode
LogPluginManager: Mounting plugin MaterialAnalyzer
LogPluginManager: Mounting plugin GameplayTagsEditor
LogPluginManager: Mounting plugin MobileLauncherProfileWizard
LogPluginManager: Mounting plugin MacGraphicsSwitching
LogPluginManager: Mounting plugin PluginBrowser
LogPluginManager: Mounting plugin DatasmithContent
LogPluginManager: Mounting plugin CryptoKeys
LogPluginManager: Mounting plugin SpeedTreeImporter
LogPluginManager: Mounting plugin DataValidation
LogPluginManager: Mounting plugin OodleData
LogPluginManager: Mounting plugin CodeLiteSourceCodeAccess
LogPluginManager: Mounting plugin CLionSourceCodeAccess
LogPluginManager: Mounting plugin KDevelopSourceCodeAccess
LogPluginManager: Mounting plugin VariantManagerContent
LogPluginManager: Mounting plugin GitSourceControl
LogPluginManager: Mounting plugin NullSourceCodeAccess
LogPluginManager: Mounting plugin PropertyAccessNode
LogPluginManager: Mounting plugin PerforceSourceControl
LogPluginManager: Mounting plugin PixWinPlugin
LogPluginManager: Mounting plugin AnimationSharing
LogPluginManager: Mounting plugin PluginUtils
LogPluginManager: Mounting plugin OodleNetwork
LogPluginManager: Mounting plugin PlasticSourceControl
LogPluginManager: Mounting plugin RiderSourceCodeAccess
LogPluginManager: Mounting plugin TextureFormatOodle
LogPluginManager: Mounting plugin VisualStudioCodeSourceCodeAccess
LogPluginManager: Mounting plugin UObjectPlugin
LogPluginManager: Mounting plugin XCodeSourceCodeAccess
LogPluginManager: Mounting plugin VisualStudioSourceCodeAccess
LogPluginManager: Mounting plugin UdpMessaging
LogPluginManager: Mounting plugin ActorSequence
LogPluginManager: Mounting plugin Niagara
LogPluginManager: Mounting plugin SubversionSourceControl
LogPluginManager: Mounting plugin TcpMessaging
LogPluginManager: Mounting plugin MatineeToLevelSequence
LogPluginManager: Mounting plugin LevelSequenceEditor
LogPluginManager: Mounting plugin TemplateSequence
LogPluginManager: Mounting plugin LuminPlatformFeatures
LogPluginManager: Mounting plugin MagicLeapPassableWorld
LogPluginManager: Mounting plugin MagicLeapMedia
LogPluginManager: Mounting plugin MagicLeapLightEstimation
LogPluginManager: Mounting plugin MLSDK
LogPluginManager: Mounting plugin MagicLeap
LogPluginManager: Mounting plugin AndroidMedia
LogPluginManager: Mounting plugin AvfMedia
LogPluginManager: Mounting plugin ImgMedia
LogPluginManager: Mounting plugin MediaCompositing
LogPluginManager: Mounting plugin ActorLayerUtilities
LogPluginManager: Mounting plugin AndroidDeviceProfileSelector
LogPluginManager: Mounting plugin MediaPlayerEditor
LogPluginManager: Mounting plugin AndroidMoviePlayer
LogPluginManager: Mounting plugin AndroidPermission
LogPluginManager: Mounting plugin AppleImageUtils
LogPluginManager: Mounting plugin WmfMedia
LogPluginManager: Mounting plugin AssetTags
LogPluginManager: Mounting plugin ArchVisCharacter
LogPluginManager: Mounting plugin AudioCapture
LogPluginManager: Mounting plugin WebMMedia
LogPluginManager: Mounting plugin ChunkDownloader
LogPluginManager: Mounting plugin CustomMeshComponent
LogPluginManager: Mounting plugin LauncherChunkInstaller
LogPluginManager: Mounting plugin EditableMesh
LogPluginManager: Mounting plugin ExampleDeviceProfileSelector
LogPluginManager: Mounting plugin OnlineSubsystem
LogPluginManager: Mounting plugin AppleMoviePlayer
LogPluginManager: Mounting plugin OnlineSubsystemNull
LogPluginManager: Mounting plugin AudioSynesthesia
LogPluginManager: Mounting plugin CableComponent
LogPluginManager: Mounting plugin OnlineSubsystemUtils
LogPluginManager: Mounting plugin GoogleCloudMessaging
LogPluginManager: Mounting plugin IOSDeviceProfileSelector
LogPluginManager: Mounting plugin LinuxDeviceProfileSelector
LogPluginManager: Mounting plugin GooglePAD
LogPluginManager: Mounting plugin LocationServicesBPLibrary
LogPluginManager: Mounting plugin MobilePatchingUtils
LogPluginManager: Mounting plugin OpenXR
LogPluginManager: Mounting plugin OpenXREyeTracker
LogPluginManager: Mounting plugin ScreenshotTools
LogPluginManager: Mounting plugin OpenXRHandTracking
LogPluginManager: Mounting plugin PhysXVehicles
LogPluginManager: Mounting plugin ProceduralMeshComponent
LogPluginManager: Mounting plugin PropertyAccessEditor
LogPluginManager: Mounting plugin PostSplashScreen
LogPluginManager: Mounting plugin RuntimePhysXCooking
LogPluginManager: Mounting plugin SignificanceManager
LogPluginManager: Mounting plugin SoundFields
LogPluginManager: Mounting plugin Synthesis
LogPluginManager: Mounting plugin WindowsMoviePlayer
LogPluginManager: Mounting plugin WebMMoviePlayer
LogPluginManager: Mounting plugin Takes
LogPluginManager: Mounting plugin AlembicImporter
LogPluginManager: Mounting plugin AutomationUtils
LogPluginManager: Mounting plugin BackChannel
LogPluginManager: Mounting plugin ChaosCloth
LogPluginManager: Mounting plugin ChaosClothEditor
LogPluginManager: Mounting plugin ChaosNiagara
LogPluginManager: Mounting plugin CharacterAI
LogPluginManager: Mounting plugin ChaosSolverPlugin
LogPluginManager: Mounting plugin ChaosEditor
LogPluginManager: Mounting plugin GeometryCollectionPlugin
LogPluginManager: Mounting plugin GeometryProcessing
LogPluginManager: Mounting plugin MotoSynth
LogPluginManager: Mounting plugin OpenImageDenoise
LogPluginManager: Mounting plugin PlanarCut
LogPluginManager: Mounting plugin GeometryCache
LogPluginManager: Mounting plugin PlatformCrypto
LogPluginManager: Mounting plugin PythonScriptPlugin
LogPluginManager: Mounting plugin SkeletalReduction
LogPluginManager: Mounting plugin ProxyLODPlugin
LogPluginManager: Mounting plugin ContentBrowserClassDataSource
LogPluginManager: Mounting plugin ContentBrowserAssetDataSource
LogPluginManager: Mounting plugin ContentBrowserFileDataSource
LogPluginManager: Mounting plugin OnlineSubsystemGooglePlay
LogPluginManager: Mounting plugin OnlineSubsystemIOS
LogPluginManager: Mounting plugin OculusVR
LogPluginManager: Mounting plugin SteamVR
PixWinPlugin: PIX capture plugin failed to initialize! Check that the process is launched from PIX.
LogInit: Using libcurl 7.55.1-DEV
LogInit:  - built for x86_64-pc-win32
LogInit:  - supports SSL with OpenSSL/1.1.1
LogInit:  - supports HTTP deflate (compression) using libz 1.2.8
LogInit:  - other features:
LogInit:      CURL_VERSION_SSL
LogInit:      CURL_VERSION_LIBZ
LogInit:      CURL_VERSION_IPV6
LogInit:      CURL_VERSION_ASYNCHDNS
LogInit:      CURL_VERSION_LARGEFILE
LogInit:      CURL_VERSION_IDN
LogInit:  CurlRequestOptions (configurable via config and command line):
LogInit:  - bVerifyPeer = true  - Libcurl will verify peer certificate
LogInit:  - bUseHttpProxy = false  - Libcurl will NOT use HTTP proxy
LogInit:  - bDontReuseConnections = false  - Libcurl will reuse connections
LogInit:  - MaxHostConnections = 16  - Libcurl will limit the number of connections to a host
LogInit:  - LocalHostAddr = Default
LogInit:  - BufferSize = 65536
LogOnline: OSS: Creating online subsystem instance for: NULL
LogInit: WinSock: version 1.1 (2.2), MaxSocks=32767, MaxUdp=65467
LogOnline: OSS: TryLoadSubsystemAndSetDefault: Loaded subsystem for module [NULL]
LogOculusPluginWrapper: OculusPlugin initialized successfully
LogHMD: Failed initializing OVRPlugin 1.59.0
LogInit: Build: ++UE4+Release-4.27-CL-18319896
LogInit: Engine Version: 4.27.2-18319896+++UE4+Release-4.27
LogInit: Compatible Engine Version: 4.27.0-17155196+++UE4+Release-4.27
LogInit: Net CL: 17155196
LogInit: OS: Windows 10 (Release 2009) (), CPU: AMD Ryzen 7 4800H with Radeon Graphics         , GPU: AMD Radeon(TM) Graphics
LogInit: Compiled (64-bit): Nov 30 2021 07:12:08
LogInit: Compiled with Visual C++: 19.24.28315.00
LogInit: Build Configuration: Development
LogInit: Branch Name: ++UE4+Release-4.27
LogInit: Command Line:  /Game/Roles/Designer/Clayton/Level/MP_EdusLevel1 -game -PIEVIACONSOLE -Multiprocess GameUserSettingsINI=C:/Users/clayt/Documents/GitHub/-Journeyman-Twonic---Alpha-Team/Twonic/Saved/Config/Windows/PIEGameUserSettings0.ini -MultiprocessSaveConfig -forcepassthrough -messaging -SessionName="Play in Standalone Game" -windowed -WinX=0 -WinY=24 SAVEWINPOS=1 -ResX=1910 -ResY=998
LogInit: Base Directory: C:/Program Files/Epic Games/UE_4.27/Engine/Binaries/Win64/
LogInit: Allocator: TBB
LogInit: Installed Engine Build: 1
LogDevObjectVersion: Number of dev versions registered: 29
LogDevObjectVersion:   Dev-Blueprints (B0D832E4-1F89-4F0D-ACCF-7EB736FD4AA2): 10
LogDevObjectVersion:   Dev-Build (E1C64328-A22C-4D53-A36C-8E866417BD8C): 0
LogDevObjectVersion:   Dev-Core (375EC13C-06E4-48FB-B500-84F0262A717E): 4
LogDevObjectVersion:   Dev-Editor (E4B068ED-F494-42E9-A231-DA0B2E46BB41): 40
LogDevObjectVersion:   Dev-Framework (CFFC743F-43B0-4480-9391-14DF171D2073): 37
LogDevObjectVersion:   Dev-Mobile (B02B49B5-BB20-44E9-A304-32B752E40360): 3
LogDevObjectVersion:   Dev-Networking (A4E4105C-59A1-49B5-A7C5-40C4547EDFEE): 0
LogDevObjectVersion:   Dev-Online (39C831C9-5AE6-47DC-9A44-9C173E1C8E7C): 0
LogDevObjectVersion:   Dev-Physics (78F01B33-EBEA-4F98-B9B4-84EACCB95AA2): 14
LogDevObjectVersion:   Dev-Platform (6631380F-2D4D-43E0-8009-CF276956A95A): 0
LogDevObjectVersion:   Dev-Rendering (12F88B9F-8875-4AFC-A67C-D90C383ABD29): 45
LogDevObjectVersion:   Dev-Sequencer (7B5AE74C-D270-4C10-A958-57980B212A5A): 13
LogDevObjectVersion:   Dev-VR (D7296918-1DD6-4BDD-9DE2-64A83CC13884): 3
LogDevObjectVersion:   Dev-LoadTimes (C2A15278-BFE7-4AFE-6C17-90FF531DF755): 1
LogDevObjectVersion:   Private-Geometry (6EACA3D4-40EC-4CC1-B786-8BED09428FC5): 3
LogDevObjectVersion:   Dev-AnimPhys (29E575DD-E0A3-4627-9D10-D276232CDCEA): 17
LogDevObjectVersion:   Dev-Anim (AF43A65D-7FD3-4947-9873-3E8ED9C1BB05): 15
LogDevObjectVersion:   Dev-ReflectionCapture (6B266CEC-1EC7-4B8F-A30B-E4D90942FC07): 1
LogDevObjectVersion:   Dev-Automation (0DF73D61-A23F-47EA-B727-89E90C41499A): 1
LogDevObjectVersion:   FortniteMain (601D1886-AC64-4F84-AA16-D3DE0DEAC7D6): 47
LogDevObjectVersion:   FortniteRelease (E7086368-6B23-4C58-8439-1B7016265E91): 1
LogDevObjectVersion:   Dev-Enterprise (9DFFBCD6-494F-0158-E221-12823C92A888): 10
LogDevObjectVersion:   Dev-Niagara (F2AED0AC-9AFE-416F-8664-AA7FFA26D6FC): 1
LogDevObjectVersion:   Dev-Destruction (174F1F0B-B4C6-45A5-B13F-2EE8D0FB917D): 10
LogDevObjectVersion:   Dev-Physics-Ext (35F94A83-E258-406C-A318-09F59610247C): 41
LogDevObjectVersion:   Dev-PhysicsMaterial-Chaos (B68FC16E-8B1B-42E2-B453-215C058844FE): 1
LogDevObjectVersion:   Dev-CineCamera (B2E18506-4273-CFC2-A54E-F4BB758BBA07): 1
LogDevObjectVersion:   Dev-VirtualProduction (64F58936-FD1B-42BA-BA96-7289D5D0FA4E): 1
LogDevObjectVersion:   Dev-MediaFramework (6F0ED827-A609-4895-9C91-998D90180EA4): 2
LogInit: Presizing for max 25165824 objects, including 0 objects not considered by GC, pre-allocating 0 bytes for permanent pool.
LogConfig: Applying CVar settings from Section [/Script/Engine.StreamingSettings] File [C:/Users/clayt/Documents/GitHub/-Journeyman-Twonic---Alpha-Team/Twonic/Saved/Config/Windows/Engine.ini]
LogConfig: Setting CVar [[s.MinBulkDataSizeForAsyncLoading:131072]]
LogConfig: Setting CVar [[s.AsyncLoadingThreadEnabled:0]]
LogConfig: Setting CVar [[s.EventDrivenLoaderEnabled:1]]
LogConfig: Setting CVar [[s.WarnIfTimeLimitExceeded:0]]
LogConfig: Setting CVar [[s.TimeLimitExceededMultiplier:1.5]]
LogConfig: Setting CVar [[s.TimeLimitExceededMinTime:0.005]]
LogConfig: Setting CVar [[s.UseBackgroundLevelStreaming:1]]
LogConfig: Setting CVar [[s.PriorityAsyncLoadingExtraTime:15.0]]
LogConfig: Setting CVar [[s.LevelStreamingActorsUpdateTimeLimit:5.0]]
LogConfig: Setting CVar [[s.PriorityLevelStreamingActorsUpdateExtraTime:5.0]]
LogConfig: Setting CVar [[s.LevelStreamingComponentsRegistrationGranularity:10]]
LogConfig: Setting CVar [[s.UnregisterComponentsTimeLimit:1.0]]
LogConfig: Setting CVar [[s.LevelStreamingComponentsUnregistrationGranularity:5]]
LogConfig: Setting CVar [[s.FlushStreamingOnExit:1]]
LogInit: Object subsystem initialized
LogConfig: Setting CVar [[con.DebugEarlyDefault:1]]
LogConfig: Setting CVar [[r.setres:1280x720]]
[2023.03.10-16.48.16:075][  0]LogConfig: Setting CVar [[con.DebugEarlyDefault:1]]
[2023.03.10-16.48.16:075][  0]LogConfig: Setting CVar [[r.setres:1280x720]]
[2023.03.10-16.48.16:075][  0]LogConfig: Applying CVar settings from Section [/Script/Engine.RendererSettings] File [C:/Users/clayt/Documents/GitHub/-Journeyman-Twonic---Alpha-Team/Twonic/Saved/Config/Windows/Engine.ini]
[2023.03.10-16.48.16:075][  0]LogConfig: Setting CVar [[r.GPUCrashDebugging:0]]
[2023.03.10-16.48.16:075][  0]LogConfig: Setting CVar [[r.ForwardShading:0]]
[2023.03.10-16.48.16:075][  0]LogConfig: Applying CVar settings from Section [/Script/Engine.RendererOverrideSettings] File [C:/Users/clayt/Documents/GitHub/-Journeyman-Twonic---Alpha-Team/Twonic/Saved/Config/Windows/Engine.ini]
[2023.03.10-16.48.16:075][  0]LogConfig: Applying CVar settings from Section [/Script/Engine.StreamingSettings] File [C:/Users/clayt/Documents/GitHub/-Journeyman-Twonic---Alpha-Team/Twonic/Saved/Config/Windows/Engine.ini]
[2023.03.10-16.48.16:075][  0]LogConfig: Setting CVar [[s.MinBulkDataSizeForAsyncLoading:131072]]
[2023.03.10-16.48.16:075][  0]LogConfig: Setting CVar [[s.AsyncLoadingThreadEnabled:0]]
[2023.03.10-16.48.16:075][  0]LogConfig: Setting CVar [[s.EventDrivenLoaderEnabled:1]]
[2023.03.10-16.48.16:075][  0]LogConfig: Setting CVar [[s.WarnIfTimeLimitExceeded:0]]
[2023.03.10-16.48.16:075][  0]LogConfig: Setting CVar [[s.TimeLimitExceededMultiplier:1.5]]
[2023.03.10-16.48.16:075][  0]LogConfig: Setting CVar [[s.TimeLimitExceededMinTime:0.005]]
[2023.03.10-16.48.16:075][  0]LogConfig: Setting CVar [[s.UseBackgroundLevelStreaming:1]]
[2023.03.10-16.48.16:075][  0]LogConfig: Setting CVar [[s.PriorityAsyncLoadingExtraTime:15.0]]
[2023.03.10-16.48.16:075][  0]LogConfig: Setting CVar [[s.LevelStreamingActorsUpdateTimeLimit:5.0]]
[2023.03.10-16.48.16:076][  0]LogConfig: Setting CVar [[s.PriorityLevelStreamingActorsUpdateExtraTime:5.0]]
[2023.03.10-16.48.16:076][  0]LogConfig: Setting CVar [[s.LevelStreamingComponentsRegistrationGranularity:10]]
[2023.03.10-16.48.16:076][  0]LogConfig: Setting CVar [[s.UnregisterComponentsTimeLimit:1.0]]
[2023.03.10-16.48.16:076][  0]LogConfig: Setting CVar [[s.LevelStreamingComponentsUnregistrationGranularity:5]]
[2023.03.10-16.48.16:076][  0]LogConfig: Setting CVar [[s.FlushStreamingOnExit:1]]
[2023.03.10-16.48.16:076][  0]LogConfig: Applying CVar settings from Section [/Script/Engine.GarbageCollectionSettings] File [C:/Users/clayt/Documents/GitHub/-Journeyman-Twonic---Alpha-Team/Twonic/Saved/Config/Windows/Engine.ini]
[2023.03.10-16.48.16:076][  0]LogConfig: Setting CVar [[gc.MaxObjectsNotConsideredByGC:1]]
[2023.03.10-16.48.16:076][  0]LogConfig: Setting CVar [[gc.SizeOfPermanentObjectPool:0]]
[2023.03.10-16.48.16:076][  0]LogConfig: Setting CVar [[gc.FlushStreamingOnGC:0]]
[2023.03.10-16.48.16:076][  0]LogConfig: Setting CVar [[gc.NumRetriesBeforeForcingGC:10]]
[2023.03.10-16.48.16:076][  0]LogConfig: Setting CVar [[gc.AllowParallelGC:1]]
[2023.03.10-16.48.16:076][  0]LogConfig: Setting CVar [[gc.TimeBetweenPurgingPendingKillObjects:61.1]]
[2023.03.10-16.48.16:076][  0]LogConfig: Setting CVar [[gc.MaxObjectsInEditor:25165824]]
[2023.03.10-16.48.16:076][  0]LogConfig: Setting CVar [[gc.IncrementalBeginDestroyEnabled:1]]
[2023.03.10-16.48.16:076][  0]LogConfig: Setting CVar [[gc.CreateGCClusters:1]]
[2023.03.10-16.48.16:076][  0]LogConfig: Setting CVar [[gc.MinGCClusterSize:5]]
[2023.03.10-16.48.16:076][  0]LogConfig: Setting CVar [[gc.ActorClusteringEnabled:0]]
[2023.03.10-16.48.16:076][  0]LogConfig: Setting CVar [[gc.BlueprintClusteringEnabled:0]]
[2023.03.10-16.48.16:076][  0]LogConfig: Setting CVar [[gc.UseDisregardForGCOnDedicatedServers:0]]
[2023.03.10-16.48.16:076][  0]LogConfig: Setting CVar [[gc.MultithreadedDestructionEnabled:1]]
[2023.03.10-16.48.16:076][  0]LogConfig: Applying CVar settings from Section [/Script/Engine.NetworkSettings] File [C:/Users/clayt/Documents/GitHub/-Journeyman-Twonic---Alpha-Team/Twonic/Saved/Config/Windows/Engine.ini]
[2023.03.10-16.48.16:076][  0]LogConfig: Applying CVar settings from Section [/Script/UnrealEd.CookerSettings] File [C:/Users/clayt/Documents/GitHub/-Journeyman-Twonic---Alpha-Team/Twonic/Saved/Config/Windows/Engine.ini]
[2023.03.10-16.48.16:082][  0]LogConfig: Applying CVar settings from Section [ViewDistanceQuality@3] File [C:/Users/clayt/Documents/GitHub/-Journeyman-Twonic---Alpha-Team/Twonic/Saved/Config/Windows/Scalability.ini]
[2023.03.10-16.48.16:082][  0]LogConfig: Setting CVar [[r.SkeletalMeshLODBias:0]]
[2023.03.10-16.48.16:082][  0]LogConfig: Setting CVar [[r.ViewDistanceScale:1.0]]
[2023.03.10-16.48.16:082][  0]LogConfig: Applying CVar settings from Section [AntiAliasingQuality@3] File [C:/Users/clayt/Documents/GitHub/-Journeyman-Twonic---Alpha-Team/Twonic/Saved/Config/Windows/Scalability.ini]
[2023.03.10-16.48.16:082][  0]LogConfig: Setting CVar [[r.PostProcessAAQuality:4]]
[2023.03.10-16.48.16:082][  0]LogConfig: Applying CVar settings from Section [ShadowQuality@3] File [C:/Users/clayt/Documents/GitHub/-Journeyman-Twonic---Alpha-Team/Twonic/Saved/Config/Windows/Scalability.ini]
[2023.03.10-16.48.16:082][  0]LogConfig: Setting CVar [[r.LightFunctionQuality:1]]
[2023.03.10-16.48.16:082][  0]LogConfig: Setting CVar [[r.ShadowQuality:5]]
[2023.03.10-16.48.16:082][  0]LogConfig: Setting CVar [[r.Shadow.CSM.MaxCascades:10]]
[2023.03.10-16.48.16:082][  0]LogConfig: Setting CVar [[r.Shadow.MaxResolution:2048]]
[2023.03.10-16.48.16:082][  0]LogConfig: Setting CVar [[r.Shadow.MaxCSMResolution:2048]]
[2023.03.10-16.48.16:082][  0]LogConfig: Setting CVar [[r.Shadow.RadiusThreshold:0.01]]
[2023.03.10-16.48.16:082][  0]LogConfig: Setting CVar [[r.Shadow.DistanceScale:1.0]]
[2023.03.10-16.48.16:082][  0]LogConfig: Setting CVar [[r.Shadow.CSM.TransitionScale:1.0]]
[2023.03.10-16.48.16:082][  0]LogConfig: Setting CVar [[r.Shadow.PreShadowResolutionFactor:1.0]]
[2023.03.10-16.48.16:082][  0]LogConfig: Setting CVar [[r.DistanceFieldShadowing:1]]
[2023.03.10-16.48.16:082][  0]LogConfig: Setting CVar [[r.DistanceFieldAO:1]]
[2023.03.10-16.48.16:082][  0]LogConfig: Setting CVar [[r.AOQuality:2]]
[2023.03.10-16.48.16:082][  0]LogConfig: Setting CVar [[r.VolumetricFog:1]]
[2023.03.10-16.48.16:082][  0]LogConfig: Setting CVar [[r.VolumetricFog.GridPixelSize:8]]
[2023.03.10-16.48.16:082][  0]LogConfig: Setting CVar [[r.VolumetricFog.GridSizeZ:128]]
[2023.03.10-16.48.16:082][  0]LogConfig: Setting CVar [[r.VolumetricFog.HistoryMissSupersampleCount:4]]
[2023.03.10-16.48.16:082][  0]LogConfig: Setting CVar [[r.LightMaxDrawDistanceScale:1]]
[2023.03.10-16.48.16:082][  0]LogConfig: Setting CVar [[r.CapsuleShadows:1]]
[2023.03.10-16.48.16:082][  0]LogConfig: Applying CVar settings from Section [PostProcessQuality@3] File [C:/Users/clayt/Documents/GitHub/-Journeyman-Twonic---Alpha-Team/Twonic/Saved/Config/Windows/Scalability.ini]
[2023.03.10-16.48.16:082][  0]LogConfig: Setting CVar [[r.MotionBlurQuality:4]]
[2023.03.10-16.48.16:082][  0]LogConfig: Setting CVar [[r.AmbientOcclusionMipLevelFactor:0.4]]
[2023.03.10-16.48.16:082][  0]LogConfig: Setting CVar [[r.AmbientOcclusionMaxQuality:100]]
[2023.03.10-16.48.16:082][  0]LogConfig: Setting CVar [[r.AmbientOcclusionLevels:-1]]
[2023.03.10-16.48.16:082][  0]LogConfig: Setting CVar [[r.AmbientOcclusionRadiusScale:1.0]]
[2023.03.10-16.48.16:082][  0]LogConfig: Setting CVar [[r.DepthOfFieldQuality:2]]
[2023.03.10-16.48.16:082][  0]LogConfig: Setting CVar [[r.RenderTargetPoolMin:400]]
[2023.03.10-16.48.16:082][  0]LogConfig: Setting CVar [[r.LensFlareQuality:2]]
[2023.03.10-16.48.16:082][  0]LogConfig: Setting CVar [[r.SceneColorFringeQuality:1]]
[2023.03.10-16.48.16:082][  0]LogConfig: Setting CVar [[r.EyeAdaptationQuality:2]]
[2023.03.10-16.48.16:082][  0]LogConfig: Setting CVar [[r.BloomQuality:5]]
[2023.03.10-16.48.16:082][  0]LogConfig: Setting CVar [[r.FastBlurThreshold:100]]
[2023.03.10-16.48.16:082][  0]LogConfig: Setting CVar [[r.Upscale.Quality:3]]
[2023.03.10-16.48.16:082][  0]LogConfig: Setting CVar [[r.Tonemapper.GrainQuantization:1]]
[2023.03.10-16.48.16:082][  0]LogConfig: Setting CVar [[r.LightShaftQuality:1]]
[2023.03.10-16.48.16:082][  0]LogConfig: Setting CVar [[r.Filter.SizeScale:1]]
[2023.03.10-16.48.16:082][  0]LogConfig: Setting CVar [[r.Tonemapper.Quality:5]]
[2023.03.10-16.48.16:082][  0]LogConfig: Setting CVar [[r.DOF.Gather.AccumulatorQuality:1        ; higher gathering accumulator quality]]
[2023.03.10-16.48.16:082][  0]LogConfig: Setting CVar [[r.DOF.Gather.PostfilterMethod:1          ; Median3x3 postfilering method]]
[2023.03.10-16.48.16:082][  0]LogConfig: Setting CVar [[r.DOF.Gather.EnableBokehSettings:0       ; no bokeh simulation when gathering]]
[2023.03.10-16.48.16:082][  0]LogConfig: Setting CVar [[r.DOF.Gather.RingCount:4                 ; medium number of samples when gathering]]
[2023.03.10-16.48.16:082][  0]LogConfig: Setting CVar [[r.DOF.Scatter.ForegroundCompositing:1    ; additive foreground scattering]]
[2023.03.10-16.48.16:082][  0]LogConfig: Setting CVar [[r.DOF.Scatter.BackgroundCompositing:2    ; additive background scattering]]
[2023.03.10-16.48.16:082][  0]LogConfig: Setting CVar [[r.DOF.Scatter.EnableBokehSettings:1      ; bokeh simulation when scattering]]
[2023.03.10-16.48.16:082][  0]LogConfig: Setting CVar [[r.DOF.Scatter.MaxSpriteRatio:0.1         ; only a maximum of 10% of scattered bokeh]]
[2023.03.10-16.48.16:082][  0]LogConfig: Setting CVar [[r.DOF.Recombine.Quality:1                ; cheap slight out of focus]]
[2023.03.10-16.48.16:082][  0]LogConfig: Setting CVar [[r.DOF.Recombine.EnableBokehSettings:0    ; no bokeh simulation on slight out of focus]]
[2023.03.10-16.48.16:082][  0]LogConfig: Setting CVar [[r.DOF.TemporalAAQuality:1                ; more stable temporal accumulation]]
[2023.03.10-16.48.16:082][  0]LogConfig: Setting CVar [[r.DOF.Kernel.MaxForegroundRadius:0.025]]
[2023.03.10-16.48.16:082][  0]LogConfig: Setting CVar [[r.DOF.Kernel.MaxBackgroundRadius:0.025]]
[2023.03.10-16.48.16:082][  0]LogConfig: Applying CVar settings from Section [TextureQuality@3] File [C:/Users/clayt/Documents/GitHub/-Journeyman-Twonic---Alpha-Team/Twonic/Saved/Config/Windows/Scalability.ini]
[2023.03.10-16.48.16:082][  0]LogConfig: Setting CVar [[r.Streaming.MipBias:0]]
[2023.03.10-16.48.16:082][  0]LogConfig: Setting CVar [[r.Streaming.AmortizeCPUToGPUCopy:0]]
[2023.03.10-16.48.16:082][  0]LogConfig: Setting CVar [[r.Streaming.MaxNumTexturesToStreamPerFrame:0]]
[2023.03.10-16.48.16:082][  0]LogConfig: Setting CVar [[r.Streaming.Boost:1]]
[2023.03.10-16.48.16:082][  0]LogConfig: Setting CVar [[r.MaxAnisotropy:8]]
[2023.03.10-16.48.16:082][  0]LogConfig: Setting CVar [[r.VT.MaxAnisotropy:8]]
[2023.03.10-16.48.16:082][  0]LogConfig: Setting CVar [[r.Streaming.LimitPoolSizeToVRAM:0]]
[2023.03.10-16.48.16:082][  0]LogConfig: Setting CVar [[r.Streaming.PoolSize:1000]]
[2023.03.10-16.48.16:082][  0]LogConfig: Setting CVar [[r.Streaming.MaxEffectiveScreenSize:0]]
[2023.03.10-16.48.16:082][  0]LogConfig: Applying CVar settings from Section [EffectsQuality@3] File [C:/Users/clayt/Documents/GitHub/-Journeyman-Twonic---Alpha-Team/Twonic/Saved/Config/Windows/Scalability.ini]
[2023.03.10-16.48.16:082][  0]LogConfig: Setting CVar [[r.TranslucencyLightingVolumeDim:64]]
[2023.03.10-16.48.16:082][  0]LogConfig: Setting CVar [[r.RefractionQuality:2]]
[2023.03.10-16.48.16:082][  0]LogConfig: Setting CVar [[r.SSR.Quality:3]]
[2023.03.10-16.48.16:082][  0]LogConfig: Setting CVar [[r.SSR.HalfResSceneColor:0]]
[2023.03.10-16.48.16:082][  0]LogConfig: Setting CVar [[r.SceneColorFormat:4]]
[2023.03.10-16.48.16:082][  0]LogConfig: Setting CVar [[r.DetailMode:2]]
[2023.03.10-16.48.16:082][  0]LogConfig: Setting CVar [[r.TranslucencyVolumeBlur:1]]
[2023.03.10-16.48.16:082][  0]LogConfig: Setting CVar [[r.MaterialQualityLevel:1 ; High quality]]
[2023.03.10-16.48.16:082][  0]LogConfig: Setting CVar [[r.AnisotropicMaterials:1]]
[2023.03.10-16.48.16:082][  0]LogConfig: Setting CVar [[r.SSS.Scale:1]]
[2023.03.10-16.48.16:082][  0]LogConfig: Setting CVar [[r.SSS.SampleSet:2]]
[2023.03.10-16.48.16:082][  0]LogConfig: Setting CVar [[r.SSS.Quality:1]]
[2023.03.10-16.48.16:083][  0]LogConfig: Setting CVar [[r.SSS.HalfRes:0]]
[2023.03.10-16.48.16:083][  0]LogConfig: Setting CVar [[r.SSGI.Quality:3]]
[2023.03.10-16.48.16:083][  0]LogConfig: Setting CVar [[r.EmitterSpawnRateScale:1.0]]
[2023.03.10-16.48.16:083][  0]LogConfig: Setting CVar [[r.ParticleLightQuality:2]]
[2023.03.10-16.48.16:083][  0]LogConfig: Setting CVar [[r.SkyAtmosphere.AerialPerspectiveLUT.FastApplyOnOpaque:1 ; Always have FastSkyLUT 1 in this case to avoid wrong sky]]
[2023.03.10-16.48.16:083][  0]LogConfig: Setting CVar [[r.SkyAtmosphere.AerialPerspectiveLUT.SampleCountMaxPerSlice:4]]
[2023.03.10-16.48.16:083][  0]LogConfig: Setting CVar [[r.SkyAtmosphere.AerialPerspectiveLUT.DepthResolution:16.0]]
[2023.03.10-16.48.16:083][  0]LogConfig: Setting CVar [[r.SkyAtmosphere.FastSkyLUT:1]]
[2023.03.10-16.48.16:083][  0]LogConfig: Setting CVar [[r.SkyAtmosphere.FastSkyLUT.SampleCountMin:4.0]]
[2023.03.10-16.48.16:083][  0]LogConfig: Setting CVar [[r.SkyAtmosphere.FastSkyLUT.SampleCountMax:128.0]]
[2023.03.10-16.48.16:083][  0]LogConfig: Setting CVar [[r.SkyAtmosphere.SampleCountMin:4.0]]
[2023.03.10-16.48.16:083][  0]LogConfig: Setting CVar [[r.SkyAtmosphere.SampleCountMax:128.0]]
[2023.03.10-16.48.16:083][  0]LogConfig: Setting CVar [[r.SkyAtmosphere.TransmittanceLUT.UseSmallFormat:0]]
[2023.03.10-16.48.16:083][  0]LogConfig: Setting CVar [[r.SkyAtmosphere.TransmittanceLUT.SampleCount:10.0]]
[2023.03.10-16.48.16:083][  0]LogConfig: Setting CVar [[r.SkyAtmosphere.MultiScatteringLUT.SampleCount:15.0]]
[2023.03.10-16.48.16:083][  0]LogConfig: Setting CVar [[r.SkyLight.RealTimeReflectionCapture:1]]
[2023.03.10-16.48.16:083][  0]LogConfig: Applying CVar settings from Section [FoliageQuality@3] File [C:/Users/clayt/Documents/GitHub/-Journeyman-Twonic---Alpha-Team/Twonic/Saved/Config/Windows/Scalability.ini]
[2023.03.10-16.48.16:083][  0]LogConfig: Setting CVar [[foliage.DensityScale:1.0]]
[2023.03.10-16.48.16:083][  0]LogConfig: Setting CVar [[grass.DensityScale:1.0]]
[2023.03.10-16.48.16:083][  0]LogConfig: Applying CVar settings from Section [ShadingQuality@3] File [C:/Users/clayt/Documents/GitHub/-Journeyman-Twonic---Alpha-Team/Twonic/Saved/Config/Windows/Scalability.ini]
[2023.03.10-16.48.16:083][  0]LogConfig: Setting CVar [[r.HairStrands.SkyLighting.IntegrationType:2]]
[2023.03.10-16.48.16:083][  0]LogConfig: Setting CVar [[r.HairStrands.SkyAO.SampleCount:4]]
[2023.03.10-16.48.16:083][  0]LogConfig: Setting CVar [[r.HairStrands.Visibility.MSAA.SamplePerPixel:4]]
[2023.03.10-16.48.16:083][  0]LogInit: Selected Device Profile: [Windows]
[2023.03.10-16.48.16:083][  0]LogInit: Applying CVar settings loaded from the selected device profile: [Windows]
[2023.03.10-16.48.16:083][  0]LogHAL: Display: Platform has ~ 16 GB [16559493120 / 17179869184 / 16], which maps to Larger [LargestMinGB=32, LargerMinGB=12, DefaultMinGB=8, SmallerMinGB=6, SmallestMinGB=0)
[2023.03.10-16.48.16:083][  0]LogInit: Going up to parent DeviceProfile []
[2023.03.10-16.48.16:083][  0]LogConfig: Applying CVar settings from Section [ViewDistanceQuality@3] File [C:/Users/clayt/Documents/GitHub/-Journeyman-Twonic---Alpha-Team/Twonic/Saved/Config/Windows/Scalability.ini]
[2023.03.10-16.48.16:083][  0]LogConfig: Setting CVar [[r.SkeletalMeshLODBias:0]]
[2023.03.10-16.48.16:083][  0]LogConfig: Setting CVar [[r.ViewDistanceScale:1.0]]
[2023.03.10-16.48.16:083][  0]LogConfig: Applying CVar settings from Section [AntiAliasingQuality@3] File [C:/Users/clayt/Documents/GitHub/-Journeyman-Twonic---Alpha-Team/Twonic/Saved/Config/Windows/Scalability.ini]
[2023.03.10-16.48.16:083][  0]LogConfig: Setting CVar [[r.PostProcessAAQuality:4]]
[2023.03.10-16.48.16:083][  0]LogConfig: Applying CVar settings from Section [ShadowQuality@Cine] File [C:/Users/clayt/Documents/GitHub/-Journeyman-Twonic---Alpha-Team/Twonic/Saved/Config/Windows/Scalability.ini]
[2023.03.10-16.48.16:083][  0]LogConfig: Setting CVar [[r.LightFunctionQuality:1]]
[2023.03.10-16.48.16:083][  0]LogConfig: Setting CVar [[r.ShadowQuality:5]]
[2023.03.10-16.48.16:083][  0]LogConfig: Setting CVar [[r.Shadow.CSM.MaxCascades:10]]
[2023.03.10-16.48.16:083][  0]LogConfig: Setting CVar [[r.Shadow.MaxResolution:4096]]
[2023.03.10-16.48.16:083][  0]LogConfig: Setting CVar [[r.Shadow.MaxCSMResolution:4096]]
[2023.03.10-16.48.16:083][  0]LogConfig: Setting CVar [[r.Shadow.RadiusThreshold:0]]
[2023.03.10-16.48.16:083][  0]LogConfig: Setting CVar [[r.Shadow.DistanceScale:1.0]]
[2023.03.10-16.48.16:083][  0]LogConfig: Setting CVar [[r.Shadow.CSM.TransitionScale:1.0]]
[2023.03.10-16.48.16:083][  0]LogConfig: Setting CVar [[r.Shadow.PreShadowResolutionFactor:1.0]]
[2023.03.10-16.48.16:083][  0]LogConfig: Setting CVar [[r.DistanceFieldShadowing:1]]
[2023.03.10-16.48.16:083][  0]LogConfig: Setting CVar [[r.DistanceFieldAO:1]]
[2023.03.10-16.48.16:083][  0]LogConfig: Setting CVar [[r.AOQuality:2]]
[2023.03.10-16.48.16:083][  0]LogConfig: Setting CVar [[r.VolumetricFog:1]]
[2023.03.10-16.48.16:083][  0]LogConfig: Setting CVar [[r.VolumetricFog.GridPixelSize:4]]
[2023.03.10-16.48.16:083][  0]LogConfig: Setting CVar [[r.VolumetricFog.GridSizeZ:128]]
[2023.03.10-16.48.16:083][  0]LogConfig: Setting CVar [[r.VolumetricFog.HistoryMissSupersampleCount:16]]
[2023.03.10-16.48.16:083][  0]LogConfig: Setting CVar [[r.LightMaxDrawDistanceScale:1]]
[2023.03.10-16.48.16:083][  0]LogConfig: Setting CVar [[r.CapsuleShadows:1]]
[2023.03.10-16.48.16:083][  0]LogConfig: Applying CVar settings from Section [PostProcessQuality@3] File [C:/Users/clayt/Documents/GitHub/-Journeyman-Twonic---Alpha-Team/Twonic/Saved/Config/Windows/Scalability.ini]
[2023.03.10-16.48.16:083][  0]LogConfig: Setting CVar [[r.MotionBlurQuality:4]]
[2023.03.10-16.48.16:083][  0]LogConfig: Setting CVar [[r.AmbientOcclusionMipLevelFactor:0.4]]
[2023.03.10-16.48.16:083][  0]LogConfig: Setting CVar [[r.AmbientOcclusionMaxQuality:100]]
[2023.03.10-16.48.16:083][  0]LogConfig: Setting CVar [[r.AmbientOcclusionLevels:-1]]
[2023.03.10-16.48.16:083][  0]LogConfig: Setting CVar [[r.AmbientOcclusionRadiusScale:1.0]]
[2023.03.10-16.48.16:083][  0]LogConfig: Setting CVar [[r.DepthOfFieldQuality:2]]
[2023.03.10-16.48.16:083][  0]LogConfig: Setting CVar [[r.RenderTargetPoolMin:400]]
[2023.03.10-16.48.16:083][  0]LogConfig: Setting CVar [[r.LensFlareQuality:2]]
[2023.03.10-16.48.16:083][  0]LogConfig: Setting CVar [[r.SceneColorFringeQuality:1]]
[2023.03.10-16.48.16:083][  0]LogConfig: Setting CVar [[r.EyeAdaptationQuality:2]]
[2023.03.10-16.48.16:083][  0]LogConfig: Setting CVar [[r.BloomQuality:5]]
[2023.03.10-16.48.16:083][  0]LogConfig: Setting CVar [[r.FastBlurThreshold:100]]
[2023.03.10-16.48.16:083][  0]LogConfig: Setting CVar [[r.Upscale.Quality:3]]
[2023.03.10-16.48.16:083][  0]LogConfig: Setting CVar [[r.Tonemapper.GrainQuantization:1]]
[2023.03.10-16.48.16:083][  0]LogConfig: Setting CVar [[r.LightShaftQuality:1]]
[2023.03.10-16.48.16:083][  0]LogConfig: Setting CVar [[r.Filter.SizeScale:1]]
[2023.03.10-16.48.16:083][  0]LogConfig: Setting CVar [[r.Tonemapper.Quality:5]]
[2023.03.10-16.48.16:083][  0]LogConfig: Setting CVar [[r.DOF.Gather.AccumulatorQuality:1        ; higher gathering accumulator quality]]
[2023.03.10-16.48.16:083][  0]LogConfig: Setting CVar [[r.DOF.Gather.PostfilterMethod:1          ; Median3x3 postfilering method]]
[2023.03.10-16.48.16:083][  0]LogConfig: Setting CVar [[r.DOF.Gather.EnableBokehSettings:0       ; no bokeh simulation when gathering]]
[2023.03.10-16.48.16:083][  0]LogConfig: Setting CVar [[r.DOF.Gather.RingCount:4                 ; medium number of samples when gathering]]
[2023.03.10-16.48.16:083][  0]LogConfig: Setting CVar [[r.DOF.Scatter.ForegroundCompositing:1    ; additive foreground scattering]]
[2023.03.10-16.48.16:083][  0]LogConfig: Setting CVar [[r.DOF.Scatter.BackgroundCompositing:2    ; additive background scattering]]
[2023.03.10-16.48.16:083][  0]LogConfig: Setting CVar [[r.DOF.Scatter.EnableBokehSettings:1      ; bokeh simulation when scattering]]
[2023.03.10-16.48.16:083][  0]LogConfig: Setting CVar [[r.DOF.Scatter.MaxSpriteRatio:0.1         ; only a maximum of 10% of scattered bokeh]]
[2023.03.10-16.48.16:083][  0]LogConfig: Setting CVar [[r.DOF.Recombine.Quality:1                ; cheap slight out of focus]]
[2023.03.10-16.48.16:083][  0]LogConfig: Setting CVar [[r.DOF.Recombine.EnableBokehSettings:0    ; no bokeh simulation on slight out of focus]]
[2023.03.10-16.48.16:083][  0]LogConfig: Setting CVar [[r.DOF.TemporalAAQuality:1                ; more stable temporal accumulation]]
[2023.03.10-16.48.16:083][  0]LogConfig: Setting CVar [[r.DOF.Kernel.MaxForegroundRadius:0.025]]
[2023.03.10-16.48.16:083][  0]LogConfig: Setting CVar [[r.DOF.Kernel.MaxBackgroundRadius:0.025]]
[2023.03.10-16.48.16:083][  0]LogConfig: Applying CVar settings from Section [TextureQuality@Cine] File [C:/Users/clayt/Documents/GitHub/-Journeyman-Twonic---Alpha-Team/Twonic/Saved/Config/Windows/Scalability.ini]
[2023.03.10-16.48.16:083][  0]LogConfig: Setting CVar [[r.Streaming.MipBias:0]]
[2023.03.10-16.48.16:083][  0]LogConfig: Setting CVar [[r.Streaming.AmortizeCPUToGPUCopy:0]]
[2023.03.10-16.48.16:083][  0]LogConfig: Setting CVar [[r.Streaming.MaxNumTexturesToStreamPerFrame:0]]
[2023.03.10-16.48.16:083][  0]LogConfig: Setting CVar [[r.Streaming.Boost:1]]
[2023.03.10-16.48.16:083][  0]LogConfig: Setting CVar [[r.MaxAnisotropy:8]]
[2023.03.10-16.48.16:083][  0]LogConfig: Setting CVar [[r.VT.MaxAnisotropy:8]]
[2023.03.10-16.48.16:083][  0]LogConfig: Setting CVar [[r.Streaming.LimitPoolSizeToVRAM:0]]
[2023.03.10-16.48.16:083][  0]LogConfig: Setting CVar [[r.Streaming.PoolSize:3000]]
[2023.03.10-16.48.16:083][  0]LogConfig: Setting CVar [[r.Streaming.MaxEffectiveScreenSize:0]]
[2023.03.10-16.48.16:083][  0]LogConfig: Applying CVar settings from Section [EffectsQuality@3] File [C:/Users/clayt/Documents/GitHub/-Journeyman-Twonic---Alpha-Team/Twonic/Saved/Config/Windows/Scalability.ini]
[2023.03.10-16.48.16:083][  0]LogConfig: Setting CVar [[r.TranslucencyLightingVolumeDim:64]]
[2023.03.10-16.48.16:083][  0]LogConfig: Setting CVar [[r.RefractionQuality:2]]
[2023.03.10-16.48.16:083][  0]LogConfig: Setting CVar [[r.SSR.Quality:3]]
[2023.03.10-16.48.16:083][  0]LogConfig: Setting CVar [[r.SSR.HalfResSceneColor:0]]
[2023.03.10-16.48.16:083][  0]LogConfig: Setting CVar [[r.SceneColorFormat:4]]
[2023.03.10-16.48.16:083][  0]LogConfig: Setting CVar [[r.DetailMode:2]]
[2023.03.10-16.48.16:083][  0]LogConfig: Setting CVar [[r.TranslucencyVolumeBlur:1]]
[2023.03.10-16.48.16:083][  0]LogConfig: Setting CVar [[r.MaterialQualityLevel:1 ; High quality]]
[2023.03.10-16.48.16:084][  0]LogConfig: Setting CVar [[r.AnisotropicMaterials:1]]
[2023.03.10-16.48.16:084][  0]LogConfig: Setting CVar [[r.SSS.Scale:1]]
[2023.03.10-16.48.16:084][  0]LogConfig: Setting CVar [[r.SSS.SampleSet:2]]
[2023.03.10-16.48.16:084][  0]LogConfig: Setting CVar [[r.SSS.Quality:1]]
[2023.03.10-16.48.16:084][  0]LogConfig: Setting CVar [[r.SSS.HalfRes:0]]
[2023.03.10-16.48.16:084][  0]LogConfig: Setting CVar [[r.SSGI.Quality:3]]
[2023.03.10-16.48.16:084][  0]LogConfig: Setting CVar [[r.EmitterSpawnRateScale:1.0]]
[2023.03.10-16.48.16:084][  0]LogConfig: Setting CVar [[r.ParticleLightQuality:2]]
[2023.03.10-16.48.16:084][  0]LogConfig: Setting CVar [[r.SkyAtmosphere.AerialPerspectiveLUT.FastApplyOnOpaque:1 ; Always have FastSkyLUT 1 in this case to avoid wrong sky]]
[2023.03.10-16.48.16:084][  0]LogConfig: Setting CVar [[r.SkyAtmosphere.AerialPerspectiveLUT.SampleCountMaxPerSlice:4]]
[2023.03.10-16.48.16:084][  0]LogConfig: Setting CVar [[r.SkyAtmosphere.AerialPerspectiveLUT.DepthResolution:16.0]]
[2023.03.10-16.48.16:084][  0]LogConfig: Setting CVar [[r.SkyAtmosphere.FastSkyLUT:1]]
[2023.03.10-16.48.16:084][  0]LogConfig: Setting CVar [[r.SkyAtmosphere.FastSkyLUT.SampleCountMin:4.0]]
[2023.03.10-16.48.16:084][  0]LogConfig: Setting CVar [[r.SkyAtmosphere.FastSkyLUT.SampleCountMax:128.0]]
[2023.03.10-16.48.16:084][  0]LogConfig: Setting CVar [[r.SkyAtmosphere.SampleCountMin:4.0]]
[2023.03.10-16.48.16:084][  0]LogConfig: Setting CVar [[r.SkyAtmosphere.SampleCountMax:128.0]]
[2023.03.10-16.48.16:084][  0]LogConfig: Setting CVar [[r.SkyAtmosphere.TransmittanceLUT.UseSmallFormat:0]]
[2023.03.10-16.48.16:084][  0]LogConfig: Setting CVar [[r.SkyAtmosphere.TransmittanceLUT.SampleCount:10.0]]
[2023.03.10-16.48.16:084][  0]LogConfig: Setting CVar [[r.SkyAtmosphere.MultiScatteringLUT.SampleCount:15.0]]
[2023.03.10-16.48.16:084][  0]LogConfig: Setting CVar [[r.SkyLight.RealTimeReflectionCapture:1]]
[2023.03.10-16.48.16:084][  0]LogConfig: Applying CVar settings from Section [FoliageQuality@Cine] File [C:/Users/clayt/Documents/GitHub/-Journeyman-Twonic---Alpha-Team/Twonic/Saved/Config/Windows/Scalability.ini]
[2023.03.10-16.48.16:084][  0]LogConfig: Setting CVar [[foliage.DensityScale:1.0]]
[2023.03.10-16.48.16:084][  0]LogConfig: Setting CVar [[grass.DensityScale:1.0]]
[2023.03.10-16.48.16:084][  0]LogConfig: Applying CVar settings from Section [ShadingQuality@3] File [C:/Users/clayt/Documents/GitHub/-Journeyman-Twonic---Alpha-Team/Twonic/Saved/Config/Windows/Scalability.ini]
[2023.03.10-16.48.16:084][  0]LogConfig: Setting CVar [[r.HairStrands.SkyLighting.IntegrationType:2]]
[2023.03.10-16.48.16:084][  0]LogConfig: Setting CVar [[r.HairStrands.SkyAO.SampleCount:4]]
[2023.03.10-16.48.16:084][  0]LogConfig: Setting CVar [[r.HairStrands.Visibility.MSAA.SamplePerPixel:4]]
[2023.03.10-16.48.16:084][  0]LogConfig: Applying CVar settings from Section [Startup] File [../../../Engine/Config/ConsoleVariables.ini]
[2023.03.10-16.48.16:084][  0]LogConfig: Setting CVar [[net.UseAdaptiveNetUpdateFrequency:0]]
[2023.03.10-16.48.16:084][  0]LogConfig: Setting CVar [[p.chaos.AllowCreatePhysxBodies:1]]
[2023.03.10-16.48.16:084][  0]LogConfig: Setting CVar [[fx.SkipVectorVMBackendOptimizations:1]]
[2023.03.10-16.48.16:084][  0]LogConfig: Applying CVar settings from Section [ConsoleVariables] File [C:/Users/clayt/Documents/GitHub/-Journeyman-Twonic---Alpha-Team/Twonic/Saved/Config/Windows/Engine.ini]
[2023.03.10-16.48.16:084][  0]LogConfig: Applying CVar settings from Section [ConsoleVariables] File [C:/Users/clayt/Documents/GitHub/-Journeyman-Twonic---Alpha-Team/Twonic/Saved/Config/Windows/Editor.ini]
[2023.03.10-16.48.16:084][  0]LogInit: Computer: CLONGLAPTOP7
[2023.03.10-16.48.16:084][  0]LogInit: User: clayt
[2023.03.10-16.48.16:084][  0]LogInit: CPU Page size=4096, Cores=8
[2023.03.10-16.48.16:084][  0]LogInit: High frequency timer resolution =10.000000 MHz
[2023.03.10-16.48.16:085][  0]LogMemory: Memory total: Physical=15.4GB (16GB approx)
[2023.03.10-16.48.16:085][  0]LogMemory: Platform Memory Stats for Windows
[2023.03.10-16.48.16:085][  0]LogMemory: Process Physical Memory: 149.34 MB used, 149.34 MB peak
[2023.03.10-16.48.16:085][  0]LogMemory: Process Virtual Memory: 133.63 MB used, 133.63 MB peak
[2023.03.10-16.48.16:085][  0]LogMemory: Physical Memory: 8894.34 MB used,  6898.02 MB free, 15792.36 MB total
[2023.03.10-16.48.16:085][  0]LogMemory: Virtual Memory: 134210928.00 MB used,  6797.68 MB free, 134217728.00 MB total
[2023.03.10-16.48.16:096][  0]LogWindows: WindowsPlatformFeatures enabled
[2023.03.10-16.48.16:152][  0]LogInit: Physics initialised using underlying interface: PhysX
[2023.03.10-16.48.16:152][  0]LogInit: Using OS detected language (en-GB).
[2023.03.10-16.48.16:152][  0]LogInit: Using OS detected locale (en-GB).
[2023.03.10-16.48.16:162][  0]LogTextLocalizationManager: No specific localization for 'en-GB' exists, so the 'en' localization will be used.
[2023.03.10-16.48.16:446][  0]LogWindowsTextInputMethodSystem: Display: IME system deactivated.
[2023.03.10-16.48.16:465][  0]LogSlate: New Slate User Created.  User Index 0, Is Virtual User: 0
[2023.03.10-16.48.16:465][  0]LogSlate: Slate User Registered.  User Index 0, Is Virtual User: 0
[2023.03.10-16.48.16:477][  0]LogD3D11RHI: Loaded GFSDK_Aftermath_Lib.x64.dll
[2023.03.10-16.48.16:513][  0]LogHMD: Failed to initialize OpenVR with code 110
[2023.03.10-16.48.16:513][  0]LogD3D11RHI: D3D11 min allowed feature level: 11_0
[2023.03.10-16.48.16:513][  0]LogD3D11RHI: D3D11 max allowed feature level: 11_0
[2023.03.10-16.48.16:513][  0]LogD3D11RHI: D3D11 adapters:
[2023.03.10-16.48.16:611][  0]LogD3D11RHI:    0. 'NVIDIA GeForce RTX 3050 Ti Laptop GPU' (Feature Level 11_0)
[2023.03.10-16.48.16:611][  0]LogD3D11RHI:       3976/0/7896 MB DedicatedVideo/DedicatedSystem/SharedSystem, Outputs:1, VendorId:0x10de
[2023.03.10-16.48.16:654][  0]LogD3D11RHI:    1. 'AMD Radeon(TM) Graphics' (Feature Level 11_0)
[2023.03.10-16.48.16:654][  0]LogD3D11RHI:       495/0/7896 MB DedicatedVideo/DedicatedSystem/SharedSystem, Outputs:0, VendorId:0x1002
[2023.03.10-16.48.16:658][  0]LogD3D11RHI:    2. 'Microsoft Basic Render Driver' (Feature Level 11_0)
[2023.03.10-16.48.16:658][  0]LogD3D11RHI:       0/0/7896 MB DedicatedVideo/DedicatedSystem/SharedSystem, Outputs:0, VendorId:0x1414
[2023.03.10-16.48.16:658][  0]LogD3D11RHI: Chosen D3D11 Adapter:
[2023.03.10-16.48.16:658][  0]LogD3D11RHI:     Description : NVIDIA GeForce RTX 3050 Ti Laptop GPU
[2023.03.10-16.48.16:658][  0]LogD3D11RHI:     VendorId    : 10de
[2023.03.10-16.48.16:658][  0]LogD3D11RHI:     DeviceId    : 25a0
[2023.03.10-16.48.16:658][  0]LogD3D11RHI:     SubSysId    : 111c1043
[2023.03.10-16.48.16:658][  0]LogD3D11RHI:     Revision    : 00a1
[2023.03.10-16.48.16:658][  0]LogD3D11RHI:     DedicatedVideoMemory : 4169138176 bytes
[2023.03.10-16.48.16:658][  0]LogD3D11RHI:     DedicatedSystemMemory : 0 bytes
[2023.03.10-16.48.16:658][  0]LogD3D11RHI:     SharedSystemMemory : 8279746560 bytes
[2023.03.10-16.48.16:658][  0]LogD3D11RHI:     AdapterLuid : 0 71462
[2023.03.10-16.48.16:666][  0]LogD3D11RHI: Creating new Direct3DDevice
[2023.03.10-16.48.16:666][  0]LogD3D11RHI:     GPU DeviceId: 0x25a0 (for the marketing name, search the web for "GPU Device Id")
[2023.03.10-16.48.16:666][  0]LogWindows: EnumDisplayDevices:
[2023.03.10-16.48.16:666][  0]LogWindows:    0. 'AMD Radeon(TM) Graphics' (P:1 D:1)
[2023.03.10-16.48.16:666][  0]LogWindows:    1. 'AMD Radeon(TM) Graphics' (P:0 D:0)
[2023.03.10-16.48.16:667][  0]LogWindows:    2. 'AMD Radeon(TM) Graphics' (P:0 D:0)
[2023.03.10-16.48.16:667][  0]LogWindows:    3. 'NVIDIA GeForce RTX 3050 Ti Laptop GPU' (P:0 D:0)
[2023.03.10-16.48.16:667][  0]LogWindows:    4. 'NVIDIA GeForce RTX 3050 Ti Laptop GPU' (P:0 D:0)
[2023.03.10-16.48.16:668][  0]LogWindows:    5. 'NVIDIA GeForce RTX 3050 Ti Laptop GPU' (P:0 D:0)
[2023.03.10-16.48.16:668][  0]LogWindows:    6. 'NVIDIA GeForce RTX 3050 Ti Laptop GPU' (P:0 D:0)
[2023.03.10-16.48.16:668][  0]LogWindows: DebugString: PrimaryIsNotTheChoosenAdapter PrimaryIsNotTheChoosenAdapter PrimaryIsNotTheChoosenAdapter FoundDriverCount:4 
[2023.03.10-16.48.16:668][  0]LogD3D11RHI:     Adapter Name: NVIDIA GeForce RTX 3050 Ti Laptop GPU
[2023.03.10-16.48.16:668][  0]LogD3D11RHI:   Driver Version: 528.49 (internal:31.0.15.2849, unified:528.49)
[2023.03.10-16.48.16:668][  0]LogD3D11RHI:      Driver Date: 2-2-2023
[2023.03.10-16.48.16:668][  0]LogRHI: Texture pool is 2783 MB (70% of 3976 MB)
[2023.03.10-16.48.16:668][  0]LogD3D11RHI: Creating D3DDevice using adapter:
[2023.03.10-16.48.16:668][  0]LogD3D11RHI:     Description : NVIDIA GeForce RTX 3050 Ti Laptop GPU
[2023.03.10-16.48.16:668][  0]LogD3D11RHI:     VendorId    : 10de
[2023.03.10-16.48.16:668][  0]LogD3D11RHI:     DeviceId    : 25a0
[2023.03.10-16.48.16:668][  0]LogD3D11RHI:     SubSysId    : 111c1043
[2023.03.10-16.48.16:668][  0]LogD3D11RHI:     Revision    : 00a1
[2023.03.10-16.48.16:668][  0]LogD3D11RHI:     DedicatedVideoMemory : 4169138176 bytes
[2023.03.10-16.48.16:668][  0]LogD3D11RHI:     DedicatedSystemMemory : 0 bytes
[2023.03.10-16.48.16:668][  0]LogD3D11RHI:     SharedSystemMemory : 8279746560 bytes
[2023.03.10-16.48.16:668][  0]LogD3D11RHI:     AdapterLuid : 0 71462
[2023.03.10-16.48.16:721][  0]LogD3D11RHI: RHI has support for 64 bit atomics
[2023.03.10-16.48.16:721][  0]LogD3D11RHI: Async texture creation enabled
[2023.03.10-16.48.16:721][  0]LogD3D11RHI: Array index from any shader is supported
[2023.03.10-16.48.16:737][  0]LogD3D11RHI: GPU Timing Frequency: 1000.000000 (Debug: 2 1)
[2023.03.10-16.48.16:773][  0]LogRHI: GeForceNow SDK initialized: 1
[2023.03.10-16.48.17:059][  0]LogTargetPlatformManager: Display: Loaded TargetPlatform 'WindowsNoEditor'
[2023.03.10-16.48.17:065][  0]LogTargetPlatformManager: Display: Loaded TargetPlatform 'Windows'
[2023.03.10-16.48.17:070][  0]LogTargetPlatformManager: Display: Loaded TargetPlatform 'WindowsClient'
[2023.03.10-16.48.17:076][  0]LogTargetPlatformManager: Display: Loaded TargetPlatform 'WindowsServer'
[2023.03.10-16.48.17:076][  0]LogTargetPlatformManager: Display: Building Assets For Windows
[2023.03.10-16.48.17:085][  0]LogAudioDebug: Display: Lib vorbis DLL was dynamically loaded.
[2023.03.10-16.48.17:129][  0]LogTextureFormatOodle: Display: Oodle Texture 2.9.0 init RDO Off
[2023.03.10-16.48.17:173][  0]LogRendererCore: Ray tracing is disabled. Reason: r.RayTracing=0.
[2023.03.10-16.48.17:174][  0]LogShaderCompilers: Guid format shader working directory is -40 characters bigger than the processId version (../../../../../../Users/clayt/Documents/GitHub/-Journeyman-Twonic---Alpha-Team/Twonic/Intermediate/Shaders/WorkingDirectory/10956/).
[2023.03.10-16.48.17:174][  0]LogShaderCompilers: Cleaned the shader compiler working directory 'C:/Users/clayt/AppData/Local/Temp/UnrealShaderWorkingDir/E5B7A77547CDFFE471ECD5830CCDE76B/'.
[2023.03.10-16.48.17:174][  0]LogXGEController: Cannot use XGE Controller as Incredibuild is not installed on this machine.
[2023.03.10-16.48.17:174][  0]LogShaderCompilers: Cannot use XGE Shader Compiler as Incredibuild is not installed on this machine.
[2023.03.10-16.48.17:174][  0]LogShaderCompilers: Display: Using Local Shader Compiler.
[2023.03.10-16.48.17:814][  0]LogDerivedDataCache: Display: Max Cache Size: 512 MB
[2023.03.10-16.48.17:877][  0]LogDerivedDataCache: Loaded boot cache 0.06s 94MB C:/Users/clayt/AppData/Local/UnrealEngine/4.27/DerivedDataCache/Boot.ddc.
[2023.03.10-16.48.17:877][  0]LogDerivedDataCache: Display: Loaded Boot cache: C:/Users/clayt/AppData/Local/UnrealEngine/4.27/DerivedDataCache/Boot.ddc
[2023.03.10-16.48.17:877][  0]LogDerivedDataCache: FDerivedDataBackendGraph:  Pak pak cache file ../../../../../../Users/clayt/Documents/GitHub/-Journeyman-Twonic---Alpha-Team/Twonic/DerivedDataCache/DDC.ddp not found, will not use a pak cache.
[2023.03.10-16.48.17:877][  0]LogDerivedDataCache: Unable to find inner node Pak for hierarchical cache Hierarchy.
[2023.03.10-16.48.17:877][  0]LogDerivedDataCache: FDerivedDataBackendGraph:  CompressedPak pak cache file ../../../../../../Users/clayt/Documents/GitHub/-Journeyman-Twonic---Alpha-Team/Twonic/DerivedDataCache/Compressed.ddp not found, will not use a pak cache.
[2023.03.10-16.48.17:877][  0]LogDerivedDataCache: Unable to find inner node CompressedPak for hierarchical cache Hierarchy.
[2023.03.10-16.48.17:894][  0]LogDerivedDataCache: Display: Pak cache opened for reading ../../../Engine/DerivedDataCache/Compressed.ddp.
[2023.03.10-16.48.17:895][  0]LogDerivedDataCache: FDerivedDataBackendGraph:  EnterprisePak pak cache file ../../../Enterprise/DerivedDataCache/Compressed.ddp not found, will not use a pak cache.
[2023.03.10-16.48.17:895][  0]LogDerivedDataCache: Unable to find inner node EnterprisePak for hierarchical cache Hierarchy.
[2023.03.10-16.48.17:905][  0]LogDerivedDataCache: Speed tests for C:/Users/clayt/AppData/Local/UnrealEngine/Common/DerivedDataCache took 0.01 seconds
[2023.03.10-16.48.17:906][  0]LogDerivedDataCache: Display: Performance to C:/Users/clayt/AppData/Local/UnrealEngine/Common/DerivedDataCache: Latency=0.06ms. RandomReadSpeed=613.49MBs, RandomWriteSpeed=112.20MBs. Assigned SpeedClass 'Local'
[2023.03.10-16.48.17:906][  0]LogDerivedDataCache: Using Local data cache path C:/Users/clayt/AppData/Local/UnrealEngine/Common/DerivedDataCache: Writable
[2023.03.10-16.48.17:906][  0]LogDerivedDataCache: Shared data cache path not found in *engine.ini, will not use an Shared cache.
[2023.03.10-16.48.17:906][  0]LogDerivedDataCache: Unable to find inner node Shared for hierarchical cache Hierarchy.
[2023.03.10-16.48.17:939][  0]LogSlate: Using FreeType 2.10.0
[2023.03.10-16.48.17:940][  0]LogSlate: SlateFontServices - WITH_FREETYPE: 1, WITH_HARFBUZZ: 1
[2023.03.10-16.48.18:083][  0]LogInit: Using OS detected language (en-GB).
[2023.03.10-16.48.18:083][  0]LogInit: Using OS detected locale (en-GB).
[2023.03.10-16.48.18:084][  0]LogTextLocalizationManager: No specific localization for 'en-GB' exists, so the 'en' localization will be used.
[2023.03.10-16.48.18:088][  0]LogTextLocalizationManager: Compacting localization data took   0.01ms
[2023.03.10-16.48.18:088][  0]LogAssetRegistry: FAssetRegistry took 0.0021 seconds to start up
[2023.03.10-16.48.18:243][  0]LogPackageLocalizationCache: Processed 27 localized package path(s) for 1 prioritized culture(s) in 0.001685 seconds
[2023.03.10-16.48.18:318][  0]LogInit: Selected Device Profile: [Windows]
[2023.03.10-16.48.18:318][  0]LogInit: Active device profile: [000001791E36AD00][0000017912653200 49] Windows
[2023.03.10-16.48.18:318][  0]LogInit: Profiles: [000001791E36AD00][0000017912653200 49] Windows, [000001791E31D500][000001791265B380 49] WindowsNoEditor, [000001791E369500][000001791265F500 49] WindowsServer, [000001791E31E500][0000017912921680 49] WindowsClient, [000001791E36A400][0000017912925800 49] IOS, [000001791E31EF00][0000017912657940 49] iPadAir, [000001791E36B200][0000017912929A80 49] iPadAir2, [000001791E2CF400][0000017912930140 49] IPadPro, [000001791E2CF500][000001791292C180 49] iPadAir3, [000001791E369000][0000017912938300 49] iPadAir4, [000001791E2CDA00][000001791293C480 49] iPadMini2, [000001791E36AB00][0000017912940600 49] iPadMini3, [000001791E2CF700][0000017912944780 49] iPadMini4, [000001791E36B500][0000017912948900 49] iPadMini5, [000001791E31AD00][0000017912950BC0 49] iPhone6, [000001791E31AE00][000001791294CC00 49] iPodTouch6, [000001791E2CCB00][0000017912958EC0 49] iPhone7, [000001791E2CCA00][0000017912954F00 49] iPodTouch7, [000001791E319900][000001791295D080 49] iPhone5S, [000001791E2CEB00][0000017912961200 49] iPhone6Plus, [000001791E31AF00][0000017912965380 49] iPhone6S, [000001791E2CE100][0000017912969500 49] iPhone6SPlus, [000001791E31A500][0000017916509680 49] iPhone7Plus, [000001791E2CF800][000001791650D800 49] iPhoneSE, [000001791E319A00][0000017916511980 49] iPhone8, [000001791E2CEA00][0000017912935AC0 49] iPhone8Plus, [000001791E31A200][0000017916515C00 49] iPhoneX, [000001791E2CF200][00000179165181C0 49] iPhoneXS, [000001791E319400][000001791651C300 49] iPhoneXSMax, [000001791E2CE700][0000017916524480 49] iPhoneXR, [000001791E319300][0000017916528600 49] iPhone11, [000001791E2CE900][000001791652C780 49] iPhone11Pro, [000001791E31B300][0000017916530900 49] iPhone11ProMax, [000001791E2CE200][0000017916534A80 49] iPhoneSE2, [000001791E319500][0000017916538C00 49] iPhone12Mini, [000001791E2CED00][000001791653CD80 49] iPhone12, [000001791E318300][0000017916540F00 49] iPhone12Pro, [000001791E2CE600][0000017916545080 49] iPhone12ProMax, [000001791E31BA00][0000017916549200 49] iPadPro105, [000001791E2CDC00][000001791654D380 49] iPadPro129, [000001791E318A00][0000017916551500 49] iPadPro97, [000001791E2CE000][0000017916555680 49] iPadPro2_129, [000001791E31BB00][0000017916559800 49] iPad5, [000001791E2CF600][000001791655D980 49] iPad6, [000001791E31A700][0000017916561B00 49] iPad7, [000001791E2CDD00][0000017916564100 49] iPad8, [000001791E31BC00][0000017916520240 49] iPadPro11, [000001791E2CEF00][0000017916568380 49] iPadPro2_11, [000001791E31B600][000001791656C4C0 49] iPadPro3_129, [000001791D3B8800][0000017916574640 49] iPadPro4_129, [000001791E31F900][00000179165787C0 49] AppleTV, [000001791D3B9100][000001791657C940 49] AppleTV4K, [000001791E31EB00][000001791247EAC0 49] TVOS, [000001791D3B8B00][0000017912482C40 49] Mac, [000001791E31CB00][0000017912486DC0 49] MacClient, [000001791D3B8D00][000001791248AF40 49] MacNoEditor, [000001791E31C900][000001791248F0C0 49] MacServer, [000001791D3B8C00][0000017912493240 49] Linux, [000001791E31CD00][00000179124973C0 49] LinuxAArch64, [000001791D3B9300][000001791249B540 49] LinuxNoEditor, [000001791E31D000][000001791249F6C0 49] LinuxAArch64NoEditor, [000001791D3B9900][00000179124A3840 49] LinuxClient, [000001791E31F400][00000179124A79C0 49] LinuxAArch64Client, [000001791D3B8200][00000179124ABB40 49] LinuxServer, [000001791E31DE00][00000179124AE140 49] LinuxAArch64Server, [000001791D3B8100][00000179124B22C0 49] Android, [000001791E31E900][0000017916570400 49] Android_Low, [000001791E31AA00][00000179124B6540 49] Android_Mid, [000001791E2CCD00][00000179124BA680 49] Android_High, [000001791E31B700][00000179124BE7C0 49] Android_Default, [000001791E2CD200][00000179124C6940 49] Android_Adreno4xx, [000001791E319800][00000179124CAAC0 49] Android_Adreno5xx_Low, [000001791E2CF300][00000179124CEC40 49] Android_Adreno5xx, [000001791E31A800][00000179124D2DC0 49] Android_Adreno6xx, [000001791E2CC900][00000179124D6F40 49] Android_Adreno6xx_Vulkan, [000001791E319D00][00000179124DB0C0 49] Android_Mali_T6xx, [000001791E2CFA00][00000179124DF240 49] Android_Mali_T7xx, [000001791E31B500][00000179124E33C0 49] Android_Mali_T8xx, [000001791E2CFB00][00000179124E7540 49] Android_Mali_G71, [000001791E318B00][00000179124EB6C0 49] Android_Mali_G72, [000001791E2CC600][00000179124EF840 49] Android_Mali_G72_Vulkan, [000001791E319E00][00000179124F39C0 49] Android_Mali_G76, [000001791E2CFF00][00000179124F7B40 49] Android_Mali_G76_Vulkan, [000001791E318400][00000179124FA140 49] Android_Mali_G77, [000001791E2CEE00][00000179124FE2C0 49] Android_Mali_G77_Vulkan, [000001791E31BF00][0000017912502440 49] Android_Mali_G78, [000001791E2CEC00][00000179124C2580 49] Android_Mali_G78_Vulkan, [000001791E31A400][00000179125066C0 49] Android_Mali_G710, [000001791E2CD500][000001791250A800 49] Android_Mali_G710_Vulkan, [000001791D3B8300][000001791250E940 49] Android_Vulkan_SM5, [000001791E2CC200][0000017912516AC0 49] Android_PowerVR_G6xxx, [000001791D3B9B00][000001791251AC40 49] Android_PowerVR_GT7xxx, [000001791E2CDE00][000001791251EDC0 49] Android_PowerVR_GE8xxx, [000001791D3B9600][0000017912522F40 49] Android_PowerVR_GM9xxx, [000001791E2CF100][00000179125270C0 49] Android_PowerVR_GM9xxx_Vulkan, [000001791D3B9700][000001791252B240 49] Android_TegraK1, [000001791E2CD600][000001791252F3C0 49] Android_Unknown_Vulkan, [000001791E31A300][0000017912533540 49] Lumin, [000001791E2CD100][00000179125376C0 49] Lumin_Desktop, [000001791E319200][000001791253B840 49] HoloLens, 
[2023.03.10-16.48.18:371][  0]LogMeshReduction: Using QuadricMeshReduction for automatic static mesh reduction
[2023.03.10-16.48.18:371][  0]LogMeshReduction: Using SimplygonMeshReduction for automatic skeletal mesh reduction
[2023.03.10-16.48.18:371][  0]LogMeshReduction: Using ProxyLODMeshReduction for automatic mesh merging
[2023.03.10-16.48.18:371][  0]LogMeshReduction: No distributed automatic mesh merging module available
[2023.03.10-16.48.18:371][  0]LogMeshMerging: No distributed automatic mesh merging module available
[2023.03.10-16.48.18:460][  0]LogNetVersion: Twonic 1.0.0, NetCL: 17155196, EngineNetVer: 17, GameNetVer: 0 (Checksum: 4023415434)
[2023.03.10-16.48.18:709][  0]LogTexture: Default maximum texture size for cubemaps generated from long-lat sources has been changed from 512 to unlimited. In order to preserve old behaiour for '/Engine/MapTemplates/Sky/DaylightAmbientCubemap.DaylightAmbientCubemap', its maximum texture size has been explicitly set to 512.
[2023.03.10-16.48.18:765][  0]LogHMD: PokeAHoleMaterial loaded successfully
[2023.03.10-16.48.18:899][  0]LogMoviePlayer: Initializing movie player
[2023.03.10-16.48.19:022][  0]LogUdpMessaging: Initializing bridge on interface 0.0.0.0:0 to multicast group 230.0.0.1:6666.
[2023.03.10-16.48.19:049][  0]LogNiagaraDebuggerClient: Niagara Debugger Client Initialized | Session: 11BA185B45D22FB26052D48DCF07CBFF | Instance: D342C711447E2ECC41D4A6A6A794FB6C (CLONGLAPTOP7-10956).
[2023.03.10-16.48.19:073][  0]LogCollectionManager: Loaded 0 collections in 0.001934 seconds
[2023.03.10-16.48.19:077][  0]LogFileCache: Scanning file cache for directory 'C:/Users/clayt/Documents/GitHub/-Journeyman-Twonic---Alpha-Team/Twonic/Saved/Collections/' took 0.00s
[2023.03.10-16.48.19:077][  0]LogFileCache: Scanning file cache for directory 'C:/Users/clayt/Documents/GitHub/-Journeyman-Twonic---Alpha-Team/Twonic/Content/Developers/clayt/Collections/' took 0.00s
[2023.03.10-16.48.19:077][  0]LogFileCache: Scanning file cache for directory 'C:/Users/clayt/Documents/GitHub/-Journeyman-Twonic---Alpha-Team/Twonic/Content/Collections/' took 0.00s
[2023.03.10-16.48.19:077][  0]LogCollectionManager: Fixed up redirectors for 0 collections in 0.000001 seconds (updated 0 objects)
[2023.03.10-16.48.19:091][  0]LogTcpMessaging: Initializing TcpMessaging bridge
[2023.03.10-16.48.19:247][  0]LogPython: Using Python 3.7.7
[2023.03.10-16.48.19:770][  0]SourceControl: Source control is disabled
[2023.03.10-16.48.19:770][  0]SourceControl: Source control is disabled
[2023.03.10-16.48.19:781][  0]LogUProjectInfo: Found projects:
[2023.03.10-16.48.19:804][  0]SourceControl: Source control is disabled
[2023.03.10-16.48.19:852][  0]LogAndroidPermission: UAndroidPermissionCallbackProxy::GetInstance
[2023.03.10-16.48.19:882][  0]LogAudioCaptureCore: Display: No Audio Capture implementations found. Audio input will be silent.
[2023.03.10-16.48.19:882][  0]LogAudioCaptureCore: Display: No Audio Capture implementations found. Audio input will be silent.
[2023.03.10-16.48.20:024][  0]LogOpenImageDenoise: OIDN starting up
[2023.03.10-16.48.20:066][  0]LogOcInput: OculusInput pre-init called
[2023.03.10-16.48.20:076][  0]LogUObjectArray: 22121 objects as part of root set at end of initial load.
[2023.03.10-16.48.20:076][  0]LogUObjectAllocator: 5975632 out of 0 bytes used by permanent object pool.
[2023.03.10-16.48.20:076][  0]LogUObjectArray: CloseDisregardForGC: 0/0 objects in disregard for GC pool
[2023.03.10-16.48.20:139][  0]LogEngine: Initializing Engine...
[2023.03.10-16.48.20:142][  0]LogHMD: Failed to enumerate extensions. Please check that you have a valid OpenXR runtime installed.
[2023.03.10-16.48.20:143][  0]LogHMD: Failed to initialize OpenVR with code 110
[2023.03.10-16.48.20:143][  0]LogMagicLeap: Warning: VR disabled because ZI is not enabled.  To enable, in the editor, Edit -> Project Settings -> Plugins -> Magic Leap Plugin -> Enable Zero Iteration
[2023.03.10-16.48.20:145][  0]LogStats: UGameplayTagsManager::InitializeManager -  0.000 s
[2023.03.10-16.48.20:263][  0]LogInit: Initializing FReadOnlyCVARCache
[2023.03.10-16.48.20:264][  0]LogAudio: Display: Initializing Audio Device Manager...
[2023.03.10-16.48.20:273][  0]LogAudio: Display: Loading Default Audio Settings Objects...
[2023.03.10-16.48.20:274][  0]LogAudio: Display: No default SoundConcurrencyObject specified (or failed to load).
[2023.03.10-16.48.20:274][  0]LogAudio: Display: Audio Device Manager Initialized
[2023.03.10-16.48.20:274][  0]LogAudio: Display: Creating Audio Device:                 Id: 1, Scope: Shared, Realtime: True
[2023.03.10-16.48.20:275][  0]LogAudioMixer: Display: Audio Mixer Platform Settings:
[2023.03.10-16.48.20:275][  0]LogAudioMixer: Display: 	Sample Rate:						  48000
[2023.03.10-16.48.20:275][  0]LogAudioMixer: Display: 	Callback Buffer Frame Size Requested: 1024
[2023.03.10-16.48.20:275][  0]LogAudioMixer: Display: 	Callback Buffer Frame Size To Use:	  1024
[2023.03.10-16.48.20:275][  0]LogAudioMixer: Display: 	Number of buffers to queue:			  2
[2023.03.10-16.48.20:275][  0]LogAudioMixer: Display: 	Max Channels (voices):				  32
[2023.03.10-16.48.20:275][  0]LogAudioMixer: Display: 	Number of Async Source Workers:		  0
[2023.03.10-16.48.20:275][  0]LogAudio: Display: AudioDevice MaxSources: 32
[2023.03.10-16.48.20:275][  0]LogAudio: Display: Audio Spatialization Plugin: None (built-in).
[2023.03.10-16.48.20:275][  0]LogAudio: Display: Audio Reverb Plugin: None (built-in).
[2023.03.10-16.48.20:275][  0]LogAudio: Display: Audio Occlusion Plugin: None (built-in).
[2023.03.10-16.48.20:275][  0]LogAudioMixer: Display: Initializing audio mixer.
[2023.03.10-16.48.20:290][  0]LogAudioMixer: Display: 0: FrontLeft
[2023.03.10-16.48.20:290][  0]LogAudioMixer: Display: 1: FrontRight
[2023.03.10-16.48.20:319][  0]LogAudioMixer: Display: Using Audio Device Speakers (Realtek(R) Audio)
[2023.03.10-16.48.20:326][  0]LogAudioMixer: Display: Initializing Sound Submixes...
[2023.03.10-16.48.20:328][  0]LogAudioMixer: Display: Creating Master Submix 'MasterSubmixDefault'
[2023.03.10-16.48.20:329][  0]LogAudioMixer: Display: Creating Master Submix 'MasterReverbSubmixDefault'
[2023.03.10-16.48.20:330][  0]LogAudioMixer: Display: Creating Master Submix 'MasterEQSubmixDefault'
[2023.03.10-16.48.20:330][  0]LogAudioMixer: FMixerPlatformXAudio2::StartAudioStream() called
[2023.03.10-16.48.20:330][  0]LogAudioMixer: Display: Output buffers initialized: Frames=1024, Channels=2, Samples=2048
[2023.03.10-16.48.20:331][  0]LogAudioMixer: Display: Starting AudioMixerPlatformInterface::RunInternal()
[2023.03.10-16.48.20:331][  0]LogAudioMixer: Display: FMixerPlatformXAudio2::SubmitBuffer() called for the first time
[2023.03.10-16.48.20:331][  0]LogInit: FAudioDevice initialized.
[2023.03.10-16.48.20:334][  0]LogNetVersion: Set ProjectVersion to 1.0.0.0. Version Checksum will be recalculated on next use.
[2023.03.10-16.48.20:336][  0]LogInit: Texture streaming: Enabled
[2023.03.10-16.48.20:451][  0]LogAudio: Display: Audio Device (ID: 1) registered with world 'Untitled'.
[2023.03.10-16.48.20:451][  0]LogSlate: Updating window title bar state: overlay mode, drag disabled, window buttons hidden, title bar hidden
[2023.03.10-16.48.20:451][  0]LogInit: Display: Game Engine Initialized.
[2023.03.10-16.48.20:452][  0]LogNiagaraEditor: GEditor isn't valid! Particle reset commands will not work for Niagara components!
[2023.03.10-16.48.20:593][  0]LogInit: Display: Starting Game.
[2023.03.10-16.48.20:594][  0]LogNet: Browse: /Game/Roles/Designer/Clayton/Level/MP_EdusLevel1?Name=Player
[2023.03.10-16.48.20:594][  0]LogLoad: LoadMap: /Game/Roles/Designer/Clayton/Level/MP_EdusLevel1?Name=Player
[2023.03.10-16.48.20:594][  0]LogWorld: BeginTearingDown for /Temp/Untitled_0
[2023.03.10-16.48.20:596][  0]LogWorld: UWorld::CleanupWorld for Untitled, bSessionEnded=true, bCleanupResources=true
[2023.03.10-16.48.20:596][  0]LogSlate: InvalidateAllWidgets triggered.  All widgets were invalidated
[2023.03.10-16.48.20:602][  0]LogAudio: Display: Audio Device unregistered from world 'None'.
[2023.03.10-16.48.20:606][  0]LogUObjectHash: Compacting FUObjectHashTables data took   0.85ms
[2023.03.10-16.48.20:909][  0]LogBlueprint: Warning: [AssetLog] C:\Users\clayt\Documents\GitHub\-Journeyman-Twonic---Alpha-Team\Twonic\Content\Roles\Designer\Owen\Bps\Twonic_Player_BP.uasset: [Compiler] InputAction Event references unknown Action 'Interact/Prayer' for  InputAction Interact/Prayer
[2023.03.10-16.48.21:324][  0]LogUObjectGlobals: Warning: [AssetLog] C:\Users\clayt\Documents\GitHub\-Journeyman-Twonic---Alpha-Team\Twonic\Content\Roles\Designer\Joe\G1_MC_.uasset: Failed to load '/Game/Level/mouse_yifu19': Can't find file.
[2023.03.10-16.48.21:324][  0]LogUObjectGlobals: Warning: [AssetLog] C:\Users\clayt\Documents\GitHub\-Journeyman-Twonic---Alpha-Team\Twonic\Content\Roles\Designer\Joe\G1_MC_.uasset: Failed to load '/Game/Level/mouse_yifu19': Can't find file.
[2023.03.10-16.48.21:819][  0]LogAudio: Display: Audio Device (ID: 1) registered with world 'MP_EdusLevel1'.
[2023.03.10-16.48.21:829][  0]LogAIModule: Creating AISystem for world MP_EdusLevel1
[2023.03.10-16.48.21:829][  0]LogLoad: Game class is 'David_GameMode_C'
[2023.03.10-16.48.21:882][  0]LogWorld: Bringing World /Game/Roles/Designer/Clayton/Level/MP_EdusLevel1.MP_EdusLevel1 up for play (max tick rate 90) at 2023.03.10-16.48.21
[2023.03.10-16.48.21:882][  0]LogWorld: Bringing up level for play took: 0.052399
[2023.03.10-16.48.21:902][  0]LogLoad: Took 1.307589 seconds to LoadMap(/Game/Roles/Designer/Clayton/Level/MP_EdusLevel1)
[2023.03.10-16.48.21:934][  0]LogSlate: Took 0.000381 seconds to synchronously load lazily loaded font '../../../Engine/Content/Slate/Fonts/Roboto-Regular.ttf' (155K)
[2023.03.10-16.48.21:958][  0]LogRenderer: Reallocating scene render targets to support 1912x1000 Format 10 NumSamples 1 (Frame:1).
[2023.03.10-16.48.21:958][  0]LogInit: Display: Engine is initialized. Leaving FEngineLoop::Init()
[2023.03.10-16.48.21:958][  0]LogLoad: (Engine Initialization) Total time: 7.51 seconds
[2023.03.10-16.48.21:958][  0]LogLoad: (Engine Initialization) Total Blueprint compile time: 0.00 seconds
[2023.03.10-16.48.22:020][  0]LogContentStreaming: Texture pool size now 3000 MB
[2023.03.10-16.49.14:617][719]LogWindowsDesktop: Alt-F4 pressed!
[2023.03.10-16.49.14:624][719]LogSlate: Window 'Twonic (64-bit Development PCD3D_SM5) ' being destroyed
[2023.03.10-16.49.14:625][719]LogWindowsTextInputMethodSystem: Display: IME system deactivated.
[2023.03.10-16.49.14:631][719]LogWindowsTextInputMethodSystem: Display: IME system deactivated.
[2023.03.10-16.49.14:632][719]LogSlate: Updating window title bar state: overlay mode, drag disabled, window buttons hidden, title bar hidden
[2023.03.10-16.49.14:632][719]LogEngine: All Windows Closed
[2023.03.10-16.49.14:632][719]LogWindows: FPlatformMisc::RequestExit(0)
[2023.03.10-16.49.14:632][719]LogWindows: FPlatformMisc::RequestExitWithStatus(0, 0)
[2023.03.10-16.49.14:632][719]LogCore: Engine exit requested (reason: Win RequestExit)
[2023.03.10-16.49.14:633][720]LogCore: Engine exit requested (reason: EngineExit() was called; note: exit was already requested)
[2023.03.10-16.49.14:633][720]LogInit: Display: PreExit Game.
[2023.03.10-16.49.14:651][720]LogWorld: BeginTearingDown for /Game/Roles/Designer/Clayton/Level/MP_EdusLevel1
[2023.03.10-16.49.14:652][720]LogWorld: UWorld::CleanupWorld for MP_EdusLevel1, bSessionEnded=true, bCleanupResources=true
[2023.03.10-16.49.14:660][720]LogSlate: InvalidateAllWidgets triggered.  All widgets were invalidated
[2023.03.10-16.49.15:176][720]LogAudio: Display: Beginning Audio Device Manager Shutdown (Module: AudioMixerXAudio2)...
[2023.03.10-16.49.15:176][720]LogAudio: Display: Destroying 1 Remaining Audio Device(s)...
[2023.03.10-16.49.15:176][720]LogAudio: Display: Audio Device unregistered from world 'MP_EdusLevel1'.
[2023.03.10-16.49.15:194][720]LogAudioMixer: FMixerPlatformXAudio2::StopAudioStream() called
[2023.03.10-16.49.15:196][720]LogAudioMixer: FMixerPlatformXAudio2::StopAudioStream() called
[2023.03.10-16.49.15:199][720]LogAudio: Display: Audio Device Manager Shutdown
[2023.03.10-16.49.15:206][720]LogExit: Preparing to exit.
[2023.03.10-16.49.15:214][720]LogSlate: Updating window title bar state: overlay mode, drag disabled, window buttons hidden, title bar hidden
[2023.03.10-16.49.15:222][720]LogUObjectHash: Compacting FUObjectHashTables data took   1.30ms
[2023.03.10-16.49.16:059][720]LogMoviePlayer: Shutting down movie player
[2023.03.10-16.49.16:233][720]LogDemo: Cleaned up 0 splitscreen connections with owner deletion
[2023.03.10-16.49.16:244][720]LogExit: Game engine shut down
[2023.03.10-16.49.16:341][720]LogExit: Object subsystem successfully closed.
[2023.03.10-16.49.16:368][720]LogShaderCompilers: Display: === FShaderJobCache stats ===
[2023.03.10-16.49.16:368][720]LogShaderCompilers: Display: Total job queries 0, among them cache hits 0 (0.00%)
[2023.03.10-16.49.16:368][720]LogShaderCompilers: Display: Tracking 0 distinct input hashes that result in 0 distinct outputs (0.00%)
[2023.03.10-16.49.16:368][720]LogShaderCompilers: Display: RAM used: 0.00 MB (0.00 GB) of 819.20 MB (0.80 GB) budget. Usage: 0.00%
[2023.03.10-16.49.16:368][720]LogShaderCompilers: Display: ================================================
[2023.03.10-16.49.16:385][720]LogShaderCompilers: Display: Shaders left to compile 0
[2023.03.10-16.49.16:430][720]LogModuleManager: Shutting down and abandoning module SequenceRecorderSections (560)
[2023.03.10-16.49.16:430][720]LogModuleManager: Shutting down and abandoning module SequenceRecorder (558)
[2023.03.10-16.49.16:430][720]LogModuleManager: Shutting down and abandoning module AutomationController (556)
[2023.03.10-16.49.16:431][720]LogModuleManager: Shutting down and abandoning module AutomationWorker (554)
[2023.03.10-16.49.16:431][720]LogModuleManager: Shutting down and abandoning module Voice (552)
[2023.03.10-16.49.16:431][720]LogModuleManager: Shutting down and abandoning module AIModule (550)
[2023.03.10-16.49.16:433][720]LogModuleManager: Shutting down and abandoning module GameplayDebugger (549)
[2023.03.10-16.49.16:433][720]LogModuleManager: Shutting down and abandoning module AITestSuite (547)
[2023.03.10-16.49.16:433][720]LogModuleManager: Shutting down and abandoning module NavigationSystem (545)
[2023.03.10-16.49.16:433][720]LogModuleManager: Shutting down and abandoning module AnimGraph (542)
[2023.03.10-16.49.16:433][720]LogModuleManager: Shutting down and abandoning module SteamVREditor (540)
[2023.03.10-16.49.16:433][720]LogModuleManager: Shutting down and abandoning module ToolMenus (539)
[2023.03.10-16.49.16:433][720]LogModuleManager: Shutting down and abandoning module OculusMR (536)
[2023.03.10-16.49.16:433][720]LogModuleManager: Shutting down and abandoning module PlanarCut (534)
[2023.03.10-16.49.16:435][720]LogModuleManager: Shutting down and abandoning module CharacterAI (532)
[2023.03.10-16.49.16:435][720]LogModuleManager: Shutting down and abandoning module TakeRecorderSources (530)
[2023.03.10-16.49.16:435][720]LogModuleManager: Shutting down and abandoning module TakeRecorder (529)
[2023.03.10-16.49.16:436][720]LogModuleManager: Shutting down and abandoning module TakeTrackRecorders (526)
[2023.03.10-16.49.16:436][720]LogModuleManager: Shutting down and abandoning module TakesCore (524)
[2023.03.10-16.49.16:436][720]LogModuleManager: Shutting down and abandoning module OpenXRInput (522)
[2023.03.10-16.49.16:436][720]LogModuleManager: Shutting down and abandoning module WebMMediaFactory (520)
[2023.03.10-16.49.16:436][720]LogModuleManager: Shutting down and abandoning module WebMMedia (518)
[2023.03.10-16.49.16:436][720]LogModuleManager: Shutting down and abandoning module WmfMediaFactory (516)
[2023.03.10-16.49.16:436][720]LogModuleManager: Shutting down and abandoning module OpenExrWrapper (514)
[2023.03.10-16.49.16:436][720]LogModuleManager: Shutting down and abandoning module ImgMediaFactory (512)
[2023.03.10-16.49.16:436][720]LogModuleManager: Shutting down and abandoning module AvfMediaFactory (510)
[2023.03.10-16.49.16:436][720]LogModuleManager: Shutting down and abandoning module MagicLeapMediaCodecFactory (508)
[2023.03.10-16.49.16:436][720]LogModuleManager: Shutting down and abandoning module MagicLeapMediaFactory (506)
[2023.03.10-16.49.16:436][720]LogModuleManager: Shutting down and abandoning module SessionServices (504)
[2023.03.10-16.49.16:436][720]LogModuleManager: Shutting down and abandoning module MovieSceneCapture (502)
[2023.03.10-16.49.16:436][720]LogModuleManager: Shutting down and abandoning module LiveCoding (500)
[2023.03.10-16.49.16:437][720]LogModuleManager: Shutting down and abandoning module LevelSequence (498)
[2023.03.10-16.49.16:437][720]LogModuleManager: Shutting down and abandoning module MovieSceneTracks (496)
[2023.03.10-16.49.16:437][720]LogModuleManager: Shutting down and abandoning module MovieScene (494)
[2023.03.10-16.49.16:437][720]LogModuleManager: Shutting down and abandoning module StreamingPauseRendering (492)
[2023.03.10-16.49.16:437][720]LogModuleManager: Shutting down and abandoning module PortalServices (490)
[2023.03.10-16.49.16:437][720]LogModuleManager: Shutting down and abandoning module PortalRpc (488)
[2023.03.10-16.49.16:437][720]LogModuleManager: Shutting down and abandoning module MessagingRpc (486)
[2023.03.10-16.49.16:437][720]LogModuleManager: Shutting down and abandoning module AudioMixerXAudio2 (484)
[2023.03.10-16.49.16:437][720]LogModuleManager: Shutting down and abandoning module AudioMixerCore (483)
[2023.03.10-16.49.16:437][720]LogModuleManager: Shutting down and abandoning module ImageWriteQueue (480)
[2023.03.10-16.49.16:442][720]LogModuleManager: Shutting down and abandoning module ProfilerService (478)
[2023.03.10-16.49.16:472][720]LogModuleManager: Shutting down and abandoning module TaskGraph (476)
[2023.03.10-16.49.16:474][720]LogModuleManager: Shutting down and abandoning module OculusInput (474)
[2023.03.10-16.49.16:474][720]LogModuleManager: Shutting down and abandoning module GeometryCacheTracks (472)
[2023.03.10-16.49.16:474][720]LogModuleManager: Shutting down and abandoning module GeometryCacheSequencer (471)
[2023.03.10-16.49.16:474][720]LogModuleManager: Shutting down and abandoning module GeometryCache (468)
[2023.03.10-16.49.16:474][720]LogModuleManager: Shutting down and abandoning module GeometryCacheEd (467)
[2023.03.10-16.49.16:474][720]LogModuleManager: Shutting down and abandoning module OpenImageDenoise (464)
[2023.03.10-16.49.16:474][720]LogOpenImageDenoise: OIDN shutting down
[2023.03.10-16.49.16:474][720]LogModuleManager: Shutting down and abandoning module MotoSynth (462)
[2023.03.10-16.49.16:474][720]LogModuleManager: Shutting down and abandoning module MeshConversion (460)
[2023.03.10-16.49.16:474][720]LogModuleManager: Shutting down and abandoning module DynamicMesh (458)
[2023.03.10-16.49.16:475][720]LogModuleManager: Shutting down and abandoning module GeometryAlgorithms (456)
[2023.03.10-16.49.16:475][720]LogModuleManager: Shutting down and abandoning module GeometricObjects (454)
[2023.03.10-16.49.16:477][720]LogModuleManager: Shutting down and abandoning module GeometryCollectionTracks (452)
[2023.03.10-16.49.16:477][720]LogModuleManager: Shutting down and abandoning module GeometryCollectionSequencer (451)
[2023.03.10-16.49.16:477][720]LogModuleManager: Shutting down and abandoning module ChaosNiagara (448)
[2023.03.10-16.49.16:478][720]LogModuleManager: Shutting down and abandoning module BackChannel (446)
[2023.03.10-16.49.16:478][720]LogModuleManager: Shutting down and abandoning module AutomationUtils (444)
[2023.03.10-16.49.16:478][720]LogModuleManager: Shutting down and abandoning module TakeMovieScene (442)
[2023.03.10-16.49.16:478][720]LogModuleManager: Shutting down and abandoning module Synthesis (440)
[2023.03.10-16.49.16:479][720]LogModuleManager: Shutting down and abandoning module ProceduralMeshComponent (438)
[2023.03.10-16.49.16:479][720]LogModuleManager: Shutting down and abandoning module MobilePatchingUtils (436)
[2023.03.10-16.49.16:479][720]LogModuleManager: Shutting down and abandoning module GooglePAD (434)
[2023.03.10-16.49.16:479][720]LogModuleManager: Shutting down and abandoning module CableComponent (432)
[2023.03.10-16.49.16:479][720]LogModuleManager: Shutting down and abandoning module EditableMesh (430)
[2023.03.10-16.49.16:479][720]LogModuleManager: Shutting down and abandoning module FieldSystemEngine (429)
[2023.03.10-16.49.16:479][720]LogModuleManager: Shutting down and abandoning module CustomMeshComponent (426)
[2023.03.10-16.49.16:479][720]LogModuleManager: Shutting down and abandoning module AudioCapture (424)
[2023.03.10-16.49.16:479][720]LogModuleManager: Shutting down and abandoning module AudioCaptureRtAudio (423)
[2023.03.10-16.49.16:479][720]LogModuleManager: Shutting down and abandoning module ArchVisCharacter (420)
[2023.03.10-16.49.16:479][720]LogModuleManager: Shutting down and abandoning module AssetTags (418)
[2023.03.10-16.49.16:479][720]LogModuleManager: Shutting down and abandoning module AppleImageUtilsBlueprintSupport (416)
[2023.03.10-16.49.16:479][720]LogModuleManager: Shutting down and abandoning module AppleImageUtils (414)
[2023.03.10-16.49.16:479][720]LogModuleManager: Shutting down and abandoning module AndroidPermission (412)
[2023.03.10-16.49.16:479][720]LogModuleManager: Shutting down and abandoning module ActorLayerUtilities (410)
[2023.03.10-16.49.16:479][720]LogModuleManager: Shutting down and abandoning module MediaCompositing (408)
[2023.03.10-16.49.16:479][720]LogModuleManager: Shutting down and abandoning module ImgMedia (406)
[2023.03.10-16.49.16:479][720]LogModuleManager: Shutting down and abandoning module MagicLeapHelperVulkan (404)
[2023.03.10-16.49.16:479][720]LogModuleManager: Shutting down and abandoning module MagicLeapHelperOpenGL (402)
[2023.03.10-16.49.16:479][720]LogModuleManager: Shutting down and abandoning module MagicLeapAudio (400)
[2023.03.10-16.49.16:479][720]LogModuleManager: Shutting down and abandoning module MagicLeapLightEstimation (398)
[2023.03.10-16.49.16:480][720]LogModuleManager: Shutting down and abandoning module MagicLeapSharedWorld (396)
[2023.03.10-16.49.16:480][720]LogModuleManager: Shutting down and abandoning module TemplateSequence (394)
[2023.03.10-16.49.16:480][720]LogModuleManager: Shutting down and abandoning module SubversionSourceControl (392)
[2023.03.10-16.49.16:481][720]LogModuleManager: Shutting down and abandoning module VisualStudioSourceCodeAccess (390)
[2023.03.10-16.49.16:481][720]LogModuleManager: Shutting down and abandoning module HotReload (389)
[2023.03.10-16.49.16:482][720]LogModuleManager: Shutting down and abandoning module UObjectPlugin (386)
[2023.03.10-16.49.16:482][720]LogModuleManager: Shutting down and abandoning module VisualStudioCodeSourceCodeAccess (384)
[2023.03.10-16.49.16:482][720]LogModuleManager: Shutting down and abandoning module OodleNetworkHandlerComponent (382)
[2023.03.10-16.49.16:482][720]LogModuleManager: Shutting down and abandoning module PerforceSourceControl (380)
[2023.03.10-16.49.16:483][720]LogModuleManager: Shutting down and abandoning module SourceControl (379)
[2023.03.10-16.49.16:483][720]LogModuleManager: Shutting down and abandoning module CLionSourceCodeAccess (376)
[2023.03.10-16.49.16:483][720]LogModuleManager: Shutting down and abandoning module LiveLinkSequencer (374)
[2023.03.10-16.49.16:483][720]LogModuleManager: Shutting down and abandoning module LiveLinkMovieScene (372)
[2023.03.10-16.49.16:483][720]LogModuleManager: Shutting down and abandoning module LiveLinkGraphNode (370)
[2023.03.10-16.49.16:483][720]LogModuleManager: Shutting down and abandoning module LiveLinkComponents (368)
[2023.03.10-16.49.16:483][720]LogModuleManager: Shutting down and abandoning module LiveLink (366)
[2023.03.10-16.49.16:733][720]LogModuleManager: Shutting down and abandoning module PythonScriptPlugin (364)
[2023.03.10-16.49.16:735][720]LogModuleManager: Shutting down and abandoning module SoundFields (362)
[2023.03.10-16.49.16:735][720]LogModuleManager: Shutting down and abandoning module SignificanceManager (360)
[2023.03.10-16.49.16:735][720]LogModuleManager: Shutting down and abandoning module RuntimePhysXCooking (358)
[2023.03.10-16.49.16:735][720]LogModuleManager: Shutting down and abandoning module PropertyAccessEditor (356)
[2023.03.10-16.49.16:735][720]LogModuleManager: Shutting down and abandoning module PhysXVehiclesEditor (354)
[2023.03.10-16.49.16:735][720]LogModuleManager: Shutting down and abandoning module LocationServicesBPLibrary (350)
[2023.03.10-16.49.16:735][720]LogModuleManager: Shutting down and abandoning module AudioSynesthesia (348)
[2023.03.10-16.49.16:735][720]LogModuleManager: Shutting down and abandoning module AudioSynesthesiaCore (346)
[2023.03.10-16.49.16:735][720]LogModuleManager: Shutting down and abandoning module ImgMediaEngine (344)
[2023.03.10-16.49.16:735][720]LogModuleManager: Shutting down and abandoning module MagicLeapHandMeshing (342)
[2023.03.10-16.49.16:735][720]LogModuleManager: Shutting down and abandoning module MagicLeapSecureStorage (340)
[2023.03.10-16.49.16:735][720]LogModuleManager: Shutting down and abandoning module MagicLeapPrivileges (338)
[2023.03.10-16.49.16:736][720]LogModuleManager: Shutting down and abandoning module MagicLeapPlanes (336)
[2023.03.10-16.49.16:737][720]LogMagicLeapPlanes: Planes tracker already destroyed.
[2023.03.10-16.49.16:737][720]LogModuleManager: Shutting down and abandoning module MagicLeapImageTracker (334)
[2023.03.10-16.49.16:737][720]LogModuleManager: Shutting down and abandoning module MagicLeapIdentity (332)
[2023.03.10-16.49.16:737][720]LogModuleManager: Shutting down and abandoning module MagicLeapHandTracking (330)
[2023.03.10-16.49.16:737][720]LogModuleManager: Shutting down and abandoning module MagicLeapEyeTracker (328)
[2023.03.10-16.49.16:737][720]LogModuleManager: Shutting down and abandoning module MagicLeapController (326)
[2023.03.10-16.49.16:737][720]LogModuleManager: Shutting down and abandoning module MagicLeapARPinImpl (324)
[2023.03.10-16.49.16:737][720]LogModuleManager: Shutting down and abandoning module MagicLeapAR (322)
[2023.03.10-16.49.16:737][720]LogModuleManager: Shutting down and abandoning module MagicLeapARPin (320)
[2023.03.10-16.49.16:737][720]LogModuleManager: Shutting down and abandoning module TcpMessaging (318)
[2023.03.10-16.49.16:839][720]LogModuleManager: Shutting down and abandoning module NiagaraAnimNotifies (316)
[2023.03.10-16.49.16:839][720]LogModuleManager: Shutting down and abandoning module Niagara (314)
[2023.03.10-16.49.16:840][720]LogModuleManager: Shutting down and abandoning module SignalProcessing (313)
[2023.03.10-16.49.16:840][720]LogModuleManager: Shutting down and abandoning module NiagaraEditor (311)
[2023.03.10-16.49.16:841][720]LogModuleManager: Shutting down and abandoning module ContentBrowser (310)
[2023.03.10-16.49.16:841][720]LogModuleManager: Shutting down and abandoning module CollectionManager (309)
[2023.03.10-16.49.16:842][720]LogModuleManager: Shutting down and abandoning module DirectoryWatcher (308)
[2023.03.10-16.49.16:842][720]LogModuleManager: Shutting down and abandoning module ContentBrowserData (305)
[2023.03.10-16.49.16:842][720]LogModuleManager: Shutting down and abandoning module NiagaraCore (300)
[2023.03.10-16.49.16:842][720]LogModuleManager: Shutting down and abandoning module ActorSequence (298)
[2023.03.10-16.49.16:842][720]LogModuleManager: Shutting down and abandoning module UdpMessaging (296)
[2023.03.10-16.49.16:943][720]LogModuleManager: Shutting down and abandoning module AnimationSharing (294)
[2023.03.10-16.49.16:943][720]LogModuleManager: Shutting down and abandoning module PropertyAccessNode (292)
[2023.03.10-16.49.16:943][720]LogModuleManager: Shutting down and abandoning module GameplayTagsEditor (290)
[2023.03.10-16.49.16:943][720]LogModuleManager: Shutting down and abandoning module FacialAnimation (288)
[2023.03.10-16.49.16:943][720]LogModuleManager: Shutting down and abandoning module AssetManagerEditor (286)
[2023.03.10-16.49.16:944][720]LogModuleManager: Shutting down and abandoning module TreeMap (285)
[2023.03.10-16.49.16:944][720]LogModuleManager: Shutting down and abandoning module GameplayCameras (282)
[2023.03.10-16.49.16:944][720]LogModuleManager: Shutting down and abandoning module LightPropagationVolumeRuntime (280)
[2023.03.10-16.49.16:944][720]LogModuleManager: Shutting down and abandoning module EnvironmentQueryEditor (278)
[2023.03.10-16.49.16:945][720]LogModuleManager: Shutting down and abandoning module Paper2D (276)
[2023.03.10-16.49.16:945][720]LogModuleManager: Shutting down and abandoning module WebMMoviePlayer (274)
[2023.03.10-16.49.16:947][720]LogModuleManager: Shutting down and abandoning module WindowsMoviePlayer (272)
[2023.03.10-16.49.16:948][720]LogModuleManager: Shutting down and abandoning module NetworkReplayStreaming (270)
[2023.03.10-16.49.16:948][720]LogModuleManager: Shutting down and abandoning module PacketHandler (268)
[2023.03.10-16.49.16:948][720]LogModuleManager: Shutting down and abandoning module ClothingSystemEditor (266)
[2023.03.10-16.49.16:948][720]LogModuleManager: Shutting down and abandoning module ClothingSystemRuntimeNv (264)
[2023.03.10-16.49.16:949][720]LogModuleManager: Shutting down and abandoning module MediaAssets (262)
[2023.03.10-16.49.16:949][720]LogModuleManager: Shutting down and abandoning module Overlay (260)
[2023.03.10-16.49.16:949][720]LogModuleManager: Shutting down and abandoning module OverlayEditor (259)
[2023.03.10-16.49.16:949][720]LogModuleManager: Shutting down and abandoning module VREditor (256)
[2023.03.10-16.49.16:950][720]LogModuleManager: Shutting down and abandoning module StringTableEditor (254)
[2023.03.10-16.49.16:950][720]LogModuleManager: Shutting down and abandoning module GameplayTasksEditor (252)
[2023.03.10-16.49.16:950][720]LogModuleManager: Shutting down and abandoning module BehaviorTreeEditor (250)
[2023.03.10-16.49.16:951][720]LogModuleManager: Shutting down and abandoning module FunctionalTesting (248)
[2023.03.10-16.49.16:952][720]LogModuleManager: Shutting down and abandoning module CollisionAnalyzer (246)
[2023.03.10-16.49.16:952][720]LogModuleManager: Shutting down and abandoning module WorkspaceMenuStructure (245)
[2023.03.10-16.49.16:952][720]LogModuleManager: Shutting down and abandoning module UMG (242)
[2023.03.10-16.49.16:952][720]LogModuleManager: Shutting down and abandoning module UMGEditor (241)
[2023.03.10-16.49.16:952][720]LogModuleManager: Shutting down and abandoning module Sequencer (240)
[2023.03.10-16.49.16:952][720]LogModuleManager: Shutting down and abandoning module MessageLog (237)
[2023.03.10-16.49.16:952][720]LogModuleManager: Shutting down and abandoning module SlateReflector (232)
[2023.03.10-16.49.16:957][720]LogModuleManager: Shutting down and abandoning module Slate (230)
[2023.03.10-16.49.16:957][720]LogModuleManager: Shutting down and abandoning module SlateCore (228)
[2023.03.10-16.49.16:958][720]LogModuleManager: Shutting down and abandoning module LandscapeEditorUtilities (226)
[2023.03.10-16.49.16:958][720]LogModuleManager: Shutting down and abandoning module UnrealEd (224)
[2023.03.10-16.49.16:958][720]LogModuleManager: Shutting down and abandoning module MRMesh (222)
[2023.03.10-16.49.16:958][720]LogModuleManager: Shutting down and abandoning module Messaging (220)
[2023.03.10-16.49.16:958][720]LogModuleManager: Shutting down and abandoning module SourceCodeAccess (218)
[2023.03.10-16.49.16:958][720]LogModuleManager: Shutting down and abandoning module HeadMountedDisplay (216)
[2023.03.10-16.49.16:958][720]LogModuleManager: Shutting down and abandoning module XAudio2 (214)
[2023.03.10-16.49.16:958][720]LogModuleManager: Shutting down and abandoning module Networking (212)
[2023.03.10-16.49.16:958][720]LogModuleManager: Shutting down and abandoning module Core (210)
[2023.03.10-16.49.16:958][720]LogModuleManager: Shutting down and abandoning module MaterialEditor (208)
[2023.03.10-16.49.16:959][720]LogModuleManager: Shutting down and abandoning module MovieSceneTools (206)
[2023.03.10-16.49.16:959][720]LogModuleManager: Shutting down and abandoning module EditorStyle (205)
[2023.03.10-16.49.16:960][720]LogModuleManager: Shutting down and abandoning module KismetCompiler (202)
[2023.03.10-16.49.16:960][720]LogModuleManager: Shutting down and abandoning module MeshBuilder (200)
[2023.03.10-16.49.16:960][720]LogModuleManager: Shutting down and abandoning module MeshUtilities (198)
[2023.03.10-16.49.16:960][720]LogModuleManager: Shutting down and abandoning module MeshMergeUtilities (197)
[2023.03.10-16.49.16:960][720]LogModuleManager: Shutting down and abandoning module MeshReductionInterface (196)
[2023.03.10-16.49.16:960][720]LogModuleManager: Shutting down and abandoning module MeshBoneReduction (195)
[2023.03.10-16.49.16:961][720]LogModuleManager: Shutting down and abandoning module ProxyLODMeshReduction (193)
[2023.03.10-16.49.16:962][720]LogModuleManager: Shutting down and abandoning module SkeletalMeshReduction (191)
[2023.03.10-16.49.16:963][720]LogModuleManager: Shutting down and abandoning module QuadricMeshReduction (189)
[2023.03.10-16.49.16:963][720]LogModuleManager: Shutting down and abandoning module MaterialBaking (185)
[2023.03.10-16.49.16:963][720]LogModuleManager: Shutting down and abandoning module NullInstallBundleManager (180)
[2023.03.10-16.49.16:963][720]LogModuleManager: Shutting down and abandoning module PIEPreviewDeviceProfileSelector (178)
[2023.03.10-16.49.16:963][720]LogModuleManager: Shutting down and abandoning module DerivedDataCache (176)
[2023.03.10-16.49.16:963][720]LogModuleManager: Shutting down and abandoning module TargetPlatform (174)
[2023.03.10-16.49.16:963][720]LogModuleManager: Shutting down and abandoning module VulkanShaderFormat (173)
[2023.03.10-16.49.16:965][720]LogModuleManager: Shutting down and abandoning module ShaderFormatVectorVM (171)
[2023.03.10-16.49.16:965][720]LogModuleManager: Shutting down and abandoning module ShaderFormatOpenGL (169)
[2023.03.10-16.49.16:966][720]LogModuleManager: Shutting down and abandoning module ShaderFormatD3D (167)
[2023.03.10-16.49.16:966][720]LogModuleManager: Shutting down and abandoning module MetalShaderFormat (165)
[2023.03.10-16.49.16:966][720]LogModuleManager: Shutting down and abandoning module TextureFormatOodle (163)
[2023.03.10-16.49.16:967][720]LogModuleManager: Shutting down and abandoning module TextureFormatUncompressed (161)
[2023.03.10-16.49.16:967][720]LogModuleManager: Shutting down and abandoning module TextureFormatPVR (159)
[2023.03.10-16.49.16:967][720]LogModuleManager: Shutting down and abandoning module TextureFormatETC2 (157)
[2023.03.10-16.49.16:967][720]LogModuleManager: Shutting down and abandoning module TextureFormatDXT (155)
[2023.03.10-16.49.16:967][720]LogModuleManager: Shutting down and abandoning module TextureFormatIntelISPCTexComp (153)
[2023.03.10-16.49.16:969][720]LogModuleManager: Shutting down and abandoning module TextureFormatASTC (151)
[2023.03.10-16.49.16:969][720]LogModuleManager: Shutting down and abandoning module ImageWrapper (150)
[2023.03.10-16.49.16:969][720]LogModuleManager: Shutting down and abandoning module AudioFormatOpus (147)
[2023.03.10-16.49.16:969][720]LogModuleManager: Shutting down and abandoning module AudioFormatOgg (145)
[2023.03.10-16.49.16:969][720]LogModuleManager: Shutting down and abandoning module AudioFormatADPCM (143)
[2023.03.10-16.49.16:969][720]LogModuleManager: Shutting down and abandoning module WindowsServerTargetPlatform (141)
[2023.03.10-16.49.16:969][720]LogModuleManager: Shutting down and abandoning module WindowsClientTargetPlatform (139)
[2023.03.10-16.49.16:969][720]LogModuleManager: Shutting down and abandoning module WindowsTargetPlatform (137)
[2023.03.10-16.49.16:969][720]LogModuleManager: Shutting down and abandoning module WindowsNoEditorTargetPlatform (135)
[2023.03.10-16.49.16:969][720]LogModuleManager: Shutting down and abandoning module D3D11RHI (132)
[2023.03.10-16.49.16:969][720]LogModuleManager: Shutting down and abandoning module InputCore (130)
[2023.03.10-16.49.16:969][720]LogModuleManager: Shutting down and abandoning module Settings (128)
[2023.03.10-16.49.16:969][720]LogModuleManager: Shutting down and abandoning module PhysXCooking (126)
[2023.03.10-16.49.16:969][720]LogModuleManager: Shutting down and abandoning module Chaos (124)
[2023.03.10-16.49.16:970][720]LogModuleManager: Shutting down and abandoning module WindowsPlatformFeatures (122)
[2023.03.10-16.49.16:970][720]LogModuleManager: Shutting down and abandoning module GameplayMediaEncoder (121)
[2023.03.10-16.49.16:970][720]LogModuleManager: Shutting down and abandoning module AVEncoder (120)
[2023.03.10-16.49.16:970][720]LogModuleManager: Shutting down and abandoning module SteamVRInputDevice (116)
[2023.03.10-16.49.16:970][720]LogModuleManager: Shutting down and abandoning module SteamVRInput (114)
[2023.03.10-16.49.16:970][720]LogModuleManager: Shutting down and abandoning module SteamVR (112)
[2023.03.10-16.49.16:971][720]LogHMD: Freeing OpenVRDLLHandle.
[2023.03.10-16.49.16:971][720]LogModuleManager: Shutting down and abandoning module OculusHMD (110)
[2023.03.10-16.49.16:971][720]LogModuleManager: Shutting down and abandoning module ChaosCloth (108)
[2023.03.10-16.49.16:971][720]LogModuleManager: Shutting down and abandoning module OpenXRHandTracking (106)
[2023.03.10-16.49.16:971][720]LogSlate: Slate User Destroyed.  User Index 0, Is Virtual User: 0
[2023.03.10-16.49.16:971][720]LogModuleManager: Shutting down and abandoning module OpenXREyeTracker (104)
[2023.03.10-16.49.16:971][720]LogModuleManager: Shutting down and abandoning module OpenXRAR (102)
[2023.03.10-16.49.16:971][720]LogModuleManager: Shutting down and abandoning module AugmentedReality (101)
[2023.03.10-16.49.16:971][720]LogModuleManager: Shutting down and abandoning module OpenXRHMD (98)
[2023.03.10-16.49.16:972][720]LogModuleManager: Shutting down and abandoning module OnlineBlueprintSupport (96)
[2023.03.10-16.49.16:972][720]LogModuleManager: Shutting down and abandoning module OnlineSubsystem (92)
[2023.03.10-16.49.16:973][720]LogModuleManager: Shutting down and abandoning module XMPP (87)
[2023.03.10-16.49.16:974][720]LogModuleManager: Shutting down and abandoning module WebSockets (86)
[2023.03.10-16.49.17:003][720]LogModuleManager: Shutting down and abandoning module HTTP (83)
[2023.03.10-16.49.17:003][720]LogHttp: Display: cleaning up 0 outstanding Http requests.
[2023.03.10-16.49.17:023][720]LogModuleManager: Shutting down and abandoning module SSL (82)
[2023.03.10-16.49.17:024][720]LogModuleManager: Shutting down and abandoning module ExampleDeviceProfileSelector (78)
[2023.03.10-16.49.17:024][720]LogModuleManager: Shutting down and abandoning module LauncherChunkInstaller (76)
[2023.03.10-16.49.17:024][720]LogModuleManager: Shutting down and abandoning module ChunkDownloader (74)
[2023.03.10-16.49.17:025][720]LogModuleManager: Shutting down and abandoning module WmfMedia (72)
[2023.03.10-16.49.17:026][720]LogModuleManager: Shutting down and abandoning module Media (71)
[2023.03.10-16.49.17:027][720]LogModuleManager: Shutting down and abandoning module MediaInfo (70)
[2023.03.10-16.49.17:027][720]LogModuleManager: Shutting down and abandoning module ExrReaderGpu (66)
[2023.03.10-16.49.17:027][720]LogModuleManager: Shutting down and abandoning module MagicLeap (64)
[2023.03.10-16.49.17:027][720]LogModuleManager: Shutting down and abandoning module MLSDK (62)
[2023.03.10-16.49.17:028][720]LogModuleManager: Shutting down and abandoning module NiagaraVertexFactories (60)
[2023.03.10-16.49.17:028][720]LogModuleManager: Shutting down and abandoning module NiagaraShader (58)
[2023.03.10-16.49.17:028][720]LogModuleManager: Shutting down and abandoning module PixWinPlugin (56)
[2023.03.10-16.49.17:029][720]LogModuleManager: Shutting down and abandoning module VariantManagerContent (54)
[2023.03.10-16.49.17:029][720]LogModuleManager: Shutting down and abandoning module DatasmithContent (52)
[2023.03.10-16.49.17:029][720]LogModuleManager: Shutting down and abandoning module AISupportModule (50)
[2023.03.10-16.49.17:029][720]LogModuleManager: Shutting down and abandoning module DesktopPlatform (48)
[2023.03.10-16.49.17:029][720]LogModuleManager: Shutting down and abandoning module PythonScriptPluginPreload (46)
[2023.03.10-16.49.17:029][720]LogModuleManager: Shutting down and abandoning module PlatformCryptoOpenSSL (44)
[2023.03.10-16.49.17:029][720]LogModuleManager: Shutting down and abandoning module PlatformCryptoTypes (42)
[2023.03.10-16.49.17:029][720]LogModuleManager: Shutting down and abandoning module PlatformCrypto (40)
[2023.03.10-16.49.17:029][720]LogModuleManager: Shutting down and abandoning module OodleDataCompressionFormat (38)
[2023.03.10-16.49.17:030][720]LogModuleManager: Shutting down and abandoning module XGEController (36)
[2023.03.10-16.49.17:031][720]LogModuleManager: Shutting down and abandoning module AnimationModifiers (34)
[2023.03.10-16.49.17:031][720]LogModuleManager: Shutting down and abandoning module AudioEditor (32)
[2023.03.10-16.49.17:032][720]LogModuleManager: Shutting down and abandoning module PropertyEditor (31)
[2023.03.10-16.49.17:032][720]LogModuleManager: Shutting down and abandoning module TextureCompressor (28)
[2023.03.10-16.49.17:032][720]LogModuleManager: Shutting down and abandoning module RenderCore (26)
[2023.03.10-16.49.17:032][720]LogModuleManager: Shutting down and abandoning module Landscape (24)
[2023.03.10-16.49.17:032][720]LogModuleManager: Shutting down and abandoning module SlateRHIRenderer (22)
[2023.03.10-16.49.17:034][720]LogModuleManager: Shutting down and abandoning module AnimGraphRuntime (20)
[2023.03.10-16.49.17:034][720]LogModuleManager: Shutting down and abandoning module Renderer (18)
[2023.03.10-16.49.17:034][720]LogModuleManager: Shutting down and abandoning module Engine (16)
[2023.03.10-16.49.17:034][720]LogModuleManager: Shutting down and abandoning module CoreUObject (14)
[2023.03.10-16.49.17:034][720]LogModuleManager: Shutting down and abandoning module NetworkFile (12)
[2023.03.10-16.49.17:035][720]LogModuleManager: Shutting down and abandoning module CookedIterativeFile (10)
[2023.03.10-16.49.17:035][720]LogModuleManager: Shutting down and abandoning module StreamingFile (8)
[2023.03.10-16.49.17:035][720]LogModuleManager: Shutting down and abandoning module SandboxFile (6)
[2023.03.10-16.49.17:035][720]LogModuleManager: Shutting down and abandoning module PakFile (4)
[2023.03.10-16.49.17:035][720]LogModuleManager: Shutting down and abandoning module RSA (3)
[2023.03.10-16.49.17:393][720]LogContentStreaming: Display: There are 1 unreleased StreamingManagers
[2023.03.10-16.49.17:423][720]LogD3D11RHI: Shutdown
[2023.03.10-16.49.17:424][720]LogD3D11RHI: CleanupD3DDevice
[2023.03.10-16.49.17:430][720]LogExit: Exiting.
[2023.03.10-16.49.17:437][720]Log file closed, 03/10/23 16:49:17
