Log file open, 05/04/23 17:16:10
LogWindows: Failed to load 'aqProf.dll' (GetLastError=126)
LogWindows: File 'aqProf.dll' does not exist
LogWindows: Failed to load 'VtuneApi.dll' (GetLastError=126)
LogWindows: File 'VtuneApi.dll' does not exist
LogWindows: Failed to load 'VtuneApi32e.dll' (GetLastError=126)
LogWindows: File 'VtuneApi32e.dll' does not exist
LogConsoleResponse: Display: Failed to find resolution value strings in scalability ini. Falling back to default.
LogConsoleResponse: Display: Failed to find resolution value strings in scalability ini. Falling back to default.
LogInit: Display: Running engine for game: Twonic
LogPlatformFile: Not using cached read wrapper
LogTaskGraph: Started task graph with 5 named threads and 23 total threads with 3 sets of task threads.
LogStats: Stats thread started at 36.575854
LogICUInternationalization: ICU TimeZone Detection - Raw Offset: +0:00, Platform Override: ''
LogInit: Display: Loading text-based GConfig....
LogPluginManager: Mounting plugin MeshPainting
LogPluginManager: Mounting plugin XGEController
LogPluginManager: Mounting plugin AISupport
LogPluginManager: Mounting plugin EnvironmentQueryEditor
LogPluginManager: Mounting plugin LightPropagationVolume
LogPluginManager: Mounting plugin LiveLink
LogPluginManager: Mounting plugin CameraShakePreviewer
LogPluginManager: Mounting plugin GameplayCameras
LogPluginManager: Mounting plugin OodleData
LogPluginManager: Mounting plugin OodleNetwork
LogPluginManager: Mounting plugin AssetManagerEditor
LogPluginManager: Mounting plugin CryptoKeys
LogPluginManager: Mounting plugin CurveEditorTools
LogPluginManager: Mounting plugin DataValidation
LogPluginManager: Mounting plugin FacialAnimation
LogPluginManager: Mounting plugin GameplayTagsEditor
LogPluginManager: Mounting plugin GeometryMode
LogPluginManager: Mounting plugin MacGraphicsSwitching
LogPluginManager: Mounting plugin MaterialAnalyzer
LogPluginManager: Mounting plugin MobileLauncherProfileWizard
LogPluginManager: Mounting plugin Niagara
LogPluginManager: Mounting plugin Paper2D
LogPluginManager: Mounting plugin SpeedTreeImporter
LogPluginManager: Mounting plugin UdpMessaging
LogPluginManager: Mounting plugin TcpMessaging
LogPluginManager: Mounting plugin AnimationSharing
LogPluginManager: Mounting plugin CLionSourceCodeAccess
LogPluginManager: Mounting plugin CodeLiteSourceCodeAccess
LogPluginManager: Mounting plugin KDevelopSourceCodeAccess
LogPluginManager: Mounting plugin NullSourceCodeAccess
LogPluginManager: Mounting plugin GitSourceControl
LogPluginManager: Mounting plugin PlasticSourceControl
LogPluginManager: Mounting plugin PluginUtils
LogPluginManager: Mounting plugin PerforceSourceControl
LogPluginManager: Mounting plugin SubversionSourceControl
LogPluginManager: Mounting plugin PixWinPlugin
LogPluginManager: Mounting plugin PropertyAccessNode
LogPluginManager: Mounting plugin UObjectPlugin
LogPluginManager: Mounting plugin VisualStudioSourceCodeAccess
LogPluginManager: Mounting plugin XCodeSourceCodeAccess
LogPluginManager: Mounting plugin TextureFormatOodle
LogPluginManager: Mounting plugin DatasmithContent
LogPluginManager: Mounting plugin VisualStudioCodeSourceCodeAccess
LogPluginManager: Mounting plugin RiderSourceCodeAccess
LogPluginManager: Mounting plugin VariantManagerContent
LogPluginManager: Mounting plugin AndroidMedia
LogPluginManager: Mounting plugin AvfMedia
LogPluginManager: Mounting plugin ImgMedia
LogPluginManager: Mounting plugin MediaCompositing
LogPluginManager: Mounting plugin MediaPlayerEditor
LogPluginManager: Mounting plugin LuminPlatformFeatures
LogPluginManager: Mounting plugin WebMMedia
LogPluginManager: Mounting plugin WmfMedia
LogPluginManager: Mounting plugin MagicLeapMedia
LogPluginManager: Mounting plugin MagicLeapLightEstimation
LogPluginManager: Mounting plugin MagicLeapPassableWorld
LogPluginManager: Mounting plugin MLSDK
LogPluginManager: Mounting plugin LauncherChunkInstaller
LogPluginManager: Mounting plugin MagicLeap
LogPluginManager: Mounting plugin AlembicImporter
LogPluginManager: Mounting plugin BackChannel
LogPluginManager: Mounting plugin AutomationUtils
LogPluginManager: Mounting plugin PluginBrowser
LogPluginManager: Mounting plugin ChaosClothEditor
LogPluginManager: Mounting plugin ChaosCloth
LogPluginManager: Mounting plugin ChaosEditor
LogPluginManager: Mounting plugin ChaosSolverPlugin
LogPluginManager: Mounting plugin CharacterAI
LogPluginManager: Mounting plugin GeometryCache
LogPluginManager: Mounting plugin OnlineSubsystem
LogPluginManager: Mounting plugin OnlineSubsystemNull
LogPluginManager: Mounting plugin ChaosNiagara
LogPluginManager: Mounting plugin GeometryCollectionPlugin
LogPluginManager: Mounting plugin ActorSequence
LogPluginManager: Mounting plugin OnlineSubsystemUtils
LogPluginManager: Mounting plugin LevelSequenceEditor
LogPluginManager: Mounting plugin MatineeToLevelSequence
LogPluginManager: Mounting plugin TemplateSequence
LogPluginManager: Mounting plugin GeometryProcessing
LogPluginManager: Mounting plugin OpenImageDenoise
LogPluginManager: Mounting plugin PlanarCut
LogPluginManager: Mounting plugin PlatformCrypto
LogPluginManager: Mounting plugin ProxyLODPlugin
LogPluginManager: Mounting plugin MotoSynth
LogPluginManager: Mounting plugin PythonScriptPlugin
LogPluginManager: Mounting plugin SkeletalReduction
LogPluginManager: Mounting plugin ActorLayerUtilities
LogPluginManager: Mounting plugin ScreenshotTools
LogPluginManager: Mounting plugin AndroidDeviceProfileSelector
LogPluginManager: Mounting plugin AndroidPermission
LogPluginManager: Mounting plugin AndroidMoviePlayer
LogPluginManager: Mounting plugin AppleImageUtils
LogPluginManager: Mounting plugin AppleMoviePlayer
LogPluginManager: Mounting plugin ArchVisCharacter
LogPluginManager: Mounting plugin AssetTags
LogPluginManager: Mounting plugin AudioCapture
LogPluginManager: Mounting plugin AudioSynesthesia
LogPluginManager: Mounting plugin CustomMeshComponent
LogPluginManager: Mounting plugin ChunkDownloader
LogPluginManager: Mounting plugin EditableMesh
LogPluginManager: Mounting plugin ExampleDeviceProfileSelector
LogPluginManager: Mounting plugin CableComponent
LogPluginManager: Mounting plugin GoogleCloudMessaging
LogPluginManager: Mounting plugin GooglePAD
LogPluginManager: Mounting plugin Takes
LogPluginManager: Mounting plugin IOSDeviceProfileSelector
LogPluginManager: Mounting plugin LinuxDeviceProfileSelector
LogPluginManager: Mounting plugin MobilePatchingUtils
LogPluginManager: Mounting plugin LocationServicesBPLibrary
LogPluginManager: Mounting plugin PhysXVehicles
LogPluginManager: Mounting plugin OpenXR
LogPluginManager: Mounting plugin OpenXREyeTracker
LogPluginManager: Mounting plugin PostSplashScreen
LogPluginManager: Mounting plugin OpenXRHandTracking
LogPluginManager: Mounting plugin ProceduralMeshComponent
LogPluginManager: Mounting plugin RuntimePhysXCooking
LogPluginManager: Mounting plugin SignificanceManager
LogPluginManager: Mounting plugin SoundFields
LogPluginManager: Mounting plugin PropertyAccessEditor
LogPluginManager: Mounting plugin WebMMoviePlayer
LogPluginManager: Mounting plugin WindowsMoviePlayer
LogPluginManager: Mounting plugin Synthesis
LogPluginManager: Mounting plugin ContentBrowserAssetDataSource
LogPluginManager: Mounting plugin ContentBrowserClassDataSource
LogPluginManager: Mounting plugin ContentBrowserFileDataSource
LogPluginManager: Mounting plugin OnlineSubsystemIOS
LogPluginManager: Mounting plugin OnlineSubsystemGooglePlay
LogPluginManager: Mounting plugin OculusVR
LogPluginManager: Mounting plugin SteamVR
PixWinPlugin: PIX capture plugin failed to initialize! Check that the process is launched from PIX.
LogInit: Using libcurl 7.55.1-DEV
LogInit:  - built for x86_64-pc-win32
LogInit:  - supports SSL with OpenSSL/1.1.1
LogInit:  - supports HTTP deflate (compression) using libz 1.2.8
LogInit:  - other features:
LogInit:      CURL_VERSION_SSL
LogInit:      CURL_VERSION_LIBZ
LogInit:      CURL_VERSION_IPV6
LogInit:      CURL_VERSION_ASYNCHDNS
LogInit:      CURL_VERSION_LARGEFILE
LogInit:      CURL_VERSION_IDN
LogInit:  CurlRequestOptions (configurable via config and command line):
LogInit:  - bVerifyPeer = true  - Libcurl will verify peer certificate
LogInit:  - bUseHttpProxy = false  - Libcurl will NOT use HTTP proxy
LogInit:  - bDontReuseConnections = false  - Libcurl will reuse connections
LogInit:  - MaxHostConnections = 16  - Libcurl will limit the number of connections to a host
LogInit:  - LocalHostAddr = Default
LogInit:  - BufferSize = 65536
LogOnline: OSS: Creating online subsystem instance for: NULL
LogInit: WinSock: version 1.1 (2.2), MaxSocks=32767, MaxUdp=65467
LogOnline: OSS: TryLoadSubsystemAndSetDefault: Loaded subsystem for module [NULL]
LogInit: Build: ++UE4+Release-4.27-CL-18319896
LogInit: Engine Version: 4.27.2-18319896+++UE4+Release-4.27
LogInit: Compatible Engine Version: 4.27.0-17155196+++UE4+Release-4.27
LogInit: Net CL: 17155196
LogInit: OS: Windows 10 (Release 2009) (), CPU: Intel(R) Core(TM) i5-8300H CPU @ 2.30GHz, GPU: NVIDIA GeForce GTX 1060
LogInit: Compiled (64-bit): Nov 30 2021 07:12:08
LogInit: Compiled with Visual C++: 19.24.28315.00
LogInit: Build Configuration: Development
LogInit: Branch Name: ++UE4+Release-4.27
LogInit: Command Line:  C:/Users/emmyt/OneDrive/Documents/GitHub/-Journeyman-Twonic---Alpha-Team/Twonic/Twonic.uproject -run=GatherText -config=Config/Localization/Game_Gather.ini
LogInit: Base Directory: D:/Epic Games/UE_4.27/Engine/Binaries/Win64/
LogInit: Allocator: TBB
LogInit: Installed Engine Build: 1
LogDevObjectVersion: Number of dev versions registered: 29
LogDevObjectVersion:   Dev-Blueprints (B0D832E4-1F89-4F0D-ACCF-7EB736FD4AA2): 10
LogDevObjectVersion:   Dev-Build (E1C64328-A22C-4D53-A36C-8E866417BD8C): 0
LogDevObjectVersion:   Dev-Core (375EC13C-06E4-48FB-B500-84F0262A717E): 4
LogDevObjectVersion:   Dev-Editor (E4B068ED-F494-42E9-A231-DA0B2E46BB41): 40
LogDevObjectVersion:   Dev-Framework (CFFC743F-43B0-4480-9391-14DF171D2073): 37
LogDevObjectVersion:   Dev-Mobile (B02B49B5-BB20-44E9-A304-32B752E40360): 3
LogDevObjectVersion:   Dev-Networking (A4E4105C-59A1-49B5-A7C5-40C4547EDFEE): 0
LogDevObjectVersion:   Dev-Online (39C831C9-5AE6-47DC-9A44-9C173E1C8E7C): 0
LogDevObjectVersion:   Dev-Physics (78F01B33-EBEA-4F98-B9B4-84EACCB95AA2): 14
LogDevObjectVersion:   Dev-Platform (6631380F-2D4D-43E0-8009-CF276956A95A): 0
LogDevObjectVersion:   Dev-Rendering (12F88B9F-8875-4AFC-A67C-D90C383ABD29): 45
LogDevObjectVersion:   Dev-Sequencer (7B5AE74C-D270-4C10-A958-57980B212A5A): 13
LogDevObjectVersion:   Dev-VR (D7296918-1DD6-4BDD-9DE2-64A83CC13884): 3
LogDevObjectVersion:   Dev-LoadTimes (C2A15278-BFE7-4AFE-6C17-90FF531DF755): 1
LogDevObjectVersion:   Private-Geometry (6EACA3D4-40EC-4CC1-B786-8BED09428FC5): 3
LogDevObjectVersion:   Dev-AnimPhys (29E575DD-E0A3-4627-9D10-D276232CDCEA): 17
LogDevObjectVersion:   Dev-Anim (AF43A65D-7FD3-4947-9873-3E8ED9C1BB05): 15
LogDevObjectVersion:   Dev-ReflectionCapture (6B266CEC-1EC7-4B8F-A30B-E4D90942FC07): 1
LogDevObjectVersion:   Dev-Automation (0DF73D61-A23F-47EA-B727-89E90C41499A): 1
LogDevObjectVersion:   FortniteMain (601D1886-AC64-4F84-AA16-D3DE0DEAC7D6): 47
LogDevObjectVersion:   FortniteRelease (E7086368-6B23-4C58-8439-1B7016265E91): 1
LogDevObjectVersion:   Dev-Enterprise (9DFFBCD6-494F-0158-E221-12823C92A888): 10
LogDevObjectVersion:   Dev-Niagara (F2AED0AC-9AFE-416F-8664-AA7FFA26D6FC): 1
LogDevObjectVersion:   Dev-Destruction (174F1F0B-B4C6-45A5-B13F-2EE8D0FB917D): 10
LogDevObjectVersion:   Dev-Physics-Ext (35F94A83-E258-406C-A318-09F59610247C): 41
LogDevObjectVersion:   Dev-PhysicsMaterial-Chaos (B68FC16E-8B1B-42E2-B453-215C058844FE): 1
LogDevObjectVersion:   Dev-CineCamera (B2E18506-4273-CFC2-A54E-F4BB758BBA07): 1
LogDevObjectVersion:   Dev-VirtualProduction (64F58936-FD1B-42BA-BA96-7289D5D0FA4E): 1
LogDevObjectVersion:   Dev-MediaFramework (6F0ED827-A609-4895-9C91-998D90180EA4): 2
LogInit: Presizing for max 25165824 objects, including 0 objects not considered by GC, pre-allocating 0 bytes for permanent pool.
LogConfig: Applying CVar settings from Section [/Script/Engine.StreamingSettings] File [C:/Users/emmyt/OneDrive/Documents/GitHub/-Journeyman-Twonic---Alpha-Team/Twonic/Saved/Config/Windows/Engine.ini]
LogConfig: Setting CVar [[s.MinBulkDataSizeForAsyncLoading:131072]]
LogConfig: Setting CVar [[s.AsyncLoadingThreadEnabled:0]]
LogConfig: Setting CVar [[s.EventDrivenLoaderEnabled:1]]
LogConfig: Setting CVar [[s.WarnIfTimeLimitExceeded:0]]
LogConfig: Setting CVar [[s.TimeLimitExceededMultiplier:1.5]]
LogConfig: Setting CVar [[s.TimeLimitExceededMinTime:0.005]]
LogConfig: Setting CVar [[s.UseBackgroundLevelStreaming:1]]
LogConfig: Setting CVar [[s.PriorityAsyncLoadingExtraTime:15.0]]
LogConfig: Setting CVar [[s.LevelStreamingActorsUpdateTimeLimit:5.0]]
LogConfig: Setting CVar [[s.PriorityLevelStreamingActorsUpdateExtraTime:5.0]]
LogConfig: Setting CVar [[s.LevelStreamingComponentsRegistrationGranularity:10]]
LogConfig: Setting CVar [[s.UnregisterComponentsTimeLimit:1.0]]
LogConfig: Setting CVar [[s.LevelStreamingComponentsUnregistrationGranularity:5]]
LogConfig: Setting CVar [[s.FlushStreamingOnExit:1]]
LogInit: Object subsystem initialized
LogConfig: Setting CVar [[con.DebugEarlyDefault:1]]
LogConfig: Setting CVar [[r.setres:1280x720]]
[2023.05.04-16.16.25:067][  0]LogConfig: Setting CVar [[con.DebugEarlyDefault:1]]
[2023.05.04-16.16.25:067][  0]LogConfig: Setting CVar [[r.setres:1280x720]]
[2023.05.04-16.16.25:067][  0]LogConfig: Applying CVar settings from Section [/Script/Engine.RendererSettings] File [C:/Users/emmyt/OneDrive/Documents/GitHub/-Journeyman-Twonic---Alpha-Team/Twonic/Saved/Config/Windows/Engine.ini]
[2023.05.04-16.16.25:067][  0]LogConfig: Setting CVar [[r.GPUCrashDebugging:0]]
[2023.05.04-16.16.25:067][  0]LogConfig: Setting CVar [[r.ForwardShading:0]]
[2023.05.04-16.16.25:067][  0]LogConfig: Setting CVar [[r.GenerateMeshDistanceFields:1]]
[2023.05.04-16.16.25:067][  0]LogConfig: Setting CVar [[r.DefaultFeature.AutoExposure:0]]
[2023.05.04-16.16.25:067][  0]LogConfig: Setting CVar [[r.CustomDepth:3]]
[2023.05.04-16.16.25:067][  0]LogConfig: Setting CVar [[r.Mobile.AllowSoftwareOcclusion:1]]
[2023.05.04-16.16.25:067][  0]LogConfig: Applying CVar settings from Section [/Script/Engine.RendererOverrideSettings] File [C:/Users/emmyt/OneDrive/Documents/GitHub/-Journeyman-Twonic---Alpha-Team/Twonic/Saved/Config/Windows/Engine.ini]
[2023.05.04-16.16.25:067][  0]LogConfig: Applying CVar settings from Section [/Script/Engine.StreamingSettings] File [C:/Users/emmyt/OneDrive/Documents/GitHub/-Journeyman-Twonic---Alpha-Team/Twonic/Saved/Config/Windows/Engine.ini]
[2023.05.04-16.16.25:067][  0]LogConfig: Setting CVar [[s.MinBulkDataSizeForAsyncLoading:131072]]
[2023.05.04-16.16.25:067][  0]LogConfig: Setting CVar [[s.AsyncLoadingThreadEnabled:0]]
[2023.05.04-16.16.25:067][  0]LogConfig: Setting CVar [[s.EventDrivenLoaderEnabled:1]]
[2023.05.04-16.16.25:067][  0]LogConfig: Setting CVar [[s.WarnIfTimeLimitExceeded:0]]
[2023.05.04-16.16.25:067][  0]LogConfig: Setting CVar [[s.TimeLimitExceededMultiplier:1.5]]
[2023.05.04-16.16.25:067][  0]LogConfig: Setting CVar [[s.TimeLimitExceededMinTime:0.005]]
[2023.05.04-16.16.25:067][  0]LogConfig: Setting CVar [[s.UseBackgroundLevelStreaming:1]]
[2023.05.04-16.16.25:067][  0]LogConfig: Setting CVar [[s.PriorityAsyncLoadingExtraTime:15.0]]
[2023.05.04-16.16.25:067][  0]LogConfig: Setting CVar [[s.LevelStreamingActorsUpdateTimeLimit:5.0]]
[2023.05.04-16.16.25:067][  0]LogConfig: Setting CVar [[s.PriorityLevelStreamingActorsUpdateExtraTime:5.0]]
[2023.05.04-16.16.25:067][  0]LogConfig: Setting CVar [[s.LevelStreamingComponentsRegistrationGranularity:10]]
[2023.05.04-16.16.25:067][  0]LogConfig: Setting CVar [[s.UnregisterComponentsTimeLimit:1.0]]
[2023.05.04-16.16.25:067][  0]LogConfig: Setting CVar [[s.LevelStreamingComponentsUnregistrationGranularity:5]]
[2023.05.04-16.16.25:067][  0]LogConfig: Setting CVar [[s.FlushStreamingOnExit:1]]
[2023.05.04-16.16.25:067][  0]LogConfig: Applying CVar settings from Section [/Script/Engine.GarbageCollectionSettings] File [C:/Users/emmyt/OneDrive/Documents/GitHub/-Journeyman-Twonic---Alpha-Team/Twonic/Saved/Config/Windows/Engine.ini]
[2023.05.04-16.16.25:067][  0]LogConfig: Setting CVar [[gc.MaxObjectsNotConsideredByGC:1]]
[2023.05.04-16.16.25:067][  0]LogConfig: Setting CVar [[gc.SizeOfPermanentObjectPool:0]]
[2023.05.04-16.16.25:067][  0]LogConfig: Setting CVar [[gc.FlushStreamingOnGC:0]]
[2023.05.04-16.16.25:067][  0]LogConfig: Setting CVar [[gc.NumRetriesBeforeForcingGC:10]]
[2023.05.04-16.16.25:067][  0]LogConfig: Setting CVar [[gc.AllowParallelGC:1]]
[2023.05.04-16.16.25:067][  0]LogConfig: Setting CVar [[gc.TimeBetweenPurgingPendingKillObjects:61.1]]
[2023.05.04-16.16.25:067][  0]LogConfig: Setting CVar [[gc.MaxObjectsInEditor:25165824]]
[2023.05.04-16.16.25:067][  0]LogConfig: Setting CVar [[gc.IncrementalBeginDestroyEnabled:1]]
[2023.05.04-16.16.25:068][  0]LogConfig: Setting CVar [[gc.CreateGCClusters:1]]
[2023.05.04-16.16.25:068][  0]LogConfig: Setting CVar [[gc.MinGCClusterSize:5]]
[2023.05.04-16.16.25:068][  0]LogConfig: Setting CVar [[gc.ActorClusteringEnabled:0]]
[2023.05.04-16.16.25:068][  0]LogConfig: Setting CVar [[gc.BlueprintClusteringEnabled:0]]
[2023.05.04-16.16.25:068][  0]LogConfig: Setting CVar [[gc.UseDisregardForGCOnDedicatedServers:0]]
[2023.05.04-16.16.25:068][  0]LogConfig: Setting CVar [[gc.MultithreadedDestructionEnabled:1]]
[2023.05.04-16.16.25:068][  0]LogConfig: Applying CVar settings from Section [/Script/Engine.NetworkSettings] File [C:/Users/emmyt/OneDrive/Documents/GitHub/-Journeyman-Twonic---Alpha-Team/Twonic/Saved/Config/Windows/Engine.ini]
[2023.05.04-16.16.25:068][  0]LogConfig: Applying CVar settings from Section [/Script/UnrealEd.CookerSettings] File [C:/Users/emmyt/OneDrive/Documents/GitHub/-Journeyman-Twonic---Alpha-Team/Twonic/Saved/Config/Windows/Engine.ini]
[2023.05.04-16.16.25:087][  0]LogConfig: Applying CVar settings from Section [ViewDistanceQuality@3] File [C:/Users/emmyt/OneDrive/Documents/GitHub/-Journeyman-Twonic---Alpha-Team/Twonic/Saved/Config/Windows/Scalability.ini]
[2023.05.04-16.16.25:087][  0]LogConfig: Setting CVar [[r.SkeletalMeshLODBias:0]]
[2023.05.04-16.16.25:087][  0]LogConfig: Setting CVar [[r.ViewDistanceScale:1.0]]
[2023.05.04-16.16.25:087][  0]LogConfig: Applying CVar settings from Section [AntiAliasingQuality@3] File [C:/Users/emmyt/OneDrive/Documents/GitHub/-Journeyman-Twonic---Alpha-Team/Twonic/Saved/Config/Windows/Scalability.ini]
[2023.05.04-16.16.25:087][  0]LogConfig: Setting CVar [[r.PostProcessAAQuality:4]]
[2023.05.04-16.16.25:087][  0]LogConfig: Applying CVar settings from Section [ShadowQuality@3] File [C:/Users/emmyt/OneDrive/Documents/GitHub/-Journeyman-Twonic---Alpha-Team/Twonic/Saved/Config/Windows/Scalability.ini]
[2023.05.04-16.16.25:087][  0]LogConfig: Setting CVar [[r.LightFunctionQuality:1]]
[2023.05.04-16.16.25:087][  0]LogConfig: Setting CVar [[r.ShadowQuality:5]]
[2023.05.04-16.16.25:087][  0]LogConfig: Setting CVar [[r.Shadow.CSM.MaxCascades:10]]
[2023.05.04-16.16.25:087][  0]LogConfig: Setting CVar [[r.Shadow.MaxResolution:2048]]
[2023.05.04-16.16.25:087][  0]LogConfig: Setting CVar [[r.Shadow.MaxCSMResolution:2048]]
[2023.05.04-16.16.25:087][  0]LogConfig: Setting CVar [[r.Shadow.RadiusThreshold:0.01]]
[2023.05.04-16.16.25:087][  0]LogConfig: Setting CVar [[r.Shadow.DistanceScale:1.0]]
[2023.05.04-16.16.25:087][  0]LogConfig: Setting CVar [[r.Shadow.CSM.TransitionScale:1.0]]
[2023.05.04-16.16.25:087][  0]LogConfig: Setting CVar [[r.Shadow.PreShadowResolutionFactor:1.0]]
[2023.05.04-16.16.25:087][  0]LogConfig: Setting CVar [[r.DistanceFieldShadowing:1]]
[2023.05.04-16.16.25:087][  0]LogConfig: Setting CVar [[r.DistanceFieldAO:1]]
[2023.05.04-16.16.25:087][  0]LogConfig: Setting CVar [[r.AOQuality:2]]
[2023.05.04-16.16.25:087][  0]LogConfig: Setting CVar [[r.VolumetricFog:1]]
[2023.05.04-16.16.25:088][  0]LogConfig: Setting CVar [[r.VolumetricFog.GridPixelSize:8]]
[2023.05.04-16.16.25:088][  0]LogConfig: Setting CVar [[r.VolumetricFog.GridSizeZ:128]]
[2023.05.04-16.16.25:088][  0]LogConfig: Setting CVar [[r.VolumetricFog.HistoryMissSupersampleCount:4]]
[2023.05.04-16.16.25:088][  0]LogConfig: Setting CVar [[r.LightMaxDrawDistanceScale:1]]
[2023.05.04-16.16.25:088][  0]LogConfig: Setting CVar [[r.CapsuleShadows:1]]
[2023.05.04-16.16.25:088][  0]LogConfig: Applying CVar settings from Section [PostProcessQuality@3] File [C:/Users/emmyt/OneDrive/Documents/GitHub/-Journeyman-Twonic---Alpha-Team/Twonic/Saved/Config/Windows/Scalability.ini]
[2023.05.04-16.16.25:088][  0]LogConfig: Setting CVar [[r.MotionBlurQuality:4]]
[2023.05.04-16.16.25:088][  0]LogConfig: Setting CVar [[r.AmbientOcclusionMipLevelFactor:0.4]]
[2023.05.04-16.16.25:088][  0]LogConfig: Setting CVar [[r.AmbientOcclusionMaxQuality:100]]
[2023.05.04-16.16.25:088][  0]LogConfig: Setting CVar [[r.AmbientOcclusionLevels:-1]]
[2023.05.04-16.16.25:088][  0]LogConfig: Setting CVar [[r.AmbientOcclusionRadiusScale:1.0]]
[2023.05.04-16.16.25:088][  0]LogConfig: Setting CVar [[r.DepthOfFieldQuality:2]]
[2023.05.04-16.16.25:088][  0]LogConfig: Setting CVar [[r.RenderTargetPoolMin:400]]
[2023.05.04-16.16.25:088][  0]LogConfig: Setting CVar [[r.LensFlareQuality:2]]
[2023.05.04-16.16.25:088][  0]LogConfig: Setting CVar [[r.SceneColorFringeQuality:1]]
[2023.05.04-16.16.25:088][  0]LogConfig: Setting CVar [[r.EyeAdaptationQuality:2]]
[2023.05.04-16.16.25:088][  0]LogConfig: Setting CVar [[r.BloomQuality:5]]
[2023.05.04-16.16.25:088][  0]LogConfig: Setting CVar [[r.FastBlurThreshold:100]]
[2023.05.04-16.16.25:088][  0]LogConfig: Setting CVar [[r.Upscale.Quality:3]]
[2023.05.04-16.16.25:088][  0]LogConfig: Setting CVar [[r.Tonemapper.GrainQuantization:1]]
[2023.05.04-16.16.25:088][  0]LogConfig: Setting CVar [[r.LightShaftQuality:1]]
[2023.05.04-16.16.25:088][  0]LogConfig: Setting CVar [[r.Filter.SizeScale:1]]
[2023.05.04-16.16.25:088][  0]LogConfig: Setting CVar [[r.Tonemapper.Quality:5]]
[2023.05.04-16.16.25:088][  0]LogConfig: Setting CVar [[r.DOF.Gather.AccumulatorQuality:1        ; higher gathering accumulator quality]]
[2023.05.04-16.16.25:088][  0]LogConfig: Setting CVar [[r.DOF.Gather.PostfilterMethod:1          ; Median3x3 postfilering method]]
[2023.05.04-16.16.25:088][  0]LogConfig: Setting CVar [[r.DOF.Gather.EnableBokehSettings:0       ; no bokeh simulation when gathering]]
[2023.05.04-16.16.25:088][  0]LogConfig: Setting CVar [[r.DOF.Gather.RingCount:4                 ; medium number of samples when gathering]]
[2023.05.04-16.16.25:088][  0]LogConfig: Setting CVar [[r.DOF.Scatter.ForegroundCompositing:1    ; additive foreground scattering]]
[2023.05.04-16.16.25:088][  0]LogConfig: Setting CVar [[r.DOF.Scatter.BackgroundCompositing:2    ; additive background scattering]]
[2023.05.04-16.16.25:088][  0]LogConfig: Setting CVar [[r.DOF.Scatter.EnableBokehSettings:1      ; bokeh simulation when scattering]]
[2023.05.04-16.16.25:088][  0]LogConfig: Setting CVar [[r.DOF.Scatter.MaxSpriteRatio:0.1         ; only a maximum of 10% of scattered bokeh]]
[2023.05.04-16.16.25:088][  0]LogConfig: Setting CVar [[r.DOF.Recombine.Quality:1                ; cheap slight out of focus]]
[2023.05.04-16.16.25:088][  0]LogConfig: Setting CVar [[r.DOF.Recombine.EnableBokehSettings:0    ; no bokeh simulation on slight out of focus]]
[2023.05.04-16.16.25:088][  0]LogConfig: Setting CVar [[r.DOF.TemporalAAQuality:1                ; more stable temporal accumulation]]
[2023.05.04-16.16.25:088][  0]LogConfig: Setting CVar [[r.DOF.Kernel.MaxForegroundRadius:0.025]]
[2023.05.04-16.16.25:088][  0]LogConfig: Setting CVar [[r.DOF.Kernel.MaxBackgroundRadius:0.025]]
[2023.05.04-16.16.25:088][  0]LogConfig: Applying CVar settings from Section [TextureQuality@3] File [C:/Users/emmyt/OneDrive/Documents/GitHub/-Journeyman-Twonic---Alpha-Team/Twonic/Saved/Config/Windows/Scalability.ini]
[2023.05.04-16.16.25:088][  0]LogConfig: Setting CVar [[r.Streaming.MipBias:0]]
[2023.05.04-16.16.25:088][  0]LogConfig: Setting CVar [[r.Streaming.AmortizeCPUToGPUCopy:0]]
[2023.05.04-16.16.25:088][  0]LogConfig: Setting CVar [[r.Streaming.MaxNumTexturesToStreamPerFrame:0]]
[2023.05.04-16.16.25:088][  0]LogConfig: Setting CVar [[r.Streaming.Boost:1]]
[2023.05.04-16.16.25:088][  0]LogConfig: Setting CVar [[r.MaxAnisotropy:8]]
[2023.05.04-16.16.25:088][  0]LogConfig: Setting CVar [[r.VT.MaxAnisotropy:8]]
[2023.05.04-16.16.25:088][  0]LogConfig: Setting CVar [[r.Streaming.LimitPoolSizeToVRAM:0]]
[2023.05.04-16.16.25:088][  0]LogConfig: Setting CVar [[r.Streaming.PoolSize:1000]]
[2023.05.04-16.16.25:088][  0]LogConfig: Setting CVar [[r.Streaming.MaxEffectiveScreenSize:0]]
[2023.05.04-16.16.25:088][  0]LogConfig: Applying CVar settings from Section [EffectsQuality@3] File [C:/Users/emmyt/OneDrive/Documents/GitHub/-Journeyman-Twonic---Alpha-Team/Twonic/Saved/Config/Windows/Scalability.ini]
[2023.05.04-16.16.25:088][  0]LogConfig: Setting CVar [[r.TranslucencyLightingVolumeDim:64]]
[2023.05.04-16.16.25:088][  0]LogConfig: Setting CVar [[r.RefractionQuality:2]]
[2023.05.04-16.16.25:088][  0]LogConfig: Setting CVar [[r.SSR.Quality:3]]
[2023.05.04-16.16.25:088][  0]LogConfig: Setting CVar [[r.SSR.HalfResSceneColor:0]]
[2023.05.04-16.16.25:088][  0]LogConfig: Setting CVar [[r.SceneColorFormat:4]]
[2023.05.04-16.16.25:088][  0]LogConfig: Setting CVar [[r.DetailMode:2]]
[2023.05.04-16.16.25:088][  0]LogConfig: Setting CVar [[r.TranslucencyVolumeBlur:1]]
[2023.05.04-16.16.25:088][  0]LogConfig: Setting CVar [[r.MaterialQualityLevel:1 ; High quality]]
[2023.05.04-16.16.25:088][  0]LogConfig: Setting CVar [[r.AnisotropicMaterials:1]]
[2023.05.04-16.16.25:088][  0]LogConfig: Setting CVar [[r.SSS.Scale:1]]
[2023.05.04-16.16.25:088][  0]LogConfig: Setting CVar [[r.SSS.SampleSet:2]]
[2023.05.04-16.16.25:088][  0]LogConfig: Setting CVar [[r.SSS.Quality:1]]
[2023.05.04-16.16.25:088][  0]LogConfig: Setting CVar [[r.SSS.HalfRes:0]]
[2023.05.04-16.16.25:088][  0]LogConfig: Setting CVar [[r.SSGI.Quality:3]]
[2023.05.04-16.16.25:088][  0]LogConfig: Setting CVar [[r.EmitterSpawnRateScale:1.0]]
[2023.05.04-16.16.25:088][  0]LogConfig: Setting CVar [[r.ParticleLightQuality:2]]
[2023.05.04-16.16.25:088][  0]LogConfig: Setting CVar [[r.SkyAtmosphere.AerialPerspectiveLUT.FastApplyOnOpaque:1 ; Always have FastSkyLUT 1 in this case to avoid wrong sky]]
[2023.05.04-16.16.25:088][  0]LogConfig: Setting CVar [[r.SkyAtmosphere.AerialPerspectiveLUT.SampleCountMaxPerSlice:4]]
[2023.05.04-16.16.25:088][  0]LogConfig: Setting CVar [[r.SkyAtmosphere.AerialPerspectiveLUT.DepthResolution:16.0]]
[2023.05.04-16.16.25:088][  0]LogConfig: Setting CVar [[r.SkyAtmosphere.FastSkyLUT:1]]
[2023.05.04-16.16.25:088][  0]LogConfig: Setting CVar [[r.SkyAtmosphere.FastSkyLUT.SampleCountMin:4.0]]
[2023.05.04-16.16.25:088][  0]LogConfig: Setting CVar [[r.SkyAtmosphere.FastSkyLUT.SampleCountMax:128.0]]
[2023.05.04-16.16.25:088][  0]LogConfig: Setting CVar [[r.SkyAtmosphere.SampleCountMin:4.0]]
[2023.05.04-16.16.25:088][  0]LogConfig: Setting CVar [[r.SkyAtmosphere.SampleCountMax:128.0]]
[2023.05.04-16.16.25:088][  0]LogConfig: Setting CVar [[r.SkyAtmosphere.TransmittanceLUT.UseSmallFormat:0]]
[2023.05.04-16.16.25:088][  0]LogConfig: Setting CVar [[r.SkyAtmosphere.TransmittanceLUT.SampleCount:10.0]]
[2023.05.04-16.16.25:088][  0]LogConfig: Setting CVar [[r.SkyAtmosphere.MultiScatteringLUT.SampleCount:15.0]]
[2023.05.04-16.16.25:088][  0]LogConfig: Setting CVar [[r.SkyLight.RealTimeReflectionCapture:1]]
[2023.05.04-16.16.25:088][  0]LogConfig: Applying CVar settings from Section [FoliageQuality@3] File [C:/Users/emmyt/OneDrive/Documents/GitHub/-Journeyman-Twonic---Alpha-Team/Twonic/Saved/Config/Windows/Scalability.ini]
[2023.05.04-16.16.25:088][  0]LogConfig: Setting CVar [[foliage.DensityScale:1.0]]
[2023.05.04-16.16.25:089][  0]LogConfig: Setting CVar [[grass.DensityScale:1.0]]
[2023.05.04-16.16.25:089][  0]LogConfig: Applying CVar settings from Section [ShadingQuality@3] File [C:/Users/emmyt/OneDrive/Documents/GitHub/-Journeyman-Twonic---Alpha-Team/Twonic/Saved/Config/Windows/Scalability.ini]
[2023.05.04-16.16.25:089][  0]LogConfig: Setting CVar [[r.HairStrands.SkyLighting.IntegrationType:2]]
[2023.05.04-16.16.25:089][  0]LogConfig: Setting CVar [[r.HairStrands.SkyAO.SampleCount:4]]
[2023.05.04-16.16.25:089][  0]LogConfig: Setting CVar [[r.HairStrands.Visibility.MSAA.SamplePerPixel:4]]
[2023.05.04-16.16.25:151][  0]LogInit: Selected Device Profile: [Windows]
[2023.05.04-16.16.25:151][  0]LogInit: Applying CVar settings loaded from the selected device profile: [Windows]
[2023.05.04-16.16.25:183][  0]LogHAL: Display: Platform has ~ 8 GB [8464343040 / 8589934592 / 8], which maps to Default [LargestMinGB=32, LargerMinGB=12, DefaultMinGB=8, SmallerMinGB=6, SmallestMinGB=0)
[2023.05.04-16.16.25:183][  0]LogInit: Going up to parent DeviceProfile []
[2023.05.04-16.16.25:183][  0]LogConfig: Applying CVar settings from Section [ViewDistanceQuality@3] File [C:/Users/emmyt/OneDrive/Documents/GitHub/-Journeyman-Twonic---Alpha-Team/Twonic/Saved/Config/Windows/Scalability.ini]
[2023.05.04-16.16.25:183][  0]LogConfig: Setting CVar [[r.SkeletalMeshLODBias:0]]
[2023.05.04-16.16.25:183][  0]LogConfig: Setting CVar [[r.ViewDistanceScale:1.0]]
[2023.05.04-16.16.25:183][  0]LogConfig: Applying CVar settings from Section [AntiAliasingQuality@3] File [C:/Users/emmyt/OneDrive/Documents/GitHub/-Journeyman-Twonic---Alpha-Team/Twonic/Saved/Config/Windows/Scalability.ini]
[2023.05.04-16.16.25:183][  0]LogConfig: Setting CVar [[r.PostProcessAAQuality:4]]
[2023.05.04-16.16.25:183][  0]LogConfig: Applying CVar settings from Section [ShadowQuality@3] File [C:/Users/emmyt/OneDrive/Documents/GitHub/-Journeyman-Twonic---Alpha-Team/Twonic/Saved/Config/Windows/Scalability.ini]
[2023.05.04-16.16.25:183][  0]LogConfig: Setting CVar [[r.LightFunctionQuality:1]]
[2023.05.04-16.16.25:183][  0]LogConfig: Setting CVar [[r.ShadowQuality:5]]
[2023.05.04-16.16.25:183][  0]LogConfig: Setting CVar [[r.Shadow.CSM.MaxCascades:10]]
[2023.05.04-16.16.25:183][  0]LogConfig: Setting CVar [[r.Shadow.MaxResolution:2048]]
[2023.05.04-16.16.25:183][  0]LogConfig: Setting CVar [[r.Shadow.MaxCSMResolution:2048]]
[2023.05.04-16.16.25:183][  0]LogConfig: Setting CVar [[r.Shadow.RadiusThreshold:0.01]]
[2023.05.04-16.16.25:183][  0]LogConfig: Setting CVar [[r.Shadow.DistanceScale:1.0]]
[2023.05.04-16.16.25:183][  0]LogConfig: Setting CVar [[r.Shadow.CSM.TransitionScale:1.0]]
[2023.05.04-16.16.25:183][  0]LogConfig: Setting CVar [[r.Shadow.PreShadowResolutionFactor:1.0]]
[2023.05.04-16.16.25:183][  0]LogConfig: Setting CVar [[r.DistanceFieldShadowing:1]]
[2023.05.04-16.16.25:183][  0]LogConfig: Setting CVar [[r.DistanceFieldAO:1]]
[2023.05.04-16.16.25:183][  0]LogConfig: Setting CVar [[r.AOQuality:2]]
[2023.05.04-16.16.25:183][  0]LogConfig: Setting CVar [[r.VolumetricFog:1]]
[2023.05.04-16.16.25:183][  0]LogConfig: Setting CVar [[r.VolumetricFog.GridPixelSize:8]]
[2023.05.04-16.16.25:183][  0]LogConfig: Setting CVar [[r.VolumetricFog.GridSizeZ:128]]
[2023.05.04-16.16.25:183][  0]LogConfig: Setting CVar [[r.VolumetricFog.HistoryMissSupersampleCount:4]]
[2023.05.04-16.16.25:183][  0]LogConfig: Setting CVar [[r.LightMaxDrawDistanceScale:1]]
[2023.05.04-16.16.25:183][  0]LogConfig: Setting CVar [[r.CapsuleShadows:1]]
[2023.05.04-16.16.25:183][  0]LogConfig: Applying CVar settings from Section [PostProcessQuality@3] File [C:/Users/emmyt/OneDrive/Documents/GitHub/-Journeyman-Twonic---Alpha-Team/Twonic/Saved/Config/Windows/Scalability.ini]
[2023.05.04-16.16.25:183][  0]LogConfig: Setting CVar [[r.MotionBlurQuality:4]]
[2023.05.04-16.16.25:183][  0]LogConfig: Setting CVar [[r.AmbientOcclusionMipLevelFactor:0.4]]
[2023.05.04-16.16.25:183][  0]LogConfig: Setting CVar [[r.AmbientOcclusionMaxQuality:100]]
[2023.05.04-16.16.25:183][  0]LogConfig: Setting CVar [[r.AmbientOcclusionLevels:-1]]
[2023.05.04-16.16.25:183][  0]LogConfig: Setting CVar [[r.AmbientOcclusionRadiusScale:1.0]]
[2023.05.04-16.16.25:183][  0]LogConfig: Setting CVar [[r.DepthOfFieldQuality:2]]
[2023.05.04-16.16.25:183][  0]LogConfig: Setting CVar [[r.RenderTargetPoolMin:400]]
[2023.05.04-16.16.25:183][  0]LogConfig: Setting CVar [[r.LensFlareQuality:2]]
[2023.05.04-16.16.25:183][  0]LogConfig: Setting CVar [[r.SceneColorFringeQuality:1]]
[2023.05.04-16.16.25:183][  0]LogConfig: Setting CVar [[r.EyeAdaptationQuality:2]]
[2023.05.04-16.16.25:183][  0]LogConfig: Setting CVar [[r.BloomQuality:5]]
[2023.05.04-16.16.25:183][  0]LogConfig: Setting CVar [[r.FastBlurThreshold:100]]
[2023.05.04-16.16.25:183][  0]LogConfig: Setting CVar [[r.Upscale.Quality:3]]
[2023.05.04-16.16.25:183][  0]LogConfig: Setting CVar [[r.Tonemapper.GrainQuantization:1]]
[2023.05.04-16.16.25:183][  0]LogConfig: Setting CVar [[r.LightShaftQuality:1]]
[2023.05.04-16.16.25:183][  0]LogConfig: Setting CVar [[r.Filter.SizeScale:1]]
[2023.05.04-16.16.25:183][  0]LogConfig: Setting CVar [[r.Tonemapper.Quality:5]]
[2023.05.04-16.16.25:183][  0]LogConfig: Setting CVar [[r.DOF.Gather.AccumulatorQuality:1        ; higher gathering accumulator quality]]
[2023.05.04-16.16.25:183][  0]LogConfig: Setting CVar [[r.DOF.Gather.PostfilterMethod:1          ; Median3x3 postfilering method]]
[2023.05.04-16.16.25:183][  0]LogConfig: Setting CVar [[r.DOF.Gather.EnableBokehSettings:0       ; no bokeh simulation when gathering]]
[2023.05.04-16.16.25:183][  0]LogConfig: Setting CVar [[r.DOF.Gather.RingCount:4                 ; medium number of samples when gathering]]
[2023.05.04-16.16.25:183][  0]LogConfig: Setting CVar [[r.DOF.Scatter.ForegroundCompositing:1    ; additive foreground scattering]]
[2023.05.04-16.16.25:183][  0]LogConfig: Setting CVar [[r.DOF.Scatter.BackgroundCompositing:2    ; additive background scattering]]
[2023.05.04-16.16.25:183][  0]LogConfig: Setting CVar [[r.DOF.Scatter.EnableBokehSettings:1      ; bokeh simulation when scattering]]
[2023.05.04-16.16.25:183][  0]LogConfig: Setting CVar [[r.DOF.Scatter.MaxSpriteRatio:0.1         ; only a maximum of 10% of scattered bokeh]]
[2023.05.04-16.16.25:183][  0]LogConfig: Setting CVar [[r.DOF.Recombine.Quality:1                ; cheap slight out of focus]]
[2023.05.04-16.16.25:183][  0]LogConfig: Setting CVar [[r.DOF.Recombine.EnableBokehSettings:0    ; no bokeh simulation on slight out of focus]]
[2023.05.04-16.16.25:183][  0]LogConfig: Setting CVar [[r.DOF.TemporalAAQuality:1                ; more stable temporal accumulation]]
[2023.05.04-16.16.25:183][  0]LogConfig: Setting CVar [[r.DOF.Kernel.MaxForegroundRadius:0.025]]
[2023.05.04-16.16.25:183][  0]LogConfig: Setting CVar [[r.DOF.Kernel.MaxBackgroundRadius:0.025]]
[2023.05.04-16.16.25:183][  0]LogConfig: Applying CVar settings from Section [TextureQuality@3] File [C:/Users/emmyt/OneDrive/Documents/GitHub/-Journeyman-Twonic---Alpha-Team/Twonic/Saved/Config/Windows/Scalability.ini]
[2023.05.04-16.16.25:183][  0]LogConfig: Setting CVar [[r.Streaming.MipBias:0]]
[2023.05.04-16.16.25:183][  0]LogConfig: Setting CVar [[r.Streaming.AmortizeCPUToGPUCopy:0]]
[2023.05.04-16.16.25:183][  0]LogConfig: Setting CVar [[r.Streaming.MaxNumTexturesToStreamPerFrame:0]]
[2023.05.04-16.16.25:183][  0]LogConfig: Setting CVar [[r.Streaming.Boost:1]]
[2023.05.04-16.16.25:183][  0]LogConfig: Setting CVar [[r.MaxAnisotropy:8]]
[2023.05.04-16.16.25:184][  0]LogConfig: Setting CVar [[r.VT.MaxAnisotropy:8]]
[2023.05.04-16.16.25:184][  0]LogConfig: Setting CVar [[r.Streaming.LimitPoolSizeToVRAM:0]]
[2023.05.04-16.16.25:184][  0]LogConfig: Setting CVar [[r.Streaming.PoolSize:1000]]
[2023.05.04-16.16.25:184][  0]LogConfig: Setting CVar [[r.Streaming.MaxEffectiveScreenSize:0]]
[2023.05.04-16.16.25:184][  0]LogConfig: Applying CVar settings from Section [EffectsQuality@3] File [C:/Users/emmyt/OneDrive/Documents/GitHub/-Journeyman-Twonic---Alpha-Team/Twonic/Saved/Config/Windows/Scalability.ini]
[2023.05.04-16.16.25:184][  0]LogConfig: Setting CVar [[r.TranslucencyLightingVolumeDim:64]]
[2023.05.04-16.16.25:184][  0]LogConfig: Setting CVar [[r.RefractionQuality:2]]
[2023.05.04-16.16.25:184][  0]LogConfig: Setting CVar [[r.SSR.Quality:3]]
[2023.05.04-16.16.25:184][  0]LogConfig: Setting CVar [[r.SSR.HalfResSceneColor:0]]
[2023.05.04-16.16.25:184][  0]LogConfig: Setting CVar [[r.SceneColorFormat:4]]
[2023.05.04-16.16.25:184][  0]LogConfig: Setting CVar [[r.DetailMode:2]]
[2023.05.04-16.16.25:184][  0]LogConfig: Setting CVar [[r.TranslucencyVolumeBlur:1]]
[2023.05.04-16.16.25:184][  0]LogConfig: Setting CVar [[r.MaterialQualityLevel:1 ; High quality]]
[2023.05.04-16.16.25:184][  0]LogConfig: Setting CVar [[r.AnisotropicMaterials:1]]
[2023.05.04-16.16.25:184][  0]LogConfig: Setting CVar [[r.SSS.Scale:1]]
[2023.05.04-16.16.25:184][  0]LogConfig: Setting CVar [[r.SSS.SampleSet:2]]
[2023.05.04-16.16.25:184][  0]LogConfig: Setting CVar [[r.SSS.Quality:1]]
[2023.05.04-16.16.25:184][  0]LogConfig: Setting CVar [[r.SSS.HalfRes:0]]
[2023.05.04-16.16.25:184][  0]LogConfig: Setting CVar [[r.SSGI.Quality:3]]
[2023.05.04-16.16.25:184][  0]LogConfig: Setting CVar [[r.EmitterSpawnRateScale:1.0]]
[2023.05.04-16.16.25:184][  0]LogConfig: Setting CVar [[r.ParticleLightQuality:2]]
[2023.05.04-16.16.25:184][  0]LogConfig: Setting CVar [[r.SkyAtmosphere.AerialPerspectiveLUT.FastApplyOnOpaque:1 ; Always have FastSkyLUT 1 in this case to avoid wrong sky]]
[2023.05.04-16.16.25:184][  0]LogConfig: Setting CVar [[r.SkyAtmosphere.AerialPerspectiveLUT.SampleCountMaxPerSlice:4]]
[2023.05.04-16.16.25:184][  0]LogConfig: Setting CVar [[r.SkyAtmosphere.AerialPerspectiveLUT.DepthResolution:16.0]]
[2023.05.04-16.16.25:184][  0]LogConfig: Setting CVar [[r.SkyAtmosphere.FastSkyLUT:1]]
[2023.05.04-16.16.25:184][  0]LogConfig: Setting CVar [[r.SkyAtmosphere.FastSkyLUT.SampleCountMin:4.0]]
[2023.05.04-16.16.25:184][  0]LogConfig: Setting CVar [[r.SkyAtmosphere.FastSkyLUT.SampleCountMax:128.0]]
[2023.05.04-16.16.25:184][  0]LogConfig: Setting CVar [[r.SkyAtmosphere.SampleCountMin:4.0]]
[2023.05.04-16.16.25:184][  0]LogConfig: Setting CVar [[r.SkyAtmosphere.SampleCountMax:128.0]]
[2023.05.04-16.16.25:184][  0]LogConfig: Setting CVar [[r.SkyAtmosphere.TransmittanceLUT.UseSmallFormat:0]]
[2023.05.04-16.16.25:184][  0]LogConfig: Setting CVar [[r.SkyAtmosphere.TransmittanceLUT.SampleCount:10.0]]
[2023.05.04-16.16.25:184][  0]LogConfig: Setting CVar [[r.SkyAtmosphere.MultiScatteringLUT.SampleCount:15.0]]
[2023.05.04-16.16.25:184][  0]LogConfig: Setting CVar [[r.SkyLight.RealTimeReflectionCapture:1]]
[2023.05.04-16.16.25:184][  0]LogConfig: Applying CVar settings from Section [FoliageQuality@3] File [C:/Users/emmyt/OneDrive/Documents/GitHub/-Journeyman-Twonic---Alpha-Team/Twonic/Saved/Config/Windows/Scalability.ini]
[2023.05.04-16.16.25:184][  0]LogConfig: Setting CVar [[foliage.DensityScale:1.0]]
[2023.05.04-16.16.25:184][  0]LogConfig: Setting CVar [[grass.DensityScale:1.0]]
[2023.05.04-16.16.25:184][  0]LogConfig: Applying CVar settings from Section [ShadingQuality@3] File [C:/Users/emmyt/OneDrive/Documents/GitHub/-Journeyman-Twonic---Alpha-Team/Twonic/Saved/Config/Windows/Scalability.ini]
[2023.05.04-16.16.25:184][  0]LogConfig: Setting CVar [[r.HairStrands.SkyLighting.IntegrationType:2]]
[2023.05.04-16.16.25:184][  0]LogConfig: Setting CVar [[r.HairStrands.SkyAO.SampleCount:4]]
[2023.05.04-16.16.25:184][  0]LogConfig: Setting CVar [[r.HairStrands.Visibility.MSAA.SamplePerPixel:4]]
[2023.05.04-16.16.25:184][  0]LogConfig: Applying CVar settings from Section [Startup] File [../../../Engine/Config/ConsoleVariables.ini]
[2023.05.04-16.16.25:210][  0]LogConfig: Setting CVar [[net.UseAdaptiveNetUpdateFrequency:0]]
[2023.05.04-16.16.25:210][  0]LogConfig: Setting CVar [[p.chaos.AllowCreatePhysxBodies:1]]
[2023.05.04-16.16.25:210][  0]LogConfig: Setting CVar [[fx.SkipVectorVMBackendOptimizations:1]]
[2023.05.04-16.16.25:210][  0]LogConfig: Applying CVar settings from Section [ConsoleVariables] File [C:/Users/emmyt/OneDrive/Documents/GitHub/-Journeyman-Twonic---Alpha-Team/Twonic/Saved/Config/Windows/Engine.ini]
[2023.05.04-16.16.25:210][  0]LogConfig: Applying CVar settings from Section [ConsoleVariables] File [C:/Users/emmyt/OneDrive/Documents/GitHub/-Journeyman-Twonic---Alpha-Team/Twonic/Saved/Config/Windows/Editor.ini]
[2023.05.04-16.16.25:261][  0]LogInit: Computer: LAPTOP-OVB59CM9
[2023.05.04-16.16.25:262][  0]LogInit: User: emmyt
[2023.05.04-16.16.25:262][  0]LogInit: CPU Page size=4096, Cores=4
[2023.05.04-16.16.25:262][  0]LogInit: High frequency timer resolution =10.000000 MHz
[2023.05.04-16.16.25:262][  0]LogMemory: Memory total: Physical=7.9GB (8GB approx)
[2023.05.04-16.16.25:297][  0]LogMemory: Platform Memory Stats for Windows
[2023.05.04-16.16.25:297][  0]LogMemory: Process Physical Memory: 141.20 MB used, 141.20 MB peak
[2023.05.04-16.16.25:297][  0]LogMemory: Process Virtual Memory: 114.55 MB used, 114.55 MB peak
[2023.05.04-16.16.25:297][  0]LogMemory: Physical Memory: 7418.41 MB used,  653.82 MB free, 8072.23 MB total
[2023.05.04-16.16.25:297][  0]LogMemory: Virtual Memory: 134212968.00 MB used,  4757.80 MB free, 134217728.00 MB total
[2023.05.04-16.16.25:311][  0]LogWindows: WindowsPlatformFeatures enabled
[2023.05.04-16.16.27:857][  0]LogInit: Physics initialised using underlying interface: PhysX
[2023.05.04-16.16.27:888][  0]LogInit: Using OS detected language (en-GB).
[2023.05.04-16.16.27:888][  0]LogInit: Using OS detected locale (en-GB).
[2023.05.04-16.16.28:065][  0]LogTextLocalizationManager: No specific localization for 'en-GB' exists, so the 'en' localization will be used.
[2023.05.04-16.16.39:179][  0]LogTargetPlatformManager: Display: Loaded TargetPlatform 'AllDesktop'
[2023.05.04-16.16.39:268][  0]LogTargetPlatformManager: Display: Loaded TargetPlatform 'Android'
[2023.05.04-16.16.39:268][  0]LogTargetPlatformManager: Display: Loaded TargetPlatform 'Android_ASTC'
[2023.05.04-16.16.39:268][  0]LogTargetPlatformManager: Display: Loaded TargetPlatform 'Android_DXT'
[2023.05.04-16.16.39:268][  0]LogTargetPlatformManager: Display: Loaded TargetPlatform 'Android_ETC2'
[2023.05.04-16.16.39:268][  0]LogTargetPlatformManager: Display: Loaded TargetPlatform 'AndroidClient'
[2023.05.04-16.16.39:268][  0]LogTargetPlatformManager: Display: Loaded TargetPlatform 'Android_ASTCClient'
[2023.05.04-16.16.39:268][  0]LogTargetPlatformManager: Display: Loaded TargetPlatform 'Android_DXTClient'
[2023.05.04-16.16.39:268][  0]LogTargetPlatformManager: Display: Loaded TargetPlatform 'Android_ETC2Client'
[2023.05.04-16.16.39:268][  0]LogTargetPlatformManager: Display: Loaded TargetPlatform 'Android_Multi'
[2023.05.04-16.16.39:268][  0]LogTargetPlatformManager: Display: Loaded TargetPlatform 'Android_MultiClient'
[2023.05.04-16.16.39:498][  0]LogTargetPlatformManager: Display: Loaded TargetPlatform 'IOSClient'
[2023.05.04-16.16.39:498][  0]LogTargetPlatformManager: Display: Loaded TargetPlatform 'IOS'
[2023.05.04-16.16.39:632][  0]LogTargetPlatformManager: Display: Loaded TargetPlatform 'Linux'
[2023.05.04-16.16.39:727][  0]LogTargetPlatformManager: Display: Loaded TargetPlatform 'LinuxNoEditor'
[2023.05.04-16.16.39:764][  0]LogTargetPlatformManager: Display: Loaded TargetPlatform 'LinuxClient'
[2023.05.04-16.16.39:782][  0]LogTargetPlatformManager: Display: Loaded TargetPlatform 'LinuxServer'
[2023.05.04-16.16.39:846][  0]LogTargetPlatformManager: Display: Loaded TargetPlatform 'LinuxAArch64NoEditor'
[2023.05.04-16.16.39:878][  0]LogTargetPlatformManager: Display: Loaded TargetPlatform 'LinuxAArch64Client'
[2023.05.04-16.16.39:916][  0]LogTargetPlatformManager: Display: Loaded TargetPlatform 'LinuxAArch64Server'
[2023.05.04-16.16.40:019][  0]LogTargetPlatformManager: Display: Loaded TargetPlatform 'Lumin'
[2023.05.04-16.16.40:019][  0]LogTargetPlatformManager: Display: Loaded TargetPlatform 'LuminClient'
[2023.05.04-16.16.40:236][  0]LogTargetPlatformManager: Display: Loaded TargetPlatform 'MacNoEditor'
[2023.05.04-16.16.40:297][  0]LogTargetPlatformManager: Display: Loaded TargetPlatform 'Mac'
[2023.05.04-16.16.40:337][  0]LogTargetPlatformManager: Display: Loaded TargetPlatform 'MacClient'
[2023.05.04-16.16.40:366][  0]LogTargetPlatformManager: Display: Loaded TargetPlatform 'MacServer'
[2023.05.04-16.16.40:433][  0]LogTargetPlatformManager: Display: Loaded TargetPlatform 'TVOSClient'
[2023.05.04-16.16.40:433][  0]LogTargetPlatformManager: Display: Loaded TargetPlatform 'TVOS'
[2023.05.04-16.16.40:511][  0]LogTargetPlatformManager: Display: Loaded TargetPlatform 'WindowsNoEditor'
[2023.05.04-16.16.40:566][  0]LogTargetPlatformManager: Display: Loaded TargetPlatform 'Windows'
[2023.05.04-16.16.40:664][  0]LogTargetPlatformManager: Display: Loaded TargetPlatform 'WindowsClient'
[2023.05.04-16.16.40:744][  0]LogTargetPlatformManager: Display: Loaded TargetPlatform 'WindowsServer'
[2023.05.04-16.16.40:744][  0]LogTargetPlatformManager: Display: Building Assets For Windows
[2023.05.04-16.16.41:287][  0]LogAudioDebug: Display: Lib vorbis DLL was dynamically loaded.
[2023.05.04-16.16.42:283][  0]LogTextureFormatOodle: Display: Oodle Texture 2.9.0 init RDO Off
[2023.05.04-16.16.44:468][  0]LogRendererCore: Ray tracing is disabled. Reason: r.RayTracing=0.
[2023.05.04-16.16.44:883][  0]LogShaderCompilers: Guid format shader working directory is -34 characters bigger than the processId version (C:/Users/emmyt/OneDrive/Documents/GitHub/-Journeyman-Twonic---Alpha-Team/Twonic/Intermediate/Shaders/WorkingDirectory/16456/).
[2023.05.04-16.16.44:883][  0]LogShaderCompilers: Cleaned the shader compiler working directory 'C:/Users/emmyt/AppData/Local/Temp/UnrealShaderWorkingDir/24E6B1814EA4AC8597A92DA42CD65B4C/'.
[2023.05.04-16.16.44:884][  0]LogXGEController: Cannot use XGE Controller as Incredibuild is not installed on this machine.
[2023.05.04-16.16.44:894][  0]LogShaderCompilers: Cannot use XGE Shader Compiler as Incredibuild is not installed on this machine.
[2023.05.04-16.16.44:894][  0]LogShaderCompilers: Display: Using Local Shader Compiler.
[2023.05.04-16.16.48:763][  0]LogDerivedDataCache: Display: Max Cache Size: 512 MB
[2023.05.04-16.16.49:177][  0]LogDerivedDataCache: Loaded boot cache 0.41s 95MB C:/Users/emmyt/AppData/Local/UnrealEngine/4.27/DerivedDataCache/Boot.ddc.
[2023.05.04-16.16.49:177][  0]LogDerivedDataCache: Display: Loaded Boot cache: C:/Users/emmyt/AppData/Local/UnrealEngine/4.27/DerivedDataCache/Boot.ddc
[2023.05.04-16.16.49:177][  0]LogDerivedDataCache: FDerivedDataBackendGraph:  Pak pak cache file C:/Users/emmyt/OneDrive/Documents/GitHub/-Journeyman-Twonic---Alpha-Team/Twonic/DerivedDataCache/DDC.ddp not found, will not use a pak cache.
[2023.05.04-16.16.49:177][  0]LogDerivedDataCache: Unable to find inner node Pak for hierarchical cache Hierarchy.
[2023.05.04-16.16.49:177][  0]LogDerivedDataCache: FDerivedDataBackendGraph:  CompressedPak pak cache file C:/Users/emmyt/OneDrive/Documents/GitHub/-Journeyman-Twonic---Alpha-Team/Twonic/DerivedDataCache/Compressed.ddp not found, will not use a pak cache.
[2023.05.04-16.16.49:177][  0]LogDerivedDataCache: Unable to find inner node CompressedPak for hierarchical cache Hierarchy.
[2023.05.04-16.16.49:847][  0]LogDerivedDataCache: Display: Pak cache opened for reading ../../../Engine/DerivedDataCache/Compressed.ddp.
[2023.05.04-16.16.49:847][  0]LogDerivedDataCache: FDerivedDataBackendGraph:  EnterprisePak pak cache file ../../../Enterprise/DerivedDataCache/Compressed.ddp not found, will not use a pak cache.
[2023.05.04-16.16.49:847][  0]LogDerivedDataCache: Unable to find inner node EnterprisePak for hierarchical cache Hierarchy.
[2023.05.04-16.16.50:914][  0]LogDerivedDataCache: Speed tests for C:/Users/emmyt/AppData/Local/UnrealEngine/Common/DerivedDataCache took 0.92 seconds
[2023.05.04-16.16.50:914][  0]LogDerivedDataCache: Display: Performance to C:/Users/emmyt/AppData/Local/UnrealEngine/Common/DerivedDataCache: Latency=0.18ms. RandomReadSpeed=1.18MBs, RandomWriteSpeed=7.37MBs. Assigned SpeedClass 'Local'
[2023.05.04-16.16.50:915][  0]LogDerivedDataCache: Using Local data cache path C:/Users/emmyt/AppData/Local/UnrealEngine/Common/DerivedDataCache: Writable
[2023.05.04-16.16.50:915][  0]LogDerivedDataCache: Shared data cache path not found in *engine.ini, will not use an Shared cache.
[2023.05.04-16.16.50:915][  0]LogDerivedDataCache: Unable to find inner node Shared for hierarchical cache Hierarchy.
[2023.05.04-16.16.53:450][  0]LogAssetRegistry: FAssetRegistry took 0.0610 seconds to start up
[2023.05.04-16.17.02:847][  0]LogInit: Selected Device Profile: [Windows]
[2023.05.04-16.17.02:847][  0]LogInit: Active device profile: [000002B3E3AF3900][000002B3DCC96780 49] Windows
[2023.05.04-16.17.02:848][  0]LogInit: Profiles: [000002B3E3AF3900][000002B3DCC96780 49] Windows, [000002B3E3AB8800][000002B3DED8C900 49] WindowsNoEditor, [000002B3E3AF0900][000002B3DED90A80 49] WindowsServer, [000002B3E3ABB200][000002B3DED94C00 49] WindowsClient, [000002B3E3AF3100][000002B3DED98D80 49] IOS, [000002B3E3AB9100][000002B3DED9CF00 49] iPadAir, [000002B3E3AF1000][000002B3DEDA1080 49] iPadAir2, [000002B3E4A54200][000002B3DEDAF340 49] IPadPro, [000002B3E4A4BF00][000002B3DEDA5380 49] iPadAir3, [000002B3E3AF2F00][000002B3DEDB9500 49] iPadAir4, [000002B3E4A48E00][000002B3DEDBD680 49] iPadMini2, [000002B3E3AF1200][000002B3DCC9B7C0 49] iPadMini3, [000002B3E4A4AD00][000002B3E05F7900 49] iPadMini4, [000002B3E3AF2600][000002B3E05FBA40 49] iPadMini5, [000002B3E3ABAC00][000002B3E0606140 49] iPhone6, [000002B3E3ABAB00][000002B3E05FE180 49] iPodTouch6, [000002B3E4A48F00][000002B3E060E440 49] iPhone7, [000002B3E4A49000][000002B3E060A480 49] iPodTouch7, [000002B3E3ABB700][000002B3E0612600 49] iPhone5S, [000002B3E4A4B500][000002B3E0616780 49] iPhone6Plus, [000002B3E3AB8500][000002B3E061A900 49] iPhone6S, [000002B3E4A4B700][000002B3E061EA80 49] iPhone6SPlus, [000002B3E3AB8F00][000002B3E0622C00 49] iPhone7Plus, [000002B3E4A4BB00][000002B3E0626D80 49] iPhoneSE, [000002B3E3AB9800][000002B3E062AF00 49] iPhone8, [000002B3E4A4AB00][000002B3E062F080 49] iPhone8Plus, [000002B3E3ABAA00][000002B3E0633200 49] iPhoneX, [000002B3E4A49100][000002B3E0637380 49] iPhoneXS, [000002B3E3ABBC00][000002B3E063B500 49] iPhoneXSMax, [000002B3E4A49F00][000002B3E063F680 49] iPhoneXR, [000002B3E3ABB600][000002B3E0643800 49] iPhone11, [000002B3E4A4A000][000002B3E0647980 49] iPhone11Pro, [000002B3E3ABB800][000002B3E0603AC0 49] iPhone11ProMax, [000002B3E4A4BE00][000002B3E064BC00 49] iPhoneSE2, [000002B3E3ABB500][000002B3E064E1C0 49] iPhone12Mini, [000002B3E4A4BD00][000002B3E0656340 49] iPhone12, [000002B3E3ABAF00][000002B3E065A4C0 49] iPhone12Pro, [000002B3E4A49300][000002B3E4A80640 49] iPhone12ProMax, [000002B3E3AB9400][000002B3E4A847C0 49] iPadPro105, [000002B3E4A48900][000002B3E4A88940 49] iPadPro129, [000002B3E3AB8900][000002B3E4A8CAC0 49] iPadPro97, [000002B3E4A49700][000002B3E4A90C40 49] iPadPro2_129, [000002B3E3AB8C00][000002B3E4A94DC0 49] iPad5, [000002B3E4A49500][000002B3E4A98F40 49] iPad6, [000002B3E3AB9700][000002B3E4A9D0C0 49] iPad7, [000002B3E4A48B00][000002B3E4AA1240 49] iPad8, [000002B3E3AB8100][000002B3E4AA53C0 49] iPadPro11, [000002B3E4A4A800][000002B3E4AA9540 49] iPadPro2_11, [000002B3E3AB9E00][000002B3E4AAD6C0 49] iPadPro3_129, [000002B3E4A49200][000002B3E4AB1840 49] iPadPro4_129, [000002B3E3AB8300][000002B3E4AB59C0 49] AppleTV, [000002B3E4A49900][000002B3E4AB9B40 49] AppleTV4K, [000002B3E3ABA300][000002B3E0652100 49] TVOS, [000002B3E4A4A300][000002B3E4ABC240 49] Mac, [000002B3E3ABA200][000002B3E4AC0380 49] MacClient, [000002B3E4A4AA00][000002B3E4AC44C0 49] MacNoEditor, [000002B3E3ABB900][000002B3E4ACC640 49] MacServer, [000002B3E4A4A400][000002B3E4AD07C0 49] Linux, [000002B3E3ABB300][000002B3E4AD4940 49] LinuxAArch64, [000002B3E4A4B800][000002B3E4AD8AC0 49] LinuxNoEditor, [000002B3E3B35900][000002B3E4ADCC40 49] LinuxAArch64NoEditor, [000002B3E4A57900][000002B3E4AE0DC0 49] LinuxClient, [000002B3E3B35E00][000002B3E4AE4F40 49] LinuxAArch64Client, [000002B3E4A54700][000002B3E4AE90C0 49] LinuxServer, [000002B3E3B35700][000002B3E4AED240 49] LinuxAArch64Server, [000002B3E4A54C00][000002B3E4AF13C0 49] Android, [000002B3E3B34C00][000002B3E4AF5540 49] Android_Low, [000002B3E4A56900][000002B3E4AF96C0 49] Android_Mid, [000002B3E3B35800][000002B3E4AFD840 49] Android_High, [000002B3E4A55B00][000002B3E4B019C0 49] Android_Default, [000002B3E3B34700][000002B3E4B05B40 49] Android_Adreno4xx, [000002B3E4A57200][000002B3E4B08140 49] Android_Adreno5xx_Low, [000002B3E3B35300][000002B3E4AC8280 49] Android_Adreno5xx, [000002B3E4A56D00][000002B3E4B0C3C0 49] Android_Adreno6xx, [000002B3E3B34800][000002B3E4B10500 49] Android_Adreno6xx_Vulkan, [000002B3E4A54800][000002B3E4B14640 49] Android_Mali_T6xx, [000002B3E3B36200][000002B3E4B1C7C0 49] Android_Mali_T7xx, [000002B3E4A57100][000002B3E4B20940 49] Android_Mali_T8xx, [000002B3E3B35100][000002B3E4B24AC0 49] Android_Mali_G71, [000002B3E4A54300][000002B3E4B28C40 49] Android_Mali_G72, [000002B3E3B35C00][000002B3E4B2CDC0 49] Android_Mali_G72_Vulkan, [000002B3E4A55500][000002B3E4B30F40 49] Android_Mali_G76, [000002B3E3B36700][000002B3E4B350C0 49] Android_Mali_G76_Vulkan, [000002B3E4A56A00][000002B3E4B39240 49] Android_Mali_G77, [000002B3E4A4B600][000002B3E4B3D3C0 49] Android_Mali_G77_Vulkan, [000002B3E3AB9200][000002B3E4B41540 49] Android_Mali_G78, [000002B3E4A48700][000002B3E4B456C0 49] Android_Mali_G78_Vulkan, [000002B3E3ABAD00][000002B3E4B49840 49] Android_Mali_G710, [000002B3E4A49E00][000002B3E4B4D9C0 49] Android_Mali_G710_Vulkan, [000002B3E3ABA900][000002B3E4B51B40 49] Android_Vulkan_SM5, [000002B3E4A4A100][000002B3E4B54140 49] Android_PowerVR_G6xxx, [000002B3E3ABA600][000002B3E4B582C0 49] Android_PowerVR_GT7xxx, [000002B3E4A48500][000002B3E4B5C440 49] Android_PowerVR_GE8xxx, [000002B3E3AB9D00][000002B3E4B18580 49] Android_PowerVR_GM9xxx, [000002B3E3B36800][000002B3E4B606C0 49] Android_PowerVR_GM9xxx_Vulkan, [000002B3E3ABB100][000002B3E4B64800 49] Android_TegraK1, [000002B3E3B35A00][000002B3E4B6C980 49] Android_Unknown_Vulkan, [000002B3E3AB8D00][000002B3E4B70B00 49] Lumin, [000002B3E3B34100][000002B3E4B74C80 49] Lumin_Desktop, [000002B3E3AB8200][000002B3E4B78E00 49] HoloLens, 
[2023.05.04-16.17.06:207][  0]LogMeshReduction: Using QuadricMeshReduction for automatic static mesh reduction
[2023.05.04-16.17.06:207][  0]LogMeshReduction: Using SimplygonMeshReduction for automatic skeletal mesh reduction
[2023.05.04-16.17.06:207][  0]LogMeshReduction: Using ProxyLODMeshReduction for automatic mesh merging
[2023.05.04-16.17.06:207][  0]LogMeshReduction: No distributed automatic mesh merging module available
[2023.05.04-16.17.06:207][  0]LogMeshMerging: No distributed automatic mesh merging module available
[2023.05.04-16.17.07:007][  0]LogNetVersion: Twonic 1.0.0, NetCL: 17155196, EngineNetVer: 17, GameNetVer: 0 (Checksum: 4023415434)
[2023.05.04-16.17.37:482][  0]LogHMD: PokeAHoleMaterial loaded successfully
[2023.05.04-16.17.44:675][  0]LogCollectionManager: Loaded 0 collections in 0.001031 seconds
[2023.05.04-16.17.44:719][  0]LogFileCache: Scanning file cache for directory 'C:/Users/emmyt/OneDrive/Documents/GitHub/-Journeyman-Twonic---Alpha-Team/Twonic/Saved/Collections/' took 0.02s
[2023.05.04-16.17.44:719][  0]LogFileCache: Scanning file cache for directory 'C:/Users/emmyt/OneDrive/Documents/GitHub/-Journeyman-Twonic---Alpha-Team/Twonic/Content/Developers/emmyt/Collections/' took 0.00s
[2023.05.04-16.17.44:719][  0]LogFileCache: Scanning file cache for directory 'C:/Users/emmyt/OneDrive/Documents/GitHub/-Journeyman-Twonic---Alpha-Team/Twonic/Content/Collections/' took 0.00s
[2023.05.04-16.17.44:719][  0]LogCollectionManager: Fixed up redirectors for 0 collections in 0.000003 seconds (updated 0 objects)
[2023.05.04-16.17.49:108][  0]LogNiagaraDebuggerClient: Niagara Debugger Client Initialized | Session: B9AFB21944834DF7279F85B4F5D9E648 | Instance: BEE89B4944E3B70E51021C980B1EFDBA (LAPTOP-OVB59CM9-16456).
[2023.05.04-16.17.52:879][  0]LogPython: Using Python 3.7.7
[2023.05.04-16.18.01:865][  0]SourceControl: Source control is disabled
[2023.05.04-16.18.01:865][  0]SourceControl: Source control is disabled
[2023.05.04-16.18.01:922][  0]SourceControl: Source control is disabled
[2023.05.04-16.18.02:551][  0]SourceControl: Source control is disabled
[2023.05.04-16.18.02:582][  0]SourceControl: Source control is disabled
[2023.05.04-16.18.02:694][  0]LogUProjectInfo: Found projects:
[2023.05.04-16.18.06:558][  0]LogOpenImageDenoise: OIDN starting up
[2023.05.04-16.18.07:075][  0]LogAndroidPermission: UAndroidPermissionCallbackProxy::GetInstance
[2023.05.04-16.18.07:341][  0]LogAudioCaptureCore: Display: No Audio Capture implementations found. Audio input will be silent.
[2023.05.04-16.18.07:342][  0]LogAudioCaptureCore: Display: No Audio Capture implementations found. Audio input will be silent.
[2023.05.04-16.18.10:267][  0]LogOcInput: OculusInput pre-init called
[2023.05.04-16.18.11:251][  0]LogUObjectArray: 23049 objects as part of root set at end of initial load.
[2023.05.04-16.18.11:251][  0]LogUObjectAllocator: 6352640 out of 0 bytes used by permanent object pool.
[2023.05.04-16.18.11:251][  0]LogUObjectArray: CloseDisregardForGC: 0/0 objects in disregard for GC pool
[2023.05.04-16.18.11:406][  0]LogInit: Executing Class /Script/UnrealEd.GatherTextCommandlet
[2023.05.04-16.18.11:422][  0]LogInit: Initializing Editor Engine...
[2023.05.04-16.18.11:495][  0]LogEngine: Initializing Engine...
[2023.05.04-16.18.11:757][  0]LogStats: UGameplayTagsManager::InitializeManager -  0.026 s
[2023.05.04-16.18.15:044][  0]LogInit: Initializing FReadOnlyCVARCache
[2023.05.04-16.18.15:464][  0]LogAIModule: Creating AISystem for world Untitled
[2023.05.04-16.18.15:472][  0]LogNetVersion: Set ProjectVersion to 1.0.0.0. Version Checksum will be recalculated on next use.
[2023.05.04-16.18.15:991][  0]LogDerivedDataCache: Saved boot cache 0.52s 95MB C:/Users/emmyt/AppData/Local/UnrealEngine/4.27/DerivedDataCache/Boot.ddc.
[2023.05.04-16.18.15:996][  0]LogInit: Texture streaming: Disabled
[2023.05.04-16.18.16:773][  0]LogInit: Initializing Editor Engine Completed
[2023.05.04-16.18.34:306][  0]BlueprintLog: New page: Editor Load
[2023.05.04-16.18.55:772][  0]LogAutomationTest: Warning: Smoke tests took >2s to run (6.87s). 'FAutomationTestAttemptToFindUninitializedScriptStructMembers' took 6069ms. SmokeFilter tier tests should take less than 1ms. Please optimize or move 'FAutomationTestAttemptToFindUninitializedScriptStructMembers' to a slower tier than SmokeFilter.
[2023.05.04-16.18.55:867][  0]LogGatherTextCommandlet: Display: Beginning GatherText Commandlet for 'C:/Users/emmyt/OneDrive/Documents/GitHub/-Journeyman-Twonic---Alpha-Team/Twonic/Config/Localization/Game_Gather.ini'
[2023.05.04-16.18.55:887][  0]LogGatherTextCommandlet: Display: Executing GatherTextStep0: GatherTextFromAssetsCommandlet
[2023.05.04-16.18.55:888][  0]LogGatherTextFromAssetsCommandlet: Display: SkipGatherCache: false
[2023.05.04-16.18.55:888][  0]LogGatherTextFromAssetsCommandlet: Display: ReportStaleGatherCache: false
[2023.05.04-16.18.55:889][  0]LogGatherTextFromAssetsCommandlet: Display: FixStaleGatherCache: false
[2023.05.04-16.18.55:889][  0]LogGatherTextFromAssetsCommandlet: Display: FixMissingGatherCache: false
