Log file open, 05/04/23 18:17:37
LogWindows: Failed to load 'aqProf.dll' (GetLastError=126)
LogWindows: File 'aqProf.dll' does not exist
LogWindows: Failed to load 'VtuneApi.dll' (GetLastError=126)
LogWindows: File 'VtuneApi.dll' does not exist
LogWindows: Failed to load 'VtuneApi32e.dll' (GetLastError=126)
LogWindows: File 'VtuneApi32e.dll' does not exist
LogConsoleResponse: Display: Failed to find resolution value strings in scalability ini. Falling back to default.
LogConsoleResponse: Display: Failed to find resolution value strings in scalability ini. Falling back to default.
LogInit: Display: Running engine for game: Twonic
LogPlatformFile: Not using cached read wrapper
LogTaskGraph: Started task graph with 5 named threads and 23 total threads with 3 sets of task threads.
LogStats: Stats thread started at 0.318697
LogICUInternationalization: ICU TimeZone Detection - Raw Offset: +0:00, Platform Override: ''
LogInit: Display: Loading text-based GConfig....
LogPluginManager: Mounting plugin MeshPainting
LogPluginManager: Mounting plugin XGEController
LogPluginManager: Mounting plugin AISupport
LogPluginManager: Mounting plugin Paper2D
LogPluginManager: Mounting plugin EnvironmentQueryEditor
LogPluginManager: Mounting plugin LightPropagationVolume
LogPluginManager: Mounting plugin LiveLink
LogPluginManager: Mounting plugin CameraShakePreviewer
LogPluginManager: Mounting plugin GameplayCameras
LogPluginManager: Mounting plugin OodleData
LogPluginManager: Mounting plugin OodleNetwork
LogPluginManager: Mounting plugin AnimationSharing
LogPluginManager: Mounting plugin CLionSourceCodeAccess
LogPluginManager: Mounting plugin GitSourceControl
LogPluginManager: Mounting plugin CodeLiteSourceCodeAccess
LogPluginManager: Mounting plugin KDevelopSourceCodeAccess
LogPluginManager: Mounting plugin PerforceSourceControl
LogPluginManager: Mounting plugin PixWinPlugin
LogPluginManager: Mounting plugin PlasticSourceControl
LogPluginManager: Mounting plugin NullSourceCodeAccess
LogPluginManager: Mounting plugin PropertyAccessNode
LogPluginManager: Mounting plugin RiderSourceCodeAccess
LogPluginManager: Mounting plugin SubversionSourceControl
LogPluginManager: Mounting plugin TextureFormatOodle
LogPluginManager: Mounting plugin UObjectPlugin
LogPluginManager: Mounting plugin AssetManagerEditor
LogPluginManager: Mounting plugin PluginUtils
LogPluginManager: Mounting plugin VisualStudioSourceCodeAccess
LogPluginManager: Mounting plugin VisualStudioCodeSourceCodeAccess
LogPluginManager: Mounting plugin CryptoKeys
LogPluginManager: Mounting plugin CurveEditorTools
LogPluginManager: Mounting plugin DataValidation
LogPluginManager: Mounting plugin XCodeSourceCodeAccess
LogPluginManager: Mounting plugin FacialAnimation
LogPluginManager: Mounting plugin GeometryMode
LogPluginManager: Mounting plugin GameplayTagsEditor
LogPluginManager: Mounting plugin MacGraphicsSwitching
LogPluginManager: Mounting plugin MaterialAnalyzer
LogPluginManager: Mounting plugin MobileLauncherProfileWizard
LogPluginManager: Mounting plugin PluginBrowser
LogPluginManager: Mounting plugin SpeedTreeImporter
LogPluginManager: Mounting plugin DatasmithContent
LogPluginManager: Mounting plugin VariantManagerContent
LogPluginManager: Mounting plugin Niagara
LogPluginManager: Mounting plugin AlembicImporter
LogPluginManager: Mounting plugin AutomationUtils
LogPluginManager: Mounting plugin BackChannel
LogPluginManager: Mounting plugin ChaosCloth
LogPluginManager: Mounting plugin ChaosClothEditor
LogPluginManager: Mounting plugin ChaosEditor
LogPluginManager: Mounting plugin ChaosSolverPlugin
LogPluginManager: Mounting plugin ChaosNiagara
LogPluginManager: Mounting plugin CharacterAI
LogPluginManager: Mounting plugin GeometryCache
LogPluginManager: Mounting plugin GeometryCollectionPlugin
LogPluginManager: Mounting plugin GeometryProcessing
LogPluginManager: Mounting plugin LuminPlatformFeatures
LogPluginManager: Mounting plugin MagicLeap
LogPluginManager: Mounting plugin MagicLeapLightEstimation
LogPluginManager: Mounting plugin MotoSynth
LogPluginManager: Mounting plugin MagicLeapMedia
LogPluginManager: Mounting plugin OpenImageDenoise
LogPluginManager: Mounting plugin PlanarCut
LogPluginManager: Mounting plugin ProxyLODPlugin
LogPluginManager: Mounting plugin MagicLeapPassableWorld
LogPluginManager: Mounting plugin PythonScriptPlugin
LogPluginManager: Mounting plugin PlatformCrypto
LogPluginManager: Mounting plugin ActorSequence
LogPluginManager: Mounting plugin MLSDK
LogPluginManager: Mounting plugin SkeletalReduction
LogPluginManager: Mounting plugin TcpMessaging
LogPluginManager: Mounting plugin LevelSequenceEditor
LogPluginManager: Mounting plugin UdpMessaging
LogPluginManager: Mounting plugin MatineeToLevelSequence
LogPluginManager: Mounting plugin TemplateSequence
LogPluginManager: Mounting plugin AndroidMedia
LogPluginManager: Mounting plugin AvfMedia
LogPluginManager: Mounting plugin ImgMedia
LogPluginManager: Mounting plugin MediaCompositing
LogPluginManager: Mounting plugin MediaPlayerEditor
LogPluginManager: Mounting plugin WebMMedia
LogPluginManager: Mounting plugin WmfMedia
LogPluginManager: Mounting plugin LauncherChunkInstaller
LogPluginManager: Mounting plugin ActorLayerUtilities
LogPluginManager: Mounting plugin AndroidDeviceProfileSelector
LogPluginManager: Mounting plugin AndroidMoviePlayer
LogPluginManager: Mounting plugin AndroidPermission
LogPluginManager: Mounting plugin AppleMoviePlayer
LogPluginManager: Mounting plugin AppleImageUtils
LogPluginManager: Mounting plugin ArchVisCharacter
LogPluginManager: Mounting plugin AssetTags
LogPluginManager: Mounting plugin AudioCapture
LogPluginManager: Mounting plugin AudioSynesthesia
LogPluginManager: Mounting plugin ChunkDownloader
LogPluginManager: Mounting plugin CustomMeshComponent
LogPluginManager: Mounting plugin CableComponent
LogPluginManager: Mounting plugin EditableMesh
LogPluginManager: Mounting plugin ExampleDeviceProfileSelector
LogPluginManager: Mounting plugin GooglePAD
LogPluginManager: Mounting plugin GoogleCloudMessaging
LogPluginManager: Mounting plugin IOSDeviceProfileSelector
LogPluginManager: Mounting plugin LinuxDeviceProfileSelector
LogPluginManager: Mounting plugin LocationServicesBPLibrary
LogPluginManager: Mounting plugin MobilePatchingUtils
LogPluginManager: Mounting plugin OpenXR
LogPluginManager: Mounting plugin OpenXREyeTracker
LogPluginManager: Mounting plugin OpenXRHandTracking
LogPluginManager: Mounting plugin PhysXVehicles
LogPluginManager: Mounting plugin PostSplashScreen
LogPluginManager: Mounting plugin PropertyAccessEditor
LogPluginManager: Mounting plugin ProceduralMeshComponent
LogPluginManager: Mounting plugin RuntimePhysXCooking
LogPluginManager: Mounting plugin SignificanceManager
LogPluginManager: Mounting plugin SoundFields
LogPluginManager: Mounting plugin Synthesis
LogPluginManager: Mounting plugin WebMMoviePlayer
LogPluginManager: Mounting plugin WindowsMoviePlayer
LogPluginManager: Mounting plugin ScreenshotTools
LogPluginManager: Mounting plugin Takes
LogPluginManager: Mounting plugin OnlineSubsystem
LogPluginManager: Mounting plugin OnlineSubsystemNull
LogPluginManager: Mounting plugin OnlineSubsystemUtils
LogPluginManager: Mounting plugin ContentBrowserAssetDataSource
LogPluginManager: Mounting plugin ContentBrowserClassDataSource
LogPluginManager: Mounting plugin ContentBrowserFileDataSource
LogPluginManager: Mounting plugin OculusVR
LogPluginManager: Mounting plugin SteamVR
LogPluginManager: Mounting plugin OnlineSubsystemGooglePlay
LogPluginManager: Mounting plugin OnlineSubsystemIOS
PixWinPlugin: PIX capture plugin failed to initialize! Check that the process is launched from PIX.
LogInit: Using libcurl 7.55.1-DEV
LogInit:  - built for x86_64-pc-win32
LogInit:  - supports SSL with OpenSSL/1.1.1
LogInit:  - supports HTTP deflate (compression) using libz 1.2.8
LogInit:  - other features:
LogInit:      CURL_VERSION_SSL
LogInit:      CURL_VERSION_LIBZ
LogInit:      CURL_VERSION_IPV6
LogInit:      CURL_VERSION_ASYNCHDNS
LogInit:      CURL_VERSION_LARGEFILE
LogInit:      CURL_VERSION_IDN
LogInit:  CurlRequestOptions (configurable via config and command line):
LogInit:  - bVerifyPeer = true  - Libcurl will verify peer certificate
LogInit:  - bUseHttpProxy = false  - Libcurl will NOT use HTTP proxy
LogInit:  - bDontReuseConnections = false  - Libcurl will reuse connections
LogInit:  - MaxHostConnections = 16  - Libcurl will limit the number of connections to a host
LogInit:  - LocalHostAddr = Default
LogInit:  - BufferSize = 65536
LogOnline: OSS: Creating online subsystem instance for: NULL
LogInit: WinSock: version 1.1 (2.2), MaxSocks=32767, MaxUdp=65467
LogOnline: OSS: TryLoadSubsystemAndSetDefault: Loaded subsystem for module [NULL]
LogInit: Build: ++UE4+Release-4.27-CL-18319896
LogInit: Engine Version: 4.27.2-18319896+++UE4+Release-4.27
LogInit: Compatible Engine Version: 4.27.0-17155196+++UE4+Release-4.27
LogInit: Net CL: 17155196
LogInit: OS: Windows 10 (Release 2009) (), CPU: Intel(R) Core(TM) i5-8300H CPU @ 2.30GHz, GPU: NVIDIA GeForce GTX 1060
LogInit: Compiled (64-bit): Nov 30 2021 07:12:08
LogInit: Compiled with Visual C++: 19.24.28315.00
LogInit: Build Configuration: Development
LogInit: Branch Name: ++UE4+Release-4.27
LogInit: Command Line:  C:/Users/emmyt/OneDrive/Documents/GitHub/-Journeyman-Twonic---Alpha-Team/Twonic/Twonic.uproject -run=GatherText -config=Config/Localization/Game_Compile.ini
LogInit: Base Directory: D:/Epic Games/UE_4.27/Engine/Binaries/Win64/
LogInit: Allocator: TBB
LogInit: Installed Engine Build: 1
LogDevObjectVersion: Number of dev versions registered: 29
LogDevObjectVersion:   Dev-Blueprints (B0D832E4-1F89-4F0D-ACCF-7EB736FD4AA2): 10
LogDevObjectVersion:   Dev-Build (E1C64328-A22C-4D53-A36C-8E866417BD8C): 0
LogDevObjectVersion:   Dev-Core (375EC13C-06E4-48FB-B500-84F0262A717E): 4
LogDevObjectVersion:   Dev-Editor (E4B068ED-F494-42E9-A231-DA0B2E46BB41): 40
LogDevObjectVersion:   Dev-Framework (CFFC743F-43B0-4480-9391-14DF171D2073): 37
LogDevObjectVersion:   Dev-Mobile (B02B49B5-BB20-44E9-A304-32B752E40360): 3
LogDevObjectVersion:   Dev-Networking (A4E4105C-59A1-49B5-A7C5-40C4547EDFEE): 0
LogDevObjectVersion:   Dev-Online (39C831C9-5AE6-47DC-9A44-9C173E1C8E7C): 0
LogDevObjectVersion:   Dev-Physics (78F01B33-EBEA-4F98-B9B4-84EACCB95AA2): 14
LogDevObjectVersion:   Dev-Platform (6631380F-2D4D-43E0-8009-CF276956A95A): 0
LogDevObjectVersion:   Dev-Rendering (12F88B9F-8875-4AFC-A67C-D90C383ABD29): 45
LogDevObjectVersion:   Dev-Sequencer (7B5AE74C-D270-4C10-A958-57980B212A5A): 13
LogDevObjectVersion:   Dev-VR (D7296918-1DD6-4BDD-9DE2-64A83CC13884): 3
LogDevObjectVersion:   Dev-LoadTimes (C2A15278-BFE7-4AFE-6C17-90FF531DF755): 1
LogDevObjectVersion:   Private-Geometry (6EACA3D4-40EC-4CC1-B786-8BED09428FC5): 3
LogDevObjectVersion:   Dev-AnimPhys (29E575DD-E0A3-4627-9D10-D276232CDCEA): 17
LogDevObjectVersion:   Dev-Anim (AF43A65D-7FD3-4947-9873-3E8ED9C1BB05): 15
LogDevObjectVersion:   Dev-ReflectionCapture (6B266CEC-1EC7-4B8F-A30B-E4D90942FC07): 1
LogDevObjectVersion:   Dev-Automation (0DF73D61-A23F-47EA-B727-89E90C41499A): 1
LogDevObjectVersion:   FortniteMain (601D1886-AC64-4F84-AA16-D3DE0DEAC7D6): 47
LogDevObjectVersion:   FortniteRelease (E7086368-6B23-4C58-8439-1B7016265E91): 1
LogDevObjectVersion:   Dev-Enterprise (9DFFBCD6-494F-0158-E221-12823C92A888): 10
LogDevObjectVersion:   Dev-Niagara (F2AED0AC-9AFE-416F-8664-AA7FFA26D6FC): 1
LogDevObjectVersion:   Dev-Destruction (174F1F0B-B4C6-45A5-B13F-2EE8D0FB917D): 10
LogDevObjectVersion:   Dev-Physics-Ext (35F94A83-E258-406C-A318-09F59610247C): 41
LogDevObjectVersion:   Dev-PhysicsMaterial-Chaos (B68FC16E-8B1B-42E2-B453-215C058844FE): 1
LogDevObjectVersion:   Dev-CineCamera (B2E18506-4273-CFC2-A54E-F4BB758BBA07): 1
LogDevObjectVersion:   Dev-VirtualProduction (64F58936-FD1B-42BA-BA96-7289D5D0FA4E): 1
LogDevObjectVersion:   Dev-MediaFramework (6F0ED827-A609-4895-9C91-998D90180EA4): 2
LogInit: Presizing for max 25165824 objects, including 0 objects not considered by GC, pre-allocating 0 bytes for permanent pool.
LogConfig: Applying CVar settings from Section [/Script/Engine.StreamingSettings] File [C:/Users/emmyt/OneDrive/Documents/GitHub/-Journeyman-Twonic---Alpha-Team/Twonic/Saved/Config/Windows/Engine.ini]
LogConfig: Setting CVar [[s.MinBulkDataSizeForAsyncLoading:131072]]
LogConfig: Setting CVar [[s.AsyncLoadingThreadEnabled:0]]
LogConfig: Setting CVar [[s.EventDrivenLoaderEnabled:1]]
LogConfig: Setting CVar [[s.WarnIfTimeLimitExceeded:0]]
LogConfig: Setting CVar [[s.TimeLimitExceededMultiplier:1.5]]
LogConfig: Setting CVar [[s.TimeLimitExceededMinTime:0.005]]
LogConfig: Setting CVar [[s.UseBackgroundLevelStreaming:1]]
LogConfig: Setting CVar [[s.PriorityAsyncLoadingExtraTime:15.0]]
LogConfig: Setting CVar [[s.LevelStreamingActorsUpdateTimeLimit:5.0]]
LogConfig: Setting CVar [[s.PriorityLevelStreamingActorsUpdateExtraTime:5.0]]
LogConfig: Setting CVar [[s.LevelStreamingComponentsRegistrationGranularity:10]]
LogConfig: Setting CVar [[s.UnregisterComponentsTimeLimit:1.0]]
LogConfig: Setting CVar [[s.LevelStreamingComponentsUnregistrationGranularity:5]]
LogConfig: Setting CVar [[s.FlushStreamingOnExit:1]]
LogInit: Object subsystem initialized
LogConfig: Setting CVar [[con.DebugEarlyDefault:1]]
LogConfig: Setting CVar [[r.setres:1280x720]]
[2023.05.04-17.17.40:122][  0]LogConfig: Setting CVar [[con.DebugEarlyDefault:1]]
[2023.05.04-17.17.40:122][  0]LogConfig: Setting CVar [[r.setres:1280x720]]
[2023.05.04-17.17.40:122][  0]LogConfig: Applying CVar settings from Section [/Script/Engine.RendererSettings] File [C:/Users/emmyt/OneDrive/Documents/GitHub/-Journeyman-Twonic---Alpha-Team/Twonic/Saved/Config/Windows/Engine.ini]
[2023.05.04-17.17.40:122][  0]LogConfig: Setting CVar [[r.GPUCrashDebugging:0]]
[2023.05.04-17.17.40:122][  0]LogConfig: Setting CVar [[r.ForwardShading:0]]
[2023.05.04-17.17.40:122][  0]LogConfig: Setting CVar [[r.GenerateMeshDistanceFields:1]]
[2023.05.04-17.17.40:122][  0]LogConfig: Setting CVar [[r.DefaultFeature.AutoExposure:0]]
[2023.05.04-17.17.40:122][  0]LogConfig: Setting CVar [[r.CustomDepth:3]]
[2023.05.04-17.17.40:122][  0]LogConfig: Setting CVar [[r.Mobile.AllowSoftwareOcclusion:1]]
[2023.05.04-17.17.40:122][  0]LogConfig: Applying CVar settings from Section [/Script/Engine.RendererOverrideSettings] File [C:/Users/emmyt/OneDrive/Documents/GitHub/-Journeyman-Twonic---Alpha-Team/Twonic/Saved/Config/Windows/Engine.ini]
[2023.05.04-17.17.40:122][  0]LogConfig: Applying CVar settings from Section [/Script/Engine.StreamingSettings] File [C:/Users/emmyt/OneDrive/Documents/GitHub/-Journeyman-Twonic---Alpha-Team/Twonic/Saved/Config/Windows/Engine.ini]
[2023.05.04-17.17.40:122][  0]LogConfig: Setting CVar [[s.MinBulkDataSizeForAsyncLoading:131072]]
[2023.05.04-17.17.40:122][  0]LogConfig: Setting CVar [[s.AsyncLoadingThreadEnabled:0]]
[2023.05.04-17.17.40:122][  0]LogConfig: Setting CVar [[s.EventDrivenLoaderEnabled:1]]
[2023.05.04-17.17.40:122][  0]LogConfig: Setting CVar [[s.WarnIfTimeLimitExceeded:0]]
[2023.05.04-17.17.40:122][  0]LogConfig: Setting CVar [[s.TimeLimitExceededMultiplier:1.5]]
[2023.05.04-17.17.40:122][  0]LogConfig: Setting CVar [[s.TimeLimitExceededMinTime:0.005]]
[2023.05.04-17.17.40:122][  0]LogConfig: Setting CVar [[s.UseBackgroundLevelStreaming:1]]
[2023.05.04-17.17.40:122][  0]LogConfig: Setting CVar [[s.PriorityAsyncLoadingExtraTime:15.0]]
[2023.05.04-17.17.40:122][  0]LogConfig: Setting CVar [[s.LevelStreamingActorsUpdateTimeLimit:5.0]]
[2023.05.04-17.17.40:122][  0]LogConfig: Setting CVar [[s.PriorityLevelStreamingActorsUpdateExtraTime:5.0]]
[2023.05.04-17.17.40:122][  0]LogConfig: Setting CVar [[s.LevelStreamingComponentsRegistrationGranularity:10]]
[2023.05.04-17.17.40:122][  0]LogConfig: Setting CVar [[s.UnregisterComponentsTimeLimit:1.0]]
[2023.05.04-17.17.40:122][  0]LogConfig: Setting CVar [[s.LevelStreamingComponentsUnregistrationGranularity:5]]
[2023.05.04-17.17.40:122][  0]LogConfig: Setting CVar [[s.FlushStreamingOnExit:1]]
[2023.05.04-17.17.40:122][  0]LogConfig: Applying CVar settings from Section [/Script/Engine.GarbageCollectionSettings] File [C:/Users/emmyt/OneDrive/Documents/GitHub/-Journeyman-Twonic---Alpha-Team/Twonic/Saved/Config/Windows/Engine.ini]
[2023.05.04-17.17.40:122][  0]LogConfig: Setting CVar [[gc.MaxObjectsNotConsideredByGC:1]]
[2023.05.04-17.17.40:122][  0]LogConfig: Setting CVar [[gc.SizeOfPermanentObjectPool:0]]
[2023.05.04-17.17.40:122][  0]LogConfig: Setting CVar [[gc.FlushStreamingOnGC:0]]
[2023.05.04-17.17.40:122][  0]LogConfig: Setting CVar [[gc.NumRetriesBeforeForcingGC:10]]
[2023.05.04-17.17.40:122][  0]LogConfig: Setting CVar [[gc.AllowParallelGC:1]]
[2023.05.04-17.17.40:122][  0]LogConfig: Setting CVar [[gc.TimeBetweenPurgingPendingKillObjects:61.1]]
[2023.05.04-17.17.40:122][  0]LogConfig: Setting CVar [[gc.MaxObjectsInEditor:25165824]]
[2023.05.04-17.17.40:122][  0]LogConfig: Setting CVar [[gc.IncrementalBeginDestroyEnabled:1]]
[2023.05.04-17.17.40:123][  0]LogConfig: Setting CVar [[gc.CreateGCClusters:1]]
[2023.05.04-17.17.40:123][  0]LogConfig: Setting CVar [[gc.MinGCClusterSize:5]]
[2023.05.04-17.17.40:123][  0]LogConfig: Setting CVar [[gc.ActorClusteringEnabled:0]]
[2023.05.04-17.17.40:123][  0]LogConfig: Setting CVar [[gc.BlueprintClusteringEnabled:0]]
[2023.05.04-17.17.40:123][  0]LogConfig: Setting CVar [[gc.UseDisregardForGCOnDedicatedServers:0]]
[2023.05.04-17.17.40:123][  0]LogConfig: Setting CVar [[gc.MultithreadedDestructionEnabled:1]]
[2023.05.04-17.17.40:123][  0]LogConfig: Applying CVar settings from Section [/Script/Engine.NetworkSettings] File [C:/Users/emmyt/OneDrive/Documents/GitHub/-Journeyman-Twonic---Alpha-Team/Twonic/Saved/Config/Windows/Engine.ini]
[2023.05.04-17.17.40:123][  0]LogConfig: Applying CVar settings from Section [/Script/UnrealEd.CookerSettings] File [C:/Users/emmyt/OneDrive/Documents/GitHub/-Journeyman-Twonic---Alpha-Team/Twonic/Saved/Config/Windows/Engine.ini]
[2023.05.04-17.17.40:123][  0]LogConfig: Applying CVar settings from Section [ViewDistanceQuality@3] File [C:/Users/emmyt/OneDrive/Documents/GitHub/-Journeyman-Twonic---Alpha-Team/Twonic/Saved/Config/Windows/Scalability.ini]
[2023.05.04-17.17.40:123][  0]LogConfig: Setting CVar [[r.SkeletalMeshLODBias:0]]
[2023.05.04-17.17.40:123][  0]LogConfig: Setting CVar [[r.ViewDistanceScale:1.0]]
[2023.05.04-17.17.40:123][  0]LogConfig: Applying CVar settings from Section [AntiAliasingQuality@3] File [C:/Users/emmyt/OneDrive/Documents/GitHub/-Journeyman-Twonic---Alpha-Team/Twonic/Saved/Config/Windows/Scalability.ini]
[2023.05.04-17.17.40:123][  0]LogConfig: Setting CVar [[r.PostProcessAAQuality:4]]
[2023.05.04-17.17.40:123][  0]LogConfig: Applying CVar settings from Section [ShadowQuality@3] File [C:/Users/emmyt/OneDrive/Documents/GitHub/-Journeyman-Twonic---Alpha-Team/Twonic/Saved/Config/Windows/Scalability.ini]
[2023.05.04-17.17.40:123][  0]LogConfig: Setting CVar [[r.LightFunctionQuality:1]]
[2023.05.04-17.17.40:123][  0]LogConfig: Setting CVar [[r.ShadowQuality:5]]
[2023.05.04-17.17.40:123][  0]LogConfig: Setting CVar [[r.Shadow.CSM.MaxCascades:10]]
[2023.05.04-17.17.40:123][  0]LogConfig: Setting CVar [[r.Shadow.MaxResolution:2048]]
[2023.05.04-17.17.40:123][  0]LogConfig: Setting CVar [[r.Shadow.MaxCSMResolution:2048]]
[2023.05.04-17.17.40:123][  0]LogConfig: Setting CVar [[r.Shadow.RadiusThreshold:0.01]]
[2023.05.04-17.17.40:123][  0]LogConfig: Setting CVar [[r.Shadow.DistanceScale:1.0]]
[2023.05.04-17.17.40:123][  0]LogConfig: Setting CVar [[r.Shadow.CSM.TransitionScale:1.0]]
[2023.05.04-17.17.40:123][  0]LogConfig: Setting CVar [[r.Shadow.PreShadowResolutionFactor:1.0]]
[2023.05.04-17.17.40:123][  0]LogConfig: Setting CVar [[r.DistanceFieldShadowing:1]]
[2023.05.04-17.17.40:123][  0]LogConfig: Setting CVar [[r.DistanceFieldAO:1]]
[2023.05.04-17.17.40:123][  0]LogConfig: Setting CVar [[r.AOQuality:2]]
[2023.05.04-17.17.40:123][  0]LogConfig: Setting CVar [[r.VolumetricFog:1]]
[2023.05.04-17.17.40:123][  0]LogConfig: Setting CVar [[r.VolumetricFog.GridPixelSize:8]]
[2023.05.04-17.17.40:123][  0]LogConfig: Setting CVar [[r.VolumetricFog.GridSizeZ:128]]
[2023.05.04-17.17.40:123][  0]LogConfig: Setting CVar [[r.VolumetricFog.HistoryMissSupersampleCount:4]]
[2023.05.04-17.17.40:123][  0]LogConfig: Setting CVar [[r.LightMaxDrawDistanceScale:1]]
[2023.05.04-17.17.40:123][  0]LogConfig: Setting CVar [[r.CapsuleShadows:1]]
[2023.05.04-17.17.40:123][  0]LogConfig: Applying CVar settings from Section [PostProcessQuality@3] File [C:/Users/emmyt/OneDrive/Documents/GitHub/-Journeyman-Twonic---Alpha-Team/Twonic/Saved/Config/Windows/Scalability.ini]
[2023.05.04-17.17.40:123][  0]LogConfig: Setting CVar [[r.MotionBlurQuality:4]]
[2023.05.04-17.17.40:123][  0]LogConfig: Setting CVar [[r.AmbientOcclusionMipLevelFactor:0.4]]
[2023.05.04-17.17.40:123][  0]LogConfig: Setting CVar [[r.AmbientOcclusionMaxQuality:100]]
[2023.05.04-17.17.40:123][  0]LogConfig: Setting CVar [[r.AmbientOcclusionLevels:-1]]
[2023.05.04-17.17.40:123][  0]LogConfig: Setting CVar [[r.AmbientOcclusionRadiusScale:1.0]]
[2023.05.04-17.17.40:123][  0]LogConfig: Setting CVar [[r.DepthOfFieldQuality:2]]
[2023.05.04-17.17.40:123][  0]LogConfig: Setting CVar [[r.RenderTargetPoolMin:400]]
[2023.05.04-17.17.40:123][  0]LogConfig: Setting CVar [[r.LensFlareQuality:2]]
[2023.05.04-17.17.40:123][  0]LogConfig: Setting CVar [[r.SceneColorFringeQuality:1]]
[2023.05.04-17.17.40:123][  0]LogConfig: Setting CVar [[r.EyeAdaptationQuality:2]]
[2023.05.04-17.17.40:123][  0]LogConfig: Setting CVar [[r.BloomQuality:5]]
[2023.05.04-17.17.40:123][  0]LogConfig: Setting CVar [[r.FastBlurThreshold:100]]
[2023.05.04-17.17.40:123][  0]LogConfig: Setting CVar [[r.Upscale.Quality:3]]
[2023.05.04-17.17.40:123][  0]LogConfig: Setting CVar [[r.Tonemapper.GrainQuantization:1]]
[2023.05.04-17.17.40:123][  0]LogConfig: Setting CVar [[r.LightShaftQuality:1]]
[2023.05.04-17.17.40:123][  0]LogConfig: Setting CVar [[r.Filter.SizeScale:1]]
[2023.05.04-17.17.40:123][  0]LogConfig: Setting CVar [[r.Tonemapper.Quality:5]]
[2023.05.04-17.17.40:123][  0]LogConfig: Setting CVar [[r.DOF.Gather.AccumulatorQuality:1        ; higher gathering accumulator quality]]
[2023.05.04-17.17.40:123][  0]LogConfig: Setting CVar [[r.DOF.Gather.PostfilterMethod:1          ; Median3x3 postfilering method]]
[2023.05.04-17.17.40:123][  0]LogConfig: Setting CVar [[r.DOF.Gather.EnableBokehSettings:0       ; no bokeh simulation when gathering]]
[2023.05.04-17.17.40:123][  0]LogConfig: Setting CVar [[r.DOF.Gather.RingCount:4                 ; medium number of samples when gathering]]
[2023.05.04-17.17.40:123][  0]LogConfig: Setting CVar [[r.DOF.Scatter.ForegroundCompositing:1    ; additive foreground scattering]]
[2023.05.04-17.17.40:123][  0]LogConfig: Setting CVar [[r.DOF.Scatter.BackgroundCompositing:2    ; additive background scattering]]
[2023.05.04-17.17.40:123][  0]LogConfig: Setting CVar [[r.DOF.Scatter.EnableBokehSettings:1      ; bokeh simulation when scattering]]
[2023.05.04-17.17.40:123][  0]LogConfig: Setting CVar [[r.DOF.Scatter.MaxSpriteRatio:0.1         ; only a maximum of 10% of scattered bokeh]]
[2023.05.04-17.17.40:123][  0]LogConfig: Setting CVar [[r.DOF.Recombine.Quality:1                ; cheap slight out of focus]]
[2023.05.04-17.17.40:123][  0]LogConfig: Setting CVar [[r.DOF.Recombine.EnableBokehSettings:0    ; no bokeh simulation on slight out of focus]]
[2023.05.04-17.17.40:123][  0]LogConfig: Setting CVar [[r.DOF.TemporalAAQuality:1                ; more stable temporal accumulation]]
[2023.05.04-17.17.40:123][  0]LogConfig: Setting CVar [[r.DOF.Kernel.MaxForegroundRadius:0.025]]
[2023.05.04-17.17.40:123][  0]LogConfig: Setting CVar [[r.DOF.Kernel.MaxBackgroundRadius:0.025]]
[2023.05.04-17.17.40:123][  0]LogConfig: Applying CVar settings from Section [TextureQuality@3] File [C:/Users/emmyt/OneDrive/Documents/GitHub/-Journeyman-Twonic---Alpha-Team/Twonic/Saved/Config/Windows/Scalability.ini]
[2023.05.04-17.17.40:123][  0]LogConfig: Setting CVar [[r.Streaming.MipBias:0]]
[2023.05.04-17.17.40:123][  0]LogConfig: Setting CVar [[r.Streaming.AmortizeCPUToGPUCopy:0]]
[2023.05.04-17.17.40:123][  0]LogConfig: Setting CVar [[r.Streaming.MaxNumTexturesToStreamPerFrame:0]]
[2023.05.04-17.17.40:123][  0]LogConfig: Setting CVar [[r.Streaming.Boost:1]]
[2023.05.04-17.17.40:123][  0]LogConfig: Setting CVar [[r.MaxAnisotropy:8]]
[2023.05.04-17.17.40:123][  0]LogConfig: Setting CVar [[r.VT.MaxAnisotropy:8]]
[2023.05.04-17.17.40:123][  0]LogConfig: Setting CVar [[r.Streaming.LimitPoolSizeToVRAM:0]]
[2023.05.04-17.17.40:123][  0]LogConfig: Setting CVar [[r.Streaming.PoolSize:1000]]
[2023.05.04-17.17.40:124][  0]LogConfig: Setting CVar [[r.Streaming.MaxEffectiveScreenSize:0]]
[2023.05.04-17.17.40:124][  0]LogConfig: Applying CVar settings from Section [EffectsQuality@3] File [C:/Users/emmyt/OneDrive/Documents/GitHub/-Journeyman-Twonic---Alpha-Team/Twonic/Saved/Config/Windows/Scalability.ini]
[2023.05.04-17.17.40:124][  0]LogConfig: Setting CVar [[r.TranslucencyLightingVolumeDim:64]]
[2023.05.04-17.17.40:124][  0]LogConfig: Setting CVar [[r.RefractionQuality:2]]
[2023.05.04-17.17.40:124][  0]LogConfig: Setting CVar [[r.SSR.Quality:3]]
[2023.05.04-17.17.40:124][  0]LogConfig: Setting CVar [[r.SSR.HalfResSceneColor:0]]
[2023.05.04-17.17.40:124][  0]LogConfig: Setting CVar [[r.SceneColorFormat:4]]
[2023.05.04-17.17.40:124][  0]LogConfig: Setting CVar [[r.DetailMode:2]]
[2023.05.04-17.17.40:124][  0]LogConfig: Setting CVar [[r.TranslucencyVolumeBlur:1]]
[2023.05.04-17.17.40:124][  0]LogConfig: Setting CVar [[r.MaterialQualityLevel:1 ; High quality]]
[2023.05.04-17.17.40:124][  0]LogConfig: Setting CVar [[r.AnisotropicMaterials:1]]
[2023.05.04-17.17.40:124][  0]LogConfig: Setting CVar [[r.SSS.Scale:1]]
[2023.05.04-17.17.40:124][  0]LogConfig: Setting CVar [[r.SSS.SampleSet:2]]
[2023.05.04-17.17.40:124][  0]LogConfig: Setting CVar [[r.SSS.Quality:1]]
[2023.05.04-17.17.40:124][  0]LogConfig: Setting CVar [[r.SSS.HalfRes:0]]
[2023.05.04-17.17.40:124][  0]LogConfig: Setting CVar [[r.SSGI.Quality:3]]
[2023.05.04-17.17.40:124][  0]LogConfig: Setting CVar [[r.EmitterSpawnRateScale:1.0]]
[2023.05.04-17.17.40:124][  0]LogConfig: Setting CVar [[r.ParticleLightQuality:2]]
[2023.05.04-17.17.40:124][  0]LogConfig: Setting CVar [[r.SkyAtmosphere.AerialPerspectiveLUT.FastApplyOnOpaque:1 ; Always have FastSkyLUT 1 in this case to avoid wrong sky]]
[2023.05.04-17.17.40:124][  0]LogConfig: Setting CVar [[r.SkyAtmosphere.AerialPerspectiveLUT.SampleCountMaxPerSlice:4]]
[2023.05.04-17.17.40:124][  0]LogConfig: Setting CVar [[r.SkyAtmosphere.AerialPerspectiveLUT.DepthResolution:16.0]]
[2023.05.04-17.17.40:124][  0]LogConfig: Setting CVar [[r.SkyAtmosphere.FastSkyLUT:1]]
[2023.05.04-17.17.40:124][  0]LogConfig: Setting CVar [[r.SkyAtmosphere.FastSkyLUT.SampleCountMin:4.0]]
[2023.05.04-17.17.40:124][  0]LogConfig: Setting CVar [[r.SkyAtmosphere.FastSkyLUT.SampleCountMax:128.0]]
[2023.05.04-17.17.40:124][  0]LogConfig: Setting CVar [[r.SkyAtmosphere.SampleCountMin:4.0]]
[2023.05.04-17.17.40:124][  0]LogConfig: Setting CVar [[r.SkyAtmosphere.SampleCountMax:128.0]]
[2023.05.04-17.17.40:124][  0]LogConfig: Setting CVar [[r.SkyAtmosphere.TransmittanceLUT.UseSmallFormat:0]]
[2023.05.04-17.17.40:124][  0]LogConfig: Setting CVar [[r.SkyAtmosphere.TransmittanceLUT.SampleCount:10.0]]
[2023.05.04-17.17.40:124][  0]LogConfig: Setting CVar [[r.SkyAtmosphere.MultiScatteringLUT.SampleCount:15.0]]
[2023.05.04-17.17.40:124][  0]LogConfig: Setting CVar [[r.SkyLight.RealTimeReflectionCapture:1]]
[2023.05.04-17.17.40:124][  0]LogConfig: Applying CVar settings from Section [FoliageQuality@3] File [C:/Users/emmyt/OneDrive/Documents/GitHub/-Journeyman-Twonic---Alpha-Team/Twonic/Saved/Config/Windows/Scalability.ini]
[2023.05.04-17.17.40:124][  0]LogConfig: Setting CVar [[foliage.DensityScale:1.0]]
[2023.05.04-17.17.40:124][  0]LogConfig: Setting CVar [[grass.DensityScale:1.0]]
[2023.05.04-17.17.40:124][  0]LogConfig: Applying CVar settings from Section [ShadingQuality@3] File [C:/Users/emmyt/OneDrive/Documents/GitHub/-Journeyman-Twonic---Alpha-Team/Twonic/Saved/Config/Windows/Scalability.ini]
[2023.05.04-17.17.40:124][  0]LogConfig: Setting CVar [[r.HairStrands.SkyLighting.IntegrationType:2]]
[2023.05.04-17.17.40:124][  0]LogConfig: Setting CVar [[r.HairStrands.SkyAO.SampleCount:4]]
[2023.05.04-17.17.40:124][  0]LogConfig: Setting CVar [[r.HairStrands.Visibility.MSAA.SamplePerPixel:4]]
[2023.05.04-17.17.40:143][  0]LogInit: Selected Device Profile: [Windows]
[2023.05.04-17.17.40:143][  0]LogInit: Applying CVar settings loaded from the selected device profile: [Windows]
[2023.05.04-17.17.40:143][  0]LogHAL: Display: Platform has ~ 8 GB [8464343040 / 8589934592 / 8], which maps to Default [LargestMinGB=32, LargerMinGB=12, DefaultMinGB=8, SmallerMinGB=6, SmallestMinGB=0)
[2023.05.04-17.17.40:143][  0]LogInit: Going up to parent DeviceProfile []
[2023.05.04-17.17.40:143][  0]LogConfig: Applying CVar settings from Section [ViewDistanceQuality@3] File [C:/Users/emmyt/OneDrive/Documents/GitHub/-Journeyman-Twonic---Alpha-Team/Twonic/Saved/Config/Windows/Scalability.ini]
[2023.05.04-17.17.40:143][  0]LogConfig: Setting CVar [[r.SkeletalMeshLODBias:0]]
[2023.05.04-17.17.40:143][  0]LogConfig: Setting CVar [[r.ViewDistanceScale:1.0]]
[2023.05.04-17.17.40:143][  0]LogConfig: Applying CVar settings from Section [AntiAliasingQuality@3] File [C:/Users/emmyt/OneDrive/Documents/GitHub/-Journeyman-Twonic---Alpha-Team/Twonic/Saved/Config/Windows/Scalability.ini]
[2023.05.04-17.17.40:143][  0]LogConfig: Setting CVar [[r.PostProcessAAQuality:4]]
[2023.05.04-17.17.40:143][  0]LogConfig: Applying CVar settings from Section [ShadowQuality@3] File [C:/Users/emmyt/OneDrive/Documents/GitHub/-Journeyman-Twonic---Alpha-Team/Twonic/Saved/Config/Windows/Scalability.ini]
[2023.05.04-17.17.40:143][  0]LogConfig: Setting CVar [[r.LightFunctionQuality:1]]
[2023.05.04-17.17.40:143][  0]LogConfig: Setting CVar [[r.ShadowQuality:5]]
[2023.05.04-17.17.40:143][  0]LogConfig: Setting CVar [[r.Shadow.CSM.MaxCascades:10]]
[2023.05.04-17.17.40:143][  0]LogConfig: Setting CVar [[r.Shadow.MaxResolution:2048]]
[2023.05.04-17.17.40:143][  0]LogConfig: Setting CVar [[r.Shadow.MaxCSMResolution:2048]]
[2023.05.04-17.17.40:143][  0]LogConfig: Setting CVar [[r.Shadow.RadiusThreshold:0.01]]
[2023.05.04-17.17.40:143][  0]LogConfig: Setting CVar [[r.Shadow.DistanceScale:1.0]]
[2023.05.04-17.17.40:143][  0]LogConfig: Setting CVar [[r.Shadow.CSM.TransitionScale:1.0]]
[2023.05.04-17.17.40:143][  0]LogConfig: Setting CVar [[r.Shadow.PreShadowResolutionFactor:1.0]]
[2023.05.04-17.17.40:143][  0]LogConfig: Setting CVar [[r.DistanceFieldShadowing:1]]
[2023.05.04-17.17.40:143][  0]LogConfig: Setting CVar [[r.DistanceFieldAO:1]]
[2023.05.04-17.17.40:143][  0]LogConfig: Setting CVar [[r.AOQuality:2]]
[2023.05.04-17.17.40:143][  0]LogConfig: Setting CVar [[r.VolumetricFog:1]]
[2023.05.04-17.17.40:143][  0]LogConfig: Setting CVar [[r.VolumetricFog.GridPixelSize:8]]
[2023.05.04-17.17.40:143][  0]LogConfig: Setting CVar [[r.VolumetricFog.GridSizeZ:128]]
[2023.05.04-17.17.40:143][  0]LogConfig: Setting CVar [[r.VolumetricFog.HistoryMissSupersampleCount:4]]
[2023.05.04-17.17.40:144][  0]LogConfig: Setting CVar [[r.LightMaxDrawDistanceScale:1]]
[2023.05.04-17.17.40:144][  0]LogConfig: Setting CVar [[r.CapsuleShadows:1]]
[2023.05.04-17.17.40:144][  0]LogConfig: Applying CVar settings from Section [PostProcessQuality@3] File [C:/Users/emmyt/OneDrive/Documents/GitHub/-Journeyman-Twonic---Alpha-Team/Twonic/Saved/Config/Windows/Scalability.ini]
[2023.05.04-17.17.40:144][  0]LogConfig: Setting CVar [[r.MotionBlurQuality:4]]
[2023.05.04-17.17.40:144][  0]LogConfig: Setting CVar [[r.AmbientOcclusionMipLevelFactor:0.4]]
[2023.05.04-17.17.40:144][  0]LogConfig: Setting CVar [[r.AmbientOcclusionMaxQuality:100]]
[2023.05.04-17.17.40:144][  0]LogConfig: Setting CVar [[r.AmbientOcclusionLevels:-1]]
[2023.05.04-17.17.40:144][  0]LogConfig: Setting CVar [[r.AmbientOcclusionRadiusScale:1.0]]
[2023.05.04-17.17.40:144][  0]LogConfig: Setting CVar [[r.DepthOfFieldQuality:2]]
[2023.05.04-17.17.40:144][  0]LogConfig: Setting CVar [[r.RenderTargetPoolMin:400]]
[2023.05.04-17.17.40:144][  0]LogConfig: Setting CVar [[r.LensFlareQuality:2]]
[2023.05.04-17.17.40:144][  0]LogConfig: Setting CVar [[r.SceneColorFringeQuality:1]]
[2023.05.04-17.17.40:144][  0]LogConfig: Setting CVar [[r.EyeAdaptationQuality:2]]
[2023.05.04-17.17.40:144][  0]LogConfig: Setting CVar [[r.BloomQuality:5]]
[2023.05.04-17.17.40:144][  0]LogConfig: Setting CVar [[r.FastBlurThreshold:100]]
[2023.05.04-17.17.40:144][  0]LogConfig: Setting CVar [[r.Upscale.Quality:3]]
[2023.05.04-17.17.40:144][  0]LogConfig: Setting CVar [[r.Tonemapper.GrainQuantization:1]]
[2023.05.04-17.17.40:144][  0]LogConfig: Setting CVar [[r.LightShaftQuality:1]]
[2023.05.04-17.17.40:144][  0]LogConfig: Setting CVar [[r.Filter.SizeScale:1]]
[2023.05.04-17.17.40:144][  0]LogConfig: Setting CVar [[r.Tonemapper.Quality:5]]
[2023.05.04-17.17.40:144][  0]LogConfig: Setting CVar [[r.DOF.Gather.AccumulatorQuality:1        ; higher gathering accumulator quality]]
[2023.05.04-17.17.40:144][  0]LogConfig: Setting CVar [[r.DOF.Gather.PostfilterMethod:1          ; Median3x3 postfilering method]]
[2023.05.04-17.17.40:144][  0]LogConfig: Setting CVar [[r.DOF.Gather.EnableBokehSettings:0       ; no bokeh simulation when gathering]]
[2023.05.04-17.17.40:144][  0]LogConfig: Setting CVar [[r.DOF.Gather.RingCount:4                 ; medium number of samples when gathering]]
[2023.05.04-17.17.40:144][  0]LogConfig: Setting CVar [[r.DOF.Scatter.ForegroundCompositing:1    ; additive foreground scattering]]
[2023.05.04-17.17.40:144][  0]LogConfig: Setting CVar [[r.DOF.Scatter.BackgroundCompositing:2    ; additive background scattering]]
[2023.05.04-17.17.40:144][  0]LogConfig: Setting CVar [[r.DOF.Scatter.EnableBokehSettings:1      ; bokeh simulation when scattering]]
[2023.05.04-17.17.40:144][  0]LogConfig: Setting CVar [[r.DOF.Scatter.MaxSpriteRatio:0.1         ; only a maximum of 10% of scattered bokeh]]
[2023.05.04-17.17.40:144][  0]LogConfig: Setting CVar [[r.DOF.Recombine.Quality:1                ; cheap slight out of focus]]
[2023.05.04-17.17.40:144][  0]LogConfig: Setting CVar [[r.DOF.Recombine.EnableBokehSettings:0    ; no bokeh simulation on slight out of focus]]
[2023.05.04-17.17.40:144][  0]LogConfig: Setting CVar [[r.DOF.TemporalAAQuality:1                ; more stable temporal accumulation]]
[2023.05.04-17.17.40:144][  0]LogConfig: Setting CVar [[r.DOF.Kernel.MaxForegroundRadius:0.025]]
[2023.05.04-17.17.40:144][  0]LogConfig: Setting CVar [[r.DOF.Kernel.MaxBackgroundRadius:0.025]]
[2023.05.04-17.17.40:144][  0]LogConfig: Applying CVar settings from Section [TextureQuality@3] File [C:/Users/emmyt/OneDrive/Documents/GitHub/-Journeyman-Twonic---Alpha-Team/Twonic/Saved/Config/Windows/Scalability.ini]
[2023.05.04-17.17.40:144][  0]LogConfig: Setting CVar [[r.Streaming.MipBias:0]]
[2023.05.04-17.17.40:144][  0]LogConfig: Setting CVar [[r.Streaming.AmortizeCPUToGPUCopy:0]]
[2023.05.04-17.17.40:144][  0]LogConfig: Setting CVar [[r.Streaming.MaxNumTexturesToStreamPerFrame:0]]
[2023.05.04-17.17.40:144][  0]LogConfig: Setting CVar [[r.Streaming.Boost:1]]
[2023.05.04-17.17.40:144][  0]LogConfig: Setting CVar [[r.MaxAnisotropy:8]]
[2023.05.04-17.17.40:144][  0]LogConfig: Setting CVar [[r.VT.MaxAnisotropy:8]]
[2023.05.04-17.17.40:144][  0]LogConfig: Setting CVar [[r.Streaming.LimitPoolSizeToVRAM:0]]
[2023.05.04-17.17.40:144][  0]LogConfig: Setting CVar [[r.Streaming.PoolSize:1000]]
[2023.05.04-17.17.40:144][  0]LogConfig: Setting CVar [[r.Streaming.MaxEffectiveScreenSize:0]]
[2023.05.04-17.17.40:144][  0]LogConfig: Applying CVar settings from Section [EffectsQuality@3] File [C:/Users/emmyt/OneDrive/Documents/GitHub/-Journeyman-Twonic---Alpha-Team/Twonic/Saved/Config/Windows/Scalability.ini]
[2023.05.04-17.17.40:144][  0]LogConfig: Setting CVar [[r.TranslucencyLightingVolumeDim:64]]
[2023.05.04-17.17.40:144][  0]LogConfig: Setting CVar [[r.RefractionQuality:2]]
[2023.05.04-17.17.40:144][  0]LogConfig: Setting CVar [[r.SSR.Quality:3]]
[2023.05.04-17.17.40:144][  0]LogConfig: Setting CVar [[r.SSR.HalfResSceneColor:0]]
[2023.05.04-17.17.40:144][  0]LogConfig: Setting CVar [[r.SceneColorFormat:4]]
[2023.05.04-17.17.40:144][  0]LogConfig: Setting CVar [[r.DetailMode:2]]
[2023.05.04-17.17.40:144][  0]LogConfig: Setting CVar [[r.TranslucencyVolumeBlur:1]]
[2023.05.04-17.17.40:144][  0]LogConfig: Setting CVar [[r.MaterialQualityLevel:1 ; High quality]]
[2023.05.04-17.17.40:144][  0]LogConfig: Setting CVar [[r.AnisotropicMaterials:1]]
[2023.05.04-17.17.40:144][  0]LogConfig: Setting CVar [[r.SSS.Scale:1]]
[2023.05.04-17.17.40:144][  0]LogConfig: Setting CVar [[r.SSS.SampleSet:2]]
[2023.05.04-17.17.40:144][  0]LogConfig: Setting CVar [[r.SSS.Quality:1]]
[2023.05.04-17.17.40:144][  0]LogConfig: Setting CVar [[r.SSS.HalfRes:0]]
[2023.05.04-17.17.40:144][  0]LogConfig: Setting CVar [[r.SSGI.Quality:3]]
[2023.05.04-17.17.40:144][  0]LogConfig: Setting CVar [[r.EmitterSpawnRateScale:1.0]]
[2023.05.04-17.17.40:144][  0]LogConfig: Setting CVar [[r.ParticleLightQuality:2]]
[2023.05.04-17.17.40:144][  0]LogConfig: Setting CVar [[r.SkyAtmosphere.AerialPerspectiveLUT.FastApplyOnOpaque:1 ; Always have FastSkyLUT 1 in this case to avoid wrong sky]]
[2023.05.04-17.17.40:144][  0]LogConfig: Setting CVar [[r.SkyAtmosphere.AerialPerspectiveLUT.SampleCountMaxPerSlice:4]]
[2023.05.04-17.17.40:144][  0]LogConfig: Setting CVar [[r.SkyAtmosphere.AerialPerspectiveLUT.DepthResolution:16.0]]
[2023.05.04-17.17.40:144][  0]LogConfig: Setting CVar [[r.SkyAtmosphere.FastSkyLUT:1]]
[2023.05.04-17.17.40:144][  0]LogConfig: Setting CVar [[r.SkyAtmosphere.FastSkyLUT.SampleCountMin:4.0]]
[2023.05.04-17.17.40:144][  0]LogConfig: Setting CVar [[r.SkyAtmosphere.FastSkyLUT.SampleCountMax:128.0]]
[2023.05.04-17.17.40:144][  0]LogConfig: Setting CVar [[r.SkyAtmosphere.SampleCountMin:4.0]]
[2023.05.04-17.17.40:144][  0]LogConfig: Setting CVar [[r.SkyAtmosphere.SampleCountMax:128.0]]
[2023.05.04-17.17.40:144][  0]LogConfig: Setting CVar [[r.SkyAtmosphere.TransmittanceLUT.UseSmallFormat:0]]
[2023.05.04-17.17.40:144][  0]LogConfig: Setting CVar [[r.SkyAtmosphere.TransmittanceLUT.SampleCount:10.0]]
[2023.05.04-17.17.40:144][  0]LogConfig: Setting CVar [[r.SkyAtmosphere.MultiScatteringLUT.SampleCount:15.0]]
[2023.05.04-17.17.40:144][  0]LogConfig: Setting CVar [[r.SkyLight.RealTimeReflectionCapture:1]]
[2023.05.04-17.17.40:144][  0]LogConfig: Applying CVar settings from Section [FoliageQuality@3] File [C:/Users/emmyt/OneDrive/Documents/GitHub/-Journeyman-Twonic---Alpha-Team/Twonic/Saved/Config/Windows/Scalability.ini]
[2023.05.04-17.17.40:144][  0]LogConfig: Setting CVar [[foliage.DensityScale:1.0]]
[2023.05.04-17.17.40:144][  0]LogConfig: Setting CVar [[grass.DensityScale:1.0]]
[2023.05.04-17.17.40:144][  0]LogConfig: Applying CVar settings from Section [ShadingQuality@3] File [C:/Users/emmyt/OneDrive/Documents/GitHub/-Journeyman-Twonic---Alpha-Team/Twonic/Saved/Config/Windows/Scalability.ini]
[2023.05.04-17.17.40:144][  0]LogConfig: Setting CVar [[r.HairStrands.SkyLighting.IntegrationType:2]]
[2023.05.04-17.17.40:144][  0]LogConfig: Setting CVar [[r.HairStrands.SkyAO.SampleCount:4]]
[2023.05.04-17.17.40:144][  0]LogConfig: Setting CVar [[r.HairStrands.Visibility.MSAA.SamplePerPixel:4]]
[2023.05.04-17.17.40:144][  0]LogConfig: Applying CVar settings from Section [Startup] File [../../../Engine/Config/ConsoleVariables.ini]
[2023.05.04-17.17.40:158][  0]LogConfig: Setting CVar [[net.UseAdaptiveNetUpdateFrequency:0]]
[2023.05.04-17.17.40:158][  0]LogConfig: Setting CVar [[p.chaos.AllowCreatePhysxBodies:1]]
[2023.05.04-17.17.40:158][  0]LogConfig: Setting CVar [[fx.SkipVectorVMBackendOptimizations:1]]
[2023.05.04-17.17.40:158][  0]LogConfig: Applying CVar settings from Section [ConsoleVariables] File [C:/Users/emmyt/OneDrive/Documents/GitHub/-Journeyman-Twonic---Alpha-Team/Twonic/Saved/Config/Windows/Engine.ini]
[2023.05.04-17.17.40:158][  0]LogConfig: Applying CVar settings from Section [ConsoleVariables] File [C:/Users/emmyt/OneDrive/Documents/GitHub/-Journeyman-Twonic---Alpha-Team/Twonic/Saved/Config/Windows/Editor.ini]
[2023.05.04-17.17.40:158][  0]LogInit: Computer: LAPTOP-OVB59CM9
[2023.05.04-17.17.40:158][  0]LogInit: User: emmyt
[2023.05.04-17.17.40:158][  0]LogInit: CPU Page size=4096, Cores=4
[2023.05.04-17.17.40:158][  0]LogInit: High frequency timer resolution =10.000000 MHz
[2023.05.04-17.17.40:158][  0]LogMemory: Memory total: Physical=7.9GB (8GB approx)
[2023.05.04-17.17.40:158][  0]LogMemory: Platform Memory Stats for Windows
[2023.05.04-17.17.40:158][  0]LogMemory: Process Physical Memory: 141.93 MB used, 141.93 MB peak
[2023.05.04-17.17.40:158][  0]LogMemory: Process Virtual Memory: 114.60 MB used, 114.60 MB peak
[2023.05.04-17.17.40:158][  0]LogMemory: Physical Memory: 6851.78 MB used,  1220.45 MB free, 8072.23 MB total
[2023.05.04-17.17.40:158][  0]LogMemory: Virtual Memory: 134213320.00 MB used,  4411.72 MB free, 134217728.00 MB total
[2023.05.04-17.17.40:169][  0]LogWindows: WindowsPlatformFeatures enabled
[2023.05.04-17.17.40:524][  0]LogInit: Physics initialised using underlying interface: PhysX
[2023.05.04-17.17.40:524][  0]LogInit: Using OS detected language (en-GB).
[2023.05.04-17.17.40:524][  0]LogInit: Using OS detected locale (en-GB).
[2023.05.04-17.17.40:526][  0]LogTextLocalizationManager: No specific localization for 'en-GB' exists, so the 'en' localization will be used.
[2023.05.04-17.17.43:151][  0]LogTargetPlatformManager: Display: Loaded TargetPlatform 'AllDesktop'
[2023.05.04-17.17.43:220][  0]LogTargetPlatformManager: Display: Loaded TargetPlatform 'Android'
[2023.05.04-17.17.43:220][  0]LogTargetPlatformManager: Display: Loaded TargetPlatform 'Android_ASTC'
[2023.05.04-17.17.43:220][  0]LogTargetPlatformManager: Display: Loaded TargetPlatform 'Android_DXT'
[2023.05.04-17.17.43:220][  0]LogTargetPlatformManager: Display: Loaded TargetPlatform 'Android_ETC2'
[2023.05.04-17.17.43:220][  0]LogTargetPlatformManager: Display: Loaded TargetPlatform 'AndroidClient'
[2023.05.04-17.17.43:220][  0]LogTargetPlatformManager: Display: Loaded TargetPlatform 'Android_ASTCClient'
[2023.05.04-17.17.43:220][  0]LogTargetPlatformManager: Display: Loaded TargetPlatform 'Android_DXTClient'
[2023.05.04-17.17.43:220][  0]LogTargetPlatformManager: Display: Loaded TargetPlatform 'Android_ETC2Client'
[2023.05.04-17.17.43:220][  0]LogTargetPlatformManager: Display: Loaded TargetPlatform 'Android_Multi'
[2023.05.04-17.17.43:220][  0]LogTargetPlatformManager: Display: Loaded TargetPlatform 'Android_MultiClient'
[2023.05.04-17.17.43:407][  0]LogTargetPlatformManager: Display: Loaded TargetPlatform 'IOSClient'
[2023.05.04-17.17.43:408][  0]LogTargetPlatformManager: Display: Loaded TargetPlatform 'IOS'
[2023.05.04-17.17.43:519][  0]LogTargetPlatformManager: Display: Loaded TargetPlatform 'Linux'
[2023.05.04-17.17.43:576][  0]LogTargetPlatformManager: Display: Loaded TargetPlatform 'LinuxNoEditor'
[2023.05.04-17.17.43:609][  0]LogTargetPlatformManager: Display: Loaded TargetPlatform 'LinuxClient'
[2023.05.04-17.17.43:687][  0]LogTargetPlatformManager: Display: Loaded TargetPlatform 'LinuxServer'
[2023.05.04-17.17.43:747][  0]LogTargetPlatformManager: Display: Loaded TargetPlatform 'LinuxAArch64NoEditor'
[2023.05.04-17.17.43:770][  0]LogTargetPlatformManager: Display: Loaded TargetPlatform 'LinuxAArch64Client'
[2023.05.04-17.17.43:803][  0]LogTargetPlatformManager: Display: Loaded TargetPlatform 'LinuxAArch64Server'
[2023.05.04-17.17.43:875][  0]LogTargetPlatformManager: Display: Loaded TargetPlatform 'Lumin'
[2023.05.04-17.17.43:875][  0]LogTargetPlatformManager: Display: Loaded TargetPlatform 'LuminClient'
[2023.05.04-17.17.43:924][  0]LogTargetPlatformManager: Display: Loaded TargetPlatform 'MacNoEditor'
[2023.05.04-17.17.43:965][  0]LogTargetPlatformManager: Display: Loaded TargetPlatform 'Mac'
[2023.05.04-17.17.43:983][  0]LogTargetPlatformManager: Display: Loaded TargetPlatform 'MacClient'
[2023.05.04-17.17.43:990][  0]LogTargetPlatformManager: Display: Loaded TargetPlatform 'MacServer'
[2023.05.04-17.17.44:022][  0]LogTargetPlatformManager: Display: Loaded TargetPlatform 'TVOSClient'
[2023.05.04-17.17.44:022][  0]LogTargetPlatformManager: Display: Loaded TargetPlatform 'TVOS'
[2023.05.04-17.17.44:082][  0]LogTargetPlatformManager: Display: Loaded TargetPlatform 'WindowsNoEditor'
[2023.05.04-17.17.44:106][  0]LogTargetPlatformManager: Display: Loaded TargetPlatform 'Windows'
[2023.05.04-17.17.44:166][  0]LogTargetPlatformManager: Display: Loaded TargetPlatform 'WindowsClient'
[2023.05.04-17.17.44:193][  0]LogTargetPlatformManager: Display: Loaded TargetPlatform 'WindowsServer'
[2023.05.04-17.17.44:193][  0]LogTargetPlatformManager: Display: Building Assets For Windows
[2023.05.04-17.17.44:274][  0]LogAudioDebug: Display: Lib vorbis DLL was dynamically loaded.
[2023.05.04-17.17.44:739][  0]LogTextureFormatOodle: Display: Oodle Texture 2.9.0 init RDO Off
[2023.05.04-17.17.45:239][  0]LogRendererCore: Ray tracing is disabled. Reason: r.RayTracing=0.
[2023.05.04-17.17.45:239][  0]LogShaderCompilers: Guid format shader working directory is -34 characters bigger than the processId version (C:/Users/emmyt/OneDrive/Documents/GitHub/-Journeyman-Twonic---Alpha-Team/Twonic/Intermediate/Shaders/WorkingDirectory/21776/).
[2023.05.04-17.17.45:239][  0]LogShaderCompilers: Cleaned the shader compiler working directory 'C:/Users/emmyt/AppData/Local/Temp/UnrealShaderWorkingDir/547805AD4D9782998C9C9EB45E384D8B/'.
[2023.05.04-17.17.45:239][  0]LogXGEController: Cannot use XGE Controller as Incredibuild is not installed on this machine.
[2023.05.04-17.17.45:239][  0]LogShaderCompilers: Cannot use XGE Shader Compiler as Incredibuild is not installed on this machine.
[2023.05.04-17.17.45:240][  0]LogShaderCompilers: Display: Using Local Shader Compiler.
[2023.05.04-17.17.47:947][  0]LogDerivedDataCache: Display: Max Cache Size: 512 MB
[2023.05.04-17.17.48:037][  0]LogDerivedDataCache: Loaded boot cache 0.09s 15MB C:/Users/emmyt/AppData/Local/UnrealEngine/4.27/DerivedDataCache/Boot.ddc.
[2023.05.04-17.17.48:037][  0]LogDerivedDataCache: Display: Loaded Boot cache: C:/Users/emmyt/AppData/Local/UnrealEngine/4.27/DerivedDataCache/Boot.ddc
[2023.05.04-17.17.48:037][  0]LogDerivedDataCache: FDerivedDataBackendGraph:  Pak pak cache file C:/Users/emmyt/OneDrive/Documents/GitHub/-Journeyman-Twonic---Alpha-Team/Twonic/DerivedDataCache/DDC.ddp not found, will not use a pak cache.
[2023.05.04-17.17.48:037][  0]LogDerivedDataCache: Unable to find inner node Pak for hierarchical cache Hierarchy.
[2023.05.04-17.17.48:037][  0]LogDerivedDataCache: FDerivedDataBackendGraph:  CompressedPak pak cache file C:/Users/emmyt/OneDrive/Documents/GitHub/-Journeyman-Twonic---Alpha-Team/Twonic/DerivedDataCache/Compressed.ddp not found, will not use a pak cache.
[2023.05.04-17.17.48:037][  0]LogDerivedDataCache: Unable to find inner node CompressedPak for hierarchical cache Hierarchy.
[2023.05.04-17.17.48:104][  0]LogDerivedDataCache: Display: Pak cache opened for reading ../../../Engine/DerivedDataCache/Compressed.ddp.
[2023.05.04-17.17.48:104][  0]LogDerivedDataCache: FDerivedDataBackendGraph:  EnterprisePak pak cache file ../../../Enterprise/DerivedDataCache/Compressed.ddp not found, will not use a pak cache.
[2023.05.04-17.17.48:104][  0]LogDerivedDataCache: Unable to find inner node EnterprisePak for hierarchical cache Hierarchy.
[2023.05.04-17.17.48:165][  0]LogDerivedDataCache: Speed tests for C:/Users/emmyt/AppData/Local/UnrealEngine/Common/DerivedDataCache took 0.06 seconds
[2023.05.04-17.17.48:165][  0]LogDerivedDataCache: Display: Performance to C:/Users/emmyt/AppData/Local/UnrealEngine/Common/DerivedDataCache: Latency=0.05ms. RandomReadSpeed=26.20MBs, RandomWriteSpeed=38.18MBs. Assigned SpeedClass 'Local'
[2023.05.04-17.17.48:165][  0]LogDerivedDataCache: Using Local data cache path C:/Users/emmyt/AppData/Local/UnrealEngine/Common/DerivedDataCache: Writable
[2023.05.04-17.17.48:166][  0]LogDerivedDataCache: Shared data cache path not found in *engine.ini, will not use an Shared cache.
[2023.05.04-17.17.48:166][  0]LogDerivedDataCache: Unable to find inner node Shared for hierarchical cache Hierarchy.
[2023.05.04-17.17.48:216][  0]LogAssetRegistry: FAssetRegistry took 0.0019 seconds to start up
[2023.05.04-17.17.48:607][  0]LogInit: Selected Device Profile: [Windows]
[2023.05.04-17.17.48:607][  0]LogInit: Active device profile: [000001A510FAED00][000001A50E7C3B80 49] Windows
[2023.05.04-17.17.48:607][  0]LogInit: Profiles: [000001A510FAED00][000001A50E7C3B80 49] Windows, [000001A510F35000][000001A50FD66180 49] WindowsNoEditor, [000001A510FAD200][000001A50FD6A300 49] WindowsServer, [000001A510FADA00][000001A50FD6E480 49] WindowsClient, [000001A510F36800][000001A50FD72600 49] IOS, [000001A510F37D00][000001A50FD76780 49] iPadAir, [000001A510F3B000][000001A50FD7A900 49] iPadAir2, [000001A510EDCC00][000001A50FD88BC0 49] IPadPro, [000001A510EDCD00][000001A50FD7EC00 49] iPadAir3, [000001A510F36F00][000001A50FD92D80 49] iPadAir4, [000001A510EDDA00][000001A50FD96F00 49] iPadMini2, [000001A510F36A00][000001A50FD9B080 49] iPadMini3, [000001A510EDE500][000001A50FD9F200 49] iPadMini4, [000001A510F36000][000001A50FDA3380 49] iPadMini5, [000001A510FAF400][000001A50FDA75C0 49] iPhone6, [000001A510FAD400][000001A50FD5D600 49] iPodTouch6, [000001A510F3A000][000001A50FDAF840 49] iPhone7, [000001A510F3B700][000001A50FDAB880 49] iPodTouch7, [000001A510EDDB00][000001A50FDB7A00 49] iPhone5S, [000001A510F38600][000001A50FDBBB80 49] iPhone6Plus, [000001A510EDE900][000001A50FDBE180 49] iPhone6S, [000001A510F39100][000001A50FDC2300 49] iPhone6SPlus, [000001A510EDCB00][000001A50FDC6480 49] iPhone7Plus, [000001A510F3B900][000001A50FDCA600 49] iPhoneSE, [000001A510EDD600][000001A511DE0780 49] iPhone8, [000001A510F3AC00][000001A511DE4900 49] iPhone8Plus, [000001A510EDDC00][000001A511DE8A80 49] iPhoneX, [000001A510FAD300][000001A511DECC00 49] iPhoneXS, [000001A510EDD400][000001A511DF0D80 49] iPhoneXSMax, [000001A510FAE000][000001A511DF4F00 49] iPhoneXR, [000001A510EDE000][000001A511DF9080 49] iPhone11, [000001A510FAEA00][000001A511DFD200 49] iPhone11Pro, [000001A510EDFA00][000001A511E01380 49] iPhone11ProMax, [000001A510FADC00][000001A511E05500 49] iPhoneSE2, [000001A510EDE600][000001A50FDB3640 49] iPhone12Mini, [000001A510FACE00][000001A511E09780 49] iPhone12, [000001A510EDFF00][000001A511E0D8C0 49] iPhone12Pro, [000001A510FAEF00][000001A511E11A00 49] iPhone12ProMax, [000001A510EDE700][000001A511E19B80 49] iPadPro105, [000001A510FAE100][000001A511E1C180 49] iPadPro129, [000001A510EDFE00][000001A511E20300 49] iPadPro97, [000001A510FAC600][000001A511E24480 49] iPadPro2_129, [000001A510EDD300][000001A511E28600 49] iPad5, [000001A510FAE500][000001A511E2C780 49] iPad6, [000001A510EDF700][000001A511E30900 49] iPad7, [000001A510FAC700][000001A511E34A80 49] iPad8, [000001A510EDEA00][000001A511E38C00 49] iPadPro11, [000001A510FAE200][000001A511E3CD80 49] iPadPro2_11, [000001A510EDF200][000001A511E40F00 49] iPadPro3_129, [000001A510FADD00][000001A511E45080 49] iPadPro4_129, [000001A510EDD100][000001A511E49200 49] AppleTV, [000001A510FAD600][000001A511E4D380 49] AppleTV4K, [000001A510EDF500][000001A511E51500 49] TVOS, [000001A510FAC100][000001A511E55680 49] Mac, [000001A510EDC600][000001A511E157C0 49] MacClient, [000001A510FAD100][000001A511E59900 49] MacNoEditor, [000001A510EDDE00][000001A511E5DA40 49] MacServer, [000001A510FAC300][000001A511E61B80 49] Linux, [000001A510EDCF00][000001A511E68180 49] LinuxAArch64, [000001A510FACF00][000001A511E6C300 49] LinuxNoEditor, [000001A510EDC100][000001A511E70480 49] LinuxAArch64NoEditor, [000001A510FAF000][000001A511E74600 49] LinuxClient, [000001A510EDD500][000001A511E78780 49] LinuxAArch64Client, [000001A510FAC900][000001A511E7C900 49] LinuxServer, [000001A510EDF000][000001A511E80A80 49] LinuxAArch64Server, [000001A510FAD700][000001A511E84C00 49] Android, [000001A510EDC700][000001A511E88D80 49] Android_Low, [000001A510F3A100][000001A511E8CF00 49] Android_Mid, [000001A510F36200][000001A511E91080 49] Android_High, [000001A510F3B200][000001A511E95200 49] Android_Default, [000001A510F37300][000001A511E99380 49] Android_Adreno4xx, [000001A510F39B00][000001A511E9D500 49] Android_Adreno5xx_Low, [000001A510F35A00][000001A511EA1680 49] Android_Adreno5xx, [000001A510F39000][000001A511EA5800 49] Android_Adreno6xx, [000001A510F36600][000001A511EA9980 49] Android_Adreno6xx_Vulkan, [000001A510F3A400][000001A511E65AC0 49] Android_Mali_T6xx, [000001A510F34400][000001A511EADC00 49] Android_Mali_T7xx, [000001A510F38900][000001A511EB01C0 49] Android_Mali_T8xx, [000001A510F37900][000001A511EB8340 49] Android_Mali_G71, [000001A510F39600][000001A511EBC4C0 49] Android_Mali_G72, [000001A510F37800][000001A511EC0640 49] Android_Mali_G72_Vulkan, [000001A510F39500][000001A511EC47C0 49] Android_Mali_G76, [000001A510F37E00][000001A511EC8940 49] Android_Mali_G76_Vulkan, [000001A510F3A300][000001A511ECCAC0 49] Android_Mali_G77, [000001A510F35800][000001A511ED0C40 49] Android_Mali_G77_Vulkan, [000001A510F3BA00][000001A511ED4DC0 49] Android_Mali_G78, [000001A510F37400][000001A511ED8F40 49] Android_Mali_G78_Vulkan, [000001A510F38A00][000001A511EDD0C0 49] Android_Mali_G710, [000001A510F36B00][000001A511EE1240 49] Android_Mali_G710_Vulkan, [000001A510F3A900][000001A511EE53C0 49] Android_Vulkan_SM5, [000001A510F35C00][000001A511EE9540 49] Android_PowerVR_G6xxx, [000001A510F38800][000001A511EED6C0 49] Android_PowerVR_GT7xxx, [000001A510F36300][000001A511EF1840 49] Android_PowerVR_GE8xxx, [000001A510F3AB00][000001A511EF59C0 49] Android_PowerVR_GM9xxx, [000001A510F35500][000001A511EF9B40 49] Android_PowerVR_GM9xxx_Vulkan, [000001A510F39900][000001A511EB4100 49] Android_TegraK1, [000001A510F36E00][000001A511EFC240 49] Android_Unknown_Vulkan, [000001A510F38200][000001A511F00380 49] Lumin, [000001A510F34300][000001A511F044C0 49] Lumin_Desktop, [000001A510F3BB00][000001A511F0C640 49] HoloLens, 
[2023.05.04-17.17.48:880][  0]LogMeshReduction: Using QuadricMeshReduction for automatic static mesh reduction
[2023.05.04-17.17.48:880][  0]LogMeshReduction: Using SimplygonMeshReduction for automatic skeletal mesh reduction
[2023.05.04-17.17.48:880][  0]LogMeshReduction: Using ProxyLODMeshReduction for automatic mesh merging
[2023.05.04-17.17.48:881][  0]LogMeshReduction: No distributed automatic mesh merging module available
[2023.05.04-17.17.48:881][  0]LogMeshMerging: No distributed automatic mesh merging module available
[2023.05.04-17.17.48:913][  0]LogNetVersion: Twonic 1.0.0, NetCL: 17155196, EngineNetVer: 17, GameNetVer: 0 (Checksum: 4023415434)
[2023.05.04-17.17.50:630][  0]LogHMD: PokeAHoleMaterial loaded successfully
[2023.05.04-17.17.52:185][  0]LogCollectionManager: Loaded 0 collections in 0.001572 seconds
[2023.05.04-17.17.52:188][  0]LogFileCache: Scanning file cache for directory 'C:/Users/emmyt/OneDrive/Documents/GitHub/-Journeyman-Twonic---Alpha-Team/Twonic/Saved/Collections/' took 0.00s
[2023.05.04-17.17.52:189][  0]LogFileCache: Scanning file cache for directory 'C:/Users/emmyt/OneDrive/Documents/GitHub/-Journeyman-Twonic---Alpha-Team/Twonic/Content/Developers/emmyt/Collections/' took 0.00s
[2023.05.04-17.17.52:189][  0]LogFileCache: Scanning file cache for directory 'C:/Users/emmyt/OneDrive/Documents/GitHub/-Journeyman-Twonic---Alpha-Team/Twonic/Content/Collections/' took 0.00s
[2023.05.04-17.17.52:189][  0]LogCollectionManager: Fixed up redirectors for 0 collections in 0.000002 seconds (updated 0 objects)
[2023.05.04-17.17.53:543][  0]LogNiagaraDebuggerClient: Niagara Debugger Client Initialized | Session: 563401D44B69DBC967A1C3BB4DD8DC51 | Instance: F8FCF08C45BC0831081464B97A366E84 (LAPTOP-OVB59CM9-21776).
[2023.05.04-17.17.54:368][  0]LogPython: Using Python 3.7.7
[2023.05.04-17.17.57:512][  0]SourceControl: Source control is disabled
[2023.05.04-17.17.57:512][  0]SourceControl: Source control is disabled
[2023.05.04-17.17.57:569][  0]SourceControl: Source control is disabled
[2023.05.04-17.17.57:579][  0]SourceControl: Source control is disabled
[2023.05.04-17.17.57:641][  0]SourceControl: Source control is disabled
[2023.05.04-17.17.57:714][  0]LogUProjectInfo: Found projects:
[2023.05.04-17.17.59:959][  0]LogOpenImageDenoise: OIDN starting up
[2023.05.04-17.18.00:268][  0]LogAndroidPermission: UAndroidPermissionCallbackProxy::GetInstance
[2023.05.04-17.18.00:453][  0]LogAudioCaptureCore: Display: No Audio Capture implementations found. Audio input will be silent.
[2023.05.04-17.18.00:454][  0]LogAudioCaptureCore: Display: No Audio Capture implementations found. Audio input will be silent.
[2023.05.04-17.18.11:814][  0]LogOcInput: OculusInput pre-init called
[2023.05.04-17.18.14:248][  0]LogUObjectArray: 23049 objects as part of root set at end of initial load.
[2023.05.04-17.18.14:248][  0]LogUObjectAllocator: 6352640 out of 0 bytes used by permanent object pool.
[2023.05.04-17.18.14:248][  0]LogUObjectArray: CloseDisregardForGC: 0/0 objects in disregard for GC pool
[2023.05.04-17.18.14:360][  0]LogInit: Executing Class /Script/UnrealEd.GatherTextCommandlet
[2023.05.04-17.18.14:419][  0]LogInit: Initializing Editor Engine...
[2023.05.04-17.18.14:465][  0]LogEngine: Initializing Engine...
[2023.05.04-17.18.14:615][  0]LogStats: UGameplayTagsManager::InitializeManager -  0.000 s
[2023.05.04-17.18.15:350][  0]LogInit: Initializing FReadOnlyCVARCache
[2023.05.04-17.18.16:136][  0]LogAIModule: Creating AISystem for world Untitled
[2023.05.04-17.18.16:348][  0]LogNetVersion: Set ProjectVersion to 1.0.0.0. Version Checksum will be recalculated on next use.
[2023.05.04-17.18.16:360][  0]LogDerivedDataCache: Saved boot cache 0.01s 15MB C:/Users/emmyt/AppData/Local/UnrealEngine/4.27/DerivedDataCache/Boot.ddc.
[2023.05.04-17.18.16:361][  0]LogInit: Texture streaming: Disabled
[2023.05.04-17.18.17:157][  0]LogInit: Initializing Editor Engine Completed
[2023.05.04-17.18.20:341][  0]BlueprintLog: New page: Editor Load
[2023.05.04-17.18.24:295][  0]LogAutomationTest: Warning: Smoke tests took >2s to run (2.01s). 'FAutomationTestAttemptToFindUninitializedScriptStructMembers' took 1663ms. SmokeFilter tier tests should take less than 1ms. Please optimize or move 'FAutomationTestAttemptToFindUninitializedScriptStructMembers' to a slower tier than SmokeFilter.
[2023.05.04-17.18.24:402][  0]LogGatherTextCommandlet: Display: Beginning GatherText Commandlet for 'C:/Users/emmyt/OneDrive/Documents/GitHub/-Journeyman-Twonic---Alpha-Team/Twonic/Config/Localization/Game_Compile.ini'
[2023.05.04-17.18.24:441][  0]LogGatherTextCommandlet: Display: Executing GatherTextStep0: GenerateTextLocalizationResourceCommandlet
[2023.05.04-17.18.24:645][  0]LogGatherTextCommandlet: Display: Completed GatherTextStep0: GenerateTextLocalizationResourceCommandlet in 0.205030 seconds
[2023.05.04-17.18.24:646][  0]LogCore: Engine exit requested (reason: Commandlet GatherTextCommandlet_0 finished execution (result 0))
[2023.05.04-17.18.24:646][  0]LogInit: Display: 
[2023.05.04-17.18.24:647][  0]LogInit: Display: Warning/Error Summary (Unique only)
[2023.05.04-17.18.24:647][  0]LogInit: Display: -----------------------------------
[2023.05.04-17.18.24:652][  0]LogInit: Display: LogAutomationTest: Warning: Smoke tests took >2s to run (2.01s). 'FAutomationTestAttemptToFindUninitializedScriptStructMembers' took 1663ms. SmokeFilter tier tests should take less than 1ms. Please optimize or move 'FAutomationTestAttemptToFindUninitializedScriptStructMembers' to a slower tier than SmokeFilter.
[2023.05.04-17.18.24:653][  0]LogInit: Display: 
[2023.05.04-17.18.24:653][  0]LogInit: Display: Success - 0 error(s), 1 warning(s)
[2023.05.04-17.18.24:653][  0]LogInit: Display: 
Execution of commandlet took:  0.32 seconds
[2023.05.04-17.18.24:653][  0]LogCore: Engine exit requested (reason: EngineExit() was called; note: exit was already requested)
[2023.05.04-17.18.25:041][  0]LogExit: Preparing to exit.
[2023.05.04-17.18.25:336][  0]LogUObjectHash: Compacting FUObjectHashTables data took   0.96ms
[2023.05.04-17.18.27:266][  0]LogDemo: Cleaned up 0 splitscreen connections with owner deletion
[2023.05.04-17.18.27:597][  0]LogWorld: UWorld::CleanupWorld for None, bSessionEnded=true, bCleanupResources=true
[2023.05.04-17.18.27:750][  0]LogExit: Editor shut down
[2023.05.04-17.18.31:838][  0]LogExit: Object subsystem successfully closed.
[2023.05.04-17.18.31:918][  0]LogShaderCompilers: Display: === FShaderJobCache stats ===
[2023.05.04-17.18.31:918][  0]LogShaderCompilers: Display: Total job queries 0, among them cache hits 0 (0.00%)
[2023.05.04-17.18.31:919][  0]LogShaderCompilers: Display: Tracking 0 distinct input hashes that result in 0 distinct outputs (0.00%)
[2023.05.04-17.18.31:937][  0]LogShaderCompilers: Display: RAM used: 0.00 MB (0.00 GB) of 409.60 MB (0.40 GB) budget. Usage: 0.00%
[2023.05.04-17.18.31:937][  0]LogShaderCompilers: Display: ================================================
[2023.05.04-17.18.32:276][  0]LogShaderCompilers: Display: Shaders left to compile 0
[2023.05.04-17.18.34:685][  0]LogModuleManager: Shutting down and abandoning module SteamVREditor (710)
[2023.05.04-17.18.34:686][  0]LogModuleManager: Shutting down and abandoning module OculusMR (708)
[2023.05.04-17.18.34:686][  0]LogModuleManager: Shutting down and abandoning module TakeRecorderSources (706)
[2023.05.04-17.18.34:773][  0]LogModuleManager: Shutting down and abandoning module TakeRecorder (705)
[2023.05.04-17.18.34:773][  0]LogModuleManager: Shutting down and abandoning module TakeTrackRecorders (702)
[2023.05.04-17.18.34:779][  0]LogModuleManager: Shutting down and abandoning module TakesCore (700)
[2023.05.04-17.18.34:802][  0]LogModuleManager: Shutting down and abandoning module OpenXRInput (698)
[2023.05.04-17.18.34:833][  0]LogModuleManager: Shutting down and abandoning module GooglePADEditor (696)
[2023.05.04-17.18.34:833][  0]LogModuleManager: Shutting down and abandoning module AudioCaptureEditor (694)
[2023.05.04-17.18.34:866][  0]LogModuleManager: Shutting down and abandoning module WmfMediaFactory (692)
[2023.05.04-17.18.34:866][  0]LogModuleManager: Shutting down and abandoning module WmfMediaEditor (690)
[2023.05.04-17.18.34:866][  0]LogModuleManager: Shutting down and abandoning module WebMMediaFactory (688)
[2023.05.04-17.18.34:866][  0]LogModuleManager: Shutting down and abandoning module WebMMediaEditor (686)
[2023.05.04-17.18.34:866][  0]LogModuleManager: Shutting down and abandoning module MediaPlayerEditor (684)
[2023.05.04-17.18.34:912][  0]LogModuleManager: Shutting down and abandoning module MediaCompositingEditor (682)
[2023.05.04-17.18.34:941][  0]LogModuleManager: Shutting down and abandoning module SequenceRecorder (681)
[2023.05.04-17.18.34:941][  0]LogModuleManager: Shutting down and abandoning module Persona (680)
[2023.05.04-17.18.34:971][  0]LogModuleManager: Shutting down and abandoning module AdvancedPreviewScene (679)
[2023.05.04-17.18.34:972][  0]LogModuleManager: Shutting down and abandoning module AnimGraph (677)
[2023.05.04-17.18.35:002][  0]LogModuleManager: Shutting down and abandoning module ImgMediaFactory (672)
[2023.05.04-17.18.35:002][  0]LogModuleManager: Shutting down and abandoning module ImgMediaEditor (670)
[2023.05.04-17.18.35:002][  0]LogModuleManager: Shutting down and abandoning module AvfMediaFactory (668)
[2023.05.04-17.18.35:002][  0]LogModuleManager: Shutting down and abandoning module AvfMediaEditor (666)
[2023.05.04-17.18.35:002][  0]LogModuleManager: Shutting down and abandoning module AndroidMediaFactory (664)
[2023.05.04-17.18.35:002][  0]LogModuleManager: Shutting down and abandoning module AndroidMediaEditor (662)
[2023.05.04-17.18.35:002][  0]LogModuleManager: Shutting down and abandoning module TemplateSequenceEditor (660)
[2023.05.04-17.18.35:015][  0]LogModuleManager: Shutting down and abandoning module MatineeToLevelSequence (658)
[2023.05.04-17.18.35:029][  0]LogModuleManager: Shutting down and abandoning module LevelSequenceEditor (656)
[2023.05.04-17.18.35:035][  0]LogModuleManager: Shutting down and abandoning module ActorSequenceEditor (654)
[2023.05.04-17.18.35:035][  0]LogModuleManager: Shutting down and abandoning module Kismet (653)
[2023.05.04-17.18.35:097][  0]LogModuleManager: Shutting down and abandoning module KismetWidgets (652)
[2023.05.04-17.18.35:115][  0]LogModuleManager: Shutting down and abandoning module PlanarCut (648)
[2023.05.04-17.18.35:133][  0]LogModuleManager: Shutting down and abandoning module MagicLeapMediaEditor (646)
[2023.05.04-17.18.35:133][  0]LogModuleManager: Shutting down and abandoning module CharacterAI (644)
[2023.05.04-17.18.35:133][  0]LogModuleManager: Shutting down and abandoning module TextureAlignMode (642)
[2023.05.04-17.18.35:133][  0]LogModuleManager: Shutting down and abandoning module BspMode (640)
[2023.05.04-17.18.35:133][  0]LogModuleManager: Shutting down and abandoning module GeometryMode (638)
[2023.05.04-17.18.35:133][  0]LogModuleManager: Shutting down and abandoning module CameraShakePreviewer (636)
[2023.05.04-17.18.35:147][  0]LogModuleManager: Shutting down and abandoning module SmartSnapping (634)
[2023.05.04-17.18.35:147][  0]LogModuleManager: Shutting down and abandoning module SessionServices (632)
[2023.05.04-17.18.35:147][  0]LogModuleManager: Shutting down and abandoning module MeshPaint (630)
[2023.05.04-17.18.35:156][  0]LogModuleManager: Shutting down and abandoning module VirtualTexturingEditor (628)
[2023.05.04-17.18.35:156][  0]LogModuleManager: Shutting down and abandoning module FoliageEdit (626)
[2023.05.04-17.18.35:156][  0]LogModuleManager: Shutting down and abandoning module LandscapeEditor (624)
[2023.05.04-17.18.35:180][  0]LogModuleManager: Shutting down and abandoning module MeshPaintMode (622)
[2023.05.04-17.18.35:180][  0]LogModuleManager: Shutting down and abandoning module SceneDepthPickerMode (620)
[2023.05.04-17.18.35:180][  0]LogModuleManager: Shutting down and abandoning module ActorPickerMode (618)
[2023.05.04-17.18.35:180][  0]LogModuleManager: Shutting down and abandoning module PlacementMode (616)
[2023.05.04-17.18.35:180][  0]LogModuleManager: Shutting down and abandoning module LiveCoding (614)
[2023.05.04-17.18.35:180][  0]LogModuleManager: Shutting down and abandoning module LevelSequence (612)
[2023.05.04-17.18.35:180][  0]LogModuleManager: Shutting down and abandoning module MovieSceneTracks (610)
[2023.05.04-17.18.35:180][  0]LogModuleManager: Shutting down and abandoning module MovieScene (608)
[2023.05.04-17.18.35:226][  0]LogModuleManager: Shutting down and abandoning module StreamingPauseRendering (606)
[2023.05.04-17.18.35:226][  0]LogModuleManager: Shutting down and abandoning module ImageWriteQueue (604)
[2023.05.04-17.18.35:226][  0]LogModuleManager: Shutting down and abandoning module AIModule (602)
[2023.05.04-17.18.35:237][  0]LogModuleManager: Shutting down and abandoning module GameplayDebugger (601)
[2023.05.04-17.18.35:237][  0]LogModuleManager: Shutting down and abandoning module AITestSuite (599)
[2023.05.04-17.18.35:237][  0]LogModuleManager: Shutting down and abandoning module NavigationSystem (597)
[2023.05.04-17.18.35:237][  0]LogModuleManager: Shutting down and abandoning module AudioSynesthesiaEditor (594)
[2023.05.04-17.18.35:237][  0]LogModuleManager: Shutting down and abandoning module OculusEditor (592)
[2023.05.04-17.18.35:275][  0]LogModuleManager: Shutting down and abandoning module OculusInput (590)
[2023.05.04-17.18.35:275][  0]LogModuleManager: Shutting down and abandoning module ContentBrowserFileDataSource (588)
[2023.05.04-17.18.35:276][  0]LogModuleManager: Shutting down and abandoning module ContentBrowserClassDataSource (586)
[2023.05.04-17.18.35:276][  0]LogModuleManager: Shutting down and abandoning module ContentBrowserAssetDataSource (584)
[2023.05.04-17.18.35:276][  0]LogModuleManager: Shutting down and abandoning module ToolMenus (583)
[2023.05.04-17.18.35:276][  0]LogModuleManager: Shutting down and abandoning module TakeSequencer (580)
[2023.05.04-17.18.35:276][  0]LogModuleManager: Shutting down and abandoning module TakeMovieScene (578)
[2023.05.04-17.18.35:276][  0]LogModuleManager: Shutting down and abandoning module ScreenshotTools (576)
[2023.05.04-17.18.35:276][  0]LogModuleManager: Shutting down and abandoning module SynthesisEditor (574)
[2023.05.04-17.18.35:276][  0]LogModuleManager: Shutting down and abandoning module Synthesis (572)
[2023.05.04-17.18.35:303][  0]LogModuleManager: Shutting down and abandoning module ProceduralMeshComponentEditor (570)
[2023.05.04-17.18.35:318][  0]LogModuleManager: Shutting down and abandoning module ProceduralMeshComponent (568)
[2023.05.04-17.18.35:318][  0]LogModuleManager: Shutting down and abandoning module OpenXREditor (566)
[2023.05.04-17.18.35:334][  0]LogModuleManager: Shutting down and abandoning module MobilePatchingUtils (564)
[2023.05.04-17.18.35:334][  0]LogModuleManager: Shutting down and abandoning module GooglePAD (562)
[2023.05.04-17.18.35:334][  0]LogModuleManager: Shutting down and abandoning module EditableMesh (560)
[2023.05.04-17.18.35:353][  0]LogModuleManager: Shutting down and abandoning module CableComponent (558)
[2023.05.04-17.18.35:353][  0]LogModuleManager: Shutting down and abandoning module CustomMeshComponent (556)
[2023.05.04-17.18.35:353][  0]LogModuleManager: Shutting down and abandoning module AudioCapture (554)
[2023.05.04-17.18.35:353][  0]LogModuleManager: Shutting down and abandoning module AudioCaptureRtAudio (553)
[2023.05.04-17.18.35:374][  0]LogModuleManager: Shutting down and abandoning module AssetTags (550)
[2023.05.04-17.18.35:374][  0]LogModuleManager: Shutting down and abandoning module ArchVisCharacter (548)
[2023.05.04-17.18.35:374][  0]LogModuleManager: Shutting down and abandoning module AppleImageUtilsBlueprintSupport (546)
[2023.05.04-17.18.35:374][  0]LogModuleManager: Shutting down and abandoning module AppleImageUtils (544)
[2023.05.04-17.18.35:374][  0]LogModuleManager: Shutting down and abandoning module AndroidPermission (542)
[2023.05.04-17.18.35:374][  0]LogModuleManager: Shutting down and abandoning module ActorLayerUtilitiesEditor (540)
[2023.05.04-17.18.35:374][  0]LogModuleManager: Shutting down and abandoning module ActorLayerUtilities (538)
[2023.05.04-17.18.35:374][  0]LogModuleManager: Shutting down and abandoning module MediaCompositing (536)
[2023.05.04-17.18.35:374][  0]LogModuleManager: Shutting down and abandoning module TemplateSequence (534)
[2023.05.04-17.18.35:399][  0]LogModuleManager: Shutting down and abandoning module MagicLeapSharedWorld (532)
[2023.05.04-17.18.35:399][  0]LogModuleManager: Shutting down and abandoning module OpenImageDenoise (530)
[2023.05.04-17.18.35:400][  0]LogOpenImageDenoise: OIDN shutting down
[2023.05.04-17.18.35:400][  0]LogModuleManager: Shutting down and abandoning module MotoSynthEditor (528)
[2023.05.04-17.18.35:400][  0]LogModuleManager: Shutting down and abandoning module MotoSynth (526)
[2023.05.04-17.18.35:400][  0]LogModuleManager: Shutting down and abandoning module MagicLeapLightEstimation (524)
[2023.05.04-17.18.35:400][  0]LogModuleManager: Shutting down and abandoning module MagicLeapHelperVulkan (522)
[2023.05.04-17.18.35:400][  0]LogModuleManager: Shutting down and abandoning module MagicLeapHelperOpenGL (520)
[2023.05.04-17.18.35:400][  0]LogModuleManager: Shutting down and abandoning module MagicLeapAudio (518)
[2023.05.04-17.18.35:435][  0]LogModuleManager: Shutting down and abandoning module MeshConversion (516)
[2023.05.04-17.18.35:458][  0]LogModuleManager: Shutting down and abandoning module DynamicMesh (514)
[2023.05.04-17.18.35:473][  0]LogModuleManager: Shutting down and abandoning module GeometryAlgorithms (512)
[2023.05.04-17.18.35:483][  0]LogModuleManager: Shutting down and abandoning module GeometricObjects (510)
[2023.05.04-17.18.35:488][  0]LogModuleManager: Shutting down and abandoning module GeometryCollectionTracks (508)
[2023.05.04-17.18.35:488][  0]LogModuleManager: Shutting down and abandoning module GeometryCollectionSequencer (507)
[2023.05.04-17.18.35:488][  0]LogModuleManager: Shutting down and abandoning module GeometryCollectionEditor (504)
[2023.05.04-17.18.35:488][  0]LogModuleManager: Shutting down and abandoning module GeometryCacheTracks (502)
[2023.05.04-17.18.35:488][  0]LogModuleManager: Shutting down and abandoning module GeometryCacheStreamer (500)
[2023.05.04-17.18.35:512][  0]LogModuleManager: Shutting down and abandoning module GeometryCacheSequencer (498)
[2023.05.04-17.18.35:512][  0]LogModuleManager: Shutting down and abandoning module ChaosNiagara (496)
[2023.05.04-17.18.35:528][  0]LogModuleManager: Shutting down and abandoning module ChaosSolverEditor (494)
[2023.05.04-17.18.35:528][  0]LogModuleManager: Shutting down and abandoning module FractureEditor (492)
[2023.05.04-17.18.35:536][  0]LogModuleManager: Shutting down and abandoning module FieldSystemEngine (491)
[2023.05.04-17.18.35:536][  0]LogModuleManager: Shutting down and abandoning module ChaosClothEditor (488)
[2023.05.04-17.18.35:541][  0]LogModuleManager: Shutting down and abandoning module AutomationUtilsEditor (486)
[2023.05.04-17.18.35:541][  0]LogModuleManager: Shutting down and abandoning module AutomationUtils (484)
[2023.05.04-17.18.35:541][  0]LogModuleManager: Shutting down and abandoning module AlembicImporter (482)
[2023.05.04-17.18.35:541][  0]LogModuleManager: Shutting down and abandoning module AlembicLibrary (481)
[2023.05.04-17.18.35:541][  0]LogModuleManager: Shutting down and abandoning module GeometryCache (480)
[2023.05.04-17.18.35:541][  0]LogModuleManager: Shutting down and abandoning module GeometryCacheEd (479)
[2023.05.04-17.18.35:541][  0]LogModuleManager: Shutting down and abandoning module NiagaraEditorWidgets (474)
[2023.05.04-17.18.35:612][  0]LogModuleManager: Shutting down and abandoning module VariantManagerContentEditor (472)
[2023.05.04-17.18.35:612][  0]LogModuleManager: Shutting down and abandoning module DatasmithContentEditor (470)
[2023.05.04-17.18.35:627][  0]LogModuleManager: Shutting down and abandoning module SpeedTreeImporter (468)
[2023.05.04-17.18.35:627][  0]LogModuleManager: Shutting down and abandoning module PluginBrowser (466)
[2023.05.04-17.18.35:651][  0]LogModuleManager: Shutting down and abandoning module MobileLauncherProfileWizard (464)
[2023.05.04-17.18.35:658][  0]LogModuleManager: Shutting down and abandoning module MaterialAnalyzer (462)
[2023.05.04-17.18.35:666][  0]LogModuleManager: Shutting down and abandoning module CurveEditorTools (460)
[2023.05.04-17.18.35:742][  0]LogModuleManager: Shutting down and abandoning module CryptoKeysOpenSSL (458)
[2023.05.04-17.18.35:742][  0]LogModuleManager: Shutting down and abandoning module CryptoKeys (456)
[2023.05.04-17.18.35:742][  0]LogModuleManager: Shutting down and abandoning module VisualStudioCodeSourceCodeAccess (454)
[2023.05.04-17.18.35:742][  0]LogModuleManager: Shutting down and abandoning module VisualStudioSourceCodeAccess (452)
[2023.05.04-17.18.35:768][  0]LogModuleManager: Shutting down and abandoning module PluginUtils (450)
[2023.05.04-17.18.35:793][  0]LogModuleManager: Shutting down and abandoning module UObjectPlugin (448)
[2023.05.04-17.18.35:793][  0]LogModuleManager: Shutting down and abandoning module SubversionSourceControl (446)
[2023.05.04-17.18.35:836][  0]LogModuleManager: Shutting down and abandoning module PlasticSourceControl (444)
[2023.05.04-17.18.35:860][  0]LogModuleManager: Shutting down and abandoning module PerforceSourceControl (442)
[2023.05.04-17.18.35:901][  0]LogModuleManager: Shutting down and abandoning module GitSourceControl (440)
[2023.05.04-17.18.35:937][  0]LogModuleManager: Shutting down and abandoning module SourceControl (439)
[2023.05.04-17.18.35:975][  0]LogModuleManager: Shutting down and abandoning module CLionSourceCodeAccess (436)
[2023.05.04-17.18.35:975][  0]LogModuleManager: Shutting down and abandoning module AnimationSharingEd (434)
[2023.05.04-17.18.35:975][  0]LogModuleManager: Shutting down and abandoning module OodleNetworkHandlerComponent (432)
[2023.05.04-17.18.35:975][  0]LogModuleManager: Shutting down and abandoning module LiveLinkSequencer (430)
[2023.05.04-17.18.35:976][  0]LogModuleManager: Shutting down and abandoning module LiveLinkMovieScene (428)
[2023.05.04-17.18.35:976][  0]LogModuleManager: Shutting down and abandoning module LiveLinkGraphNode (426)
[2023.05.04-17.18.35:976][  0]LogModuleManager: Shutting down and abandoning module LiveLinkEditor (424)
[2023.05.04-17.18.36:002][  0]LogModuleManager: Shutting down and abandoning module LiveLinkComponents (422)
[2023.05.04-17.18.36:002][  0]LogModuleManager: Shutting down and abandoning module LiveLink (420)
[2023.05.04-17.18.36:865][  0]LogModuleManager: Shutting down and abandoning module LightPropagationVolumeEditor (418)
[2023.05.04-17.18.36:865][  0]LogModuleManager: Shutting down and abandoning module PaperTiledImporter (416)
[2023.05.04-17.18.36:865][  0]LogModuleManager: Shutting down and abandoning module PaperSpriteSheetImporter (414)
[2023.05.04-17.18.37:078][  0]LogModuleManager: Shutting down and abandoning module Paper2DEditor (412)
[2023.05.04-17.18.37:412][  0]LogModuleManager: Shutting down and abandoning module MeshPaintingToolset (410)
[2023.05.04-17.18.37:996][  0]LogModuleManager: Shutting down and abandoning module MeshPaintEditorMode (408)
[2023.05.04-17.18.37:996][  0]LogModuleManager: Shutting down and abandoning module SoundFields (406)
[2023.05.04-17.18.37:996][  0]LogModuleManager: Shutting down and abandoning module SignificanceManager (404)
[2023.05.04-17.18.37:996][  0]LogModuleManager: Shutting down and abandoning module RuntimePhysXCooking (402)
[2023.05.04-17.18.37:996][  0]LogModuleManager: Shutting down and abandoning module PropertyAccessEditor (400)
[2023.05.04-17.18.38:005][  0]LogModuleManager: Shutting down and abandoning module PhysXVehiclesEditor (398)
[2023.05.04-17.18.38:005][  0]LogModuleManager: Shutting down and abandoning module LocationServicesBPLibrary (394)
[2023.05.04-17.18.38:005][  0]LogModuleManager: Shutting down and abandoning module AudioSynesthesia (392)
[2023.05.04-17.18.38:184][  0]LogModuleManager: Shutting down and abandoning module AudioSynesthesiaCore (390)
[2023.05.04-17.18.38:184][  0]LogModuleManager: Shutting down and abandoning module UdpMessaging (388)
[2023.05.04-17.18.38:200][  0]LogModuleManager: Shutting down and abandoning module TcpMessaging (386)
[2023.05.04-17.18.38:448][  0]LogModuleManager: Shutting down and abandoning module ActorSequence (384)
[2023.05.04-17.18.38:448][  0]LogModuleManager: Shutting down and abandoning module PythonScriptPlugin (382)
[2023.05.04-17.18.38:448][  0]LogModuleManager: Shutting down and abandoning module MagicLeapARPin (380)
[2023.05.04-17.18.38:448][  0]LogModuleManager: Shutting down and abandoning module MagicLeapHandMeshing (378)
[2023.05.04-17.18.38:448][  0]LogModuleManager: Shutting down and abandoning module MagicLeapSecureStorage (376)
[2023.05.04-17.18.38:448][  0]LogModuleManager: Shutting down and abandoning module MagicLeapPrivileges (374)
[2023.05.04-17.18.38:524][  0]LogModuleManager: Shutting down and abandoning module MagicLeapPlanes (372)
[2023.05.04-17.18.38:588][  0]LogMagicLeapPlanes: Planes tracker already destroyed.
[2023.05.04-17.18.38:588][  0]LogModuleManager: Shutting down and abandoning module MagicLeapImageTracker (370)
[2023.05.04-17.18.38:588][  0]LogModuleManager: Shutting down and abandoning module MagicLeapIdentity (368)
[2023.05.04-17.18.38:588][  0]LogModuleManager: Shutting down and abandoning module MagicLeapHandTracking (366)
[2023.05.04-17.18.38:635][  0]LogModuleManager: Shutting down and abandoning module MagicLeapEyeTracker (364)
[2023.05.04-17.18.38:635][  0]LogModuleManager: Shutting down and abandoning module MagicLeapController (362)
[2023.05.04-17.18.38:635][  0]LogModuleManager: Shutting down and abandoning module MagicLeapARPinImpl (360)
[2023.05.04-17.18.38:635][  0]LogModuleManager: Shutting down and abandoning module MagicLeapAR (358)
[2023.05.04-17.18.38:635][  0]LogModuleManager: Shutting down and abandoning module NiagaraAnimNotifies (356)
[2023.05.04-17.18.38:635][  0]LogModuleManager: Shutting down and abandoning module Niagara (354)
[2023.05.04-17.18.38:758][  0]LogModuleManager: Shutting down and abandoning module SignalProcessing (353)
[2023.05.04-17.18.38:783][  0]LogModuleManager: Shutting down and abandoning module NiagaraEditor (351)
[2023.05.04-17.18.38:874][  0]LogModuleManager: Shutting down and abandoning module NiagaraCore (348)
[2023.05.04-17.18.38:874][  0]LogModuleManager: Shutting down and abandoning module GameplayTagsEditor (346)
[2023.05.04-17.18.38:900][  0]LogModuleManager: Shutting down and abandoning module FacialAnimationEditor (344)
[2023.05.04-17.18.38:900][  0]LogModuleManager: Shutting down and abandoning module FacialAnimation (342)
[2023.05.04-17.18.38:900][  0]LogModuleManager: Shutting down and abandoning module DataValidation (340)
[2023.05.04-17.18.38:900][  0]LogModuleManager: Shutting down and abandoning module AssetManagerEditor (338)
[2023.05.04-17.18.38:945][  0]LogModuleManager: Shutting down and abandoning module TreeMap (337)
[2023.05.04-17.18.38:976][  0]LogModuleManager: Shutting down and abandoning module PropertyAccessNode (334)
[2023.05.04-17.18.39:002][  0]LogModuleManager: Shutting down and abandoning module AnimationSharing (332)
[2023.05.04-17.18.39:002][  0]LogModuleManager: Shutting down and abandoning module GameplayCameras (330)
[2023.05.04-17.18.39:002][  0]LogModuleManager: Shutting down and abandoning module LightPropagationVolumeRuntime (328)
[2023.05.04-17.18.39:002][  0]LogModuleManager: Shutting down and abandoning module EnvironmentQueryEditor (326)
[2023.05.04-17.18.39:051][  0]LogModuleManager: Shutting down and abandoning module Paper2D (324)
[2023.05.04-17.18.39:102][  0]LogModuleManager: Shutting down and abandoning module NetworkReplayStreaming (322)
[2023.05.04-17.18.39:102][  0]LogModuleManager: Shutting down and abandoning module PacketHandler (320)
[2023.05.04-17.18.39:102][  0]LogModuleManager: Shutting down and abandoning module ClothingSystemEditor (318)
[2023.05.04-17.18.39:102][  0]LogModuleManager: Shutting down and abandoning module ClothingSystemRuntimeNv (316)
[2023.05.04-17.18.39:139][  0]LogModuleManager: Shutting down and abandoning module MediaAssets (314)
[2023.05.04-17.18.39:139][  0]LogModuleManager: Shutting down and abandoning module Overlay (312)
[2023.05.04-17.18.39:139][  0]LogModuleManager: Shutting down and abandoning module OverlayEditor (311)
[2023.05.04-17.18.39:139][  0]LogModuleManager: Shutting down and abandoning module Blutility (308)
[2023.05.04-17.18.39:139][  0]LogModuleManager: Shutting down and abandoning module LevelEditor (307)
[2023.05.04-17.18.39:328][  0]LogModuleManager: Shutting down and abandoning module PixelInspectorModule (306)
[2023.05.04-17.18.39:403][  0]LogModuleManager: Shutting down and abandoning module CommonMenuExtensions (304)
[2023.05.04-17.18.39:430][  0]LogModuleManager: Shutting down and abandoning module MainFrame (302)
[2023.05.04-17.18.39:475][  0]LogModuleManager: Shutting down and abandoning module HotReload (301)
[2023.05.04-17.18.39:495][  0]LogModuleManager: Shutting down and abandoning module ContentBrowser (297)
[2023.05.04-17.18.39:540][  0]LogModuleManager: Shutting down and abandoning module CollectionManager (296)
[2023.05.04-17.18.39:669][  0]LogModuleManager: Shutting down and abandoning module ContentBrowserData (294)
[2023.05.04-17.18.39:669][  0]LogModuleManager: Shutting down and abandoning module IntroTutorials (290)
[2023.05.04-17.18.39:669][  0]LogModuleManager: Shutting down and abandoning module VREditor (288)
[2023.05.04-17.18.39:715][  0]LogModuleManager: Shutting down and abandoning module StringTableEditor (286)
[2023.05.04-17.18.39:778][  0]LogModuleManager: Shutting down and abandoning module GameplayTasksEditor (284)
[2023.05.04-17.18.39:778][  0]LogModuleManager: Shutting down and abandoning module BehaviorTreeEditor (282)
[2023.05.04-17.18.39:892][  0]LogModuleManager: Shutting down and abandoning module FunctionalTesting (280)
[2023.05.04-17.18.39:956][  0]LogModuleManager: Shutting down and abandoning module CollisionAnalyzer (278)
[2023.05.04-17.18.39:979][  0]LogModuleManager: Shutting down and abandoning module WorkspaceMenuStructure (277)
[2023.05.04-17.18.39:998][  0]LogModuleManager: Shutting down and abandoning module UMG (274)
[2023.05.04-17.18.40:028][  0]LogModuleManager: Shutting down and abandoning module UMGEditor (273)
[2023.05.04-17.18.40:117][  0]LogModuleManager: Shutting down and abandoning module MessageLog (271)
[2023.05.04-17.18.40:117][  0]LogModuleManager: Shutting down and abandoning module SlateReflector (266)
[2023.05.04-17.18.40:243][  0]LogModuleManager: Shutting down and abandoning module Slate (264)
[2023.05.04-17.18.40:243][  0]LogModuleManager: Shutting down and abandoning module SlateCore (262)
[2023.05.04-17.18.40:275][  0]LogModuleManager: Shutting down and abandoning module LandscapeEditorUtilities (260)
[2023.05.04-17.18.40:275][  0]LogModuleManager: Shutting down and abandoning module UnrealEd (258)
[2023.05.04-17.18.40:304][  0]LogModuleManager: Shutting down and abandoning module MRMesh (256)
[2023.05.04-17.18.40:304][  0]LogModuleManager: Shutting down and abandoning module SourceCodeAccess (254)
[2023.05.04-17.18.40:304][  0]LogModuleManager: Shutting down and abandoning module HeadMountedDisplay (252)
[2023.05.04-17.18.40:304][  0]LogModuleManager: Shutting down and abandoning module XAudio2 (250)
[2023.05.04-17.18.40:339][  0]LogModuleManager: Shutting down and abandoning module Networking (248)
[2023.05.04-17.18.40:339][  0]LogModuleManager: Shutting down and abandoning module Core (246)
[2023.05.04-17.18.40:339][  0]LogModuleManager: Shutting down and abandoning module MaterialEditor (244)
[2023.05.04-17.18.40:389][  0]LogModuleManager: Shutting down and abandoning module Settings (243)
[2023.05.04-17.18.40:389][  0]LogModuleManager: Shutting down and abandoning module MovieSceneTools (240)
[2023.05.04-17.18.40:466][  0]LogModuleManager: Shutting down and abandoning module CurveEditor (239)
[2023.05.04-17.18.40:594][  0]LogModuleManager: Shutting down and abandoning module Sequencer (237)
[2023.05.04-17.18.40:659][  0]LogModuleManager: Shutting down and abandoning module EditorStyle (236)
[2023.05.04-17.18.40:659][  0]LogModuleManager: Shutting down and abandoning module KismetCompiler (232)
[2023.05.04-17.18.40:660][  0]LogModuleManager: Shutting down and abandoning module MeshBuilder (230)
[2023.05.04-17.18.40:694][  0]LogModuleManager: Shutting down and abandoning module MeshUtilities (228)
[2023.05.04-17.18.40:709][  0]LogModuleManager: Shutting down and abandoning module MeshMergeUtilities (227)
[2023.05.04-17.18.40:739][  0]LogModuleManager: Shutting down and abandoning module MeshReductionInterface (226)
[2023.05.04-17.18.40:739][  0]LogModuleManager: Shutting down and abandoning module MeshBoneReduction (225)
[2023.05.04-17.18.40:768][  0]LogModuleManager: Shutting down and abandoning module SkeletalMeshReduction (223)
[2023.05.04-17.18.40:789][  0]LogModuleManager: Shutting down and abandoning module ProxyLODMeshReduction (221)
[2023.05.04-17.18.40:828][  0]LogModuleManager: Shutting down and abandoning module QuadricMeshReduction (219)
[2023.05.04-17.18.40:852][  0]LogModuleManager: Shutting down and abandoning module MaterialBaking (215)
[2023.05.04-17.18.40:892][  0]LogModuleManager: Shutting down and abandoning module DirectoryWatcher (211)
[2023.05.04-17.18.40:893][  0]LogModuleManager: Shutting down and abandoning module NullInstallBundleManager (208)
[2023.05.04-17.18.40:893][  0]LogModuleManager: Shutting down and abandoning module DerivedDataCache (206)
[2023.05.04-17.18.40:919][  0]LogModuleManager: Shutting down and abandoning module TargetPlatform (204)
[2023.05.04-17.18.40:943][  0]LogModuleManager: Shutting down and abandoning module VulkanShaderFormat (203)
[2023.05.04-17.18.41:056][  0]LogModuleManager: Shutting down and abandoning module ShaderFormatVectorVM (201)
[2023.05.04-17.18.41:093][  0]LogModuleManager: Shutting down and abandoning module ShaderFormatOpenGL (199)
[2023.05.04-17.18.41:117][  0]LogModuleManager: Shutting down and abandoning module ShaderFormatD3D (197)
[2023.05.04-17.18.41:138][  0]LogModuleManager: Shutting down and abandoning module MetalShaderFormat (195)
[2023.05.04-17.18.41:157][  0]LogModuleManager: Shutting down and abandoning module TextureFormatOodle (193)
[2023.05.04-17.18.41:175][  0]LogModuleManager: Shutting down and abandoning module TextureFormatUncompressed (191)
[2023.05.04-17.18.41:175][  0]LogModuleManager: Shutting down and abandoning module TextureFormatPVR (189)
[2023.05.04-17.18.41:175][  0]LogModuleManager: Shutting down and abandoning module TextureFormatETC2 (187)
[2023.05.04-17.18.41:175][  0]LogModuleManager: Shutting down and abandoning module TextureFormatDXT (185)
[2023.05.04-17.18.41:205][  0]LogModuleManager: Shutting down and abandoning module TextureFormatIntelISPCTexComp (183)
[2023.05.04-17.18.41:207][  0]LogModuleManager: Shutting down and abandoning module TextureFormatASTC (181)
[2023.05.04-17.18.41:207][  0]LogModuleManager: Shutting down and abandoning module ImageWrapper (180)
[2023.05.04-17.18.41:207][  0]LogModuleManager: Shutting down and abandoning module AudioFormatOpus (177)
[2023.05.04-17.18.41:207][  0]LogModuleManager: Shutting down and abandoning module AudioFormatOgg (175)
[2023.05.04-17.18.41:207][  0]LogModuleManager: Shutting down and abandoning module AudioFormatADPCM (173)
[2023.05.04-17.18.41:246][  0]LogModuleManager: Shutting down and abandoning module WindowsServerTargetPlatform (171)
[2023.05.04-17.18.41:246][  0]LogModuleManager: Shutting down and abandoning module WindowsClientTargetPlatform (169)
[2023.05.04-17.18.41:246][  0]LogModuleManager: Shutting down and abandoning module WindowsTargetPlatform (167)
[2023.05.04-17.18.41:246][  0]LogModuleManager: Shutting down and abandoning module WindowsNoEditorTargetPlatform (165)
[2023.05.04-17.18.41:246][  0]LogModuleManager: Shutting down and abandoning module TVOSTargetPlatform (163)
[2023.05.04-17.18.41:246][  0]LogModuleManager: Shutting down and abandoning module MacServerTargetPlatform (161)
[2023.05.04-17.18.41:246][  0]LogModuleManager: Shutting down and abandoning module MacClientTargetPlatform (159)
[2023.05.04-17.18.41:268][  0]LogModuleManager: Shutting down and abandoning module MacTargetPlatform (157)
[2023.05.04-17.18.41:268][  0]LogModuleManager: Shutting down and abandoning module MacNoEditorTargetPlatform (155)
[2023.05.04-17.18.41:286][  0]LogModuleManager: Shutting down and abandoning module LuminTargetPlatform (153)
[2023.05.04-17.18.41:286][  0]LogModuleManager: Shutting down and abandoning module LinuxAArch64ServerTargetPlatform (151)
[2023.05.04-17.18.41:286][  0]LogModuleManager: Shutting down and abandoning module LinuxAArch64ClientTargetPlatform (149)
[2023.05.04-17.18.41:286][  0]LogModuleManager: Shutting down and abandoning module LinuxAArch64NoEditorTargetPlatform (147)
[2023.05.04-17.18.41:286][  0]LogModuleManager: Shutting down and abandoning module LinuxServerTargetPlatform (145)
[2023.05.04-17.18.41:286][  0]LogModuleManager: Shutting down and abandoning module LinuxClientTargetPlatform (143)
[2023.05.04-17.18.41:286][  0]LogModuleManager: Shutting down and abandoning module LinuxNoEditorTargetPlatform (141)
[2023.05.04-17.18.41:286][  0]LogModuleManager: Shutting down and abandoning module LinuxTargetPlatform (139)
[2023.05.04-17.18.41:286][  0]LogModuleManager: Shutting down and abandoning module Messaging (137)
[2023.05.04-17.18.41:286][  0]LogModuleManager: Shutting down and abandoning module IOSTargetPlatform (135)
[2023.05.04-17.18.41:287][  0]LogModuleManager: Shutting down and abandoning module AndroidTargetPlatform (133)
[2023.05.04-17.18.41:291][  0]LogModuleManager: Shutting down and abandoning module AllDesktopTargetPlatform (131)
[2023.05.04-17.18.41:291][  0]LogModuleManager: Shutting down and abandoning module NullDrv (128)
[2023.05.04-17.18.41:291][  0]LogModuleManager: Shutting down and abandoning module PhysXCooking (126)
[2023.05.04-17.18.41:291][  0]LogModuleManager: Shutting down and abandoning module Chaos (124)
[2023.05.04-17.18.41:309][  0]LogModuleManager: Shutting down and abandoning module WindowsPlatformFeatures (122)
[2023.05.04-17.18.41:375][  0]LogModuleManager: Shutting down and abandoning module GameplayMediaEncoder (121)
[2023.05.04-17.18.41:398][  0]LogModuleManager: Shutting down and abandoning module AVEncoder (120)
[2023.05.04-17.18.41:426][  0]LogModuleManager: Shutting down and abandoning module ExampleDeviceProfileSelector (116)
[2023.05.04-17.18.41:426][  0]LogModuleManager: Shutting down and abandoning module SteamVRInputDevice (114)
[2023.05.04-17.18.41:426][  0]LogModuleManager: Shutting down and abandoning module SteamVRInput (112)
[2023.05.04-17.18.41:426][  0]LogModuleManager: Shutting down and abandoning module SteamVR (110)
[2023.05.04-17.18.41:457][  0]LogHMD: Freeing OpenVRDLLHandle.
[2023.05.04-17.18.41:457][  0]LogModuleManager: Shutting down and abandoning module OculusHMD (108)
[2023.05.04-17.18.41:482][  0]LogModuleManager: Shutting down and abandoning module OnlineBlueprintSupport (106)
[2023.05.04-17.18.41:482][  0]LogModuleManager: Shutting down and abandoning module OnlineSubsystem (102)
[2023.05.04-17.18.41:659][  0]LogModuleManager: Shutting down and abandoning module XMPP (97)
[2023.05.04-17.18.41:672][  0]LogModuleManager: Shutting down and abandoning module WebSockets (96)
[2023.05.04-17.18.41:719][  0]LogModuleManager: Shutting down and abandoning module HTTP (93)
[2023.05.04-17.18.41:719][  0]LogHttp: Display: cleaning up 0 outstanding Http requests.
[2023.05.04-17.18.41:745][  0]LogModuleManager: Shutting down and abandoning module SSL (92)
[2023.05.04-17.18.41:748][  0]LogModuleManager: Shutting down and abandoning module OpenXRHandTracking (88)
[2023.05.04-17.18.41:748][  0]LogModuleManager: Shutting down and abandoning module OpenXREyeTracker (86)
[2023.05.04-17.18.41:748][  0]LogModuleManager: Shutting down and abandoning module OpenXRAR (84)
[2023.05.04-17.18.41:772][  0]LogModuleManager: Shutting down and abandoning module AugmentedReality (83)
[2023.05.04-17.18.41:772][  0]LogModuleManager: Shutting down and abandoning module OpenXRHMD (80)
[2023.05.04-17.18.41:778][  0]LogModuleManager: Shutting down and abandoning module ChunkDownloader (78)
[2023.05.04-17.18.41:808][  0]LogModuleManager: Shutting down and abandoning module LauncherChunkInstaller (76)
[2023.05.04-17.18.41:808][  0]LogModuleManager: Shutting down and abandoning module WmfMedia (74)
[2023.05.04-17.18.41:845][  0]LogModuleManager: Shutting down and abandoning module Media (73)
[2023.05.04-17.18.41:846][  0]LogModuleManager: Shutting down and abandoning module MediaInfo (72)
[2023.05.04-17.18.41:846][  0]LogModuleManager: Shutting down and abandoning module ExrReaderGpu (68)
[2023.05.04-17.18.41:867][  0]LogModuleManager: Shutting down and abandoning module MLSDK (66)
[2023.05.04-17.18.41:884][  0]LogModuleManager: Shutting down and abandoning module MagicLeap (64)
[2023.05.04-17.18.41:884][  0]LogModuleManager: Shutting down and abandoning module ChaosCloth (62)
[2023.05.04-17.18.41:902][  0]LogModuleManager: Shutting down and abandoning module NiagaraVertexFactories (60)
[2023.05.04-17.18.41:902][  0]LogModuleManager: Shutting down and abandoning module NiagaraShader (58)
[2023.05.04-17.18.41:902][  0]LogModuleManager: Shutting down and abandoning module VariantManagerContent (56)
[2023.05.04-17.18.41:902][  0]LogModuleManager: Shutting down and abandoning module DatasmithContent (54)
[2023.05.04-17.18.41:902][  0]LogModuleManager: Shutting down and abandoning module PixWinPlugin (52)
[2023.05.04-17.18.41:921][  0]LogModuleManager: Shutting down and abandoning module AISupportModule (50)
[2023.05.04-17.18.41:921][  0]LogModuleManager: Shutting down and abandoning module DesktopPlatform (48)
[2023.05.04-17.18.41:921][  0]LogModuleManager: Shutting down and abandoning module PlatformCryptoOpenSSL (46)
[2023.05.04-17.18.41:930][  0]LogModuleManager: Shutting down and abandoning module PlatformCryptoTypes (44)
[2023.05.04-17.18.41:930][  0]LogModuleManager: Shutting down and abandoning module PlatformCrypto (42)
[2023.05.04-17.18.41:930][  0]LogModuleManager: Shutting down and abandoning module PythonScriptPluginPreload (40)
[2023.05.04-17.18.41:930][  0]LogModuleManager: Shutting down and abandoning module OodleDataCompressionFormat (38)
[2023.05.04-17.18.41:971][  0]LogModuleManager: Shutting down and abandoning module XGEController (36)
[2023.05.04-17.18.41:989][  0]LogModuleManager: Shutting down and abandoning module AnimationModifiers (34)
[2023.05.04-17.18.42:001][  0]LogModuleManager: Shutting down and abandoning module AudioEditor (32)
[2023.05.04-17.18.42:011][  0]LogModuleManager: Shutting down and abandoning module PropertyEditor (31)
[2023.05.04-17.18.42:018][  0]LogModuleManager: Shutting down and abandoning module TextureCompressor (28)
[2023.05.04-17.18.42:038][  0]LogModuleManager: Shutting down and abandoning module RenderCore (26)
[2023.05.04-17.18.42:038][  0]LogModuleManager: Shutting down and abandoning module Landscape (24)
[2023.05.04-17.18.42:038][  0]LogModuleManager: Shutting down and abandoning module SlateRHIRenderer (22)
[2023.05.04-17.18.42:038][  0]LogModuleManager: Shutting down and abandoning module AnimGraphRuntime (20)
[2023.05.04-17.18.42:060][  0]LogModuleManager: Shutting down and abandoning module Renderer (18)
[2023.05.04-17.18.42:075][  0]LogModuleManager: Shutting down and abandoning module Engine (16)
[2023.05.04-17.18.42:075][  0]LogModuleManager: Shutting down and abandoning module CoreUObject (14)
[2023.05.04-17.18.42:075][  0]LogModuleManager: Shutting down and abandoning module NetworkFile (12)
[2023.05.04-17.18.42:088][  0]LogModuleManager: Shutting down and abandoning module CookedIterativeFile (10)
[2023.05.04-17.18.42:088][  0]LogModuleManager: Shutting down and abandoning module StreamingFile (8)
[2023.05.04-17.18.42:100][  0]LogModuleManager: Shutting down and abandoning module SandboxFile (6)
[2023.05.04-17.18.42:114][  0]LogModuleManager: Shutting down and abandoning module PakFile (4)
[2023.05.04-17.18.42:127][  0]LogModuleManager: Shutting down and abandoning module RSA (3)
[2023.05.04-17.18.42:502][  0]LogContentStreaming: Display: There are 1 unreleased StreamingManagers
[2023.05.04-17.18.42:561][  0]LogExit: Exiting.
[2023.05.04-17.18.42:572][  0]Log file closed, 05/04/23 18:18:42
