Log file open, 03/10/23 06:01:38
LogWindows: Failed to load 'aqProf.dll' (GetLastError=126)
LogWindows: File 'aqProf.dll' does not exist
LogWindows: Failed to load 'VtuneApi.dll' (GetLastError=126)
LogWindows: File 'VtuneApi.dll' does not exist
LogWindows: Failed to load 'VtuneApi32e.dll' (GetLastError=126)
LogWindows: File 'VtuneApi32e.dll' does not exist
LogConsoleResponse: Display: Failed to find resolution value strings in scalability ini. Falling back to default.
LogConsoleResponse: Display: Failed to find resolution value strings in scalability ini. Falling back to default.
LogInit: Display: Running engine for game: Twonic
LogPlatformFile: Not using cached read wrapper
LogTaskGraph: Started task graph with 5 named threads and 23 total threads with 3 sets of task threads.
LogStats: Stats thread started at 0.296669
LogICUInternationalization: ICU TimeZone Detection - Raw Offset: +0:00, Platform Override: ''
LogInit: Display: Loading text-based GConfig....
LogPluginManager: Mounting plugin MeshPainting
LogPluginManager: Mounting plugin XGEController
LogPluginManager: Mounting plugin Paper2D
LogPluginManager: Mounting plugin AISupport
LogPluginManager: Mounting plugin EnvironmentQueryEditor
LogPluginManager: Mounting plugin LightPropagationVolume
LogPluginManager: Mounting plugin LiveLink
LogPluginManager: Mounting plugin OodleNetwork
LogPluginManager: Mounting plugin OodleData
LogPluginManager: Mounting plugin GameplayCameras
LogPluginManager: Mounting plugin CameraShakePreviewer
LogPluginManager: Mounting plugin AssetManagerEditor
LogPluginManager: Mounting plugin CryptoKeys
LogPluginManager: Mounting plugin CurveEditorTools
LogPluginManager: Mounting plugin DataValidation
LogPluginManager: Mounting plugin GameplayTagsEditor
LogPluginManager: Mounting plugin GeometryMode
LogPluginManager: Mounting plugin AnimationSharing
LogPluginManager: Mounting plugin CLionSourceCodeAccess
LogPluginManager: Mounting plugin MaterialAnalyzer
LogPluginManager: Mounting plugin MacGraphicsSwitching
LogPluginManager: Mounting plugin MobileLauncherProfileWizard
LogPluginManager: Mounting plugin PluginBrowser
LogPluginManager: Mounting plugin SpeedTreeImporter
LogPluginManager: Mounting plugin CodeLiteSourceCodeAccess
LogPluginManager: Mounting plugin GitSourceControl
LogPluginManager: Mounting plugin FacialAnimation
LogPluginManager: Mounting plugin DatasmithContent
LogPluginManager: Mounting plugin KDevelopSourceCodeAccess
LogPluginManager: Mounting plugin NullSourceCodeAccess
LogPluginManager: Mounting plugin AlembicImporter
LogPluginManager: Mounting plugin PerforceSourceControl
LogPluginManager: Mounting plugin PixWinPlugin
LogPluginManager: Mounting plugin AutomationUtils
LogPluginManager: Mounting plugin BackChannel
LogPluginManager: Mounting plugin PlasticSourceControl
LogPluginManager: Mounting plugin PropertyAccessNode
LogPluginManager: Mounting plugin PluginUtils
LogPluginManager: Mounting plugin RiderSourceCodeAccess
LogPluginManager: Mounting plugin ChaosClothEditor
LogPluginManager: Mounting plugin ChaosEditor
LogPluginManager: Mounting plugin SubversionSourceControl
LogPluginManager: Mounting plugin ChaosNiagara
LogPluginManager: Mounting plugin VariantManagerContent
LogPluginManager: Mounting plugin Niagara
LogPluginManager: Mounting plugin TextureFormatOodle
LogPluginManager: Mounting plugin ChaosSolverPlugin
LogPluginManager: Mounting plugin VisualStudioCodeSourceCodeAccess
LogPluginManager: Mounting plugin UObjectPlugin
LogPluginManager: Mounting plugin VisualStudioSourceCodeAccess
LogPluginManager: Mounting plugin XCodeSourceCodeAccess
LogPluginManager: Mounting plugin CharacterAI
LogPluginManager: Mounting plugin ChaosCloth
LogPluginManager: Mounting plugin GeometryCache
LogPluginManager: Mounting plugin GeometryCollectionPlugin
LogPluginManager: Mounting plugin GeometryProcessing
LogPluginManager: Mounting plugin MotoSynth
LogPluginManager: Mounting plugin OpenImageDenoise
LogPluginManager: Mounting plugin PlanarCut
LogPluginManager: Mounting plugin PlatformCrypto
LogPluginManager: Mounting plugin ProxyLODPlugin
LogPluginManager: Mounting plugin PythonScriptPlugin
LogPluginManager: Mounting plugin SkeletalReduction
LogPluginManager: Mounting plugin AndroidMedia
LogPluginManager: Mounting plugin AvfMedia
LogPluginManager: Mounting plugin MagicLeap
LogPluginManager: Mounting plugin LuminPlatformFeatures
LogPluginManager: Mounting plugin MagicLeapLightEstimation
LogPluginManager: Mounting plugin MagicLeapMedia
LogPluginManager: Mounting plugin ImgMedia
LogPluginManager: Mounting plugin MagicLeapPassableWorld
LogPluginManager: Mounting plugin MediaCompositing
LogPluginManager: Mounting plugin TcpMessaging
LogPluginManager: Mounting plugin UdpMessaging
LogPluginManager: Mounting plugin MediaPlayerEditor
LogPluginManager: Mounting plugin WmfMedia
LogPluginManager: Mounting plugin WebMMedia
LogPluginManager: Mounting plugin MLSDK
LogPluginManager: Mounting plugin ActorSequence
LogPluginManager: Mounting plugin MatineeToLevelSequence
LogPluginManager: Mounting plugin LevelSequenceEditor
LogPluginManager: Mounting plugin TemplateSequence
LogPluginManager: Mounting plugin OnlineSubsystem
LogPluginManager: Mounting plugin OnlineSubsystemNull
LogPluginManager: Mounting plugin LauncherChunkInstaller
LogPluginManager: Mounting plugin OnlineSubsystemUtils
LogPluginManager: Mounting plugin ActorLayerUtilities
LogPluginManager: Mounting plugin AndroidDeviceProfileSelector
LogPluginManager: Mounting plugin AndroidMoviePlayer
LogPluginManager: Mounting plugin AndroidPermission
LogPluginManager: Mounting plugin AppleImageUtils
LogPluginManager: Mounting plugin AppleMoviePlayer
LogPluginManager: Mounting plugin ArchVisCharacter
LogPluginManager: Mounting plugin AssetTags
LogPluginManager: Mounting plugin AudioCapture
LogPluginManager: Mounting plugin AudioSynesthesia
LogPluginManager: Mounting plugin ChunkDownloader
LogPluginManager: Mounting plugin CustomMeshComponent
LogPluginManager: Mounting plugin CableComponent
LogPluginManager: Mounting plugin EditableMesh
LogPluginManager: Mounting plugin ExampleDeviceProfileSelector
LogPluginManager: Mounting plugin GooglePAD
LogPluginManager: Mounting plugin GoogleCloudMessaging
LogPluginManager: Mounting plugin IOSDeviceProfileSelector
LogPluginManager: Mounting plugin LinuxDeviceProfileSelector
LogPluginManager: Mounting plugin LocationServicesBPLibrary
LogPluginManager: Mounting plugin MobilePatchingUtils
LogPluginManager: Mounting plugin OpenXR
LogPluginManager: Mounting plugin OpenXREyeTracker
LogPluginManager: Mounting plugin ScreenshotTools
LogPluginManager: Mounting plugin OpenXRHandTracking
LogPluginManager: Mounting plugin PhysXVehicles
LogPluginManager: Mounting plugin PostSplashScreen
LogPluginManager: Mounting plugin ProceduralMeshComponent
LogPluginManager: Mounting plugin PropertyAccessEditor
LogPluginManager: Mounting plugin RuntimePhysXCooking
LogPluginManager: Mounting plugin SignificanceManager
LogPluginManager: Mounting plugin SoundFields
LogPluginManager: Mounting plugin Synthesis
LogPluginManager: Mounting plugin Takes
LogPluginManager: Mounting plugin WebMMoviePlayer
LogPluginManager: Mounting plugin WindowsMoviePlayer
LogPluginManager: Mounting plugin ContentBrowserAssetDataSource
LogPluginManager: Mounting plugin ContentBrowserClassDataSource
LogPluginManager: Mounting plugin ContentBrowserFileDataSource
LogPluginManager: Mounting plugin OnlineSubsystemGooglePlay
LogPluginManager: Mounting plugin OnlineSubsystemIOS
LogPluginManager: Mounting plugin OculusVR
LogPluginManager: Mounting plugin SteamVR
PixWinPlugin: PIX capture plugin failed to initialize! Check that the process is launched from PIX.
LogInit: Using libcurl 7.55.1-DEV
LogInit:  - built for x86_64-pc-win32
LogInit:  - supports SSL with OpenSSL/1.1.1
LogInit:  - supports HTTP deflate (compression) using libz 1.2.8
LogInit:  - other features:
LogInit:      CURL_VERSION_SSL
LogInit:      CURL_VERSION_LIBZ
LogInit:      CURL_VERSION_IPV6
LogInit:      CURL_VERSION_ASYNCHDNS
LogInit:      CURL_VERSION_LARGEFILE
LogInit:      CURL_VERSION_IDN
LogInit:  CurlRequestOptions (configurable via config and command line):
LogInit:  - bVerifyPeer = true  - Libcurl will verify peer certificate
LogInit:  - bUseHttpProxy = false  - Libcurl will NOT use HTTP proxy
LogInit:  - bDontReuseConnections = false  - Libcurl will reuse connections
LogInit:  - MaxHostConnections = 16  - Libcurl will limit the number of connections to a host
LogInit:  - LocalHostAddr = Default
LogInit:  - BufferSize = 65536
LogOnline: OSS: Creating online subsystem instance for: NULL
LogInit: WinSock: version 1.1 (2.2), MaxSocks=32767, MaxUdp=65467
LogOnline: OSS: TryLoadSubsystemAndSetDefault: Loaded subsystem for module [NULL]
LogInit: Build: ++UE4+Release-4.27-CL-18319896
LogInit: Engine Version: 4.27.2-18319896+++UE4+Release-4.27
LogInit: Compatible Engine Version: 4.27.0-17155196+++UE4+Release-4.27
LogInit: Net CL: 17155196
LogInit: OS: Windows 10 (Release 2009) (), CPU: Intel(R) Core(TM) i5-8300H CPU @ 2.30GHz, GPU: NVIDIA GeForce GTX 1060
LogInit: Compiled (64-bit): Nov 30 2021 07:12:08
LogInit: Compiled with Visual C++: 19.24.28315.00
LogInit: Build Configuration: Development
LogInit: Branch Name: ++UE4+Release-4.27
LogInit: Command Line:  C:/Users/emmyt/OneDrive/Documents/GitHub/-Journeyman-Twonic---Alpha-Team/Twonic/Twonic.uproject -run=GatherText -config=Config/Localization/Game_Compile.ini
LogInit: Base Directory: D:/Epic Games/UE_4.27/Engine/Binaries/Win64/
LogInit: Allocator: TBB
LogInit: Installed Engine Build: 1
LogDevObjectVersion: Number of dev versions registered: 29
LogDevObjectVersion:   Dev-Blueprints (B0D832E4-1F89-4F0D-ACCF-7EB736FD4AA2): 10
LogDevObjectVersion:   Dev-Build (E1C64328-A22C-4D53-A36C-8E866417BD8C): 0
LogDevObjectVersion:   Dev-Core (375EC13C-06E4-48FB-B500-84F0262A717E): 4
LogDevObjectVersion:   Dev-Editor (E4B068ED-F494-42E9-A231-DA0B2E46BB41): 40
LogDevObjectVersion:   Dev-Framework (CFFC743F-43B0-4480-9391-14DF171D2073): 37
LogDevObjectVersion:   Dev-Mobile (B02B49B5-BB20-44E9-A304-32B752E40360): 3
LogDevObjectVersion:   Dev-Networking (A4E4105C-59A1-49B5-A7C5-40C4547EDFEE): 0
LogDevObjectVersion:   Dev-Online (39C831C9-5AE6-47DC-9A44-9C173E1C8E7C): 0
LogDevObjectVersion:   Dev-Physics (78F01B33-EBEA-4F98-B9B4-84EACCB95AA2): 14
LogDevObjectVersion:   Dev-Platform (6631380F-2D4D-43E0-8009-CF276956A95A): 0
LogDevObjectVersion:   Dev-Rendering (12F88B9F-8875-4AFC-A67C-D90C383ABD29): 45
LogDevObjectVersion:   Dev-Sequencer (7B5AE74C-D270-4C10-A958-57980B212A5A): 13
LogDevObjectVersion:   Dev-VR (D7296918-1DD6-4BDD-9DE2-64A83CC13884): 3
LogDevObjectVersion:   Dev-LoadTimes (C2A15278-BFE7-4AFE-6C17-90FF531DF755): 1
LogDevObjectVersion:   Private-Geometry (6EACA3D4-40EC-4CC1-B786-8BED09428FC5): 3
LogDevObjectVersion:   Dev-AnimPhys (29E575DD-E0A3-4627-9D10-D276232CDCEA): 17
LogDevObjectVersion:   Dev-Anim (AF43A65D-7FD3-4947-9873-3E8ED9C1BB05): 15
LogDevObjectVersion:   Dev-ReflectionCapture (6B266CEC-1EC7-4B8F-A30B-E4D90942FC07): 1
LogDevObjectVersion:   Dev-Automation (0DF73D61-A23F-47EA-B727-89E90C41499A): 1
LogDevObjectVersion:   FortniteMain (601D1886-AC64-4F84-AA16-D3DE0DEAC7D6): 47
LogDevObjectVersion:   FortniteRelease (E7086368-6B23-4C58-8439-1B7016265E91): 1
LogDevObjectVersion:   Dev-Enterprise (9DFFBCD6-494F-0158-E221-12823C92A888): 10
LogDevObjectVersion:   Dev-Niagara (F2AED0AC-9AFE-416F-8664-AA7FFA26D6FC): 1
LogDevObjectVersion:   Dev-Destruction (174F1F0B-B4C6-45A5-B13F-2EE8D0FB917D): 10
LogDevObjectVersion:   Dev-Physics-Ext (35F94A83-E258-406C-A318-09F59610247C): 41
LogDevObjectVersion:   Dev-PhysicsMaterial-Chaos (B68FC16E-8B1B-42E2-B453-215C058844FE): 1
LogDevObjectVersion:   Dev-CineCamera (B2E18506-4273-CFC2-A54E-F4BB758BBA07): 1
LogDevObjectVersion:   Dev-VirtualProduction (64F58936-FD1B-42BA-BA96-7289D5D0FA4E): 1
LogDevObjectVersion:   Dev-MediaFramework (6F0ED827-A609-4895-9C91-998D90180EA4): 2
LogInit: Presizing for max 25165824 objects, including 0 objects not considered by GC, pre-allocating 0 bytes for permanent pool.
LogConfig: Applying CVar settings from Section [/Script/Engine.StreamingSettings] File [C:/Users/emmyt/OneDrive/Documents/GitHub/-Journeyman-Twonic---Alpha-Team/Twonic/Saved/Config/Windows/Engine.ini]
LogConfig: Setting CVar [[s.MinBulkDataSizeForAsyncLoading:131072]]
LogConfig: Setting CVar [[s.AsyncLoadingThreadEnabled:0]]
LogConfig: Setting CVar [[s.EventDrivenLoaderEnabled:1]]
LogConfig: Setting CVar [[s.WarnIfTimeLimitExceeded:0]]
LogConfig: Setting CVar [[s.TimeLimitExceededMultiplier:1.5]]
LogConfig: Setting CVar [[s.TimeLimitExceededMinTime:0.005]]
LogConfig: Setting CVar [[s.UseBackgroundLevelStreaming:1]]
LogConfig: Setting CVar [[s.PriorityAsyncLoadingExtraTime:15.0]]
LogConfig: Setting CVar [[s.LevelStreamingActorsUpdateTimeLimit:5.0]]
LogConfig: Setting CVar [[s.PriorityLevelStreamingActorsUpdateExtraTime:5.0]]
LogConfig: Setting CVar [[s.LevelStreamingComponentsRegistrationGranularity:10]]
LogConfig: Setting CVar [[s.UnregisterComponentsTimeLimit:1.0]]
LogConfig: Setting CVar [[s.LevelStreamingComponentsUnregistrationGranularity:5]]
LogConfig: Setting CVar [[s.FlushStreamingOnExit:1]]
LogInit: Object subsystem initialized
LogConfig: Setting CVar [[con.DebugEarlyDefault:1]]
LogConfig: Setting CVar [[r.setres:1280x720]]
[2023.03.10-06.01.40:910][  0]LogConfig: Setting CVar [[con.DebugEarlyDefault:1]]
[2023.03.10-06.01.40:910][  0]LogConfig: Setting CVar [[r.setres:1280x720]]
[2023.03.10-06.01.40:910][  0]LogConfig: Applying CVar settings from Section [/Script/Engine.RendererSettings] File [C:/Users/emmyt/OneDrive/Documents/GitHub/-Journeyman-Twonic---Alpha-Team/Twonic/Saved/Config/Windows/Engine.ini]
[2023.03.10-06.01.40:910][  0]LogConfig: Setting CVar [[r.GPUCrashDebugging:0]]
[2023.03.10-06.01.40:910][  0]LogConfig: Setting CVar [[r.ForwardShading:0]]
[2023.03.10-06.01.40:910][  0]LogConfig: Applying CVar settings from Section [/Script/Engine.RendererOverrideSettings] File [C:/Users/emmyt/OneDrive/Documents/GitHub/-Journeyman-Twonic---Alpha-Team/Twonic/Saved/Config/Windows/Engine.ini]
[2023.03.10-06.01.40:910][  0]LogConfig: Applying CVar settings from Section [/Script/Engine.StreamingSettings] File [C:/Users/emmyt/OneDrive/Documents/GitHub/-Journeyman-Twonic---Alpha-Team/Twonic/Saved/Config/Windows/Engine.ini]
[2023.03.10-06.01.40:910][  0]LogConfig: Setting CVar [[s.MinBulkDataSizeForAsyncLoading:131072]]
[2023.03.10-06.01.40:910][  0]LogConfig: Setting CVar [[s.AsyncLoadingThreadEnabled:0]]
[2023.03.10-06.01.40:910][  0]LogConfig: Setting CVar [[s.EventDrivenLoaderEnabled:1]]
[2023.03.10-06.01.40:910][  0]LogConfig: Setting CVar [[s.WarnIfTimeLimitExceeded:0]]
[2023.03.10-06.01.40:910][  0]LogConfig: Setting CVar [[s.TimeLimitExceededMultiplier:1.5]]
[2023.03.10-06.01.40:910][  0]LogConfig: Setting CVar [[s.TimeLimitExceededMinTime:0.005]]
[2023.03.10-06.01.40:910][  0]LogConfig: Setting CVar [[s.UseBackgroundLevelStreaming:1]]
[2023.03.10-06.01.40:910][  0]LogConfig: Setting CVar [[s.PriorityAsyncLoadingExtraTime:15.0]]
[2023.03.10-06.01.40:910][  0]LogConfig: Setting CVar [[s.LevelStreamingActorsUpdateTimeLimit:5.0]]
[2023.03.10-06.01.40:910][  0]LogConfig: Setting CVar [[s.PriorityLevelStreamingActorsUpdateExtraTime:5.0]]
[2023.03.10-06.01.40:910][  0]LogConfig: Setting CVar [[s.LevelStreamingComponentsRegistrationGranularity:10]]
[2023.03.10-06.01.40:910][  0]LogConfig: Setting CVar [[s.UnregisterComponentsTimeLimit:1.0]]
[2023.03.10-06.01.40:910][  0]LogConfig: Setting CVar [[s.LevelStreamingComponentsUnregistrationGranularity:5]]
[2023.03.10-06.01.40:910][  0]LogConfig: Setting CVar [[s.FlushStreamingOnExit:1]]
[2023.03.10-06.01.40:910][  0]LogConfig: Applying CVar settings from Section [/Script/Engine.GarbageCollectionSettings] File [C:/Users/emmyt/OneDrive/Documents/GitHub/-Journeyman-Twonic---Alpha-Team/Twonic/Saved/Config/Windows/Engine.ini]
[2023.03.10-06.01.40:910][  0]LogConfig: Setting CVar [[gc.MaxObjectsNotConsideredByGC:1]]
[2023.03.10-06.01.40:910][  0]LogConfig: Setting CVar [[gc.SizeOfPermanentObjectPool:0]]
[2023.03.10-06.01.40:910][  0]LogConfig: Setting CVar [[gc.FlushStreamingOnGC:0]]
[2023.03.10-06.01.40:911][  0]LogConfig: Setting CVar [[gc.NumRetriesBeforeForcingGC:10]]
[2023.03.10-06.01.40:911][  0]LogConfig: Setting CVar [[gc.AllowParallelGC:1]]
[2023.03.10-06.01.40:911][  0]LogConfig: Setting CVar [[gc.TimeBetweenPurgingPendingKillObjects:61.1]]
[2023.03.10-06.01.40:911][  0]LogConfig: Setting CVar [[gc.MaxObjectsInEditor:25165824]]
[2023.03.10-06.01.40:911][  0]LogConfig: Setting CVar [[gc.IncrementalBeginDestroyEnabled:1]]
[2023.03.10-06.01.40:911][  0]LogConfig: Setting CVar [[gc.CreateGCClusters:1]]
[2023.03.10-06.01.40:911][  0]LogConfig: Setting CVar [[gc.MinGCClusterSize:5]]
[2023.03.10-06.01.40:911][  0]LogConfig: Setting CVar [[gc.ActorClusteringEnabled:0]]
[2023.03.10-06.01.40:911][  0]LogConfig: Setting CVar [[gc.BlueprintClusteringEnabled:0]]
[2023.03.10-06.01.40:911][  0]LogConfig: Setting CVar [[gc.UseDisregardForGCOnDedicatedServers:0]]
[2023.03.10-06.01.40:911][  0]LogConfig: Setting CVar [[gc.MultithreadedDestructionEnabled:1]]
[2023.03.10-06.01.40:911][  0]LogConfig: Applying CVar settings from Section [/Script/Engine.NetworkSettings] File [C:/Users/emmyt/OneDrive/Documents/GitHub/-Journeyman-Twonic---Alpha-Team/Twonic/Saved/Config/Windows/Engine.ini]
[2023.03.10-06.01.40:911][  0]LogConfig: Applying CVar settings from Section [/Script/UnrealEd.CookerSettings] File [C:/Users/emmyt/OneDrive/Documents/GitHub/-Journeyman-Twonic---Alpha-Team/Twonic/Saved/Config/Windows/Engine.ini]
[2023.03.10-06.01.40:911][  0]LogConfig: Applying CVar settings from Section [ViewDistanceQuality@3] File [C:/Users/emmyt/OneDrive/Documents/GitHub/-Journeyman-Twonic---Alpha-Team/Twonic/Saved/Config/Windows/Scalability.ini]
[2023.03.10-06.01.40:911][  0]LogConfig: Setting CVar [[r.SkeletalMeshLODBias:0]]
[2023.03.10-06.01.40:911][  0]LogConfig: Setting CVar [[r.ViewDistanceScale:1.0]]
[2023.03.10-06.01.40:911][  0]LogConfig: Applying CVar settings from Section [AntiAliasingQuality@3] File [C:/Users/emmyt/OneDrive/Documents/GitHub/-Journeyman-Twonic---Alpha-Team/Twonic/Saved/Config/Windows/Scalability.ini]
[2023.03.10-06.01.40:911][  0]LogConfig: Setting CVar [[r.PostProcessAAQuality:4]]
[2023.03.10-06.01.40:911][  0]LogConfig: Applying CVar settings from Section [ShadowQuality@3] File [C:/Users/emmyt/OneDrive/Documents/GitHub/-Journeyman-Twonic---Alpha-Team/Twonic/Saved/Config/Windows/Scalability.ini]
[2023.03.10-06.01.40:911][  0]LogConfig: Setting CVar [[r.LightFunctionQuality:1]]
[2023.03.10-06.01.40:911][  0]LogConfig: Setting CVar [[r.ShadowQuality:5]]
[2023.03.10-06.01.40:911][  0]LogConfig: Setting CVar [[r.Shadow.CSM.MaxCascades:10]]
[2023.03.10-06.01.40:911][  0]LogConfig: Setting CVar [[r.Shadow.MaxResolution:2048]]
[2023.03.10-06.01.40:911][  0]LogConfig: Setting CVar [[r.Shadow.MaxCSMResolution:2048]]
[2023.03.10-06.01.40:911][  0]LogConfig: Setting CVar [[r.Shadow.RadiusThreshold:0.01]]
[2023.03.10-06.01.40:911][  0]LogConfig: Setting CVar [[r.Shadow.DistanceScale:1.0]]
[2023.03.10-06.01.40:911][  0]LogConfig: Setting CVar [[r.Shadow.CSM.TransitionScale:1.0]]
[2023.03.10-06.01.40:911][  0]LogConfig: Setting CVar [[r.Shadow.PreShadowResolutionFactor:1.0]]
[2023.03.10-06.01.40:911][  0]LogConfig: Setting CVar [[r.DistanceFieldShadowing:1]]
[2023.03.10-06.01.40:911][  0]LogConfig: Setting CVar [[r.DistanceFieldAO:1]]
[2023.03.10-06.01.40:911][  0]LogConfig: Setting CVar [[r.AOQuality:2]]
[2023.03.10-06.01.40:911][  0]LogConfig: Setting CVar [[r.VolumetricFog:1]]
[2023.03.10-06.01.40:911][  0]LogConfig: Setting CVar [[r.VolumetricFog.GridPixelSize:8]]
[2023.03.10-06.01.40:911][  0]LogConfig: Setting CVar [[r.VolumetricFog.GridSizeZ:128]]
[2023.03.10-06.01.40:911][  0]LogConfig: Setting CVar [[r.VolumetricFog.HistoryMissSupersampleCount:4]]
[2023.03.10-06.01.40:911][  0]LogConfig: Setting CVar [[r.LightMaxDrawDistanceScale:1]]
[2023.03.10-06.01.40:911][  0]LogConfig: Setting CVar [[r.CapsuleShadows:1]]
[2023.03.10-06.01.40:911][  0]LogConfig: Applying CVar settings from Section [PostProcessQuality@3] File [C:/Users/emmyt/OneDrive/Documents/GitHub/-Journeyman-Twonic---Alpha-Team/Twonic/Saved/Config/Windows/Scalability.ini]
[2023.03.10-06.01.40:911][  0]LogConfig: Setting CVar [[r.MotionBlurQuality:4]]
[2023.03.10-06.01.40:911][  0]LogConfig: Setting CVar [[r.AmbientOcclusionMipLevelFactor:0.4]]
[2023.03.10-06.01.40:911][  0]LogConfig: Setting CVar [[r.AmbientOcclusionMaxQuality:100]]
[2023.03.10-06.01.40:911][  0]LogConfig: Setting CVar [[r.AmbientOcclusionLevels:-1]]
[2023.03.10-06.01.40:911][  0]LogConfig: Setting CVar [[r.AmbientOcclusionRadiusScale:1.0]]
[2023.03.10-06.01.40:911][  0]LogConfig: Setting CVar [[r.DepthOfFieldQuality:2]]
[2023.03.10-06.01.40:911][  0]LogConfig: Setting CVar [[r.RenderTargetPoolMin:400]]
[2023.03.10-06.01.40:911][  0]LogConfig: Setting CVar [[r.LensFlareQuality:2]]
[2023.03.10-06.01.40:911][  0]LogConfig: Setting CVar [[r.SceneColorFringeQuality:1]]
[2023.03.10-06.01.40:911][  0]LogConfig: Setting CVar [[r.EyeAdaptationQuality:2]]
[2023.03.10-06.01.40:911][  0]LogConfig: Setting CVar [[r.BloomQuality:5]]
[2023.03.10-06.01.40:911][  0]LogConfig: Setting CVar [[r.FastBlurThreshold:100]]
[2023.03.10-06.01.40:911][  0]LogConfig: Setting CVar [[r.Upscale.Quality:3]]
[2023.03.10-06.01.40:911][  0]LogConfig: Setting CVar [[r.Tonemapper.GrainQuantization:1]]
[2023.03.10-06.01.40:911][  0]LogConfig: Setting CVar [[r.LightShaftQuality:1]]
[2023.03.10-06.01.40:911][  0]LogConfig: Setting CVar [[r.Filter.SizeScale:1]]
[2023.03.10-06.01.40:911][  0]LogConfig: Setting CVar [[r.Tonemapper.Quality:5]]
[2023.03.10-06.01.40:911][  0]LogConfig: Setting CVar [[r.DOF.Gather.AccumulatorQuality:1        ; higher gathering accumulator quality]]
[2023.03.10-06.01.40:911][  0]LogConfig: Setting CVar [[r.DOF.Gather.PostfilterMethod:1          ; Median3x3 postfilering method]]
[2023.03.10-06.01.40:911][  0]LogConfig: Setting CVar [[r.DOF.Gather.EnableBokehSettings:0       ; no bokeh simulation when gathering]]
[2023.03.10-06.01.40:911][  0]LogConfig: Setting CVar [[r.DOF.Gather.RingCount:4                 ; medium number of samples when gathering]]
[2023.03.10-06.01.40:911][  0]LogConfig: Setting CVar [[r.DOF.Scatter.ForegroundCompositing:1    ; additive foreground scattering]]
[2023.03.10-06.01.40:911][  0]LogConfig: Setting CVar [[r.DOF.Scatter.BackgroundCompositing:2    ; additive background scattering]]
[2023.03.10-06.01.40:911][  0]LogConfig: Setting CVar [[r.DOF.Scatter.EnableBokehSettings:1      ; bokeh simulation when scattering]]
[2023.03.10-06.01.40:911][  0]LogConfig: Setting CVar [[r.DOF.Scatter.MaxSpriteRatio:0.1         ; only a maximum of 10% of scattered bokeh]]
[2023.03.10-06.01.40:911][  0]LogConfig: Setting CVar [[r.DOF.Recombine.Quality:1                ; cheap slight out of focus]]
[2023.03.10-06.01.40:911][  0]LogConfig: Setting CVar [[r.DOF.Recombine.EnableBokehSettings:0    ; no bokeh simulation on slight out of focus]]
[2023.03.10-06.01.40:911][  0]LogConfig: Setting CVar [[r.DOF.TemporalAAQuality:1                ; more stable temporal accumulation]]
[2023.03.10-06.01.40:911][  0]LogConfig: Setting CVar [[r.DOF.Kernel.MaxForegroundRadius:0.025]]
[2023.03.10-06.01.40:911][  0]LogConfig: Setting CVar [[r.DOF.Kernel.MaxBackgroundRadius:0.025]]
[2023.03.10-06.01.40:911][  0]LogConfig: Applying CVar settings from Section [TextureQuality@3] File [C:/Users/emmyt/OneDrive/Documents/GitHub/-Journeyman-Twonic---Alpha-Team/Twonic/Saved/Config/Windows/Scalability.ini]
[2023.03.10-06.01.40:911][  0]LogConfig: Setting CVar [[r.Streaming.MipBias:0]]
[2023.03.10-06.01.40:911][  0]LogConfig: Setting CVar [[r.Streaming.AmortizeCPUToGPUCopy:0]]
[2023.03.10-06.01.40:911][  0]LogConfig: Setting CVar [[r.Streaming.MaxNumTexturesToStreamPerFrame:0]]
[2023.03.10-06.01.40:912][  0]LogConfig: Setting CVar [[r.Streaming.Boost:1]]
[2023.03.10-06.01.40:912][  0]LogConfig: Setting CVar [[r.MaxAnisotropy:8]]
[2023.03.10-06.01.40:912][  0]LogConfig: Setting CVar [[r.VT.MaxAnisotropy:8]]
[2023.03.10-06.01.40:912][  0]LogConfig: Setting CVar [[r.Streaming.LimitPoolSizeToVRAM:0]]
[2023.03.10-06.01.40:912][  0]LogConfig: Setting CVar [[r.Streaming.PoolSize:1000]]
[2023.03.10-06.01.40:912][  0]LogConfig: Setting CVar [[r.Streaming.MaxEffectiveScreenSize:0]]
[2023.03.10-06.01.40:912][  0]LogConfig: Applying CVar settings from Section [EffectsQuality@3] File [C:/Users/emmyt/OneDrive/Documents/GitHub/-Journeyman-Twonic---Alpha-Team/Twonic/Saved/Config/Windows/Scalability.ini]
[2023.03.10-06.01.40:912][  0]LogConfig: Setting CVar [[r.TranslucencyLightingVolumeDim:64]]
[2023.03.10-06.01.40:912][  0]LogConfig: Setting CVar [[r.RefractionQuality:2]]
[2023.03.10-06.01.40:912][  0]LogConfig: Setting CVar [[r.SSR.Quality:3]]
[2023.03.10-06.01.40:912][  0]LogConfig: Setting CVar [[r.SSR.HalfResSceneColor:0]]
[2023.03.10-06.01.40:912][  0]LogConfig: Setting CVar [[r.SceneColorFormat:4]]
[2023.03.10-06.01.40:912][  0]LogConfig: Setting CVar [[r.DetailMode:2]]
[2023.03.10-06.01.40:912][  0]LogConfig: Setting CVar [[r.TranslucencyVolumeBlur:1]]
[2023.03.10-06.01.40:912][  0]LogConfig: Setting CVar [[r.MaterialQualityLevel:1 ; High quality]]
[2023.03.10-06.01.40:912][  0]LogConfig: Setting CVar [[r.AnisotropicMaterials:1]]
[2023.03.10-06.01.40:912][  0]LogConfig: Setting CVar [[r.SSS.Scale:1]]
[2023.03.10-06.01.40:912][  0]LogConfig: Setting CVar [[r.SSS.SampleSet:2]]
[2023.03.10-06.01.40:912][  0]LogConfig: Setting CVar [[r.SSS.Quality:1]]
[2023.03.10-06.01.40:912][  0]LogConfig: Setting CVar [[r.SSS.HalfRes:0]]
[2023.03.10-06.01.40:912][  0]LogConfig: Setting CVar [[r.SSGI.Quality:3]]
[2023.03.10-06.01.40:912][  0]LogConfig: Setting CVar [[r.EmitterSpawnRateScale:1.0]]
[2023.03.10-06.01.40:912][  0]LogConfig: Setting CVar [[r.ParticleLightQuality:2]]
[2023.03.10-06.01.40:912][  0]LogConfig: Setting CVar [[r.SkyAtmosphere.AerialPerspectiveLUT.FastApplyOnOpaque:1 ; Always have FastSkyLUT 1 in this case to avoid wrong sky]]
[2023.03.10-06.01.40:912][  0]LogConfig: Setting CVar [[r.SkyAtmosphere.AerialPerspectiveLUT.SampleCountMaxPerSlice:4]]
[2023.03.10-06.01.40:912][  0]LogConfig: Setting CVar [[r.SkyAtmosphere.AerialPerspectiveLUT.DepthResolution:16.0]]
[2023.03.10-06.01.40:912][  0]LogConfig: Setting CVar [[r.SkyAtmosphere.FastSkyLUT:1]]
[2023.03.10-06.01.40:912][  0]LogConfig: Setting CVar [[r.SkyAtmosphere.FastSkyLUT.SampleCountMin:4.0]]
[2023.03.10-06.01.40:912][  0]LogConfig: Setting CVar [[r.SkyAtmosphere.FastSkyLUT.SampleCountMax:128.0]]
[2023.03.10-06.01.40:912][  0]LogConfig: Setting CVar [[r.SkyAtmosphere.SampleCountMin:4.0]]
[2023.03.10-06.01.40:912][  0]LogConfig: Setting CVar [[r.SkyAtmosphere.SampleCountMax:128.0]]
[2023.03.10-06.01.40:912][  0]LogConfig: Setting CVar [[r.SkyAtmosphere.TransmittanceLUT.UseSmallFormat:0]]
[2023.03.10-06.01.40:912][  0]LogConfig: Setting CVar [[r.SkyAtmosphere.TransmittanceLUT.SampleCount:10.0]]
[2023.03.10-06.01.40:912][  0]LogConfig: Setting CVar [[r.SkyAtmosphere.MultiScatteringLUT.SampleCount:15.0]]
[2023.03.10-06.01.40:912][  0]LogConfig: Setting CVar [[r.SkyLight.RealTimeReflectionCapture:1]]
[2023.03.10-06.01.40:912][  0]LogConfig: Applying CVar settings from Section [FoliageQuality@3] File [C:/Users/emmyt/OneDrive/Documents/GitHub/-Journeyman-Twonic---Alpha-Team/Twonic/Saved/Config/Windows/Scalability.ini]
[2023.03.10-06.01.40:912][  0]LogConfig: Setting CVar [[foliage.DensityScale:1.0]]
[2023.03.10-06.01.40:912][  0]LogConfig: Setting CVar [[grass.DensityScale:1.0]]
[2023.03.10-06.01.40:912][  0]LogConfig: Applying CVar settings from Section [ShadingQuality@3] File [C:/Users/emmyt/OneDrive/Documents/GitHub/-Journeyman-Twonic---Alpha-Team/Twonic/Saved/Config/Windows/Scalability.ini]
[2023.03.10-06.01.40:912][  0]LogConfig: Setting CVar [[r.HairStrands.SkyLighting.IntegrationType:2]]
[2023.03.10-06.01.40:913][  0]LogConfig: Setting CVar [[r.HairStrands.SkyAO.SampleCount:4]]
[2023.03.10-06.01.40:913][  0]LogConfig: Setting CVar [[r.HairStrands.Visibility.MSAA.SamplePerPixel:4]]
[2023.03.10-06.01.40:933][  0]LogInit: Selected Device Profile: [Windows]
[2023.03.10-06.01.40:933][  0]LogInit: Applying CVar settings loaded from the selected device profile: [Windows]
[2023.03.10-06.01.40:933][  0]LogHAL: Display: Platform has ~ 8 GB [8464343040 / 8589934592 / 8], which maps to Default [LargestMinGB=32, LargerMinGB=12, DefaultMinGB=8, SmallerMinGB=6, SmallestMinGB=0)
[2023.03.10-06.01.40:933][  0]LogInit: Going up to parent DeviceProfile []
[2023.03.10-06.01.40:933][  0]LogConfig: Applying CVar settings from Section [ViewDistanceQuality@3] File [C:/Users/emmyt/OneDrive/Documents/GitHub/-Journeyman-Twonic---Alpha-Team/Twonic/Saved/Config/Windows/Scalability.ini]
[2023.03.10-06.01.40:933][  0]LogConfig: Setting CVar [[r.SkeletalMeshLODBias:0]]
[2023.03.10-06.01.40:933][  0]LogConfig: Setting CVar [[r.ViewDistanceScale:1.0]]
[2023.03.10-06.01.40:933][  0]LogConfig: Applying CVar settings from Section [AntiAliasingQuality@3] File [C:/Users/emmyt/OneDrive/Documents/GitHub/-Journeyman-Twonic---Alpha-Team/Twonic/Saved/Config/Windows/Scalability.ini]
[2023.03.10-06.01.40:933][  0]LogConfig: Setting CVar [[r.PostProcessAAQuality:4]]
[2023.03.10-06.01.40:933][  0]LogConfig: Applying CVar settings from Section [ShadowQuality@3] File [C:/Users/emmyt/OneDrive/Documents/GitHub/-Journeyman-Twonic---Alpha-Team/Twonic/Saved/Config/Windows/Scalability.ini]
[2023.03.10-06.01.40:933][  0]LogConfig: Setting CVar [[r.LightFunctionQuality:1]]
[2023.03.10-06.01.40:933][  0]LogConfig: Setting CVar [[r.ShadowQuality:5]]
[2023.03.10-06.01.40:933][  0]LogConfig: Setting CVar [[r.Shadow.CSM.MaxCascades:10]]
[2023.03.10-06.01.40:933][  0]LogConfig: Setting CVar [[r.Shadow.MaxResolution:2048]]
[2023.03.10-06.01.40:933][  0]LogConfig: Setting CVar [[r.Shadow.MaxCSMResolution:2048]]
[2023.03.10-06.01.40:933][  0]LogConfig: Setting CVar [[r.Shadow.RadiusThreshold:0.01]]
[2023.03.10-06.01.40:933][  0]LogConfig: Setting CVar [[r.Shadow.DistanceScale:1.0]]
[2023.03.10-06.01.40:933][  0]LogConfig: Setting CVar [[r.Shadow.CSM.TransitionScale:1.0]]
[2023.03.10-06.01.40:933][  0]LogConfig: Setting CVar [[r.Shadow.PreShadowResolutionFactor:1.0]]
[2023.03.10-06.01.40:933][  0]LogConfig: Setting CVar [[r.DistanceFieldShadowing:1]]
[2023.03.10-06.01.40:933][  0]LogConfig: Setting CVar [[r.DistanceFieldAO:1]]
[2023.03.10-06.01.40:933][  0]LogConfig: Setting CVar [[r.AOQuality:2]]
[2023.03.10-06.01.40:933][  0]LogConfig: Setting CVar [[r.VolumetricFog:1]]
[2023.03.10-06.01.40:933][  0]LogConfig: Setting CVar [[r.VolumetricFog.GridPixelSize:8]]
[2023.03.10-06.01.40:933][  0]LogConfig: Setting CVar [[r.VolumetricFog.GridSizeZ:128]]
[2023.03.10-06.01.40:933][  0]LogConfig: Setting CVar [[r.VolumetricFog.HistoryMissSupersampleCount:4]]
[2023.03.10-06.01.40:933][  0]LogConfig: Setting CVar [[r.LightMaxDrawDistanceScale:1]]
[2023.03.10-06.01.40:933][  0]LogConfig: Setting CVar [[r.CapsuleShadows:1]]
[2023.03.10-06.01.40:933][  0]LogConfig: Applying CVar settings from Section [PostProcessQuality@3] File [C:/Users/emmyt/OneDrive/Documents/GitHub/-Journeyman-Twonic---Alpha-Team/Twonic/Saved/Config/Windows/Scalability.ini]
[2023.03.10-06.01.40:933][  0]LogConfig: Setting CVar [[r.MotionBlurQuality:4]]
[2023.03.10-06.01.40:933][  0]LogConfig: Setting CVar [[r.AmbientOcclusionMipLevelFactor:0.4]]
[2023.03.10-06.01.40:933][  0]LogConfig: Setting CVar [[r.AmbientOcclusionMaxQuality:100]]
[2023.03.10-06.01.40:933][  0]LogConfig: Setting CVar [[r.AmbientOcclusionLevels:-1]]
[2023.03.10-06.01.40:933][  0]LogConfig: Setting CVar [[r.AmbientOcclusionRadiusScale:1.0]]
[2023.03.10-06.01.40:933][  0]LogConfig: Setting CVar [[r.DepthOfFieldQuality:2]]
[2023.03.10-06.01.40:933][  0]LogConfig: Setting CVar [[r.RenderTargetPoolMin:400]]
[2023.03.10-06.01.40:933][  0]LogConfig: Setting CVar [[r.LensFlareQuality:2]]
[2023.03.10-06.01.40:933][  0]LogConfig: Setting CVar [[r.SceneColorFringeQuality:1]]
[2023.03.10-06.01.40:933][  0]LogConfig: Setting CVar [[r.EyeAdaptationQuality:2]]
[2023.03.10-06.01.40:933][  0]LogConfig: Setting CVar [[r.BloomQuality:5]]
[2023.03.10-06.01.40:933][  0]LogConfig: Setting CVar [[r.FastBlurThreshold:100]]
[2023.03.10-06.01.40:933][  0]LogConfig: Setting CVar [[r.Upscale.Quality:3]]
[2023.03.10-06.01.40:933][  0]LogConfig: Setting CVar [[r.Tonemapper.GrainQuantization:1]]
[2023.03.10-06.01.40:933][  0]LogConfig: Setting CVar [[r.LightShaftQuality:1]]
[2023.03.10-06.01.40:933][  0]LogConfig: Setting CVar [[r.Filter.SizeScale:1]]
[2023.03.10-06.01.40:933][  0]LogConfig: Setting CVar [[r.Tonemapper.Quality:5]]
[2023.03.10-06.01.40:933][  0]LogConfig: Setting CVar [[r.DOF.Gather.AccumulatorQuality:1        ; higher gathering accumulator quality]]
[2023.03.10-06.01.40:933][  0]LogConfig: Setting CVar [[r.DOF.Gather.PostfilterMethod:1          ; Median3x3 postfilering method]]
[2023.03.10-06.01.40:934][  0]LogConfig: Setting CVar [[r.DOF.Gather.EnableBokehSettings:0       ; no bokeh simulation when gathering]]
[2023.03.10-06.01.40:934][  0]LogConfig: Setting CVar [[r.DOF.Gather.RingCount:4                 ; medium number of samples when gathering]]
[2023.03.10-06.01.40:934][  0]LogConfig: Setting CVar [[r.DOF.Scatter.ForegroundCompositing:1    ; additive foreground scattering]]
[2023.03.10-06.01.40:934][  0]LogConfig: Setting CVar [[r.DOF.Scatter.BackgroundCompositing:2    ; additive background scattering]]
[2023.03.10-06.01.40:934][  0]LogConfig: Setting CVar [[r.DOF.Scatter.EnableBokehSettings:1      ; bokeh simulation when scattering]]
[2023.03.10-06.01.40:934][  0]LogConfig: Setting CVar [[r.DOF.Scatter.MaxSpriteRatio:0.1         ; only a maximum of 10% of scattered bokeh]]
[2023.03.10-06.01.40:934][  0]LogConfig: Setting CVar [[r.DOF.Recombine.Quality:1                ; cheap slight out of focus]]
[2023.03.10-06.01.40:934][  0]LogConfig: Setting CVar [[r.DOF.Recombine.EnableBokehSettings:0    ; no bokeh simulation on slight out of focus]]
[2023.03.10-06.01.40:934][  0]LogConfig: Setting CVar [[r.DOF.TemporalAAQuality:1                ; more stable temporal accumulation]]
[2023.03.10-06.01.40:934][  0]LogConfig: Setting CVar [[r.DOF.Kernel.MaxForegroundRadius:0.025]]
[2023.03.10-06.01.40:934][  0]LogConfig: Setting CVar [[r.DOF.Kernel.MaxBackgroundRadius:0.025]]
[2023.03.10-06.01.40:934][  0]LogConfig: Applying CVar settings from Section [TextureQuality@3] File [C:/Users/emmyt/OneDrive/Documents/GitHub/-Journeyman-Twonic---Alpha-Team/Twonic/Saved/Config/Windows/Scalability.ini]
[2023.03.10-06.01.40:934][  0]LogConfig: Setting CVar [[r.Streaming.MipBias:0]]
[2023.03.10-06.01.40:934][  0]LogConfig: Setting CVar [[r.Streaming.AmortizeCPUToGPUCopy:0]]
[2023.03.10-06.01.40:934][  0]LogConfig: Setting CVar [[r.Streaming.MaxNumTexturesToStreamPerFrame:0]]
[2023.03.10-06.01.40:934][  0]LogConfig: Setting CVar [[r.Streaming.Boost:1]]
[2023.03.10-06.01.40:934][  0]LogConfig: Setting CVar [[r.MaxAnisotropy:8]]
[2023.03.10-06.01.40:934][  0]LogConfig: Setting CVar [[r.VT.MaxAnisotropy:8]]
[2023.03.10-06.01.40:934][  0]LogConfig: Setting CVar [[r.Streaming.LimitPoolSizeToVRAM:0]]
[2023.03.10-06.01.40:934][  0]LogConfig: Setting CVar [[r.Streaming.PoolSize:1000]]
[2023.03.10-06.01.40:934][  0]LogConfig: Setting CVar [[r.Streaming.MaxEffectiveScreenSize:0]]
[2023.03.10-06.01.40:934][  0]LogConfig: Applying CVar settings from Section [EffectsQuality@3] File [C:/Users/emmyt/OneDrive/Documents/GitHub/-Journeyman-Twonic---Alpha-Team/Twonic/Saved/Config/Windows/Scalability.ini]
[2023.03.10-06.01.40:934][  0]LogConfig: Setting CVar [[r.TranslucencyLightingVolumeDim:64]]
[2023.03.10-06.01.40:934][  0]LogConfig: Setting CVar [[r.RefractionQuality:2]]
[2023.03.10-06.01.40:934][  0]LogConfig: Setting CVar [[r.SSR.Quality:3]]
[2023.03.10-06.01.40:934][  0]LogConfig: Setting CVar [[r.SSR.HalfResSceneColor:0]]
[2023.03.10-06.01.40:934][  0]LogConfig: Setting CVar [[r.SceneColorFormat:4]]
[2023.03.10-06.01.40:934][  0]LogConfig: Setting CVar [[r.DetailMode:2]]
[2023.03.10-06.01.40:934][  0]LogConfig: Setting CVar [[r.TranslucencyVolumeBlur:1]]
[2023.03.10-06.01.40:934][  0]LogConfig: Setting CVar [[r.MaterialQualityLevel:1 ; High quality]]
[2023.03.10-06.01.40:934][  0]LogConfig: Setting CVar [[r.AnisotropicMaterials:1]]
[2023.03.10-06.01.40:934][  0]LogConfig: Setting CVar [[r.SSS.Scale:1]]
[2023.03.10-06.01.40:934][  0]LogConfig: Setting CVar [[r.SSS.SampleSet:2]]
[2023.03.10-06.01.40:934][  0]LogConfig: Setting CVar [[r.SSS.Quality:1]]
[2023.03.10-06.01.40:934][  0]LogConfig: Setting CVar [[r.SSS.HalfRes:0]]
[2023.03.10-06.01.40:934][  0]LogConfig: Setting CVar [[r.SSGI.Quality:3]]
[2023.03.10-06.01.40:934][  0]LogConfig: Setting CVar [[r.EmitterSpawnRateScale:1.0]]
[2023.03.10-06.01.40:934][  0]LogConfig: Setting CVar [[r.ParticleLightQuality:2]]
[2023.03.10-06.01.40:934][  0]LogConfig: Setting CVar [[r.SkyAtmosphere.AerialPerspectiveLUT.FastApplyOnOpaque:1 ; Always have FastSkyLUT 1 in this case to avoid wrong sky]]
[2023.03.10-06.01.40:934][  0]LogConfig: Setting CVar [[r.SkyAtmosphere.AerialPerspectiveLUT.SampleCountMaxPerSlice:4]]
[2023.03.10-06.01.40:934][  0]LogConfig: Setting CVar [[r.SkyAtmosphere.AerialPerspectiveLUT.DepthResolution:16.0]]
[2023.03.10-06.01.40:934][  0]LogConfig: Setting CVar [[r.SkyAtmosphere.FastSkyLUT:1]]
[2023.03.10-06.01.40:934][  0]LogConfig: Setting CVar [[r.SkyAtmosphere.FastSkyLUT.SampleCountMin:4.0]]
[2023.03.10-06.01.40:934][  0]LogConfig: Setting CVar [[r.SkyAtmosphere.FastSkyLUT.SampleCountMax:128.0]]
[2023.03.10-06.01.40:934][  0]LogConfig: Setting CVar [[r.SkyAtmosphere.SampleCountMin:4.0]]
[2023.03.10-06.01.40:934][  0]LogConfig: Setting CVar [[r.SkyAtmosphere.SampleCountMax:128.0]]
[2023.03.10-06.01.40:934][  0]LogConfig: Setting CVar [[r.SkyAtmosphere.TransmittanceLUT.UseSmallFormat:0]]
[2023.03.10-06.01.40:934][  0]LogConfig: Setting CVar [[r.SkyAtmosphere.TransmittanceLUT.SampleCount:10.0]]
[2023.03.10-06.01.40:934][  0]LogConfig: Setting CVar [[r.SkyAtmosphere.MultiScatteringLUT.SampleCount:15.0]]
[2023.03.10-06.01.40:934][  0]LogConfig: Setting CVar [[r.SkyLight.RealTimeReflectionCapture:1]]
[2023.03.10-06.01.40:934][  0]LogConfig: Applying CVar settings from Section [FoliageQuality@3] File [C:/Users/emmyt/OneDrive/Documents/GitHub/-Journeyman-Twonic---Alpha-Team/Twonic/Saved/Config/Windows/Scalability.ini]
[2023.03.10-06.01.40:934][  0]LogConfig: Setting CVar [[foliage.DensityScale:1.0]]
[2023.03.10-06.01.40:934][  0]LogConfig: Setting CVar [[grass.DensityScale:1.0]]
[2023.03.10-06.01.40:934][  0]LogConfig: Applying CVar settings from Section [ShadingQuality@3] File [C:/Users/emmyt/OneDrive/Documents/GitHub/-Journeyman-Twonic---Alpha-Team/Twonic/Saved/Config/Windows/Scalability.ini]
[2023.03.10-06.01.40:934][  0]LogConfig: Setting CVar [[r.HairStrands.SkyLighting.IntegrationType:2]]
[2023.03.10-06.01.40:934][  0]LogConfig: Setting CVar [[r.HairStrands.SkyAO.SampleCount:4]]
[2023.03.10-06.01.40:934][  0]LogConfig: Setting CVar [[r.HairStrands.Visibility.MSAA.SamplePerPixel:4]]
[2023.03.10-06.01.40:934][  0]LogConfig: Applying CVar settings from Section [Startup] File [../../../Engine/Config/ConsoleVariables.ini]
[2023.03.10-06.01.40:947][  0]LogConfig: Setting CVar [[net.UseAdaptiveNetUpdateFrequency:0]]
[2023.03.10-06.01.40:947][  0]LogConfig: Setting CVar [[p.chaos.AllowCreatePhysxBodies:1]]
[2023.03.10-06.01.40:947][  0]LogConfig: Setting CVar [[fx.SkipVectorVMBackendOptimizations:1]]
[2023.03.10-06.01.40:947][  0]LogConfig: Applying CVar settings from Section [ConsoleVariables] File [C:/Users/emmyt/OneDrive/Documents/GitHub/-Journeyman-Twonic---Alpha-Team/Twonic/Saved/Config/Windows/Engine.ini]
[2023.03.10-06.01.40:947][  0]LogConfig: Applying CVar settings from Section [ConsoleVariables] File [C:/Users/emmyt/OneDrive/Documents/GitHub/-Journeyman-Twonic---Alpha-Team/Twonic/Saved/Config/Windows/Editor.ini]
[2023.03.10-06.01.40:947][  0]LogInit: Computer: LAPTOP-OVB59CM9
[2023.03.10-06.01.40:947][  0]LogInit: User: emmyt
[2023.03.10-06.01.40:947][  0]LogInit: CPU Page size=4096, Cores=4
[2023.03.10-06.01.40:947][  0]LogInit: High frequency timer resolution =10.000000 MHz
[2023.03.10-06.01.40:947][  0]LogMemory: Memory total: Physical=7.9GB (8GB approx)
[2023.03.10-06.01.40:947][  0]LogMemory: Platform Memory Stats for Windows
[2023.03.10-06.01.40:947][  0]LogMemory: Process Physical Memory: 140.44 MB used, 140.45 MB peak
[2023.03.10-06.01.40:947][  0]LogMemory: Process Virtual Memory: 133.97 MB used, 133.97 MB peak
[2023.03.10-06.01.40:947][  0]LogMemory: Physical Memory: 6935.21 MB used,  1137.02 MB free, 8072.23 MB total
[2023.03.10-06.01.40:947][  0]LogMemory: Virtual Memory: 134213560.00 MB used,  4166.03 MB free, 134217728.00 MB total
[2023.03.10-06.01.40:962][  0]LogWindows: WindowsPlatformFeatures enabled
[2023.03.10-06.01.41:338][  0]LogInit: Physics initialised using underlying interface: PhysX
[2023.03.10-06.01.41:338][  0]LogInit: Using OS detected language (en-GB).
[2023.03.10-06.01.41:338][  0]LogInit: Using OS detected locale (en-GB).
[2023.03.10-06.01.41:341][  0]LogTextLocalizationManager: No specific localization for 'en-GB' exists, so the 'en' localization will be used.
[2023.03.10-06.01.43:303][  0]LogTargetPlatformManager: Display: Loaded TargetPlatform 'AllDesktop'
[2023.03.10-06.01.43:355][  0]LogTargetPlatformManager: Display: Loaded TargetPlatform 'Android'
[2023.03.10-06.01.43:355][  0]LogTargetPlatformManager: Display: Loaded TargetPlatform 'Android_ASTC'
[2023.03.10-06.01.43:355][  0]LogTargetPlatformManager: Display: Loaded TargetPlatform 'Android_DXT'
[2023.03.10-06.01.43:355][  0]LogTargetPlatformManager: Display: Loaded TargetPlatform 'Android_ETC2'
[2023.03.10-06.01.43:355][  0]LogTargetPlatformManager: Display: Loaded TargetPlatform 'AndroidClient'
[2023.03.10-06.01.43:355][  0]LogTargetPlatformManager: Display: Loaded TargetPlatform 'Android_ASTCClient'
[2023.03.10-06.01.43:355][  0]LogTargetPlatformManager: Display: Loaded TargetPlatform 'Android_DXTClient'
[2023.03.10-06.01.43:355][  0]LogTargetPlatformManager: Display: Loaded TargetPlatform 'Android_ETC2Client'
[2023.03.10-06.01.43:355][  0]LogTargetPlatformManager: Display: Loaded TargetPlatform 'Android_Multi'
[2023.03.10-06.01.43:355][  0]LogTargetPlatformManager: Display: Loaded TargetPlatform 'Android_MultiClient'
[2023.03.10-06.01.43:417][  0]LogTargetPlatformManager: Display: Loaded TargetPlatform 'IOSClient'
[2023.03.10-06.01.43:417][  0]LogTargetPlatformManager: Display: Loaded TargetPlatform 'IOS'
[2023.03.10-06.01.43:459][  0]LogTargetPlatformManager: Display: Loaded TargetPlatform 'Linux'
[2023.03.10-06.01.43:482][  0]LogTargetPlatformManager: Display: Loaded TargetPlatform 'LinuxNoEditor'
[2023.03.10-06.01.43:498][  0]LogTargetPlatformManager: Display: Loaded TargetPlatform 'LinuxClient'
[2023.03.10-06.01.43:503][  0]LogTargetPlatformManager: Display: Loaded TargetPlatform 'LinuxServer'
[2023.03.10-06.01.43:518][  0]LogTargetPlatformManager: Display: Loaded TargetPlatform 'LinuxAArch64NoEditor'
[2023.03.10-06.01.43:528][  0]LogTargetPlatformManager: Display: Loaded TargetPlatform 'LinuxAArch64Client'
[2023.03.10-06.01.43:533][  0]LogTargetPlatformManager: Display: Loaded TargetPlatform 'LinuxAArch64Server'
[2023.03.10-06.01.43:581][  0]LogTargetPlatformManager: Display: Loaded TargetPlatform 'Lumin'
[2023.03.10-06.01.43:581][  0]LogTargetPlatformManager: Display: Loaded TargetPlatform 'LuminClient'
[2023.03.10-06.01.43:622][  0]LogTargetPlatformManager: Display: Loaded TargetPlatform 'MacNoEditor'
[2023.03.10-06.01.43:626][  0]LogTargetPlatformManager: Display: Loaded TargetPlatform 'Mac'
[2023.03.10-06.01.43:632][  0]LogTargetPlatformManager: Display: Loaded TargetPlatform 'MacClient'
[2023.03.10-06.01.43:637][  0]LogTargetPlatformManager: Display: Loaded TargetPlatform 'MacServer'
[2023.03.10-06.01.43:649][  0]LogTargetPlatformManager: Display: Loaded TargetPlatform 'TVOSClient'
[2023.03.10-06.01.43:649][  0]LogTargetPlatformManager: Display: Loaded TargetPlatform 'TVOS'
[2023.03.10-06.01.43:684][  0]LogTargetPlatformManager: Display: Loaded TargetPlatform 'WindowsNoEditor'
[2023.03.10-06.01.43:703][  0]LogTargetPlatformManager: Display: Loaded TargetPlatform 'Windows'
[2023.03.10-06.01.43:723][  0]LogTargetPlatformManager: Display: Loaded TargetPlatform 'WindowsClient'
[2023.03.10-06.01.43:737][  0]LogTargetPlatformManager: Display: Loaded TargetPlatform 'WindowsServer'
[2023.03.10-06.01.43:737][  0]LogTargetPlatformManager: Display: Building Assets For Windows
[2023.03.10-06.01.43:822][  0]LogAudioDebug: Display: Lib vorbis DLL was dynamically loaded.
[2023.03.10-06.01.44:025][  0]LogTextureFormatOodle: Display: Oodle Texture 2.9.0 init RDO Off
[2023.03.10-06.01.44:419][  0]LogRendererCore: Ray tracing is disabled. Reason: r.RayTracing=0.
[2023.03.10-06.01.44:419][  0]LogShaderCompilers: Guid format shader working directory is -34 characters bigger than the processId version (C:/Users/emmyt/OneDrive/Documents/GitHub/-Journeyman-Twonic---Alpha-Team/Twonic/Intermediate/Shaders/WorkingDirectory/19716/).
[2023.03.10-06.01.44:419][  0]LogShaderCompilers: Cleaned the shader compiler working directory 'C:/Users/emmyt/AppData/Local/Temp/UnrealShaderWorkingDir/771D020A44ED7585574934BAFF957EA2/'.
[2023.03.10-06.01.44:420][  0]LogXGEController: Cannot use XGE Controller as Incredibuild is not installed on this machine.
[2023.03.10-06.01.44:420][  0]LogShaderCompilers: Cannot use XGE Shader Compiler as Incredibuild is not installed on this machine.
[2023.03.10-06.01.44:420][  0]LogShaderCompilers: Display: Using Local Shader Compiler.
[2023.03.10-06.01.45:994][  0]LogDerivedDataCache: Display: Max Cache Size: 512 MB
[2023.03.10-06.01.46:029][  0]LogDerivedDataCache: Loaded boot cache 0.03s 14MB C:/Users/emmyt/AppData/Local/UnrealEngine/4.27/DerivedDataCache/Boot.ddc.
[2023.03.10-06.01.46:029][  0]LogDerivedDataCache: Display: Loaded Boot cache: C:/Users/emmyt/AppData/Local/UnrealEngine/4.27/DerivedDataCache/Boot.ddc
[2023.03.10-06.01.46:029][  0]LogDerivedDataCache: FDerivedDataBackendGraph:  Pak pak cache file C:/Users/emmyt/OneDrive/Documents/GitHub/-Journeyman-Twonic---Alpha-Team/Twonic/DerivedDataCache/DDC.ddp not found, will not use a pak cache.
[2023.03.10-06.01.46:030][  0]LogDerivedDataCache: Unable to find inner node Pak for hierarchical cache Hierarchy.
[2023.03.10-06.01.46:030][  0]LogDerivedDataCache: FDerivedDataBackendGraph:  CompressedPak pak cache file C:/Users/emmyt/OneDrive/Documents/GitHub/-Journeyman-Twonic---Alpha-Team/Twonic/DerivedDataCache/Compressed.ddp not found, will not use a pak cache.
[2023.03.10-06.01.46:030][  0]LogDerivedDataCache: Unable to find inner node CompressedPak for hierarchical cache Hierarchy.
[2023.03.10-06.01.46:065][  0]LogDerivedDataCache: Display: Pak cache opened for reading ../../../Engine/DerivedDataCache/Compressed.ddp.
[2023.03.10-06.01.46:065][  0]LogDerivedDataCache: FDerivedDataBackendGraph:  EnterprisePak pak cache file ../../../Enterprise/DerivedDataCache/Compressed.ddp not found, will not use a pak cache.
[2023.03.10-06.01.46:065][  0]LogDerivedDataCache: Unable to find inner node EnterprisePak for hierarchical cache Hierarchy.
[2023.03.10-06.01.46:081][  0]LogDerivedDataCache: Speed tests for C:/Users/emmyt/AppData/Local/UnrealEngine/Common/DerivedDataCache took 0.02 seconds
[2023.03.10-06.01.46:081][  0]LogDerivedDataCache: Display: Performance to C:/Users/emmyt/AppData/Local/UnrealEngine/Common/DerivedDataCache: Latency=0.04ms. RandomReadSpeed=150.53MBs, RandomWriteSpeed=94.81MBs. Assigned SpeedClass 'Local'
[2023.03.10-06.01.46:082][  0]LogDerivedDataCache: Using Local data cache path C:/Users/emmyt/AppData/Local/UnrealEngine/Common/DerivedDataCache: Writable
[2023.03.10-06.01.46:082][  0]LogDerivedDataCache: Shared data cache path not found in *engine.ini, will not use an Shared cache.
[2023.03.10-06.01.46:082][  0]LogDerivedDataCache: Unable to find inner node Shared for hierarchical cache Hierarchy.
[2023.03.10-06.01.46:138][  0]LogAssetRegistry: FAssetRegistry took 0.0020 seconds to start up
[2023.03.10-06.01.46:483][  0]LogInit: Selected Device Profile: [Windows]
[2023.03.10-06.01.46:483][  0]LogInit: Active device profile: [000001FC6B7B5000][000001FC69E79A00 49] Windows
[2023.03.10-06.01.46:483][  0]LogInit: Profiles: [000001FC6B7B5000][000001FC69E79A00 49] Windows, [000001FC6B76EC00][000001FC5B187B80 49] WindowsNoEditor, [000001FC6B7B6000][000001FC5B18A180 49] WindowsServer, [000001FC6B76C900][000001FC5B18E300 49] WindowsClient, [000001FC6B7B5200][000001FC5B192480 49] IOS, [000001FC6B76D700][000001FC5B196600 49] iPadAir, [000001FC6B7B7500][000001FC5B19A780 49] iPadAir2, [000001FC6B721300][000001FC6C530A40 49] IPadPro, [000001FC6B721400][000001FC6C526A80 49] iPadAir3, [000001FC6B76CB00][000001FC6C53AC00 49] iPadAir4, [000001FC6B722100][000001FC6C53ED80 49] iPadMini2, [000001FC6B76F800][000001FC6C542F00 49] iPadMini3, [000001FC6B722C00][000001FC6C547080 49] iPadMini4, [000001FC6B76E500][000001FC6C54B200 49] iPadMini5, [000001FC6B740F00][000001FC69E7D480 49] iPhone6, [000001FC6B741000][000001FC6C54F4C0 49] iPodTouch6, [000001FC6B7B7800][000001FC6C557700 49] iPhone7, [000001FC6B7B6900][000001FC6C553740 49] iPodTouch7, [000001FC6B721B00][000001FC6C55F8C0 49] iPhone5S, [000001FC6B7B5400][000001FC6C563A40 49] iPhone6Plus, [000001FC6B7B4700][000001FC6C567BC0 49] iPhone6S, [000001FC6B740900][000001FC6C56A1C0 49] iPhone6SPlus, [000001FC6B7B5500][000001FC6C56E340 49] iPhone7Plus, [000001FC6B7B7100][000001FC6C5724C0 49] iPhoneSE, [000001FC6B7B7700][000001FC6C576640 49] iPhone8, [000001FC6B741700][000001FC6C57A7C0 49] iPhone8Plus, [000001FC6B723B00][000001FC6C57E940 49] iPhoneX, [000001FC6B743F00][000001FC6C582AC0 49] iPhoneXS, [000001FC6B723200][000001FC6C586C40 49] iPhoneXSMax, [000001FC6B743800][000001FC6C58ADC0 49] iPhoneXR, [000001FC6B721200][000001FC6C5A0F40 49] iPhone11, [000001FC6B741F00][000001FC6C5A50C0 49] iPhone11Pro, [000001FC6B722500][000001FC6C5A9240 49] iPhone11ProMax, [000001FC6B743000][000001FC6C5AD3C0 49] iPhoneSE2, [000001FC6B720100][000001FC6C5B1540 49] iPhone12Mini, [000001FC6B742300][000001FC6C55B680 49] iPhone12, [000001FC6B723C00][000001FC6C5B57C0 49] iPhone12Pro, [000001FC6B740500][000001FC6C5B9900 49] iPhone12ProMax, [000001FC6B721700][000001FC6C5BDA40 49] iPadPro105, [000001FC6B741300][000001FC6C5C5BC0 49] iPadPro129, [000001FC6B722F00][000001FC6C5C81C0 49] iPadPro97, [000001FC6B741200][000001FC6C5CC340 49] iPadPro2_129, [000001FC6B723500][000001FC6C5D04C0 49] iPad5, [000001FC6B740C00][000001FC6C5D4640 49] iPad6, [000001FC6B721C00][000001FC6C5D87C0 49] iPad7, [000001FC6B742500][000001FC6C5DC940 49] iPad8, [000001FC6B722600][000001FC6C5E0AC0 49] iPadPro11, [000001FC6B740200][000001FC6C5E4C40 49] iPadPro2_11, [000001FC6B721800][000001FC6C5E8DC0 49] iPadPro3_129, [000001FC6B742600][000001FC6C5ECF40 49] iPadPro4_129, [000001FC6B722700][000001FC6C5F10C0 49] AppleTV, [000001FC6B742000][000001FC6C5F5240 49] AppleTV4K, [000001FC6B723F00][000001FC6C5F93C0 49] TVOS, [000001FC6B741600][000001FC6C5FD540 49] Mac, [000001FC6B722300][000001FC6C6016C0 49] MacClient, [000001FC6B740400][000001FC6C5C1800 49] MacNoEditor, [000001FC6B722E00][000001FC6C605940 49] MacServer, [000001FC6B741B00][000001FC6C609A80 49] Linux, [000001FC6B721900][000001FC6C60DBC0 49] LinuxAArch64, [000001FC6B743E00][000001FC6C6141C0 49] LinuxNoEditor, [000001FC6B721F00][000001FC6C618340 49] LinuxAArch64NoEditor, [000001FC6B743C00][000001FC6C61C4C0 49] LinuxClient, [000001FC6B720400][000001FC6C620640 49] LinuxAArch64Client, [000001FC6B742200][000001FC6C6247C0 49] LinuxServer, [000001FC6B723D00][000001FC6C628940 49] LinuxAArch64Server, [000001FC6B740A00][000001FC6C62CAC0 49] Android, [000001FC6B721A00][000001FC6C630C40 49] Android_Low, [000001FC6B743A00][000001FC6C634DC0 49] Android_Mid, [000001FC6B723300][000001FC6C638F40 49] Android_High, [000001FC6B743900][000001FC6C63D0C0 49] Android_Default, [000001FC6B721E00][000001FC6C641240 49] Android_Adreno4xx, [000001FC6B741500][000001FC6C6453C0 49] Android_Adreno5xx_Low, [000001FC6B722A00][000001FC6C649540 49] Android_Adreno5xx, [000001FC6B743700][000001FC6C64D6C0 49] Android_Adreno6xx, [000001FC6B723600][000001FC6C651840 49] Android_Adreno6xx_Vulkan, [000001FC6B740B00][000001FC6C6559C0 49] Android_Mali_T6xx, [000001FC6B7B5800][000001FC6C611B00 49] Android_Mali_T7xx, [000001FC6B76CF00][000001FC6C6580C0 49] Android_Mali_T8xx, [000001FC6B7B5B00][000001FC6C65C200 49] Android_Mali_G71, [000001FC6B76EF00][000001FC6C664380 49] Android_Mali_G72, [000001FC6B7B7A00][000001FC6C668500 49] Android_Mali_G72_Vulkan, [000001FC6B76E100][000001FC6C66C680 49] Android_Mali_G76, [000001FC6B7B7400][000001FC6C670800 49] Android_Mali_G76_Vulkan, [000001FC6B76C400][000001FC6C674980 49] Android_Mali_G77, [000001FC6B7B7200][000001FC6C678B00 49] Android_Mali_G77_Vulkan, [000001FC6B76C700][000001FC6C67CC80 49] Android_Mali_G78, [000001FC6B7B7300][000001FC6C680E00 49] Android_Mali_G78_Vulkan, [000001FC6B76E200][000001FC6C684F80 49] Android_Mali_G710, [000001FC6B7B7B00][000001FC6C689100 49] Android_Mali_G710_Vulkan, [000001FC6B76F900][000001FC6C68D280 49] Android_Vulkan_SM5, [000001FC6B7B5F00][000001FC6C691400 49] Android_PowerVR_G6xxx, [000001FC6B76ED00][000001FC6C695580 49] Android_PowerVR_GT7xxx, [000001FC6B7B6C00][000001FC6C699700 49] Android_PowerVR_GE8xxx, [000001FC6B76F400][000001FC6C69D880 49] Android_PowerVR_GM9xxx, [000001FC6B7B5900][000001FC6C6A1A00 49] Android_PowerVR_GM9xxx_Vulkan, [000001FC6B76D300][000001FC6C6A5B80 49] Android_TegraK1, [000001FC6B7B4200][000001FC6C660140 49] Android_Unknown_Vulkan, [000001FC6B76F000][000001FC6C6A8280 49] Lumin, [000001FC6B7B4F00][000001FC6C6AC3C0 49] Lumin_Desktop, [000001FC6B76C600][000001FC6C6B4540 49] HoloLens, 
[2023.03.10-06.01.46:893][  0]LogMeshReduction: Using QuadricMeshReduction for automatic static mesh reduction
[2023.03.10-06.01.46:893][  0]LogMeshReduction: Using SimplygonMeshReduction for automatic skeletal mesh reduction
[2023.03.10-06.01.46:893][  0]LogMeshReduction: Using ProxyLODMeshReduction for automatic mesh merging
[2023.03.10-06.01.46:893][  0]LogMeshReduction: No distributed automatic mesh merging module available
[2023.03.10-06.01.46:893][  0]LogMeshMerging: No distributed automatic mesh merging module available
[2023.03.10-06.01.46:903][  0]LogNetVersion: Twonic 1.0.0, NetCL: 17155196, EngineNetVer: 17, GameNetVer: 0 (Checksum: 4023415434)
[2023.03.10-06.01.47:871][  0]LogHMD: PokeAHoleMaterial loaded successfully
[2023.03.10-06.01.48:847][  0]LogCollectionManager: Loaded 0 collections in 0.000788 seconds
[2023.03.10-06.01.48:850][  0]LogFileCache: Scanning file cache for directory 'C:/Users/emmyt/OneDrive/Documents/GitHub/-Journeyman-Twonic---Alpha-Team/Twonic/Saved/Collections/' took 0.00s
[2023.03.10-06.01.48:850][  0]LogFileCache: Scanning file cache for directory 'C:/Users/emmyt/OneDrive/Documents/GitHub/-Journeyman-Twonic---Alpha-Team/Twonic/Content/Developers/emmyt/Collections/' took 0.00s
[2023.03.10-06.01.48:850][  0]LogFileCache: Scanning file cache for directory 'C:/Users/emmyt/OneDrive/Documents/GitHub/-Journeyman-Twonic---Alpha-Team/Twonic/Content/Collections/' took 0.00s
[2023.03.10-06.01.48:850][  0]LogCollectionManager: Fixed up redirectors for 0 collections in 0.000002 seconds (updated 0 objects)
[2023.03.10-06.01.49:747][  0]LogNiagaraDebuggerClient: Niagara Debugger Client Initialized | Session: 33021CDB4F73D94B0AE0A6BE84092CE6 | Instance: B5DA02B64579B5FF73DCB7A7AFB579C4 (LAPTOP-OVB59CM9-19716).
[2023.03.10-06.01.49:949][  0]LogPython: Using Python 3.7.7
[2023.03.10-06.01.52:438][  0]SourceControl: Source control is disabled
[2023.03.10-06.01.52:438][  0]SourceControl: Source control is disabled
[2023.03.10-06.01.52:658][  0]SourceControl: Source control is disabled
[2023.03.10-06.01.52:701][  0]SourceControl: Source control is disabled
[2023.03.10-06.01.53:058][  0]SourceControl: Source control is disabled
[2023.03.10-06.01.53:209][  0]LogUProjectInfo: Found projects:
[2023.03.10-06.01.53:314][  0]LogOpenImageDenoise: OIDN starting up
[2023.03.10-06.01.53:482][  0]LogAndroidPermission: UAndroidPermissionCallbackProxy::GetInstance
[2023.03.10-06.01.53:611][  0]LogAudioCaptureCore: Display: No Audio Capture implementations found. Audio input will be silent.
[2023.03.10-06.01.53:612][  0]LogAudioCaptureCore: Display: No Audio Capture implementations found. Audio input will be silent.
[2023.03.10-06.01.54:419][  0]LogOcInput: OculusInput pre-init called
[2023.03.10-06.01.54:656][  0]LogUObjectArray: 23049 objects as part of root set at end of initial load.
[2023.03.10-06.01.54:656][  0]LogUObjectAllocator: 6352640 out of 0 bytes used by permanent object pool.
[2023.03.10-06.01.54:656][  0]LogUObjectArray: CloseDisregardForGC: 0/0 objects in disregard for GC pool
[2023.03.10-06.01.54:700][  0]LogInit: Executing Class /Script/UnrealEd.GatherTextCommandlet
[2023.03.10-06.01.54:700][  0]LogInit: Initializing Editor Engine...
[2023.03.10-06.01.54:700][  0]LogEngine: Initializing Engine...
[2023.03.10-06.01.54:703][  0]LogStats: UGameplayTagsManager::InitializeManager -  0.000 s
[2023.03.10-06.01.55:035][  0]LogInit: Initializing FReadOnlyCVARCache
[2023.03.10-06.01.55:112][  0]LogAIModule: Creating AISystem for world Untitled
[2023.03.10-06.01.55:113][  0]LogNetVersion: Set ProjectVersion to 1.0.0.0. Version Checksum will be recalculated on next use.
[2023.03.10-06.01.55:123][  0]LogDerivedDataCache: Saved boot cache 0.01s 14MB C:/Users/emmyt/AppData/Local/UnrealEngine/4.27/DerivedDataCache/Boot.ddc.
[2023.03.10-06.01.55:124][  0]LogInit: Texture streaming: Disabled
[2023.03.10-06.01.55:294][  0]LogInit: Initializing Editor Engine Completed
[2023.03.10-06.01.56:320][  0]BlueprintLog: New page: Editor Load
[2023.03.10-06.01.56:570][  0]LogGatherTextCommandlet: Display: Beginning GatherText Commandlet for 'C:/Users/emmyt/OneDrive/Documents/GitHub/-Journeyman-Twonic---Alpha-Team/Twonic/Config/Localization/Game_Compile.ini'
[2023.03.10-06.01.56:571][  0]LogGatherTextCommandlet: Display: Executing GatherTextStep0: GenerateTextLocalizationResourceCommandlet
[2023.03.10-06.01.56:691][  0]LogGatherTextCommandlet: Display: Completed GatherTextStep0: GenerateTextLocalizationResourceCommandlet in 0.120406 seconds
[2023.03.10-06.01.56:692][  0]LogCore: Engine exit requested (reason: Commandlet GatherTextCommandlet_0 finished execution (result 0))
[2023.03.10-06.01.56:692][  0]LogInit: Display: 
[2023.03.10-06.01.56:692][  0]LogInit: Display: Success - 0 error(s), 0 warning(s)
[2023.03.10-06.01.56:692][  0]LogInit: Display: 
Execution of commandlet took:  0.12 seconds
[2023.03.10-06.01.56:692][  0]LogCore: Engine exit requested (reason: EngineExit() was called; note: exit was already requested)
[2023.03.10-06.01.56:693][  0]LogExit: Preparing to exit.
[2023.03.10-06.01.56:704][  0]LogUObjectHash: Compacting FUObjectHashTables data took   0.80ms
[2023.03.10-06.01.56:751][  0]LogDemo: Cleaned up 0 splitscreen connections with owner deletion
[2023.03.10-06.01.56:753][  0]LogWorld: UWorld::CleanupWorld for None, bSessionEnded=true, bCleanupResources=true
[2023.03.10-06.01.56:753][  0]LogExit: Editor shut down
[2023.03.10-06.01.56:793][  0]LogExit: Object subsystem successfully closed.
[2023.03.10-06.01.56:802][  0]LogShaderCompilers: Display: === FShaderJobCache stats ===
[2023.03.10-06.01.56:802][  0]LogShaderCompilers: Display: Total job queries 0, among them cache hits 0 (0.00%)
[2023.03.10-06.01.56:802][  0]LogShaderCompilers: Display: Tracking 0 distinct input hashes that result in 0 distinct outputs (0.00%)
[2023.03.10-06.01.56:803][  0]LogShaderCompilers: Display: RAM used: 0.00 MB (0.00 GB) of 409.60 MB (0.40 GB) budget. Usage: 0.00%
[2023.03.10-06.01.56:803][  0]LogShaderCompilers: Display: ================================================
[2023.03.10-06.01.56:820][  0]LogShaderCompilers: Display: Shaders left to compile 0
[2023.03.10-06.01.56:834][  0]LogModuleManager: Shutting down and abandoning module SteamVREditor (710)
[2023.03.10-06.01.56:834][  0]LogModuleManager: Shutting down and abandoning module OculusMR (708)
[2023.03.10-06.01.56:834][  0]LogModuleManager: Shutting down and abandoning module TakeRecorderSources (706)
[2023.03.10-06.01.56:834][  0]LogModuleManager: Shutting down and abandoning module TakeRecorder (705)
[2023.03.10-06.01.56:834][  0]LogModuleManager: Shutting down and abandoning module TakeTrackRecorders (702)
[2023.03.10-06.01.56:834][  0]LogModuleManager: Shutting down and abandoning module TakesCore (700)
[2023.03.10-06.01.56:834][  0]LogModuleManager: Shutting down and abandoning module OpenXRInput (698)
[2023.03.10-06.01.56:834][  0]LogModuleManager: Shutting down and abandoning module GooglePADEditor (696)
[2023.03.10-06.01.56:834][  0]LogModuleManager: Shutting down and abandoning module AudioCaptureEditor (694)
[2023.03.10-06.01.56:834][  0]LogModuleManager: Shutting down and abandoning module TemplateSequenceEditor (692)
[2023.03.10-06.01.56:834][  0]LogModuleManager: Shutting down and abandoning module LevelSequenceEditor (690)
[2023.03.10-06.01.56:834][  0]LogModuleManager: Shutting down and abandoning module MatineeToLevelSequence (688)
[2023.03.10-06.01.56:834][  0]LogModuleManager: Shutting down and abandoning module ActorSequenceEditor (686)
[2023.03.10-06.01.56:834][  0]LogModuleManager: Shutting down and abandoning module Kismet (685)
[2023.03.10-06.01.56:834][  0]LogModuleManager: Shutting down and abandoning module KismetWidgets (684)
[2023.03.10-06.01.56:834][  0]LogModuleManager: Shutting down and abandoning module WebMMediaFactory (680)
[2023.03.10-06.01.56:834][  0]LogModuleManager: Shutting down and abandoning module WebMMediaEditor (678)
[2023.03.10-06.01.56:834][  0]LogModuleManager: Shutting down and abandoning module WmfMediaFactory (676)
[2023.03.10-06.01.56:834][  0]LogModuleManager: Shutting down and abandoning module WmfMediaEditor (674)
[2023.03.10-06.01.56:834][  0]LogModuleManager: Shutting down and abandoning module MediaPlayerEditor (672)
[2023.03.10-06.01.56:834][  0]LogModuleManager: Shutting down and abandoning module MediaCompositingEditor (670)
[2023.03.10-06.01.56:834][  0]LogModuleManager: Shutting down and abandoning module SequenceRecorder (669)
[2023.03.10-06.01.56:834][  0]LogModuleManager: Shutting down and abandoning module Persona (668)
[2023.03.10-06.01.56:835][  0]LogModuleManager: Shutting down and abandoning module AdvancedPreviewScene (667)
[2023.03.10-06.01.56:835][  0]LogModuleManager: Shutting down and abandoning module AnimGraph (665)
[2023.03.10-06.01.56:835][  0]LogModuleManager: Shutting down and abandoning module ImgMediaFactory (660)
[2023.03.10-06.01.56:835][  0]LogModuleManager: Shutting down and abandoning module ImgMediaEditor (658)
[2023.03.10-06.01.56:835][  0]LogModuleManager: Shutting down and abandoning module MagicLeapMediaEditor (656)
[2023.03.10-06.01.56:835][  0]LogModuleManager: Shutting down and abandoning module AvfMediaFactory (654)
[2023.03.10-06.01.56:835][  0]LogModuleManager: Shutting down and abandoning module AvfMediaEditor (652)
[2023.03.10-06.01.56:835][  0]LogModuleManager: Shutting down and abandoning module AndroidMediaFactory (650)
[2023.03.10-06.01.56:835][  0]LogModuleManager: Shutting down and abandoning module AndroidMediaEditor (648)
[2023.03.10-06.01.56:835][  0]LogModuleManager: Shutting down and abandoning module PlanarCut (646)
[2023.03.10-06.01.56:835][  0]LogModuleManager: Shutting down and abandoning module CharacterAI (644)
[2023.03.10-06.01.56:835][  0]LogModuleManager: Shutting down and abandoning module TextureAlignMode (642)
[2023.03.10-06.01.56:835][  0]LogModuleManager: Shutting down and abandoning module BspMode (640)
[2023.03.10-06.01.56:835][  0]LogModuleManager: Shutting down and abandoning module GeometryMode (638)
[2023.03.10-06.01.56:835][  0]LogModuleManager: Shutting down and abandoning module CameraShakePreviewer (636)
[2023.03.10-06.01.56:835][  0]LogModuleManager: Shutting down and abandoning module SmartSnapping (634)
[2023.03.10-06.01.56:835][  0]LogModuleManager: Shutting down and abandoning module SessionServices (632)
[2023.03.10-06.01.56:835][  0]LogModuleManager: Shutting down and abandoning module MeshPaint (630)
[2023.03.10-06.01.56:835][  0]LogModuleManager: Shutting down and abandoning module VirtualTexturingEditor (628)
[2023.03.10-06.01.56:835][  0]LogModuleManager: Shutting down and abandoning module FoliageEdit (626)
[2023.03.10-06.01.56:835][  0]LogModuleManager: Shutting down and abandoning module LandscapeEditor (624)
[2023.03.10-06.01.56:835][  0]LogModuleManager: Shutting down and abandoning module MeshPaintMode (622)
[2023.03.10-06.01.56:835][  0]LogModuleManager: Shutting down and abandoning module SceneDepthPickerMode (620)
[2023.03.10-06.01.56:835][  0]LogModuleManager: Shutting down and abandoning module ActorPickerMode (618)
[2023.03.10-06.01.56:835][  0]LogModuleManager: Shutting down and abandoning module PlacementMode (616)
[2023.03.10-06.01.56:835][  0]LogModuleManager: Shutting down and abandoning module LiveCoding (614)
[2023.03.10-06.01.56:835][  0]LogModuleManager: Shutting down and abandoning module LevelSequence (612)
[2023.03.10-06.01.56:835][  0]LogModuleManager: Shutting down and abandoning module MovieSceneTracks (610)
[2023.03.10-06.01.56:835][  0]LogModuleManager: Shutting down and abandoning module MovieScene (608)
[2023.03.10-06.01.56:835][  0]LogModuleManager: Shutting down and abandoning module StreamingPauseRendering (606)
[2023.03.10-06.01.56:835][  0]LogModuleManager: Shutting down and abandoning module ImageWriteQueue (604)
[2023.03.10-06.01.56:835][  0]LogModuleManager: Shutting down and abandoning module AIModule (602)
[2023.03.10-06.01.56:835][  0]LogModuleManager: Shutting down and abandoning module GameplayDebugger (601)
[2023.03.10-06.01.56:835][  0]LogModuleManager: Shutting down and abandoning module AITestSuite (599)
[2023.03.10-06.01.56:835][  0]LogModuleManager: Shutting down and abandoning module NavigationSystem (597)
[2023.03.10-06.01.56:835][  0]LogModuleManager: Shutting down and abandoning module AudioSynesthesiaEditor (594)
[2023.03.10-06.01.56:835][  0]LogModuleManager: Shutting down and abandoning module OculusEditor (592)
[2023.03.10-06.01.56:835][  0]LogModuleManager: Shutting down and abandoning module OculusInput (590)
[2023.03.10-06.01.56:835][  0]LogModuleManager: Shutting down and abandoning module ContentBrowserFileDataSource (588)
[2023.03.10-06.01.56:835][  0]LogModuleManager: Shutting down and abandoning module ContentBrowserClassDataSource (586)
[2023.03.10-06.01.56:835][  0]LogModuleManager: Shutting down and abandoning module ContentBrowserAssetDataSource (584)
[2023.03.10-06.01.56:835][  0]LogModuleManager: Shutting down and abandoning module ToolMenus (583)
[2023.03.10-06.01.56:835][  0]LogModuleManager: Shutting down and abandoning module TakeSequencer (580)
[2023.03.10-06.01.56:835][  0]LogModuleManager: Shutting down and abandoning module TakeMovieScene (578)
[2023.03.10-06.01.56:835][  0]LogModuleManager: Shutting down and abandoning module SynthesisEditor (576)
[2023.03.10-06.01.56:835][  0]LogModuleManager: Shutting down and abandoning module Synthesis (574)
[2023.03.10-06.01.56:835][  0]LogModuleManager: Shutting down and abandoning module ProceduralMeshComponentEditor (572)
[2023.03.10-06.01.56:835][  0]LogModuleManager: Shutting down and abandoning module ProceduralMeshComponent (570)
[2023.03.10-06.01.56:835][  0]LogModuleManager: Shutting down and abandoning module ScreenshotTools (568)
[2023.03.10-06.01.56:835][  0]LogModuleManager: Shutting down and abandoning module OpenXREditor (566)
[2023.03.10-06.01.56:835][  0]LogModuleManager: Shutting down and abandoning module MobilePatchingUtils (564)
[2023.03.10-06.01.56:836][  0]LogModuleManager: Shutting down and abandoning module GooglePAD (562)
[2023.03.10-06.01.56:836][  0]LogModuleManager: Shutting down and abandoning module EditableMesh (560)
[2023.03.10-06.01.56:836][  0]LogModuleManager: Shutting down and abandoning module CableComponent (558)
[2023.03.10-06.01.56:836][  0]LogModuleManager: Shutting down and abandoning module CustomMeshComponent (556)
[2023.03.10-06.01.56:836][  0]LogModuleManager: Shutting down and abandoning module AudioCapture (554)
[2023.03.10-06.01.56:836][  0]LogModuleManager: Shutting down and abandoning module AudioCaptureRtAudio (553)
[2023.03.10-06.01.56:836][  0]LogModuleManager: Shutting down and abandoning module AssetTags (550)
[2023.03.10-06.01.56:836][  0]LogModuleManager: Shutting down and abandoning module ArchVisCharacter (548)
[2023.03.10-06.01.56:836][  0]LogModuleManager: Shutting down and abandoning module AppleImageUtilsBlueprintSupport (546)
[2023.03.10-06.01.56:836][  0]LogModuleManager: Shutting down and abandoning module AppleImageUtils (544)
[2023.03.10-06.01.56:836][  0]LogModuleManager: Shutting down and abandoning module AndroidPermission (542)
[2023.03.10-06.01.56:836][  0]LogModuleManager: Shutting down and abandoning module ActorLayerUtilitiesEditor (540)
[2023.03.10-06.01.56:836][  0]LogModuleManager: Shutting down and abandoning module ActorLayerUtilities (538)
[2023.03.10-06.01.56:836][  0]LogModuleManager: Shutting down and abandoning module TemplateSequence (536)
[2023.03.10-06.01.56:836][  0]LogModuleManager: Shutting down and abandoning module MediaCompositing (534)
[2023.03.10-06.01.56:836][  0]LogModuleManager: Shutting down and abandoning module MagicLeapSharedWorld (532)
[2023.03.10-06.01.56:836][  0]LogModuleManager: Shutting down and abandoning module MagicLeapLightEstimation (530)
[2023.03.10-06.01.56:836][  0]LogModuleManager: Shutting down and abandoning module MagicLeapHelperVulkan (528)
[2023.03.10-06.01.56:836][  0]LogModuleManager: Shutting down and abandoning module MagicLeapHelperOpenGL (526)
[2023.03.10-06.01.56:836][  0]LogModuleManager: Shutting down and abandoning module MagicLeapAudio (524)
[2023.03.10-06.01.56:836][  0]LogModuleManager: Shutting down and abandoning module OpenImageDenoise (522)
[2023.03.10-06.01.56:836][  0]LogOpenImageDenoise: OIDN shutting down
[2023.03.10-06.01.56:836][  0]LogModuleManager: Shutting down and abandoning module MotoSynthEditor (520)
[2023.03.10-06.01.56:836][  0]LogModuleManager: Shutting down and abandoning module MotoSynth (518)
[2023.03.10-06.01.56:836][  0]LogModuleManager: Shutting down and abandoning module MeshConversion (516)
[2023.03.10-06.01.56:836][  0]LogModuleManager: Shutting down and abandoning module DynamicMesh (514)
[2023.03.10-06.01.56:836][  0]LogModuleManager: Shutting down and abandoning module GeometryAlgorithms (512)
[2023.03.10-06.01.56:836][  0]LogModuleManager: Shutting down and abandoning module GeometricObjects (510)
[2023.03.10-06.01.56:836][  0]LogModuleManager: Shutting down and abandoning module GeometryCollectionTracks (508)
[2023.03.10-06.01.56:836][  0]LogModuleManager: Shutting down and abandoning module GeometryCollectionSequencer (507)
[2023.03.10-06.01.56:836][  0]LogModuleManager: Shutting down and abandoning module GeometryCollectionEditor (504)
[2023.03.10-06.01.56:836][  0]LogModuleManager: Shutting down and abandoning module GeometryCacheTracks (502)
[2023.03.10-06.01.56:836][  0]LogModuleManager: Shutting down and abandoning module GeometryCacheStreamer (500)
[2023.03.10-06.01.56:836][  0]LogModuleManager: Shutting down and abandoning module GeometryCacheSequencer (498)
[2023.03.10-06.01.56:836][  0]LogModuleManager: Shutting down and abandoning module VisualStudioSourceCodeAccess (496)
[2023.03.10-06.01.56:837][  0]LogModuleManager: Shutting down and abandoning module UObjectPlugin (494)
[2023.03.10-06.01.56:837][  0]LogModuleManager: Shutting down and abandoning module VisualStudioCodeSourceCodeAccess (492)
[2023.03.10-06.01.56:837][  0]LogModuleManager: Shutting down and abandoning module ChaosSolverEditor (490)
[2023.03.10-06.01.56:837][  0]LogModuleManager: Shutting down and abandoning module NiagaraEditorWidgets (488)
[2023.03.10-06.01.56:837][  0]LogModuleManager: Shutting down and abandoning module VariantManagerContentEditor (486)
[2023.03.10-06.01.56:837][  0]LogModuleManager: Shutting down and abandoning module ChaosNiagara (484)
[2023.03.10-06.01.56:837][  0]LogModuleManager: Shutting down and abandoning module SubversionSourceControl (482)
[2023.03.10-06.01.56:837][  0]LogModuleManager: Shutting down and abandoning module FractureEditor (480)
[2023.03.10-06.01.56:837][  0]LogModuleManager: Shutting down and abandoning module FieldSystemEngine (479)
[2023.03.10-06.01.56:837][  0]LogModuleManager: Shutting down and abandoning module ChaosClothEditor (476)
[2023.03.10-06.01.56:837][  0]LogModuleManager: Shutting down and abandoning module PluginUtils (474)
[2023.03.10-06.01.56:837][  0]LogModuleManager: Shutting down and abandoning module PlasticSourceControl (472)
[2023.03.10-06.01.56:837][  0]LogModuleManager: Shutting down and abandoning module AutomationUtilsEditor (470)
[2023.03.10-06.01.56:837][  0]LogModuleManager: Shutting down and abandoning module AutomationUtils (468)
[2023.03.10-06.01.56:837][  0]LogModuleManager: Shutting down and abandoning module PerforceSourceControl (466)
[2023.03.10-06.01.56:837][  0]LogModuleManager: Shutting down and abandoning module AlembicImporter (464)
[2023.03.10-06.01.56:837][  0]LogModuleManager: Shutting down and abandoning module AlembicLibrary (463)
[2023.03.10-06.01.56:837][  0]LogModuleManager: Shutting down and abandoning module GeometryCache (462)
[2023.03.10-06.01.56:837][  0]LogModuleManager: Shutting down and abandoning module GeometryCacheEd (461)
[2023.03.10-06.01.56:837][  0]LogModuleManager: Shutting down and abandoning module DatasmithContentEditor (456)
[2023.03.10-06.01.56:837][  0]LogModuleManager: Shutting down and abandoning module GitSourceControl (454)
[2023.03.10-06.01.56:837][  0]LogModuleManager: Shutting down and abandoning module SourceControl (453)
[2023.03.10-06.01.56:837][  0]LogModuleManager: Shutting down and abandoning module SpeedTreeImporter (450)
[2023.03.10-06.01.56:837][  0]LogModuleManager: Shutting down and abandoning module PluginBrowser (448)
[2023.03.10-06.01.56:837][  0]LogModuleManager: Shutting down and abandoning module MobileLauncherProfileWizard (446)
[2023.03.10-06.01.56:837][  0]LogModuleManager: Shutting down and abandoning module MaterialAnalyzer (444)
[2023.03.10-06.01.56:837][  0]LogModuleManager: Shutting down and abandoning module CLionSourceCodeAccess (442)
[2023.03.10-06.01.56:837][  0]LogModuleManager: Shutting down and abandoning module AnimationSharingEd (440)
[2023.03.10-06.01.56:837][  0]LogModuleManager: Shutting down and abandoning module CurveEditorTools (438)
[2023.03.10-06.01.56:837][  0]LogModuleManager: Shutting down and abandoning module CryptoKeysOpenSSL (436)
[2023.03.10-06.01.56:837][  0]LogModuleManager: Shutting down and abandoning module CryptoKeys (434)
[2023.03.10-06.01.56:837][  0]LogModuleManager: Shutting down and abandoning module OodleNetworkHandlerComponent (432)
[2023.03.10-06.01.56:837][  0]LogModuleManager: Shutting down and abandoning module LiveLinkSequencer (430)
[2023.03.10-06.01.56:837][  0]LogModuleManager: Shutting down and abandoning module LiveLinkMovieScene (428)
[2023.03.10-06.01.56:837][  0]LogModuleManager: Shutting down and abandoning module LiveLinkGraphNode (426)
[2023.03.10-06.01.56:837][  0]LogModuleManager: Shutting down and abandoning module LiveLinkEditor (424)
[2023.03.10-06.01.56:837][  0]LogModuleManager: Shutting down and abandoning module LiveLinkComponents (422)
[2023.03.10-06.01.56:837][  0]LogModuleManager: Shutting down and abandoning module LiveLink (420)
[2023.03.10-06.01.57:838][  0]LogModuleManager: Shutting down and abandoning module LightPropagationVolumeEditor (418)
[2023.03.10-06.01.57:838][  0]LogModuleManager: Shutting down and abandoning module PaperTiledImporter (416)
[2023.03.10-06.01.57:838][  0]LogModuleManager: Shutting down and abandoning module PaperSpriteSheetImporter (414)
[2023.03.10-06.01.57:838][  0]LogModuleManager: Shutting down and abandoning module Paper2DEditor (412)
[2023.03.10-06.01.57:838][  0]LogModuleManager: Shutting down and abandoning module MeshPaintingToolset (410)
[2023.03.10-06.01.57:838][  0]LogModuleManager: Shutting down and abandoning module MeshPaintEditorMode (408)
[2023.03.10-06.01.57:838][  0]LogModuleManager: Shutting down and abandoning module SoundFields (406)
[2023.03.10-06.01.57:838][  0]LogModuleManager: Shutting down and abandoning module SignificanceManager (404)
[2023.03.10-06.01.57:838][  0]LogModuleManager: Shutting down and abandoning module RuntimePhysXCooking (402)
[2023.03.10-06.01.57:838][  0]LogModuleManager: Shutting down and abandoning module PropertyAccessEditor (400)
[2023.03.10-06.01.57:838][  0]LogModuleManager: Shutting down and abandoning module PhysXVehiclesEditor (398)
[2023.03.10-06.01.57:838][  0]LogModuleManager: Shutting down and abandoning module LocationServicesBPLibrary (394)
[2023.03.10-06.01.57:838][  0]LogModuleManager: Shutting down and abandoning module AudioSynesthesia (392)
[2023.03.10-06.01.57:838][  0]LogModuleManager: Shutting down and abandoning module AudioSynesthesiaCore (390)
[2023.03.10-06.01.57:838][  0]LogModuleManager: Shutting down and abandoning module ActorSequence (388)
[2023.03.10-06.01.57:838][  0]LogModuleManager: Shutting down and abandoning module UdpMessaging (386)
[2023.03.10-06.01.57:838][  0]LogModuleManager: Shutting down and abandoning module TcpMessaging (384)
[2023.03.10-06.01.57:838][  0]LogModuleManager: Shutting down and abandoning module MagicLeapARPin (382)
[2023.03.10-06.01.57:838][  0]LogModuleManager: Shutting down and abandoning module MagicLeapHandMeshing (380)
[2023.03.10-06.01.57:838][  0]LogModuleManager: Shutting down and abandoning module MagicLeapSecureStorage (378)
[2023.03.10-06.01.57:838][  0]LogModuleManager: Shutting down and abandoning module MagicLeapPrivileges (376)
[2023.03.10-06.01.57:838][  0]LogModuleManager: Shutting down and abandoning module MagicLeapPlanes (374)
[2023.03.10-06.01.57:838][  0]LogMagicLeapPlanes: Planes tracker already destroyed.
[2023.03.10-06.01.57:838][  0]LogModuleManager: Shutting down and abandoning module MagicLeapImageTracker (372)
[2023.03.10-06.01.57:838][  0]LogModuleManager: Shutting down and abandoning module MagicLeapIdentity (370)
[2023.03.10-06.01.57:838][  0]LogModuleManager: Shutting down and abandoning module MagicLeapHandTracking (368)
[2023.03.10-06.01.57:838][  0]LogModuleManager: Shutting down and abandoning module MagicLeapEyeTracker (366)
[2023.03.10-06.01.57:838][  0]LogModuleManager: Shutting down and abandoning module MagicLeapController (364)
[2023.03.10-06.01.57:838][  0]LogModuleManager: Shutting down and abandoning module MagicLeapARPinImpl (362)
[2023.03.10-06.01.57:838][  0]LogModuleManager: Shutting down and abandoning module MagicLeapAR (360)
[2023.03.10-06.01.57:838][  0]LogModuleManager: Shutting down and abandoning module PythonScriptPlugin (358)
[2023.03.10-06.01.57:838][  0]LogModuleManager: Shutting down and abandoning module NiagaraAnimNotifies (356)
[2023.03.10-06.01.57:838][  0]LogModuleManager: Shutting down and abandoning module Niagara (354)
[2023.03.10-06.01.57:838][  0]LogModuleManager: Shutting down and abandoning module SignalProcessing (353)
[2023.03.10-06.01.57:838][  0]LogModuleManager: Shutting down and abandoning module NiagaraEditor (351)
[2023.03.10-06.01.57:839][  0]LogModuleManager: Shutting down and abandoning module NiagaraCore (348)
[2023.03.10-06.01.57:839][  0]LogModuleManager: Shutting down and abandoning module PropertyAccessNode (346)
[2023.03.10-06.01.57:839][  0]LogModuleManager: Shutting down and abandoning module FacialAnimationEditor (344)
[2023.03.10-06.01.57:839][  0]LogModuleManager: Shutting down and abandoning module FacialAnimation (342)
[2023.03.10-06.01.57:839][  0]LogModuleManager: Shutting down and abandoning module AnimationSharing (340)
[2023.03.10-06.01.57:839][  0]LogModuleManager: Shutting down and abandoning module GameplayTagsEditor (338)
[2023.03.10-06.01.57:839][  0]LogModuleManager: Shutting down and abandoning module DataValidation (336)
[2023.03.10-06.01.57:839][  0]LogModuleManager: Shutting down and abandoning module AssetManagerEditor (334)
[2023.03.10-06.01.57:839][  0]LogModuleManager: Shutting down and abandoning module TreeMap (333)
[2023.03.10-06.01.57:839][  0]LogModuleManager: Shutting down and abandoning module GameplayCameras (330)
[2023.03.10-06.01.57:839][  0]LogModuleManager: Shutting down and abandoning module LightPropagationVolumeRuntime (328)
[2023.03.10-06.01.57:839][  0]LogModuleManager: Shutting down and abandoning module EnvironmentQueryEditor (326)
[2023.03.10-06.01.57:839][  0]LogModuleManager: Shutting down and abandoning module Paper2D (324)
[2023.03.10-06.01.57:839][  0]LogModuleManager: Shutting down and abandoning module NetworkReplayStreaming (322)
[2023.03.10-06.01.57:839][  0]LogModuleManager: Shutting down and abandoning module PacketHandler (320)
[2023.03.10-06.01.57:839][  0]LogModuleManager: Shutting down and abandoning module ClothingSystemEditor (318)
[2023.03.10-06.01.57:839][  0]LogModuleManager: Shutting down and abandoning module ClothingSystemRuntimeNv (316)
[2023.03.10-06.01.57:839][  0]LogModuleManager: Shutting down and abandoning module MediaAssets (314)
[2023.03.10-06.01.57:839][  0]LogModuleManager: Shutting down and abandoning module Overlay (312)
[2023.03.10-06.01.57:839][  0]LogModuleManager: Shutting down and abandoning module OverlayEditor (311)
[2023.03.10-06.01.57:839][  0]LogModuleManager: Shutting down and abandoning module Blutility (308)
[2023.03.10-06.01.57:839][  0]LogModuleManager: Shutting down and abandoning module LevelEditor (307)
[2023.03.10-06.01.57:840][  0]LogModuleManager: Shutting down and abandoning module PixelInspectorModule (306)
[2023.03.10-06.01.57:840][  0]LogModuleManager: Shutting down and abandoning module CommonMenuExtensions (304)
[2023.03.10-06.01.57:840][  0]LogModuleManager: Shutting down and abandoning module MainFrame (302)
[2023.03.10-06.01.57:840][  0]LogModuleManager: Shutting down and abandoning module HotReload (301)
[2023.03.10-06.01.57:841][  0]LogModuleManager: Shutting down and abandoning module ContentBrowser (297)
[2023.03.10-06.01.57:841][  0]LogModuleManager: Shutting down and abandoning module CollectionManager (296)
[2023.03.10-06.01.57:841][  0]LogModuleManager: Shutting down and abandoning module ContentBrowserData (294)
[2023.03.10-06.01.57:841][  0]LogModuleManager: Shutting down and abandoning module IntroTutorials (290)
[2023.03.10-06.01.57:841][  0]LogModuleManager: Shutting down and abandoning module VREditor (288)
[2023.03.10-06.01.57:841][  0]LogModuleManager: Shutting down and abandoning module StringTableEditor (286)
[2023.03.10-06.01.57:841][  0]LogModuleManager: Shutting down and abandoning module GameplayTasksEditor (284)
[2023.03.10-06.01.57:841][  0]LogModuleManager: Shutting down and abandoning module BehaviorTreeEditor (282)
[2023.03.10-06.01.57:841][  0]LogModuleManager: Shutting down and abandoning module FunctionalTesting (280)
[2023.03.10-06.01.57:841][  0]LogModuleManager: Shutting down and abandoning module CollisionAnalyzer (278)
[2023.03.10-06.01.57:841][  0]LogModuleManager: Shutting down and abandoning module WorkspaceMenuStructure (277)
[2023.03.10-06.01.57:841][  0]LogModuleManager: Shutting down and abandoning module UMG (274)
[2023.03.10-06.01.57:842][  0]LogModuleManager: Shutting down and abandoning module UMGEditor (273)
[2023.03.10-06.01.57:842][  0]LogModuleManager: Shutting down and abandoning module MessageLog (271)
[2023.03.10-06.01.57:842][  0]LogModuleManager: Shutting down and abandoning module SlateReflector (266)
[2023.03.10-06.01.57:842][  0]LogModuleManager: Shutting down and abandoning module Slate (264)
[2023.03.10-06.01.57:842][  0]LogModuleManager: Shutting down and abandoning module SlateCore (262)
[2023.03.10-06.01.57:842][  0]LogModuleManager: Shutting down and abandoning module LandscapeEditorUtilities (260)
[2023.03.10-06.01.57:842][  0]LogModuleManager: Shutting down and abandoning module UnrealEd (258)
[2023.03.10-06.01.57:842][  0]LogModuleManager: Shutting down and abandoning module MRMesh (256)
[2023.03.10-06.01.57:842][  0]LogModuleManager: Shutting down and abandoning module SourceCodeAccess (254)
[2023.03.10-06.01.57:842][  0]LogModuleManager: Shutting down and abandoning module HeadMountedDisplay (252)
[2023.03.10-06.01.57:843][  0]LogModuleManager: Shutting down and abandoning module XAudio2 (250)
[2023.03.10-06.01.57:843][  0]LogModuleManager: Shutting down and abandoning module Networking (248)
[2023.03.10-06.01.57:843][  0]LogModuleManager: Shutting down and abandoning module Core (246)
[2023.03.10-06.01.57:843][  0]LogModuleManager: Shutting down and abandoning module MaterialEditor (244)
[2023.03.10-06.01.57:843][  0]LogModuleManager: Shutting down and abandoning module Settings (243)
[2023.03.10-06.01.57:843][  0]LogModuleManager: Shutting down and abandoning module MovieSceneTools (240)
[2023.03.10-06.01.57:843][  0]LogModuleManager: Shutting down and abandoning module CurveEditor (239)
[2023.03.10-06.01.57:843][  0]LogModuleManager: Shutting down and abandoning module Sequencer (237)
[2023.03.10-06.01.57:843][  0]LogModuleManager: Shutting down and abandoning module EditorStyle (236)
[2023.03.10-06.01.57:843][  0]LogModuleManager: Shutting down and abandoning module KismetCompiler (232)
[2023.03.10-06.01.57:843][  0]LogModuleManager: Shutting down and abandoning module MeshBuilder (230)
[2023.03.10-06.01.57:843][  0]LogModuleManager: Shutting down and abandoning module MeshUtilities (228)
[2023.03.10-06.01.57:843][  0]LogModuleManager: Shutting down and abandoning module MeshMergeUtilities (227)
[2023.03.10-06.01.57:843][  0]LogModuleManager: Shutting down and abandoning module MeshReductionInterface (226)
[2023.03.10-06.01.57:843][  0]LogModuleManager: Shutting down and abandoning module MeshBoneReduction (225)
[2023.03.10-06.01.57:844][  0]LogModuleManager: Shutting down and abandoning module SkeletalMeshReduction (223)
[2023.03.10-06.01.57:844][  0]LogModuleManager: Shutting down and abandoning module ProxyLODMeshReduction (221)
[2023.03.10-06.01.57:844][  0]LogModuleManager: Shutting down and abandoning module QuadricMeshReduction (219)
[2023.03.10-06.01.57:844][  0]LogModuleManager: Shutting down and abandoning module MaterialBaking (215)
[2023.03.10-06.01.57:844][  0]LogModuleManager: Shutting down and abandoning module DirectoryWatcher (211)
[2023.03.10-06.01.57:844][  0]LogModuleManager: Shutting down and abandoning module NullInstallBundleManager (208)
[2023.03.10-06.01.57:844][  0]LogModuleManager: Shutting down and abandoning module DerivedDataCache (206)
[2023.03.10-06.01.57:844][  0]LogModuleManager: Shutting down and abandoning module TargetPlatform (204)
[2023.03.10-06.01.57:844][  0]LogModuleManager: Shutting down and abandoning module VulkanShaderFormat (203)
[2023.03.10-06.01.57:844][  0]LogModuleManager: Shutting down and abandoning module ShaderFormatVectorVM (201)
[2023.03.10-06.01.57:844][  0]LogModuleManager: Shutting down and abandoning module ShaderFormatOpenGL (199)
[2023.03.10-06.01.57:844][  0]LogModuleManager: Shutting down and abandoning module ShaderFormatD3D (197)
[2023.03.10-06.01.57:844][  0]LogModuleManager: Shutting down and abandoning module MetalShaderFormat (195)
[2023.03.10-06.01.57:844][  0]LogModuleManager: Shutting down and abandoning module TextureFormatOodle (193)
[2023.03.10-06.01.57:844][  0]LogModuleManager: Shutting down and abandoning module TextureFormatUncompressed (191)
[2023.03.10-06.01.57:844][  0]LogModuleManager: Shutting down and abandoning module TextureFormatPVR (189)
[2023.03.10-06.01.57:844][  0]LogModuleManager: Shutting down and abandoning module TextureFormatETC2 (187)
[2023.03.10-06.01.57:844][  0]LogModuleManager: Shutting down and abandoning module TextureFormatDXT (185)
[2023.03.10-06.01.57:844][  0]LogModuleManager: Shutting down and abandoning module TextureFormatIntelISPCTexComp (183)
[2023.03.10-06.01.57:844][  0]LogModuleManager: Shutting down and abandoning module TextureFormatASTC (181)
[2023.03.10-06.01.57:844][  0]LogModuleManager: Shutting down and abandoning module ImageWrapper (180)
[2023.03.10-06.01.57:844][  0]LogModuleManager: Shutting down and abandoning module AudioFormatOpus (177)
[2023.03.10-06.01.57:844][  0]LogModuleManager: Shutting down and abandoning module AudioFormatOgg (175)
[2023.03.10-06.01.57:844][  0]LogModuleManager: Shutting down and abandoning module AudioFormatADPCM (173)
[2023.03.10-06.01.57:844][  0]LogModuleManager: Shutting down and abandoning module WindowsServerTargetPlatform (171)
[2023.03.10-06.01.57:844][  0]LogModuleManager: Shutting down and abandoning module WindowsClientTargetPlatform (169)
[2023.03.10-06.01.57:844][  0]LogModuleManager: Shutting down and abandoning module WindowsTargetPlatform (167)
[2023.03.10-06.01.57:844][  0]LogModuleManager: Shutting down and abandoning module WindowsNoEditorTargetPlatform (165)
[2023.03.10-06.01.57:844][  0]LogModuleManager: Shutting down and abandoning module TVOSTargetPlatform (163)
[2023.03.10-06.01.57:845][  0]LogModuleManager: Shutting down and abandoning module MacServerTargetPlatform (161)
[2023.03.10-06.01.57:845][  0]LogModuleManager: Shutting down and abandoning module MacClientTargetPlatform (159)
[2023.03.10-06.01.57:845][  0]LogModuleManager: Shutting down and abandoning module MacTargetPlatform (157)
[2023.03.10-06.01.57:845][  0]LogModuleManager: Shutting down and abandoning module MacNoEditorTargetPlatform (155)
[2023.03.10-06.01.57:845][  0]LogModuleManager: Shutting down and abandoning module LuminTargetPlatform (153)
[2023.03.10-06.01.57:845][  0]LogModuleManager: Shutting down and abandoning module LinuxAArch64ServerTargetPlatform (151)
[2023.03.10-06.01.57:845][  0]LogModuleManager: Shutting down and abandoning module LinuxAArch64ClientTargetPlatform (149)
[2023.03.10-06.01.57:845][  0]LogModuleManager: Shutting down and abandoning module LinuxAArch64NoEditorTargetPlatform (147)
[2023.03.10-06.01.57:845][  0]LogModuleManager: Shutting down and abandoning module LinuxServerTargetPlatform (145)
[2023.03.10-06.01.57:845][  0]LogModuleManager: Shutting down and abandoning module LinuxClientTargetPlatform (143)
[2023.03.10-06.01.57:845][  0]LogModuleManager: Shutting down and abandoning module LinuxNoEditorTargetPlatform (141)
[2023.03.10-06.01.57:845][  0]LogModuleManager: Shutting down and abandoning module LinuxTargetPlatform (139)
[2023.03.10-06.01.57:845][  0]LogModuleManager: Shutting down and abandoning module Messaging (137)
[2023.03.10-06.01.57:845][  0]LogModuleManager: Shutting down and abandoning module IOSTargetPlatform (135)
[2023.03.10-06.01.57:845][  0]LogModuleManager: Shutting down and abandoning module AndroidTargetPlatform (133)
[2023.03.10-06.01.57:848][  0]LogModuleManager: Shutting down and abandoning module AllDesktopTargetPlatform (131)
[2023.03.10-06.01.57:848][  0]LogModuleManager: Shutting down and abandoning module NullDrv (128)
[2023.03.10-06.01.57:848][  0]LogModuleManager: Shutting down and abandoning module PhysXCooking (126)
[2023.03.10-06.01.57:848][  0]LogModuleManager: Shutting down and abandoning module Chaos (124)
[2023.03.10-06.01.57:848][  0]LogModuleManager: Shutting down and abandoning module WindowsPlatformFeatures (122)
[2023.03.10-06.01.57:848][  0]LogModuleManager: Shutting down and abandoning module GameplayMediaEncoder (121)
[2023.03.10-06.01.57:848][  0]LogModuleManager: Shutting down and abandoning module AVEncoder (120)
[2023.03.10-06.01.57:848][  0]LogModuleManager: Shutting down and abandoning module ExampleDeviceProfileSelector (116)
[2023.03.10-06.01.57:848][  0]LogModuleManager: Shutting down and abandoning module SteamVRInputDevice (114)
[2023.03.10-06.01.57:848][  0]LogModuleManager: Shutting down and abandoning module SteamVRInput (112)
[2023.03.10-06.01.57:848][  0]LogModuleManager: Shutting down and abandoning module SteamVR (110)
[2023.03.10-06.01.57:848][  0]LogHMD: Freeing OpenVRDLLHandle.
[2023.03.10-06.01.57:848][  0]LogModuleManager: Shutting down and abandoning module OculusHMD (108)
[2023.03.10-06.01.57:848][  0]LogModuleManager: Shutting down and abandoning module OpenXRHandTracking (106)
[2023.03.10-06.01.57:848][  0]LogModuleManager: Shutting down and abandoning module OpenXREyeTracker (104)
[2023.03.10-06.01.57:848][  0]LogModuleManager: Shutting down and abandoning module OpenXRAR (102)
[2023.03.10-06.01.57:848][  0]LogModuleManager: Shutting down and abandoning module AugmentedReality (101)
[2023.03.10-06.01.57:848][  0]LogModuleManager: Shutting down and abandoning module OpenXRHMD (98)
[2023.03.10-06.01.57:848][  0]LogModuleManager: Shutting down and abandoning module ChunkDownloader (96)
[2023.03.10-06.01.57:848][  0]LogModuleManager: Shutting down and abandoning module OnlineBlueprintSupport (94)
[2023.03.10-06.01.57:848][  0]LogModuleManager: Shutting down and abandoning module LauncherChunkInstaller (90)
[2023.03.10-06.01.57:848][  0]LogModuleManager: Shutting down and abandoning module OnlineSubsystem (88)
[2023.03.10-06.01.57:850][  0]LogModuleManager: Shutting down and abandoning module XMPP (83)
[2023.03.10-06.01.57:850][  0]LogModuleManager: Shutting down and abandoning module WebSockets (82)
[2023.03.10-06.01.57:873][  0]LogModuleManager: Shutting down and abandoning module HTTP (79)
[2023.03.10-06.01.57:873][  0]LogHttp: Display: cleaning up 0 outstanding Http requests.
[2023.03.10-06.01.57:890][  0]LogModuleManager: Shutting down and abandoning module SSL (78)
[2023.03.10-06.01.57:891][  0]LogModuleManager: Shutting down and abandoning module MLSDK (74)
[2023.03.10-06.01.57:891][  0]LogModuleManager: Shutting down and abandoning module WmfMedia (72)
[2023.03.10-06.01.57:892][  0]LogModuleManager: Shutting down and abandoning module Media (71)
[2023.03.10-06.01.57:892][  0]LogModuleManager: Shutting down and abandoning module MediaInfo (70)
[2023.03.10-06.01.57:892][  0]LogModuleManager: Shutting down and abandoning module ExrReaderGpu (66)
[2023.03.10-06.01.57:892][  0]LogModuleManager: Shutting down and abandoning module MagicLeap (64)
[2023.03.10-06.01.57:892][  0]LogModuleManager: Shutting down and abandoning module ChaosCloth (62)
[2023.03.10-06.01.57:892][  0]LogModuleManager: Shutting down and abandoning module NiagaraVertexFactories (60)
[2023.03.10-06.01.57:892][  0]LogModuleManager: Shutting down and abandoning module NiagaraShader (58)
[2023.03.10-06.01.57:892][  0]LogModuleManager: Shutting down and abandoning module VariantManagerContent (56)
[2023.03.10-06.01.57:893][  0]LogModuleManager: Shutting down and abandoning module PixWinPlugin (54)
[2023.03.10-06.01.57:893][  0]LogModuleManager: Shutting down and abandoning module DatasmithContent (52)
[2023.03.10-06.01.57:893][  0]LogModuleManager: Shutting down and abandoning module AISupportModule (50)
[2023.03.10-06.01.57:893][  0]LogModuleManager: Shutting down and abandoning module DesktopPlatform (48)
[2023.03.10-06.01.57:893][  0]LogModuleManager: Shutting down and abandoning module PythonScriptPluginPreload (46)
[2023.03.10-06.01.57:893][  0]LogModuleManager: Shutting down and abandoning module PlatformCryptoOpenSSL (44)
[2023.03.10-06.01.57:893][  0]LogModuleManager: Shutting down and abandoning module PlatformCryptoTypes (42)
[2023.03.10-06.01.57:893][  0]LogModuleManager: Shutting down and abandoning module PlatformCrypto (40)
[2023.03.10-06.01.57:893][  0]LogModuleManager: Shutting down and abandoning module OodleDataCompressionFormat (38)
[2023.03.10-06.01.57:893][  0]LogModuleManager: Shutting down and abandoning module XGEController (36)
[2023.03.10-06.01.57:893][  0]LogModuleManager: Shutting down and abandoning module AnimationModifiers (34)
[2023.03.10-06.01.57:893][  0]LogModuleManager: Shutting down and abandoning module AudioEditor (32)
[2023.03.10-06.01.57:893][  0]LogModuleManager: Shutting down and abandoning module PropertyEditor (31)
[2023.03.10-06.01.57:893][  0]LogModuleManager: Shutting down and abandoning module TextureCompressor (28)
[2023.03.10-06.01.57:893][  0]LogModuleManager: Shutting down and abandoning module RenderCore (26)
[2023.03.10-06.01.57:893][  0]LogModuleManager: Shutting down and abandoning module Landscape (24)
[2023.03.10-06.01.57:893][  0]LogModuleManager: Shutting down and abandoning module SlateRHIRenderer (22)
[2023.03.10-06.01.57:893][  0]LogModuleManager: Shutting down and abandoning module AnimGraphRuntime (20)
[2023.03.10-06.01.57:893][  0]LogModuleManager: Shutting down and abandoning module Renderer (18)
[2023.03.10-06.01.57:893][  0]LogModuleManager: Shutting down and abandoning module Engine (16)
[2023.03.10-06.01.57:893][  0]LogModuleManager: Shutting down and abandoning module CoreUObject (14)
[2023.03.10-06.01.57:893][  0]LogModuleManager: Shutting down and abandoning module NetworkFile (12)
[2023.03.10-06.01.57:893][  0]LogModuleManager: Shutting down and abandoning module CookedIterativeFile (10)
[2023.03.10-06.01.57:894][  0]LogModuleManager: Shutting down and abandoning module StreamingFile (8)
[2023.03.10-06.01.57:894][  0]LogModuleManager: Shutting down and abandoning module SandboxFile (6)
[2023.03.10-06.01.57:894][  0]LogModuleManager: Shutting down and abandoning module PakFile (4)
[2023.03.10-06.01.57:894][  0]LogModuleManager: Shutting down and abandoning module RSA (3)
[2023.03.10-06.01.57:919][  0]LogContentStreaming: Display: There are 1 unreleased StreamingManagers
[2023.03.10-06.01.57:927][  0]LogExit: Exiting.
[2023.03.10-06.01.57:942][  0]Log file closed, 03/10/23 06:01:57
