Log file open, 04/17/23 14:56:41
LogWindows: Failed to load 'aqProf.dll' (GetLastError=126)
LogWindows: File 'aqProf.dll' does not exist
LogWindows: Failed to load 'VtuneApi.dll' (GetLastError=126)
LogWindows: File 'VtuneApi.dll' does not exist
LogWindows: Failed to load 'VtuneApi32e.dll' (GetLastError=126)
LogWindows: File 'VtuneApi32e.dll' does not exist
LogConsoleResponse: Display: Failed to find resolution value strings in scalability ini. Falling back to default.
LogConsoleResponse: Display: Failed to find resolution value strings in scalability ini. Falling back to default.
LogInit: Display: Running engine for game: Twonic
LogPlatformFile: Not using cached read wrapper
LogTaskGraph: Started task graph with 5 named threads and 35 total threads with 3 sets of task threads.
LogStats: Stats thread started at 13.159642
LogICUInternationalization: ICU TimeZone Detection - Raw Offset: +0:00, Platform Override: ''
LogInit: Display: Loading text-based GConfig....
LogPluginManager: Mounting plugin MeshPainting
LogPluginManager: Mounting plugin XGEController
LogPluginManager: Mounting plugin Paper2D
LogPluginManager: Mounting plugin LiveLink
LogPluginManager: Mounting plugin EnvironmentQueryEditor
LogPluginManager: Mounting plugin AISupport
LogPluginManager: Mounting plugin LightPropagationVolume
LogPluginManager: Mounting plugin CameraShakePreviewer
LogPluginManager: Mounting plugin GameplayCameras
LogPluginManager: Mounting plugin OodleData
LogPluginManager: Mounting plugin AnimationSharing
LogPluginManager: Mounting plugin OodleNetwork
LogPluginManager: Mounting plugin CodeLiteSourceCodeAccess
LogPluginManager: Mounting plugin CLionSourceCodeAccess
LogPluginManager: Mounting plugin KDevelopSourceCodeAccess
LogPluginManager: Mounting plugin GitSourceControl
LogPluginManager: Mounting plugin NullSourceCodeAccess
LogPluginManager: Mounting plugin PerforceSourceControl
LogPluginManager: Mounting plugin PluginUtils
LogPluginManager: Mounting plugin PixWinPlugin
LogPluginManager: Mounting plugin PropertyAccessNode
LogPluginManager: Mounting plugin PlasticSourceControl
LogPluginManager: Mounting plugin RiderSourceCodeAccess
LogPluginManager: Mounting plugin SubversionSourceControl
LogPluginManager: Mounting plugin TextureFormatOodle
LogPluginManager: Mounting plugin UObjectPlugin
LogPluginManager: Mounting plugin DatasmithContent
LogPluginManager: Mounting plugin VariantManagerContent
LogPluginManager: Mounting plugin AssetManagerEditor
LogPluginManager: Mounting plugin AlembicImporter
LogPluginManager: Mounting plugin BackChannel
LogPluginManager: Mounting plugin ChaosClothEditor
LogPluginManager: Mounting plugin AutomationUtils
LogPluginManager: Mounting plugin ChaosCloth
LogPluginManager: Mounting plugin ChaosNiagara
LogPluginManager: Mounting plugin ChaosEditor
LogPluginManager: Mounting plugin CharacterAI
LogPluginManager: Mounting plugin ChaosSolverPlugin
LogPluginManager: Mounting plugin CryptoKeys
LogPluginManager: Mounting plugin CurveEditorTools
LogPluginManager: Mounting plugin GeometryCache
LogPluginManager: Mounting plugin DataValidation
LogPluginManager: Mounting plugin GeometryCollectionPlugin
LogPluginManager: Mounting plugin FacialAnimation
LogPluginManager: Mounting plugin GameplayTagsEditor
LogPluginManager: Mounting plugin MacGraphicsSwitching
LogPluginManager: Mounting plugin GeometryMode
LogPluginManager: Mounting plugin MaterialAnalyzer
LogPluginManager: Mounting plugin MobileLauncherProfileWizard
LogPluginManager: Mounting plugin PluginBrowser
LogPluginManager: Mounting plugin SpeedTreeImporter
LogPluginManager: Mounting plugin GeometryProcessing
LogPluginManager: Mounting plugin OpenImageDenoise
LogPluginManager: Mounting plugin MotoSynth
LogPluginManager: Mounting plugin PlatformCrypto
LogPluginManager: Mounting plugin PlanarCut
LogPluginManager: Mounting plugin ProxyLODPlugin
LogPluginManager: Mounting plugin PythonScriptPlugin
LogPluginManager: Mounting plugin SkeletalReduction
LogPluginManager: Mounting plugin Niagara
LogPluginManager: Mounting plugin LuminPlatformFeatures
LogPluginManager: Mounting plugin MagicLeap
LogPluginManager: Mounting plugin MagicLeapMedia
LogPluginManager: Mounting plugin MagicLeapLightEstimation
LogPluginManager: Mounting plugin MLSDK
LogPluginManager: Mounting plugin MagicLeapPassableWorld
LogPluginManager: Mounting plugin AndroidMedia
LogPluginManager: Mounting plugin AvfMedia
LogPluginManager: Mounting plugin ImgMedia
LogPluginManager: Mounting plugin WebMMedia
LogPluginManager: Mounting plugin WmfMedia
LogPluginManager: Mounting plugin MediaCompositing
LogPluginManager: Mounting plugin ActorSequence
LogPluginManager: Mounting plugin MediaPlayerEditor
LogPluginManager: Mounting plugin LevelSequenceEditor
LogPluginManager: Mounting plugin MatineeToLevelSequence
LogPluginManager: Mounting plugin LauncherChunkInstaller
LogPluginManager: Mounting plugin TemplateSequence
LogPluginManager: Mounting plugin ActorLayerUtilities
LogPluginManager: Mounting plugin AndroidDeviceProfileSelector
LogPluginManager: Mounting plugin AndroidMoviePlayer
LogPluginManager: Mounting plugin AndroidPermission
LogPluginManager: Mounting plugin AppleMoviePlayer
LogPluginManager: Mounting plugin ArchVisCharacter
LogPluginManager: Mounting plugin AssetTags
LogPluginManager: Mounting plugin AudioCapture
LogPluginManager: Mounting plugin AudioSynesthesia
LogPluginManager: Mounting plugin AppleImageUtils
LogPluginManager: Mounting plugin CableComponent
LogPluginManager: Mounting plugin ChunkDownloader
LogPluginManager: Mounting plugin EditableMesh
LogPluginManager: Mounting plugin CustomMeshComponent
LogPluginManager: Mounting plugin ExampleDeviceProfileSelector
LogPluginManager: Mounting plugin GooglePAD
LogPluginManager: Mounting plugin UdpMessaging
LogPluginManager: Mounting plugin GoogleCloudMessaging
LogPluginManager: Mounting plugin TcpMessaging
LogPluginManager: Mounting plugin IOSDeviceProfileSelector
LogPluginManager: Mounting plugin LinuxDeviceProfileSelector
LogPluginManager: Mounting plugin LocationServicesBPLibrary
LogPluginManager: Mounting plugin MobilePatchingUtils
LogPluginManager: Mounting plugin OpenXREyeTracker
LogPluginManager: Mounting plugin OpenXR
LogPluginManager: Mounting plugin OnlineSubsystem
LogPluginManager: Mounting plugin OnlineSubsystemNull
LogPluginManager: Mounting plugin OnlineSubsystemUtils
LogPluginManager: Mounting plugin OpenXRHandTracking
LogPluginManager: Mounting plugin PostSplashScreen
LogPluginManager: Mounting plugin PropertyAccessEditor
LogPluginManager: Mounting plugin PhysXVehicles
LogPluginManager: Mounting plugin ProceduralMeshComponent
LogPluginManager: Mounting plugin Synthesis
LogPluginManager: Mounting plugin SoundFields
LogPluginManager: Mounting plugin SignificanceManager
LogPluginManager: Mounting plugin RuntimePhysXCooking
LogPluginManager: Mounting plugin VisualStudioCodeSourceCodeAccess
LogPluginManager: Mounting plugin VisualStudioSourceCodeAccess
LogPluginManager: Mounting plugin XCodeSourceCodeAccess
LogPluginManager: Mounting plugin WindowsMoviePlayer
LogPluginManager: Mounting plugin ScreenshotTools
LogPluginManager: Mounting plugin WebMMoviePlayer
LogPluginManager: Mounting plugin Takes
LogPluginManager: Mounting plugin ContentBrowserAssetDataSource
LogPluginManager: Mounting plugin ContentBrowserClassDataSource
LogPluginManager: Mounting plugin ContentBrowserFileDataSource
LogPluginManager: Mounting plugin OnlineSubsystemGooglePlay
LogPluginManager: Mounting plugin OculusVR
LogPluginManager: Mounting plugin OnlineSubsystemIOS
LogPluginManager: Mounting plugin SteamVR
PixWinPlugin: PIX capture plugin failed to initialize! Check that the process is launched from PIX.
LogInit: Using libcurl 7.55.1-DEV
LogInit:  - built for x86_64-pc-win32
LogInit:  - supports SSL with OpenSSL/1.1.1
LogInit:  - supports HTTP deflate (compression) using libz 1.2.8
LogInit:  - other features:
LogInit:      CURL_VERSION_SSL
LogInit:      CURL_VERSION_LIBZ
LogInit:      CURL_VERSION_IPV6
LogInit:      CURL_VERSION_ASYNCHDNS
LogInit:      CURL_VERSION_LARGEFILE
LogInit:      CURL_VERSION_IDN
LogInit:  CurlRequestOptions (configurable via config and command line):
LogInit:  - bVerifyPeer = true  - Libcurl will verify peer certificate
LogInit:  - bUseHttpProxy = false  - Libcurl will NOT use HTTP proxy
LogInit:  - bDontReuseConnections = false  - Libcurl will reuse connections
LogInit:  - MaxHostConnections = 16  - Libcurl will limit the number of connections to a host
LogInit:  - LocalHostAddr = Default
LogInit:  - BufferSize = 65536
LogOnline: OSS: Creating online subsystem instance for: NULL
LogInit: WinSock: version 1.1 (2.2), MaxSocks=32767, MaxUdp=65467
LogOnline: OSS: TryLoadSubsystemAndSetDefault: Loaded subsystem for module [NULL]
LogOculusPluginWrapper: OculusPlugin initialized successfully
LogHMD: Failed initializing OVRPlugin 1.59.0
LogInit: Build: ++UE4+Release-4.27-CL-18319896
LogInit: Engine Version: 4.27.2-18319896+++UE4+Release-4.27
LogInit: Compatible Engine Version: 4.27.0-17155196+++UE4+Release-4.27
LogInit: Net CL: 17155196
LogInit: OS: Windows 10 (Release 2009) (), CPU: Intel(R) Core(TM) i7-10750H CPU @ 2.60GHz, GPU: Intel(R) UHD Graphics
LogInit: Compiled (64-bit): Nov 30 2021 07:12:08
LogInit: Compiled with Visual C++: 19.24.28315.00
LogInit: Build Configuration: Development
LogInit: Branch Name: ++UE4+Release-4.27
LogInit: Command Line: 
LogInit: Base Directory: D:/UNREAL ENGINE VERSIONS/UE_4.27/Engine/Binaries/Win64/
LogInit: Allocator: TBB
LogInit: Installed Engine Build: 1
LogDevObjectVersion: Number of dev versions registered: 29
LogDevObjectVersion:   Dev-Blueprints (B0D832E4-1F89-4F0D-ACCF-7EB736FD4AA2): 10
LogDevObjectVersion:   Dev-Build (E1C64328-A22C-4D53-A36C-8E866417BD8C): 0
LogDevObjectVersion:   Dev-Core (375EC13C-06E4-48FB-B500-84F0262A717E): 4
LogDevObjectVersion:   Dev-Editor (E4B068ED-F494-42E9-A231-DA0B2E46BB41): 40
LogDevObjectVersion:   Dev-Framework (CFFC743F-43B0-4480-9391-14DF171D2073): 37
LogDevObjectVersion:   Dev-Mobile (B02B49B5-BB20-44E9-A304-32B752E40360): 3
LogDevObjectVersion:   Dev-Networking (A4E4105C-59A1-49B5-A7C5-40C4547EDFEE): 0
LogDevObjectVersion:   Dev-Online (39C831C9-5AE6-47DC-9A44-9C173E1C8E7C): 0
LogDevObjectVersion:   Dev-Physics (78F01B33-EBEA-4F98-B9B4-84EACCB95AA2): 14
LogDevObjectVersion:   Dev-Platform (6631380F-2D4D-43E0-8009-CF276956A95A): 0
LogDevObjectVersion:   Dev-Rendering (12F88B9F-8875-4AFC-A67C-D90C383ABD29): 45
LogDevObjectVersion:   Dev-Sequencer (7B5AE74C-D270-4C10-A958-57980B212A5A): 13
LogDevObjectVersion:   Dev-VR (D7296918-1DD6-4BDD-9DE2-64A83CC13884): 3
LogDevObjectVersion:   Dev-LoadTimes (C2A15278-BFE7-4AFE-6C17-90FF531DF755): 1
LogDevObjectVersion:   Private-Geometry (6EACA3D4-40EC-4CC1-B786-8BED09428FC5): 3
LogDevObjectVersion:   Dev-AnimPhys (29E575DD-E0A3-4627-9D10-D276232CDCEA): 17
LogDevObjectVersion:   Dev-Anim (AF43A65D-7FD3-4947-9873-3E8ED9C1BB05): 15
LogDevObjectVersion:   Dev-ReflectionCapture (6B266CEC-1EC7-4B8F-A30B-E4D90942FC07): 1
LogDevObjectVersion:   Dev-Automation (0DF73D61-A23F-47EA-B727-89E90C41499A): 1
LogDevObjectVersion:   FortniteMain (601D1886-AC64-4F84-AA16-D3DE0DEAC7D6): 47
LogDevObjectVersion:   FortniteRelease (E7086368-6B23-4C58-8439-1B7016265E91): 1
LogDevObjectVersion:   Dev-Enterprise (9DFFBCD6-494F-0158-E221-12823C92A888): 10
LogDevObjectVersion:   Dev-Niagara (F2AED0AC-9AFE-416F-8664-AA7FFA26D6FC): 1
LogDevObjectVersion:   Dev-Destruction (174F1F0B-B4C6-45A5-B13F-2EE8D0FB917D): 10
LogDevObjectVersion:   Dev-Physics-Ext (35F94A83-E258-406C-A318-09F59610247C): 41
LogDevObjectVersion:   Dev-PhysicsMaterial-Chaos (B68FC16E-8B1B-42E2-B453-215C058844FE): 1
LogDevObjectVersion:   Dev-CineCamera (B2E18506-4273-CFC2-A54E-F4BB758BBA07): 1
LogDevObjectVersion:   Dev-VirtualProduction (64F58936-FD1B-42BA-BA96-7289D5D0FA4E): 1
LogDevObjectVersion:   Dev-MediaFramework (6F0ED827-A609-4895-9C91-998D90180EA4): 2
LogInit: Presizing for max 25165824 objects, including 0 objects not considered by GC, pre-allocating 0 bytes for permanent pool.
LogConfig: Applying CVar settings from Section [/Script/Engine.StreamingSettings] File [C:/Users/allin/Desktop/-Journeyman-Twonic---Alpha-Team/-Journeyman-Twonic---Alpha-Team/Twonic/Saved/Config/Windows/Engine.ini]
LogConfig: Setting CVar [[s.MinBulkDataSizeForAsyncLoading:131072]]
LogConfig: Setting CVar [[s.AsyncLoadingThreadEnabled:0]]
LogConfig: Setting CVar [[s.EventDrivenLoaderEnabled:1]]
LogConfig: Setting CVar [[s.WarnIfTimeLimitExceeded:0]]
LogConfig: Setting CVar [[s.TimeLimitExceededMultiplier:1.5]]
LogConfig: Setting CVar [[s.TimeLimitExceededMinTime:0.005]]
LogConfig: Setting CVar [[s.UseBackgroundLevelStreaming:1]]
LogConfig: Setting CVar [[s.PriorityAsyncLoadingExtraTime:15.0]]
LogConfig: Setting CVar [[s.LevelStreamingActorsUpdateTimeLimit:5.0]]
LogConfig: Setting CVar [[s.PriorityLevelStreamingActorsUpdateExtraTime:5.0]]
LogConfig: Setting CVar [[s.LevelStreamingComponentsRegistrationGranularity:10]]
LogConfig: Setting CVar [[s.UnregisterComponentsTimeLimit:1.0]]
LogConfig: Setting CVar [[s.LevelStreamingComponentsUnregistrationGranularity:5]]
LogConfig: Setting CVar [[s.FlushStreamingOnExit:1]]
LogInit: Object subsystem initialized
LogConfig: Setting CVar [[con.DebugEarlyDefault:1]]
LogConfig: Setting CVar [[r.setres:1280x720]]
[2023.04.17-13.56.52:833][  0]LogConfig: Setting CVar [[r.VSync:0]]
[2023.04.17-13.56.52:833][  0]LogConfig: Setting CVar [[r.RHICmdBypass:0]]
[2023.04.17-13.56.52:833][  0]LogConfig: Applying CVar settings from Section [/Script/Engine.RendererSettings] File [C:/Users/allin/Desktop/-Journeyman-Twonic---Alpha-Team/-Journeyman-Twonic---Alpha-Team/Twonic/Saved/Config/Windows/Engine.ini]
[2023.04.17-13.56.52:833][  0]LogConfig: Setting CVar [[r.GPUCrashDebugging:0]]
[2023.04.17-13.56.52:833][  0]LogConfig: Setting CVar [[r.ForwardShading:0]]
[2023.04.17-13.56.52:833][  0]LogConfig: Setting CVar [[r.GenerateMeshDistanceFields:1]]
[2023.04.17-13.56.52:833][  0]LogConfig: Setting CVar [[r.DefaultFeature.AutoExposure:0]]
[2023.04.17-13.56.52:833][  0]LogConfig: Setting CVar [[r.CustomDepth:3]]
[2023.04.17-13.56.52:833][  0]LogConfig: Applying CVar settings from Section [/Script/Engine.RendererOverrideSettings] File [C:/Users/allin/Desktop/-Journeyman-Twonic---Alpha-Team/-Journeyman-Twonic---Alpha-Team/Twonic/Saved/Config/Windows/Engine.ini]
[2023.04.17-13.56.52:833][  0]LogConfig: Applying CVar settings from Section [/Script/Engine.StreamingSettings] File [C:/Users/allin/Desktop/-Journeyman-Twonic---Alpha-Team/-Journeyman-Twonic---Alpha-Team/Twonic/Saved/Config/Windows/Engine.ini]
[2023.04.17-13.56.52:833][  0]LogConfig: Setting CVar [[s.MinBulkDataSizeForAsyncLoading:131072]]
[2023.04.17-13.56.52:833][  0]LogConfig: Setting CVar [[s.AsyncLoadingThreadEnabled:0]]
[2023.04.17-13.56.52:833][  0]LogConfig: Setting CVar [[s.EventDrivenLoaderEnabled:1]]
[2023.04.17-13.56.52:833][  0]LogConfig: Setting CVar [[s.WarnIfTimeLimitExceeded:0]]
[2023.04.17-13.56.52:833][  0]LogConfig: Setting CVar [[s.TimeLimitExceededMultiplier:1.5]]
[2023.04.17-13.56.52:833][  0]LogConfig: Setting CVar [[s.TimeLimitExceededMinTime:0.005]]
[2023.04.17-13.56.52:833][  0]LogConfig: Setting CVar [[s.UseBackgroundLevelStreaming:1]]
[2023.04.17-13.56.52:833][  0]LogConfig: Setting CVar [[s.PriorityAsyncLoadingExtraTime:15.0]]
[2023.04.17-13.56.52:833][  0]LogConfig: Setting CVar [[s.LevelStreamingActorsUpdateTimeLimit:5.0]]
[2023.04.17-13.56.52:833][  0]LogConfig: Setting CVar [[s.PriorityLevelStreamingActorsUpdateExtraTime:5.0]]
[2023.04.17-13.56.52:833][  0]LogConfig: Setting CVar [[s.LevelStreamingComponentsRegistrationGranularity:10]]
[2023.04.17-13.56.52:833][  0]LogConfig: Setting CVar [[s.UnregisterComponentsTimeLimit:1.0]]
[2023.04.17-13.56.52:833][  0]LogConfig: Setting CVar [[s.LevelStreamingComponentsUnregistrationGranularity:5]]
[2023.04.17-13.56.52:834][  0]LogConfig: Setting CVar [[s.FlushStreamingOnExit:1]]
[2023.04.17-13.56.52:834][  0]LogConfig: Applying CVar settings from Section [/Script/Engine.GarbageCollectionSettings] File [C:/Users/allin/Desktop/-Journeyman-Twonic---Alpha-Team/-Journeyman-Twonic---Alpha-Team/Twonic/Saved/Config/Windows/Engine.ini]
[2023.04.17-13.56.52:834][  0]LogConfig: Setting CVar [[gc.MaxObjectsNotConsideredByGC:1]]
[2023.04.17-13.56.52:834][  0]LogConfig: Setting CVar [[gc.SizeOfPermanentObjectPool:0]]
[2023.04.17-13.56.52:834][  0]LogConfig: Setting CVar [[gc.FlushStreamingOnGC:0]]
[2023.04.17-13.56.52:834][  0]LogConfig: Setting CVar [[gc.NumRetriesBeforeForcingGC:10]]
[2023.04.17-13.56.52:834][  0]LogConfig: Setting CVar [[gc.AllowParallelGC:1]]
[2023.04.17-13.56.52:834][  0]LogConfig: Setting CVar [[gc.TimeBetweenPurgingPendingKillObjects:61.1]]
[2023.04.17-13.56.52:834][  0]LogConfig: Setting CVar [[gc.MaxObjectsInEditor:25165824]]
[2023.04.17-13.56.52:834][  0]LogConfig: Setting CVar [[gc.IncrementalBeginDestroyEnabled:1]]
[2023.04.17-13.56.52:834][  0]LogConfig: Setting CVar [[gc.CreateGCClusters:1]]
[2023.04.17-13.56.52:834][  0]LogConfig: Setting CVar [[gc.MinGCClusterSize:5]]
[2023.04.17-13.56.52:834][  0]LogConfig: Setting CVar [[gc.ActorClusteringEnabled:0]]
[2023.04.17-13.56.52:834][  0]LogConfig: Setting CVar [[gc.BlueprintClusteringEnabled:0]]
[2023.04.17-13.56.52:834][  0]LogConfig: Setting CVar [[gc.UseDisregardForGCOnDedicatedServers:0]]
[2023.04.17-13.56.52:834][  0]LogConfig: Setting CVar [[gc.MultithreadedDestructionEnabled:1]]
[2023.04.17-13.56.52:834][  0]LogConfig: Applying CVar settings from Section [/Script/Engine.NetworkSettings] File [C:/Users/allin/Desktop/-Journeyman-Twonic---Alpha-Team/-Journeyman-Twonic---Alpha-Team/Twonic/Saved/Config/Windows/Engine.ini]
[2023.04.17-13.56.52:834][  0]LogConfig: Applying CVar settings from Section [/Script/UnrealEd.CookerSettings] File [C:/Users/allin/Desktop/-Journeyman-Twonic---Alpha-Team/-Journeyman-Twonic---Alpha-Team/Twonic/Saved/Config/Windows/Engine.ini]
[2023.04.17-13.56.53:083][  0]LogConfig: Applying CVar settings from Section [ViewDistanceQuality@3] File [C:/Users/allin/Desktop/-Journeyman-Twonic---Alpha-Team/-Journeyman-Twonic---Alpha-Team/Twonic/Saved/Config/Windows/Scalability.ini]
[2023.04.17-13.56.53:083][  0]LogConfig: Setting CVar [[r.SkeletalMeshLODBias:0]]
[2023.04.17-13.56.53:083][  0]LogConfig: Setting CVar [[r.ViewDistanceScale:1.0]]
[2023.04.17-13.56.53:083][  0]LogConfig: Applying CVar settings from Section [AntiAliasingQuality@3] File [C:/Users/allin/Desktop/-Journeyman-Twonic---Alpha-Team/-Journeyman-Twonic---Alpha-Team/Twonic/Saved/Config/Windows/Scalability.ini]
[2023.04.17-13.56.53:083][  0]LogConfig: Setting CVar [[r.PostProcessAAQuality:4]]
[2023.04.17-13.56.53:083][  0]LogConfig: Applying CVar settings from Section [ShadowQuality@3] File [C:/Users/allin/Desktop/-Journeyman-Twonic---Alpha-Team/-Journeyman-Twonic---Alpha-Team/Twonic/Saved/Config/Windows/Scalability.ini]
[2023.04.17-13.56.53:083][  0]LogConfig: Setting CVar [[r.LightFunctionQuality:1]]
[2023.04.17-13.56.53:083][  0]LogConfig: Setting CVar [[r.ShadowQuality:5]]
[2023.04.17-13.56.53:083][  0]LogConfig: Setting CVar [[r.Shadow.CSM.MaxCascades:10]]
[2023.04.17-13.56.53:083][  0]LogConfig: Setting CVar [[r.Shadow.MaxResolution:2048]]
[2023.04.17-13.56.53:083][  0]LogConfig: Setting CVar [[r.Shadow.MaxCSMResolution:2048]]
[2023.04.17-13.56.53:083][  0]LogConfig: Setting CVar [[r.Shadow.RadiusThreshold:0.01]]
[2023.04.17-13.56.53:083][  0]LogConfig: Setting CVar [[r.Shadow.DistanceScale:1.0]]
[2023.04.17-13.56.53:083][  0]LogConfig: Setting CVar [[r.Shadow.CSM.TransitionScale:1.0]]
[2023.04.17-13.56.53:083][  0]LogConfig: Setting CVar [[r.Shadow.PreShadowResolutionFactor:1.0]]
[2023.04.17-13.56.53:083][  0]LogConfig: Setting CVar [[r.DistanceFieldShadowing:1]]
[2023.04.17-13.56.53:083][  0]LogConfig: Setting CVar [[r.DistanceFieldAO:1]]
[2023.04.17-13.56.53:083][  0]LogConfig: Setting CVar [[r.AOQuality:2]]
[2023.04.17-13.56.53:083][  0]LogConfig: Setting CVar [[r.VolumetricFog:1]]
[2023.04.17-13.56.53:083][  0]LogConfig: Setting CVar [[r.VolumetricFog.GridPixelSize:8]]
[2023.04.17-13.56.53:083][  0]LogConfig: Setting CVar [[r.VolumetricFog.GridSizeZ:128]]
[2023.04.17-13.56.53:083][  0]LogConfig: Setting CVar [[r.VolumetricFog.HistoryMissSupersampleCount:4]]
[2023.04.17-13.56.53:083][  0]LogConfig: Setting CVar [[r.LightMaxDrawDistanceScale:1]]
[2023.04.17-13.56.53:083][  0]LogConfig: Setting CVar [[r.CapsuleShadows:1]]
[2023.04.17-13.56.53:083][  0]LogConfig: Applying CVar settings from Section [PostProcessQuality@3] File [C:/Users/allin/Desktop/-Journeyman-Twonic---Alpha-Team/-Journeyman-Twonic---Alpha-Team/Twonic/Saved/Config/Windows/Scalability.ini]
[2023.04.17-13.56.53:083][  0]LogConfig: Setting CVar [[r.MotionBlurQuality:4]]
[2023.04.17-13.56.53:083][  0]LogConfig: Setting CVar [[r.AmbientOcclusionMipLevelFactor:0.4]]
[2023.04.17-13.56.53:083][  0]LogConfig: Setting CVar [[r.AmbientOcclusionMaxQuality:100]]
[2023.04.17-13.56.53:083][  0]LogConfig: Setting CVar [[r.AmbientOcclusionLevels:-1]]
[2023.04.17-13.56.53:083][  0]LogConfig: Setting CVar [[r.AmbientOcclusionRadiusScale:1.0]]
[2023.04.17-13.56.53:083][  0]LogConfig: Setting CVar [[r.DepthOfFieldQuality:2]]
[2023.04.17-13.56.53:083][  0]LogConfig: Setting CVar [[r.RenderTargetPoolMin:400]]
[2023.04.17-13.56.53:083][  0]LogConfig: Setting CVar [[r.LensFlareQuality:2]]
[2023.04.17-13.56.53:083][  0]LogConfig: Setting CVar [[r.SceneColorFringeQuality:1]]
[2023.04.17-13.56.53:083][  0]LogConfig: Setting CVar [[r.EyeAdaptationQuality:2]]
[2023.04.17-13.56.53:083][  0]LogConfig: Setting CVar [[r.BloomQuality:5]]
[2023.04.17-13.56.53:083][  0]LogConfig: Setting CVar [[r.FastBlurThreshold:100]]
[2023.04.17-13.56.53:083][  0]LogConfig: Setting CVar [[r.Upscale.Quality:3]]
[2023.04.17-13.56.53:083][  0]LogConfig: Setting CVar [[r.Tonemapper.GrainQuantization:1]]
[2023.04.17-13.56.53:083][  0]LogConfig: Setting CVar [[r.LightShaftQuality:1]]
[2023.04.17-13.56.53:083][  0]LogConfig: Setting CVar [[r.Filter.SizeScale:1]]
[2023.04.17-13.56.53:083][  0]LogConfig: Setting CVar [[r.Tonemapper.Quality:5]]
[2023.04.17-13.56.53:083][  0]LogConfig: Setting CVar [[r.DOF.Gather.AccumulatorQuality:1        ; higher gathering accumulator quality]]
[2023.04.17-13.56.53:083][  0]LogConfig: Setting CVar [[r.DOF.Gather.PostfilterMethod:1          ; Median3x3 postfilering method]]
[2023.04.17-13.56.53:083][  0]LogConfig: Setting CVar [[r.DOF.Gather.EnableBokehSettings:0       ; no bokeh simulation when gathering]]
[2023.04.17-13.56.53:083][  0]LogConfig: Setting CVar [[r.DOF.Gather.RingCount:4                 ; medium number of samples when gathering]]
[2023.04.17-13.56.53:083][  0]LogConfig: Setting CVar [[r.DOF.Scatter.ForegroundCompositing:1    ; additive foreground scattering]]
[2023.04.17-13.56.53:083][  0]LogConfig: Setting CVar [[r.DOF.Scatter.BackgroundCompositing:2    ; additive background scattering]]
[2023.04.17-13.56.53:083][  0]LogConfig: Setting CVar [[r.DOF.Scatter.EnableBokehSettings:1      ; bokeh simulation when scattering]]
[2023.04.17-13.56.53:083][  0]LogConfig: Setting CVar [[r.DOF.Scatter.MaxSpriteRatio:0.1         ; only a maximum of 10% of scattered bokeh]]
[2023.04.17-13.56.53:083][  0]LogConfig: Setting CVar [[r.DOF.Recombine.Quality:1                ; cheap slight out of focus]]
[2023.04.17-13.56.53:083][  0]LogConfig: Setting CVar [[r.DOF.Recombine.EnableBokehSettings:0    ; no bokeh simulation on slight out of focus]]
[2023.04.17-13.56.53:084][  0]LogConfig: Setting CVar [[r.DOF.TemporalAAQuality:1                ; more stable temporal accumulation]]
[2023.04.17-13.56.53:084][  0]LogConfig: Setting CVar [[r.DOF.Kernel.MaxForegroundRadius:0.025]]
[2023.04.17-13.56.53:084][  0]LogConfig: Setting CVar [[r.DOF.Kernel.MaxBackgroundRadius:0.025]]
[2023.04.17-13.56.53:084][  0]LogConfig: Applying CVar settings from Section [TextureQuality@3] File [C:/Users/allin/Desktop/-Journeyman-Twonic---Alpha-Team/-Journeyman-Twonic---Alpha-Team/Twonic/Saved/Config/Windows/Scalability.ini]
[2023.04.17-13.56.53:084][  0]LogConfig: Setting CVar [[r.Streaming.MipBias:0]]
[2023.04.17-13.56.53:084][  0]LogConfig: Setting CVar [[r.Streaming.AmortizeCPUToGPUCopy:0]]
[2023.04.17-13.56.53:084][  0]LogConfig: Setting CVar [[r.Streaming.MaxNumTexturesToStreamPerFrame:0]]
[2023.04.17-13.56.53:084][  0]LogConfig: Setting CVar [[r.Streaming.Boost:1]]
[2023.04.17-13.56.53:084][  0]LogConfig: Setting CVar [[r.MaxAnisotropy:8]]
[2023.04.17-13.56.53:084][  0]LogConfig: Setting CVar [[r.VT.MaxAnisotropy:8]]
[2023.04.17-13.56.53:084][  0]LogConfig: Setting CVar [[r.Streaming.LimitPoolSizeToVRAM:0]]
[2023.04.17-13.56.53:084][  0]LogConfig: Setting CVar [[r.Streaming.PoolSize:1000]]
[2023.04.17-13.56.53:084][  0]LogConfig: Setting CVar [[r.Streaming.MaxEffectiveScreenSize:0]]
[2023.04.17-13.56.53:084][  0]LogConfig: Applying CVar settings from Section [EffectsQuality@3] File [C:/Users/allin/Desktop/-Journeyman-Twonic---Alpha-Team/-Journeyman-Twonic---Alpha-Team/Twonic/Saved/Config/Windows/Scalability.ini]
[2023.04.17-13.56.53:084][  0]LogConfig: Setting CVar [[r.TranslucencyLightingVolumeDim:64]]
[2023.04.17-13.56.53:084][  0]LogConfig: Setting CVar [[r.RefractionQuality:2]]
[2023.04.17-13.56.53:084][  0]LogConfig: Setting CVar [[r.SSR.Quality:3]]
[2023.04.17-13.56.53:084][  0]LogConfig: Setting CVar [[r.SSR.HalfResSceneColor:0]]
[2023.04.17-13.56.53:084][  0]LogConfig: Setting CVar [[r.SceneColorFormat:4]]
[2023.04.17-13.56.53:084][  0]LogConfig: Setting CVar [[r.DetailMode:2]]
[2023.04.17-13.56.53:084][  0]LogConfig: Setting CVar [[r.TranslucencyVolumeBlur:1]]
[2023.04.17-13.56.53:084][  0]LogConfig: Setting CVar [[r.MaterialQualityLevel:1 ; High quality]]
[2023.04.17-13.56.53:084][  0]LogConfig: Setting CVar [[r.AnisotropicMaterials:1]]
[2023.04.17-13.56.53:084][  0]LogConfig: Setting CVar [[r.SSS.Scale:1]]
[2023.04.17-13.56.53:084][  0]LogConfig: Setting CVar [[r.SSS.SampleSet:2]]
[2023.04.17-13.56.53:084][  0]LogConfig: Setting CVar [[r.SSS.Quality:1]]
[2023.04.17-13.56.53:084][  0]LogConfig: Setting CVar [[r.SSS.HalfRes:0]]
[2023.04.17-13.56.53:084][  0]LogConfig: Setting CVar [[r.SSGI.Quality:3]]
[2023.04.17-13.56.53:084][  0]LogConfig: Setting CVar [[r.EmitterSpawnRateScale:1.0]]
[2023.04.17-13.56.53:084][  0]LogConfig: Setting CVar [[r.ParticleLightQuality:2]]
[2023.04.17-13.56.53:084][  0]LogConfig: Setting CVar [[r.SkyAtmosphere.AerialPerspectiveLUT.FastApplyOnOpaque:1 ; Always have FastSkyLUT 1 in this case to avoid wrong sky]]
[2023.04.17-13.56.53:084][  0]LogConfig: Setting CVar [[r.SkyAtmosphere.AerialPerspectiveLUT.SampleCountMaxPerSlice:4]]
[2023.04.17-13.56.53:084][  0]LogConfig: Setting CVar [[r.SkyAtmosphere.AerialPerspectiveLUT.DepthResolution:16.0]]
[2023.04.17-13.56.53:084][  0]LogConfig: Setting CVar [[r.SkyAtmosphere.FastSkyLUT:1]]
[2023.04.17-13.56.53:084][  0]LogConfig: Setting CVar [[r.SkyAtmosphere.FastSkyLUT.SampleCountMin:4.0]]
[2023.04.17-13.56.53:084][  0]LogConfig: Setting CVar [[r.SkyAtmosphere.FastSkyLUT.SampleCountMax:128.0]]
[2023.04.17-13.56.53:084][  0]LogConfig: Setting CVar [[r.SkyAtmosphere.SampleCountMin:4.0]]
[2023.04.17-13.56.53:084][  0]LogConfig: Setting CVar [[r.SkyAtmosphere.SampleCountMax:128.0]]
[2023.04.17-13.56.53:084][  0]LogConfig: Setting CVar [[r.SkyAtmosphere.TransmittanceLUT.UseSmallFormat:0]]
[2023.04.17-13.56.53:084][  0]LogConfig: Setting CVar [[r.SkyAtmosphere.TransmittanceLUT.SampleCount:10.0]]
[2023.04.17-13.56.53:084][  0]LogConfig: Setting CVar [[r.SkyAtmosphere.MultiScatteringLUT.SampleCount:15.0]]
[2023.04.17-13.56.53:084][  0]LogConfig: Setting CVar [[r.SkyLight.RealTimeReflectionCapture:1]]
[2023.04.17-13.56.53:084][  0]LogConfig: Applying CVar settings from Section [FoliageQuality@3] File [C:/Users/allin/Desktop/-Journeyman-Twonic---Alpha-Team/-Journeyman-Twonic---Alpha-Team/Twonic/Saved/Config/Windows/Scalability.ini]
[2023.04.17-13.56.53:084][  0]LogConfig: Setting CVar [[foliage.DensityScale:1.0]]
[2023.04.17-13.56.53:084][  0]LogConfig: Setting CVar [[grass.DensityScale:1.0]]
[2023.04.17-13.56.53:084][  0]LogConfig: Applying CVar settings from Section [ShadingQuality@3] File [C:/Users/allin/Desktop/-Journeyman-Twonic---Alpha-Team/-Journeyman-Twonic---Alpha-Team/Twonic/Saved/Config/Windows/Scalability.ini]
[2023.04.17-13.56.53:084][  0]LogConfig: Setting CVar [[r.HairStrands.SkyLighting.IntegrationType:2]]
[2023.04.17-13.56.53:084][  0]LogConfig: Setting CVar [[r.HairStrands.SkyAO.SampleCount:4]]
[2023.04.17-13.56.53:084][  0]LogConfig: Setting CVar [[r.HairStrands.Visibility.MSAA.SamplePerPixel:4]]
[2023.04.17-13.56.53:192][  0]LogInit: Selected Device Profile: [Windows]
[2023.04.17-13.56.53:264][  0]LogInit: Applying CVar settings loaded from the selected device profile: [Windows]
[2023.04.17-13.56.53:311][  0]LogHAL: Display: Platform has ~ 16 GB [17036509184 / 17179869184 / 16], which maps to Larger [LargestMinGB=32, LargerMinGB=12, DefaultMinGB=8, SmallerMinGB=6, SmallestMinGB=0)
[2023.04.17-13.56.53:311][  0]LogInit: Going up to parent DeviceProfile []
[2023.04.17-13.56.53:418][  0]LogConfig: Applying CVar settings from Section [ViewDistanceQuality@3] File [C:/Users/allin/Desktop/-Journeyman-Twonic---Alpha-Team/-Journeyman-Twonic---Alpha-Team/Twonic/Saved/Config/Windows/Scalability.ini]
[2023.04.17-13.56.53:418][  0]LogConfig: Setting CVar [[r.SkeletalMeshLODBias:0]]
[2023.04.17-13.56.53:418][  0]LogConfig: Setting CVar [[r.ViewDistanceScale:1.0]]
[2023.04.17-13.56.53:418][  0]LogConfig: Applying CVar settings from Section [AntiAliasingQuality@3] File [C:/Users/allin/Desktop/-Journeyman-Twonic---Alpha-Team/-Journeyman-Twonic---Alpha-Team/Twonic/Saved/Config/Windows/Scalability.ini]
[2023.04.17-13.56.53:418][  0]LogConfig: Setting CVar [[r.PostProcessAAQuality:4]]
[2023.04.17-13.56.53:418][  0]LogConfig: Applying CVar settings from Section [ShadowQuality@3] File [C:/Users/allin/Desktop/-Journeyman-Twonic---Alpha-Team/-Journeyman-Twonic---Alpha-Team/Twonic/Saved/Config/Windows/Scalability.ini]
[2023.04.17-13.56.53:418][  0]LogConfig: Setting CVar [[r.LightFunctionQuality:1]]
[2023.04.17-13.56.53:418][  0]LogConfig: Setting CVar [[r.ShadowQuality:5]]
[2023.04.17-13.56.53:418][  0]LogConfig: Setting CVar [[r.Shadow.CSM.MaxCascades:10]]
[2023.04.17-13.56.53:418][  0]LogConfig: Setting CVar [[r.Shadow.MaxResolution:2048]]
[2023.04.17-13.56.53:418][  0]LogConfig: Setting CVar [[r.Shadow.MaxCSMResolution:2048]]
[2023.04.17-13.56.53:418][  0]LogConfig: Setting CVar [[r.Shadow.RadiusThreshold:0.01]]
[2023.04.17-13.56.53:418][  0]LogConfig: Setting CVar [[r.Shadow.DistanceScale:1.0]]
[2023.04.17-13.56.53:418][  0]LogConfig: Setting CVar [[r.Shadow.CSM.TransitionScale:1.0]]
[2023.04.17-13.56.53:418][  0]LogConfig: Setting CVar [[r.Shadow.PreShadowResolutionFactor:1.0]]
[2023.04.17-13.56.53:418][  0]LogConfig: Setting CVar [[r.DistanceFieldShadowing:1]]
[2023.04.17-13.56.53:418][  0]LogConfig: Setting CVar [[r.DistanceFieldAO:1]]
[2023.04.17-13.56.53:418][  0]LogConfig: Setting CVar [[r.AOQuality:2]]
[2023.04.17-13.56.53:418][  0]LogConfig: Setting CVar [[r.VolumetricFog:1]]
[2023.04.17-13.56.53:418][  0]LogConfig: Setting CVar [[r.VolumetricFog.GridPixelSize:8]]
[2023.04.17-13.56.53:418][  0]LogConfig: Setting CVar [[r.VolumetricFog.GridSizeZ:128]]
[2023.04.17-13.56.53:418][  0]LogConfig: Setting CVar [[r.VolumetricFog.HistoryMissSupersampleCount:4]]
[2023.04.17-13.56.53:418][  0]LogConfig: Setting CVar [[r.LightMaxDrawDistanceScale:1]]
[2023.04.17-13.56.53:418][  0]LogConfig: Setting CVar [[r.CapsuleShadows:1]]
[2023.04.17-13.56.53:418][  0]LogConfig: Applying CVar settings from Section [PostProcessQuality@3] File [C:/Users/allin/Desktop/-Journeyman-Twonic---Alpha-Team/-Journeyman-Twonic---Alpha-Team/Twonic/Saved/Config/Windows/Scalability.ini]
[2023.04.17-13.56.53:418][  0]LogConfig: Setting CVar [[r.MotionBlurQuality:4]]
[2023.04.17-13.56.53:418][  0]LogConfig: Setting CVar [[r.AmbientOcclusionMipLevelFactor:0.4]]
[2023.04.17-13.56.53:418][  0]LogConfig: Setting CVar [[r.AmbientOcclusionMaxQuality:100]]
[2023.04.17-13.56.53:418][  0]LogConfig: Setting CVar [[r.AmbientOcclusionLevels:-1]]
[2023.04.17-13.56.53:418][  0]LogConfig: Setting CVar [[r.AmbientOcclusionRadiusScale:1.0]]
[2023.04.17-13.56.53:418][  0]LogConfig: Setting CVar [[r.DepthOfFieldQuality:2]]
[2023.04.17-13.56.53:418][  0]LogConfig: Setting CVar [[r.RenderTargetPoolMin:400]]
[2023.04.17-13.56.53:418][  0]LogConfig: Setting CVar [[r.LensFlareQuality:2]]
[2023.04.17-13.56.53:418][  0]LogConfig: Setting CVar [[r.SceneColorFringeQuality:1]]
[2023.04.17-13.56.53:418][  0]LogConfig: Setting CVar [[r.EyeAdaptationQuality:2]]
[2023.04.17-13.56.53:418][  0]LogConfig: Setting CVar [[r.BloomQuality:5]]
[2023.04.17-13.56.53:418][  0]LogConfig: Setting CVar [[r.FastBlurThreshold:100]]
[2023.04.17-13.56.53:418][  0]LogConfig: Setting CVar [[r.Upscale.Quality:3]]
[2023.04.17-13.56.53:418][  0]LogConfig: Setting CVar [[r.Tonemapper.GrainQuantization:1]]
[2023.04.17-13.56.53:418][  0]LogConfig: Setting CVar [[r.LightShaftQuality:1]]
[2023.04.17-13.56.53:418][  0]LogConfig: Setting CVar [[r.Filter.SizeScale:1]]
[2023.04.17-13.56.53:418][  0]LogConfig: Setting CVar [[r.Tonemapper.Quality:5]]
[2023.04.17-13.56.53:418][  0]LogConfig: Setting CVar [[r.DOF.Gather.AccumulatorQuality:1        ; higher gathering accumulator quality]]
[2023.04.17-13.56.53:418][  0]LogConfig: Setting CVar [[r.DOF.Gather.PostfilterMethod:1          ; Median3x3 postfilering method]]
[2023.04.17-13.56.53:418][  0]LogConfig: Setting CVar [[r.DOF.Gather.EnableBokehSettings:0       ; no bokeh simulation when gathering]]
[2023.04.17-13.56.53:418][  0]LogConfig: Setting CVar [[r.DOF.Gather.RingCount:4                 ; medium number of samples when gathering]]
[2023.04.17-13.56.53:418][  0]LogConfig: Setting CVar [[r.DOF.Scatter.ForegroundCompositing:1    ; additive foreground scattering]]
[2023.04.17-13.56.53:418][  0]LogConfig: Setting CVar [[r.DOF.Scatter.BackgroundCompositing:2    ; additive background scattering]]
[2023.04.17-13.56.53:418][  0]LogConfig: Setting CVar [[r.DOF.Scatter.EnableBokehSettings:1      ; bokeh simulation when scattering]]
[2023.04.17-13.56.53:418][  0]LogConfig: Setting CVar [[r.DOF.Scatter.MaxSpriteRatio:0.1         ; only a maximum of 10% of scattered bokeh]]
[2023.04.17-13.56.53:418][  0]LogConfig: Setting CVar [[r.DOF.Recombine.Quality:1                ; cheap slight out of focus]]
[2023.04.17-13.56.53:418][  0]LogConfig: Setting CVar [[r.DOF.Recombine.EnableBokehSettings:0    ; no bokeh simulation on slight out of focus]]
[2023.04.17-13.56.53:418][  0]LogConfig: Setting CVar [[r.DOF.TemporalAAQuality:1                ; more stable temporal accumulation]]
[2023.04.17-13.56.53:418][  0]LogConfig: Setting CVar [[r.DOF.Kernel.MaxForegroundRadius:0.025]]
[2023.04.17-13.56.53:418][  0]LogConfig: Setting CVar [[r.DOF.Kernel.MaxBackgroundRadius:0.025]]
[2023.04.17-13.56.53:418][  0]LogConfig: Applying CVar settings from Section [TextureQuality@3] File [C:/Users/allin/Desktop/-Journeyman-Twonic---Alpha-Team/-Journeyman-Twonic---Alpha-Team/Twonic/Saved/Config/Windows/Scalability.ini]
[2023.04.17-13.56.53:418][  0]LogConfig: Setting CVar [[r.Streaming.MipBias:0]]
[2023.04.17-13.56.53:418][  0]LogConfig: Setting CVar [[r.Streaming.AmortizeCPUToGPUCopy:0]]
[2023.04.17-13.56.53:418][  0]LogConfig: Setting CVar [[r.Streaming.MaxNumTexturesToStreamPerFrame:0]]
[2023.04.17-13.56.53:418][  0]LogConfig: Setting CVar [[r.Streaming.Boost:1]]
[2023.04.17-13.56.53:418][  0]LogConfig: Setting CVar [[r.MaxAnisotropy:8]]
[2023.04.17-13.56.53:418][  0]LogConfig: Setting CVar [[r.VT.MaxAnisotropy:8]]
[2023.04.17-13.56.53:418][  0]LogConfig: Setting CVar [[r.Streaming.LimitPoolSizeToVRAM:0]]
[2023.04.17-13.56.53:418][  0]LogConfig: Setting CVar [[r.Streaming.PoolSize:1000]]
[2023.04.17-13.56.53:418][  0]LogConfig: Setting CVar [[r.Streaming.MaxEffectiveScreenSize:0]]
[2023.04.17-13.56.53:418][  0]LogConfig: Applying CVar settings from Section [EffectsQuality@3] File [C:/Users/allin/Desktop/-Journeyman-Twonic---Alpha-Team/-Journeyman-Twonic---Alpha-Team/Twonic/Saved/Config/Windows/Scalability.ini]
[2023.04.17-13.56.53:418][  0]LogConfig: Setting CVar [[r.TranslucencyLightingVolumeDim:64]]
[2023.04.17-13.56.53:418][  0]LogConfig: Setting CVar [[r.RefractionQuality:2]]
[2023.04.17-13.56.53:418][  0]LogConfig: Setting CVar [[r.SSR.Quality:3]]
[2023.04.17-13.56.53:418][  0]LogConfig: Setting CVar [[r.SSR.HalfResSceneColor:0]]
[2023.04.17-13.56.53:418][  0]LogConfig: Setting CVar [[r.SceneColorFormat:4]]
[2023.04.17-13.56.53:418][  0]LogConfig: Setting CVar [[r.DetailMode:2]]
[2023.04.17-13.56.53:418][  0]LogConfig: Setting CVar [[r.TranslucencyVolumeBlur:1]]
[2023.04.17-13.56.53:418][  0]LogConfig: Setting CVar [[r.MaterialQualityLevel:1 ; High quality]]
[2023.04.17-13.56.53:418][  0]LogConfig: Setting CVar [[r.AnisotropicMaterials:1]]
[2023.04.17-13.56.53:418][  0]LogConfig: Setting CVar [[r.SSS.Scale:1]]
[2023.04.17-13.56.53:418][  0]LogConfig: Setting CVar [[r.SSS.SampleSet:2]]
[2023.04.17-13.56.53:418][  0]LogConfig: Setting CVar [[r.SSS.Quality:1]]
[2023.04.17-13.56.53:418][  0]LogConfig: Setting CVar [[r.SSS.HalfRes:0]]
[2023.04.17-13.56.53:418][  0]LogConfig: Setting CVar [[r.SSGI.Quality:3]]
[2023.04.17-13.56.53:418][  0]LogConfig: Setting CVar [[r.EmitterSpawnRateScale:1.0]]
[2023.04.17-13.56.53:418][  0]LogConfig: Setting CVar [[r.ParticleLightQuality:2]]
[2023.04.17-13.56.53:418][  0]LogConfig: Setting CVar [[r.SkyAtmosphere.AerialPerspectiveLUT.FastApplyOnOpaque:1 ; Always have FastSkyLUT 1 in this case to avoid wrong sky]]
[2023.04.17-13.56.53:418][  0]LogConfig: Setting CVar [[r.SkyAtmosphere.AerialPerspectiveLUT.SampleCountMaxPerSlice:4]]
[2023.04.17-13.56.53:418][  0]LogConfig: Setting CVar [[r.SkyAtmosphere.AerialPerspectiveLUT.DepthResolution:16.0]]
[2023.04.17-13.56.53:418][  0]LogConfig: Setting CVar [[r.SkyAtmosphere.FastSkyLUT:1]]
[2023.04.17-13.56.53:418][  0]LogConfig: Setting CVar [[r.SkyAtmosphere.FastSkyLUT.SampleCountMin:4.0]]
[2023.04.17-13.56.53:418][  0]LogConfig: Setting CVar [[r.SkyAtmosphere.FastSkyLUT.SampleCountMax:128.0]]
[2023.04.17-13.56.53:418][  0]LogConfig: Setting CVar [[r.SkyAtmosphere.SampleCountMin:4.0]]
[2023.04.17-13.56.53:418][  0]LogConfig: Setting CVar [[r.SkyAtmosphere.SampleCountMax:128.0]]
[2023.04.17-13.56.53:418][  0]LogConfig: Setting CVar [[r.SkyAtmosphere.TransmittanceLUT.UseSmallFormat:0]]
[2023.04.17-13.56.53:418][  0]LogConfig: Setting CVar [[r.SkyAtmosphere.TransmittanceLUT.SampleCount:10.0]]
[2023.04.17-13.56.53:418][  0]LogConfig: Setting CVar [[r.SkyAtmosphere.MultiScatteringLUT.SampleCount:15.0]]
[2023.04.17-13.56.53:418][  0]LogConfig: Setting CVar [[r.SkyLight.RealTimeReflectionCapture:1]]
[2023.04.17-13.56.53:418][  0]LogConfig: Applying CVar settings from Section [FoliageQuality@3] File [C:/Users/allin/Desktop/-Journeyman-Twonic---Alpha-Team/-Journeyman-Twonic---Alpha-Team/Twonic/Saved/Config/Windows/Scalability.ini]
[2023.04.17-13.56.53:418][  0]LogConfig: Setting CVar [[foliage.DensityScale:1.0]]
[2023.04.17-13.56.53:418][  0]LogConfig: Setting CVar [[grass.DensityScale:1.0]]
[2023.04.17-13.56.53:418][  0]LogConfig: Applying CVar settings from Section [ShadingQuality@3] File [C:/Users/allin/Desktop/-Journeyman-Twonic---Alpha-Team/-Journeyman-Twonic---Alpha-Team/Twonic/Saved/Config/Windows/Scalability.ini]
[2023.04.17-13.56.53:419][  0]LogConfig: Setting CVar [[r.HairStrands.SkyLighting.IntegrationType:2]]
[2023.04.17-13.56.53:419][  0]LogConfig: Setting CVar [[r.HairStrands.SkyAO.SampleCount:4]]
[2023.04.17-13.56.53:419][  0]LogConfig: Setting CVar [[r.HairStrands.Visibility.MSAA.SamplePerPixel:4]]
[2023.04.17-13.56.53:419][  0]LogConfig: Applying CVar settings from Section [Startup] File [../../../Engine/Config/ConsoleVariables.ini]
[2023.04.17-13.56.53:452][  0]LogConfig: Setting CVar [[net.UseAdaptiveNetUpdateFrequency:0]]
[2023.04.17-13.56.53:452][  0]LogConfig: Setting CVar [[p.chaos.AllowCreatePhysxBodies:1]]
[2023.04.17-13.56.53:452][  0]LogConfig: Setting CVar [[fx.SkipVectorVMBackendOptimizations:1]]
[2023.04.17-13.56.53:452][  0]LogConfig: Applying CVar settings from Section [ConsoleVariables] File [C:/Users/allin/Desktop/-Journeyman-Twonic---Alpha-Team/-Journeyman-Twonic---Alpha-Team/Twonic/Saved/Config/Windows/Engine.ini]
[2023.04.17-13.56.53:452][  0]LogConfig: Applying CVar settings from Section [ConsoleVariables] File [C:/Users/allin/Desktop/-Journeyman-Twonic---Alpha-Team/-Journeyman-Twonic---Alpha-Team/Twonic/Saved/Config/Windows/Editor.ini]
[2023.04.17-13.56.53:514][  0]LogInit: Computer: LAPTOP-VI8VVTUI
[2023.04.17-13.56.53:514][  0]LogInit: User: PeterGriffin
[2023.04.17-13.56.53:514][  0]LogInit: CPU Page size=4096, Cores=6
[2023.04.17-13.56.53:514][  0]LogInit: High frequency timer resolution =10.000000 MHz
[2023.04.17-13.56.53:514][  0]LogMemory: Memory total: Physical=15.9GB (16GB approx)
[2023.04.17-13.56.53:514][  0]LogMemory: Platform Memory Stats for Windows
[2023.04.17-13.56.53:514][  0]LogMemory: Process Physical Memory: 147.26 MB used, 147.27 MB peak
[2023.04.17-13.56.53:514][  0]LogMemory: Process Virtual Memory: 129.99 MB used, 129.99 MB peak
[2023.04.17-13.56.53:514][  0]LogMemory: Physical Memory: 7587.67 MB used,  8659.61 MB free, 16247.28 MB total
[2023.04.17-13.56.53:514][  0]LogMemory: Virtual Memory: 134206520.00 MB used,  11208.30 MB free, 134217728.00 MB total
[2023.04.17-13.56.53:535][  0]LogWindows: WindowsPlatformFeatures enabled
[2023.04.17-13.56.56:813][  0]LogInit: Physics initialised using underlying interface: PhysX
[2023.04.17-13.56.56:871][  0]LogInit: Using OS detected language (en-GB).
[2023.04.17-13.56.56:871][  0]LogInit: Using OS detected locale (en-GB).
[2023.04.17-13.56.57:199][  0]LogTextLocalizationManager: No specific localization for 'en-GB' exists, so the 'en' localization will be used.
[2023.04.17-13.56.58:812][  0]LogInit: Setting process to per monitor DPI aware
[2023.04.17-13.56.59:032][  0]LogWindowsTextInputMethodSystem: Display: IME system deactivated.
[2023.04.17-13.56.59:757][  0]LogSlate: New Slate User Created.  User Index 0, Is Virtual User: 0
[2023.04.17-13.56.59:758][  0]LogSlate: Slate User Registered.  User Index 0, Is Virtual User: 0
[2023.04.17-13.57.09:843][  0]LogD3D11RHI: Loaded GFSDK_Aftermath_Lib.x64.dll
[2023.04.17-13.57.09:896][  0]LogHMD: Failed to initialize OpenVR with code 110
[2023.04.17-13.57.09:896][  0]LogD3D11RHI: D3D11 min allowed feature level: 11_0
[2023.04.17-13.57.09:896][  0]LogD3D11RHI: D3D11 max allowed feature level: 11_0
[2023.04.17-13.57.09:896][  0]LogD3D11RHI: D3D11 adapters:
[2023.04.17-13.57.10:048][  0]LogD3D11RHI:    0. 'NVIDIA GeForce RTX 3060 Laptop GPU' (Feature Level 11_0)
[2023.04.17-13.57.10:048][  0]LogD3D11RHI:       6009/0/8123 MB DedicatedVideo/DedicatedSystem/SharedSystem, Outputs:1, VendorId:0x10de
[2023.04.17-13.57.10:154][  0]LogD3D11RHI:    1. 'Intel(R) UHD Graphics' (Feature Level 11_0)
[2023.04.17-13.57.10:154][  0]LogD3D11RHI:       128/0/8123 MB DedicatedVideo/DedicatedSystem/SharedSystem, Outputs:0, VendorId:0x8086
[2023.04.17-13.57.10:156][  0]LogD3D11RHI:    2. 'Microsoft Basic Render Driver' (Feature Level 11_0)
[2023.04.17-13.57.10:156][  0]LogD3D11RHI:       0/0/8123 MB DedicatedVideo/DedicatedSystem/SharedSystem, Outputs:0, VendorId:0x1414
[2023.04.17-13.57.10:156][  0]LogD3D11RHI: Chosen D3D11 Adapter:
[2023.04.17-13.57.10:156][  0]LogD3D11RHI:     Description : NVIDIA GeForce RTX 3060 Laptop GPU
[2023.04.17-13.57.10:156][  0]LogD3D11RHI:     VendorId    : 10de
[2023.04.17-13.57.10:156][  0]LogD3D11RHI:     DeviceId    : 2520
[2023.04.17-13.57.10:156][  0]LogD3D11RHI:     SubSysId    : 20121a58
[2023.04.17-13.57.10:156][  0]LogD3D11RHI:     Revision    : 00a1
[2023.04.17-13.57.10:156][  0]LogD3D11RHI:     DedicatedVideoMemory : 6300893184 bytes
[2023.04.17-13.57.10:156][  0]LogD3D11RHI:     DedicatedSystemMemory : 0 bytes
[2023.04.17-13.57.10:156][  0]LogD3D11RHI:     SharedSystemMemory : 8518254592 bytes
[2023.04.17-13.57.10:156][  0]LogD3D11RHI:     AdapterLuid : 0 72037
[2023.04.17-13.57.10:162][  0]LogD3D11RHI: Creating new Direct3DDevice
[2023.04.17-13.57.10:162][  0]LogD3D11RHI:     GPU DeviceId: 0x2520 (for the marketing name, search the web for "GPU Device Id")
[2023.04.17-13.57.10:162][  0]LogWindows: EnumDisplayDevices:
[2023.04.17-13.57.10:162][  0]LogWindows:    0. 'Intel(R) UHD Graphics' (P:1 D:1)
[2023.04.17-13.57.10:162][  0]LogWindows:    1. 'Intel(R) UHD Graphics' (P:0 D:0)
[2023.04.17-13.57.10:162][  0]LogWindows:    2. 'Intel(R) UHD Graphics' (P:0 D:0)
[2023.04.17-13.57.10:162][  0]LogWindows:    3. 'NVIDIA GeForce RTX 3060 Laptop GPU' (P:0 D:0)
[2023.04.17-13.57.10:162][  0]LogWindows:    4. 'NVIDIA GeForce RTX 3060 Laptop GPU' (P:0 D:0)
[2023.04.17-13.57.10:162][  0]LogWindows:    5. 'NVIDIA GeForce RTX 3060 Laptop GPU' (P:0 D:0)
[2023.04.17-13.57.10:163][  0]LogWindows:    6. 'NVIDIA GeForce RTX 3060 Laptop GPU' (P:0 D:0)
[2023.04.17-13.57.10:163][  0]LogWindows: DebugString: PrimaryIsNotTheChoosenAdapter PrimaryIsNotTheChoosenAdapter PrimaryIsNotTheChoosenAdapter FoundDriverCount:4 
[2023.04.17-13.57.10:163][  0]LogD3D11RHI:     Adapter Name: NVIDIA GeForce RTX 3060 Laptop GPU
[2023.04.17-13.57.10:163][  0]LogD3D11RHI:   Driver Version: 531.41 (internal:31.0.15.3141, unified:531.41)
[2023.04.17-13.57.10:163][  0]LogD3D11RHI:      Driver Date: 3-16-2023
[2023.04.17-13.57.10:163][  0]LogRHI: Texture pool is 4206 MB (70% of 6009 MB)
[2023.04.17-13.57.10:163][  0]LogD3D11RHI: Creating D3DDevice using adapter:
[2023.04.17-13.57.10:163][  0]LogD3D11RHI:     Description : NVIDIA GeForce RTX 3060 Laptop GPU
[2023.04.17-13.57.10:163][  0]LogD3D11RHI:     VendorId    : 10de
[2023.04.17-13.57.10:163][  0]LogD3D11RHI:     DeviceId    : 2520
[2023.04.17-13.57.10:163][  0]LogD3D11RHI:     SubSysId    : 20121a58
[2023.04.17-13.57.10:163][  0]LogD3D11RHI:     Revision    : 00a1
[2023.04.17-13.57.10:163][  0]LogD3D11RHI:     DedicatedVideoMemory : 6300893184 bytes
[2023.04.17-13.57.10:163][  0]LogD3D11RHI:     DedicatedSystemMemory : 0 bytes
[2023.04.17-13.57.10:163][  0]LogD3D11RHI:     SharedSystemMemory : 8518254592 bytes
[2023.04.17-13.57.10:163][  0]LogD3D11RHI:     AdapterLuid : 0 72037
[2023.04.17-13.57.10:256][  0]LogD3D11RHI: RHI has support for 64 bit atomics
[2023.04.17-13.57.10:257][  0]LogD3D11RHI: Async texture creation enabled
[2023.04.17-13.57.10:257][  0]LogD3D11RHI: Array index from any shader is supported
[2023.04.17-13.57.11:074][  0]LogD3D11RHI: GPU Timing Frequency: 1000.000000 (Debug: 2 1)
[2023.04.17-13.57.11:386][  0]LogRHI: GeForceNow SDK initialized: 1
[2023.04.17-13.57.12:579][  0]LogTargetPlatformManager: Display: Loaded TargetPlatform 'AllDesktop'
[2023.04.17-13.57.12:796][  0]LogTargetPlatformManager: Display: Loaded TargetPlatform 'Android'
[2023.04.17-13.57.12:796][  0]LogTargetPlatformManager: Display: Loaded TargetPlatform 'Android_ASTC'
[2023.04.17-13.57.12:796][  0]LogTargetPlatformManager: Display: Loaded TargetPlatform 'Android_DXT'
[2023.04.17-13.57.12:796][  0]LogTargetPlatformManager: Display: Loaded TargetPlatform 'Android_ETC2'
[2023.04.17-13.57.12:796][  0]LogTargetPlatformManager: Display: Loaded TargetPlatform 'AndroidClient'
[2023.04.17-13.57.12:796][  0]LogTargetPlatformManager: Display: Loaded TargetPlatform 'Android_ASTCClient'
[2023.04.17-13.57.12:796][  0]LogTargetPlatformManager: Display: Loaded TargetPlatform 'Android_DXTClient'
[2023.04.17-13.57.12:796][  0]LogTargetPlatformManager: Display: Loaded TargetPlatform 'Android_ETC2Client'
[2023.04.17-13.57.12:796][  0]LogTargetPlatformManager: Display: Loaded TargetPlatform 'Android_Multi'
[2023.04.17-13.57.12:796][  0]LogTargetPlatformManager: Display: Loaded TargetPlatform 'Android_MultiClient'
[2023.04.17-13.57.13:064][  0]LogTargetPlatformManager: Display: Loaded TargetPlatform 'IOSClient'
[2023.04.17-13.57.13:064][  0]LogTargetPlatformManager: Display: Loaded TargetPlatform 'IOS'
[2023.04.17-13.57.13:144][  0]LogTargetPlatformManager: Display: Loaded TargetPlatform 'Linux'
[2023.04.17-13.57.13:216][  0]LogTargetPlatformManager: Display: Loaded TargetPlatform 'LinuxNoEditor'
[2023.04.17-13.57.13:235][  0]LogTargetPlatformManager: Display: Loaded TargetPlatform 'LinuxClient'
[2023.04.17-13.57.13:260][  0]LogTargetPlatformManager: Display: Loaded TargetPlatform 'LinuxServer'
[2023.04.17-13.57.13:320][  0]LogTargetPlatformManager: Display: Loaded TargetPlatform 'LinuxAArch64NoEditor'
[2023.04.17-13.57.13:366][  0]LogTargetPlatformManager: Display: Loaded TargetPlatform 'LinuxAArch64Client'
[2023.04.17-13.57.13:386][  0]LogTargetPlatformManager: Display: Loaded TargetPlatform 'LinuxAArch64Server'
[2023.04.17-13.57.13:443][  0]LogTargetPlatformManager: Display: Loaded TargetPlatform 'Lumin'
[2023.04.17-13.57.13:443][  0]LogTargetPlatformManager: Display: Loaded TargetPlatform 'LuminClient'
[2023.04.17-13.57.13:523][  0]LogTargetPlatformManager: Display: Loaded TargetPlatform 'MacNoEditor'
[2023.04.17-13.57.13:545][  0]LogTargetPlatformManager: Display: Loaded TargetPlatform 'Mac'
[2023.04.17-13.57.13:563][  0]LogTargetPlatformManager: Display: Loaded TargetPlatform 'MacClient'
[2023.04.17-13.57.13:583][  0]LogTargetPlatformManager: Display: Loaded TargetPlatform 'MacServer'
[2023.04.17-13.57.13:616][  0]LogTargetPlatformManager: Display: Loaded TargetPlatform 'TVOSClient'
[2023.04.17-13.57.13:616][  0]LogTargetPlatformManager: Display: Loaded TargetPlatform 'TVOS'
[2023.04.17-13.57.13:685][  0]LogTargetPlatformManager: Display: Loaded TargetPlatform 'WindowsNoEditor'
[2023.04.17-13.57.13:707][  0]LogTargetPlatformManager: Display: Loaded TargetPlatform 'Windows'
[2023.04.17-13.57.13:782][  0]LogTargetPlatformManager: Display: Loaded TargetPlatform 'WindowsClient'
[2023.04.17-13.57.13:802][  0]LogTargetPlatformManager: Display: Loaded TargetPlatform 'WindowsServer'
[2023.04.17-13.57.13:802][  0]LogTargetPlatformManager: Display: Building Assets For Windows
[2023.04.17-13.57.14:192][  0]LogAudioDebug: Display: Lib vorbis DLL was dynamically loaded.
[2023.04.17-13.57.14:955][  0]LogTextureFormatOodle: Display: Oodle Texture 2.9.0 init RDO Off
[2023.04.17-13.57.16:567][  0]LogRendererCore: Ray tracing is disabled. Reason: r.RayTracing=0.
[2023.04.17-13.57.16:669][  0]LogShaderCompilers: Guid format shader working directory is -48 characters bigger than the processId version (C:/Users/allin/Desktop/-Journeyman-Twonic---Alpha-Team/-Journeyman-Twonic---Alpha-Team/Twonic/Intermediate/Shaders/WorkingDirectory/24280/).
[2023.04.17-13.57.16:670][  0]LogShaderCompilers: Cleaned the shader compiler working directory 'C:/Users/allin/AppData/Local/Temp/UnrealShaderWorkingDir/03996D8D4724D33FFD0C39AE72FD50F1/'.
[2023.04.17-13.57.16:696][  0]LogXGEController: Cannot use XGE Controller as Incredibuild is not installed on this machine.
[2023.04.17-13.57.16:696][  0]LogShaderCompilers: Cannot use XGE Shader Compiler as Incredibuild is not installed on this machine.
[2023.04.17-13.57.16:696][  0]LogShaderCompilers: Display: Using Local Shader Compiler.
[2023.04.17-13.57.25:311][  0]LogDerivedDataCache: Display: Max Cache Size: 512 MB
[2023.04.17-13.57.25:396][  0]LogDerivedDataCache: Loaded boot cache 0.09s 94MB C:/Users/allin/AppData/Local/UnrealEngine/4.27/DerivedDataCache/Boot.ddc.
[2023.04.17-13.57.25:396][  0]LogDerivedDataCache: Display: Loaded Boot cache: C:/Users/allin/AppData/Local/UnrealEngine/4.27/DerivedDataCache/Boot.ddc
[2023.04.17-13.57.25:397][  0]LogDerivedDataCache: FDerivedDataBackendGraph:  Pak pak cache file C:/Users/allin/Desktop/-Journeyman-Twonic---Alpha-Team/-Journeyman-Twonic---Alpha-Team/Twonic/DerivedDataCache/DDC.ddp not found, will not use a pak cache.
[2023.04.17-13.57.25:397][  0]LogDerivedDataCache: Unable to find inner node Pak for hierarchical cache Hierarchy.
[2023.04.17-13.57.25:397][  0]LogDerivedDataCache: FDerivedDataBackendGraph:  CompressedPak pak cache file C:/Users/allin/Desktop/-Journeyman-Twonic---Alpha-Team/-Journeyman-Twonic---Alpha-Team/Twonic/DerivedDataCache/Compressed.ddp not found, will not use a pak cache.
[2023.04.17-13.57.25:397][  0]LogDerivedDataCache: Unable to find inner node CompressedPak for hierarchical cache Hierarchy.
[2023.04.17-13.57.25:472][  0]LogDerivedDataCache: Display: Pak cache opened for reading ../../../Engine/DerivedDataCache/Compressed.ddp.
[2023.04.17-13.57.25:472][  0]LogDerivedDataCache: FDerivedDataBackendGraph:  EnterprisePak pak cache file ../../../Enterprise/DerivedDataCache/Compressed.ddp not found, will not use a pak cache.
[2023.04.17-13.57.25:472][  0]LogDerivedDataCache: Unable to find inner node EnterprisePak for hierarchical cache Hierarchy.
[2023.04.17-13.57.25:522][  0]LogDerivedDataCache: Speed tests for C:/Users/allin/AppData/Local/UnrealEngine/Common/DerivedDataCache took 0.05 seconds
[2023.04.17-13.57.25:522][  0]LogDerivedDataCache: Display: Performance to C:/Users/allin/AppData/Local/UnrealEngine/Common/DerivedDataCache: Latency=0.23ms. RandomReadSpeed=22.42MBs, RandomWriteSpeed=168.07MBs. Assigned SpeedClass 'Local'
[2023.04.17-13.57.25:523][  0]LogDerivedDataCache: Using Local data cache path C:/Users/allin/AppData/Local/UnrealEngine/Common/DerivedDataCache: Writable
[2023.04.17-13.57.25:523][  0]LogDerivedDataCache: Shared data cache path not found in *engine.ini, will not use an Shared cache.
[2023.04.17-13.57.25:523][  0]LogDerivedDataCache: Unable to find inner node Shared for hierarchical cache Hierarchy.
[2023.04.17-13.57.25:670][  0]LogSlate: Using FreeType 2.10.0
[2023.04.17-13.57.25:781][  0]LogSlate: SlateFontServices - WITH_FREETYPE: 1, WITH_HARFBUZZ: 1
[2023.04.17-13.57.26:933][  0]LogAssetRegistry: FAssetRegistry took 0.0546 seconds to start up
[2023.04.17-13.57.28:887][  0]LogInit: Selected Device Profile: [Windows]
[2023.04.17-13.57.28:887][  0]LogInit: Active device profile: [000001FFC2731300][000001FFC006F780 49] Windows
[2023.04.17-13.57.28:887][  0]LogInit: Profiles: [000001FFC2731300][000001FFC006F780 49] Windows, [000001FFC26DF100][000001FFC0031A40 49] WindowsNoEditor, [000001FFC2732500][000001FFC002C180 49] WindowsServer, [000001FFC26DFF00][000001FFC0028440 49] WindowsClient, [000001FFC2733200][000001FFBFFAC700 49] IOS, [000001FFC26DD300][000001FFBEB849C0 49] iPadAir, [000001FFC2732900][000001FFBD860C80 49] iPadAir2, [000001FFC268DC00][000001FFBD19B140 49] IPadPro, [000001FFC268DD00][000001FFC005F180 49] iPadAir3, [000001FFC26DD800][000001FFBD19F440 49] iPadAir4, [000001FFC268EC00][000001FFBD1AB700 49] iPadMini2, [000001FFC26DE000][000001FFBD1979C0 49] iPadMini3, [000001FFC268CB00][000001FFB6ABE100 49] iPadMini4, [000001FFC26DF500][000001FFB6E5A3C0 49] iPadMini5, [000001FFC269D300][000001FFB6324900 49] iPhone6, [000001FFC269D400][000001FFB632A940 49] iPodTouch6, [000001FFC2731600][000001FFC07BCE80 49] iPhone7, [000001FFC2732B00][000001FFC0984EC0 49] iPodTouch7, [000001FFC268FB00][000001FFBD84B140 49] iPhone5S, [000001FFC2731800][000001FFB6E413C0 49] iPhone6Plus, [000001FFC268F000][000001FFC07B9680 49] iPhone6S, [000001FFC2732800][000001FFBD81F940 49] iPhone6SPlus, [000001FFC268D500][000001FFBD823C00 49] iPhone7Plus, [000001FFC2730100][000001FFC0988340 49] iPhoneSE, [000001FFC268C200][000001FFC098C600 49] iPhone8, [000001FFC2731700][000001FFB6A968C0 49] iPhone8Plus, [000001FFC269C100][000001FFB6A9AB80 49] iPhoneX, [000001FFC268D800][000001FFBEA06E40 49] iPhoneXS, [000001FFC269CC00][000001FFBEA0B100 49] iPhoneXSMax, [000001FFC268F800][000001FFB6E49380 49] iPhoneXR, [000001FFC269FD00][000001FFBEA13640 49] iPhone11, [000001FFC268E800][000001FFC0407900 49] iPhone11Pro, [000001FFC269F800][000001FFC040BBC0 49] iPhone11ProMax, [000001FFC268CC00][000001FFC040E300 49] iPhoneSE2, [000001FFC269E900][000001FFC04125C0 49] iPhone12Mini, [000001FFC268FF00][000001FFC0416880 49] iPhone12, [000001FFC2730A00][000001FFBD8C6B40 49] iPhone12Pro, [000001FFC268FE00][000001FFBD8CAE00 49] iPhone12ProMax, [000001FFC2730700][000001FFBD8CF0C0 49] iPadPro105, [000001FFC268D100][000001FFBEA0F340 49] iPadPro129, [000001FFC2732E00][000001FFBD8D35C0 49] iPadPro97, [000001FFC268D300][000001FFBD79D880 49] iPadPro2_129, [000001FFC2730800][000001FFBD7A1B40 49] iPad5, [000001FFC268ED00][000001FFBD7A4280 49] iPad6, [000001FFC2733D00][000001FFBD7A8540 49] iPad7, [000001FFC268D200][000001FFBD7AC800 49] iPad8, [000001FFC2731E00][000001FFBD7B0AC0 49] iPadPro11, [000001FFC268E500][000001FFC0114D80 49] iPadPro2_11, [000001FFC2733700][000001FFC0119040 49] iPadPro3_129, [000001FFC268D900][000001FFC011D300 49] iPadPro4_129, [000001FFC2731100][000001FFBD8D7580 49] AppleTV, [000001FFC268D600][000001FFC0121800 49] AppleTV4K, [000001FFC2732A00][000001FFC0129AC0 49] TVOS, [000001FFC268FA00][000001FFC012C200 49] Mac, [000001FFC2731000][000001FFC01304C0 49] MacClient, [000001FFC268E400][000001FFC0134780 49] MacNoEditor, [000001FFC2731900][000001FFC0138A40 49] MacServer, [000001FFC268C500][000001FFC013CD00 49] Linux, [000001FFC2730400][000001FFC0140FC0 49] LinuxAArch64, [000001FFC268DA00][000001FFBEB4B280 49] LinuxNoEditor, [000001FFC2731F00][000001FFBEB4F540 49] LinuxAArch64NoEditor, [000001FFC268FC00][000001FFC01257C0 49] LinuxClient, [000001FFC2733000][000001FFBEB53A40 49] LinuxAArch64Client, [000001FFC268F400][000001FFBEB5A180 49] LinuxServer, [000001FFC2732200][000001FFBEB5E440 49] LinuxAArch64Server, [000001FFC268E200][000001FFBEB62700 49] Android, [000001FFC2733900][000001FFBEB669C0 49] Android_Low, [000001FFC268C600][000001FFBEB6AC80 49] Android_Mid, [000001FFC2732D00][000001FFBEB6EF40 49] Android_High, [000001FFC268E300][000001FFBEB73200 49] Android_Default, [000001FFC2733C00][000001FFBEB774C0 49] Android_Adreno4xx, [000001FFC268EB00][000001FFC04E3780 49] Android_Adreno5xx_Low, [000001FFC2730600][000001FFBEB57A00 49] Android_Adreno5xx, [000001FFC268E700][000001FFC04E6100 49] Android_Adreno6xx, [000001FFC2732600][000001FFC04EE3C0 49] Android_Adreno6xx_Vulkan, [000001FFC268EA00][000001FFC04F2680 49] Android_Mali_T6xx, [000001FFC2730F00][000001FFC04F6940 49] Android_Mali_T7xx, [000001FFC268DE00][000001FFC04FAC00 49] Android_Mali_T8xx, [000001FFC2732400][000001FFC04FEEC0 49] Android_Mali_G71, [000001FFC268C100][000001FFC0503180 49] Android_Mali_G72, [000001FFC2733A00][000001FFC0507440 49] Android_Mali_G72_Vulkan, [000001FFC268EF00][000001FFC050B700 49] Android_Mali_G76, [000001FFC2730200][000001FFC050F9C0 49] Android_Mali_G76_Vulkan, [000001FFC26DCF00][000001FFC04EA0C0 49] Android_Mali_G77, [000001FFC269E100][000001FFC0512340 49] Android_Mali_G77_Vulkan, [000001FFC26DCD00][000001FFC051A600 49] Android_Mali_G78, [000001FFC269F400][000001FFC051E8C0 49] Android_Mali_G78_Vulkan, [000001FFC26DC400][000001FFC0296B80 49] Android_Mali_G710, [000001FFC269F100][000001FFC029AE40 49] Android_Mali_G710_Vulkan, [000001FFC26DCE00][000001FFC029F100 49] Android_Vulkan_SM5, [000001FFC269FA00][000001FFC02A33C0 49] Android_PowerVR_G6xxx, [000001FFC26DEB00][000001FFC02A7680 49] Android_PowerVR_GT7xxx, [000001FFC269EF00][000001FFC02AB940 49] Android_PowerVR_GE8xxx, [000001FFC26DEA00][000001FFC02AFC00 49] Android_PowerVR_GM9xxx, [000001FFC269DF00][000001FFC0516300 49] Android_PowerVR_GM9xxx_Vulkan, [000001FFC26DF900][000001FFC02B2580 49] Android_TegraK1, [000001FFC269C300][000001FFC02BA840 49] Android_Unknown_Vulkan, [000001FFC26DCC00][000001FFC02BEB00 49] Lumin, [000001FFC269EE00][000001FFC02C2DC0 49] Lumin_Desktop, [000001FFC26DE500][000001FFC02C7080 49] HoloLens, 
[2023.04.17-13.57.30:599][  0]LogMeshReduction: Using QuadricMeshReduction for automatic static mesh reduction
[2023.04.17-13.57.30:599][  0]LogMeshReduction: Using SimplygonMeshReduction for automatic skeletal mesh reduction
[2023.04.17-13.57.30:599][  0]LogMeshReduction: Using ProxyLODMeshReduction for automatic mesh merging
[2023.04.17-13.57.30:599][  0]LogMeshReduction: No distributed automatic mesh merging module available
[2023.04.17-13.57.30:600][  0]LogMeshMerging: No distributed automatic mesh merging module available
[2023.04.17-13.57.31:101][  0]LogNetVersion: Twonic 1.0.0, NetCL: 17155196, EngineNetVer: 17, GameNetVer: 0 (Checksum: 4023415434)
[2023.04.17-13.57.41:352][  0]LogTexture: Default maximum texture size for cubemaps generated from long-lat sources has been changed from 512 to unlimited. In order to preserve old behaiour for '/Engine/MapTemplates/Sky/DaylightAmbientCubemap.DaylightAmbientCubemap', its maximum texture size has been explicitly set to 512.
[2023.04.17-13.57.42:037][  0]LogHMD: PokeAHoleMaterial loaded successfully
[2023.04.17-13.57.42:104][  0]LogUObjectArray: 17178 objects as part of root set at end of initial load.
[2023.04.17-13.57.42:104][  0]LogUObjectAllocator: 4302048 out of 0 bytes used by permanent object pool.
[2023.04.17-13.57.42:104][  0]LogUObjectArray: CloseDisregardForGC: 0/0 objects in disregard for GC pool
[2023.04.17-13.57.46:912][  0]LogPython: Using Python 3.7.7
[2023.04.17-13.57.48:736][  0]LogNiagaraDebuggerClient: Niagara Debugger Client Initialized | Session: FE462D594DFB18D955CDE4B6EAFA4AC3 | Instance: C44E8EEF4FB2BE81FB8E339277E5ACB2 (LAPTOP-VI8VVTUI-24280).
[2023.04.17-13.57.51:019][  0]LogUdpMessaging: Initializing bridge on interface 0.0.0.0:0 to multicast group 230.0.0.1:6666.
[2023.04.17-13.57.51:074][  0]LogTcpMessaging: Initializing TcpMessaging bridge
[2023.04.17-13.57.52:791][  0]SourceControl: Source control is disabled
[2023.04.17-13.57.52:791][  0]SourceControl: Source control is disabled
[2023.04.17-13.57.52:935][  0]SourceControl: Source control is disabled
[2023.04.17-13.57.53:008][  0]SourceControl: Source control is disabled
[2023.04.17-13.57.53:073][  0]SourceControl: Source control is disabled
[2023.04.17-13.57.55:735][  0]LogOpenImageDenoise: OIDN starting up
[2023.04.17-13.57.56:468][  0]LogAndroidPermission: UAndroidPermissionCallbackProxy::GetInstance
[2023.04.17-13.57.56:581][  0]LogAudioCaptureCore: Display: No Audio Capture implementations found. Audio input will be silent.
[2023.04.17-13.57.56:581][  0]LogAudioCaptureCore: Display: No Audio Capture implementations found. Audio input will be silent.
[2023.04.17-13.57.58:186][  0]LogUProjectInfo: Found projects:
[2023.04.17-13.57.58:216][  0]LogVSAccessor: Display: Unable to create Visual Studio setup instance: 80040154
[2023.04.17-13.57.58:217][  0]LogVSAccessor: Display: Unable to create Visual Studio setup instance: 80040154
[2023.04.17-13.57.58:217][  0]LogVSAccessor: Display: Unable to create Visual Studio setup instance: 80040154
[2023.04.17-13.57.58:403][  0]LogCollectionManager: Loaded 0 collections in 0.002632 seconds
[2023.04.17-13.57.58:647][  0]LogFileCache: Scanning file cache for directory 'C:/Users/allin/Desktop/-Journeyman-Twonic---Alpha-Team/-Journeyman-Twonic---Alpha-Team/Twonic/Saved/Collections/' took 0.00s
[2023.04.17-13.57.58:647][  0]LogFileCache: Scanning file cache for directory 'C:/Users/allin/Desktop/-Journeyman-Twonic---Alpha-Team/-Journeyman-Twonic---Alpha-Team/Twonic/Content/Developers/PeterGriffin/Collections/' took 0.00s
[2023.04.17-13.57.58:647][  0]LogFileCache: Scanning file cache for directory 'C:/Users/allin/Desktop/-Journeyman-Twonic---Alpha-Team/-Journeyman-Twonic---Alpha-Team/Twonic/Content/Collections/' took 0.00s
[2023.04.17-13.57.58:647][  0]LogOcInput: OculusInput pre-init called
[2023.04.17-13.58.00:496][  0]LogEngine: Initializing Engine...
[2023.04.17-13.58.00:707][  0]LogHMD: Failed to enumerate extensions. Please check that you have a valid OpenXR runtime installed.
[2023.04.17-13.58.00:708][  0]LogHMD: Failed to initialize OpenVR with code 110
[2023.04.17-13.58.00:717][  0]LogMagicLeap: Warning: VR disabled because ZI is not enabled.  To enable, in the editor, Edit -> Project Settings -> Plugins -> Magic Leap Plugin -> Enable Zero Iteration
[2023.04.17-13.58.00:776][  0]LogStats: UGameplayTagsManager::InitializeManager -  0.002 s
[2023.04.17-13.58.01:655][  0]LogInit: Initializing FReadOnlyCVARCache
[2023.04.17-13.58.02:069][  0]LogAIModule: Creating AISystem for world Untitled
[2023.04.17-13.58.02:122][  0]LogAudio: Display: Initializing Audio Device Manager...
[2023.04.17-13.58.02:158][  0]LogAudio: Display: Loading Default Audio Settings Objects...
[2023.04.17-13.58.02:170][  0]LogAudio: Display: No default SoundConcurrencyObject specified (or failed to load).
[2023.04.17-13.58.02:201][  0]LogAudio: Display: Audio Device Manager Initialized
[2023.04.17-13.58.02:201][  0]LogAudio: Display: Creating Audio Device:                 Id: 1, Scope: Shared, Realtime: True
[2023.04.17-13.58.02:202][  0]LogAudioMixer: Display: Audio Mixer Platform Settings:
[2023.04.17-13.58.02:202][  0]LogAudioMixer: Display: 	Sample Rate:						  48000
[2023.04.17-13.58.02:202][  0]LogAudioMixer: Display: 	Callback Buffer Frame Size Requested: 1024
[2023.04.17-13.58.02:202][  0]LogAudioMixer: Display: 	Callback Buffer Frame Size To Use:	  1024
[2023.04.17-13.58.02:202][  0]LogAudioMixer: Display: 	Number of buffers to queue:			  2
[2023.04.17-13.58.02:202][  0]LogAudioMixer: Display: 	Max Channels (voices):				  32
[2023.04.17-13.58.02:202][  0]LogAudioMixer: Display: 	Number of Async Source Workers:		  0
[2023.04.17-13.58.02:202][  0]LogAudio: Display: AudioDevice MaxSources: 32
[2023.04.17-13.58.02:227][  0]LogAudio: Display: Audio Spatialization Plugin: None (built-in).
[2023.04.17-13.58.02:227][  0]LogAudio: Display: Audio Reverb Plugin: None (built-in).
[2023.04.17-13.58.02:227][  0]LogAudio: Display: Audio Occlusion Plugin: None (built-in).
[2023.04.17-13.58.02:227][  0]LogAudioMixer: Display: Initializing audio mixer.
[2023.04.17-13.58.02:347][  0]LogAudioMixer: Display: 0: FrontLeft
[2023.04.17-13.58.02:347][  0]LogAudioMixer: Display: 1: FrontRight
[2023.04.17-13.58.02:383][  0]LogAudioMixer: Display: Using Audio Device Speakers (Realtek(R) Audio Codec with THX Spatial Audio)
[2023.04.17-13.58.02:411][  0]LogAudioMixer: Display: Initializing Sound Submixes...
[2023.04.17-13.58.02:462][  0]LogAudioMixer: Display: Creating Master Submix 'MasterSubmixDefault'
[2023.04.17-13.58.02:462][  0]LogAudioMixer: Display: Creating Master Submix 'MasterReverbSubmixDefault'
[2023.04.17-13.58.02:464][  0]LogAudioMixer: Display: Creating Master Submix 'MasterEQSubmixDefault'
[2023.04.17-13.58.02:465][  0]LogAudioMixer: FMixerPlatformXAudio2::StartAudioStream() called
[2023.04.17-13.58.02:465][  0]LogAudioMixer: Display: Output buffers initialized: Frames=1024, Channels=2, Samples=2048
[2023.04.17-13.58.02:466][  0]LogAudioMixer: Display: Starting AudioMixerPlatformInterface::RunInternal()
[2023.04.17-13.58.02:466][  0]LogAudioMixer: Display: FMixerPlatformXAudio2::SubmitBuffer() called for the first time
[2023.04.17-13.58.02:466][  0]LogInit: FAudioDevice initialized.
[2023.04.17-13.58.02:467][  0]LogAudio: Display: Audio Device (ID: 1) registered with world 'Untitled'.
[2023.04.17-13.58.02:467][  0]LogNetVersion: Set ProjectVersion to 1.0.0.0. Version Checksum will be recalculated on next use.
[2023.04.17-13.58.02:514][  0]LogDerivedDataCache: Saved boot cache 0.05s 95MB C:/Users/allin/AppData/Local/UnrealEngine/4.27/DerivedDataCache/Boot.ddc.
[2023.04.17-13.58.02:516][  0]LogInit: Texture streaming: Enabled
[2023.04.17-13.58.02:659][  0]LogAnalytics: Display: [UEEditor.Rocket.Release] APIServer = https://datarouter.ol.epicgames.com/. AppVersion = 4.27.2-18319896+++UE4+Release-4.27
[2023.04.17-13.58.02:699][  0]LogEngineSessionManager: EngineSessionManager initialized
[2023.04.17-13.58.02:706][  0]LogEditorSessionSummary: Verbose: Initializing EditorSessionSummaryWriter for editor session tracking
[2023.04.17-13.58.02:716][  0]LogEditorSessionSummary: EditorSessionSummaryWriter initialized
[2023.04.17-13.58.03:008][  0]LogInit: Transaction tracking system initialized
[2023.04.17-13.58.03:383][  0]BlueprintLog: New page: Editor Load
[2023.04.17-13.58.04:511][  0]LocalizationService: Localization service is disabled
[2023.04.17-13.58.04:938][  0]TimingProfiler: Initialize
[2023.04.17-13.58.04:941][  0]TimingProfiler: OnSessionChanged
[2023.04.17-13.58.04:942][  0]LoadingProfiler: Initialize
[2023.04.17-13.58.04:942][  0]LoadingProfiler: OnSessionChanged
[2023.04.17-13.58.04:942][  0]NetworkingProfiler: Initialize
[2023.04.17-13.58.04:944][  0]NetworkingProfiler: OnSessionChanged
[2023.04.17-13.58.04:944][  0]MemoryProfiler: Initialize
[2023.04.17-13.58.04:944][  0]MemoryProfiler: OnSessionChanged
[2023.04.17-13.58.05:829][  0]LogVSAccessor: Display: Unable to create Visual Studio setup instance: 80040154
[2023.04.17-13.58.05:829][  0]LogVSAccessor: Display: Unable to create Visual Studio setup instance: 80040154
[2023.04.17-13.58.05:830][  0]LogVSAccessor: Display: Unable to create Visual Studio setup instance: 80040154
[2023.04.17-13.58.08:640][  0]LogCook: Display: CookSettings for Memory: MemoryMaxUsedVirtual 0MiB, MemoryMaxUsedPhysical 16384MiB, MemoryMinFreeVirtual 0MiB, MemoryMinFreePhysical 1024MiB
[2023.04.17-13.58.08:641][  0]LogFileCache: Scanning file cache for directory 'C:/Users/allin/Desktop/-Journeyman-Twonic---Alpha-Team/-Journeyman-Twonic---Alpha-Team/Twonic/Content/' took 0.02s
[2023.04.17-13.58.08:641][  0]LogCook: Display: Mobile HDR setting 1
[2023.04.17-13.58.12:072][  0]LogInit: Display: Engine is initialized. Leaving FEngineLoop::Init()
[2023.04.17-13.58.12:174][  0]SourceControl: Source control is disabled
[2023.04.17-13.58.12:175][  0]LogUnrealEdMisc: Loading editor; pre map load, took 125.176
[2023.04.17-13.58.12:217][  0]Cmd: MAP LOAD FILE="C:/Users/allin/Desktop/-Journeyman-Twonic---Alpha-Team/-Journeyman-Twonic---Alpha-Team/Twonic/Content/Maps/MP_Level_One.umap" TEMPLATE=0 SHOWPROGRESS=1 FEATURELEVEL=3
[2023.04.17-13.58.12:223][  0]LightingResults: New page: Lighting Build
[2023.04.17-13.58.12:295][  0]LogWorld: UWorld::CleanupWorld for Untitled, bSessionEnded=true, bCleanupResources=true
[2023.04.17-13.58.12:343][  0]LogSlate: InvalidateAllWidgets triggered.  All widgets were invalidated
[2023.04.17-13.58.12:395][  0]MapCheck: New page: Map Check
[2023.04.17-13.58.12:395][  0]LightingResults: New page: Lighting Build
[2023.04.17-13.58.12:571][  0]LogAudio: Display: Audio Device unregistered from world 'None'.
[2023.04.17-13.58.12:680][  0]LogUObjectHash: Compacting FUObjectHashTables data took   0.77ms
[2023.04.17-13.58.21:629][  0]LogAudio: Display: Audio Device (ID: 1) registered with world 'MP_Level_One'.
[2023.04.17-13.58.21:634][  0]LogAIModule: Creating AISystem for world MP_Level_One
[2023.04.17-13.58.22:932][  0]LogEditorServer: Finished looking for orphan Actors (0.000 secs)
[2023.04.17-13.58.23:237][  0]LogUObjectHash: Compacting FUObjectHashTables data took   1.65ms
[2023.04.17-13.58.23:255][  0]Cmd: MAP CHECKDEP NOCLEARLOG
[2023.04.17-13.58.23:257][  0]MapCheck: Map check complete: 0 Error(s), 0 Warning(s), took 1.088ms to complete.
[2023.04.17-13.58.23:257][  0]LogFileHelpers: Loading map 'MP_Level_One' took 11.047
[2023.04.17-13.58.24:270][  0]LogUnrealEdMisc: Total Editor Startup Time, took 137.270
[2023.04.17-13.58.25:065][  0]LogSlate: Updating window title bar state: overlay mode, drag disabled, window buttons hidden, title bar hidden
[2023.04.17-13.58.25:094][  0]LogSlate: Updating window title bar state: overlay mode, drag disabled, window buttons hidden, title bar hidden
[2023.04.17-13.58.25:100][  0]LogSlate: Updating window title bar state: overlay mode, drag disabled, window buttons hidden, title bar hidden
[2023.04.17-13.58.25:106][  0]LogSlate: Updating window title bar state: overlay mode, drag disabled, window buttons hidden, title bar hidden
[2023.04.17-13.58.25:473][  0]LogNativeClassHierarchy: Verbose: Native class hierarchy populated in 0.0085 seconds. Added 3822 classes and 928 folders.
[2023.04.17-13.58.25:550][  0]LogNativeClassHierarchy: Verbose: Native class hierarchy updated for 'WidgetCarousel' in 0.0007 seconds. Added 0 classes and 0 folders.
[2023.04.17-13.58.25:815][  0]LogPakFile: PakFile PrimaryIndexSize=187
[2023.04.17-13.58.25:815][  0]LogPakFile: PakFile PathHashIndexSize=101
[2023.04.17-13.58.25:815][  0]LogPakFile: PakFile FullDirectoryIndexSize=148
[2023.04.17-13.58.25:815][  0]LogShaderLibrary: Display: ShaderCodeLibraryPakFileMountedCallback: PakFile 'D:/UNREAL ENGINE VERSIONS/UE_4.27/FeaturePacks/FP_FirstPerson.upack' (chunk index -1, root 'root:/') mounted
[2023.04.17-13.58.25:815][  0]LogShaderLibrary: Display: ShaderCodeLibraryPakFileMountedCallback: pending pak file info (ChunkID:-1 Root:root:/ File:D:/UNREAL ENGINE VERSIONS/UE_4.27/FeaturePacks/FP_FirstPerson.upack)
[2023.04.17-13.58.25:815][  0]LogPakFile: OnPakFileMounted2Time == 0.000053
[2023.04.17-13.58.25:858][  0]LogPakFile: PakFile PrimaryIndexSize=189
[2023.04.17-13.58.25:858][  0]LogPakFile: PakFile PathHashIndexSize=101
[2023.04.17-13.58.25:858][  0]LogPakFile: PakFile FullDirectoryIndexSize=152
[2023.04.17-13.58.25:858][  0]LogShaderLibrary: Display: ShaderCodeLibraryPakFileMountedCallback: PakFile 'D:/UNREAL ENGINE VERSIONS/UE_4.27/FeaturePacks/FP_FirstPersonBP.upack' (chunk index -1, root 'root:/') mounted
[2023.04.17-13.58.25:858][  0]LogShaderLibrary: Display: ShaderCodeLibraryPakFileMountedCallback: pending pak file info (ChunkID:-1 Root:root:/ File:D:/UNREAL ENGINE VERSIONS/UE_4.27/FeaturePacks/FP_FirstPersonBP.upack)
[2023.04.17-13.58.25:858][  0]LogPakFile: OnPakFileMounted2Time == 0.000041
[2023.04.17-13.58.25:902][  0]LogPakFile: PakFile PrimaryIndexSize=191
[2023.04.17-13.58.25:902][  0]LogPakFile: PakFile PathHashIndexSize=101
[2023.04.17-13.58.25:902][  0]LogPakFile: PakFile FullDirectoryIndexSize=160
[2023.04.17-13.58.25:902][  0]LogShaderLibrary: Display: ShaderCodeLibraryPakFileMountedCallback: PakFile 'D:/UNREAL ENGINE VERSIONS/UE_4.27/FeaturePacks/MobileStarterContent.upack' (chunk index -1, root 'root:/') mounted
[2023.04.17-13.58.25:902][  0]LogShaderLibrary: Display: ShaderCodeLibraryPakFileMountedCallback: pending pak file info (ChunkID:-1 Root:root:/ File:D:/UNREAL ENGINE VERSIONS/UE_4.27/FeaturePacks/MobileStarterContent.upack)
[2023.04.17-13.58.25:902][  0]LogPakFile: OnPakFileMounted2Time == 0.000035
[2023.04.17-13.58.25:913][  0]LogPakFile: PakFile PrimaryIndexSize=185
[2023.04.17-13.58.25:913][  0]LogPakFile: PakFile PathHashIndexSize=101
[2023.04.17-13.58.25:913][  0]LogPakFile: PakFile FullDirectoryIndexSize=148
[2023.04.17-13.58.25:913][  0]LogShaderLibrary: Display: ShaderCodeLibraryPakFileMountedCallback: PakFile 'D:/UNREAL ENGINE VERSIONS/UE_4.27/FeaturePacks/StarterContent.upack' (chunk index -1, root 'root:/') mounted
[2023.04.17-13.58.25:913][  0]LogShaderLibrary: Display: ShaderCodeLibraryPakFileMountedCallback: pending pak file info (ChunkID:-1 Root:root:/ File:D:/UNREAL ENGINE VERSIONS/UE_4.27/FeaturePacks/StarterContent.upack)
[2023.04.17-13.58.25:913][  0]LogPakFile: OnPakFileMounted2Time == 0.000058
[2023.04.17-13.58.25:971][  0]LogPakFile: PakFile PrimaryIndexSize=190
[2023.04.17-13.58.25:971][  0]LogPakFile: PakFile PathHashIndexSize=101
[2023.04.17-13.58.25:971][  0]LogPakFile: PakFile FullDirectoryIndexSize=154
[2023.04.17-13.58.25:971][  0]LogShaderLibrary: Display: ShaderCodeLibraryPakFileMountedCallback: PakFile 'D:/UNREAL ENGINE VERSIONS/UE_4.27/FeaturePacks/TP_2DSideScroller.upack' (chunk index -1, root 'root:/') mounted
[2023.04.17-13.58.25:971][  0]LogShaderLibrary: Display: ShaderCodeLibraryPakFileMountedCallback: pending pak file info (ChunkID:-1 Root:root:/ File:D:/UNREAL ENGINE VERSIONS/UE_4.27/FeaturePacks/TP_2DSideScroller.upack)
[2023.04.17-13.58.25:971][  0]LogPakFile: OnPakFileMounted2Time == 0.000036
[2023.04.17-13.58.25:982][  0]LogPakFile: PakFile PrimaryIndexSize=192
[2023.04.17-13.58.25:982][  0]LogPakFile: PakFile PathHashIndexSize=101
[2023.04.17-13.58.25:982][  0]LogPakFile: PakFile FullDirectoryIndexSize=158
[2023.04.17-13.58.25:982][  0]LogShaderLibrary: Display: ShaderCodeLibraryPakFileMountedCallback: PakFile 'D:/UNREAL ENGINE VERSIONS/UE_4.27/FeaturePacks/TP_2DSideScrollerBP.upack' (chunk index -1, root 'root:/') mounted
[2023.04.17-13.58.25:982][  0]LogShaderLibrary: Display: ShaderCodeLibraryPakFileMountedCallback: pending pak file info (ChunkID:-1 Root:root:/ File:D:/UNREAL ENGINE VERSIONS/UE_4.27/FeaturePacks/TP_2DSideScrollerBP.upack)
[2023.04.17-13.58.25:982][  0]LogPakFile: OnPakFileMounted2Time == 0.000062
[2023.04.17-13.58.25:990][  0]LogPakFile: PakFile PrimaryIndexSize=182
[2023.04.17-13.58.25:990][  0]LogPakFile: PakFile PathHashIndexSize=101
[2023.04.17-13.58.25:990][  0]LogPakFile: PakFile FullDirectoryIndexSize=138
[2023.04.17-13.58.25:990][  0]LogShaderLibrary: Display: ShaderCodeLibraryPakFileMountedCallback: PakFile 'D:/UNREAL ENGINE VERSIONS/UE_4.27/FeaturePacks/TP_Flying.upack' (chunk index -1, root 'root:/') mounted
[2023.04.17-13.58.25:990][  0]LogShaderLibrary: Display: ShaderCodeLibraryPakFileMountedCallback: pending pak file info (ChunkID:-1 Root:root:/ File:D:/UNREAL ENGINE VERSIONS/UE_4.27/FeaturePacks/TP_Flying.upack)
[2023.04.17-13.58.25:990][  0]LogPakFile: OnPakFileMounted2Time == 0.000073
[2023.04.17-13.58.25:997][  0]LogPakFile: PakFile PrimaryIndexSize=184
[2023.04.17-13.58.25:997][  0]LogPakFile: PakFile PathHashIndexSize=101
[2023.04.17-13.58.25:997][  0]LogPakFile: PakFile FullDirectoryIndexSize=142
[2023.04.17-13.58.25:997][  0]LogShaderLibrary: Display: ShaderCodeLibraryPakFileMountedCallback: PakFile 'D:/UNREAL ENGINE VERSIONS/UE_4.27/FeaturePacks/TP_FlyingBP.upack' (chunk index -1, root 'root:/') mounted
[2023.04.17-13.58.25:997][  0]LogShaderLibrary: Display: ShaderCodeLibraryPakFileMountedCallback: pending pak file info (ChunkID:-1 Root:root:/ File:D:/UNREAL ENGINE VERSIONS/UE_4.27/FeaturePacks/TP_FlyingBP.upack)
[2023.04.17-13.58.25:997][  0]LogPakFile: OnPakFileMounted2Time == 0.000034
[2023.04.17-13.58.26:058][  0]LogPakFile: PakFile PrimaryIndexSize=188
[2023.04.17-13.58.26:058][  0]LogPakFile: PakFile PathHashIndexSize=101
[2023.04.17-13.58.26:058][  0]LogPakFile: PakFile FullDirectoryIndexSize=150
[2023.04.17-13.58.26:058][  0]LogShaderLibrary: Display: ShaderCodeLibraryPakFileMountedCallback: PakFile 'D:/UNREAL ENGINE VERSIONS/UE_4.27/FeaturePacks/TP_HandheldARBP.upack' (chunk index -1, root 'root:/') mounted
[2023.04.17-13.58.26:058][  0]LogShaderLibrary: Display: ShaderCodeLibraryPakFileMountedCallback: pending pak file info (ChunkID:-1 Root:root:/ File:D:/UNREAL ENGINE VERSIONS/UE_4.27/FeaturePacks/TP_HandheldARBP.upack)
[2023.04.17-13.58.26:058][  0]LogPakFile: OnPakFileMounted2Time == 0.000041
[2023.04.17-13.58.26:096][  0]LogPakFile: PakFile PrimaryIndexSize=182
[2023.04.17-13.58.26:096][  0]LogPakFile: PakFile PathHashIndexSize=101
[2023.04.17-13.58.26:096][  0]LogPakFile: PakFile FullDirectoryIndexSize=138
[2023.04.17-13.58.26:096][  0]LogShaderLibrary: Display: ShaderCodeLibraryPakFileMountedCallback: PakFile 'D:/UNREAL ENGINE VERSIONS/UE_4.27/FeaturePacks/TP_Puzzle.upack' (chunk index -1, root 'root:/') mounted
[2023.04.17-13.58.26:096][  0]LogShaderLibrary: Display: ShaderCodeLibraryPakFileMountedCallback: pending pak file info (ChunkID:-1 Root:root:/ File:D:/UNREAL ENGINE VERSIONS/UE_4.27/FeaturePacks/TP_Puzzle.upack)
[2023.04.17-13.58.26:096][  0]LogPakFile: OnPakFileMounted2Time == 0.000034
[2023.04.17-13.58.26:122][  0]LogPakFile: PakFile PrimaryIndexSize=184
[2023.04.17-13.58.26:122][  0]LogPakFile: PakFile PathHashIndexSize=101
[2023.04.17-13.58.26:122][  0]LogPakFile: PakFile FullDirectoryIndexSize=142
[2023.04.17-13.58.26:122][  0]LogShaderLibrary: Display: ShaderCodeLibraryPakFileMountedCallback: PakFile 'D:/UNREAL ENGINE VERSIONS/UE_4.27/FeaturePacks/TP_PuzzleBP.upack' (chunk index -1, root 'root:/') mounted
[2023.04.17-13.58.26:122][  0]LogShaderLibrary: Display: ShaderCodeLibraryPakFileMountedCallback: pending pak file info (ChunkID:-1 Root:root:/ File:D:/UNREAL ENGINE VERSIONS/UE_4.27/FeaturePacks/TP_PuzzleBP.upack)
[2023.04.17-13.58.26:122][  0]LogPakFile: OnPakFileMounted2Time == 0.000099
[2023.04.17-13.58.26:131][  0]LogPakFile: PakFile PrimaryIndexSize=183
[2023.04.17-13.58.26:131][  0]LogPakFile: PakFile PathHashIndexSize=101
[2023.04.17-13.58.26:131][  0]LogPakFile: PakFile FullDirectoryIndexSize=140
[2023.04.17-13.58.26:131][  0]LogShaderLibrary: Display: ShaderCodeLibraryPakFileMountedCallback: PakFile 'D:/UNREAL ENGINE VERSIONS/UE_4.27/FeaturePacks/TP_Rolling.upack' (chunk index -1, root 'root:/') mounted
[2023.04.17-13.58.26:131][  0]LogShaderLibrary: Display: ShaderCodeLibraryPakFileMountedCallback: pending pak file info (ChunkID:-1 Root:root:/ File:D:/UNREAL ENGINE VERSIONS/UE_4.27/FeaturePacks/TP_Rolling.upack)
[2023.04.17-13.58.26:131][  0]LogPakFile: OnPakFileMounted2Time == 0.000034
[2023.04.17-13.58.26:176][  0]LogPakFile: PakFile PrimaryIndexSize=185
[2023.04.17-13.58.26:177][  0]LogPakFile: PakFile PathHashIndexSize=101
[2023.04.17-13.58.26:177][  0]LogPakFile: PakFile FullDirectoryIndexSize=144
[2023.04.17-13.58.26:177][  0]LogShaderLibrary: Display: ShaderCodeLibraryPakFileMountedCallback: PakFile 'D:/UNREAL ENGINE VERSIONS/UE_4.27/FeaturePacks/TP_RollingBP.upack' (chunk index -1, root 'root:/') mounted
[2023.04.17-13.58.26:177][  0]LogShaderLibrary: Display: ShaderCodeLibraryPakFileMountedCallback: pending pak file info (ChunkID:-1 Root:root:/ File:D:/UNREAL ENGINE VERSIONS/UE_4.27/FeaturePacks/TP_RollingBP.upack)
[2023.04.17-13.58.26:177][  0]LogPakFile: OnPakFileMounted2Time == 0.000036
[2023.04.17-13.58.26:186][  0]LogPakFile: PakFile PrimaryIndexSize=188
[2023.04.17-13.58.26:186][  0]LogPakFile: PakFile PathHashIndexSize=101
[2023.04.17-13.58.26:186][  0]LogPakFile: PakFile FullDirectoryIndexSize=150
[2023.04.17-13.58.26:186][  0]LogShaderLibrary: Display: ShaderCodeLibraryPakFileMountedCallback: PakFile 'D:/UNREAL ENGINE VERSIONS/UE_4.27/FeaturePacks/TP_SideScroller.upack' (chunk index -1, root 'root:/') mounted
[2023.04.17-13.58.26:186][  0]LogShaderLibrary: Display: ShaderCodeLibraryPakFileMountedCallback: pending pak file info (ChunkID:-1 Root:root:/ File:D:/UNREAL ENGINE VERSIONS/UE_4.27/FeaturePacks/TP_SideScroller.upack)
[2023.04.17-13.58.26:186][  0]LogPakFile: OnPakFileMounted2Time == 0.000054
[2023.04.17-13.58.26:193][  0]LogPakFile: PakFile PrimaryIndexSize=190
[2023.04.17-13.58.26:193][  0]LogPakFile: PakFile PathHashIndexSize=101
[2023.04.17-13.58.26:193][  0]LogPakFile: PakFile FullDirectoryIndexSize=154
[2023.04.17-13.58.26:193][  0]LogShaderLibrary: Display: ShaderCodeLibraryPakFileMountedCallback: PakFile 'D:/UNREAL ENGINE VERSIONS/UE_4.27/FeaturePacks/TP_SideScrollerBP.upack' (chunk index -1, root 'root:/') mounted
[2023.04.17-13.58.26:193][  0]LogShaderLibrary: Display: ShaderCodeLibraryPakFileMountedCallback: pending pak file info (ChunkID:-1 Root:root:/ File:D:/UNREAL ENGINE VERSIONS/UE_4.27/FeaturePacks/TP_SideScrollerBP.upack)
[2023.04.17-13.58.26:193][  0]LogPakFile: OnPakFileMounted2Time == 0.000036
[2023.04.17-13.58.26:199][  0]LogPakFile: PakFile PrimaryIndexSize=187
[2023.04.17-13.58.26:199][  0]LogPakFile: PakFile PathHashIndexSize=101
[2023.04.17-13.58.26:199][  0]LogPakFile: PakFile FullDirectoryIndexSize=148
[2023.04.17-13.58.26:199][  0]LogShaderLibrary: Display: ShaderCodeLibraryPakFileMountedCallback: PakFile 'D:/UNREAL ENGINE VERSIONS/UE_4.27/FeaturePacks/TP_ThirdPerson.upack' (chunk index -1, root 'root:/') mounted
[2023.04.17-13.58.26:199][  0]LogShaderLibrary: Display: ShaderCodeLibraryPakFileMountedCallback: pending pak file info (ChunkID:-1 Root:root:/ File:D:/UNREAL ENGINE VERSIONS/UE_4.27/FeaturePacks/TP_ThirdPerson.upack)
[2023.04.17-13.58.26:199][  0]LogPakFile: OnPakFileMounted2Time == 0.000032
[2023.04.17-13.58.26:244][  0]LogPakFile: PakFile PrimaryIndexSize=189
[2023.04.17-13.58.26:244][  0]LogPakFile: PakFile PathHashIndexSize=101
[2023.04.17-13.58.26:244][  0]LogPakFile: PakFile FullDirectoryIndexSize=152
[2023.04.17-13.58.26:244][  0]LogShaderLibrary: Display: ShaderCodeLibraryPakFileMountedCallback: PakFile 'D:/UNREAL ENGINE VERSIONS/UE_4.27/FeaturePacks/TP_ThirdPersonBP.upack' (chunk index -1, root 'root:/') mounted
[2023.04.17-13.58.26:244][  0]LogShaderLibrary: Display: ShaderCodeLibraryPakFileMountedCallback: pending pak file info (ChunkID:-1 Root:root:/ File:D:/UNREAL ENGINE VERSIONS/UE_4.27/FeaturePacks/TP_ThirdPersonBP.upack)
[2023.04.17-13.58.26:244][  0]LogPakFile: OnPakFileMounted2Time == 0.000050
[2023.04.17-13.58.26:254][  0]LogPakFile: PakFile PrimaryIndexSize=183
[2023.04.17-13.58.26:254][  0]LogPakFile: PakFile PathHashIndexSize=101
[2023.04.17-13.58.26:254][  0]LogPakFile: PakFile FullDirectoryIndexSize=140
[2023.04.17-13.58.26:254][  0]LogShaderLibrary: Display: ShaderCodeLibraryPakFileMountedCallback: PakFile 'D:/UNREAL ENGINE VERSIONS/UE_4.27/FeaturePacks/TP_TopDown.upack' (chunk index -1, root 'root:/') mounted
[2023.04.17-13.58.26:254][  0]LogShaderLibrary: Display: ShaderCodeLibraryPakFileMountedCallback: pending pak file info (ChunkID:-1 Root:root:/ File:D:/UNREAL ENGINE VERSIONS/UE_4.27/FeaturePacks/TP_TopDown.upack)
[2023.04.17-13.58.26:254][  0]LogPakFile: OnPakFileMounted2Time == 0.000043
[2023.04.17-13.58.26:262][  0]LogPakFile: PakFile PrimaryIndexSize=185
[2023.04.17-13.58.26:262][  0]LogPakFile: PakFile PathHashIndexSize=101
[2023.04.17-13.58.26:262][  0]LogPakFile: PakFile FullDirectoryIndexSize=144
[2023.04.17-13.58.26:262][  0]LogShaderLibrary: Display: ShaderCodeLibraryPakFileMountedCallback: PakFile 'D:/UNREAL ENGINE VERSIONS/UE_4.27/FeaturePacks/TP_TopDownBP.upack' (chunk index -1, root 'root:/') mounted
[2023.04.17-13.58.26:262][  0]LogShaderLibrary: Display: ShaderCodeLibraryPakFileMountedCallback: pending pak file info (ChunkID:-1 Root:root:/ File:D:/UNREAL ENGINE VERSIONS/UE_4.27/FeaturePacks/TP_TopDownBP.upack)
[2023.04.17-13.58.26:262][  0]LogPakFile: OnPakFileMounted2Time == 0.000039
[2023.04.17-13.58.26:272][  0]LogPakFile: PakFile PrimaryIndexSize=185
[2023.04.17-13.58.26:272][  0]LogPakFile: PakFile PathHashIndexSize=101
[2023.04.17-13.58.26:272][  0]LogPakFile: PakFile FullDirectoryIndexSize=144
[2023.04.17-13.58.26:272][  0]LogShaderLibrary: Display: ShaderCodeLibraryPakFileMountedCallback: PakFile 'D:/UNREAL ENGINE VERSIONS/UE_4.27/FeaturePacks/TP_TwinStick.upack' (chunk index -1, root 'root:/') mounted
[2023.04.17-13.58.26:272][  0]LogShaderLibrary: Display: ShaderCodeLibraryPakFileMountedCallback: pending pak file info (ChunkID:-1 Root:root:/ File:D:/UNREAL ENGINE VERSIONS/UE_4.27/FeaturePacks/TP_TwinStick.upack)
[2023.04.17-13.58.26:272][  0]LogPakFile: OnPakFileMounted2Time == 0.000038
[2023.04.17-13.58.26:319][  0]LogPakFile: PakFile PrimaryIndexSize=187
[2023.04.17-13.58.26:319][  0]LogPakFile: PakFile PathHashIndexSize=101
[2023.04.17-13.58.26:319][  0]LogPakFile: PakFile FullDirectoryIndexSize=148
[2023.04.17-13.58.26:319][  0]LogShaderLibrary: Display: ShaderCodeLibraryPakFileMountedCallback: PakFile 'D:/UNREAL ENGINE VERSIONS/UE_4.27/FeaturePacks/TP_TwinStickBP.upack' (chunk index -1, root 'root:/') mounted
[2023.04.17-13.58.26:319][  0]LogShaderLibrary: Display: ShaderCodeLibraryPakFileMountedCallback: pending pak file info (ChunkID:-1 Root:root:/ File:D:/UNREAL ENGINE VERSIONS/UE_4.27/FeaturePacks/TP_TwinStickBP.upack)
[2023.04.17-13.58.26:319][  0]LogPakFile: OnPakFileMounted2Time == 0.000038
[2023.04.17-13.58.26:337][  0]LogPakFile: PakFile PrimaryIndexSize=183
[2023.04.17-13.58.26:337][  0]LogPakFile: PakFile PathHashIndexSize=101
[2023.04.17-13.58.26:337][  0]LogPakFile: PakFile FullDirectoryIndexSize=140
[2023.04.17-13.58.26:337][  0]LogShaderLibrary: Display: ShaderCodeLibraryPakFileMountedCallback: PakFile 'D:/UNREAL ENGINE VERSIONS/UE_4.27/FeaturePacks/TP_Vehicle.upack' (chunk index -1, root 'root:/') mounted
[2023.04.17-13.58.26:337][  0]LogShaderLibrary: Display: ShaderCodeLibraryPakFileMountedCallback: pending pak file info (ChunkID:-1 Root:root:/ File:D:/UNREAL ENGINE VERSIONS/UE_4.27/FeaturePacks/TP_Vehicle.upack)
[2023.04.17-13.58.26:337][  0]LogPakFile: OnPakFileMounted2Time == 0.000075
[2023.04.17-13.58.26:344][  0]LogPakFile: PakFile PrimaryIndexSize=186
[2023.04.17-13.58.26:344][  0]LogPakFile: PakFile PathHashIndexSize=101
[2023.04.17-13.58.26:344][  0]LogPakFile: PakFile FullDirectoryIndexSize=146
[2023.04.17-13.58.26:344][  0]LogShaderLibrary: Display: ShaderCodeLibraryPakFileMountedCallback: PakFile 'D:/UNREAL ENGINE VERSIONS/UE_4.27/FeaturePacks/TP_VehicleAdv.upack' (chunk index -1, root 'root:/') mounted
[2023.04.17-13.58.26:344][  0]LogShaderLibrary: Display: ShaderCodeLibraryPakFileMountedCallback: pending pak file info (ChunkID:-1 Root:root:/ File:D:/UNREAL ENGINE VERSIONS/UE_4.27/FeaturePacks/TP_VehicleAdv.upack)
[2023.04.17-13.58.26:344][  0]LogPakFile: OnPakFileMounted2Time == 0.000088
[2023.04.17-13.58.26:352][  0]LogPakFile: PakFile PrimaryIndexSize=188
[2023.04.17-13.58.26:352][  0]LogPakFile: PakFile PathHashIndexSize=101
[2023.04.17-13.58.26:352][  0]LogPakFile: PakFile FullDirectoryIndexSize=150
[2023.04.17-13.58.26:352][  0]LogShaderLibrary: Display: ShaderCodeLibraryPakFileMountedCallback: PakFile 'D:/UNREAL ENGINE VERSIONS/UE_4.27/FeaturePacks/TP_VehicleAdvBP.upack' (chunk index -1, root 'root:/') mounted
[2023.04.17-13.58.26:352][  0]LogShaderLibrary: Display: ShaderCodeLibraryPakFileMountedCallback: pending pak file info (ChunkID:-1 Root:root:/ File:D:/UNREAL ENGINE VERSIONS/UE_4.27/FeaturePacks/TP_VehicleAdvBP.upack)
[2023.04.17-13.58.26:352][  0]LogPakFile: OnPakFileMounted2Time == 0.000055
[2023.04.17-13.58.26:380][  0]LogPakFile: PakFile PrimaryIndexSize=185
[2023.04.17-13.58.26:380][  0]LogPakFile: PakFile PathHashIndexSize=101
[2023.04.17-13.58.26:380][  0]LogPakFile: PakFile FullDirectoryIndexSize=144
[2023.04.17-13.58.26:380][  0]LogShaderLibrary: Display: ShaderCodeLibraryPakFileMountedCallback: PakFile 'D:/UNREAL ENGINE VERSIONS/UE_4.27/FeaturePacks/TP_VehicleBP.upack' (chunk index -1, root 'root:/') mounted
[2023.04.17-13.58.26:380][  0]LogShaderLibrary: Display: ShaderCodeLibraryPakFileMountedCallback: pending pak file info (ChunkID:-1 Root:root:/ File:D:/UNREAL ENGINE VERSIONS/UE_4.27/FeaturePacks/TP_VehicleBP.upack)
[2023.04.17-13.58.26:380][  0]LogPakFile: OnPakFileMounted2Time == 0.000041
[2023.04.17-13.58.26:388][  0]LogPakFile: PakFile PrimaryIndexSize=192
[2023.04.17-13.58.26:388][  0]LogPakFile: PakFile PathHashIndexSize=101
[2023.04.17-13.58.26:388][  0]LogPakFile: PakFile FullDirectoryIndexSize=158
[2023.04.17-13.58.26:388][  0]LogShaderLibrary: Display: ShaderCodeLibraryPakFileMountedCallback: PakFile 'D:/UNREAL ENGINE VERSIONS/UE_4.27/FeaturePacks/TP_VirtualRealityBP.upack' (chunk index -1, root 'root:/') mounted
[2023.04.17-13.58.26:388][  0]LogShaderLibrary: Display: ShaderCodeLibraryPakFileMountedCallback: pending pak file info (ChunkID:-1 Root:root:/ File:D:/UNREAL ENGINE VERSIONS/UE_4.27/FeaturePacks/TP_VirtualRealityBP.upack)
[2023.04.17-13.58.26:388][  0]LogPakFile: OnPakFileMounted2Time == 0.000073
[2023.04.17-13.58.28:486][  0]LogNativeClassHierarchy: Verbose: Native class hierarchy updated for 'AddContentDialog' in 0.0003 seconds. Added 0 classes and 0 folders.
[2023.04.17-13.58.28:559][  0]LogNativeClassHierarchy: Verbose: Native class hierarchy updated for 'SceneOutliner' in 0.0002 seconds. Added 2 classes and 0 folders.
[2023.04.17-13.58.29:874][  0]LogNativeClassHierarchy: Verbose: Native class hierarchy updated for 'HierarchicalLODOutliner' in 0.0004 seconds. Added 0 classes and 0 folders.
[2023.04.17-13.58.29:874][  0]LogLoad: (Engine Initialization) Total time: 142.88 seconds
[2023.04.17-13.58.29:874][  0]LogLoad: (Engine Initialization) Total Blueprint compile time: 0.00 seconds
[2023.04.17-13.58.30:056][  0]LogAssetRegistry: Asset discovery search completed in 63.1239 seconds
[2023.04.17-13.58.30:171][  0]LogCollectionManager: Fixed up redirectors for 0 collections in 0.000004 seconds (updated 0 objects)
[2023.04.17-13.58.30:307][  0]LogContentStreaming: Texture pool size now 1000 MB
[2023.04.17-13.58.30:370][  0]LogSlate: Took 0.019161 seconds to synchronously load lazily loaded font '../../../Engine/Content/Slate/Fonts/Roboto-Regular.ttf' (155K)
[2023.04.17-13.58.30:396][  0]LogSlate: Took 0.013936 seconds to synchronously load lazily loaded font '../../../Engine/Content/Editor/Slate/Fonts/FontAwesome.ttf' (139K)
[2023.04.17-13.58.30:413][  0]LogSlate: Took 0.014323 seconds to synchronously load lazily loaded font '../../../Engine/Content/Slate/Fonts/Roboto-Bold.ttf' (160K)
[2023.04.17-13.58.31:011][  1]LogRenderer: Reallocating scene render targets to support 980x428 Format 10 NumSamples 1 (Frame:1).
[2023.04.17-13.58.31:070][  1]LogFileCache: Retrieving MD5 hashes for directory 'C:/Users/allin/Desktop/-Journeyman-Twonic---Alpha-Team/-Journeyman-Twonic---Alpha-Team/Twonic/Content/' took 1.13s
[2023.04.17-13.58.31:709][  1]LogStaticMesh: Allocated 494x161x64 distance field atlas = 9.7Mb, with 101 objects containing 4.3Mb backing data
[2023.04.17-13.58.31:709][  1]LogSlate: Took 0.013724 seconds to synchronously load lazily loaded font '../../../Engine/Content/Slate/Fonts/Roboto-Light.ttf' (167K)
[2023.04.17-13.58.31:756][  2]LogSlate: Took 0.000248 seconds to synchronously load lazily loaded font '../../../Engine/Content/Slate/Fonts/Roboto-Light.ttf' (167K)
[2023.04.17-13.58.31:838][  2]LogAssetEditorSubsystem: Opening Asset editor for Blueprint /Game/Roles/Designer/Owen/Bps/Twonic_Player_BP.Twonic_Player_BP
[2023.04.17-13.58.32:465][  2]LogBlueprintEditor: Perf: 0.5 total seconds to load all 6 blueprint libraries in project. Avoid references to content in blueprint libraries to shorten this time.
[2023.04.17-13.58.32:465][  2]LogBlueprintEditor: Perf: 0.2 seconds loading: /Engine/ArtTools/RenderToTexture/Macros/RenderToTextureMacros
[2023.04.17-13.58.33:854][  2]LogNativeClassHierarchy: Verbose: Native class hierarchy updated for 'BlueprintGraph' in 0.0005 seconds. Added 126 classes and 0 folders.
[2023.04.17-13.58.36:791][  2]LogAssetEditorSubsystem: Opening Asset editor for MaterialInstanceConstant /Game/Roles/Programmer/David_Programming/Shader/CustomShaderInstance.CustomShaderInstance
[2023.04.17-13.58.36:903][  2]LogTexture: Default maximum texture size for cubemaps generated from long-lat sources has been changed from 512 to unlimited. In order to preserve old behaiour for '/Engine/EditorMaterials/AssetViewer/EpicQuadPanorama_CC+EV1.EpicQuadPanorama_CC+EV1', its maximum texture size has been explicitly set to 512.
