Log file open, 03/30/23 14:07:19
LogWindows: Failed to load 'aqProf.dll' (GetLastError=126)
LogWindows: File 'aqProf.dll' does not exist
LogWindows: Failed to load 'VtuneApi.dll' (GetLastError=126)
LogWindows: File 'VtuneApi.dll' does not exist
LogWindows: Failed to load 'VtuneApi32e.dll' (GetLastError=126)
LogWindows: File 'VtuneApi32e.dll' does not exist
LogConsoleResponse: Display: Failed to find resolution value strings in scalability ini. Falling back to default.
LogConsoleResponse: Display: Failed to find resolution value strings in scalability ini. Falling back to default.
LogInit: Display: Running engine for game: Twonic
LogPlatformFile: Not using cached read wrapper
LogTaskGraph: Started task graph with 5 named threads and 23 total threads with 3 sets of task threads.
LogStats: Stats thread started at 45.883748
LogICUInternationalization: ICU TimeZone Detection - Raw Offset: +0:00, Platform Override: ''
LogInit: Display: Loading text-based GConfig....
LogPluginManager: Mounting plugin MeshPainting
LogPluginManager: Mounting plugin XGEController
LogPluginManager: Mounting plugin LightPropagationVolume
LogPluginManager: Mounting plugin LiveLink
LogPluginManager: Mounting plugin AISupport
LogPluginManager: Mounting plugin EnvironmentQueryEditor
LogPluginManager: Mounting plugin OodleData
LogPluginManager: Mounting plugin GameplayCameras
LogPluginManager: Mounting plugin CameraShakePreviewer
LogPluginManager: Mounting plugin OodleNetwork
LogPluginManager: Mounting plugin AssetManagerEditor
LogPluginManager: Mounting plugin Paper2D
LogPluginManager: Mounting plugin Niagara
LogPluginManager: Mounting plugin CurveEditorTools
LogPluginManager: Mounting plugin FacialAnimation
LogPluginManager: Mounting plugin CryptoKeys
LogPluginManager: Mounting plugin DataValidation
LogPluginManager: Mounting plugin GameplayTagsEditor
LogPluginManager: Mounting plugin GeometryMode
LogPluginManager: Mounting plugin MacGraphicsSwitching
LogPluginManager: Mounting plugin MaterialAnalyzer
LogPluginManager: Mounting plugin MobileLauncherProfileWizard
LogPluginManager: Mounting plugin SpeedTreeImporter
LogPluginManager: Mounting plugin CLionSourceCodeAccess
LogPluginManager: Mounting plugin CodeLiteSourceCodeAccess
LogPluginManager: Mounting plugin AnimationSharing
LogPluginManager: Mounting plugin KDevelopSourceCodeAccess
LogPluginManager: Mounting plugin GitSourceControl
LogPluginManager: Mounting plugin NullSourceCodeAccess
LogPluginManager: Mounting plugin PixWinPlugin
LogPluginManager: Mounting plugin PlasticSourceControl
LogPluginManager: Mounting plugin PropertyAccessNode
LogPluginManager: Mounting plugin SubversionSourceControl
LogPluginManager: Mounting plugin RiderSourceCodeAccess
LogPluginManager: Mounting plugin TextureFormatOodle
LogPluginManager: Mounting plugin PerforceSourceControl
LogPluginManager: Mounting plugin PluginUtils
LogPluginManager: Mounting plugin VisualStudioSourceCodeAccess
LogPluginManager: Mounting plugin XCodeSourceCodeAccess
LogPluginManager: Mounting plugin VisualStudioCodeSourceCodeAccess
LogPluginManager: Mounting plugin UObjectPlugin
LogPluginManager: Mounting plugin AndroidMedia
LogPluginManager: Mounting plugin AvfMedia
LogPluginManager: Mounting plugin PluginBrowser
LogPluginManager: Mounting plugin MediaCompositing
LogPluginManager: Mounting plugin ImgMedia
LogPluginManager: Mounting plugin LuminPlatformFeatures
LogPluginManager: Mounting plugin MediaPlayerEditor
LogPluginManager: Mounting plugin WebMMedia
LogPluginManager: Mounting plugin MagicLeapMedia
LogPluginManager: Mounting plugin WmfMedia
LogPluginManager: Mounting plugin MLSDK
LogPluginManager: Mounting plugin DatasmithContent
LogPluginManager: Mounting plugin MagicLeap
LogPluginManager: Mounting plugin MagicLeapLightEstimation
LogPluginManager: Mounting plugin MagicLeapPassableWorld
LogPluginManager: Mounting plugin VariantManagerContent
LogPluginManager: Mounting plugin AlembicImporter
LogPluginManager: Mounting plugin AutomationUtils
LogPluginManager: Mounting plugin BackChannel
LogPluginManager: Mounting plugin ChaosCloth
LogPluginManager: Mounting plugin ChaosClothEditor
LogPluginManager: Mounting plugin ChaosEditor
LogPluginManager: Mounting plugin ChaosSolverPlugin
LogPluginManager: Mounting plugin CharacterAI
LogPluginManager: Mounting plugin ChaosNiagara
LogPluginManager: Mounting plugin GeometryCache
LogPluginManager: Mounting plugin LauncherChunkInstaller
LogPluginManager: Mounting plugin TcpMessaging
LogPluginManager: Mounting plugin UdpMessaging
LogPluginManager: Mounting plugin GeometryCollectionPlugin
LogPluginManager: Mounting plugin GeometryProcessing
LogPluginManager: Mounting plugin OpenImageDenoise
LogPluginManager: Mounting plugin PlanarCut
LogPluginManager: Mounting plugin PlatformCrypto
LogPluginManager: Mounting plugin SkeletalReduction
LogPluginManager: Mounting plugin ProxyLODPlugin
LogPluginManager: Mounting plugin PythonScriptPlugin
LogPluginManager: Mounting plugin MotoSynth
LogPluginManager: Mounting plugin ActorSequence
LogPluginManager: Mounting plugin ScreenshotTools
LogPluginManager: Mounting plugin LevelSequenceEditor
LogPluginManager: Mounting plugin MatineeToLevelSequence
LogPluginManager: Mounting plugin TemplateSequence
LogPluginManager: Mounting plugin OnlineSubsystem
LogPluginManager: Mounting plugin OnlineSubsystemUtils
LogPluginManager: Mounting plugin OnlineSubsystemNull
LogPluginManager: Mounting plugin ActorLayerUtilities
LogPluginManager: Mounting plugin Takes
LogPluginManager: Mounting plugin AndroidDeviceProfileSelector
LogPluginManager: Mounting plugin AndroidMoviePlayer
LogPluginManager: Mounting plugin AndroidPermission
LogPluginManager: Mounting plugin AppleImageUtils
LogPluginManager: Mounting plugin AppleMoviePlayer
LogPluginManager: Mounting plugin ArchVisCharacter
LogPluginManager: Mounting plugin AssetTags
LogPluginManager: Mounting plugin AudioCapture
LogPluginManager: Mounting plugin AudioSynesthesia
LogPluginManager: Mounting plugin ChunkDownloader
LogPluginManager: Mounting plugin CustomMeshComponent
LogPluginManager: Mounting plugin CableComponent
LogPluginManager: Mounting plugin EditableMesh
LogPluginManager: Mounting plugin ExampleDeviceProfileSelector
LogPluginManager: Mounting plugin GoogleCloudMessaging
LogPluginManager: Mounting plugin GooglePAD
LogPluginManager: Mounting plugin LinuxDeviceProfileSelector
LogPluginManager: Mounting plugin LocationServicesBPLibrary
LogPluginManager: Mounting plugin IOSDeviceProfileSelector
LogPluginManager: Mounting plugin OpenXREyeTracker
LogPluginManager: Mounting plugin OpenXRHandTracking
LogPluginManager: Mounting plugin PhysXVehicles
LogPluginManager: Mounting plugin MobilePatchingUtils
LogPluginManager: Mounting plugin ProceduralMeshComponent
LogPluginManager: Mounting plugin PostSplashScreen
LogPluginManager: Mounting plugin OpenXR
LogPluginManager: Mounting plugin PropertyAccessEditor
LogPluginManager: Mounting plugin RuntimePhysXCooking
LogPluginManager: Mounting plugin SignificanceManager
LogPluginManager: Mounting plugin SoundFields
LogPluginManager: Mounting plugin WebMMoviePlayer
LogPluginManager: Mounting plugin WindowsMoviePlayer
LogPluginManager: Mounting plugin Synthesis
LogPluginManager: Mounting plugin ContentBrowserAssetDataSource
LogPluginManager: Mounting plugin ContentBrowserClassDataSource
LogPluginManager: Mounting plugin ContentBrowserFileDataSource
LogPluginManager: Mounting plugin OnlineSubsystemIOS
LogPluginManager: Mounting plugin OnlineSubsystemGooglePlay
LogPluginManager: Mounting plugin OculusVR
LogPluginManager: Mounting plugin SteamVR
PixWinPlugin: PIX capture plugin failed to initialize! Check that the process is launched from PIX.
LogInit: Using libcurl 7.55.1-DEV
LogInit:  - built for x86_64-pc-win32
LogInit:  - supports SSL with OpenSSL/1.1.1
LogInit:  - supports HTTP deflate (compression) using libz 1.2.8
LogInit:  - other features:
LogInit:      CURL_VERSION_SSL
LogInit:      CURL_VERSION_LIBZ
LogInit:      CURL_VERSION_IPV6
LogInit:      CURL_VERSION_ASYNCHDNS
LogInit:      CURL_VERSION_LARGEFILE
LogInit:      CURL_VERSION_IDN
LogInit:  CurlRequestOptions (configurable via config and command line):
LogInit:  - bVerifyPeer = true  - Libcurl will verify peer certificate
LogInit:  - bUseHttpProxy = false  - Libcurl will NOT use HTTP proxy
LogInit:  - bDontReuseConnections = false  - Libcurl will reuse connections
LogInit:  - MaxHostConnections = 16  - Libcurl will limit the number of connections to a host
LogInit:  - LocalHostAddr = Default
LogInit:  - BufferSize = 65536
LogOnline: OSS: Creating online subsystem instance for: NULL
LogInit: WinSock: version 1.1 (2.2), MaxSocks=32767, MaxUdp=65467
LogOnline: OSS: TryLoadSubsystemAndSetDefault: Loaded subsystem for module [NULL]
LogOculusPluginWrapper: OculusPlugin initialized successfully
LogHMD: Failed initializing OVRPlugin 1.59.0
LogInit: Build: ++UE4+Release-4.27-CL-18319896
LogInit: Engine Version: 4.27.2-18319896+++UE4+Release-4.27
LogInit: Compatible Engine Version: 4.27.0-17155196+++UE4+Release-4.27
LogInit: Net CL: 17155196
LogInit: OS: Windows 10 (Release 2009) (), CPU: Intel(R) Core(TM) i5-8300H CPU @ 2.30GHz, GPU: NVIDIA GeForce GTX 1060
LogInit: Compiled (64-bit): Nov 30 2021 07:12:08
LogInit: Compiled with Visual C++: 19.24.28315.00
LogInit: Build Configuration: Development
LogInit: Branch Name: ++UE4+Release-4.27
LogInit: Command Line:  /Game/Roles/Designer/Tom/Main_Menu/Main_Menu_Stuff/Main_Menu -game -PIEVIACONSOLE -Multiprocess GameUserSettingsINI=C:/Users/emmyt/OneDrive/Documents/GitHub/-Journeyman-Twonic---Alpha-Team/Twonic/Saved/Config/Windows/PIEGameUserSettings0.ini -MultiprocessSaveConfig -forcepassthrough -messaging -SessionName="Play in Standalone Game" -windowed -WinX=0 -WinY=24 SAVEWINPOS=1 -ResX=1910 -ResY=1006
LogInit: Base Directory: D:/Epic Games/UE_4.27/Engine/Binaries/Win64/
LogInit: Allocator: TBB
LogInit: Installed Engine Build: 1
LogDevObjectVersion: Number of dev versions registered: 29
LogDevObjectVersion:   Dev-Blueprints (B0D832E4-1F89-4F0D-ACCF-7EB736FD4AA2): 10
LogDevObjectVersion:   Dev-Build (E1C64328-A22C-4D53-A36C-8E866417BD8C): 0
LogDevObjectVersion:   Dev-Core (375EC13C-06E4-48FB-B500-84F0262A717E): 4
LogDevObjectVersion:   Dev-Editor (E4B068ED-F494-42E9-A231-DA0B2E46BB41): 40
LogDevObjectVersion:   Dev-Framework (CFFC743F-43B0-4480-9391-14DF171D2073): 37
LogDevObjectVersion:   Dev-Mobile (B02B49B5-BB20-44E9-A304-32B752E40360): 3
LogDevObjectVersion:   Dev-Networking (A4E4105C-59A1-49B5-A7C5-40C4547EDFEE): 0
LogDevObjectVersion:   Dev-Online (39C831C9-5AE6-47DC-9A44-9C173E1C8E7C): 0
LogDevObjectVersion:   Dev-Physics (78F01B33-EBEA-4F98-B9B4-84EACCB95AA2): 14
LogDevObjectVersion:   Dev-Platform (6631380F-2D4D-43E0-8009-CF276956A95A): 0
LogDevObjectVersion:   Dev-Rendering (12F88B9F-8875-4AFC-A67C-D90C383ABD29): 45
LogDevObjectVersion:   Dev-Sequencer (7B5AE74C-D270-4C10-A958-57980B212A5A): 13
LogDevObjectVersion:   Dev-VR (D7296918-1DD6-4BDD-9DE2-64A83CC13884): 3
LogDevObjectVersion:   Dev-LoadTimes (C2A15278-BFE7-4AFE-6C17-90FF531DF755): 1
LogDevObjectVersion:   Private-Geometry (6EACA3D4-40EC-4CC1-B786-8BED09428FC5): 3
LogDevObjectVersion:   Dev-AnimPhys (29E575DD-E0A3-4627-9D10-D276232CDCEA): 17
LogDevObjectVersion:   Dev-Anim (AF43A65D-7FD3-4947-9873-3E8ED9C1BB05): 15
LogDevObjectVersion:   Dev-ReflectionCapture (6B266CEC-1EC7-4B8F-A30B-E4D90942FC07): 1
LogDevObjectVersion:   Dev-Automation (0DF73D61-A23F-47EA-B727-89E90C41499A): 1
LogDevObjectVersion:   FortniteMain (601D1886-AC64-4F84-AA16-D3DE0DEAC7D6): 47
LogDevObjectVersion:   FortniteRelease (E7086368-6B23-4C58-8439-1B7016265E91): 1
LogDevObjectVersion:   Dev-Enterprise (9DFFBCD6-494F-0158-E221-12823C92A888): 10
LogDevObjectVersion:   Dev-Niagara (F2AED0AC-9AFE-416F-8664-AA7FFA26D6FC): 1
LogDevObjectVersion:   Dev-Destruction (174F1F0B-B4C6-45A5-B13F-2EE8D0FB917D): 10
LogDevObjectVersion:   Dev-Physics-Ext (35F94A83-E258-406C-A318-09F59610247C): 41
LogDevObjectVersion:   Dev-PhysicsMaterial-Chaos (B68FC16E-8B1B-42E2-B453-215C058844FE): 1
LogDevObjectVersion:   Dev-CineCamera (B2E18506-4273-CFC2-A54E-F4BB758BBA07): 1
LogDevObjectVersion:   Dev-VirtualProduction (64F58936-FD1B-42BA-BA96-7289D5D0FA4E): 1
LogDevObjectVersion:   Dev-MediaFramework (6F0ED827-A609-4895-9C91-998D90180EA4): 2
LogInit: Presizing for max 25165824 objects, including 0 objects not considered by GC, pre-allocating 0 bytes for permanent pool.
LogConfig: Applying CVar settings from Section [/Script/Engine.StreamingSettings] File [C:/Users/emmyt/OneDrive/Documents/GitHub/-Journeyman-Twonic---Alpha-Team/Twonic/Saved/Config/Windows/Engine.ini]
LogConfig: Setting CVar [[s.MinBulkDataSizeForAsyncLoading:131072]]
LogConfig: Setting CVar [[s.AsyncLoadingThreadEnabled:0]]
LogConfig: Setting CVar [[s.EventDrivenLoaderEnabled:1]]
LogConfig: Setting CVar [[s.WarnIfTimeLimitExceeded:0]]
LogConfig: Setting CVar [[s.TimeLimitExceededMultiplier:1.5]]
LogConfig: Setting CVar [[s.TimeLimitExceededMinTime:0.005]]
LogConfig: Setting CVar [[s.UseBackgroundLevelStreaming:1]]
LogConfig: Setting CVar [[s.PriorityAsyncLoadingExtraTime:15.0]]
LogConfig: Setting CVar [[s.LevelStreamingActorsUpdateTimeLimit:5.0]]
LogConfig: Setting CVar [[s.PriorityLevelStreamingActorsUpdateExtraTime:5.0]]
LogConfig: Setting CVar [[s.LevelStreamingComponentsRegistrationGranularity:10]]
LogConfig: Setting CVar [[s.UnregisterComponentsTimeLimit:1.0]]
LogConfig: Setting CVar [[s.LevelStreamingComponentsUnregistrationGranularity:5]]
LogConfig: Setting CVar [[s.FlushStreamingOnExit:1]]
LogInit: Object subsystem initialized
LogConfig: Setting CVar [[con.DebugEarlyDefault:1]]
LogConfig: Setting CVar [[r.setres:1280x720]]
[2023.03.30-13.07.33:447][  0]LogConfig: Setting CVar [[con.DebugEarlyDefault:1]]
[2023.03.30-13.07.33:447][  0]LogConfig: Setting CVar [[r.setres:1280x720]]
[2023.03.30-13.07.33:447][  0]LogConfig: Applying CVar settings from Section [/Script/Engine.RendererSettings] File [C:/Users/emmyt/OneDrive/Documents/GitHub/-Journeyman-Twonic---Alpha-Team/Twonic/Saved/Config/Windows/Engine.ini]
[2023.03.30-13.07.33:447][  0]LogConfig: Setting CVar [[r.GPUCrashDebugging:0]]
[2023.03.30-13.07.33:447][  0]LogConfig: Setting CVar [[r.ForwardShading:0]]
[2023.03.30-13.07.33:447][  0]LogConfig: Setting CVar [[r.GenerateMeshDistanceFields:1]]
[2023.03.30-13.07.33:447][  0]LogConfig: Setting CVar [[r.DefaultFeature.AutoExposure:0]]
[2023.03.30-13.07.33:447][  0]LogConfig: Applying CVar settings from Section [/Script/Engine.RendererOverrideSettings] File [C:/Users/emmyt/OneDrive/Documents/GitHub/-Journeyman-Twonic---Alpha-Team/Twonic/Saved/Config/Windows/Engine.ini]
[2023.03.30-13.07.33:447][  0]LogConfig: Applying CVar settings from Section [/Script/Engine.StreamingSettings] File [C:/Users/emmyt/OneDrive/Documents/GitHub/-Journeyman-Twonic---Alpha-Team/Twonic/Saved/Config/Windows/Engine.ini]
[2023.03.30-13.07.33:447][  0]LogConfig: Setting CVar [[s.MinBulkDataSizeForAsyncLoading:131072]]
[2023.03.30-13.07.33:447][  0]LogConfig: Setting CVar [[s.AsyncLoadingThreadEnabled:0]]
[2023.03.30-13.07.33:447][  0]LogConfig: Setting CVar [[s.EventDrivenLoaderEnabled:1]]
[2023.03.30-13.07.33:447][  0]LogConfig: Setting CVar [[s.WarnIfTimeLimitExceeded:0]]
[2023.03.30-13.07.33:447][  0]LogConfig: Setting CVar [[s.TimeLimitExceededMultiplier:1.5]]
[2023.03.30-13.07.33:448][  0]LogConfig: Setting CVar [[s.TimeLimitExceededMinTime:0.005]]
[2023.03.30-13.07.33:448][  0]LogConfig: Setting CVar [[s.UseBackgroundLevelStreaming:1]]
[2023.03.30-13.07.33:448][  0]LogConfig: Setting CVar [[s.PriorityAsyncLoadingExtraTime:15.0]]
[2023.03.30-13.07.33:448][  0]LogConfig: Setting CVar [[s.LevelStreamingActorsUpdateTimeLimit:5.0]]
[2023.03.30-13.07.33:448][  0]LogConfig: Setting CVar [[s.PriorityLevelStreamingActorsUpdateExtraTime:5.0]]
[2023.03.30-13.07.33:448][  0]LogConfig: Setting CVar [[s.LevelStreamingComponentsRegistrationGranularity:10]]
[2023.03.30-13.07.33:448][  0]LogConfig: Setting CVar [[s.UnregisterComponentsTimeLimit:1.0]]
[2023.03.30-13.07.33:448][  0]LogConfig: Setting CVar [[s.LevelStreamingComponentsUnregistrationGranularity:5]]
[2023.03.30-13.07.33:448][  0]LogConfig: Setting CVar [[s.FlushStreamingOnExit:1]]
[2023.03.30-13.07.33:448][  0]LogConfig: Applying CVar settings from Section [/Script/Engine.GarbageCollectionSettings] File [C:/Users/emmyt/OneDrive/Documents/GitHub/-Journeyman-Twonic---Alpha-Team/Twonic/Saved/Config/Windows/Engine.ini]
[2023.03.30-13.07.33:448][  0]LogConfig: Setting CVar [[gc.MaxObjectsNotConsideredByGC:1]]
[2023.03.30-13.07.33:448][  0]LogConfig: Setting CVar [[gc.SizeOfPermanentObjectPool:0]]
[2023.03.30-13.07.33:448][  0]LogConfig: Setting CVar [[gc.FlushStreamingOnGC:0]]
[2023.03.30-13.07.33:448][  0]LogConfig: Setting CVar [[gc.NumRetriesBeforeForcingGC:10]]
[2023.03.30-13.07.33:448][  0]LogConfig: Setting CVar [[gc.AllowParallelGC:1]]
[2023.03.30-13.07.33:448][  0]LogConfig: Setting CVar [[gc.TimeBetweenPurgingPendingKillObjects:61.1]]
[2023.03.30-13.07.33:448][  0]LogConfig: Setting CVar [[gc.MaxObjectsInEditor:25165824]]
[2023.03.30-13.07.33:448][  0]LogConfig: Setting CVar [[gc.IncrementalBeginDestroyEnabled:1]]
[2023.03.30-13.07.33:448][  0]LogConfig: Setting CVar [[gc.CreateGCClusters:1]]
[2023.03.30-13.07.33:448][  0]LogConfig: Setting CVar [[gc.MinGCClusterSize:5]]
[2023.03.30-13.07.33:448][  0]LogConfig: Setting CVar [[gc.ActorClusteringEnabled:0]]
[2023.03.30-13.07.33:448][  0]LogConfig: Setting CVar [[gc.BlueprintClusteringEnabled:0]]
[2023.03.30-13.07.33:448][  0]LogConfig: Setting CVar [[gc.UseDisregardForGCOnDedicatedServers:0]]
[2023.03.30-13.07.33:448][  0]LogConfig: Setting CVar [[gc.MultithreadedDestructionEnabled:1]]
[2023.03.30-13.07.33:448][  0]LogConfig: Applying CVar settings from Section [/Script/Engine.NetworkSettings] File [C:/Users/emmyt/OneDrive/Documents/GitHub/-Journeyman-Twonic---Alpha-Team/Twonic/Saved/Config/Windows/Engine.ini]
[2023.03.30-13.07.33:448][  0]LogConfig: Applying CVar settings from Section [/Script/UnrealEd.CookerSettings] File [C:/Users/emmyt/OneDrive/Documents/GitHub/-Journeyman-Twonic---Alpha-Team/Twonic/Saved/Config/Windows/Engine.ini]
[2023.03.30-13.07.33:579][  0]LogConfig: Applying CVar settings from Section [ViewDistanceQuality@3] File [C:/Users/emmyt/OneDrive/Documents/GitHub/-Journeyman-Twonic---Alpha-Team/Twonic/Saved/Config/Windows/Scalability.ini]
[2023.03.30-13.07.33:579][  0]LogConfig: Setting CVar [[r.SkeletalMeshLODBias:0]]
[2023.03.30-13.07.33:579][  0]LogConfig: Setting CVar [[r.ViewDistanceScale:1.0]]
[2023.03.30-13.07.33:579][  0]LogConfig: Applying CVar settings from Section [AntiAliasingQuality@3] File [C:/Users/emmyt/OneDrive/Documents/GitHub/-Journeyman-Twonic---Alpha-Team/Twonic/Saved/Config/Windows/Scalability.ini]
[2023.03.30-13.07.33:579][  0]LogConfig: Setting CVar [[r.PostProcessAAQuality:4]]
[2023.03.30-13.07.33:579][  0]LogConfig: Applying CVar settings from Section [ShadowQuality@3] File [C:/Users/emmyt/OneDrive/Documents/GitHub/-Journeyman-Twonic---Alpha-Team/Twonic/Saved/Config/Windows/Scalability.ini]
[2023.03.30-13.07.33:579][  0]LogConfig: Setting CVar [[r.LightFunctionQuality:1]]
[2023.03.30-13.07.33:579][  0]LogConfig: Setting CVar [[r.ShadowQuality:5]]
[2023.03.30-13.07.33:579][  0]LogConfig: Setting CVar [[r.Shadow.CSM.MaxCascades:10]]
[2023.03.30-13.07.33:579][  0]LogConfig: Setting CVar [[r.Shadow.MaxResolution:2048]]
[2023.03.30-13.07.33:579][  0]LogConfig: Setting CVar [[r.Shadow.MaxCSMResolution:2048]]
[2023.03.30-13.07.33:579][  0]LogConfig: Setting CVar [[r.Shadow.RadiusThreshold:0.01]]
[2023.03.30-13.07.33:579][  0]LogConfig: Setting CVar [[r.Shadow.DistanceScale:1.0]]
[2023.03.30-13.07.33:579][  0]LogConfig: Setting CVar [[r.Shadow.CSM.TransitionScale:1.0]]
[2023.03.30-13.07.33:579][  0]LogConfig: Setting CVar [[r.Shadow.PreShadowResolutionFactor:1.0]]
[2023.03.30-13.07.33:579][  0]LogConfig: Setting CVar [[r.DistanceFieldShadowing:1]]
[2023.03.30-13.07.33:579][  0]LogConfig: Setting CVar [[r.DistanceFieldAO:1]]
[2023.03.30-13.07.33:579][  0]LogConfig: Setting CVar [[r.AOQuality:2]]
[2023.03.30-13.07.33:579][  0]LogConfig: Setting CVar [[r.VolumetricFog:1]]
[2023.03.30-13.07.33:579][  0]LogConfig: Setting CVar [[r.VolumetricFog.GridPixelSize:8]]
[2023.03.30-13.07.33:579][  0]LogConfig: Setting CVar [[r.VolumetricFog.GridSizeZ:128]]
[2023.03.30-13.07.33:579][  0]LogConfig: Setting CVar [[r.VolumetricFog.HistoryMissSupersampleCount:4]]
[2023.03.30-13.07.33:579][  0]LogConfig: Setting CVar [[r.LightMaxDrawDistanceScale:1]]
[2023.03.30-13.07.33:579][  0]LogConfig: Setting CVar [[r.CapsuleShadows:1]]
[2023.03.30-13.07.33:579][  0]LogConfig: Applying CVar settings from Section [PostProcessQuality@3] File [C:/Users/emmyt/OneDrive/Documents/GitHub/-Journeyman-Twonic---Alpha-Team/Twonic/Saved/Config/Windows/Scalability.ini]
[2023.03.30-13.07.33:580][  0]LogConfig: Setting CVar [[r.MotionBlurQuality:4]]
[2023.03.30-13.07.33:580][  0]LogConfig: Setting CVar [[r.AmbientOcclusionMipLevelFactor:0.4]]
[2023.03.30-13.07.33:580][  0]LogConfig: Setting CVar [[r.AmbientOcclusionMaxQuality:100]]
[2023.03.30-13.07.33:580][  0]LogConfig: Setting CVar [[r.AmbientOcclusionLevels:-1]]
[2023.03.30-13.07.33:580][  0]LogConfig: Setting CVar [[r.AmbientOcclusionRadiusScale:1.0]]
[2023.03.30-13.07.33:580][  0]LogConfig: Setting CVar [[r.DepthOfFieldQuality:2]]
[2023.03.30-13.07.33:580][  0]LogConfig: Setting CVar [[r.RenderTargetPoolMin:400]]
[2023.03.30-13.07.33:580][  0]LogConfig: Setting CVar [[r.LensFlareQuality:2]]
[2023.03.30-13.07.33:580][  0]LogConfig: Setting CVar [[r.SceneColorFringeQuality:1]]
[2023.03.30-13.07.33:580][  0]LogConfig: Setting CVar [[r.EyeAdaptationQuality:2]]
[2023.03.30-13.07.33:580][  0]LogConfig: Setting CVar [[r.BloomQuality:5]]
[2023.03.30-13.07.33:580][  0]LogConfig: Setting CVar [[r.FastBlurThreshold:100]]
[2023.03.30-13.07.33:580][  0]LogConfig: Setting CVar [[r.Upscale.Quality:3]]
[2023.03.30-13.07.33:580][  0]LogConfig: Setting CVar [[r.Tonemapper.GrainQuantization:1]]
[2023.03.30-13.07.33:580][  0]LogConfig: Setting CVar [[r.LightShaftQuality:1]]
[2023.03.30-13.07.33:580][  0]LogConfig: Setting CVar [[r.Filter.SizeScale:1]]
[2023.03.30-13.07.33:580][  0]LogConfig: Setting CVar [[r.Tonemapper.Quality:5]]
[2023.03.30-13.07.33:580][  0]LogConfig: Setting CVar [[r.DOF.Gather.AccumulatorQuality:1        ; higher gathering accumulator quality]]
[2023.03.30-13.07.33:580][  0]LogConfig: Setting CVar [[r.DOF.Gather.PostfilterMethod:1          ; Median3x3 postfilering method]]
[2023.03.30-13.07.33:580][  0]LogConfig: Setting CVar [[r.DOF.Gather.EnableBokehSettings:0       ; no bokeh simulation when gathering]]
[2023.03.30-13.07.33:580][  0]LogConfig: Setting CVar [[r.DOF.Gather.RingCount:4                 ; medium number of samples when gathering]]
[2023.03.30-13.07.33:580][  0]LogConfig: Setting CVar [[r.DOF.Scatter.ForegroundCompositing:1    ; additive foreground scattering]]
[2023.03.30-13.07.33:580][  0]LogConfig: Setting CVar [[r.DOF.Scatter.BackgroundCompositing:2    ; additive background scattering]]
[2023.03.30-13.07.33:580][  0]LogConfig: Setting CVar [[r.DOF.Scatter.EnableBokehSettings:1      ; bokeh simulation when scattering]]
[2023.03.30-13.07.33:580][  0]LogConfig: Setting CVar [[r.DOF.Scatter.MaxSpriteRatio:0.1         ; only a maximum of 10% of scattered bokeh]]
[2023.03.30-13.07.33:580][  0]LogConfig: Setting CVar [[r.DOF.Recombine.Quality:1                ; cheap slight out of focus]]
[2023.03.30-13.07.33:580][  0]LogConfig: Setting CVar [[r.DOF.Recombine.EnableBokehSettings:0    ; no bokeh simulation on slight out of focus]]
[2023.03.30-13.07.33:580][  0]LogConfig: Setting CVar [[r.DOF.TemporalAAQuality:1                ; more stable temporal accumulation]]
[2023.03.30-13.07.33:580][  0]LogConfig: Setting CVar [[r.DOF.Kernel.MaxForegroundRadius:0.025]]
[2023.03.30-13.07.33:580][  0]LogConfig: Setting CVar [[r.DOF.Kernel.MaxBackgroundRadius:0.025]]
[2023.03.30-13.07.33:580][  0]LogConfig: Applying CVar settings from Section [TextureQuality@3] File [C:/Users/emmyt/OneDrive/Documents/GitHub/-Journeyman-Twonic---Alpha-Team/Twonic/Saved/Config/Windows/Scalability.ini]
[2023.03.30-13.07.33:580][  0]LogConfig: Setting CVar [[r.Streaming.MipBias:0]]
[2023.03.30-13.07.33:580][  0]LogConfig: Setting CVar [[r.Streaming.AmortizeCPUToGPUCopy:0]]
[2023.03.30-13.07.33:580][  0]LogConfig: Setting CVar [[r.Streaming.MaxNumTexturesToStreamPerFrame:0]]
[2023.03.30-13.07.33:580][  0]LogConfig: Setting CVar [[r.Streaming.Boost:1]]
[2023.03.30-13.07.33:580][  0]LogConfig: Setting CVar [[r.MaxAnisotropy:8]]
[2023.03.30-13.07.33:580][  0]LogConfig: Setting CVar [[r.VT.MaxAnisotropy:8]]
[2023.03.30-13.07.33:580][  0]LogConfig: Setting CVar [[r.Streaming.LimitPoolSizeToVRAM:0]]
[2023.03.30-13.07.33:580][  0]LogConfig: Setting CVar [[r.Streaming.PoolSize:1000]]
[2023.03.30-13.07.33:580][  0]LogConfig: Setting CVar [[r.Streaming.MaxEffectiveScreenSize:0]]
[2023.03.30-13.07.33:580][  0]LogConfig: Applying CVar settings from Section [EffectsQuality@3] File [C:/Users/emmyt/OneDrive/Documents/GitHub/-Journeyman-Twonic---Alpha-Team/Twonic/Saved/Config/Windows/Scalability.ini]
[2023.03.30-13.07.33:580][  0]LogConfig: Setting CVar [[r.TranslucencyLightingVolumeDim:64]]
[2023.03.30-13.07.33:581][  0]LogConfig: Setting CVar [[r.RefractionQuality:2]]
[2023.03.30-13.07.33:581][  0]LogConfig: Setting CVar [[r.SSR.Quality:3]]
[2023.03.30-13.07.33:581][  0]LogConfig: Setting CVar [[r.SSR.HalfResSceneColor:0]]
[2023.03.30-13.07.33:581][  0]LogConfig: Setting CVar [[r.SceneColorFormat:4]]
[2023.03.30-13.07.33:581][  0]LogConfig: Setting CVar [[r.DetailMode:2]]
[2023.03.30-13.07.33:581][  0]LogConfig: Setting CVar [[r.TranslucencyVolumeBlur:1]]
[2023.03.30-13.07.33:581][  0]LogConfig: Setting CVar [[r.MaterialQualityLevel:1 ; High quality]]
[2023.03.30-13.07.33:581][  0]LogConfig: Setting CVar [[r.AnisotropicMaterials:1]]
[2023.03.30-13.07.33:581][  0]LogConfig: Setting CVar [[r.SSS.Scale:1]]
[2023.03.30-13.07.33:581][  0]LogConfig: Setting CVar [[r.SSS.SampleSet:2]]
[2023.03.30-13.07.33:581][  0]LogConfig: Setting CVar [[r.SSS.Quality:1]]
[2023.03.30-13.07.33:581][  0]LogConfig: Setting CVar [[r.SSS.HalfRes:0]]
[2023.03.30-13.07.33:581][  0]LogConfig: Setting CVar [[r.SSGI.Quality:3]]
[2023.03.30-13.07.33:581][  0]LogConfig: Setting CVar [[r.EmitterSpawnRateScale:1.0]]
[2023.03.30-13.07.33:581][  0]LogConfig: Setting CVar [[r.ParticleLightQuality:2]]
[2023.03.30-13.07.33:581][  0]LogConfig: Setting CVar [[r.SkyAtmosphere.AerialPerspectiveLUT.FastApplyOnOpaque:1 ; Always have FastSkyLUT 1 in this case to avoid wrong sky]]
[2023.03.30-13.07.33:581][  0]LogConfig: Setting CVar [[r.SkyAtmosphere.AerialPerspectiveLUT.SampleCountMaxPerSlice:4]]
[2023.03.30-13.07.33:581][  0]LogConfig: Setting CVar [[r.SkyAtmosphere.AerialPerspectiveLUT.DepthResolution:16.0]]
[2023.03.30-13.07.33:581][  0]LogConfig: Setting CVar [[r.SkyAtmosphere.FastSkyLUT:1]]
[2023.03.30-13.07.33:581][  0]LogConfig: Setting CVar [[r.SkyAtmosphere.FastSkyLUT.SampleCountMin:4.0]]
[2023.03.30-13.07.33:581][  0]LogConfig: Setting CVar [[r.SkyAtmosphere.FastSkyLUT.SampleCountMax:128.0]]
[2023.03.30-13.07.33:581][  0]LogConfig: Setting CVar [[r.SkyAtmosphere.SampleCountMin:4.0]]
[2023.03.30-13.07.33:581][  0]LogConfig: Setting CVar [[r.SkyAtmosphere.SampleCountMax:128.0]]
[2023.03.30-13.07.33:581][  0]LogConfig: Setting CVar [[r.SkyAtmosphere.TransmittanceLUT.UseSmallFormat:0]]
[2023.03.30-13.07.33:581][  0]LogConfig: Setting CVar [[r.SkyAtmosphere.TransmittanceLUT.SampleCount:10.0]]
[2023.03.30-13.07.33:581][  0]LogConfig: Setting CVar [[r.SkyAtmosphere.MultiScatteringLUT.SampleCount:15.0]]
[2023.03.30-13.07.33:581][  0]LogConfig: Setting CVar [[r.SkyLight.RealTimeReflectionCapture:1]]
[2023.03.30-13.07.33:581][  0]LogConfig: Applying CVar settings from Section [FoliageQuality@3] File [C:/Users/emmyt/OneDrive/Documents/GitHub/-Journeyman-Twonic---Alpha-Team/Twonic/Saved/Config/Windows/Scalability.ini]
[2023.03.30-13.07.33:581][  0]LogConfig: Setting CVar [[foliage.DensityScale:1.0]]
[2023.03.30-13.07.33:581][  0]LogConfig: Setting CVar [[grass.DensityScale:1.0]]
[2023.03.30-13.07.33:581][  0]LogConfig: Applying CVar settings from Section [ShadingQuality@3] File [C:/Users/emmyt/OneDrive/Documents/GitHub/-Journeyman-Twonic---Alpha-Team/Twonic/Saved/Config/Windows/Scalability.ini]
[2023.03.30-13.07.33:581][  0]LogConfig: Setting CVar [[r.HairStrands.SkyLighting.IntegrationType:2]]
[2023.03.30-13.07.33:581][  0]LogConfig: Setting CVar [[r.HairStrands.SkyAO.SampleCount:4]]
[2023.03.30-13.07.33:581][  0]LogConfig: Setting CVar [[r.HairStrands.Visibility.MSAA.SamplePerPixel:4]]
[2023.03.30-13.07.33:582][  0]LogInit: Selected Device Profile: [Windows]
[2023.03.30-13.07.33:582][  0]LogInit: Applying CVar settings loaded from the selected device profile: [Windows]
[2023.03.30-13.07.33:600][  0]LogHAL: Display: Platform has ~ 8 GB [8464343040 / 8589934592 / 8], which maps to Default [LargestMinGB=32, LargerMinGB=12, DefaultMinGB=8, SmallerMinGB=6, SmallestMinGB=0)
[2023.03.30-13.07.33:600][  0]LogInit: Going up to parent DeviceProfile []
[2023.03.30-13.07.33:600][  0]LogConfig: Applying CVar settings from Section [ViewDistanceQuality@2] File [C:/Users/emmyt/OneDrive/Documents/GitHub/-Journeyman-Twonic---Alpha-Team/Twonic/Saved/Config/Windows/Scalability.ini]
[2023.03.30-13.07.33:600][  0]LogConfig: Setting CVar [[r.SkeletalMeshLODBias:0]]
[2023.03.30-13.07.33:600][  0]LogConfig: Setting CVar [[r.ViewDistanceScale:0.8]]
[2023.03.30-13.07.33:600][  0]LogConfig: Applying CVar settings from Section [AntiAliasingQuality@3] File [C:/Users/emmyt/OneDrive/Documents/GitHub/-Journeyman-Twonic---Alpha-Team/Twonic/Saved/Config/Windows/Scalability.ini]
[2023.03.30-13.07.33:600][  0]LogConfig: Setting CVar [[r.PostProcessAAQuality:4]]
[2023.03.30-13.07.33:600][  0]LogConfig: Applying CVar settings from Section [ShadowQuality@1] File [C:/Users/emmyt/OneDrive/Documents/GitHub/-Journeyman-Twonic---Alpha-Team/Twonic/Saved/Config/Windows/Scalability.ini]
[2023.03.30-13.07.33:600][  0]LogConfig: Setting CVar [[r.LightFunctionQuality:1]]
[2023.03.30-13.07.33:600][  0]LogConfig: Setting CVar [[r.ShadowQuality:3]]
[2023.03.30-13.07.33:600][  0]LogConfig: Setting CVar [[r.Shadow.CSM.MaxCascades:1]]
[2023.03.30-13.07.33:600][  0]LogConfig: Setting CVar [[r.Shadow.MaxResolution:1024]]
[2023.03.30-13.07.33:600][  0]LogConfig: Setting CVar [[r.Shadow.MaxCSMResolution:1024]]
[2023.03.30-13.07.33:600][  0]LogConfig: Setting CVar [[r.Shadow.RadiusThreshold:0.05]]
[2023.03.30-13.07.33:600][  0]LogConfig: Setting CVar [[r.Shadow.DistanceScale:0.7]]
[2023.03.30-13.07.33:600][  0]LogConfig: Setting CVar [[r.Shadow.CSM.TransitionScale:0.25]]
[2023.03.30-13.07.33:600][  0]LogConfig: Setting CVar [[r.Shadow.PreShadowResolutionFactor:0.5]]
[2023.03.30-13.07.33:600][  0]LogConfig: Setting CVar [[r.DistanceFieldShadowing:0]]
[2023.03.30-13.07.33:600][  0]LogConfig: Setting CVar [[r.DistanceFieldAO:0]]
[2023.03.30-13.07.33:600][  0]LogConfig: Setting CVar [[r.VolumetricFog:0]]
[2023.03.30-13.07.33:600][  0]LogConfig: Setting CVar [[r.LightMaxDrawDistanceScale:.5]]
[2023.03.30-13.07.33:600][  0]LogConfig: Setting CVar [[r.CapsuleShadows:1]]
[2023.03.30-13.07.33:601][  0]LogConfig: Applying CVar settings from Section [PostProcessQuality@3] File [C:/Users/emmyt/OneDrive/Documents/GitHub/-Journeyman-Twonic---Alpha-Team/Twonic/Saved/Config/Windows/Scalability.ini]
[2023.03.30-13.07.33:601][  0]LogConfig: Setting CVar [[r.MotionBlurQuality:4]]
[2023.03.30-13.07.33:601][  0]LogConfig: Setting CVar [[r.AmbientOcclusionMipLevelFactor:0.4]]
[2023.03.30-13.07.33:601][  0]LogConfig: Setting CVar [[r.AmbientOcclusionMaxQuality:100]]
[2023.03.30-13.07.33:601][  0]LogConfig: Setting CVar [[r.AmbientOcclusionLevels:-1]]
[2023.03.30-13.07.33:601][  0]LogConfig: Setting CVar [[r.AmbientOcclusionRadiusScale:1.0]]
[2023.03.30-13.07.33:601][  0]LogConfig: Setting CVar [[r.DepthOfFieldQuality:2]]
[2023.03.30-13.07.33:601][  0]LogConfig: Setting CVar [[r.RenderTargetPoolMin:400]]
[2023.03.30-13.07.33:601][  0]LogConfig: Setting CVar [[r.LensFlareQuality:2]]
[2023.03.30-13.07.33:601][  0]LogConfig: Setting CVar [[r.SceneColorFringeQuality:1]]
[2023.03.30-13.07.33:601][  0]LogConfig: Setting CVar [[r.EyeAdaptationQuality:2]]
[2023.03.30-13.07.33:601][  0]LogConfig: Setting CVar [[r.BloomQuality:5]]
[2023.03.30-13.07.33:601][  0]LogConfig: Setting CVar [[r.FastBlurThreshold:100]]
[2023.03.30-13.07.33:601][  0]LogConfig: Setting CVar [[r.Upscale.Quality:3]]
[2023.03.30-13.07.33:601][  0]LogConfig: Setting CVar [[r.Tonemapper.GrainQuantization:1]]
[2023.03.30-13.07.33:601][  0]LogConfig: Setting CVar [[r.LightShaftQuality:1]]
[2023.03.30-13.07.33:601][  0]LogConfig: Setting CVar [[r.Filter.SizeScale:1]]
[2023.03.30-13.07.33:601][  0]LogConfig: Setting CVar [[r.Tonemapper.Quality:5]]
[2023.03.30-13.07.33:601][  0]LogConfig: Setting CVar [[r.DOF.Gather.AccumulatorQuality:1        ; higher gathering accumulator quality]]
[2023.03.30-13.07.33:601][  0]LogConfig: Setting CVar [[r.DOF.Gather.PostfilterMethod:1          ; Median3x3 postfilering method]]
[2023.03.30-13.07.33:602][  0]LogConfig: Setting CVar [[r.DOF.Gather.EnableBokehSettings:0       ; no bokeh simulation when gathering]]
[2023.03.30-13.07.33:602][  0]LogConfig: Setting CVar [[r.DOF.Gather.RingCount:4                 ; medium number of samples when gathering]]
[2023.03.30-13.07.33:602][  0]LogConfig: Setting CVar [[r.DOF.Scatter.ForegroundCompositing:1    ; additive foreground scattering]]
[2023.03.30-13.07.33:602][  0]LogConfig: Setting CVar [[r.DOF.Scatter.BackgroundCompositing:2    ; additive background scattering]]
[2023.03.30-13.07.33:602][  0]LogConfig: Setting CVar [[r.DOF.Scatter.EnableBokehSettings:1      ; bokeh simulation when scattering]]
[2023.03.30-13.07.33:602][  0]LogConfig: Setting CVar [[r.DOF.Scatter.MaxSpriteRatio:0.1         ; only a maximum of 10% of scattered bokeh]]
[2023.03.30-13.07.33:602][  0]LogConfig: Setting CVar [[r.DOF.Recombine.Quality:1                ; cheap slight out of focus]]
[2023.03.30-13.07.33:602][  0]LogConfig: Setting CVar [[r.DOF.Recombine.EnableBokehSettings:0    ; no bokeh simulation on slight out of focus]]
[2023.03.30-13.07.33:602][  0]LogConfig: Setting CVar [[r.DOF.TemporalAAQuality:1                ; more stable temporal accumulation]]
[2023.03.30-13.07.33:602][  0]LogConfig: Setting CVar [[r.DOF.Kernel.MaxForegroundRadius:0.025]]
[2023.03.30-13.07.33:602][  0]LogConfig: Setting CVar [[r.DOF.Kernel.MaxBackgroundRadius:0.025]]
[2023.03.30-13.07.33:602][  0]LogConfig: Applying CVar settings from Section [TextureQuality@1] File [C:/Users/emmyt/OneDrive/Documents/GitHub/-Journeyman-Twonic---Alpha-Team/Twonic/Saved/Config/Windows/Scalability.ini]
[2023.03.30-13.07.33:602][  0]LogConfig: Setting CVar [[r.Streaming.MipBias:1]]
[2023.03.30-13.07.33:602][  0]LogConfig: Setting CVar [[r.Streaming.AmortizeCPUToGPUCopy:0]]
[2023.03.30-13.07.33:603][  0]LogConfig: Setting CVar [[r.Streaming.MaxNumTexturesToStreamPerFrame:0]]
[2023.03.30-13.07.33:603][  0]LogConfig: Setting CVar [[r.Streaming.Boost:1]]
[2023.03.30-13.07.33:603][  0]LogConfig: Setting CVar [[r.MaxAnisotropy:2]]
[2023.03.30-13.07.33:603][  0]LogConfig: Setting CVar [[r.VT.MaxAnisotropy:4]]
[2023.03.30-13.07.33:603][  0]LogConfig: Setting CVar [[r.Streaming.LimitPoolSizeToVRAM:1]]
[2023.03.30-13.07.33:603][  0]LogConfig: Setting CVar [[r.Streaming.PoolSize:600]]
[2023.03.30-13.07.33:603][  0]LogConfig: Setting CVar [[r.Streaming.MaxEffectiveScreenSize:0]]
[2023.03.30-13.07.33:603][  0]LogConfig: Applying CVar settings from Section [EffectsQuality@3] File [C:/Users/emmyt/OneDrive/Documents/GitHub/-Journeyman-Twonic---Alpha-Team/Twonic/Saved/Config/Windows/Scalability.ini]
[2023.03.30-13.07.33:603][  0]LogConfig: Setting CVar [[r.TranslucencyLightingVolumeDim:64]]
[2023.03.30-13.07.33:604][  0]LogConfig: Setting CVar [[r.RefractionQuality:2]]
[2023.03.30-13.07.33:604][  0]LogConfig: Setting CVar [[r.SSR.Quality:3]]
[2023.03.30-13.07.33:604][  0]LogConfig: Setting CVar [[r.SSR.HalfResSceneColor:0]]
[2023.03.30-13.07.33:604][  0]LogConfig: Setting CVar [[r.SceneColorFormat:4]]
[2023.03.30-13.07.33:604][  0]LogConfig: Setting CVar [[r.DetailMode:2]]
[2023.03.30-13.07.33:604][  0]LogConfig: Setting CVar [[r.TranslucencyVolumeBlur:1]]
[2023.03.30-13.07.33:604][  0]LogConfig: Setting CVar [[r.MaterialQualityLevel:1 ; High quality]]
[2023.03.30-13.07.33:604][  0]LogConfig: Setting CVar [[r.AnisotropicMaterials:1]]
[2023.03.30-13.07.33:604][  0]LogConfig: Setting CVar [[r.SSS.Scale:1]]
[2023.03.30-13.07.33:604][  0]LogConfig: Setting CVar [[r.SSS.SampleSet:2]]
[2023.03.30-13.07.33:604][  0]LogConfig: Setting CVar [[r.SSS.Quality:1]]
[2023.03.30-13.07.33:604][  0]LogConfig: Setting CVar [[r.SSS.HalfRes:0]]
[2023.03.30-13.07.33:604][  0]LogConfig: Setting CVar [[r.SSGI.Quality:3]]
[2023.03.30-13.07.33:604][  0]LogConfig: Setting CVar [[r.EmitterSpawnRateScale:1.0]]
[2023.03.30-13.07.33:604][  0]LogConfig: Setting CVar [[r.ParticleLightQuality:2]]
[2023.03.30-13.07.33:604][  0]LogConfig: Setting CVar [[r.SkyAtmosphere.AerialPerspectiveLUT.FastApplyOnOpaque:1 ; Always have FastSkyLUT 1 in this case to avoid wrong sky]]
[2023.03.30-13.07.33:604][  0]LogConfig: Setting CVar [[r.SkyAtmosphere.AerialPerspectiveLUT.SampleCountMaxPerSlice:4]]
[2023.03.30-13.07.33:604][  0]LogConfig: Setting CVar [[r.SkyAtmosphere.AerialPerspectiveLUT.DepthResolution:16.0]]
[2023.03.30-13.07.33:604][  0]LogConfig: Setting CVar [[r.SkyAtmosphere.FastSkyLUT:1]]
[2023.03.30-13.07.33:604][  0]LogConfig: Setting CVar [[r.SkyAtmosphere.FastSkyLUT.SampleCountMin:4.0]]
[2023.03.30-13.07.33:604][  0]LogConfig: Setting CVar [[r.SkyAtmosphere.FastSkyLUT.SampleCountMax:128.0]]
[2023.03.30-13.07.33:604][  0]LogConfig: Setting CVar [[r.SkyAtmosphere.SampleCountMin:4.0]]
[2023.03.30-13.07.33:604][  0]LogConfig: Setting CVar [[r.SkyAtmosphere.SampleCountMax:128.0]]
[2023.03.30-13.07.33:604][  0]LogConfig: Setting CVar [[r.SkyAtmosphere.TransmittanceLUT.UseSmallFormat:0]]
[2023.03.30-13.07.33:604][  0]LogConfig: Setting CVar [[r.SkyAtmosphere.TransmittanceLUT.SampleCount:10.0]]
[2023.03.30-13.07.33:604][  0]LogConfig: Setting CVar [[r.SkyAtmosphere.MultiScatteringLUT.SampleCount:15.0]]
[2023.03.30-13.07.33:604][  0]LogConfig: Setting CVar [[r.SkyLight.RealTimeReflectionCapture:1]]
[2023.03.30-13.07.33:604][  0]LogConfig: Applying CVar settings from Section [FoliageQuality@1] File [C:/Users/emmyt/OneDrive/Documents/GitHub/-Journeyman-Twonic---Alpha-Team/Twonic/Saved/Config/Windows/Scalability.ini]
[2023.03.30-13.07.33:604][  0]LogConfig: Setting CVar [[foliage.DensityScale:0.4]]
[2023.03.30-13.07.33:604][  0]LogConfig: Setting CVar [[grass.DensityScale:0.4]]
[2023.03.30-13.07.33:604][  0]LogConfig: Applying CVar settings from Section [ShadingQuality@3] File [C:/Users/emmyt/OneDrive/Documents/GitHub/-Journeyman-Twonic---Alpha-Team/Twonic/Saved/Config/Windows/Scalability.ini]
[2023.03.30-13.07.33:604][  0]LogConfig: Setting CVar [[r.HairStrands.SkyLighting.IntegrationType:2]]
[2023.03.30-13.07.33:604][  0]LogConfig: Setting CVar [[r.HairStrands.SkyAO.SampleCount:4]]
[2023.03.30-13.07.33:605][  0]LogConfig: Setting CVar [[r.HairStrands.Visibility.MSAA.SamplePerPixel:4]]
[2023.03.30-13.07.33:605][  0]LogConfig: Applying CVar settings from Section [Startup] File [../../../Engine/Config/ConsoleVariables.ini]
[2023.03.30-13.07.33:657][  0]LogConfig: Setting CVar [[net.UseAdaptiveNetUpdateFrequency:0]]
[2023.03.30-13.07.33:657][  0]LogConfig: Setting CVar [[p.chaos.AllowCreatePhysxBodies:1]]
[2023.03.30-13.07.33:657][  0]LogConfig: Setting CVar [[fx.SkipVectorVMBackendOptimizations:1]]
[2023.03.30-13.07.33:657][  0]LogConfig: Applying CVar settings from Section [ConsoleVariables] File [C:/Users/emmyt/OneDrive/Documents/GitHub/-Journeyman-Twonic---Alpha-Team/Twonic/Saved/Config/Windows/Engine.ini]
[2023.03.30-13.07.33:657][  0]LogConfig: Applying CVar settings from Section [ConsoleVariables] File [C:/Users/emmyt/OneDrive/Documents/GitHub/-Journeyman-Twonic---Alpha-Team/Twonic/Saved/Config/Windows/Editor.ini]
[2023.03.30-13.07.33:764][  0]LogInit: Computer: LAPTOP-OVB59CM9
[2023.03.30-13.07.33:764][  0]LogInit: User: emmyt
[2023.03.30-13.07.33:764][  0]LogInit: CPU Page size=4096, Cores=4
[2023.03.30-13.07.33:764][  0]LogInit: High frequency timer resolution =10.000000 MHz
[2023.03.30-13.07.33:764][  0]LogMemory: Memory total: Physical=7.9GB (8GB approx)
[2023.03.30-13.07.33:764][  0]LogMemory: Platform Memory Stats for Windows
[2023.03.30-13.07.33:764][  0]LogMemory: Process Physical Memory: 147.32 MB used, 151.99 MB peak
[2023.03.30-13.07.33:764][  0]LogMemory: Process Virtual Memory: 119.00 MB used, 119.00 MB peak
[2023.03.30-13.07.33:764][  0]LogMemory: Physical Memory: 5544.13 MB used,  2528.10 MB free, 8072.23 MB total
[2023.03.30-13.07.33:764][  0]LogMemory: Virtual Memory: 134213936.00 MB used,  3791.39 MB free, 134217728.00 MB total
[2023.03.30-13.07.33:776][  0]LogWindows: WindowsPlatformFeatures enabled
[2023.03.30-13.07.35:036][  0]LogInit: Physics initialised using underlying interface: PhysX
[2023.03.30-13.07.35:052][  0]LogInit: Overriding language with game user settings language configuration option (en).
[2023.03.30-13.07.35:052][  0]LogInit: Overriding language with game user settings locale configuration option (en).
[2023.03.30-13.07.37:578][  0]LogWindowsTextInputMethodSystem: Display: IME system deactivated.
[2023.03.30-13.07.38:137][  0]LogSlate: New Slate User Created.  User Index 0, Is Virtual User: 0
[2023.03.30-13.07.38:137][  0]LogSlate: Slate User Registered.  User Index 0, Is Virtual User: 0
[2023.03.30-13.07.38:278][  0]LogD3D11RHI: Loaded GFSDK_Aftermath_Lib.x64.dll
[2023.03.30-13.07.38:791][  0]LogHMD: Failed to initialize OpenVR with code 126
[2023.03.30-13.07.38:791][  0]LogD3D11RHI: D3D11 min allowed feature level: 11_0
[2023.03.30-13.07.38:791][  0]LogD3D11RHI: D3D11 max allowed feature level: 11_0
[2023.03.30-13.07.38:791][  0]LogD3D11RHI: D3D11 adapters:
[2023.03.30-13.07.39:323][  0]LogD3D11RHI:    0. 'NVIDIA GeForce GTX 1060' (Feature Level 11_0)
[2023.03.30-13.07.39:323][  0]LogD3D11RHI:       2987/0/4036 MB DedicatedVideo/DedicatedSystem/SharedSystem, Outputs:1, VendorId:0x10de
[2023.03.30-13.07.39:329][  0]LogD3D11RHI:    1. 'Microsoft Basic Render Driver' (Feature Level 11_0)
[2023.03.30-13.07.39:329][  0]LogD3D11RHI:       0/0/4036 MB DedicatedVideo/DedicatedSystem/SharedSystem, Outputs:0, VendorId:0x1414
[2023.03.30-13.07.39:329][  0]LogD3D11RHI: Chosen D3D11 Adapter:
[2023.03.30-13.07.39:329][  0]LogD3D11RHI:     Description : NVIDIA GeForce GTX 1060
[2023.03.30-13.07.39:329][  0]LogD3D11RHI:     VendorId    : 10de
[2023.03.30-13.07.39:329][  0]LogD3D11RHI:     DeviceId    : 1c60
[2023.03.30-13.07.39:329][  0]LogD3D11RHI:     SubSysId    : 84db103c
[2023.03.30-13.07.39:330][  0]LogD3D11RHI:     Revision    : 00a1
[2023.03.30-13.07.39:330][  0]LogD3D11RHI:     DedicatedVideoMemory : 3132096512 bytes
[2023.03.30-13.07.39:330][  0]LogD3D11RHI:     DedicatedSystemMemory : 0 bytes
[2023.03.30-13.07.39:330][  0]LogD3D11RHI:     SharedSystemMemory : 4232171520 bytes
[2023.03.30-13.07.39:330][  0]LogD3D11RHI:     AdapterLuid : 0 89342
[2023.03.30-13.07.39:342][  0]LogD3D11RHI: Creating new Direct3DDevice
[2023.03.30-13.07.39:342][  0]LogD3D11RHI:     GPU DeviceId: 0x1c60 (for the marketing name, search the web for "GPU Device Id")
[2023.03.30-13.07.39:342][  0]LogWindows: EnumDisplayDevices:
[2023.03.30-13.07.39:342][  0]LogWindows:    0. 'NVIDIA GeForce GTX 1060' (P:1 D:1)
[2023.03.30-13.07.39:343][  0]LogWindows:    1. 'NVIDIA GeForce GTX 1060' (P:0 D:0)
[2023.03.30-13.07.39:343][  0]LogWindows:    2. 'NVIDIA GeForce GTX 1060' (P:0 D:0)
[2023.03.30-13.07.39:343][  0]LogWindows:    3. 'NVIDIA GeForce GTX 1060' (P:0 D:0)
[2023.03.30-13.07.39:344][  0]LogWindows: DebugString: FoundDriverCount:4 
[2023.03.30-13.07.39:344][  0]LogD3D11RHI:     Adapter Name: NVIDIA GeForce GTX 1060
[2023.03.30-13.07.39:344][  0]LogD3D11RHI:   Driver Version: 512.78 (internal:30.0.15.1278, unified:512.78)
[2023.03.30-13.07.39:344][  0]LogD3D11RHI:      Driver Date: 5-5-2022
[2023.03.30-13.07.39:344][  0]LogRHI: Texture pool is 2090 MB (70% of 2987 MB)
[2023.03.30-13.07.39:370][  0]LogD3D11RHI: Creating D3DDevice using adapter:
[2023.03.30-13.07.39:370][  0]LogD3D11RHI:     Description : NVIDIA GeForce GTX 1060
[2023.03.30-13.07.39:370][  0]LogD3D11RHI:     VendorId    : 10de
[2023.03.30-13.07.39:370][  0]LogD3D11RHI:     DeviceId    : 1c60
[2023.03.30-13.07.39:370][  0]LogD3D11RHI:     SubSysId    : 84db103c
[2023.03.30-13.07.39:371][  0]LogD3D11RHI:     Revision    : 00a1
[2023.03.30-13.07.39:371][  0]LogD3D11RHI:     DedicatedVideoMemory : 3132096512 bytes
[2023.03.30-13.07.39:371][  0]LogD3D11RHI:     DedicatedSystemMemory : 0 bytes
[2023.03.30-13.07.39:371][  0]LogD3D11RHI:     SharedSystemMemory : 4232171520 bytes
[2023.03.30-13.07.39:371][  0]LogD3D11RHI:     AdapterLuid : 0 89342
[2023.03.30-13.07.39:543][  0]LogD3D11RHI: RHI has support for 64 bit atomics
[2023.03.30-13.07.39:543][  0]LogD3D11RHI: Async texture creation enabled
[2023.03.30-13.07.39:543][  0]LogD3D11RHI: Array index from any shader is supported
[2023.03.30-13.07.42:065][  0]LogD3D11RHI: GPU Timing Frequency: 1000.000000 (Debug: 2 1)
[2023.03.30-13.07.42:377][  0]LogRHI: GeForceNow SDK initialized: 1
[2023.03.30-13.07.47:213][  0]LogTargetPlatformManager: Display: Loaded TargetPlatform 'WindowsNoEditor'
[2023.03.30-13.07.47:357][  0]LogTargetPlatformManager: Display: Loaded TargetPlatform 'Windows'
[2023.03.30-13.07.47:443][  0]LogTargetPlatformManager: Display: Loaded TargetPlatform 'WindowsClient'
[2023.03.30-13.07.47:708][  0]LogTargetPlatformManager: Display: Loaded TargetPlatform 'WindowsServer'
[2023.03.30-13.07.47:708][  0]LogTargetPlatformManager: Display: Building Assets For Windows
[2023.03.30-13.07.49:277][  0]LogAudioDebug: Display: Lib vorbis DLL was dynamically loaded.
[2023.03.30-13.07.51:700][  0]LogTextureFormatOodle: Display: Oodle Texture 2.9.0 init RDO Off
[2023.03.30-13.07.56:152][  0]LogRendererCore: Ray tracing is disabled. Reason: r.RayTracing=0.
[2023.03.30-13.07.56:233][  0]LogShaderCompilers: Guid format shader working directory is -33 characters bigger than the processId version (C:/Users/emmyt/OneDrive/Documents/GitHub/-Journeyman-Twonic---Alpha-Team/Twonic/Intermediate/Shaders/WorkingDirectory/9900/).
[2023.03.30-13.07.56:234][  0]LogShaderCompilers: Cleaned the shader compiler working directory 'C:/Users/emmyt/AppData/Local/Temp/UnrealShaderWorkingDir/E08B977C43F68186AE228DA36D9BC00F/'.
[2023.03.30-13.07.56:267][  0]LogXGEController: Cannot use XGE Controller as Incredibuild is not installed on this machine.
[2023.03.30-13.07.56:269][  0]LogShaderCompilers: Cannot use XGE Shader Compiler as Incredibuild is not installed on this machine.
[2023.03.30-13.07.56:269][  0]LogShaderCompilers: Display: Using Local Shader Compiler.
[2023.03.30-13.08.10:997][  0]LogDerivedDataCache: Display: Max Cache Size: 512 MB
[2023.03.30-13.08.11:508][  0]LogDerivedDataCache: Loaded boot cache 0.51s 95MB C:/Users/emmyt/AppData/Local/UnrealEngine/4.27/DerivedDataCache/Boot.ddc.
[2023.03.30-13.08.11:509][  0]LogDerivedDataCache: Display: Loaded Boot cache: C:/Users/emmyt/AppData/Local/UnrealEngine/4.27/DerivedDataCache/Boot.ddc
[2023.03.30-13.08.11:509][  0]LogDerivedDataCache: FDerivedDataBackendGraph:  Pak pak cache file C:/Users/emmyt/OneDrive/Documents/GitHub/-Journeyman-Twonic---Alpha-Team/Twonic/DerivedDataCache/DDC.ddp not found, will not use a pak cache.
[2023.03.30-13.08.11:509][  0]LogDerivedDataCache: Unable to find inner node Pak for hierarchical cache Hierarchy.
[2023.03.30-13.08.11:509][  0]LogDerivedDataCache: FDerivedDataBackendGraph:  CompressedPak pak cache file C:/Users/emmyt/OneDrive/Documents/GitHub/-Journeyman-Twonic---Alpha-Team/Twonic/DerivedDataCache/Compressed.ddp not found, will not use a pak cache.
[2023.03.30-13.08.11:509][  0]LogDerivedDataCache: Unable to find inner node CompressedPak for hierarchical cache Hierarchy.
[2023.03.30-13.08.11:686][  0]LogDerivedDataCache: Display: Pak cache opened for reading ../../../Engine/DerivedDataCache/Compressed.ddp.
[2023.03.30-13.08.11:686][  0]LogDerivedDataCache: FDerivedDataBackendGraph:  EnterprisePak pak cache file ../../../Enterprise/DerivedDataCache/Compressed.ddp not found, will not use a pak cache.
[2023.03.30-13.08.11:686][  0]LogDerivedDataCache: Unable to find inner node EnterprisePak for hierarchical cache Hierarchy.
[2023.03.30-13.08.11:876][  0]LogDerivedDataCache: Speed tests for C:/Users/emmyt/AppData/Local/UnrealEngine/Common/DerivedDataCache took 0.17 seconds
[2023.03.30-13.08.11:876][  0]LogDerivedDataCache: Display: Performance to C:/Users/emmyt/AppData/Local/UnrealEngine/Common/DerivedDataCache: Latency=2.01ms. RandomReadSpeed=9.26MBs, RandomWriteSpeed=19.90MBs. Assigned SpeedClass 'Fast'
[2023.03.30-13.08.11:878][  0]LogDerivedDataCache: Using Local data cache path C:/Users/emmyt/AppData/Local/UnrealEngine/Common/DerivedDataCache: Writable
[2023.03.30-13.08.11:878][  0]LogDerivedDataCache: Shared data cache path not found in *engine.ini, will not use an Shared cache.
[2023.03.30-13.08.11:878][  0]LogDerivedDataCache: Unable to find inner node Shared for hierarchical cache Hierarchy.
[2023.03.30-13.08.13:734][  0]LogSlate: Using FreeType 2.10.0
[2023.03.30-13.08.13:948][  0]LogSlate: SlateFontServices - WITH_FREETYPE: 1, WITH_HARFBUZZ: 1
[2023.03.30-13.08.16:237][  0]LogInit: Overriding language with game user settings language configuration option (en).
[2023.03.30-13.08.16:237][  0]LogInit: Overriding language with game user settings locale configuration option (en).
[2023.03.30-13.08.16:311][  0]LogTextLocalizationManager: Compacting localization data took   0.01ms
[2023.03.30-13.08.16:311][  0]LogAssetRegistry: FAssetRegistry took 0.0030 seconds to start up
[2023.03.30-13.08.21:523][  0]LogPackageLocalizationCache: Processed 27 localized package path(s) for 1 prioritized culture(s) in 0.014138 seconds
[2023.03.30-13.08.22:030][  0]LogInit: Selected Device Profile: [Windows]
[2023.03.30-13.08.22:030][  0]LogInit: Active device profile: [0000021D18613B00][0000021D0F214880 49] Windows
[2023.03.30-13.08.22:030][  0]LogInit: Profiles: [0000021D18613B00][0000021D0F214880 49] Windows, [0000021D185C4600][0000021D0F21CA00 49] WindowsNoEditor, [0000021D18610600][0000021D0E8FEB80 49] WindowsServer, [0000021D185C7500][0000021D0E902D00 49] WindowsClient, [0000021D18613300][0000021D0E906E80 49] IOS, [0000021D185C4F00][0000021D0E90B000 49] iPadAir, [0000021D18610E00][0000021D0E90F180 49] iPadAir2, [0000021D18588400][0000021D0F231440 49] IPadPro, [0000021D1856FF00][0000021D0E913480 49] iPadAir3, [0000021D18613100][0000021D0F235600 49] iPadAir4, [0000021D1856CC00][0000021D0F239780 49] iPadMini2, [0000021D18611000][0000021D0F23D900 49] iPadMini3, [0000021D1856EF00][0000021D0F241A80 49] iPadMini4, [0000021D18612800][0000021D0F219BC0 49] iPadMini5, [0000021D18588300][0000021D0F248280 49] iPhone6, [0000021D185C6F00][0000021D0F2442C0 49] iPodTouch6, [0000021D1856D000][0000021D0F254580 49] iPhone7, [0000021D1856D100][0000021D0F2505C0 49] iPodTouch7, [0000021D185C7B00][0000021D0F258740 49] iPhone5S, [0000021D1856CA00][0000021D0F25C8C0 49] iPhone6Plus, [0000021D185C5200][0000021D0F260A40 49] iPhone6S, [0000021D1856E000][0000021D0F264BC0 49] iPhone6SPlus, [0000021D185C7A00][0000021D0F268D40 49] iPhone7Plus, [0000021D1856F300][0000021D0F26CEC0 49] iPhoneSE, [0000021D185C5700][0000021D0F271040 49] iPhone8, [0000021D1856EB00][0000021D0F2751C0 49] iPhone8Plus, [0000021D185C4200][0000021D0F279340 49] iPhoneX, [0000021D1856FC00][0000021D0EB134C0 49] iPhoneXS, [0000021D185C5C00][0000021D0EB17640 49] iPhoneXSMax, [0000021D1856CE00][0000021D0EB1B7C0 49] iPhoneXR, [0000021D185C4A00][0000021D0EB1F940 49] iPhone11, [0000021D1856C800][0000021D0EB23AC0 49] iPhone11Pro, [0000021D185C7800][0000021D0EB260C0 49] iPhone11ProMax, [0000021D1856D500][0000021D0F24C200 49] iPhoneSE2, [0000021D185C5300][0000021D0EB2A340 49] iPhone12Mini, [0000021D1856C600][0000021D0EB2E480 49] iPhone12, [0000021D185C6C00][0000021D0EB325C0 49] iPhone12Pro, [0000021D1856E100][0000021D0EB3A740 49] iPhone12ProMax, [0000021D185C5900][0000021D0EB3E8C0 49] iPadPro105, [0000021D1856EE00][0000021D0EB42A40 49] iPadPro129, [0000021D185C7100][0000021D0EB46BC0 49] iPadPro97, [0000021D1856F100][0000021D0EB4AD40 49] iPadPro2_129, [0000021D185C4E00][0000021D0EB4EEC0 49] iPad5, [0000021D1856C500][0000021D0EB53040 49] iPad6, [0000021D185C4800][0000021D0EB571C0 49] iPad7, [0000021D1856FD00][0000021D0EB5B340 49] iPad8, [0000021D185C4500][0000021D0EB5F4C0 49] iPadPro11, [0000021D1856FE00][0000021D0EB63640 49] iPadPro2_11, [0000021D185C5B00][0000021D0EB677C0 49] iPadPro3_129, [0000021D1856D700][0000021D0EB6B940 49] iPadPro4_129, [0000021D185C7000][0000021D0EB6FAC0 49] AppleTV, [0000021D1856F600][0000021D0EB720C0 49] AppleTV4K, [0000021D185C6D00][0000021D0EB76240 49] TVOS, [0000021D1856D300][0000021D0EB36380 49] Mac, [0000021D185C7600][0000021D0EB7A4C0 49] MacClient, [0000021D1856E200][0000021D0EB7E600 49] MacNoEditor, [0000021D185C6900][0000021D0EB82740 49] MacServer, [0000021D1856DC00][0000021D0EB8A8C0 49] Linux, [0000021D185C7300][0000021D0EB8EA40 49] LinuxAArch64, [0000021D1856E500][0000021D0EB92BC0 49] LinuxNoEditor, [0000021D185C5A00][0000021D0EB96D40 49] LinuxAArch64NoEditor, [0000021D1856E400][0000021D0EB9AEC0 49] LinuxClient, [0000021D185C6200][0000021D0EB9F040 49] LinuxAArch64Client, [0000021D18646500][0000021D0EBA31C0 49] LinuxServer, [0000021D18588700][0000021D0EBA7340 49] LinuxAArch64Server, [0000021D18644300][0000021D0EBAB4C0 49] Android, [0000021D1858BB00][0000021D0EBAF640 49] Android_Low, [0000021D18644100][0000021D0EBB37C0 49] Android_Mid, [0000021D18589000][0000021D0EBB7940 49] Android_High, [0000021D18646200][0000021D0EBBBAC0 49] Android_Default, [0000021D1858AE00][0000021D0EBBE0C0 49] Android_Adreno4xx, [0000021D18644C00][0000021D0EBC2240 49] Android_Adreno5xx_Low, [0000021D18589600][0000021D0EBC63C0 49] Android_Adreno5xx, [0000021D18645800][0000021D0EBCA540 49] Android_Adreno6xx, [0000021D1858B200][0000021D0EB86680 49] Android_Adreno6xx_Vulkan, [0000021D18646400][0000021D0EBCE7C0 49] Android_Mali_T6xx, [0000021D1858A200][0000021D0EBD2900 49] Android_Mali_T7xx, [0000021D18645900][0000021D0EBDAA80 49] Android_Mali_T8xx, [0000021D1858B400][0000021D0EBDEC00 49] Android_Mali_G71, [0000021D18645A00][0000021D0EBE2D80 49] Android_Mali_G72, [0000021D1858AB00][0000021D0EBE6F00 49] Android_Mali_G72_Vulkan, [0000021D18646700][0000021D0EBEB080 49] Android_Mali_G76, [0000021D18588C00][0000021D0EBEF200 49] Android_Mali_G76_Vulkan, [0000021D18645300][0000021D0EBF3380 49] Android_Mali_G77, [0000021D18589400][0000021D0EBF7500 49] Android_Mali_G77_Vulkan, [0000021D185C6300][0000021D0EBFB680 49] Android_Mali_G78, [0000021D1856D400][0000021D0EBFF800 49] Android_Mali_G78_Vulkan, [0000021D185C4100][0000021D0EC03980 49] Android_Mali_G710, [0000021D1856CF00][0000021D0EC07B00 49] Android_Mali_G710_Vulkan, [0000021D18588E00][0000021D0EC0A100 49] Android_Vulkan_SM5, [0000021D1856C100][0000021D0EC0E280 49] Android_PowerVR_G6xxx, [0000021D185C7700][0000021D0EC12400 49] Android_PowerVR_GT7xxx, [0000021D18644D00][0000021D0EC16580 49] Android_PowerVR_GE8xxx, [0000021D185C7F00][0000021D0EC1A700 49] Android_PowerVR_GM9xxx, [0000021D18644900][0000021D0EBD6840 49] Android_PowerVR_GM9xxx_Vulkan, [0000021D185C4400][0000021D0EC1E980 49] Android_TegraK1, [0000021D18646300][0000021D0EC22AC0 49] Android_Unknown_Vulkan, [0000021D185C5D00][0000021D0EC2AC40 49] Lumin, [0000021D18645600][0000021D0EC2EDC0 49] Lumin_Desktop, [0000021D185C4900][0000021D0EC32F40 49] HoloLens, 
[2023.03.30-13.08.24:158][  0]LogMeshReduction: Using QuadricMeshReduction for automatic static mesh reduction
[2023.03.30-13.08.24:158][  0]LogMeshReduction: Using SimplygonMeshReduction for automatic skeletal mesh reduction
[2023.03.30-13.08.24:158][  0]LogMeshReduction: Using ProxyLODMeshReduction for automatic mesh merging
[2023.03.30-13.08.24:158][  0]LogMeshReduction: No distributed automatic mesh merging module available
[2023.03.30-13.08.24:176][  0]LogMeshMerging: No distributed automatic mesh merging module available
[2023.03.30-13.08.24:890][  0]LogNetVersion: Twonic 1.0.0, NetCL: 17155196, EngineNetVer: 17, GameNetVer: 0 (Checksum: 4023415434)
[2023.03.30-13.08.32:780][  0]LogTexture: Default maximum texture size for cubemaps generated from long-lat sources has been changed from 512 to unlimited. In order to preserve old behaiour for '/Engine/MapTemplates/Sky/DaylightAmbientCubemap.DaylightAmbientCubemap', its maximum texture size has been explicitly set to 512.
[2023.03.30-13.08.33:642][  0]LogHMD: PokeAHoleMaterial loaded successfully
[2023.03.30-13.08.38:017][  0]LogMoviePlayer: Initializing movie player
[2023.03.30-13.08.40:527][  0]LogNiagaraDebuggerClient: Niagara Debugger Client Initialized | Session: 2E1FD7B349620DA61408EBA68AAA5B55 | Instance: 53DE76684E50625010A73EBD16F0039D (LAPTOP-OVB59CM9-9900).
[2023.03.30-13.08.41:109][  0]LogCollectionManager: Loaded 0 collections in 0.010739 seconds
[2023.03.30-13.08.41:140][  0]LogFileCache: Scanning file cache for directory 'C:/Users/emmyt/OneDrive/Documents/GitHub/-Journeyman-Twonic---Alpha-Team/Twonic/Saved/Collections/' took 0.00s
[2023.03.30-13.08.41:141][  0]LogFileCache: Scanning file cache for directory 'C:/Users/emmyt/OneDrive/Documents/GitHub/-Journeyman-Twonic---Alpha-Team/Twonic/Content/Developers/emmyt/Collections/' took 0.00s
[2023.03.30-13.08.41:141][  0]LogFileCache: Scanning file cache for directory 'C:/Users/emmyt/OneDrive/Documents/GitHub/-Journeyman-Twonic---Alpha-Team/Twonic/Content/Collections/' took 0.00s
[2023.03.30-13.08.41:141][  0]LogCollectionManager: Fixed up redirectors for 0 collections in 0.000003 seconds (updated 0 objects)
[2023.03.30-13.08.43:924][  0]LogTcpMessaging: Initializing TcpMessaging bridge
[2023.03.30-13.08.43:951][  0]LogUdpMessaging: Initializing bridge on interface 0.0.0.0:0 to multicast group 230.0.0.1:6666.
[2023.03.30-13.08.44:112][  0]LogPython: Using Python 3.7.7
[2023.03.30-13.08.47:953][  0]SourceControl: Source control is disabled
[2023.03.30-13.08.47:953][  0]SourceControl: Source control is disabled
[2023.03.30-13.08.48:064][  0]SourceControl: Source control is disabled
[2023.03.30-13.08.48:152][  0]LogUProjectInfo: Found projects:
[2023.03.30-13.08.49:639][  0]LogOpenImageDenoise: OIDN starting up
[2023.03.30-13.08.49:738][  0]LogAndroidPermission: UAndroidPermissionCallbackProxy::GetInstance
[2023.03.30-13.08.49:908][  0]LogAudioCaptureCore: Display: No Audio Capture implementations found. Audio input will be silent.
[2023.03.30-13.08.49:908][  0]LogAudioCaptureCore: Display: No Audio Capture implementations found. Audio input will be silent.
[2023.03.30-13.08.50:839][  0]LogOcInput: OculusInput pre-init called
[2023.03.30-13.08.50:937][  0]LogUObjectArray: 22121 objects as part of root set at end of initial load.
[2023.03.30-13.08.50:937][  0]LogUObjectAllocator: 5975632 out of 0 bytes used by permanent object pool.
[2023.03.30-13.08.50:937][  0]LogUObjectArray: CloseDisregardForGC: 0/0 objects in disregard for GC pool
[2023.03.30-13.08.54:973][  0]LogAutomationTest: Warning: Smoke tests took >2s to run (2.64s). 'FAutomationTestAttemptToFindUninitializedScriptStructMembers' took 2101ms. SmokeFilter tier tests should take less than 1ms. Please optimize or move 'FAutomationTestAttemptToFindUninitializedScriptStructMembers' to a slower tier than SmokeFilter.
[2023.03.30-13.08.55:018][  0]LogEngine: Initializing Engine...
[2023.03.30-13.08.55:606][  0]LogHMD: Optional extension XR_VARJO_quad_views is not available
[2023.03.30-13.08.55:654][  0]LogHMD: Warning: Required extension XR_EXT_eye_gaze_interaction is not available
[2023.03.30-13.08.55:654][  0]LogHMD: Could not enable all required OpenXR extensions for OpenXREyeTracker on current system. This plugin will be loaded but ignored, but will be enabled on a target platform that supports the required extension.
[2023.03.30-13.08.55:670][  0]LogHMD: Failed to get an OpenXR system, result is XR_ERROR_FORM_FACTOR_UNAVAILABLE. Please check that your runtime supports VR headsets.
[2023.03.30-13.08.55:768][  0]LogHMD: Failed to initialize OpenVR with code 126
[2023.03.30-13.08.55:868][  0]LogMagicLeap: Warning: VR disabled because ZI is not enabled.  To enable, in the editor, Edit -> Project Settings -> Plugins -> Magic Leap Plugin -> Enable Zero Iteration
[2023.03.30-13.08.56:016][  0]LogStats: UGameplayTagsManager::InitializeManager -  0.003 s
[2023.03.30-13.08.57:311][  0]LogInit: Initializing FReadOnlyCVARCache
[2023.03.30-13.08.57:311][  0]LogAudio: Display: Initializing Audio Device Manager...
[2023.03.30-13.08.57:338][  0]LogAudio: Display: Loading Default Audio Settings Objects...
[2023.03.30-13.08.57:447][  0]LogAudio: Display: No default SoundConcurrencyObject specified (or failed to load).
[2023.03.30-13.08.57:530][  0]LogAudio: Display: Audio Device Manager Initialized
[2023.03.30-13.08.57:530][  0]LogAudio: Display: Creating Audio Device:                 Id: 1, Scope: Shared, Realtime: True
[2023.03.30-13.08.57:530][  0]LogAudioMixer: Display: Audio Mixer Platform Settings:
[2023.03.30-13.08.57:530][  0]LogAudioMixer: Display: 	Sample Rate:						  48000
[2023.03.30-13.08.57:530][  0]LogAudioMixer: Display: 	Callback Buffer Frame Size Requested: 1024
[2023.03.30-13.08.57:530][  0]LogAudioMixer: Display: 	Callback Buffer Frame Size To Use:	  1024
[2023.03.30-13.08.57:530][  0]LogAudioMixer: Display: 	Number of buffers to queue:			  2
[2023.03.30-13.08.57:530][  0]LogAudioMixer: Display: 	Max Channels (voices):				  32
[2023.03.30-13.08.57:530][  0]LogAudioMixer: Display: 	Number of Async Source Workers:		  0
[2023.03.30-13.08.57:530][  0]LogAudio: Display: AudioDevice MaxSources: 32
[2023.03.30-13.08.57:531][  0]LogAudio: Display: Audio Spatialization Plugin: None (built-in).
[2023.03.30-13.08.57:531][  0]LogAudio: Display: Audio Reverb Plugin: None (built-in).
[2023.03.30-13.08.57:531][  0]LogAudio: Display: Audio Occlusion Plugin: None (built-in).
[2023.03.30-13.08.57:531][  0]LogAudioMixer: Display: Initializing audio mixer.
[2023.03.30-13.08.57:833][  0]LogAudioMixer: Display: 0: FrontLeft
[2023.03.30-13.08.57:833][  0]LogAudioMixer: Display: 1: FrontRight
[2023.03.30-13.08.58:094][  0]LogAudioMixer: Display: Using Audio Device Speakers (fifine Headset)
[2023.03.30-13.08.58:114][  0]LogAudioMixer: Display: Initializing Sound Submixes...
[2023.03.30-13.08.58:223][  0]LogAudioMixer: Display: Creating Master Submix 'MasterSubmixDefault'
[2023.03.30-13.08.58:223][  0]LogAudioMixer: Display: Creating Master Submix 'MasterReverbSubmixDefault'
[2023.03.30-13.08.58:224][  0]LogAudioMixer: Display: Creating Master Submix 'MasterEQSubmixDefault'
[2023.03.30-13.08.58:224][  0]LogAudioMixer: FMixerPlatformXAudio2::StartAudioStream() called
[2023.03.30-13.08.58:224][  0]LogAudioMixer: Display: Output buffers initialized: Frames=1024, Channels=2, Samples=2048
[2023.03.30-13.08.58:225][  0]LogAudioMixer: Display: Starting AudioMixerPlatformInterface::RunInternal()
[2023.03.30-13.08.58:225][  0]LogAudioMixer: Display: FMixerPlatformXAudio2::SubmitBuffer() called for the first time
[2023.03.30-13.08.58:225][  0]LogInit: FAudioDevice initialized.
[2023.03.30-13.08.58:280][  0]LogAudioMixer: Display: Audio Buffer Underrun (starvation) detected.
[2023.03.30-13.08.58:280][  0]LogNetVersion: Set ProjectVersion to 1.0.0.0. Version Checksum will be recalculated on next use.
[2023.03.30-13.08.58:281][  0]LogInit: Texture streaming: Enabled
[2023.03.30-13.09.01:647][  0]LogAudio: Display: Audio Device (ID: 1) registered with world 'Untitled'.
[2023.03.30-13.09.01:707][  0]LogSlate: Updating window title bar state: overlay mode, drag disabled, window buttons hidden, title bar hidden
[2023.03.30-13.09.01:736][  0]LogInit: Display: Game Engine Initialized.
[2023.03.30-13.09.02:006][  0]LogNiagaraEditor: GEditor isn't valid! Particle reset commands will not work for Niagara components!
[2023.03.30-13.09.03:801][  0]LogInit: Display: Starting Game.
[2023.03.30-13.09.03:801][  0]LogNet: Browse: /Game/Roles/Designer/Tom/Main_Menu/Main_Menu_Stuff/Main_Menu?Name=Player
[2023.03.30-13.09.03:895][  0]LogLoad: LoadMap: /Game/Roles/Designer/Tom/Main_Menu/Main_Menu_Stuff/Main_Menu?Name=Player
[2023.03.30-13.09.03:895][  0]LogWorld: BeginTearingDown for /Temp/Untitled_0
[2023.03.30-13.09.03:930][  0]LogWorld: UWorld::CleanupWorld for Untitled, bSessionEnded=true, bCleanupResources=true
[2023.03.30-13.09.04:003][  0]LogAudio: Display: Audio Device unregistered from world 'None'.
[2023.03.30-13.09.04:067][  0]LogUObjectHash: Compacting FUObjectHashTables data took   1.53ms
[2023.03.30-13.09.15:314][  0]LogAudio: Display: Audio Device (ID: 1) registered with world 'Main_Menu'.
[2023.03.30-13.09.15:567][  0]LogAIModule: Creating AISystem for world Main_Menu
[2023.03.30-13.09.15:574][  0]LogLoad: Game class is 'TwonicGameMode_C'
[2023.03.30-13.09.15:682][  0]LogWorld: Bringing World /Game/Roles/Designer/Tom/Main_Menu/Main_Menu_Stuff/Main_Menu.Main_Menu up for play (max tick rate 60) at 2023.03.30-14.09.15
[2023.03.30-13.09.15:824][  0]LogWorld: Bringing up level for play took: 0.248002
[2023.03.30-13.09.15:825][  0]LogGameMode: FindPlayerStart: PATHS NOT DEFINED or NO PLAYERSTART with positive rating
[2023.03.30-13.09.15:869][  0]LogSpawn: Warning: SpawnActor failed because no class was specified
[2023.03.30-13.09.15:941][  0]LogLoad: Took 12.039218 seconds to LoadMap(/Game/Roles/Designer/Tom/Main_Menu/Main_Menu_Stuff/Main_Menu)
[2023.03.30-13.09.16:293][  0]LogInit: Display: Engine is initialized. Leaving FEngineLoop::Init()
[2023.03.30-13.09.16:293][  0]LogLoad: (Engine Initialization) Total time: 240.69 seconds
[2023.03.30-13.09.16:293][  0]LogLoad: (Engine Initialization) Total Blueprint compile time: 0.00 seconds
[2023.03.30-13.09.16:769][  0]LogRenderer: Reallocating scene render targets to support 128x128 Format 10 NumSamples 1 (Frame:0).
[2023.03.30-13.09.16:770][  0]LogContentStreaming: Texture pool size now 600 MB
[2023.03.30-13.09.17:361][  1]LogRenderer: Reallocating scene render targets to support 1912x1008 Format 10 NumSamples 1 (Frame:1).
[2023.03.30-13.09.17:361][  1]LogSlate: Took 0.308389 seconds to synchronously load lazily loaded font '../../../Engine/Content/Slate/Fonts/Roboto-Regular.ttf' (155K)
[2023.03.30-13.09.53:531][588]LogSlate: Updating window title bar state: overlay mode, drag disabled, window buttons hidden, title bar hidden
[2023.03.30-13.09.57:825][748]LogSlate: Updating window title bar state: overlay mode, drag disabled, window buttons hidden, title bar hidden
[2023.03.30-13.10.00:106][817]LogPackageLocalizationCache: Processed 27 localized package path(s) for 1 prioritized culture(s) in 0.006779 seconds
[2023.03.30-13.10.00:106][817]LogSlate: FontCache flush requested. Reason: Culture for localization was changed
[2023.03.30-13.10.00:106][817]LogSlate: FontCache flush requested. Reason: Culture for localization was changed
[2023.03.30-13.10.04:672][817]LogTextLocalizationResource: LocRes '../../../Engine/Content/Localization/Editor/de/Editor.locres' could not be opened for reading!
[2023.03.30-13.10.04:672][817]LogTextLocalizationResource: LocRes '../../../Engine/Content/Localization/EditorTutorials/de/EditorTutorials.locres' could not be opened for reading!
[2023.03.30-13.10.04:672][817]LogTextLocalizationResource: LocRes '../../../Engine/Content/Localization/Keywords/de/Keywords.locres' could not be opened for reading!
[2023.03.30-13.10.04:672][817]LogTextLocalizationResource: LocRes '../../../Engine/Content/Localization/Category/de/Category.locres' could not be opened for reading!
[2023.03.30-13.10.04:672][817]LogTextLocalizationResource: LocRes '../../../Engine/Content/Localization/ToolTips/de/ToolTips.locres' could not be opened for reading!
[2023.03.30-13.10.04:672][817]LogTextLocalizationResource: LocRes '../../../Engine/Content/Localization/PropertyNames/de/PropertyNames.locres' could not be opened for reading!
[2023.03.30-13.10.04:672][817]LogTextLocalizationResource: LocRes '../../../Engine/Content/Localization/Engine/de/Engine.locres' could not be opened for reading!
[2023.03.30-13.10.05:896][817]LogSlate: InvalidateAllWidgets triggered.  All widgets were invalidated
[2023.03.30-13.10.05:934][818]LogSlate: Took 0.000263 seconds to synchronously load lazily loaded font '../../../Engine/Content/Slate/Fonts/Roboto-Regular.ttf' (155K)
[2023.03.30-13.10.10:615][995]LogPackageLocalizationCache: Processed 27 localized package path(s) for 1 prioritized culture(s) in 0.006973 seconds
[2023.03.30-13.10.10:615][995]LogSlate: FontCache flush requested. Reason: Culture for localization was changed
[2023.03.30-13.10.11:886][995]LogSlate: InvalidateAllWidgets triggered.  All widgets were invalidated
[2023.03.30-13.10.11:893][996]LogSlate: Took 0.000280 seconds to synchronously load lazily loaded font '../../../Engine/Content/Slate/Fonts/Roboto-Regular.ttf' (155K)
[2023.03.30-13.10.14:437][ 85]LogPackageLocalizationCache: Processed 27 localized package path(s) for 1 prioritized culture(s) in 0.006766 seconds
[2023.03.30-13.10.14:437][ 85]LogSlate: FontCache flush requested. Reason: Culture for localization was changed
[2023.03.30-13.10.14:564][ 85]LogTextLocalizationResource: LocRes '../../../Engine/Content/Localization/Editor/gd/Editor.locres' could not be opened for reading!
[2023.03.30-13.10.14:564][ 85]LogTextLocalizationResource: LocRes '../../../Engine/Content/Localization/EditorTutorials/gd/EditorTutorials.locres' could not be opened for reading!
[2023.03.30-13.10.14:564][ 85]LogTextLocalizationResource: LocRes '../../../Engine/Content/Localization/Keywords/gd/Keywords.locres' could not be opened for reading!
[2023.03.30-13.10.14:564][ 85]LogTextLocalizationResource: LocRes '../../../Engine/Content/Localization/Category/gd/Category.locres' could not be opened for reading!
[2023.03.30-13.10.14:564][ 85]LogTextLocalizationResource: LocRes '../../../Engine/Content/Localization/ToolTips/gd/ToolTips.locres' could not be opened for reading!
[2023.03.30-13.10.14:565][ 85]LogTextLocalizationResource: LocRes '../../../Engine/Content/Localization/PropertyNames/gd/PropertyNames.locres' could not be opened for reading!
[2023.03.30-13.10.14:565][ 85]LogTextLocalizationResource: LocRes '../../../Engine/Content/Localization/Engine/gd/Engine.locres' could not be opened for reading!
[2023.03.30-13.10.14:565][ 85]LogTextLocalizationResource: LocRes '../../../Engine/Plugins/Online/OnlineSubsystem/Content/Localization/OnlineSubsystem/gd/OnlineSubsystem.locres' could not be opened for reading!
[2023.03.30-13.10.14:565][ 85]LogTextLocalizationResource: LocRes '../../../Engine/Plugins/Online/OnlineSubsystemUtils/Content/Localization/OnlineSubsystemUtils/gd/OnlineSubsystemUtils.locres' could not be opened for reading!
[2023.03.30-13.10.14:565][ 85]LogTextLocalizationResource: LocRes '../../../Engine/Plugins/Online/IOS/OnlineSubsystemIOS/Content/Localization/OnlineSubsystemIOS/gd/OnlineSubsystemIOS.locres' could not be opened for reading!
[2023.03.30-13.10.14:565][ 85]LogTextLocalizationResource: LocRes '../../../Engine/Plugins/Online/Android/OnlineSubsystemGooglePlay/Content/Localization/OnlineSubsystemGooglePlay/gd/OnlineSubsystemGooglePlay.locres' could not be opened for reading!
[2023.03.30-13.10.14:801][ 85]LogSlate: InvalidateAllWidgets triggered.  All widgets were invalidated
[2023.03.30-13.10.14:808][ 86]LogSlate: Took 0.000250 seconds to synchronously load lazily loaded font '../../../Engine/Content/Slate/Fonts/Roboto-Regular.ttf' (155K)
[2023.03.30-13.10.31:777][644]LogSlate: Updating window title bar state: overlay mode, drag disabled, window buttons hidden, title bar hidden
[2023.03.30-13.10.37:743][820]LogSlate: Updating window title bar state: overlay mode, drag disabled, window buttons hidden, title bar hidden
[2023.03.30-13.10.46:620][ 73]LogSlate: Updating window title bar state: overlay mode, drag disabled, window buttons hidden, title bar hidden
[2023.03.30-13.10.50:354][171]LogSlate: Updating window title bar state: overlay mode, drag disabled, window buttons hidden, title bar hidden
[2023.03.30-13.10.51:554][201]LogSlate: Updating window title bar state: overlay mode, drag disabled, window buttons hidden, title bar hidden
[2023.03.30-13.10.55:289][304]LogSlate: Updating window title bar state: overlay mode, drag disabled, window buttons hidden, title bar hidden
[2023.03.30-13.11.23:877][124]LogSlate: Updating window title bar state: overlay mode, drag disabled, window buttons hidden, title bar hidden
[2023.03.30-13.11.28:850][269]LogSlate: Updating window title bar state: overlay mode, drag disabled, window buttons hidden, title bar hidden
[2023.03.30-13.11.36:201][477]LogSlate: Updating window title bar state: overlay mode, drag disabled, window buttons hidden, title bar hidden
[2023.03.30-13.11.40:475][603]LogSlate: Updating window title bar state: overlay mode, drag disabled, window buttons hidden, title bar hidden
[2023.03.30-13.11.53:373][980]LogSlate: Updating window title bar state: overlay mode, drag disabled, window buttons hidden, title bar hidden
[2023.03.30-13.12.00:274][169]LogSlate: Window 'Twonic (64-bit Development PCD3D_SM5) ' being destroyed
[2023.03.30-13.12.00:287][169]LogWindowsTextInputMethodSystem: Display: IME system deactivated.
[2023.03.30-13.12.00:292][169]LogSlate: Updating window title bar state: overlay mode, drag disabled, window buttons hidden, title bar hidden
[2023.03.30-13.12.00:292][169]LogEngine: All Windows Closed
[2023.03.30-13.12.00:292][169]LogWindows: FPlatformMisc::RequestExit(0)
[2023.03.30-13.12.00:292][169]LogWindows: FPlatformMisc::RequestExitWithStatus(0, 0)
[2023.03.30-13.12.00:292][169]LogCore: Engine exit requested (reason: Win RequestExit)
[2023.03.30-13.12.00:315][170]LogCore: Engine exit requested (reason: EngineExit() was called; note: exit was already requested)
[2023.03.30-13.12.00:324][170]LogInit: Display: PreExit Game.
[2023.03.30-13.12.00:468][170]LogWorld: BeginTearingDown for /Game/Roles/Designer/Tom/Main_Menu/Main_Menu_Stuff/Main_Menu
[2023.03.30-13.12.00:508][170]LogWorld: UWorld::CleanupWorld for Main_Menu, bSessionEnded=true, bCleanupResources=true
[2023.03.30-13.12.00:510][170]LogSlate: InvalidateAllWidgets triggered.  All widgets were invalidated
[2023.03.30-13.12.01:116][170]LogAudio: Display: Beginning Audio Device Manager Shutdown (Module: AudioMixerXAudio2)...
[2023.03.30-13.12.01:117][170]LogAudio: Display: Destroying 1 Remaining Audio Device(s)...
[2023.03.30-13.12.01:117][170]LogAudio: Display: Audio Device unregistered from world 'Main_Menu'.
[2023.03.30-13.12.01:158][170]LogAudioMixer: FMixerPlatformXAudio2::StopAudioStream() called
[2023.03.30-13.12.01:159][170]LogAudioMixer: FMixerPlatformXAudio2::StopAudioStream() called
[2023.03.30-13.12.01:258][170]LogAudio: Display: Audio Device Manager Shutdown
[2023.03.30-13.12.01:318][170]LogExit: Preparing to exit.
[2023.03.30-13.12.01:802][170]LogSlate: Updating window title bar state: overlay mode, drag disabled, window buttons hidden, title bar hidden
[2023.03.30-13.12.01:855][170]LogUObjectHash: Compacting FUObjectHashTables data took   3.18ms
[2023.03.30-13.12.02:084][170]LogMoviePlayer: Shutting down movie player
[2023.03.30-13.12.03:276][170]LogDemo: Cleaned up 0 splitscreen connections with owner deletion
[2023.03.30-13.12.03:299][170]LogExit: Game engine shut down
