Log file open, 03/17/23 17:53:12
LogWindows: Failed to load 'aqProf.dll' (GetLastError=126)
LogWindows: File 'aqProf.dll' does not exist
LogWindows: Failed to load 'VtuneApi.dll' (GetLastError=126)
LogWindows: File 'VtuneApi.dll' does not exist
LogWindows: Failed to load 'VtuneApi32e.dll' (GetLastError=126)
LogWindows: File 'VtuneApi32e.dll' does not exist
LogConsoleResponse: Display: Failed to find resolution value strings in scalability ini. Falling back to default.
LogConsoleResponse: Display: Failed to find resolution value strings in scalability ini. Falling back to default.
LogInit: Display: Running engine for game: Twonic
LogPlatformFile: Not using cached read wrapper
LogTaskGraph: Started task graph with 5 named threads and 23 total threads with 3 sets of task threads.
LogStats: Stats thread started at 0.587654
LogICUInternationalization: ICU TimeZone Detection - Raw Offset: +0:00, Platform Override: ''
LogInit: Display: Loading text-based GConfig....
LogPluginManager: Mounting plugin MeshPainting
LogPluginManager: Mounting plugin XGEController
LogPluginManager: Mounting plugin Paper2D
LogPluginManager: Mounting plugin AISupport
LogPluginManager: Mounting plugin EnvironmentQueryEditor
LogPluginManager: Mounting plugin LiveLink
LogPluginManager: Mounting plugin CameraShakePreviewer
LogPluginManager: Mounting plugin GameplayCameras
LogPluginManager: Mounting plugin AnimationSharing
LogPluginManager: Mounting plugin CLionSourceCodeAccess
LogPluginManager: Mounting plugin CodeLiteSourceCodeAccess
LogPluginManager: Mounting plugin GitSourceControl
LogPluginManager: Mounting plugin PerforceSourceControl
LogPluginManager: Mounting plugin KDevelopSourceCodeAccess
LogPluginManager: Mounting plugin PixWinPlugin
LogPluginManager: Mounting plugin NullSourceCodeAccess
LogPluginManager: Mounting plugin PlasticSourceControl
LogPluginManager: Mounting plugin PropertyAccessNode
LogPluginManager: Mounting plugin PluginUtils
LogPluginManager: Mounting plugin RiderSourceCodeAccess
LogPluginManager: Mounting plugin SubversionSourceControl
LogPluginManager: Mounting plugin TextureFormatOodle
LogPluginManager: Mounting plugin VisualStudioCodeSourceCodeAccess
LogPluginManager: Mounting plugin UObjectPlugin
LogPluginManager: Mounting plugin OodleData
LogPluginManager: Mounting plugin OodleNetwork
LogPluginManager: Mounting plugin AlembicImporter
LogPluginManager: Mounting plugin AutomationUtils
LogPluginManager: Mounting plugin ChaosCloth
LogPluginManager: Mounting plugin ChaosClothEditor
LogPluginManager: Mounting plugin ChaosEditor
LogPluginManager: Mounting plugin ChaosNiagara
LogPluginManager: Mounting plugin ChaosSolverPlugin
LogPluginManager: Mounting plugin CharacterAI
LogPluginManager: Mounting plugin GeometryCache
LogPluginManager: Mounting plugin GeometryCollectionPlugin
LogPluginManager: Mounting plugin GeometryProcessing
LogPluginManager: Mounting plugin MotoSynth
LogPluginManager: Mounting plugin OpenImageDenoise
LogPluginManager: Mounting plugin PlanarCut
LogPluginManager: Mounting plugin PlatformCrypto
LogPluginManager: Mounting plugin ProxyLODPlugin
LogPluginManager: Mounting plugin PythonScriptPlugin
LogPluginManager: Mounting plugin SkeletalReduction
LogPluginManager: Mounting plugin Niagara
LogPluginManager: Mounting plugin AndroidMedia
LogPluginManager: Mounting plugin AvfMedia
LogPluginManager: Mounting plugin ImgMedia
LogPluginManager: Mounting plugin MediaCompositing
LogPluginManager: Mounting plugin MediaPlayerEditor
LogPluginManager: Mounting plugin WebMMedia
LogPluginManager: Mounting plugin WmfMedia
LogPluginManager: Mounting plugin LuminPlatformFeatures
LogPluginManager: Mounting plugin MagicLeap
LogPluginManager: Mounting plugin MagicLeapLightEstimation
LogPluginManager: Mounting plugin MagicLeapMedia
LogPluginManager: Mounting plugin MagicLeapPassableWorld
LogPluginManager: Mounting plugin MLSDK
LogPluginManager: Mounting plugin ActorSequence
LogPluginManager: Mounting plugin LevelSequenceEditor
LogPluginManager: Mounting plugin MatineeToLevelSequence
LogPluginManager: Mounting plugin TemplateSequence
LogPluginManager: Mounting plugin CryptoKeys
LogPluginManager: Mounting plugin CurveEditorTools
LogPluginManager: Mounting plugin DataValidation
LogPluginManager: Mounting plugin FacialAnimation
LogPluginManager: Mounting plugin GameplayTagsEditor
LogPluginManager: Mounting plugin GeometryMode
LogPluginManager: Mounting plugin MacGraphicsSwitching
LogPluginManager: Mounting plugin MaterialAnalyzer
LogPluginManager: Mounting plugin MobileLauncherProfileWizard
LogPluginManager: Mounting plugin PluginBrowser
LogPluginManager: Mounting plugin SpeedTreeImporter
LogPluginManager: Mounting plugin LauncherChunkInstaller
LogPluginManager: Mounting plugin TcpMessaging
LogPluginManager: Mounting plugin UdpMessaging
LogPluginManager: Mounting plugin OnlineSubsystem
LogPluginManager: Mounting plugin OnlineSubsystemNull
LogPluginManager: Mounting plugin OnlineSubsystemUtils
LogPluginManager: Mounting plugin ActorLayerUtilities
LogPluginManager: Mounting plugin AndroidDeviceProfileSelector
LogPluginManager: Mounting plugin AndroidMoviePlayer
LogPluginManager: Mounting plugin AndroidPermission
LogPluginManager: Mounting plugin AppleImageUtils
LogPluginManager: Mounting plugin AppleMoviePlayer
LogPluginManager: Mounting plugin ArchVisCharacter
LogPluginManager: Mounting plugin AssetTags
LogPluginManager: Mounting plugin AudioCapture
LogPluginManager: Mounting plugin AudioSynesthesia
LogPluginManager: Mounting plugin CableComponent
LogPluginManager: Mounting plugin ChunkDownloader
LogPluginManager: Mounting plugin CustomMeshComponent
LogPluginManager: Mounting plugin EditableMesh
LogPluginManager: Mounting plugin ExampleDeviceProfileSelector
LogPluginManager: Mounting plugin GoogleCloudMessaging
LogPluginManager: Mounting plugin GooglePAD
LogPluginManager: Mounting plugin IOSDeviceProfileSelector
LogPluginManager: Mounting plugin LinuxDeviceProfileSelector
LogPluginManager: Mounting plugin LocationServicesBPLibrary
LogPluginManager: Mounting plugin DatasmithContent
LogPluginManager: Mounting plugin MobilePatchingUtils
LogPluginManager: Mounting plugin OpenXR
LogPluginManager: Mounting plugin OpenXREyeTracker
LogPluginManager: Mounting plugin OpenXRHandTracking
LogPluginManager: Mounting plugin VariantManagerContent
LogPluginManager: Mounting plugin PhysXVehicles
LogPluginManager: Mounting plugin PostSplashScreen
LogPluginManager: Mounting plugin ProceduralMeshComponent
LogPluginManager: Mounting plugin PropertyAccessEditor
LogPluginManager: Mounting plugin RuntimePhysXCooking
LogPluginManager: Mounting plugin SignificanceManager
LogPluginManager: Mounting plugin SoundFields
LogPluginManager: Mounting plugin ScreenshotTools
LogPluginManager: Mounting plugin Synthesis
LogPluginManager: Mounting plugin WebMMoviePlayer
LogPluginManager: Mounting plugin WindowsMoviePlayer
LogPluginManager: Mounting plugin BackChannel
LogPluginManager: Mounting plugin Takes
LogPluginManager: Mounting plugin LightPropagationVolume
LogPluginManager: Mounting plugin XCodeSourceCodeAccess
LogPluginManager: Mounting plugin VisualStudioSourceCodeAccess
LogPluginManager: Mounting plugin AssetManagerEditor
LogPluginManager: Mounting plugin ContentBrowserAssetDataSource
LogPluginManager: Mounting plugin ContentBrowserClassDataSource
LogPluginManager: Mounting plugin ContentBrowserFileDataSource
LogPluginManager: Mounting plugin OnlineSubsystemGooglePlay
LogPluginManager: Mounting plugin OnlineSubsystemIOS
LogPluginManager: Mounting plugin OculusVR
LogPluginManager: Mounting plugin SteamVR
PixWinPlugin: PIX capture plugin failed to initialize! Check that the process is launched from PIX.
LogInit: Using libcurl 7.55.1-DEV
LogInit:  - built for x86_64-pc-win32
LogInit:  - supports SSL with OpenSSL/1.1.1
LogInit:  - supports HTTP deflate (compression) using libz 1.2.8
LogInit:  - other features:
LogInit:      CURL_VERSION_SSL
LogInit:      CURL_VERSION_LIBZ
LogInit:      CURL_VERSION_IPV6
LogInit:      CURL_VERSION_ASYNCHDNS
LogInit:      CURL_VERSION_LARGEFILE
LogInit:      CURL_VERSION_IDN
LogInit:  CurlRequestOptions (configurable via config and command line):
LogInit:  - bVerifyPeer = true  - Libcurl will verify peer certificate
LogInit:  - bUseHttpProxy = false  - Libcurl will NOT use HTTP proxy
LogInit:  - bDontReuseConnections = false  - Libcurl will reuse connections
LogInit:  - MaxHostConnections = 16  - Libcurl will limit the number of connections to a host
LogInit:  - LocalHostAddr = Default
LogInit:  - BufferSize = 65536
LogOnline: OSS: Creating online subsystem instance for: NULL
LogInit: WinSock: version 1.1 (2.2), MaxSocks=32767, MaxUdp=65467
LogOnline: OSS: TryLoadSubsystemAndSetDefault: Loaded subsystem for module [NULL]
LogOculusPluginWrapper: OculusPlugin initialized successfully
LogHMD: Failed initializing OVRPlugin 1.59.0
LogInit: Build: ++UE4+Release-4.27-CL-18319896
LogInit: Engine Version: 4.27.2-18319896+++UE4+Release-4.27
LogInit: Compatible Engine Version: 4.27.0-17155196+++UE4+Release-4.27
LogInit: Net CL: 17155196
LogInit: OS: Windows 10 (Release 2009) (), CPU: Intel(R) Core(TM) i5-8300H CPU @ 2.30GHz, GPU: NVIDIA GeForce GTX 1060
LogInit: Compiled (64-bit): Nov 30 2021 07:12:08
LogInit: Compiled with Visual C++: 19.24.28315.00
LogInit: Build Configuration: Development
LogInit: Branch Name: ++UE4+Release-4.27
LogInit: Command Line:  /Game/Main_Menu_Tom/Main_Menu_Tom/Main_Menu/Main_Menu_Stuff/Main_Menu -game -PIEVIACONSOLE -Multiprocess GameUserSettingsINI=C:/Users/emmyt/OneDrive/Documents/GitHub/-Journeyman-Twonic---Alpha-Team/Twonic/Saved/Config/Windows/PIEGameUserSettings0.ini -MultiprocessSaveConfig -forcepassthrough -messaging -SessionName="Play in Standalone Game" -windowed -WinX=0 -WinY=24 SAVEWINPOS=1 -ResX=1910 -ResY=1006
LogInit: Base Directory: D:/Epic Games/UE_4.27/Engine/Binaries/Win64/
LogInit: Allocator: TBB
LogInit: Installed Engine Build: 1
LogDevObjectVersion: Number of dev versions registered: 29
LogDevObjectVersion:   Dev-Blueprints (B0D832E4-1F89-4F0D-ACCF-7EB736FD4AA2): 10
LogDevObjectVersion:   Dev-Build (E1C64328-A22C-4D53-A36C-8E866417BD8C): 0
LogDevObjectVersion:   Dev-Core (375EC13C-06E4-48FB-B500-84F0262A717E): 4
LogDevObjectVersion:   Dev-Editor (E4B068ED-F494-42E9-A231-DA0B2E46BB41): 40
LogDevObjectVersion:   Dev-Framework (CFFC743F-43B0-4480-9391-14DF171D2073): 37
LogDevObjectVersion:   Dev-Mobile (B02B49B5-BB20-44E9-A304-32B752E40360): 3
LogDevObjectVersion:   Dev-Networking (A4E4105C-59A1-49B5-A7C5-40C4547EDFEE): 0
LogDevObjectVersion:   Dev-Online (39C831C9-5AE6-47DC-9A44-9C173E1C8E7C): 0
LogDevObjectVersion:   Dev-Physics (78F01B33-EBEA-4F98-B9B4-84EACCB95AA2): 14
LogDevObjectVersion:   Dev-Platform (6631380F-2D4D-43E0-8009-CF276956A95A): 0
LogDevObjectVersion:   Dev-Rendering (12F88B9F-8875-4AFC-A67C-D90C383ABD29): 45
LogDevObjectVersion:   Dev-Sequencer (7B5AE74C-D270-4C10-A958-57980B212A5A): 13
LogDevObjectVersion:   Dev-VR (D7296918-1DD6-4BDD-9DE2-64A83CC13884): 3
LogDevObjectVersion:   Dev-LoadTimes (C2A15278-BFE7-4AFE-6C17-90FF531DF755): 1
LogDevObjectVersion:   Private-Geometry (6EACA3D4-40EC-4CC1-B786-8BED09428FC5): 3
LogDevObjectVersion:   Dev-AnimPhys (29E575DD-E0A3-4627-9D10-D276232CDCEA): 17
LogDevObjectVersion:   Dev-Anim (AF43A65D-7FD3-4947-9873-3E8ED9C1BB05): 15
LogDevObjectVersion:   Dev-ReflectionCapture (6B266CEC-1EC7-4B8F-A30B-E4D90942FC07): 1
LogDevObjectVersion:   Dev-Automation (0DF73D61-A23F-47EA-B727-89E90C41499A): 1
LogDevObjectVersion:   FortniteMain (601D1886-AC64-4F84-AA16-D3DE0DEAC7D6): 47
LogDevObjectVersion:   FortniteRelease (E7086368-6B23-4C58-8439-1B7016265E91): 1
LogDevObjectVersion:   Dev-Enterprise (9DFFBCD6-494F-0158-E221-12823C92A888): 10
LogDevObjectVersion:   Dev-Niagara (F2AED0AC-9AFE-416F-8664-AA7FFA26D6FC): 1
LogDevObjectVersion:   Dev-Destruction (174F1F0B-B4C6-45A5-B13F-2EE8D0FB917D): 10
LogDevObjectVersion:   Dev-Physics-Ext (35F94A83-E258-406C-A318-09F59610247C): 41
LogDevObjectVersion:   Dev-PhysicsMaterial-Chaos (B68FC16E-8B1B-42E2-B453-215C058844FE): 1
LogDevObjectVersion:   Dev-CineCamera (B2E18506-4273-CFC2-A54E-F4BB758BBA07): 1
LogDevObjectVersion:   Dev-VirtualProduction (64F58936-FD1B-42BA-BA96-7289D5D0FA4E): 1
LogDevObjectVersion:   Dev-MediaFramework (6F0ED827-A609-4895-9C91-998D90180EA4): 2
LogInit: Presizing for max 25165824 objects, including 0 objects not considered by GC, pre-allocating 0 bytes for permanent pool.
LogConfig: Applying CVar settings from Section [/Script/Engine.StreamingSettings] File [C:/Users/emmyt/OneDrive/Documents/GitHub/-Journeyman-Twonic---Alpha-Team/Twonic/Saved/Config/Windows/Engine.ini]
LogConfig: Setting CVar [[s.MinBulkDataSizeForAsyncLoading:131072]]
LogConfig: Setting CVar [[s.AsyncLoadingThreadEnabled:0]]
LogConfig: Setting CVar [[s.EventDrivenLoaderEnabled:1]]
LogConfig: Setting CVar [[s.WarnIfTimeLimitExceeded:0]]
LogConfig: Setting CVar [[s.TimeLimitExceededMultiplier:1.5]]
LogConfig: Setting CVar [[s.TimeLimitExceededMinTime:0.005]]
LogConfig: Setting CVar [[s.UseBackgroundLevelStreaming:1]]
LogConfig: Setting CVar [[s.PriorityAsyncLoadingExtraTime:15.0]]
LogConfig: Setting CVar [[s.LevelStreamingActorsUpdateTimeLimit:5.0]]
LogConfig: Setting CVar [[s.PriorityLevelStreamingActorsUpdateExtraTime:5.0]]
LogConfig: Setting CVar [[s.LevelStreamingComponentsRegistrationGranularity:10]]
LogConfig: Setting CVar [[s.UnregisterComponentsTimeLimit:1.0]]
LogConfig: Setting CVar [[s.LevelStreamingComponentsUnregistrationGranularity:5]]
LogConfig: Setting CVar [[s.FlushStreamingOnExit:1]]
LogInit: Object subsystem initialized
LogConfig: Setting CVar [[con.DebugEarlyDefault:1]]
LogConfig: Setting CVar [[r.setres:1280x720]]
[2023.03.17-17.53.18:499][  0]LogConfig: Setting CVar [[con.DebugEarlyDefault:1]]
[2023.03.17-17.53.18:499][  0]LogConfig: Setting CVar [[r.setres:1280x720]]
[2023.03.17-17.53.18:504][  0]LogConfig: Applying CVar settings from Section [/Script/Engine.RendererSettings] File [C:/Users/emmyt/OneDrive/Documents/GitHub/-Journeyman-Twonic---Alpha-Team/Twonic/Saved/Config/Windows/Engine.ini]
[2023.03.17-17.53.18:504][  0]LogConfig: Setting CVar [[r.GPUCrashDebugging:0]]
[2023.03.17-17.53.18:504][  0]LogConfig: Setting CVar [[r.ForwardShading:0]]
[2023.03.17-17.53.18:504][  0]LogConfig: Applying CVar settings from Section [/Script/Engine.RendererOverrideSettings] File [C:/Users/emmyt/OneDrive/Documents/GitHub/-Journeyman-Twonic---Alpha-Team/Twonic/Saved/Config/Windows/Engine.ini]
[2023.03.17-17.53.18:504][  0]LogConfig: Applying CVar settings from Section [/Script/Engine.StreamingSettings] File [C:/Users/emmyt/OneDrive/Documents/GitHub/-Journeyman-Twonic---Alpha-Team/Twonic/Saved/Config/Windows/Engine.ini]
[2023.03.17-17.53.18:504][  0]LogConfig: Setting CVar [[s.MinBulkDataSizeForAsyncLoading:131072]]
[2023.03.17-17.53.18:504][  0]LogConfig: Setting CVar [[s.AsyncLoadingThreadEnabled:0]]
[2023.03.17-17.53.18:504][  0]LogConfig: Setting CVar [[s.EventDrivenLoaderEnabled:1]]
[2023.03.17-17.53.18:504][  0]LogConfig: Setting CVar [[s.WarnIfTimeLimitExceeded:0]]
[2023.03.17-17.53.18:504][  0]LogConfig: Setting CVar [[s.TimeLimitExceededMultiplier:1.5]]
[2023.03.17-17.53.18:504][  0]LogConfig: Setting CVar [[s.TimeLimitExceededMinTime:0.005]]
[2023.03.17-17.53.18:504][  0]LogConfig: Setting CVar [[s.UseBackgroundLevelStreaming:1]]
[2023.03.17-17.53.18:504][  0]LogConfig: Setting CVar [[s.PriorityAsyncLoadingExtraTime:15.0]]
[2023.03.17-17.53.18:504][  0]LogConfig: Setting CVar [[s.LevelStreamingActorsUpdateTimeLimit:5.0]]
[2023.03.17-17.53.18:504][  0]LogConfig: Setting CVar [[s.PriorityLevelStreamingActorsUpdateExtraTime:5.0]]
[2023.03.17-17.53.18:504][  0]LogConfig: Setting CVar [[s.LevelStreamingComponentsRegistrationGranularity:10]]
[2023.03.17-17.53.18:504][  0]LogConfig: Setting CVar [[s.UnregisterComponentsTimeLimit:1.0]]
[2023.03.17-17.53.18:504][  0]LogConfig: Setting CVar [[s.LevelStreamingComponentsUnregistrationGranularity:5]]
[2023.03.17-17.53.18:504][  0]LogConfig: Setting CVar [[s.FlushStreamingOnExit:1]]
[2023.03.17-17.53.18:504][  0]LogConfig: Applying CVar settings from Section [/Script/Engine.GarbageCollectionSettings] File [C:/Users/emmyt/OneDrive/Documents/GitHub/-Journeyman-Twonic---Alpha-Team/Twonic/Saved/Config/Windows/Engine.ini]
[2023.03.17-17.53.18:504][  0]LogConfig: Setting CVar [[gc.MaxObjectsNotConsideredByGC:1]]
[2023.03.17-17.53.18:504][  0]LogConfig: Setting CVar [[gc.SizeOfPermanentObjectPool:0]]
[2023.03.17-17.53.18:504][  0]LogConfig: Setting CVar [[gc.FlushStreamingOnGC:0]]
[2023.03.17-17.53.18:504][  0]LogConfig: Setting CVar [[gc.NumRetriesBeforeForcingGC:10]]
[2023.03.17-17.53.18:504][  0]LogConfig: Setting CVar [[gc.AllowParallelGC:1]]
[2023.03.17-17.53.18:504][  0]LogConfig: Setting CVar [[gc.TimeBetweenPurgingPendingKillObjects:61.1]]
[2023.03.17-17.53.18:504][  0]LogConfig: Setting CVar [[gc.MaxObjectsInEditor:25165824]]
[2023.03.17-17.53.18:504][  0]LogConfig: Setting CVar [[gc.IncrementalBeginDestroyEnabled:1]]
[2023.03.17-17.53.18:504][  0]LogConfig: Setting CVar [[gc.CreateGCClusters:1]]
[2023.03.17-17.53.18:504][  0]LogConfig: Setting CVar [[gc.MinGCClusterSize:5]]
[2023.03.17-17.53.18:504][  0]LogConfig: Setting CVar [[gc.ActorClusteringEnabled:0]]
[2023.03.17-17.53.18:504][  0]LogConfig: Setting CVar [[gc.BlueprintClusteringEnabled:0]]
[2023.03.17-17.53.18:505][  0]LogConfig: Setting CVar [[gc.UseDisregardForGCOnDedicatedServers:0]]
[2023.03.17-17.53.18:505][  0]LogConfig: Setting CVar [[gc.MultithreadedDestructionEnabled:1]]
[2023.03.17-17.53.18:505][  0]LogConfig: Applying CVar settings from Section [/Script/Engine.NetworkSettings] File [C:/Users/emmyt/OneDrive/Documents/GitHub/-Journeyman-Twonic---Alpha-Team/Twonic/Saved/Config/Windows/Engine.ini]
[2023.03.17-17.53.18:505][  0]LogConfig: Applying CVar settings from Section [/Script/UnrealEd.CookerSettings] File [C:/Users/emmyt/OneDrive/Documents/GitHub/-Journeyman-Twonic---Alpha-Team/Twonic/Saved/Config/Windows/Engine.ini]
[2023.03.17-17.53.18:545][  0]LogConfig: Applying CVar settings from Section [ViewDistanceQuality@3] File [C:/Users/emmyt/OneDrive/Documents/GitHub/-Journeyman-Twonic---Alpha-Team/Twonic/Saved/Config/Windows/Scalability.ini]
[2023.03.17-17.53.18:545][  0]LogConfig: Setting CVar [[r.SkeletalMeshLODBias:0]]
[2023.03.17-17.53.18:545][  0]LogConfig: Setting CVar [[r.ViewDistanceScale:1.0]]
[2023.03.17-17.53.18:545][  0]LogConfig: Applying CVar settings from Section [AntiAliasingQuality@3] File [C:/Users/emmyt/OneDrive/Documents/GitHub/-Journeyman-Twonic---Alpha-Team/Twonic/Saved/Config/Windows/Scalability.ini]
[2023.03.17-17.53.18:545][  0]LogConfig: Setting CVar [[r.PostProcessAAQuality:4]]
[2023.03.17-17.53.18:545][  0]LogConfig: Applying CVar settings from Section [ShadowQuality@3] File [C:/Users/emmyt/OneDrive/Documents/GitHub/-Journeyman-Twonic---Alpha-Team/Twonic/Saved/Config/Windows/Scalability.ini]
[2023.03.17-17.53.18:545][  0]LogConfig: Setting CVar [[r.LightFunctionQuality:1]]
[2023.03.17-17.53.18:545][  0]LogConfig: Setting CVar [[r.ShadowQuality:5]]
[2023.03.17-17.53.18:545][  0]LogConfig: Setting CVar [[r.Shadow.CSM.MaxCascades:10]]
[2023.03.17-17.53.18:545][  0]LogConfig: Setting CVar [[r.Shadow.MaxResolution:2048]]
[2023.03.17-17.53.18:545][  0]LogConfig: Setting CVar [[r.Shadow.MaxCSMResolution:2048]]
[2023.03.17-17.53.18:545][  0]LogConfig: Setting CVar [[r.Shadow.RadiusThreshold:0.01]]
[2023.03.17-17.53.18:545][  0]LogConfig: Setting CVar [[r.Shadow.DistanceScale:1.0]]
[2023.03.17-17.53.18:545][  0]LogConfig: Setting CVar [[r.Shadow.CSM.TransitionScale:1.0]]
[2023.03.17-17.53.18:545][  0]LogConfig: Setting CVar [[r.Shadow.PreShadowResolutionFactor:1.0]]
[2023.03.17-17.53.18:545][  0]LogConfig: Setting CVar [[r.DistanceFieldShadowing:1]]
[2023.03.17-17.53.18:545][  0]LogConfig: Setting CVar [[r.DistanceFieldAO:1]]
[2023.03.17-17.53.18:545][  0]LogConfig: Setting CVar [[r.AOQuality:2]]
[2023.03.17-17.53.18:545][  0]LogConfig: Setting CVar [[r.VolumetricFog:1]]
[2023.03.17-17.53.18:545][  0]LogConfig: Setting CVar [[r.VolumetricFog.GridPixelSize:8]]
[2023.03.17-17.53.18:545][  0]LogConfig: Setting CVar [[r.VolumetricFog.GridSizeZ:128]]
[2023.03.17-17.53.18:545][  0]LogConfig: Setting CVar [[r.VolumetricFog.HistoryMissSupersampleCount:4]]
[2023.03.17-17.53.18:545][  0]LogConfig: Setting CVar [[r.LightMaxDrawDistanceScale:1]]
[2023.03.17-17.53.18:545][  0]LogConfig: Setting CVar [[r.CapsuleShadows:1]]
[2023.03.17-17.53.18:545][  0]LogConfig: Applying CVar settings from Section [PostProcessQuality@3] File [C:/Users/emmyt/OneDrive/Documents/GitHub/-Journeyman-Twonic---Alpha-Team/Twonic/Saved/Config/Windows/Scalability.ini]
[2023.03.17-17.53.18:545][  0]LogConfig: Setting CVar [[r.MotionBlurQuality:4]]
[2023.03.17-17.53.18:545][  0]LogConfig: Setting CVar [[r.AmbientOcclusionMipLevelFactor:0.4]]
[2023.03.17-17.53.18:545][  0]LogConfig: Setting CVar [[r.AmbientOcclusionMaxQuality:100]]
[2023.03.17-17.53.18:545][  0]LogConfig: Setting CVar [[r.AmbientOcclusionLevels:-1]]
[2023.03.17-17.53.18:545][  0]LogConfig: Setting CVar [[r.AmbientOcclusionRadiusScale:1.0]]
[2023.03.17-17.53.18:545][  0]LogConfig: Setting CVar [[r.DepthOfFieldQuality:2]]
[2023.03.17-17.53.18:545][  0]LogConfig: Setting CVar [[r.RenderTargetPoolMin:400]]
[2023.03.17-17.53.18:545][  0]LogConfig: Setting CVar [[r.LensFlareQuality:2]]
[2023.03.17-17.53.18:545][  0]LogConfig: Setting CVar [[r.SceneColorFringeQuality:1]]
[2023.03.17-17.53.18:545][  0]LogConfig: Setting CVar [[r.EyeAdaptationQuality:2]]
[2023.03.17-17.53.18:545][  0]LogConfig: Setting CVar [[r.BloomQuality:5]]
[2023.03.17-17.53.18:545][  0]LogConfig: Setting CVar [[r.FastBlurThreshold:100]]
[2023.03.17-17.53.18:545][  0]LogConfig: Setting CVar [[r.Upscale.Quality:3]]
[2023.03.17-17.53.18:545][  0]LogConfig: Setting CVar [[r.Tonemapper.GrainQuantization:1]]
[2023.03.17-17.53.18:545][  0]LogConfig: Setting CVar [[r.LightShaftQuality:1]]
[2023.03.17-17.53.18:545][  0]LogConfig: Setting CVar [[r.Filter.SizeScale:1]]
[2023.03.17-17.53.18:545][  0]LogConfig: Setting CVar [[r.Tonemapper.Quality:5]]
[2023.03.17-17.53.18:545][  0]LogConfig: Setting CVar [[r.DOF.Gather.AccumulatorQuality:1        ; higher gathering accumulator quality]]
[2023.03.17-17.53.18:545][  0]LogConfig: Setting CVar [[r.DOF.Gather.PostfilterMethod:1          ; Median3x3 postfilering method]]
[2023.03.17-17.53.18:545][  0]LogConfig: Setting CVar [[r.DOF.Gather.EnableBokehSettings:0       ; no bokeh simulation when gathering]]
[2023.03.17-17.53.18:545][  0]LogConfig: Setting CVar [[r.DOF.Gather.RingCount:4                 ; medium number of samples when gathering]]
[2023.03.17-17.53.18:545][  0]LogConfig: Setting CVar [[r.DOF.Scatter.ForegroundCompositing:1    ; additive foreground scattering]]
[2023.03.17-17.53.18:545][  0]LogConfig: Setting CVar [[r.DOF.Scatter.BackgroundCompositing:2    ; additive background scattering]]
[2023.03.17-17.53.18:545][  0]LogConfig: Setting CVar [[r.DOF.Scatter.EnableBokehSettings:1      ; bokeh simulation when scattering]]
[2023.03.17-17.53.18:545][  0]LogConfig: Setting CVar [[r.DOF.Scatter.MaxSpriteRatio:0.1         ; only a maximum of 10% of scattered bokeh]]
[2023.03.17-17.53.18:545][  0]LogConfig: Setting CVar [[r.DOF.Recombine.Quality:1                ; cheap slight out of focus]]
[2023.03.17-17.53.18:545][  0]LogConfig: Setting CVar [[r.DOF.Recombine.EnableBokehSettings:0    ; no bokeh simulation on slight out of focus]]
[2023.03.17-17.53.18:545][  0]LogConfig: Setting CVar [[r.DOF.TemporalAAQuality:1                ; more stable temporal accumulation]]
[2023.03.17-17.53.18:545][  0]LogConfig: Setting CVar [[r.DOF.Kernel.MaxForegroundRadius:0.025]]
[2023.03.17-17.53.18:545][  0]LogConfig: Setting CVar [[r.DOF.Kernel.MaxBackgroundRadius:0.025]]
[2023.03.17-17.53.18:545][  0]LogConfig: Applying CVar settings from Section [TextureQuality@3] File [C:/Users/emmyt/OneDrive/Documents/GitHub/-Journeyman-Twonic---Alpha-Team/Twonic/Saved/Config/Windows/Scalability.ini]
[2023.03.17-17.53.18:546][  0]LogConfig: Setting CVar [[r.Streaming.MipBias:0]]
[2023.03.17-17.53.18:546][  0]LogConfig: Setting CVar [[r.Streaming.AmortizeCPUToGPUCopy:0]]
[2023.03.17-17.53.18:546][  0]LogConfig: Setting CVar [[r.Streaming.MaxNumTexturesToStreamPerFrame:0]]
[2023.03.17-17.53.18:546][  0]LogConfig: Setting CVar [[r.Streaming.Boost:1]]
[2023.03.17-17.53.18:546][  0]LogConfig: Setting CVar [[r.MaxAnisotropy:8]]
[2023.03.17-17.53.18:546][  0]LogConfig: Setting CVar [[r.VT.MaxAnisotropy:8]]
[2023.03.17-17.53.18:546][  0]LogConfig: Setting CVar [[r.Streaming.LimitPoolSizeToVRAM:0]]
[2023.03.17-17.53.18:546][  0]LogConfig: Setting CVar [[r.Streaming.PoolSize:1000]]
[2023.03.17-17.53.18:546][  0]LogConfig: Setting CVar [[r.Streaming.MaxEffectiveScreenSize:0]]
[2023.03.17-17.53.18:546][  0]LogConfig: Applying CVar settings from Section [EffectsQuality@3] File [C:/Users/emmyt/OneDrive/Documents/GitHub/-Journeyman-Twonic---Alpha-Team/Twonic/Saved/Config/Windows/Scalability.ini]
[2023.03.17-17.53.18:546][  0]LogConfig: Setting CVar [[r.TranslucencyLightingVolumeDim:64]]
[2023.03.17-17.53.18:546][  0]LogConfig: Setting CVar [[r.RefractionQuality:2]]
[2023.03.17-17.53.18:546][  0]LogConfig: Setting CVar [[r.SSR.Quality:3]]
[2023.03.17-17.53.18:546][  0]LogConfig: Setting CVar [[r.SSR.HalfResSceneColor:0]]
[2023.03.17-17.53.18:546][  0]LogConfig: Setting CVar [[r.SceneColorFormat:4]]
[2023.03.17-17.53.18:546][  0]LogConfig: Setting CVar [[r.DetailMode:2]]
[2023.03.17-17.53.18:546][  0]LogConfig: Setting CVar [[r.TranslucencyVolumeBlur:1]]
[2023.03.17-17.53.18:546][  0]LogConfig: Setting CVar [[r.MaterialQualityLevel:1 ; High quality]]
[2023.03.17-17.53.18:546][  0]LogConfig: Setting CVar [[r.AnisotropicMaterials:1]]
[2023.03.17-17.53.18:546][  0]LogConfig: Setting CVar [[r.SSS.Scale:1]]
[2023.03.17-17.53.18:546][  0]LogConfig: Setting CVar [[r.SSS.SampleSet:2]]
[2023.03.17-17.53.18:546][  0]LogConfig: Setting CVar [[r.SSS.Quality:1]]
[2023.03.17-17.53.18:546][  0]LogConfig: Setting CVar [[r.SSS.HalfRes:0]]
[2023.03.17-17.53.18:546][  0]LogConfig: Setting CVar [[r.SSGI.Quality:3]]
[2023.03.17-17.53.18:546][  0]LogConfig: Setting CVar [[r.EmitterSpawnRateScale:1.0]]
[2023.03.17-17.53.18:546][  0]LogConfig: Setting CVar [[r.ParticleLightQuality:2]]
[2023.03.17-17.53.18:546][  0]LogConfig: Setting CVar [[r.SkyAtmosphere.AerialPerspectiveLUT.FastApplyOnOpaque:1 ; Always have FastSkyLUT 1 in this case to avoid wrong sky]]
[2023.03.17-17.53.18:546][  0]LogConfig: Setting CVar [[r.SkyAtmosphere.AerialPerspectiveLUT.SampleCountMaxPerSlice:4]]
[2023.03.17-17.53.18:546][  0]LogConfig: Setting CVar [[r.SkyAtmosphere.AerialPerspectiveLUT.DepthResolution:16.0]]
[2023.03.17-17.53.18:546][  0]LogConfig: Setting CVar [[r.SkyAtmosphere.FastSkyLUT:1]]
[2023.03.17-17.53.18:546][  0]LogConfig: Setting CVar [[r.SkyAtmosphere.FastSkyLUT.SampleCountMin:4.0]]
[2023.03.17-17.53.18:546][  0]LogConfig: Setting CVar [[r.SkyAtmosphere.FastSkyLUT.SampleCountMax:128.0]]
[2023.03.17-17.53.18:546][  0]LogConfig: Setting CVar [[r.SkyAtmosphere.SampleCountMin:4.0]]
[2023.03.17-17.53.18:546][  0]LogConfig: Setting CVar [[r.SkyAtmosphere.SampleCountMax:128.0]]
[2023.03.17-17.53.18:546][  0]LogConfig: Setting CVar [[r.SkyAtmosphere.TransmittanceLUT.UseSmallFormat:0]]
[2023.03.17-17.53.18:546][  0]LogConfig: Setting CVar [[r.SkyAtmosphere.TransmittanceLUT.SampleCount:10.0]]
[2023.03.17-17.53.18:546][  0]LogConfig: Setting CVar [[r.SkyAtmosphere.MultiScatteringLUT.SampleCount:15.0]]
[2023.03.17-17.53.18:546][  0]LogConfig: Setting CVar [[r.SkyLight.RealTimeReflectionCapture:1]]
[2023.03.17-17.53.18:546][  0]LogConfig: Applying CVar settings from Section [FoliageQuality@3] File [C:/Users/emmyt/OneDrive/Documents/GitHub/-Journeyman-Twonic---Alpha-Team/Twonic/Saved/Config/Windows/Scalability.ini]
[2023.03.17-17.53.18:546][  0]LogConfig: Setting CVar [[foliage.DensityScale:1.0]]
[2023.03.17-17.53.18:546][  0]LogConfig: Setting CVar [[grass.DensityScale:1.0]]
[2023.03.17-17.53.18:546][  0]LogConfig: Applying CVar settings from Section [ShadingQuality@3] File [C:/Users/emmyt/OneDrive/Documents/GitHub/-Journeyman-Twonic---Alpha-Team/Twonic/Saved/Config/Windows/Scalability.ini]
[2023.03.17-17.53.18:546][  0]LogConfig: Setting CVar [[r.HairStrands.SkyLighting.IntegrationType:2]]
[2023.03.17-17.53.18:546][  0]LogConfig: Setting CVar [[r.HairStrands.SkyAO.SampleCount:4]]
[2023.03.17-17.53.18:546][  0]LogConfig: Setting CVar [[r.HairStrands.Visibility.MSAA.SamplePerPixel:4]]
[2023.03.17-17.53.18:565][  0]LogInit: Selected Device Profile: [Windows]
[2023.03.17-17.53.18:565][  0]LogInit: Applying CVar settings loaded from the selected device profile: [Windows]
[2023.03.17-17.53.18:579][  0]LogHAL: Display: Platform has ~ 8 GB [8464343040 / 8589934592 / 8], which maps to Default [LargestMinGB=32, LargerMinGB=12, DefaultMinGB=8, SmallerMinGB=6, SmallestMinGB=0)
[2023.03.17-17.53.18:579][  0]LogInit: Going up to parent DeviceProfile []
[2023.03.17-17.53.18:579][  0]LogConfig: Applying CVar settings from Section [ViewDistanceQuality@0] File [C:/Users/emmyt/OneDrive/Documents/GitHub/-Journeyman-Twonic---Alpha-Team/Twonic/Saved/Config/Windows/Scalability.ini]
[2023.03.17-17.53.18:579][  0]LogConfig: Setting CVar [[r.SkeletalMeshLODBias:2]]
[2023.03.17-17.53.18:579][  0]LogConfig: Setting CVar [[r.ViewDistanceScale:0.4]]
[2023.03.17-17.53.18:579][  0]LogConfig: Applying CVar settings from Section [AntiAliasingQuality@3] File [C:/Users/emmyt/OneDrive/Documents/GitHub/-Journeyman-Twonic---Alpha-Team/Twonic/Saved/Config/Windows/Scalability.ini]
[2023.03.17-17.53.18:579][  0]LogConfig: Setting CVar [[r.PostProcessAAQuality:4]]
[2023.03.17-17.53.18:579][  0]LogConfig: Applying CVar settings from Section [ShadowQuality@3] File [C:/Users/emmyt/OneDrive/Documents/GitHub/-Journeyman-Twonic---Alpha-Team/Twonic/Saved/Config/Windows/Scalability.ini]
[2023.03.17-17.53.18:579][  0]LogConfig: Setting CVar [[r.LightFunctionQuality:1]]
[2023.03.17-17.53.18:579][  0]LogConfig: Setting CVar [[r.ShadowQuality:5]]
[2023.03.17-17.53.18:579][  0]LogConfig: Setting CVar [[r.Shadow.CSM.MaxCascades:10]]
[2023.03.17-17.53.18:579][  0]LogConfig: Setting CVar [[r.Shadow.MaxResolution:2048]]
[2023.03.17-17.53.18:579][  0]LogConfig: Setting CVar [[r.Shadow.MaxCSMResolution:2048]]
[2023.03.17-17.53.18:579][  0]LogConfig: Setting CVar [[r.Shadow.RadiusThreshold:0.01]]
[2023.03.17-17.53.18:579][  0]LogConfig: Setting CVar [[r.Shadow.DistanceScale:1.0]]
[2023.03.17-17.53.18:579][  0]LogConfig: Setting CVar [[r.Shadow.CSM.TransitionScale:1.0]]
[2023.03.17-17.53.18:579][  0]LogConfig: Setting CVar [[r.Shadow.PreShadowResolutionFactor:1.0]]
[2023.03.17-17.53.18:579][  0]LogConfig: Setting CVar [[r.DistanceFieldShadowing:1]]
[2023.03.17-17.53.18:579][  0]LogConfig: Setting CVar [[r.DistanceFieldAO:1]]
[2023.03.17-17.53.18:579][  0]LogConfig: Setting CVar [[r.AOQuality:2]]
[2023.03.17-17.53.18:579][  0]LogConfig: Setting CVar [[r.VolumetricFog:1]]
[2023.03.17-17.53.18:579][  0]LogConfig: Setting CVar [[r.VolumetricFog.GridPixelSize:8]]
[2023.03.17-17.53.18:579][  0]LogConfig: Setting CVar [[r.VolumetricFog.GridSizeZ:128]]
[2023.03.17-17.53.18:579][  0]LogConfig: Setting CVar [[r.VolumetricFog.HistoryMissSupersampleCount:4]]
[2023.03.17-17.53.18:579][  0]LogConfig: Setting CVar [[r.LightMaxDrawDistanceScale:1]]
[2023.03.17-17.53.18:580][  0]LogConfig: Setting CVar [[r.CapsuleShadows:1]]
[2023.03.17-17.53.18:580][  0]LogConfig: Applying CVar settings from Section [PostProcessQuality@3] File [C:/Users/emmyt/OneDrive/Documents/GitHub/-Journeyman-Twonic---Alpha-Team/Twonic/Saved/Config/Windows/Scalability.ini]
[2023.03.17-17.53.18:580][  0]LogConfig: Setting CVar [[r.MotionBlurQuality:4]]
[2023.03.17-17.53.18:580][  0]LogConfig: Setting CVar [[r.AmbientOcclusionMipLevelFactor:0.4]]
[2023.03.17-17.53.18:580][  0]LogConfig: Setting CVar [[r.AmbientOcclusionMaxQuality:100]]
[2023.03.17-17.53.18:580][  0]LogConfig: Setting CVar [[r.AmbientOcclusionLevels:-1]]
[2023.03.17-17.53.18:580][  0]LogConfig: Setting CVar [[r.AmbientOcclusionRadiusScale:1.0]]
[2023.03.17-17.53.18:580][  0]LogConfig: Setting CVar [[r.DepthOfFieldQuality:2]]
[2023.03.17-17.53.18:580][  0]LogConfig: Setting CVar [[r.RenderTargetPoolMin:400]]
[2023.03.17-17.53.18:580][  0]LogConfig: Setting CVar [[r.LensFlareQuality:2]]
[2023.03.17-17.53.18:580][  0]LogConfig: Setting CVar [[r.SceneColorFringeQuality:1]]
[2023.03.17-17.53.18:580][  0]LogConfig: Setting CVar [[r.EyeAdaptationQuality:2]]
[2023.03.17-17.53.18:580][  0]LogConfig: Setting CVar [[r.BloomQuality:5]]
[2023.03.17-17.53.18:580][  0]LogConfig: Setting CVar [[r.FastBlurThreshold:100]]
[2023.03.17-17.53.18:580][  0]LogConfig: Setting CVar [[r.Upscale.Quality:3]]
[2023.03.17-17.53.18:580][  0]LogConfig: Setting CVar [[r.Tonemapper.GrainQuantization:1]]
[2023.03.17-17.53.18:580][  0]LogConfig: Setting CVar [[r.LightShaftQuality:1]]
[2023.03.17-17.53.18:580][  0]LogConfig: Setting CVar [[r.Filter.SizeScale:1]]
[2023.03.17-17.53.18:580][  0]LogConfig: Setting CVar [[r.Tonemapper.Quality:5]]
[2023.03.17-17.53.18:580][  0]LogConfig: Setting CVar [[r.DOF.Gather.AccumulatorQuality:1        ; higher gathering accumulator quality]]
[2023.03.17-17.53.18:580][  0]LogConfig: Setting CVar [[r.DOF.Gather.PostfilterMethod:1          ; Median3x3 postfilering method]]
[2023.03.17-17.53.18:580][  0]LogConfig: Setting CVar [[r.DOF.Gather.EnableBokehSettings:0       ; no bokeh simulation when gathering]]
[2023.03.17-17.53.18:580][  0]LogConfig: Setting CVar [[r.DOF.Gather.RingCount:4                 ; medium number of samples when gathering]]
[2023.03.17-17.53.18:580][  0]LogConfig: Setting CVar [[r.DOF.Scatter.ForegroundCompositing:1    ; additive foreground scattering]]
[2023.03.17-17.53.18:580][  0]LogConfig: Setting CVar [[r.DOF.Scatter.BackgroundCompositing:2    ; additive background scattering]]
[2023.03.17-17.53.18:580][  0]LogConfig: Setting CVar [[r.DOF.Scatter.EnableBokehSettings:1      ; bokeh simulation when scattering]]
[2023.03.17-17.53.18:580][  0]LogConfig: Setting CVar [[r.DOF.Scatter.MaxSpriteRatio:0.1         ; only a maximum of 10% of scattered bokeh]]
[2023.03.17-17.53.18:580][  0]LogConfig: Setting CVar [[r.DOF.Recombine.Quality:1                ; cheap slight out of focus]]
[2023.03.17-17.53.18:580][  0]LogConfig: Setting CVar [[r.DOF.Recombine.EnableBokehSettings:0    ; no bokeh simulation on slight out of focus]]
[2023.03.17-17.53.18:580][  0]LogConfig: Setting CVar [[r.DOF.TemporalAAQuality:1                ; more stable temporal accumulation]]
[2023.03.17-17.53.18:580][  0]LogConfig: Setting CVar [[r.DOF.Kernel.MaxForegroundRadius:0.025]]
[2023.03.17-17.53.18:580][  0]LogConfig: Setting CVar [[r.DOF.Kernel.MaxBackgroundRadius:0.025]]
[2023.03.17-17.53.18:580][  0]LogConfig: Applying CVar settings from Section [TextureQuality@3] File [C:/Users/emmyt/OneDrive/Documents/GitHub/-Journeyman-Twonic---Alpha-Team/Twonic/Saved/Config/Windows/Scalability.ini]
[2023.03.17-17.53.18:580][  0]LogConfig: Setting CVar [[r.Streaming.MipBias:0]]
[2023.03.17-17.53.18:580][  0]LogConfig: Setting CVar [[r.Streaming.AmortizeCPUToGPUCopy:0]]
[2023.03.17-17.53.18:580][  0]LogConfig: Setting CVar [[r.Streaming.MaxNumTexturesToStreamPerFrame:0]]
[2023.03.17-17.53.18:580][  0]LogConfig: Setting CVar [[r.Streaming.Boost:1]]
[2023.03.17-17.53.18:580][  0]LogConfig: Setting CVar [[r.MaxAnisotropy:8]]
[2023.03.17-17.53.18:580][  0]LogConfig: Setting CVar [[r.VT.MaxAnisotropy:8]]
[2023.03.17-17.53.18:580][  0]LogConfig: Setting CVar [[r.Streaming.LimitPoolSizeToVRAM:0]]
[2023.03.17-17.53.18:580][  0]LogConfig: Setting CVar [[r.Streaming.PoolSize:1000]]
[2023.03.17-17.53.18:580][  0]LogConfig: Setting CVar [[r.Streaming.MaxEffectiveScreenSize:0]]
[2023.03.17-17.53.18:580][  0]LogConfig: Applying CVar settings from Section [EffectsQuality@3] File [C:/Users/emmyt/OneDrive/Documents/GitHub/-Journeyman-Twonic---Alpha-Team/Twonic/Saved/Config/Windows/Scalability.ini]
[2023.03.17-17.53.18:580][  0]LogConfig: Setting CVar [[r.TranslucencyLightingVolumeDim:64]]
[2023.03.17-17.53.18:580][  0]LogConfig: Setting CVar [[r.RefractionQuality:2]]
[2023.03.17-17.53.18:580][  0]LogConfig: Setting CVar [[r.SSR.Quality:3]]
[2023.03.17-17.53.18:580][  0]LogConfig: Setting CVar [[r.SSR.HalfResSceneColor:0]]
[2023.03.17-17.53.18:580][  0]LogConfig: Setting CVar [[r.SceneColorFormat:4]]
[2023.03.17-17.53.18:580][  0]LogConfig: Setting CVar [[r.DetailMode:2]]
[2023.03.17-17.53.18:580][  0]LogConfig: Setting CVar [[r.TranslucencyVolumeBlur:1]]
[2023.03.17-17.53.18:580][  0]LogConfig: Setting CVar [[r.MaterialQualityLevel:1 ; High quality]]
[2023.03.17-17.53.18:580][  0]LogConfig: Setting CVar [[r.AnisotropicMaterials:1]]
[2023.03.17-17.53.18:580][  0]LogConfig: Setting CVar [[r.SSS.Scale:1]]
[2023.03.17-17.53.18:580][  0]LogConfig: Setting CVar [[r.SSS.SampleSet:2]]
[2023.03.17-17.53.18:580][  0]LogConfig: Setting CVar [[r.SSS.Quality:1]]
[2023.03.17-17.53.18:580][  0]LogConfig: Setting CVar [[r.SSS.HalfRes:0]]
[2023.03.17-17.53.18:580][  0]LogConfig: Setting CVar [[r.SSGI.Quality:3]]
[2023.03.17-17.53.18:580][  0]LogConfig: Setting CVar [[r.EmitterSpawnRateScale:1.0]]
[2023.03.17-17.53.18:580][  0]LogConfig: Setting CVar [[r.ParticleLightQuality:2]]
[2023.03.17-17.53.18:580][  0]LogConfig: Setting CVar [[r.SkyAtmosphere.AerialPerspectiveLUT.FastApplyOnOpaque:1 ; Always have FastSkyLUT 1 in this case to avoid wrong sky]]
[2023.03.17-17.53.18:580][  0]LogConfig: Setting CVar [[r.SkyAtmosphere.AerialPerspectiveLUT.SampleCountMaxPerSlice:4]]
[2023.03.17-17.53.18:580][  0]LogConfig: Setting CVar [[r.SkyAtmosphere.AerialPerspectiveLUT.DepthResolution:16.0]]
[2023.03.17-17.53.18:580][  0]LogConfig: Setting CVar [[r.SkyAtmosphere.FastSkyLUT:1]]
[2023.03.17-17.53.18:580][  0]LogConfig: Setting CVar [[r.SkyAtmosphere.FastSkyLUT.SampleCountMin:4.0]]
[2023.03.17-17.53.18:580][  0]LogConfig: Setting CVar [[r.SkyAtmosphere.FastSkyLUT.SampleCountMax:128.0]]
[2023.03.17-17.53.18:580][  0]LogConfig: Setting CVar [[r.SkyAtmosphere.SampleCountMin:4.0]]
[2023.03.17-17.53.18:580][  0]LogConfig: Setting CVar [[r.SkyAtmosphere.SampleCountMax:128.0]]
[2023.03.17-17.53.18:580][  0]LogConfig: Setting CVar [[r.SkyAtmosphere.TransmittanceLUT.UseSmallFormat:0]]
[2023.03.17-17.53.18:580][  0]LogConfig: Setting CVar [[r.SkyAtmosphere.TransmittanceLUT.SampleCount:10.0]]
[2023.03.17-17.53.18:580][  0]LogConfig: Setting CVar [[r.SkyAtmosphere.MultiScatteringLUT.SampleCount:15.0]]
[2023.03.17-17.53.18:581][  0]LogConfig: Setting CVar [[r.SkyLight.RealTimeReflectionCapture:1]]
[2023.03.17-17.53.18:581][  0]LogConfig: Applying CVar settings from Section [FoliageQuality@0] File [C:/Users/emmyt/OneDrive/Documents/GitHub/-Journeyman-Twonic---Alpha-Team/Twonic/Saved/Config/Windows/Scalability.ini]
[2023.03.17-17.53.18:581][  0]LogConfig: Setting CVar [[foliage.DensityScale:0]]
[2023.03.17-17.53.18:581][  0]LogConfig: Setting CVar [[grass.DensityScale:0]]
[2023.03.17-17.53.18:581][  0]LogConfig: Applying CVar settings from Section [ShadingQuality@3] File [C:/Users/emmyt/OneDrive/Documents/GitHub/-Journeyman-Twonic---Alpha-Team/Twonic/Saved/Config/Windows/Scalability.ini]
[2023.03.17-17.53.18:581][  0]LogConfig: Setting CVar [[r.HairStrands.SkyLighting.IntegrationType:2]]
[2023.03.17-17.53.18:581][  0]LogConfig: Setting CVar [[r.HairStrands.SkyAO.SampleCount:4]]
[2023.03.17-17.53.18:581][  0]LogConfig: Setting CVar [[r.HairStrands.Visibility.MSAA.SamplePerPixel:4]]
[2023.03.17-17.53.18:581][  0]LogConfig: Applying CVar settings from Section [Startup] File [../../../Engine/Config/ConsoleVariables.ini]
[2023.03.17-17.53.18:593][  0]LogConfig: Setting CVar [[net.UseAdaptiveNetUpdateFrequency:0]]
[2023.03.17-17.53.18:593][  0]LogConfig: Setting CVar [[p.chaos.AllowCreatePhysxBodies:1]]
[2023.03.17-17.53.18:593][  0]LogConfig: Setting CVar [[fx.SkipVectorVMBackendOptimizations:1]]
[2023.03.17-17.53.18:593][  0]LogConfig: Applying CVar settings from Section [ConsoleVariables] File [C:/Users/emmyt/OneDrive/Documents/GitHub/-Journeyman-Twonic---Alpha-Team/Twonic/Saved/Config/Windows/Engine.ini]
[2023.03.17-17.53.18:593][  0]LogConfig: Applying CVar settings from Section [ConsoleVariables] File [C:/Users/emmyt/OneDrive/Documents/GitHub/-Journeyman-Twonic---Alpha-Team/Twonic/Saved/Config/Windows/Editor.ini]
[2023.03.17-17.53.18:825][  0]LogInit: Computer: LAPTOP-OVB59CM9
[2023.03.17-17.53.18:825][  0]LogInit: User: emmyt
[2023.03.17-17.53.18:825][  0]LogInit: CPU Page size=4096, Cores=4
[2023.03.17-17.53.18:825][  0]LogInit: High frequency timer resolution =10.000000 MHz
[2023.03.17-17.53.18:825][  0]LogMemory: Memory total: Physical=7.9GB (8GB approx)
[2023.03.17-17.53.18:846][  0]LogMemory: Platform Memory Stats for Windows
[2023.03.17-17.53.18:846][  0]LogMemory: Process Physical Memory: 148.37 MB used, 151.47 MB peak
[2023.03.17-17.53.18:846][  0]LogMemory: Process Virtual Memory: 122.55 MB used, 122.55 MB peak
[2023.03.17-17.53.18:846][  0]LogMemory: Physical Memory: 7566.14 MB used,  506.08 MB free, 8072.23 MB total
[2023.03.17-17.53.18:846][  0]LogMemory: Virtual Memory: 134215376.00 MB used,  2348.91 MB free, 134217728.00 MB total
[2023.03.17-17.53.18:861][  0]LogWindows: WindowsPlatformFeatures enabled
[2023.03.17-17.53.20:625][  0]LogInit: Physics initialised using underlying interface: PhysX
[2023.03.17-17.53.20:643][  0]LogInit: Overriding language with game user settings language configuration option (en).
[2023.03.17-17.53.20:643][  0]LogInit: Overriding language with game user settings locale configuration option (en).
[2023.03.17-17.53.21:613][  0]LogWindowsTextInputMethodSystem: Display: IME system deactivated.
[2023.03.17-17.53.21:969][  0]LogSlate: New Slate User Created.  User Index 0, Is Virtual User: 0
[2023.03.17-17.53.21:969][  0]LogSlate: Slate User Registered.  User Index 0, Is Virtual User: 0
[2023.03.17-17.53.22:094][  0]LogD3D11RHI: Loaded GFSDK_Aftermath_Lib.x64.dll
[2023.03.17-17.53.22:372][  0]LogHMD: Failed to initialize OpenVR with code 126
[2023.03.17-17.53.22:372][  0]LogD3D11RHI: D3D11 min allowed feature level: 11_0
[2023.03.17-17.53.22:372][  0]LogD3D11RHI: D3D11 max allowed feature level: 11_0
[2023.03.17-17.53.22:372][  0]LogD3D11RHI: D3D11 adapters:
[2023.03.17-17.53.22:612][  0]LogD3D11RHI:    0. 'NVIDIA GeForce GTX 1060' (Feature Level 11_0)
[2023.03.17-17.53.22:623][  0]LogD3D11RHI:       2987/0/4036 MB DedicatedVideo/DedicatedSystem/SharedSystem, Outputs:1, VendorId:0x10de
[2023.03.17-17.53.22:632][  0]LogD3D11RHI:    1. 'Microsoft Basic Render Driver' (Feature Level 11_0)
[2023.03.17-17.53.22:632][  0]LogD3D11RHI:       0/0/4036 MB DedicatedVideo/DedicatedSystem/SharedSystem, Outputs:0, VendorId:0x1414
[2023.03.17-17.53.22:632][  0]LogD3D11RHI: Chosen D3D11 Adapter:
[2023.03.17-17.53.22:632][  0]LogD3D11RHI:     Description : NVIDIA GeForce GTX 1060
[2023.03.17-17.53.22:632][  0]LogD3D11RHI:     VendorId    : 10de
[2023.03.17-17.53.22:632][  0]LogD3D11RHI:     DeviceId    : 1c60
[2023.03.17-17.53.22:632][  0]LogD3D11RHI:     SubSysId    : 84db103c
[2023.03.17-17.53.22:632][  0]LogD3D11RHI:     Revision    : 00a1
[2023.03.17-17.53.22:632][  0]LogD3D11RHI:     DedicatedVideoMemory : 3132096512 bytes
[2023.03.17-17.53.22:632][  0]LogD3D11RHI:     DedicatedSystemMemory : 0 bytes
[2023.03.17-17.53.22:632][  0]LogD3D11RHI:     SharedSystemMemory : 4232171520 bytes
[2023.03.17-17.53.22:632][  0]LogD3D11RHI:     AdapterLuid : 0 89617
[2023.03.17-17.53.22:647][  0]LogD3D11RHI: Creating new Direct3DDevice
[2023.03.17-17.53.22:647][  0]LogD3D11RHI:     GPU DeviceId: 0x1c60 (for the marketing name, search the web for "GPU Device Id")
[2023.03.17-17.53.22:647][  0]LogWindows: EnumDisplayDevices:
[2023.03.17-17.53.22:647][  0]LogWindows:    0. 'NVIDIA GeForce GTX 1060' (P:1 D:1)
[2023.03.17-17.53.22:648][  0]LogWindows:    1. 'NVIDIA GeForce GTX 1060' (P:0 D:0)
[2023.03.17-17.53.22:648][  0]LogWindows:    2. 'NVIDIA GeForce GTX 1060' (P:0 D:0)
[2023.03.17-17.53.22:648][  0]LogWindows:    3. 'NVIDIA GeForce GTX 1060' (P:0 D:0)
[2023.03.17-17.53.22:649][  0]LogWindows: DebugString: FoundDriverCount:4 
[2023.03.17-17.53.22:649][  0]LogD3D11RHI:     Adapter Name: NVIDIA GeForce GTX 1060
[2023.03.17-17.53.22:663][  0]LogD3D11RHI:   Driver Version: 512.78 (internal:30.0.15.1278, unified:512.78)
[2023.03.17-17.53.22:663][  0]LogD3D11RHI:      Driver Date: 5-5-2022
[2023.03.17-17.53.22:664][  0]LogRHI: Texture pool is 2090 MB (70% of 2987 MB)
[2023.03.17-17.53.22:695][  0]LogD3D11RHI: Creating D3DDevice using adapter:
[2023.03.17-17.53.22:695][  0]LogD3D11RHI:     Description : NVIDIA GeForce GTX 1060
[2023.03.17-17.53.22:695][  0]LogD3D11RHI:     VendorId    : 10de
[2023.03.17-17.53.22:695][  0]LogD3D11RHI:     DeviceId    : 1c60
[2023.03.17-17.53.22:695][  0]LogD3D11RHI:     SubSysId    : 84db103c
[2023.03.17-17.53.22:695][  0]LogD3D11RHI:     Revision    : 00a1
[2023.03.17-17.53.22:695][  0]LogD3D11RHI:     DedicatedVideoMemory : 3132096512 bytes
[2023.03.17-17.53.22:695][  0]LogD3D11RHI:     DedicatedSystemMemory : 0 bytes
[2023.03.17-17.53.22:695][  0]LogD3D11RHI:     SharedSystemMemory : 4232171520 bytes
[2023.03.17-17.53.22:695][  0]LogD3D11RHI:     AdapterLuid : 0 89617
[2023.03.17-17.53.22:834][  0]LogD3D11RHI: RHI has support for 64 bit atomics
[2023.03.17-17.53.22:834][  0]LogD3D11RHI: Async texture creation enabled
[2023.03.17-17.53.22:835][  0]LogD3D11RHI: Array index from any shader is supported
[2023.03.17-17.53.24:448][  0]LogD3D11RHI: GPU Timing Frequency: 1000.000000 (Debug: 2 1)
[2023.03.17-17.53.24:859][  0]LogRHI: GeForceNow SDK initialized: 1
[2023.03.17-17.53.28:004][  0]LogTargetPlatformManager: Display: Loaded TargetPlatform 'WindowsNoEditor'
[2023.03.17-17.53.28:062][  0]LogTargetPlatformManager: Display: Loaded TargetPlatform 'Windows'
[2023.03.17-17.53.28:134][  0]LogTargetPlatformManager: Display: Loaded TargetPlatform 'WindowsClient'
[2023.03.17-17.53.28:207][  0]LogTargetPlatformManager: Display: Loaded TargetPlatform 'WindowsServer'
[2023.03.17-17.53.28:207][  0]LogTargetPlatformManager: Display: Building Assets For Windows
[2023.03.17-17.53.28:511][  0]LogAudioDebug: Display: Lib vorbis DLL was dynamically loaded.
[2023.03.17-17.53.30:693][  0]LogTextureFormatOodle: Display: Oodle Texture 2.9.0 init RDO Off
[2023.03.17-17.53.34:393][  0]LogRendererCore: Ray tracing is disabled. Reason: r.RayTracing=0.
[2023.03.17-17.53.34:499][  0]LogShaderCompilers: Guid format shader working directory is -34 characters bigger than the processId version (C:/Users/emmyt/OneDrive/Documents/GitHub/-Journeyman-Twonic---Alpha-Team/Twonic/Intermediate/Shaders/WorkingDirectory/21096/).
[2023.03.17-17.53.34:499][  0]LogShaderCompilers: Cleaned the shader compiler working directory 'C:/Users/emmyt/AppData/Local/Temp/UnrealShaderWorkingDir/FD8BF0BF4E9993CBCE685E8F4C2F7AB6/'.
[2023.03.17-17.53.34:557][  0]LogXGEController: Cannot use XGE Controller as Incredibuild is not installed on this machine.
[2023.03.17-17.53.34:561][  0]LogShaderCompilers: Cannot use XGE Shader Compiler as Incredibuild is not installed on this machine.
[2023.03.17-17.53.34:561][  0]LogShaderCompilers: Display: Using Local Shader Compiler.
[2023.03.17-17.53.49:938][  0]LogDerivedDataCache: Display: Max Cache Size: 512 MB
[2023.03.17-17.53.50:026][  0]LogDerivedDataCache: Loaded boot cache 0.09s 14MB C:/Users/emmyt/AppData/Local/UnrealEngine/4.27/DerivedDataCache/Boot.ddc.
[2023.03.17-17.53.50:027][  0]LogDerivedDataCache: Display: Loaded Boot cache: C:/Users/emmyt/AppData/Local/UnrealEngine/4.27/DerivedDataCache/Boot.ddc
[2023.03.17-17.53.50:027][  0]LogDerivedDataCache: FDerivedDataBackendGraph:  Pak pak cache file C:/Users/emmyt/OneDrive/Documents/GitHub/-Journeyman-Twonic---Alpha-Team/Twonic/DerivedDataCache/DDC.ddp not found, will not use a pak cache.
[2023.03.17-17.53.50:027][  0]LogDerivedDataCache: Unable to find inner node Pak for hierarchical cache Hierarchy.
[2023.03.17-17.53.50:027][  0]LogDerivedDataCache: FDerivedDataBackendGraph:  CompressedPak pak cache file C:/Users/emmyt/OneDrive/Documents/GitHub/-Journeyman-Twonic---Alpha-Team/Twonic/DerivedDataCache/Compressed.ddp not found, will not use a pak cache.
[2023.03.17-17.53.50:027][  0]LogDerivedDataCache: Unable to find inner node CompressedPak for hierarchical cache Hierarchy.
[2023.03.17-17.53.50:094][  0]LogDerivedDataCache: Display: Pak cache opened for reading ../../../Engine/DerivedDataCache/Compressed.ddp.
[2023.03.17-17.53.50:094][  0]LogDerivedDataCache: FDerivedDataBackendGraph:  EnterprisePak pak cache file ../../../Enterprise/DerivedDataCache/Compressed.ddp not found, will not use a pak cache.
[2023.03.17-17.53.50:094][  0]LogDerivedDataCache: Unable to find inner node EnterprisePak for hierarchical cache Hierarchy.
[2023.03.17-17.53.50:120][  0]LogDerivedDataCache: Speed tests for C:/Users/emmyt/AppData/Local/UnrealEngine/Common/DerivedDataCache took 0.03 seconds
[2023.03.17-17.53.50:120][  0]LogDerivedDataCache: Display: Performance to C:/Users/emmyt/AppData/Local/UnrealEngine/Common/DerivedDataCache: Latency=0.10ms. RandomReadSpeed=140.32MBs, RandomWriteSpeed=52.18MBs. Assigned SpeedClass 'Local'
[2023.03.17-17.53.50:121][  0]LogDerivedDataCache: Using Local data cache path C:/Users/emmyt/AppData/Local/UnrealEngine/Common/DerivedDataCache: Writable
[2023.03.17-17.53.50:121][  0]LogDerivedDataCache: Shared data cache path not found in *engine.ini, will not use an Shared cache.
[2023.03.17-17.53.50:122][  0]LogDerivedDataCache: Unable to find inner node Shared for hierarchical cache Hierarchy.
[2023.03.17-17.53.50:638][  0]LogSlate: Using FreeType 2.10.0
[2023.03.17-17.53.50:693][  0]LogSlate: SlateFontServices - WITH_FREETYPE: 1, WITH_HARFBUZZ: 1
[2023.03.17-17.53.51:746][  0]LogInit: Overriding language with game user settings language configuration option (en).
[2023.03.17-17.53.51:746][  0]LogInit: Overriding language with game user settings locale configuration option (en).
[2023.03.17-17.53.51:765][  0]LogAssetRegistry: FAssetRegistry took 0.0052 seconds to start up
[2023.03.17-17.53.56:747][  0]LogTextLocalizationManager: Compacting localization data took   0.87ms
[2023.03.17-17.53.56:747][  0]LogPackageLocalizationCache: Processed 27 localized package path(s) for 1 prioritized culture(s) in 0.013839 seconds
[2023.03.17-17.53.57:133][  0]LogInit: Selected Device Profile: [Windows]
[2023.03.17-17.53.57:133][  0]LogInit: Active device profile: [000001B769A92000][000001B7655BF180 49] Windows
[2023.03.17-17.53.57:133][  0]LogInit: Profiles: [000001B769A92000][000001B7655BF180 49] Windows, [000001B769A4A500][000001B7655C7300 49] WindowsNoEditor, [000001B769A90800][000001B7655CB480 49] WindowsServer, [000001B769A4BE00][000001B7655C35C0 49] WindowsClient, [000001B769A92600][000001B767C83700 49] IOS, [000001B769A4A700][000001B767C87840 49] iPadAir, [000001B769A92B00][000001B767C8F9C0 49] iPadAir2, [000001B7699FA500][000001B767C96100 49] IPadPro, [000001B7699FA600][000001B767C92140 49] iPadAir3, [000001B769A91700][000001B767C9A2C0 49] iPadAir4, [000001B7699FA400][000001B767C9E440 49] iPadMini2, [000001B769A93B00][000001B767CA25C0 49] iPadMini3, [000001B7699F8E00][000001B767CA6740 49] iPadMini4, [000001B769A90900][000001B767CAA8C0 49] iPadMini5, [000001B769A35B00][000001B767CB2B80 49] iPhone6, [000001B769A35C00][000001B767CAEBC0 49] iPodTouch6, [000001B7699F9800][000001B767CBAE80 49] iPhone7, [000001B7699F9700][000001B767CB6EC0 49] iPodTouch7, [000001B769A37800][000001B767CBF040 49] iPhone5S, [000001B7699FB900][000001B767CC31C0 49] iPhone6Plus, [000001B769A34C00][000001B767CC7340 49] iPhone6S, [000001B7699FAC00][000001B767CCB4C0 49] iPhone6SPlus, [000001B769A36E00][000001B767909640 49] iPhone7Plus, [000001B7699FA900][000001B767C8B780 49] iPhoneSE, [000001B769A34D00][000001B76790D8C0 49] iPhone8, [000001B7699FBF00][000001B767911A00 49] iPhone8Plus, [000001B769A37E00][000001B767915B40 49] iPhoneX, [000001B7699F9D00][000001B76791C140 49] iPhoneXS, [000001B769A35800][000001B7679202C0 49] iPhoneXSMax, [000001B7699F8F00][000001B767924440 49] iPhoneXR, [000001B769A37F00][000001B7679285C0 49] iPhone11, [000001B7699FAA00][000001B76792C740 49] iPhone11Pro, [000001B769A36600][000001B7679308C0 49] iPhone11ProMax, [000001B7699F9C00][000001B767934A40 49] iPhoneSE2, [000001B769A34A00][000001B767938BC0 49] iPhone12Mini, [000001B7699FA800][000001B76793CD40 49] iPhone12, [000001B769A36000][000001B767940EC0 49] iPhone12Pro, [000001B7699F9500][000001B767945040 49] iPhone12ProMax, [000001B769AD8B00][000001B7679491C0 49] iPadPro105, [000001B769A49F00][000001B76794D340 49] iPadPro129, [000001B769A34900][000001B7679514C0 49] iPadPro97, [000001B769A48B00][000001B767955640 49] iPadPro2_129, [000001B769A34100][000001B7679597C0 49] iPad5, [000001B769A48400][000001B767919900 49] iPad6, [000001B769A37300][000001B76795DA40 49] iPad7, [000001B769A48500][000001B767961B80 49] iPad8, [000001B769A34F00][000001B767964140 49] iPadPro11, [000001B769A4A200][000001B76796C2C0 49] iPadPro2_11, [000001B769A37600][000001B767970440 49] iPadPro3_129, [000001B769A4AA00][000001B7679745C0 49] iPadPro4_129, [000001B769A37D00][000001B767978740 49] AppleTV, [000001B769A48700][000001B76797C8C0 49] AppleTV4K, [000001B769A37700][000001B767980A40 49] TVOS, [000001B769A49500][000001B767984BC0 49] Mac, [000001B769A35200][000001B767988D40 49] MacClient, [000001B769A48A00][000001B76798CEC0 49] MacNoEditor, [000001B769A36400][000001B76A37F040 49] MacServer, [000001B769A4AB00][000001B76A3831C0 49] Linux, [000001B769A37500][000001B76A387340 49] LinuxAArch64, [000001B769A4B500][000001B76A38B4C0 49] LinuxNoEditor, [000001B769A35400][000001B76A38F640 49] LinuxAArch64NoEditor, [000001B769A4B200][000001B76A3937C0 49] LinuxClient, [000001B769A35100][000001B76A397940 49] LinuxAArch64Client, [000001B769A4BC00][000001B76A39BAC0 49] LinuxServer, [000001B769A34600][000001B767969C00 49] LinuxAArch64Server, [000001B769A48900][000001B76A39E1C0 49] Android, [000001B769A34B00][000001B76A3A2300 49] Android_Low, [000001B769A48800][000001B76A3AA480 49] Android_Mid, [000001B769A37C00][000001B76A3AE600 49] Android_High, [000001B769A4A800][000001B76A3B2780 49] Android_Default, [000001B769A36100][000001B76A3B6900 49] Android_Adreno4xx, [000001B769A4BA00][000001B76A3BAA80 49] Android_Adreno5xx_Low, [000001B769A36A00][000001B76A3BEC00 49] Android_Adreno5xx, [000001B769A4A100][000001B76A3C2D80 49] Android_Adreno6xx, [000001B769A36300][000001B76A3C6F00 49] Android_Adreno6xx_Vulkan, [000001B769A48E00][000001B76A3CB080 49] Android_Mali_T6xx, [000001B769A34400][000001B76A3CF200 49] Android_Mali_T7xx, [000001B769A48F00][000001B76A3D3380 49] Android_Mali_T8xx, [000001B769A36C00][000001B76A3D7500 49] Android_Mali_G71, [000001B769A4B100][000001B76A3DB680 49] Android_Mali_G72, [000001B7699F9300][000001B76A3DF800 49] Android_Mali_G72_Vulkan, [000001B769A90500][000001B76A3E3980 49] Android_Mali_G76, [000001B7699F8900][000001B76A3E7B00 49] Android_Mali_G76_Vulkan, [000001B769A93300][000001B76A3EA100 49] Android_Mali_G77, [000001B7699F8500][000001B76A3A6240 49] Android_Mali_G77_Vulkan, [000001B769A92E00][000001B76A3EE380 49] Android_Mali_G78, [000001B7699FBE00][000001B76A3F24C0 49] Android_Mali_G78_Vulkan, [000001B769A91B00][000001B76A3FA640 49] Android_Mali_G710, [000001B7699F9400][000001B76A3FE7C0 49] Android_Mali_G710_Vulkan, [000001B769A91100][000001B76A402940 49] Android_Vulkan_SM5, [000001B7699F8100][000001B76A406AC0 49] Android_PowerVR_G6xxx, [000001B769A93800][000001B76A40AC40 49] Android_PowerVR_GT7xxx, [000001B7699F9E00][000001B76A40EDC0 49] Android_PowerVR_GE8xxx, [000001B769A90C00][000001B76A412F40 49] Android_PowerVR_GM9xxx, [000001B7699F8A00][000001B76A4170C0 49] Android_PowerVR_GM9xxx_Vulkan, [000001B769A93E00][000001B76A41B240 49] Android_TegraK1, [000001B7699F9000][000001B76A41F3C0 49] Android_Unknown_Vulkan, [000001B769A91600][000001B76A423540 49] Lumin, [000001B7699F8200][000001B76A4276C0 49] Lumin_Desktop, [000001B769A92100][000001B76A42B840 49] HoloLens, 
[2023.03.17-17.53.59:031][  0]LogMeshReduction: Using QuadricMeshReduction for automatic static mesh reduction
[2023.03.17-17.53.59:031][  0]LogMeshReduction: Using SimplygonMeshReduction for automatic skeletal mesh reduction
[2023.03.17-17.53.59:031][  0]LogMeshReduction: Using ProxyLODMeshReduction for automatic mesh merging
[2023.03.17-17.53.59:031][  0]LogMeshReduction: No distributed automatic mesh merging module available
[2023.03.17-17.53.59:032][  0]LogMeshMerging: No distributed automatic mesh merging module available
[2023.03.17-17.54.00:281][  0]LogNetVersion: Twonic 1.0.0, NetCL: 17155196, EngineNetVer: 17, GameNetVer: 0 (Checksum: 4023415434)
[2023.03.17-17.54.06:708][  0]LogTexture: Default maximum texture size for cubemaps generated from long-lat sources has been changed from 512 to unlimited. In order to preserve old behaiour for '/Engine/MapTemplates/Sky/DaylightAmbientCubemap.DaylightAmbientCubemap', its maximum texture size has been explicitly set to 512.
[2023.03.17-17.54.10:331][  0]LogHMD: PokeAHoleMaterial loaded successfully
[2023.03.17-17.54.13:416][  0]LogMoviePlayer: Initializing movie player
[2023.03.17-17.54.14:670][  0]LogPython: Using Python 3.7.7
[2023.03.17-17.54.17:566][  0]LogNiagaraDebuggerClient: Niagara Debugger Client Initialized | Session: D503FFB24587D21633E7E9A0BB84892F | Instance: 8A7092014B8D2527B777A5A975B22558 (LAPTOP-OVB59CM9-21096).
[2023.03.17-17.54.18:139][  0]LogCollectionManager: Loaded 0 collections in 0.010298 seconds
[2023.03.17-17.54.18:186][  0]LogFileCache: Scanning file cache for directory 'C:/Users/emmyt/OneDrive/Documents/GitHub/-Journeyman-Twonic---Alpha-Team/Twonic/Saved/Collections/' took 0.01s
[2023.03.17-17.54.18:186][  0]LogFileCache: Scanning file cache for directory 'C:/Users/emmyt/OneDrive/Documents/GitHub/-Journeyman-Twonic---Alpha-Team/Twonic/Content/Developers/emmyt/Collections/' took 0.00s
[2023.03.17-17.54.18:186][  0]LogFileCache: Scanning file cache for directory 'C:/Users/emmyt/OneDrive/Documents/GitHub/-Journeyman-Twonic---Alpha-Team/Twonic/Content/Collections/' took 0.00s
[2023.03.17-17.54.18:186][  0]LogCollectionManager: Fixed up redirectors for 0 collections in 0.000004 seconds (updated 0 objects)
[2023.03.17-17.54.20:816][  0]LogTcpMessaging: Initializing TcpMessaging bridge
[2023.03.17-17.54.20:996][  0]LogUdpMessaging: Initializing bridge on interface 0.0.0.0:0 to multicast group 230.0.0.1:6666.
[2023.03.17-17.54.22:495][  0]SourceControl: Source control is disabled
[2023.03.17-17.54.22:495][  0]SourceControl: Source control is disabled
[2023.03.17-17.54.22:517][  0]SourceControl: Source control is disabled
[2023.03.17-17.54.22:541][  0]LogUProjectInfo: Found projects:
[2023.03.17-17.54.23:803][  0]LogOpenImageDenoise: OIDN starting up
[2023.03.17-17.54.24:211][  0]LogAndroidPermission: UAndroidPermissionCallbackProxy::GetInstance
[2023.03.17-17.54.24:411][  0]LogAudioCaptureCore: Display: No Audio Capture implementations found. Audio input will be silent.
[2023.03.17-17.54.24:411][  0]LogAudioCaptureCore: Display: No Audio Capture implementations found. Audio input will be silent.
[2023.03.17-17.54.25:604][  0]LogOcInput: OculusInput pre-init called
[2023.03.17-17.54.25:768][  0]LogUObjectArray: 22121 objects as part of root set at end of initial load.
[2023.03.17-17.54.25:768][  0]LogUObjectAllocator: 5975632 out of 0 bytes used by permanent object pool.
[2023.03.17-17.54.25:768][  0]LogUObjectArray: CloseDisregardForGC: 0/0 objects in disregard for GC pool
[2023.03.17-17.54.28:772][  0]LogAutomationTest: Warning: Smoke tests took >2s to run (2.02s). 'FAutomationTestAttemptToFindUninitializedScriptStructMembers' took 1693ms. SmokeFilter tier tests should take less than 1ms. Please optimize or move 'FAutomationTestAttemptToFindUninitializedScriptStructMembers' to a slower tier than SmokeFilter.
[2023.03.17-17.54.28:842][  0]LogEngine: Initializing Engine...
[2023.03.17-17.54.29:634][  0]LogHMD: Optional extension XR_VARJO_quad_views is not available
[2023.03.17-17.54.29:635][  0]LogHMD: Warning: Required extension XR_EXT_eye_gaze_interaction is not available
[2023.03.17-17.54.29:635][  0]LogHMD: Could not enable all required OpenXR extensions for OpenXREyeTracker on current system. This plugin will be loaded but ignored, but will be enabled on a target platform that supports the required extension.
[2023.03.17-17.54.29:639][  0]LogHMD: Failed to get an OpenXR system, result is XR_ERROR_FORM_FACTOR_UNAVAILABLE. Please check that your runtime supports VR headsets.
[2023.03.17-17.54.29:708][  0]LogHMD: Failed to initialize OpenVR with code 126
[2023.03.17-17.54.29:708][  0]LogMagicLeap: Warning: VR disabled because ZI is not enabled.  To enable, in the editor, Edit -> Project Settings -> Plugins -> Magic Leap Plugin -> Enable Zero Iteration
[2023.03.17-17.54.29:765][  0]LogStats: UGameplayTagsManager::InitializeManager -  0.009 s
[2023.03.17-17.54.38:358][  0]LogInit: Initializing FReadOnlyCVARCache
[2023.03.17-17.54.38:365][  0]LogAudio: Display: Initializing Audio Device Manager...
[2023.03.17-17.54.38:527][  0]LogAudio: Display: Loading Default Audio Settings Objects...
[2023.03.17-17.54.38:574][  0]LogAudio: Display: No default SoundConcurrencyObject specified (or failed to load).
[2023.03.17-17.54.38:666][  0]LogAudio: Display: Audio Device Manager Initialized
[2023.03.17-17.54.38:666][  0]LogAudio: Display: Creating Audio Device:                 Id: 1, Scope: Shared, Realtime: True
[2023.03.17-17.54.38:678][  0]LogAudioMixer: Display: Audio Mixer Platform Settings:
[2023.03.17-17.54.38:678][  0]LogAudioMixer: Display: 	Sample Rate:						  48000
[2023.03.17-17.54.38:678][  0]LogAudioMixer: Display: 	Callback Buffer Frame Size Requested: 1024
[2023.03.17-17.54.38:678][  0]LogAudioMixer: Display: 	Callback Buffer Frame Size To Use:	  1024
[2023.03.17-17.54.38:678][  0]LogAudioMixer: Display: 	Number of buffers to queue:			  2
[2023.03.17-17.54.38:678][  0]LogAudioMixer: Display: 	Max Channels (voices):				  32
[2023.03.17-17.54.38:678][  0]LogAudioMixer: Display: 	Number of Async Source Workers:		  0
[2023.03.17-17.54.38:678][  0]LogAudio: Display: AudioDevice MaxSources: 32
[2023.03.17-17.54.38:680][  0]LogAudio: Display: Audio Spatialization Plugin: None (built-in).
[2023.03.17-17.54.38:680][  0]LogAudio: Display: Audio Reverb Plugin: None (built-in).
[2023.03.17-17.54.38:680][  0]LogAudio: Display: Audio Occlusion Plugin: None (built-in).
[2023.03.17-17.54.38:680][  0]LogAudioMixer: Display: Initializing audio mixer.
[2023.03.17-17.54.38:802][  0]LogAudioMixer: Display: 0: FrontLeft
[2023.03.17-17.54.38:802][  0]LogAudioMixer: Display: 1: FrontRight
[2023.03.17-17.54.38:836][  0]LogAudioMixer: Display: Using Audio Device Speakers (fifine Headset)
[2023.03.17-17.54.38:888][  0]LogAudioMixer: Display: Initializing Sound Submixes...
[2023.03.17-17.54.38:985][  0]LogAudioMixer: Display: Creating Master Submix 'MasterSubmixDefault'
[2023.03.17-17.54.38:985][  0]LogAudioMixer: Display: Creating Master Submix 'MasterReverbSubmixDefault'
[2023.03.17-17.54.38:991][  0]LogAudioMixer: Display: Creating Master Submix 'MasterEQSubmixDefault'
[2023.03.17-17.54.38:992][  0]LogAudioMixer: FMixerPlatformXAudio2::StartAudioStream() called
[2023.03.17-17.54.38:992][  0]LogAudioMixer: Display: Output buffers initialized: Frames=1024, Channels=2, Samples=2048
[2023.03.17-17.54.38:994][  0]LogAudioMixer: Display: Starting AudioMixerPlatformInterface::RunInternal()
[2023.03.17-17.54.38:994][  0]LogAudioMixer: Display: FMixerPlatformXAudio2::SubmitBuffer() called for the first time
[2023.03.17-17.54.38:994][  0]LogInit: FAudioDevice initialized.
[2023.03.17-17.54.39:157][  0]LogNetVersion: Set ProjectVersion to 1.0.0.0. Version Checksum will be recalculated on next use.
[2023.03.17-17.54.39:237][  0]LogInit: Texture streaming: Enabled
[2023.03.17-17.54.43:473][  0]LogAudio: Display: Audio Device (ID: 1) registered with world 'Untitled'.
[2023.03.17-17.54.43:537][  0]LogSlate: Updating window title bar state: overlay mode, drag disabled, window buttons hidden, title bar hidden
[2023.03.17-17.54.43:541][  0]LogInit: Display: Game Engine Initialized.
[2023.03.17-17.54.43:806][  0]LogNiagaraEditor: GEditor isn't valid! Particle reset commands will not work for Niagara components!
[2023.03.17-17.54.48:834][  0]LogInit: Display: Starting Game.
[2023.03.17-17.54.48:879][  0]LogNet: Browse: /Game/Main_Menu_Tom/Main_Menu_Tom/Main_Menu/Main_Menu_Stuff/Main_Menu?Name=Player
[2023.03.17-17.54.48:945][  0]LogLoad: LoadMap: /Game/Main_Menu_Tom/Main_Menu_Tom/Main_Menu/Main_Menu_Stuff/Main_Menu?Name=Player
[2023.03.17-17.54.48:945][  0]LogWorld: BeginTearingDown for /Temp/Untitled_0
[2023.03.17-17.54.49:039][  0]LogWorld: UWorld::CleanupWorld for Untitled, bSessionEnded=true, bCleanupResources=true
[2023.03.17-17.54.49:098][  0]LogSlate: InvalidateAllWidgets triggered.  All widgets were invalidated
[2023.03.17-17.54.49:208][  0]LogAudio: Display: Audio Device unregistered from world 'None'.
[2023.03.17-17.54.49:434][  0]LogUObjectHash: Compacting FUObjectHashTables data took   1.57ms
[2023.03.17-17.54.52:290][  0]LogAudio: Display: Audio Device (ID: 1) registered with world 'Main_Menu'.
[2023.03.17-17.54.52:857][  0]LogAIModule: Creating AISystem for world Main_Menu
[2023.03.17-17.54.52:858][  0]LogUObjectGlobals: Warning: Failed to find object 'Class None.'
[2023.03.17-17.54.52:858][  0]LogLoad: Game class is 'GameModeBase'
[2023.03.17-17.54.52:885][  0]LogWorld: Bringing World /Game/Main_Menu_Tom/Main_Menu_Tom/Main_Menu/Main_Menu_Stuff/Main_Menu.Main_Menu up for play (max tick rate 90) at 2023.03.17-17.54.52
[2023.03.17-17.54.52:886][  0]LogWorld: Bringing up level for play took: 0.016979
[2023.03.17-17.54.52:901][  0]LogGameMode: FindPlayerStart: PATHS NOT DEFINED or NO PLAYERSTART with positive rating
[2023.03.17-17.54.53:091][  0]LogLoad: Took 4.139084 seconds to LoadMap(/Game/Main_Menu_Tom/Main_Menu_Tom/Main_Menu/Main_Menu_Stuff/Main_Menu)
[2023.03.17-17.54.53:514][  0]LogSlate: Took 0.126746 seconds to synchronously load lazily loaded font '../../../Engine/Content/Slate/Fonts/Roboto-Regular.ttf' (155K)
[2023.03.17-17.54.54:219][  0]LogRenderer: Reallocating scene render targets to support 1912x1008 Format 10 NumSamples 1 (Frame:1).
[2023.03.17-17.54.54:219][  0]LogInit: Display: Engine is initialized. Leaving FEngineLoop::Init()
[2023.03.17-17.54.54:219][  0]LogLoad: (Engine Initialization) Total time: 115.04 seconds
[2023.03.17-17.54.54:219][  0]LogLoad: (Engine Initialization) Total Blueprint compile time: 0.00 seconds
[2023.03.17-17.54.54:845][  0]LogContentStreaming: Texture pool size now 1000 MB
[2023.03.17-17.55.09:670][202]LogSlate: Updating window title bar state: overlay mode, drag disabled, window buttons hidden, title bar hidden
[2023.03.17-17.55.14:602][589]LogSlate: Updating window title bar state: overlay mode, drag disabled, window buttons hidden, title bar hidden
[2023.03.17-17.55.17:478][810]LogPackageLocalizationCache: Processed 27 localized package path(s) for 1 prioritized culture(s) in 0.024357 seconds
[2023.03.17-17.55.17:478][810]LogSlate: FontCache flush requested. Reason: Culture for localization was changed
[2023.03.17-17.55.17:478][810]LogSlate: FontCache flush requested. Reason: Culture for localization was changed
[2023.03.17-17.55.18:590][810]LogTextLocalizationResource: LocRes '../../../Engine/Content/Localization/Editor/de/Editor.locres' could not be opened for reading!
[2023.03.17-17.55.18:590][810]LogTextLocalizationResource: LocRes '../../../Engine/Content/Localization/EditorTutorials/de/EditorTutorials.locres' could not be opened for reading!
[2023.03.17-17.55.18:590][810]LogTextLocalizationResource: LocRes '../../../Engine/Content/Localization/Keywords/de/Keywords.locres' could not be opened for reading!
[2023.03.17-17.55.18:590][810]LogTextLocalizationResource: LocRes '../../../Engine/Content/Localization/Category/de/Category.locres' could not be opened for reading!
[2023.03.17-17.55.18:590][810]LogTextLocalizationResource: LocRes '../../../Engine/Content/Localization/ToolTips/de/ToolTips.locres' could not be opened for reading!
[2023.03.17-17.55.18:590][810]LogTextLocalizationResource: LocRes '../../../Engine/Content/Localization/PropertyNames/de/PropertyNames.locres' could not be opened for reading!
[2023.03.17-17.55.18:590][810]LogTextLocalizationResource: LocRes '../../../Engine/Content/Localization/Engine/de/Engine.locres' could not be opened for reading!
[2023.03.17-17.55.18:927][810]LogSlate: InvalidateAllWidgets triggered.  All widgets were invalidated
[2023.03.17-17.55.18:976][811]LogSlate: Took 0.036996 seconds to synchronously load lazily loaded font '../../../Engine/Content/Slate/Fonts/Roboto-Regular.ttf' (155K)
[2023.03.17-17.55.23:872][145]LogPackageLocalizationCache: Processed 27 localized package path(s) for 1 prioritized culture(s) in 0.006442 seconds
[2023.03.17-17.55.23:872][145]LogSlate: FontCache flush requested. Reason: Culture for localization was changed
[2023.03.17-17.55.24:852][145]LogSlate: InvalidateAllWidgets triggered.  All widgets were invalidated
[2023.03.17-17.55.24:857][146]LogSlate: Took 0.000469 seconds to synchronously load lazily loaded font '../../../Engine/Content/Slate/Fonts/Roboto-Regular.ttf' (155K)
[2023.03.17-17.55.27:083][334]LogPackageLocalizationCache: Processed 27 localized package path(s) for 1 prioritized culture(s) in 0.005869 seconds
[2023.03.17-17.55.27:083][334]LogSlate: FontCache flush requested. Reason: Culture for localization was changed
[2023.03.17-17.55.27:294][334]LogTextLocalizationResource: LocRes '../../../Engine/Content/Localization/Editor/fr/Editor.locres' could not be opened for reading!
[2023.03.17-17.55.27:294][334]LogTextLocalizationResource: LocRes '../../../Engine/Content/Localization/EditorTutorials/fr/EditorTutorials.locres' could not be opened for reading!
[2023.03.17-17.55.27:294][334]LogTextLocalizationResource: LocRes '../../../Engine/Content/Localization/Keywords/fr/Keywords.locres' could not be opened for reading!
[2023.03.17-17.55.27:294][334]LogTextLocalizationResource: LocRes '../../../Engine/Content/Localization/Category/fr/Category.locres' could not be opened for reading!
[2023.03.17-17.55.27:294][334]LogTextLocalizationResource: LocRes '../../../Engine/Content/Localization/ToolTips/fr/ToolTips.locres' could not be opened for reading!
[2023.03.17-17.55.27:294][334]LogTextLocalizationResource: LocRes '../../../Engine/Content/Localization/PropertyNames/fr/PropertyNames.locres' could not be opened for reading!
[2023.03.17-17.55.27:294][334]LogTextLocalizationResource: LocRes '../../../Engine/Content/Localization/Engine/fr/Engine.locres' could not be opened for reading!
[2023.03.17-17.55.27:427][334]LogSlate: InvalidateAllWidgets triggered.  All widgets were invalidated
[2023.03.17-17.55.27:429][335]LogSlate: Took 0.000199 seconds to synchronously load lazily loaded font '../../../Engine/Content/Slate/Fonts/Roboto-Regular.ttf' (155K)
[2023.03.17-17.55.29:898][557]LogSlate: Updating window title bar state: overlay mode, drag disabled, window buttons hidden, title bar hidden
[2023.03.17-17.55.34:081][925]LogSlate: Updating window title bar state: overlay mode, drag disabled, window buttons hidden, title bar hidden
[2023.03.17-17.55.35:887][ 83]Closing by request
[2023.03.17-17.55.35:910][ 83]LogWindows: FPlatformMisc::RequestExit(0)
[2023.03.17-17.55.35:918][ 83]LogWindows: FPlatformMisc::RequestExitWithStatus(0, 0)
[2023.03.17-17.55.35:923][ 83]LogCore: Engine exit requested (reason: Win RequestExit)
[2023.03.17-17.55.35:959][ 84]LogCore: Engine exit requested (reason: EngineExit() was called; note: exit was already requested)
[2023.03.17-17.55.36:031][ 84]LogInit: Display: PreExit Game.
[2023.03.17-17.55.36:553][ 84]LogWorld: BeginTearingDown for /Game/Main_Menu_Tom/Main_Menu_Tom/Main_Menu/Main_Menu_Stuff/Main_Menu
[2023.03.17-17.55.36:668][ 84]LogWorld: UWorld::CleanupWorld for Main_Menu, bSessionEnded=true, bCleanupResources=true
[2023.03.17-17.55.36:668][ 84]LogSlate: InvalidateAllWidgets triggered.  All widgets were invalidated
[2023.03.17-17.55.38:023][ 84]LogAudio: Display: Beginning Audio Device Manager Shutdown (Module: AudioMixerXAudio2)...
[2023.03.17-17.55.38:029][ 84]LogAudio: Display: Destroying 1 Remaining Audio Device(s)...
[2023.03.17-17.55.38:029][ 84]LogAudio: Display: Audio Device unregistered from world 'Main_Menu'.
[2023.03.17-17.55.38:072][ 84]LogAudioMixer: FMixerPlatformXAudio2::StopAudioStream() called
[2023.03.17-17.55.38:099][ 84]LogAudioMixer: FMixerPlatformXAudio2::StopAudioStream() called
[2023.03.17-17.55.38:250][ 84]LogAudio: Display: Audio Device Manager Shutdown
[2023.03.17-17.55.38:294][ 84]LogSlate: Window 'Twonic (64-bit Development PCD3D_SM5) ' being destroyed
[2023.03.17-17.55.38:362][ 84]LogWindowsTextInputMethodSystem: Display: IME system deactivated.
[2023.03.17-17.55.38:594][ 84]LogExit: Preparing to exit.
[2023.03.17-17.55.39:589][ 84]LogUObjectHash: Compacting FUObjectHashTables data took   2.16ms
[2023.03.17-17.55.41:043][ 84]LogMoviePlayer: Shutting down movie player
