Log file open, 03/17/23 17:33:53
LogWindows: Failed to load 'aqProf.dll' (GetLastError=126)
LogWindows: File 'aqProf.dll' does not exist
LogWindows: Failed to load 'VtuneApi.dll' (GetLastError=126)
LogWindows: File 'VtuneApi.dll' does not exist
LogWindows: Failed to load 'VtuneApi32e.dll' (GetLastError=126)
LogWindows: File 'VtuneApi32e.dll' does not exist
LogConsoleResponse: Display: Failed to find resolution value strings in scalability ini. Falling back to default.
LogConsoleResponse: Display: Failed to find resolution value strings in scalability ini. Falling back to default.
LogInit: Display: Running engine for game: Twonic
LogPlatformFile: Not using cached read wrapper
LogTaskGraph: Started task graph with 5 named threads and 23 total threads with 3 sets of task threads.
LogStats: Stats thread started at 0.363616
LogICUInternationalization: ICU TimeZone Detection - Raw Offset: +0:00, Platform Override: ''
LogInit: Display: Loading text-based GConfig....
LogPluginManager: Mounting plugin MeshPainting
LogPluginManager: Mounting plugin XGEController
LogPluginManager: Mounting plugin Paper2D
LogPluginManager: Mounting plugin LiveLink
LogPluginManager: Mounting plugin AISupport
LogPluginManager: Mounting plugin EnvironmentQueryEditor
LogPluginManager: Mounting plugin CameraShakePreviewer
LogPluginManager: Mounting plugin GameplayCameras
LogPluginManager: Mounting plugin LightPropagationVolume
LogPluginManager: Mounting plugin AnimationSharing
LogPluginManager: Mounting plugin CLionSourceCodeAccess
LogPluginManager: Mounting plugin CodeLiteSourceCodeAccess
LogPluginManager: Mounting plugin GitSourceControl
LogPluginManager: Mounting plugin NullSourceCodeAccess
LogPluginManager: Mounting plugin KDevelopSourceCodeAccess
LogPluginManager: Mounting plugin PerforceSourceControl
LogPluginManager: Mounting plugin PixWinPlugin
LogPluginManager: Mounting plugin PlasticSourceControl
LogPluginManager: Mounting plugin RiderSourceCodeAccess
LogPluginManager: Mounting plugin SubversionSourceControl
LogPluginManager: Mounting plugin PropertyAccessNode
LogPluginManager: Mounting plugin TextureFormatOodle
LogPluginManager: Mounting plugin UObjectPlugin
LogPluginManager: Mounting plugin VisualStudioCodeSourceCodeAccess
LogPluginManager: Mounting plugin VisualStudioSourceCodeAccess
LogPluginManager: Mounting plugin XCodeSourceCodeAccess
LogPluginManager: Mounting plugin OodleData
LogPluginManager: Mounting plugin AssetManagerEditor
LogPluginManager: Mounting plugin OodleNetwork
LogPluginManager: Mounting plugin PluginUtils
LogPluginManager: Mounting plugin CryptoKeys
LogPluginManager: Mounting plugin DataValidation
LogPluginManager: Mounting plugin FacialAnimation
LogPluginManager: Mounting plugin GameplayTagsEditor
LogPluginManager: Mounting plugin MacGraphicsSwitching
LogPluginManager: Mounting plugin GeometryMode
LogPluginManager: Mounting plugin MaterialAnalyzer
LogPluginManager: Mounting plugin MobileLauncherProfileWizard
LogPluginManager: Mounting plugin SpeedTreeImporter
LogPluginManager: Mounting plugin CurveEditorTools
LogPluginManager: Mounting plugin PluginBrowser
LogPluginManager: Mounting plugin DatasmithContent
LogPluginManager: Mounting plugin VariantManagerContent
LogPluginManager: Mounting plugin Niagara
LogPluginManager: Mounting plugin AlembicImporter
LogPluginManager: Mounting plugin AutomationUtils
LogPluginManager: Mounting plugin BackChannel
LogPluginManager: Mounting plugin ChaosCloth
LogPluginManager: Mounting plugin ChaosClothEditor
LogPluginManager: Mounting plugin ChaosEditor
LogPluginManager: Mounting plugin ChaosNiagara
LogPluginManager: Mounting plugin ChaosSolverPlugin
LogPluginManager: Mounting plugin CharacterAI
LogPluginManager: Mounting plugin GeometryCache
LogPluginManager: Mounting plugin GeometryCollectionPlugin
LogPluginManager: Mounting plugin LuminPlatformFeatures
LogPluginManager: Mounting plugin MagicLeap
LogPluginManager: Mounting plugin GeometryProcessing
LogPluginManager: Mounting plugin MagicLeapLightEstimation
LogPluginManager: Mounting plugin MagicLeapMedia
LogPluginManager: Mounting plugin MagicLeapPassableWorld
LogPluginManager: Mounting plugin MLSDK
LogPluginManager: Mounting plugin MotoSynth
LogPluginManager: Mounting plugin OpenImageDenoise
LogPluginManager: Mounting plugin PlanarCut
LogPluginManager: Mounting plugin PlatformCrypto
LogPluginManager: Mounting plugin PythonScriptPlugin
LogPluginManager: Mounting plugin ProxyLODPlugin
LogPluginManager: Mounting plugin AndroidMedia
LogPluginManager: Mounting plugin SkeletalReduction
LogPluginManager: Mounting plugin AvfMedia
LogPluginManager: Mounting plugin ImgMedia
LogPluginManager: Mounting plugin MediaCompositing
LogPluginManager: Mounting plugin TcpMessaging
LogPluginManager: Mounting plugin MediaPlayerEditor
LogPluginManager: Mounting plugin UdpMessaging
LogPluginManager: Mounting plugin WebMMedia
LogPluginManager: Mounting plugin WmfMedia
LogPluginManager: Mounting plugin ActorSequence
LogPluginManager: Mounting plugin MatineeToLevelSequence
LogPluginManager: Mounting plugin LevelSequenceEditor
LogPluginManager: Mounting plugin TemplateSequence
LogPluginManager: Mounting plugin LauncherChunkInstaller
LogPluginManager: Mounting plugin ActorLayerUtilities
LogPluginManager: Mounting plugin AndroidDeviceProfileSelector
LogPluginManager: Mounting plugin AndroidMoviePlayer
LogPluginManager: Mounting plugin AndroidPermission
LogPluginManager: Mounting plugin AppleImageUtils
LogPluginManager: Mounting plugin AppleMoviePlayer
LogPluginManager: Mounting plugin ArchVisCharacter
LogPluginManager: Mounting plugin OnlineSubsystem
LogPluginManager: Mounting plugin AssetTags
LogPluginManager: Mounting plugin AudioCapture
LogPluginManager: Mounting plugin AudioSynesthesia
LogPluginManager: Mounting plugin CableComponent
LogPluginManager: Mounting plugin OnlineSubsystemNull
LogPluginManager: Mounting plugin ChunkDownloader
LogPluginManager: Mounting plugin CustomMeshComponent
LogPluginManager: Mounting plugin EditableMesh
LogPluginManager: Mounting plugin ExampleDeviceProfileSelector
LogPluginManager: Mounting plugin OnlineSubsystemUtils
LogPluginManager: Mounting plugin GoogleCloudMessaging
LogPluginManager: Mounting plugin GooglePAD
LogPluginManager: Mounting plugin IOSDeviceProfileSelector
LogPluginManager: Mounting plugin LinuxDeviceProfileSelector
LogPluginManager: Mounting plugin LocationServicesBPLibrary
LogPluginManager: Mounting plugin MobilePatchingUtils
LogPluginManager: Mounting plugin OpenXREyeTracker
LogPluginManager: Mounting plugin OpenXR
LogPluginManager: Mounting plugin OpenXRHandTracking
LogPluginManager: Mounting plugin PhysXVehicles
LogPluginManager: Mounting plugin ScreenshotTools
LogPluginManager: Mounting plugin PostSplashScreen
LogPluginManager: Mounting plugin ProceduralMeshComponent
LogPluginManager: Mounting plugin PropertyAccessEditor
LogPluginManager: Mounting plugin SignificanceManager
LogPluginManager: Mounting plugin RuntimePhysXCooking
LogPluginManager: Mounting plugin SoundFields
LogPluginManager: Mounting plugin Synthesis
LogPluginManager: Mounting plugin WebMMoviePlayer
LogPluginManager: Mounting plugin WindowsMoviePlayer
LogPluginManager: Mounting plugin Takes
LogPluginManager: Mounting plugin ContentBrowserAssetDataSource
LogPluginManager: Mounting plugin ContentBrowserClassDataSource
LogPluginManager: Mounting plugin ContentBrowserFileDataSource
LogPluginManager: Mounting plugin OnlineSubsystemGooglePlay
LogPluginManager: Mounting plugin OnlineSubsystemIOS
LogPluginManager: Mounting plugin OculusVR
LogPluginManager: Mounting plugin SteamVR
PixWinPlugin: PIX capture plugin failed to initialize! Check that the process is launched from PIX.
LogInit: Using libcurl 7.55.1-DEV
LogInit:  - built for x86_64-pc-win32
LogInit:  - supports SSL with OpenSSL/1.1.1
LogInit:  - supports HTTP deflate (compression) using libz 1.2.8
LogInit:  - other features:
LogInit:      CURL_VERSION_SSL
LogInit:      CURL_VERSION_LIBZ
LogInit:      CURL_VERSION_IPV6
LogInit:      CURL_VERSION_ASYNCHDNS
LogInit:      CURL_VERSION_LARGEFILE
LogInit:      CURL_VERSION_IDN
LogInit:  CurlRequestOptions (configurable via config and command line):
LogInit:  - bVerifyPeer = true  - Libcurl will verify peer certificate
LogInit:  - bUseHttpProxy = false  - Libcurl will NOT use HTTP proxy
LogInit:  - bDontReuseConnections = false  - Libcurl will reuse connections
LogInit:  - MaxHostConnections = 16  - Libcurl will limit the number of connections to a host
LogInit:  - LocalHostAddr = Default
LogInit:  - BufferSize = 65536
LogOnline: OSS: Creating online subsystem instance for: NULL
LogInit: WinSock: version 1.1 (2.2), MaxSocks=32767, MaxUdp=65467
LogOnline: OSS: TryLoadSubsystemAndSetDefault: Loaded subsystem for module [NULL]
LogInit: Build: ++UE4+Release-4.27-CL-18319896
LogInit: Engine Version: 4.27.2-18319896+++UE4+Release-4.27
LogInit: Compatible Engine Version: 4.27.0-17155196+++UE4+Release-4.27
LogInit: Net CL: 17155196
LogInit: OS: Windows 10 (Release 2009) (), CPU: Intel(R) Core(TM) i5-8300H CPU @ 2.30GHz, GPU: NVIDIA GeForce GTX 1060
LogInit: Compiled (64-bit): Nov 30 2021 07:12:08
LogInit: Compiled with Visual C++: 19.24.28315.00
LogInit: Build Configuration: Development
LogInit: Branch Name: ++UE4+Release-4.27
LogInit: Command Line:  C:/Users/emmyt/OneDrive/Documents/GitHub/-Journeyman-Twonic---Alpha-Team/Twonic/Twonic.uproject -run=GatherText -config=Config/Localization/Game_Compile.ini
LogInit: Base Directory: D:/Epic Games/UE_4.27/Engine/Binaries/Win64/
LogInit: Allocator: TBB
LogInit: Installed Engine Build: 1
LogDevObjectVersion: Number of dev versions registered: 29
LogDevObjectVersion:   Dev-Blueprints (B0D832E4-1F89-4F0D-ACCF-7EB736FD4AA2): 10
LogDevObjectVersion:   Dev-Build (E1C64328-A22C-4D53-A36C-8E866417BD8C): 0
LogDevObjectVersion:   Dev-Core (375EC13C-06E4-48FB-B500-84F0262A717E): 4
LogDevObjectVersion:   Dev-Editor (E4B068ED-F494-42E9-A231-DA0B2E46BB41): 40
LogDevObjectVersion:   Dev-Framework (CFFC743F-43B0-4480-9391-14DF171D2073): 37
LogDevObjectVersion:   Dev-Mobile (B02B49B5-BB20-44E9-A304-32B752E40360): 3
LogDevObjectVersion:   Dev-Networking (A4E4105C-59A1-49B5-A7C5-40C4547EDFEE): 0
LogDevObjectVersion:   Dev-Online (39C831C9-5AE6-47DC-9A44-9C173E1C8E7C): 0
LogDevObjectVersion:   Dev-Physics (78F01B33-EBEA-4F98-B9B4-84EACCB95AA2): 14
LogDevObjectVersion:   Dev-Platform (6631380F-2D4D-43E0-8009-CF276956A95A): 0
LogDevObjectVersion:   Dev-Rendering (12F88B9F-8875-4AFC-A67C-D90C383ABD29): 45
LogDevObjectVersion:   Dev-Sequencer (7B5AE74C-D270-4C10-A958-57980B212A5A): 13
LogDevObjectVersion:   Dev-VR (D7296918-1DD6-4BDD-9DE2-64A83CC13884): 3
LogDevObjectVersion:   Dev-LoadTimes (C2A15278-BFE7-4AFE-6C17-90FF531DF755): 1
LogDevObjectVersion:   Private-Geometry (6EACA3D4-40EC-4CC1-B786-8BED09428FC5): 3
LogDevObjectVersion:   Dev-AnimPhys (29E575DD-E0A3-4627-9D10-D276232CDCEA): 17
LogDevObjectVersion:   Dev-Anim (AF43A65D-7FD3-4947-9873-3E8ED9C1BB05): 15
LogDevObjectVersion:   Dev-ReflectionCapture (6B266CEC-1EC7-4B8F-A30B-E4D90942FC07): 1
LogDevObjectVersion:   Dev-Automation (0DF73D61-A23F-47EA-B727-89E90C41499A): 1
LogDevObjectVersion:   FortniteMain (601D1886-AC64-4F84-AA16-D3DE0DEAC7D6): 47
LogDevObjectVersion:   FortniteRelease (E7086368-6B23-4C58-8439-1B7016265E91): 1
LogDevObjectVersion:   Dev-Enterprise (9DFFBCD6-494F-0158-E221-12823C92A888): 10
LogDevObjectVersion:   Dev-Niagara (F2AED0AC-9AFE-416F-8664-AA7FFA26D6FC): 1
LogDevObjectVersion:   Dev-Destruction (174F1F0B-B4C6-45A5-B13F-2EE8D0FB917D): 10
LogDevObjectVersion:   Dev-Physics-Ext (35F94A83-E258-406C-A318-09F59610247C): 41
LogDevObjectVersion:   Dev-PhysicsMaterial-Chaos (B68FC16E-8B1B-42E2-B453-215C058844FE): 1
LogDevObjectVersion:   Dev-CineCamera (B2E18506-4273-CFC2-A54E-F4BB758BBA07): 1
LogDevObjectVersion:   Dev-VirtualProduction (64F58936-FD1B-42BA-BA96-7289D5D0FA4E): 1
LogDevObjectVersion:   Dev-MediaFramework (6F0ED827-A609-4895-9C91-998D90180EA4): 2
LogInit: Presizing for max 25165824 objects, including 0 objects not considered by GC, pre-allocating 0 bytes for permanent pool.
LogConfig: Applying CVar settings from Section [/Script/Engine.StreamingSettings] File [C:/Users/emmyt/OneDrive/Documents/GitHub/-Journeyman-Twonic---Alpha-Team/Twonic/Saved/Config/Windows/Engine.ini]
LogConfig: Setting CVar [[s.MinBulkDataSizeForAsyncLoading:131072]]
LogConfig: Setting CVar [[s.AsyncLoadingThreadEnabled:0]]
LogConfig: Setting CVar [[s.EventDrivenLoaderEnabled:1]]
LogConfig: Setting CVar [[s.WarnIfTimeLimitExceeded:0]]
LogConfig: Setting CVar [[s.TimeLimitExceededMultiplier:1.5]]
LogConfig: Setting CVar [[s.TimeLimitExceededMinTime:0.005]]
LogConfig: Setting CVar [[s.UseBackgroundLevelStreaming:1]]
LogConfig: Setting CVar [[s.PriorityAsyncLoadingExtraTime:15.0]]
LogConfig: Setting CVar [[s.LevelStreamingActorsUpdateTimeLimit:5.0]]
LogConfig: Setting CVar [[s.PriorityLevelStreamingActorsUpdateExtraTime:5.0]]
LogConfig: Setting CVar [[s.LevelStreamingComponentsRegistrationGranularity:10]]
LogConfig: Setting CVar [[s.UnregisterComponentsTimeLimit:1.0]]
LogConfig: Setting CVar [[s.LevelStreamingComponentsUnregistrationGranularity:5]]
LogConfig: Setting CVar [[s.FlushStreamingOnExit:1]]
LogInit: Object subsystem initialized
LogConfig: Setting CVar [[con.DebugEarlyDefault:1]]
LogConfig: Setting CVar [[r.setres:1280x720]]
[2023.03.17-17.33.53:823][  0]LogConfig: Setting CVar [[con.DebugEarlyDefault:1]]
[2023.03.17-17.33.53:823][  0]LogConfig: Setting CVar [[r.setres:1280x720]]
[2023.03.17-17.33.53:823][  0]LogConfig: Applying CVar settings from Section [/Script/Engine.RendererSettings] File [C:/Users/emmyt/OneDrive/Documents/GitHub/-Journeyman-Twonic---Alpha-Team/Twonic/Saved/Config/Windows/Engine.ini]
[2023.03.17-17.33.53:823][  0]LogConfig: Setting CVar [[r.GPUCrashDebugging:0]]
[2023.03.17-17.33.53:823][  0]LogConfig: Setting CVar [[r.ForwardShading:0]]
[2023.03.17-17.33.53:823][  0]LogConfig: Applying CVar settings from Section [/Script/Engine.RendererOverrideSettings] File [C:/Users/emmyt/OneDrive/Documents/GitHub/-Journeyman-Twonic---Alpha-Team/Twonic/Saved/Config/Windows/Engine.ini]
[2023.03.17-17.33.53:823][  0]LogConfig: Applying CVar settings from Section [/Script/Engine.StreamingSettings] File [C:/Users/emmyt/OneDrive/Documents/GitHub/-Journeyman-Twonic---Alpha-Team/Twonic/Saved/Config/Windows/Engine.ini]
[2023.03.17-17.33.53:823][  0]LogConfig: Setting CVar [[s.MinBulkDataSizeForAsyncLoading:131072]]
[2023.03.17-17.33.53:823][  0]LogConfig: Setting CVar [[s.AsyncLoadingThreadEnabled:0]]
[2023.03.17-17.33.53:823][  0]LogConfig: Setting CVar [[s.EventDrivenLoaderEnabled:1]]
[2023.03.17-17.33.53:823][  0]LogConfig: Setting CVar [[s.WarnIfTimeLimitExceeded:0]]
[2023.03.17-17.33.53:823][  0]LogConfig: Setting CVar [[s.TimeLimitExceededMultiplier:1.5]]
[2023.03.17-17.33.53:823][  0]LogConfig: Setting CVar [[s.TimeLimitExceededMinTime:0.005]]
[2023.03.17-17.33.53:823][  0]LogConfig: Setting CVar [[s.UseBackgroundLevelStreaming:1]]
[2023.03.17-17.33.53:823][  0]LogConfig: Setting CVar [[s.PriorityAsyncLoadingExtraTime:15.0]]
[2023.03.17-17.33.53:823][  0]LogConfig: Setting CVar [[s.LevelStreamingActorsUpdateTimeLimit:5.0]]
[2023.03.17-17.33.53:823][  0]LogConfig: Setting CVar [[s.PriorityLevelStreamingActorsUpdateExtraTime:5.0]]
[2023.03.17-17.33.53:824][  0]LogConfig: Setting CVar [[s.LevelStreamingComponentsRegistrationGranularity:10]]
[2023.03.17-17.33.53:824][  0]LogConfig: Setting CVar [[s.UnregisterComponentsTimeLimit:1.0]]
[2023.03.17-17.33.53:824][  0]LogConfig: Setting CVar [[s.LevelStreamingComponentsUnregistrationGranularity:5]]
[2023.03.17-17.33.53:824][  0]LogConfig: Setting CVar [[s.FlushStreamingOnExit:1]]
[2023.03.17-17.33.53:824][  0]LogConfig: Applying CVar settings from Section [/Script/Engine.GarbageCollectionSettings] File [C:/Users/emmyt/OneDrive/Documents/GitHub/-Journeyman-Twonic---Alpha-Team/Twonic/Saved/Config/Windows/Engine.ini]
[2023.03.17-17.33.53:824][  0]LogConfig: Setting CVar [[gc.MaxObjectsNotConsideredByGC:1]]
[2023.03.17-17.33.53:824][  0]LogConfig: Setting CVar [[gc.SizeOfPermanentObjectPool:0]]
[2023.03.17-17.33.53:824][  0]LogConfig: Setting CVar [[gc.FlushStreamingOnGC:0]]
[2023.03.17-17.33.53:824][  0]LogConfig: Setting CVar [[gc.NumRetriesBeforeForcingGC:10]]
[2023.03.17-17.33.53:824][  0]LogConfig: Setting CVar [[gc.AllowParallelGC:1]]
[2023.03.17-17.33.53:824][  0]LogConfig: Setting CVar [[gc.TimeBetweenPurgingPendingKillObjects:61.1]]
[2023.03.17-17.33.53:824][  0]LogConfig: Setting CVar [[gc.MaxObjectsInEditor:25165824]]
[2023.03.17-17.33.53:824][  0]LogConfig: Setting CVar [[gc.IncrementalBeginDestroyEnabled:1]]
[2023.03.17-17.33.53:824][  0]LogConfig: Setting CVar [[gc.CreateGCClusters:1]]
[2023.03.17-17.33.53:824][  0]LogConfig: Setting CVar [[gc.MinGCClusterSize:5]]
[2023.03.17-17.33.53:824][  0]LogConfig: Setting CVar [[gc.ActorClusteringEnabled:0]]
[2023.03.17-17.33.53:824][  0]LogConfig: Setting CVar [[gc.BlueprintClusteringEnabled:0]]
[2023.03.17-17.33.53:824][  0]LogConfig: Setting CVar [[gc.UseDisregardForGCOnDedicatedServers:0]]
[2023.03.17-17.33.53:824][  0]LogConfig: Setting CVar [[gc.MultithreadedDestructionEnabled:1]]
[2023.03.17-17.33.53:824][  0]LogConfig: Applying CVar settings from Section [/Script/Engine.NetworkSettings] File [C:/Users/emmyt/OneDrive/Documents/GitHub/-Journeyman-Twonic---Alpha-Team/Twonic/Saved/Config/Windows/Engine.ini]
[2023.03.17-17.33.53:824][  0]LogConfig: Applying CVar settings from Section [/Script/UnrealEd.CookerSettings] File [C:/Users/emmyt/OneDrive/Documents/GitHub/-Journeyman-Twonic---Alpha-Team/Twonic/Saved/Config/Windows/Engine.ini]
[2023.03.17-17.33.53:824][  0]LogConfig: Applying CVar settings from Section [ViewDistanceQuality@3] File [C:/Users/emmyt/OneDrive/Documents/GitHub/-Journeyman-Twonic---Alpha-Team/Twonic/Saved/Config/Windows/Scalability.ini]
[2023.03.17-17.33.53:824][  0]LogConfig: Setting CVar [[r.SkeletalMeshLODBias:0]]
[2023.03.17-17.33.53:824][  0]LogConfig: Setting CVar [[r.ViewDistanceScale:1.0]]
[2023.03.17-17.33.53:824][  0]LogConfig: Applying CVar settings from Section [AntiAliasingQuality@3] File [C:/Users/emmyt/OneDrive/Documents/GitHub/-Journeyman-Twonic---Alpha-Team/Twonic/Saved/Config/Windows/Scalability.ini]
[2023.03.17-17.33.53:824][  0]LogConfig: Setting CVar [[r.PostProcessAAQuality:4]]
[2023.03.17-17.33.53:824][  0]LogConfig: Applying CVar settings from Section [ShadowQuality@3] File [C:/Users/emmyt/OneDrive/Documents/GitHub/-Journeyman-Twonic---Alpha-Team/Twonic/Saved/Config/Windows/Scalability.ini]
[2023.03.17-17.33.53:824][  0]LogConfig: Setting CVar [[r.LightFunctionQuality:1]]
[2023.03.17-17.33.53:824][  0]LogConfig: Setting CVar [[r.ShadowQuality:5]]
[2023.03.17-17.33.53:824][  0]LogConfig: Setting CVar [[r.Shadow.CSM.MaxCascades:10]]
[2023.03.17-17.33.53:824][  0]LogConfig: Setting CVar [[r.Shadow.MaxResolution:2048]]
[2023.03.17-17.33.53:824][  0]LogConfig: Setting CVar [[r.Shadow.MaxCSMResolution:2048]]
[2023.03.17-17.33.53:824][  0]LogConfig: Setting CVar [[r.Shadow.RadiusThreshold:0.01]]
[2023.03.17-17.33.53:824][  0]LogConfig: Setting CVar [[r.Shadow.DistanceScale:1.0]]
[2023.03.17-17.33.53:824][  0]LogConfig: Setting CVar [[r.Shadow.CSM.TransitionScale:1.0]]
[2023.03.17-17.33.53:824][  0]LogConfig: Setting CVar [[r.Shadow.PreShadowResolutionFactor:1.0]]
[2023.03.17-17.33.53:824][  0]LogConfig: Setting CVar [[r.DistanceFieldShadowing:1]]
[2023.03.17-17.33.53:824][  0]LogConfig: Setting CVar [[r.DistanceFieldAO:1]]
[2023.03.17-17.33.53:824][  0]LogConfig: Setting CVar [[r.AOQuality:2]]
[2023.03.17-17.33.53:824][  0]LogConfig: Setting CVar [[r.VolumetricFog:1]]
[2023.03.17-17.33.53:824][  0]LogConfig: Setting CVar [[r.VolumetricFog.GridPixelSize:8]]
[2023.03.17-17.33.53:824][  0]LogConfig: Setting CVar [[r.VolumetricFog.GridSizeZ:128]]
[2023.03.17-17.33.53:824][  0]LogConfig: Setting CVar [[r.VolumetricFog.HistoryMissSupersampleCount:4]]
[2023.03.17-17.33.53:824][  0]LogConfig: Setting CVar [[r.LightMaxDrawDistanceScale:1]]
[2023.03.17-17.33.53:824][  0]LogConfig: Setting CVar [[r.CapsuleShadows:1]]
[2023.03.17-17.33.53:824][  0]LogConfig: Applying CVar settings from Section [PostProcessQuality@3] File [C:/Users/emmyt/OneDrive/Documents/GitHub/-Journeyman-Twonic---Alpha-Team/Twonic/Saved/Config/Windows/Scalability.ini]
[2023.03.17-17.33.53:824][  0]LogConfig: Setting CVar [[r.MotionBlurQuality:4]]
[2023.03.17-17.33.53:824][  0]LogConfig: Setting CVar [[r.AmbientOcclusionMipLevelFactor:0.4]]
[2023.03.17-17.33.53:824][  0]LogConfig: Setting CVar [[r.AmbientOcclusionMaxQuality:100]]
[2023.03.17-17.33.53:824][  0]LogConfig: Setting CVar [[r.AmbientOcclusionLevels:-1]]
[2023.03.17-17.33.53:824][  0]LogConfig: Setting CVar [[r.AmbientOcclusionRadiusScale:1.0]]
[2023.03.17-17.33.53:824][  0]LogConfig: Setting CVar [[r.DepthOfFieldQuality:2]]
[2023.03.17-17.33.53:824][  0]LogConfig: Setting CVar [[r.RenderTargetPoolMin:400]]
[2023.03.17-17.33.53:824][  0]LogConfig: Setting CVar [[r.LensFlareQuality:2]]
[2023.03.17-17.33.53:824][  0]LogConfig: Setting CVar [[r.SceneColorFringeQuality:1]]
[2023.03.17-17.33.53:824][  0]LogConfig: Setting CVar [[r.EyeAdaptationQuality:2]]
[2023.03.17-17.33.53:824][  0]LogConfig: Setting CVar [[r.BloomQuality:5]]
[2023.03.17-17.33.53:824][  0]LogConfig: Setting CVar [[r.FastBlurThreshold:100]]
[2023.03.17-17.33.53:824][  0]LogConfig: Setting CVar [[r.Upscale.Quality:3]]
[2023.03.17-17.33.53:824][  0]LogConfig: Setting CVar [[r.Tonemapper.GrainQuantization:1]]
[2023.03.17-17.33.53:824][  0]LogConfig: Setting CVar [[r.LightShaftQuality:1]]
[2023.03.17-17.33.53:825][  0]LogConfig: Setting CVar [[r.Filter.SizeScale:1]]
[2023.03.17-17.33.53:825][  0]LogConfig: Setting CVar [[r.Tonemapper.Quality:5]]
[2023.03.17-17.33.53:825][  0]LogConfig: Setting CVar [[r.DOF.Gather.AccumulatorQuality:1        ; higher gathering accumulator quality]]
[2023.03.17-17.33.53:825][  0]LogConfig: Setting CVar [[r.DOF.Gather.PostfilterMethod:1          ; Median3x3 postfilering method]]
[2023.03.17-17.33.53:825][  0]LogConfig: Setting CVar [[r.DOF.Gather.EnableBokehSettings:0       ; no bokeh simulation when gathering]]
[2023.03.17-17.33.53:825][  0]LogConfig: Setting CVar [[r.DOF.Gather.RingCount:4                 ; medium number of samples when gathering]]
[2023.03.17-17.33.53:825][  0]LogConfig: Setting CVar [[r.DOF.Scatter.ForegroundCompositing:1    ; additive foreground scattering]]
[2023.03.17-17.33.53:825][  0]LogConfig: Setting CVar [[r.DOF.Scatter.BackgroundCompositing:2    ; additive background scattering]]
[2023.03.17-17.33.53:825][  0]LogConfig: Setting CVar [[r.DOF.Scatter.EnableBokehSettings:1      ; bokeh simulation when scattering]]
[2023.03.17-17.33.53:825][  0]LogConfig: Setting CVar [[r.DOF.Scatter.MaxSpriteRatio:0.1         ; only a maximum of 10% of scattered bokeh]]
[2023.03.17-17.33.53:825][  0]LogConfig: Setting CVar [[r.DOF.Recombine.Quality:1                ; cheap slight out of focus]]
[2023.03.17-17.33.53:825][  0]LogConfig: Setting CVar [[r.DOF.Recombine.EnableBokehSettings:0    ; no bokeh simulation on slight out of focus]]
[2023.03.17-17.33.53:825][  0]LogConfig: Setting CVar [[r.DOF.TemporalAAQuality:1                ; more stable temporal accumulation]]
[2023.03.17-17.33.53:825][  0]LogConfig: Setting CVar [[r.DOF.Kernel.MaxForegroundRadius:0.025]]
[2023.03.17-17.33.53:825][  0]LogConfig: Setting CVar [[r.DOF.Kernel.MaxBackgroundRadius:0.025]]
[2023.03.17-17.33.53:825][  0]LogConfig: Applying CVar settings from Section [TextureQuality@3] File [C:/Users/emmyt/OneDrive/Documents/GitHub/-Journeyman-Twonic---Alpha-Team/Twonic/Saved/Config/Windows/Scalability.ini]
[2023.03.17-17.33.53:825][  0]LogConfig: Setting CVar [[r.Streaming.MipBias:0]]
[2023.03.17-17.33.53:825][  0]LogConfig: Setting CVar [[r.Streaming.AmortizeCPUToGPUCopy:0]]
[2023.03.17-17.33.53:825][  0]LogConfig: Setting CVar [[r.Streaming.MaxNumTexturesToStreamPerFrame:0]]
[2023.03.17-17.33.53:825][  0]LogConfig: Setting CVar [[r.Streaming.Boost:1]]
[2023.03.17-17.33.53:825][  0]LogConfig: Setting CVar [[r.MaxAnisotropy:8]]
[2023.03.17-17.33.53:825][  0]LogConfig: Setting CVar [[r.VT.MaxAnisotropy:8]]
[2023.03.17-17.33.53:825][  0]LogConfig: Setting CVar [[r.Streaming.LimitPoolSizeToVRAM:0]]
[2023.03.17-17.33.53:825][  0]LogConfig: Setting CVar [[r.Streaming.PoolSize:1000]]
[2023.03.17-17.33.53:825][  0]LogConfig: Setting CVar [[r.Streaming.MaxEffectiveScreenSize:0]]
[2023.03.17-17.33.53:825][  0]LogConfig: Applying CVar settings from Section [EffectsQuality@3] File [C:/Users/emmyt/OneDrive/Documents/GitHub/-Journeyman-Twonic---Alpha-Team/Twonic/Saved/Config/Windows/Scalability.ini]
[2023.03.17-17.33.53:825][  0]LogConfig: Setting CVar [[r.TranslucencyLightingVolumeDim:64]]
[2023.03.17-17.33.53:825][  0]LogConfig: Setting CVar [[r.RefractionQuality:2]]
[2023.03.17-17.33.53:825][  0]LogConfig: Setting CVar [[r.SSR.Quality:3]]
[2023.03.17-17.33.53:825][  0]LogConfig: Setting CVar [[r.SSR.HalfResSceneColor:0]]
[2023.03.17-17.33.53:825][  0]LogConfig: Setting CVar [[r.SceneColorFormat:4]]
[2023.03.17-17.33.53:825][  0]LogConfig: Setting CVar [[r.DetailMode:2]]
[2023.03.17-17.33.53:825][  0]LogConfig: Setting CVar [[r.TranslucencyVolumeBlur:1]]
[2023.03.17-17.33.53:825][  0]LogConfig: Setting CVar [[r.MaterialQualityLevel:1 ; High quality]]
[2023.03.17-17.33.53:825][  0]LogConfig: Setting CVar [[r.AnisotropicMaterials:1]]
[2023.03.17-17.33.53:825][  0]LogConfig: Setting CVar [[r.SSS.Scale:1]]
[2023.03.17-17.33.53:825][  0]LogConfig: Setting CVar [[r.SSS.SampleSet:2]]
[2023.03.17-17.33.53:825][  0]LogConfig: Setting CVar [[r.SSS.Quality:1]]
[2023.03.17-17.33.53:825][  0]LogConfig: Setting CVar [[r.SSS.HalfRes:0]]
[2023.03.17-17.33.53:825][  0]LogConfig: Setting CVar [[r.SSGI.Quality:3]]
[2023.03.17-17.33.53:825][  0]LogConfig: Setting CVar [[r.EmitterSpawnRateScale:1.0]]
[2023.03.17-17.33.53:825][  0]LogConfig: Setting CVar [[r.ParticleLightQuality:2]]
[2023.03.17-17.33.53:825][  0]LogConfig: Setting CVar [[r.SkyAtmosphere.AerialPerspectiveLUT.FastApplyOnOpaque:1 ; Always have FastSkyLUT 1 in this case to avoid wrong sky]]
[2023.03.17-17.33.53:825][  0]LogConfig: Setting CVar [[r.SkyAtmosphere.AerialPerspectiveLUT.SampleCountMaxPerSlice:4]]
[2023.03.17-17.33.53:825][  0]LogConfig: Setting CVar [[r.SkyAtmosphere.AerialPerspectiveLUT.DepthResolution:16.0]]
[2023.03.17-17.33.53:825][  0]LogConfig: Setting CVar [[r.SkyAtmosphere.FastSkyLUT:1]]
[2023.03.17-17.33.53:825][  0]LogConfig: Setting CVar [[r.SkyAtmosphere.FastSkyLUT.SampleCountMin:4.0]]
[2023.03.17-17.33.53:825][  0]LogConfig: Setting CVar [[r.SkyAtmosphere.FastSkyLUT.SampleCountMax:128.0]]
[2023.03.17-17.33.53:825][  0]LogConfig: Setting CVar [[r.SkyAtmosphere.SampleCountMin:4.0]]
[2023.03.17-17.33.53:825][  0]LogConfig: Setting CVar [[r.SkyAtmosphere.SampleCountMax:128.0]]
[2023.03.17-17.33.53:825][  0]LogConfig: Setting CVar [[r.SkyAtmosphere.TransmittanceLUT.UseSmallFormat:0]]
[2023.03.17-17.33.53:825][  0]LogConfig: Setting CVar [[r.SkyAtmosphere.TransmittanceLUT.SampleCount:10.0]]
[2023.03.17-17.33.53:825][  0]LogConfig: Setting CVar [[r.SkyAtmosphere.MultiScatteringLUT.SampleCount:15.0]]
[2023.03.17-17.33.53:825][  0]LogConfig: Setting CVar [[r.SkyLight.RealTimeReflectionCapture:1]]
[2023.03.17-17.33.53:825][  0]LogConfig: Applying CVar settings from Section [FoliageQuality@3] File [C:/Users/emmyt/OneDrive/Documents/GitHub/-Journeyman-Twonic---Alpha-Team/Twonic/Saved/Config/Windows/Scalability.ini]
[2023.03.17-17.33.53:825][  0]LogConfig: Setting CVar [[foliage.DensityScale:1.0]]
[2023.03.17-17.33.53:825][  0]LogConfig: Setting CVar [[grass.DensityScale:1.0]]
[2023.03.17-17.33.53:825][  0]LogConfig: Applying CVar settings from Section [ShadingQuality@3] File [C:/Users/emmyt/OneDrive/Documents/GitHub/-Journeyman-Twonic---Alpha-Team/Twonic/Saved/Config/Windows/Scalability.ini]
[2023.03.17-17.33.53:825][  0]LogConfig: Setting CVar [[r.HairStrands.SkyLighting.IntegrationType:2]]
[2023.03.17-17.33.53:825][  0]LogConfig: Setting CVar [[r.HairStrands.SkyAO.SampleCount:4]]
[2023.03.17-17.33.53:825][  0]LogConfig: Setting CVar [[r.HairStrands.Visibility.MSAA.SamplePerPixel:4]]
[2023.03.17-17.33.53:829][  0]LogInit: Selected Device Profile: [Windows]
[2023.03.17-17.33.53:829][  0]LogInit: Applying CVar settings loaded from the selected device profile: [Windows]
[2023.03.17-17.33.53:829][  0]LogHAL: Display: Platform has ~ 8 GB [8464343040 / 8589934592 / 8], which maps to Default [LargestMinGB=32, LargerMinGB=12, DefaultMinGB=8, SmallerMinGB=6, SmallestMinGB=0)
[2023.03.17-17.33.53:829][  0]LogInit: Going up to parent DeviceProfile []
[2023.03.17-17.33.53:829][  0]LogConfig: Applying CVar settings from Section [ViewDistanceQuality@3] File [C:/Users/emmyt/OneDrive/Documents/GitHub/-Journeyman-Twonic---Alpha-Team/Twonic/Saved/Config/Windows/Scalability.ini]
[2023.03.17-17.33.53:829][  0]LogConfig: Setting CVar [[r.SkeletalMeshLODBias:0]]
[2023.03.17-17.33.53:829][  0]LogConfig: Setting CVar [[r.ViewDistanceScale:1.0]]
[2023.03.17-17.33.53:829][  0]LogConfig: Applying CVar settings from Section [AntiAliasingQuality@3] File [C:/Users/emmyt/OneDrive/Documents/GitHub/-Journeyman-Twonic---Alpha-Team/Twonic/Saved/Config/Windows/Scalability.ini]
[2023.03.17-17.33.53:829][  0]LogConfig: Setting CVar [[r.PostProcessAAQuality:4]]
[2023.03.17-17.33.53:829][  0]LogConfig: Applying CVar settings from Section [ShadowQuality@3] File [C:/Users/emmyt/OneDrive/Documents/GitHub/-Journeyman-Twonic---Alpha-Team/Twonic/Saved/Config/Windows/Scalability.ini]
[2023.03.17-17.33.53:829][  0]LogConfig: Setting CVar [[r.LightFunctionQuality:1]]
[2023.03.17-17.33.53:829][  0]LogConfig: Setting CVar [[r.ShadowQuality:5]]
[2023.03.17-17.33.53:829][  0]LogConfig: Setting CVar [[r.Shadow.CSM.MaxCascades:10]]
[2023.03.17-17.33.53:829][  0]LogConfig: Setting CVar [[r.Shadow.MaxResolution:2048]]
[2023.03.17-17.33.53:829][  0]LogConfig: Setting CVar [[r.Shadow.MaxCSMResolution:2048]]
[2023.03.17-17.33.53:829][  0]LogConfig: Setting CVar [[r.Shadow.RadiusThreshold:0.01]]
[2023.03.17-17.33.53:829][  0]LogConfig: Setting CVar [[r.Shadow.DistanceScale:1.0]]
[2023.03.17-17.33.53:829][  0]LogConfig: Setting CVar [[r.Shadow.CSM.TransitionScale:1.0]]
[2023.03.17-17.33.53:829][  0]LogConfig: Setting CVar [[r.Shadow.PreShadowResolutionFactor:1.0]]
[2023.03.17-17.33.53:829][  0]LogConfig: Setting CVar [[r.DistanceFieldShadowing:1]]
[2023.03.17-17.33.53:829][  0]LogConfig: Setting CVar [[r.DistanceFieldAO:1]]
[2023.03.17-17.33.53:829][  0]LogConfig: Setting CVar [[r.AOQuality:2]]
[2023.03.17-17.33.53:829][  0]LogConfig: Setting CVar [[r.VolumetricFog:1]]
[2023.03.17-17.33.53:829][  0]LogConfig: Setting CVar [[r.VolumetricFog.GridPixelSize:8]]
[2023.03.17-17.33.53:829][  0]LogConfig: Setting CVar [[r.VolumetricFog.GridSizeZ:128]]
[2023.03.17-17.33.53:829][  0]LogConfig: Setting CVar [[r.VolumetricFog.HistoryMissSupersampleCount:4]]
[2023.03.17-17.33.53:829][  0]LogConfig: Setting CVar [[r.LightMaxDrawDistanceScale:1]]
[2023.03.17-17.33.53:829][  0]LogConfig: Setting CVar [[r.CapsuleShadows:1]]
[2023.03.17-17.33.53:829][  0]LogConfig: Applying CVar settings from Section [PostProcessQuality@3] File [C:/Users/emmyt/OneDrive/Documents/GitHub/-Journeyman-Twonic---Alpha-Team/Twonic/Saved/Config/Windows/Scalability.ini]
[2023.03.17-17.33.53:829][  0]LogConfig: Setting CVar [[r.MotionBlurQuality:4]]
[2023.03.17-17.33.53:829][  0]LogConfig: Setting CVar [[r.AmbientOcclusionMipLevelFactor:0.4]]
[2023.03.17-17.33.53:829][  0]LogConfig: Setting CVar [[r.AmbientOcclusionMaxQuality:100]]
[2023.03.17-17.33.53:829][  0]LogConfig: Setting CVar [[r.AmbientOcclusionLevels:-1]]
[2023.03.17-17.33.53:829][  0]LogConfig: Setting CVar [[r.AmbientOcclusionRadiusScale:1.0]]
[2023.03.17-17.33.53:830][  0]LogConfig: Setting CVar [[r.DepthOfFieldQuality:2]]
[2023.03.17-17.33.53:830][  0]LogConfig: Setting CVar [[r.RenderTargetPoolMin:400]]
[2023.03.17-17.33.53:830][  0]LogConfig: Setting CVar [[r.LensFlareQuality:2]]
[2023.03.17-17.33.53:830][  0]LogConfig: Setting CVar [[r.SceneColorFringeQuality:1]]
[2023.03.17-17.33.53:830][  0]LogConfig: Setting CVar [[r.EyeAdaptationQuality:2]]
[2023.03.17-17.33.53:830][  0]LogConfig: Setting CVar [[r.BloomQuality:5]]
[2023.03.17-17.33.53:830][  0]LogConfig: Setting CVar [[r.FastBlurThreshold:100]]
[2023.03.17-17.33.53:830][  0]LogConfig: Setting CVar [[r.Upscale.Quality:3]]
[2023.03.17-17.33.53:830][  0]LogConfig: Setting CVar [[r.Tonemapper.GrainQuantization:1]]
[2023.03.17-17.33.53:830][  0]LogConfig: Setting CVar [[r.LightShaftQuality:1]]
[2023.03.17-17.33.53:830][  0]LogConfig: Setting CVar [[r.Filter.SizeScale:1]]
[2023.03.17-17.33.53:830][  0]LogConfig: Setting CVar [[r.Tonemapper.Quality:5]]
[2023.03.17-17.33.53:830][  0]LogConfig: Setting CVar [[r.DOF.Gather.AccumulatorQuality:1        ; higher gathering accumulator quality]]
[2023.03.17-17.33.53:830][  0]LogConfig: Setting CVar [[r.DOF.Gather.PostfilterMethod:1          ; Median3x3 postfilering method]]
[2023.03.17-17.33.53:830][  0]LogConfig: Setting CVar [[r.DOF.Gather.EnableBokehSettings:0       ; no bokeh simulation when gathering]]
[2023.03.17-17.33.53:830][  0]LogConfig: Setting CVar [[r.DOF.Gather.RingCount:4                 ; medium number of samples when gathering]]
[2023.03.17-17.33.53:830][  0]LogConfig: Setting CVar [[r.DOF.Scatter.ForegroundCompositing:1    ; additive foreground scattering]]
[2023.03.17-17.33.53:830][  0]LogConfig: Setting CVar [[r.DOF.Scatter.BackgroundCompositing:2    ; additive background scattering]]
[2023.03.17-17.33.53:830][  0]LogConfig: Setting CVar [[r.DOF.Scatter.EnableBokehSettings:1      ; bokeh simulation when scattering]]
[2023.03.17-17.33.53:830][  0]LogConfig: Setting CVar [[r.DOF.Scatter.MaxSpriteRatio:0.1         ; only a maximum of 10% of scattered bokeh]]
[2023.03.17-17.33.53:830][  0]LogConfig: Setting CVar [[r.DOF.Recombine.Quality:1                ; cheap slight out of focus]]
[2023.03.17-17.33.53:830][  0]LogConfig: Setting CVar [[r.DOF.Recombine.EnableBokehSettings:0    ; no bokeh simulation on slight out of focus]]
[2023.03.17-17.33.53:830][  0]LogConfig: Setting CVar [[r.DOF.TemporalAAQuality:1                ; more stable temporal accumulation]]
[2023.03.17-17.33.53:830][  0]LogConfig: Setting CVar [[r.DOF.Kernel.MaxForegroundRadius:0.025]]
[2023.03.17-17.33.53:830][  0]LogConfig: Setting CVar [[r.DOF.Kernel.MaxBackgroundRadius:0.025]]
[2023.03.17-17.33.53:830][  0]LogConfig: Applying CVar settings from Section [TextureQuality@3] File [C:/Users/emmyt/OneDrive/Documents/GitHub/-Journeyman-Twonic---Alpha-Team/Twonic/Saved/Config/Windows/Scalability.ini]
[2023.03.17-17.33.53:830][  0]LogConfig: Setting CVar [[r.Streaming.MipBias:0]]
[2023.03.17-17.33.53:830][  0]LogConfig: Setting CVar [[r.Streaming.AmortizeCPUToGPUCopy:0]]
[2023.03.17-17.33.53:830][  0]LogConfig: Setting CVar [[r.Streaming.MaxNumTexturesToStreamPerFrame:0]]
[2023.03.17-17.33.53:830][  0]LogConfig: Setting CVar [[r.Streaming.Boost:1]]
[2023.03.17-17.33.53:831][  0]LogConfig: Setting CVar [[r.MaxAnisotropy:8]]
[2023.03.17-17.33.53:831][  0]LogConfig: Setting CVar [[r.VT.MaxAnisotropy:8]]
[2023.03.17-17.33.53:831][  0]LogConfig: Setting CVar [[r.Streaming.LimitPoolSizeToVRAM:0]]
[2023.03.17-17.33.53:831][  0]LogConfig: Setting CVar [[r.Streaming.PoolSize:1000]]
[2023.03.17-17.33.53:831][  0]LogConfig: Setting CVar [[r.Streaming.MaxEffectiveScreenSize:0]]
[2023.03.17-17.33.53:831][  0]LogConfig: Applying CVar settings from Section [EffectsQuality@3] File [C:/Users/emmyt/OneDrive/Documents/GitHub/-Journeyman-Twonic---Alpha-Team/Twonic/Saved/Config/Windows/Scalability.ini]
[2023.03.17-17.33.53:831][  0]LogConfig: Setting CVar [[r.TranslucencyLightingVolumeDim:64]]
[2023.03.17-17.33.53:831][  0]LogConfig: Setting CVar [[r.RefractionQuality:2]]
[2023.03.17-17.33.53:831][  0]LogConfig: Setting CVar [[r.SSR.Quality:3]]
[2023.03.17-17.33.53:831][  0]LogConfig: Setting CVar [[r.SSR.HalfResSceneColor:0]]
[2023.03.17-17.33.53:831][  0]LogConfig: Setting CVar [[r.SceneColorFormat:4]]
[2023.03.17-17.33.53:831][  0]LogConfig: Setting CVar [[r.DetailMode:2]]
[2023.03.17-17.33.53:831][  0]LogConfig: Setting CVar [[r.TranslucencyVolumeBlur:1]]
[2023.03.17-17.33.53:831][  0]LogConfig: Setting CVar [[r.MaterialQualityLevel:1 ; High quality]]
[2023.03.17-17.33.53:831][  0]LogConfig: Setting CVar [[r.AnisotropicMaterials:1]]
[2023.03.17-17.33.53:831][  0]LogConfig: Setting CVar [[r.SSS.Scale:1]]
[2023.03.17-17.33.53:831][  0]LogConfig: Setting CVar [[r.SSS.SampleSet:2]]
[2023.03.17-17.33.53:831][  0]LogConfig: Setting CVar [[r.SSS.Quality:1]]
[2023.03.17-17.33.53:831][  0]LogConfig: Setting CVar [[r.SSS.HalfRes:0]]
[2023.03.17-17.33.53:831][  0]LogConfig: Setting CVar [[r.SSGI.Quality:3]]
[2023.03.17-17.33.53:831][  0]LogConfig: Setting CVar [[r.EmitterSpawnRateScale:1.0]]
[2023.03.17-17.33.53:831][  0]LogConfig: Setting CVar [[r.ParticleLightQuality:2]]
[2023.03.17-17.33.53:831][  0]LogConfig: Setting CVar [[r.SkyAtmosphere.AerialPerspectiveLUT.FastApplyOnOpaque:1 ; Always have FastSkyLUT 1 in this case to avoid wrong sky]]
[2023.03.17-17.33.53:831][  0]LogConfig: Setting CVar [[r.SkyAtmosphere.AerialPerspectiveLUT.SampleCountMaxPerSlice:4]]
[2023.03.17-17.33.53:831][  0]LogConfig: Setting CVar [[r.SkyAtmosphere.AerialPerspectiveLUT.DepthResolution:16.0]]
[2023.03.17-17.33.53:831][  0]LogConfig: Setting CVar [[r.SkyAtmosphere.FastSkyLUT:1]]
[2023.03.17-17.33.53:831][  0]LogConfig: Setting CVar [[r.SkyAtmosphere.FastSkyLUT.SampleCountMin:4.0]]
[2023.03.17-17.33.53:831][  0]LogConfig: Setting CVar [[r.SkyAtmosphere.FastSkyLUT.SampleCountMax:128.0]]
[2023.03.17-17.33.53:831][  0]LogConfig: Setting CVar [[r.SkyAtmosphere.SampleCountMin:4.0]]
[2023.03.17-17.33.53:831][  0]LogConfig: Setting CVar [[r.SkyAtmosphere.SampleCountMax:128.0]]
[2023.03.17-17.33.53:831][  0]LogConfig: Setting CVar [[r.SkyAtmosphere.TransmittanceLUT.UseSmallFormat:0]]
[2023.03.17-17.33.53:831][  0]LogConfig: Setting CVar [[r.SkyAtmosphere.TransmittanceLUT.SampleCount:10.0]]
[2023.03.17-17.33.53:831][  0]LogConfig: Setting CVar [[r.SkyAtmosphere.MultiScatteringLUT.SampleCount:15.0]]
[2023.03.17-17.33.53:832][  0]LogConfig: Setting CVar [[r.SkyLight.RealTimeReflectionCapture:1]]
[2023.03.17-17.33.53:832][  0]LogConfig: Applying CVar settings from Section [FoliageQuality@3] File [C:/Users/emmyt/OneDrive/Documents/GitHub/-Journeyman-Twonic---Alpha-Team/Twonic/Saved/Config/Windows/Scalability.ini]
[2023.03.17-17.33.53:832][  0]LogConfig: Setting CVar [[foliage.DensityScale:1.0]]
[2023.03.17-17.33.53:832][  0]LogConfig: Setting CVar [[grass.DensityScale:1.0]]
[2023.03.17-17.33.53:832][  0]LogConfig: Applying CVar settings from Section [ShadingQuality@3] File [C:/Users/emmyt/OneDrive/Documents/GitHub/-Journeyman-Twonic---Alpha-Team/Twonic/Saved/Config/Windows/Scalability.ini]
[2023.03.17-17.33.53:832][  0]LogConfig: Setting CVar [[r.HairStrands.SkyLighting.IntegrationType:2]]
[2023.03.17-17.33.53:832][  0]LogConfig: Setting CVar [[r.HairStrands.SkyAO.SampleCount:4]]
[2023.03.17-17.33.53:832][  0]LogConfig: Setting CVar [[r.HairStrands.Visibility.MSAA.SamplePerPixel:4]]
[2023.03.17-17.33.53:832][  0]LogConfig: Applying CVar settings from Section [Startup] File [../../../Engine/Config/ConsoleVariables.ini]
[2023.03.17-17.33.53:832][  0]LogConfig: Setting CVar [[net.UseAdaptiveNetUpdateFrequency:0]]
[2023.03.17-17.33.53:832][  0]LogConfig: Setting CVar [[p.chaos.AllowCreatePhysxBodies:1]]
[2023.03.17-17.33.53:832][  0]LogConfig: Setting CVar [[fx.SkipVectorVMBackendOptimizations:1]]
[2023.03.17-17.33.53:832][  0]LogConfig: Applying CVar settings from Section [ConsoleVariables] File [C:/Users/emmyt/OneDrive/Documents/GitHub/-Journeyman-Twonic---Alpha-Team/Twonic/Saved/Config/Windows/Engine.ini]
[2023.03.17-17.33.53:832][  0]LogConfig: Applying CVar settings from Section [ConsoleVariables] File [C:/Users/emmyt/OneDrive/Documents/GitHub/-Journeyman-Twonic---Alpha-Team/Twonic/Saved/Config/Windows/Editor.ini]
[2023.03.17-17.33.53:832][  0]LogInit: Computer: LAPTOP-OVB59CM9
[2023.03.17-17.33.53:832][  0]LogInit: User: emmyt
[2023.03.17-17.33.53:832][  0]LogInit: CPU Page size=4096, Cores=4
[2023.03.17-17.33.53:832][  0]LogInit: High frequency timer resolution =10.000000 MHz
[2023.03.17-17.33.53:832][  0]LogMemory: Memory total: Physical=7.9GB (8GB approx)
[2023.03.17-17.33.53:833][  0]LogMemory: Platform Memory Stats for Windows
[2023.03.17-17.33.53:833][  0]LogMemory: Process Physical Memory: 140.14 MB used, 140.14 MB peak
[2023.03.17-17.33.53:833][  0]LogMemory: Process Virtual Memory: 117.58 MB used, 117.58 MB peak
[2023.03.17-17.33.53:833][  0]LogMemory: Physical Memory: 6713.59 MB used,  1358.64 MB free, 8072.23 MB total
[2023.03.17-17.33.53:833][  0]LogMemory: Virtual Memory: 134214248.00 MB used,  3476.56 MB free, 134217728.00 MB total
[2023.03.17-17.33.53:841][  0]LogWindows: WindowsPlatformFeatures enabled
[2023.03.17-17.33.53:895][  0]LogInit: Physics initialised using underlying interface: PhysX
[2023.03.17-17.33.53:895][  0]LogInit: Using OS detected language (en-GB).
[2023.03.17-17.33.53:895][  0]LogInit: Using OS detected locale (en-GB).
[2023.03.17-17.33.53:898][  0]LogTextLocalizationManager: No specific localization for 'en-GB' exists, so the 'en' localization will be used.
[2023.03.17-17.33.55:002][  0]LogTargetPlatformManager: Display: Loaded TargetPlatform 'AllDesktop'
[2023.03.17-17.33.55:028][  0]LogTargetPlatformManager: Display: Loaded TargetPlatform 'Android'
[2023.03.17-17.33.55:028][  0]LogTargetPlatformManager: Display: Loaded TargetPlatform 'Android_ASTC'
[2023.03.17-17.33.55:028][  0]LogTargetPlatformManager: Display: Loaded TargetPlatform 'Android_DXT'
[2023.03.17-17.33.55:028][  0]LogTargetPlatformManager: Display: Loaded TargetPlatform 'Android_ETC2'
[2023.03.17-17.33.55:028][  0]LogTargetPlatformManager: Display: Loaded TargetPlatform 'AndroidClient'
[2023.03.17-17.33.55:028][  0]LogTargetPlatformManager: Display: Loaded TargetPlatform 'Android_ASTCClient'
[2023.03.17-17.33.55:028][  0]LogTargetPlatformManager: Display: Loaded TargetPlatform 'Android_DXTClient'
[2023.03.17-17.33.55:028][  0]LogTargetPlatformManager: Display: Loaded TargetPlatform 'Android_ETC2Client'
[2023.03.17-17.33.55:028][  0]LogTargetPlatformManager: Display: Loaded TargetPlatform 'Android_Multi'
[2023.03.17-17.33.55:028][  0]LogTargetPlatformManager: Display: Loaded TargetPlatform 'Android_MultiClient'
[2023.03.17-17.33.55:053][  0]LogTargetPlatformManager: Display: Loaded TargetPlatform 'IOSClient'
[2023.03.17-17.33.55:053][  0]LogTargetPlatformManager: Display: Loaded TargetPlatform 'IOS'
[2023.03.17-17.33.55:065][  0]LogTargetPlatformManager: Display: Loaded TargetPlatform 'Linux'
[2023.03.17-17.33.55:070][  0]LogTargetPlatformManager: Display: Loaded TargetPlatform 'LinuxNoEditor'
[2023.03.17-17.33.55:075][  0]LogTargetPlatformManager: Display: Loaded TargetPlatform 'LinuxClient'
[2023.03.17-17.33.55:080][  0]LogTargetPlatformManager: Display: Loaded TargetPlatform 'LinuxServer'
[2023.03.17-17.33.55:094][  0]LogTargetPlatformManager: Display: Loaded TargetPlatform 'LinuxAArch64NoEditor'
[2023.03.17-17.33.55:099][  0]LogTargetPlatformManager: Display: Loaded TargetPlatform 'LinuxAArch64Client'
[2023.03.17-17.33.55:104][  0]LogTargetPlatformManager: Display: Loaded TargetPlatform 'LinuxAArch64Server'
[2023.03.17-17.33.55:136][  0]LogTargetPlatformManager: Display: Loaded TargetPlatform 'Lumin'
[2023.03.17-17.33.55:136][  0]LogTargetPlatformManager: Display: Loaded TargetPlatform 'LuminClient'
[2023.03.17-17.33.55:145][  0]LogTargetPlatformManager: Display: Loaded TargetPlatform 'MacNoEditor'
[2023.03.17-17.33.55:150][  0]LogTargetPlatformManager: Display: Loaded TargetPlatform 'Mac'
[2023.03.17-17.33.55:156][  0]LogTargetPlatformManager: Display: Loaded TargetPlatform 'MacClient'
[2023.03.17-17.33.55:161][  0]LogTargetPlatformManager: Display: Loaded TargetPlatform 'MacServer'
[2023.03.17-17.33.55:175][  0]LogTargetPlatformManager: Display: Loaded TargetPlatform 'TVOSClient'
[2023.03.17-17.33.55:175][  0]LogTargetPlatformManager: Display: Loaded TargetPlatform 'TVOS'
[2023.03.17-17.33.55:186][  0]LogTargetPlatformManager: Display: Loaded TargetPlatform 'WindowsNoEditor'
[2023.03.17-17.33.55:190][  0]LogTargetPlatformManager: Display: Loaded TargetPlatform 'Windows'
[2023.03.17-17.33.55:199][  0]LogTargetPlatformManager: Display: Loaded TargetPlatform 'WindowsClient'
[2023.03.17-17.33.55:206][  0]LogTargetPlatformManager: Display: Loaded TargetPlatform 'WindowsServer'
[2023.03.17-17.33.55:207][  0]LogTargetPlatformManager: Display: Building Assets For Windows
[2023.03.17-17.33.55:255][  0]LogAudioDebug: Display: Lib vorbis DLL was dynamically loaded.
[2023.03.17-17.33.55:297][  0]LogTextureFormatOodle: Display: Oodle Texture 2.9.0 init RDO Off
[2023.03.17-17.33.55:349][  0]LogRendererCore: Ray tracing is disabled. Reason: r.RayTracing=0.
[2023.03.17-17.33.55:349][  0]LogShaderCompilers: Guid format shader working directory is -34 characters bigger than the processId version (C:/Users/emmyt/OneDrive/Documents/GitHub/-Journeyman-Twonic---Alpha-Team/Twonic/Intermediate/Shaders/WorkingDirectory/12668/).
[2023.03.17-17.33.55:349][  0]LogShaderCompilers: Cleaned the shader compiler working directory 'C:/Users/emmyt/AppData/Local/Temp/UnrealShaderWorkingDir/22B05AC9478BBBDD1C63A78E0E7A1C77/'.
[2023.03.17-17.33.55:349][  0]LogXGEController: Cannot use XGE Controller as Incredibuild is not installed on this machine.
[2023.03.17-17.33.55:349][  0]LogShaderCompilers: Cannot use XGE Shader Compiler as Incredibuild is not installed on this machine.
[2023.03.17-17.33.55:349][  0]LogShaderCompilers: Display: Using Local Shader Compiler.
[2023.03.17-17.33.56:129][  0]LogDerivedDataCache: Display: Max Cache Size: 512 MB
[2023.03.17-17.33.56:139][  0]LogDerivedDataCache: Loaded boot cache 0.01s 14MB C:/Users/emmyt/AppData/Local/UnrealEngine/4.27/DerivedDataCache/Boot.ddc.
[2023.03.17-17.33.56:139][  0]LogDerivedDataCache: Display: Loaded Boot cache: C:/Users/emmyt/AppData/Local/UnrealEngine/4.27/DerivedDataCache/Boot.ddc
[2023.03.17-17.33.56:140][  0]LogDerivedDataCache: FDerivedDataBackendGraph:  Pak pak cache file C:/Users/emmyt/OneDrive/Documents/GitHub/-Journeyman-Twonic---Alpha-Team/Twonic/DerivedDataCache/DDC.ddp not found, will not use a pak cache.
[2023.03.17-17.33.56:140][  0]LogDerivedDataCache: Unable to find inner node Pak for hierarchical cache Hierarchy.
[2023.03.17-17.33.56:140][  0]LogDerivedDataCache: FDerivedDataBackendGraph:  CompressedPak pak cache file C:/Users/emmyt/OneDrive/Documents/GitHub/-Journeyman-Twonic---Alpha-Team/Twonic/DerivedDataCache/Compressed.ddp not found, will not use a pak cache.
[2023.03.17-17.33.56:140][  0]LogDerivedDataCache: Unable to find inner node CompressedPak for hierarchical cache Hierarchy.
[2023.03.17-17.33.56:157][  0]LogDerivedDataCache: Display: Pak cache opened for reading ../../../Engine/DerivedDataCache/Compressed.ddp.
[2023.03.17-17.33.56:157][  0]LogDerivedDataCache: FDerivedDataBackendGraph:  EnterprisePak pak cache file ../../../Enterprise/DerivedDataCache/Compressed.ddp not found, will not use a pak cache.
[2023.03.17-17.33.56:157][  0]LogDerivedDataCache: Unable to find inner node EnterprisePak for hierarchical cache Hierarchy.
[2023.03.17-17.33.56:213][  0]LogDerivedDataCache: Speed tests for C:/Users/emmyt/AppData/Local/UnrealEngine/Common/DerivedDataCache took 0.06 seconds
[2023.03.17-17.33.56:213][  0]LogDerivedDataCache: Display: Performance to C:/Users/emmyt/AppData/Local/UnrealEngine/Common/DerivedDataCache: Latency=0.04ms. RandomReadSpeed=921.12MBs, RandomWriteSpeed=17.09MBs. Assigned SpeedClass 'Local'
[2023.03.17-17.33.56:214][  0]LogDerivedDataCache: Using Local data cache path C:/Users/emmyt/AppData/Local/UnrealEngine/Common/DerivedDataCache: Writable
[2023.03.17-17.33.56:214][  0]LogDerivedDataCache: Shared data cache path not found in *engine.ini, will not use an Shared cache.
[2023.03.17-17.33.56:214][  0]LogDerivedDataCache: Unable to find inner node Shared for hierarchical cache Hierarchy.
[2023.03.17-17.33.56:219][  0]LogAssetRegistry: FAssetRegistry took 0.0016 seconds to start up
[2023.03.17-17.33.56:516][  0]LogInit: Selected Device Profile: [Windows]
[2023.03.17-17.33.56:516][  0]LogInit: Active device profile: [000001511C1E2D00][0000015118A960C0 49] Windows
[2023.03.17-17.33.56:516][  0]LogInit: Profiles: [000001511C1E2D00][0000015118A960C0 49] Windows, [000001511C189800][000001510C266240 49] WindowsNoEditor, [000001511C1E2200][000001510C26A3C0 49] WindowsServer, [000001511C18A200][000001510C26E540 49] WindowsClient, [000001511C1E3500][000001510C2726C0 49] IOS, [000001511C18B900][000001510C276840 49] iPadAir, [000001511C189400][000001510C27A9C0 49] iPadAir2, [000001511C131100][000001511A702C80 49] IPadPro, [000001511C131200][000001510C27ECC0 49] iPadAir3, [000001511C1E0D00][000001511A70CE40 49] iPadAir4, [000001511C133100][000001511A710FC0 49] iPadMini2, [000001511C130600][000001511A715140 49] iPadMini3, [000001511C18A900][000001511A7192C0 49] iPadMini4, [000001511C133900][00000151198BD400 49] iPadMini5, [000001511C150A00][000001511A721640 49] iPhone6, [000001511C150B00][000001511A71D680 49] iPodTouch6, [000001511C1E0A00][000001511A72D900 49] iPhone7, [000001511C1E0900][000001511A725940 49] iPodTouch7, [000001511C150300][000001511A731AC0 49] iPhone5S, [000001511C189D00][000001511AB0E0C0 49] iPhone6Plus, [000001511C153D00][000001511AB12240 49] iPhone6S, [000001511C188D00][000001511AB163C0 49] iPhone6SPlus, [000001511C153200][000001511AB1A540 49] iPhone7Plus, [000001511C188100][000001511AB1E6C0 49] iPhoneSE, [000001511C151100][000001511AB22840 49] iPhone8, [000001511C189300][000001511AB269C0 49] iPhone8Plus, [000001511C150200][000001511AB2AB40 49] iPhoneX, [000001511C1E1200][000001511AB2ECC0 49] iPhoneXS, [000001511C151300][000001511AB32E40 49] iPhoneXSMax, [000001511C1E2600][000001511AB36FC0 49] iPhoneXR, [000001511C150F00][000001511AB3B140 49] iPhone11, [000001511C1E0B00][000001511AB3F2C0 49] iPhone11Pro, [000001511C151E00][000001511AB43440 49] iPhone11ProMax, [000001511C1E1100][000001511AB475C0 49] iPhoneSE2, [000001511C151200][000001511A729700 49] iPhone12Mini, [000001511C1E0200][000001511AB4B840 49] iPhone12, [000001511C152000][000001511AB4F980 49] iPhone12Pro, [000001511C1E0C00][000001511AB57B00 49] iPhone12ProMax, [000001511C153A00][000001511AB5A100 49] iPadPro105, [000001511C1E2B00][000001511AB5E280 49] iPadPro129, [000001511C153500][000001511AB62400 49] iPadPro97, [000001511C1E1C00][000001511AB66580 49] iPadPro2_129, [000001511C151D00][000001511AB6A700 49] iPad5, [000001511C1E2000][000001511CD3E880 49] iPad6, [000001511C150700][000001511CD42A00 49] iPad7, [000001511C1E3600][000001511CD46B80 49] iPad8, [000001511C151A00][000001511CD4AD00 49] iPadPro11, [000001511C1E0F00][000001511CD4EE80 49] iPadPro2_11, [000001511C152B00][000001511CD53000 49] iPadPro3_129, [000001511C1E3900][000001511CD57180 49] iPadPro4_129, [000001511C150100][000001511CD5B300 49] AppleTV, [000001511C1E0400][000001511CD5F480 49] AppleTV4K, [000001511C150600][000001511CD63600 49] TVOS, [000001511C1E2900][000001511CD67780 49] Mac, [000001511C151500][000001511AB538C0 49] MacClient, [000001511C1E2A00][000001511CD6BA00 49] MacNoEditor, [000001511C151700][000001511CD6FB40 49] MacServer, [000001511C1E0700][000001511CD76140 49] Linux, [000001511C150800][000001511CD7A2C0 49] LinuxAArch64, [000001511C1E1600][000001511CD7E440 49] LinuxNoEditor, [000001511C152D00][000001511CD825C0 49] LinuxAArch64NoEditor, [000001511C1E1D00][000001511CD86740 49] LinuxClient, [000001511C152900][000001511CD8A8C0 49] LinuxAArch64Client, [000001511C1E3700][000001511CD8EA40 49] LinuxServer, [000001511C152100][000001511CD92BC0 49] LinuxAArch64Server, [000001511C1E0100][000001511CD96D40 49] Android, [000001511C152C00][000001511CD9AEC0 49] Android_Low, [000001511C1E3300][000001511CD9F040 49] Android_Mid, [000001511C151B00][000001511CDA31C0 49] Android_High, [000001511C189000][000001511CDA7340 49] Android_Default, [000001511C132200][000001511CDAB4C0 49] Android_Adreno4xx, [000001511C188E00][000001511CDAF640 49] Android_Adreno5xx_Low, [000001511C133A00][000001511CDB37C0 49] Android_Adreno5xx, [000001511C18B300][000001511CDB7940 49] Android_Adreno6xx, [000001511C132D00][000001511CD73A80 49] Android_Adreno6xx_Vulkan, [000001511C18AE00][000001511CDBBBC0 49] Android_Mali_T6xx, [000001511C131C00][000001511CDBE180 49] Android_Mali_T7xx, [000001511C18B800][000001511CDC22C0 49] Android_Mali_T8xx, [000001511C133700][000001511CDCA440 49] Android_Mali_G71, [000001511C189900][000001511CDCE5C0 49] Android_Mali_G72, [000001511C132B00][000001511CDD2740 49] Android_Mali_G72_Vulkan, [000001511C18AF00][000001511CDD68C0 49] Android_Mali_G76, [000001511C132800][000001511CDDAA40 49] Android_Mali_G76_Vulkan, [000001511C188500][000001511CDDEBC0 49] Android_Mali_G77, [000001511C133F00][000001511CDE2D40 49] Android_Mali_G77_Vulkan, [000001511C18B200][000001511CDE6EC0 49] Android_Mali_G78, [000001511C130400][000001511CDEB040 49] Android_Mali_G78_Vulkan, [000001511C18A500][000001511CDEF1C0 49] Android_Mali_G710, [000001511C133000][000001511CDF3340 49] Android_Mali_G710_Vulkan, [000001511C189A00][000001511CDF74C0 49] Android_Vulkan_SM5, [000001511C131600][000001511CDFB640 49] Android_PowerVR_G6xxx, [000001511C18BB00][000001511CDFF7C0 49] Android_PowerVR_GT7xxx, [000001511C132500][000001511CE03940 49] Android_PowerVR_GE8xxx, [000001511C18A300][000001511CE07AC0 49] Android_PowerVR_GM9xxx, [000001511C131900][000001511CDC7C00 49] Android_PowerVR_GM9xxx_Vulkan, [000001511C18A000][000001511CE0A1C0 49] Android_TegraK1, [000001511C131300][000001511CE0E300 49] Android_Unknown_Vulkan, [000001511C189B00][000001511CE12440 49] Lumin, [000001511C130300][000001511CE1A5C0 49] Lumin_Desktop, [000001511C18B500][000001511CE1E740 49] HoloLens, 
[2023.03.17-17.33.56:557][  0]LogMeshReduction: Using QuadricMeshReduction for automatic static mesh reduction
[2023.03.17-17.33.56:557][  0]LogMeshReduction: Using SimplygonMeshReduction for automatic skeletal mesh reduction
[2023.03.17-17.33.56:557][  0]LogMeshReduction: Using ProxyLODMeshReduction for automatic mesh merging
[2023.03.17-17.33.56:557][  0]LogMeshReduction: No distributed automatic mesh merging module available
[2023.03.17-17.33.56:557][  0]LogMeshMerging: No distributed automatic mesh merging module available
[2023.03.17-17.33.56:566][  0]LogNetVersion: Twonic 1.0.0, NetCL: 17155196, EngineNetVer: 17, GameNetVer: 0 (Checksum: 4023415434)
[2023.03.17-17.33.56:744][  0]LogHMD: PokeAHoleMaterial loaded successfully
[2023.03.17-17.33.56:864][  0]LogCollectionManager: Loaded 0 collections in 0.000930 seconds
[2023.03.17-17.33.56:866][  0]LogFileCache: Scanning file cache for directory 'C:/Users/emmyt/OneDrive/Documents/GitHub/-Journeyman-Twonic---Alpha-Team/Twonic/Saved/Collections/' took 0.00s
[2023.03.17-17.33.56:866][  0]LogFileCache: Scanning file cache for directory 'C:/Users/emmyt/OneDrive/Documents/GitHub/-Journeyman-Twonic---Alpha-Team/Twonic/Content/Developers/emmyt/Collections/' took 0.00s
[2023.03.17-17.33.56:866][  0]LogFileCache: Scanning file cache for directory 'C:/Users/emmyt/OneDrive/Documents/GitHub/-Journeyman-Twonic---Alpha-Team/Twonic/Content/Collections/' took 0.00s
[2023.03.17-17.33.56:866][  0]LogCollectionManager: Fixed up redirectors for 0 collections in 0.000002 seconds (updated 0 objects)
[2023.03.17-17.33.57:005][  0]LogNiagaraDebuggerClient: Niagara Debugger Client Initialized | Session: 148A3F244EF4F9E2381F0EB4950F860C | Instance: BE7BF1F64C32AEDAAE55B89898D5149F (LAPTOP-OVB59CM9-12668).
[2023.03.17-17.33.57:112][  0]LogPython: Using Python 3.7.7
[2023.03.17-17.33.58:087][  0]SourceControl: Source control is disabled
[2023.03.17-17.33.58:087][  0]SourceControl: Source control is disabled
[2023.03.17-17.33.58:093][  0]SourceControl: Source control is disabled
[2023.03.17-17.33.58:098][  0]SourceControl: Source control is disabled
[2023.03.17-17.33.58:102][  0]SourceControl: Source control is disabled
[2023.03.17-17.33.58:109][  0]LogUProjectInfo: Found projects:
[2023.03.17-17.33.58:349][  0]LogOpenImageDenoise: OIDN starting up
[2023.03.17-17.33.58:365][  0]LogAndroidPermission: UAndroidPermissionCallbackProxy::GetInstance
[2023.03.17-17.33.58:390][  0]LogAudioCaptureCore: Display: No Audio Capture implementations found. Audio input will be silent.
[2023.03.17-17.33.58:390][  0]LogAudioCaptureCore: Display: No Audio Capture implementations found. Audio input will be silent.
[2023.03.17-17.33.58:542][  0]LogOcInput: OculusInput pre-init called
[2023.03.17-17.33.58:584][  0]LogUObjectArray: 23049 objects as part of root set at end of initial load.
[2023.03.17-17.33.58:584][  0]LogUObjectAllocator: 6352640 out of 0 bytes used by permanent object pool.
[2023.03.17-17.33.58:584][  0]LogUObjectArray: CloseDisregardForGC: 0/0 objects in disregard for GC pool
[2023.03.17-17.33.58:659][  0]LogInit: Executing Class /Script/UnrealEd.GatherTextCommandlet
[2023.03.17-17.33.58:659][  0]LogInit: Initializing Editor Engine...
[2023.03.17-17.33.58:659][  0]LogEngine: Initializing Engine...
[2023.03.17-17.33.58:662][  0]LogStats: UGameplayTagsManager::InitializeManager -  0.000 s
[2023.03.17-17.33.58:788][  0]LogInit: Initializing FReadOnlyCVARCache
[2023.03.17-17.33.58:794][  0]LogAIModule: Creating AISystem for world Untitled
[2023.03.17-17.33.58:795][  0]LogNetVersion: Set ProjectVersion to 1.0.0.0. Version Checksum will be recalculated on next use.
[2023.03.17-17.33.58:808][  0]LogDerivedDataCache: Saved boot cache 0.01s 14MB C:/Users/emmyt/AppData/Local/UnrealEngine/4.27/DerivedDataCache/Boot.ddc.
[2023.03.17-17.33.58:808][  0]LogInit: Texture streaming: Disabled
[2023.03.17-17.33.58:899][  0]LogInit: Initializing Editor Engine Completed
[2023.03.17-17.33.59:052][  0]BlueprintLog: New page: Editor Load
[2023.03.17-17.33.59:127][  0]LogGatherTextCommandlet: Display: Beginning GatherText Commandlet for 'C:/Users/emmyt/OneDrive/Documents/GitHub/-Journeyman-Twonic---Alpha-Team/Twonic/Config/Localization/Game_Compile.ini'
[2023.03.17-17.33.59:128][  0]LogGatherTextCommandlet: Display: Executing GatherTextStep0: GenerateTextLocalizationResourceCommandlet
[2023.03.17-17.33.59:153][  0]LogGatherTextCommandlet: Display: Completed GatherTextStep0: GenerateTextLocalizationResourceCommandlet in 0.024876 seconds
[2023.03.17-17.33.59:153][  0]LogCore: Engine exit requested (reason: Commandlet GatherTextCommandlet_0 finished execution (result 0))
[2023.03.17-17.33.59:153][  0]LogInit: Display: 
[2023.03.17-17.33.59:153][  0]LogInit: Display: Success - 0 error(s), 0 warning(s)
[2023.03.17-17.33.59:153][  0]LogInit: Display: 
Execution of commandlet took:  0.03 seconds
[2023.03.17-17.33.59:154][  0]LogCore: Engine exit requested (reason: EngineExit() was called; note: exit was already requested)
[2023.03.17-17.33.59:154][  0]LogExit: Preparing to exit.
[2023.03.17-17.33.59:162][  0]LogUObjectHash: Compacting FUObjectHashTables data took   0.94ms
[2023.03.17-17.33.59:211][  0]LogDemo: Cleaned up 0 splitscreen connections with owner deletion
[2023.03.17-17.33.59:213][  0]LogWorld: UWorld::CleanupWorld for None, bSessionEnded=true, bCleanupResources=true
[2023.03.17-17.33.59:213][  0]LogExit: Editor shut down
[2023.03.17-17.33.59:258][  0]LogExit: Object subsystem successfully closed.
[2023.03.17-17.33.59:268][  0]LogShaderCompilers: Display: === FShaderJobCache stats ===
[2023.03.17-17.33.59:268][  0]LogShaderCompilers: Display: Total job queries 0, among them cache hits 0 (0.00%)
[2023.03.17-17.33.59:269][  0]LogShaderCompilers: Display: Tracking 0 distinct input hashes that result in 0 distinct outputs (0.00%)
[2023.03.17-17.33.59:269][  0]LogShaderCompilers: Display: RAM used: 0.00 MB (0.00 GB) of 409.60 MB (0.40 GB) budget. Usage: 0.00%
[2023.03.17-17.33.59:269][  0]LogShaderCompilers: Display: ================================================
[2023.03.17-17.33.59:276][  0]LogShaderCompilers: Display: Shaders left to compile 0
[2023.03.17-17.33.59:286][  0]LogModuleManager: Shutting down and abandoning module SteamVREditor (710)
[2023.03.17-17.33.59:286][  0]LogModuleManager: Shutting down and abandoning module OculusMR (708)
[2023.03.17-17.33.59:286][  0]LogModuleManager: Shutting down and abandoning module TakeRecorderSources (706)
[2023.03.17-17.33.59:286][  0]LogModuleManager: Shutting down and abandoning module TakeRecorder (705)
[2023.03.17-17.33.59:286][  0]LogModuleManager: Shutting down and abandoning module TakeTrackRecorders (702)
[2023.03.17-17.33.59:286][  0]LogModuleManager: Shutting down and abandoning module TakesCore (700)
[2023.03.17-17.33.59:286][  0]LogModuleManager: Shutting down and abandoning module OpenXRInput (698)
[2023.03.17-17.33.59:286][  0]LogModuleManager: Shutting down and abandoning module GooglePADEditor (696)
[2023.03.17-17.33.59:286][  0]LogModuleManager: Shutting down and abandoning module AudioCaptureEditor (694)
[2023.03.17-17.33.59:286][  0]LogModuleManager: Shutting down and abandoning module TemplateSequenceEditor (692)
[2023.03.17-17.33.59:287][  0]LogModuleManager: Shutting down and abandoning module LevelSequenceEditor (690)
[2023.03.17-17.33.59:287][  0]LogModuleManager: Shutting down and abandoning module MatineeToLevelSequence (688)
[2023.03.17-17.33.59:287][  0]LogModuleManager: Shutting down and abandoning module ActorSequenceEditor (686)
[2023.03.17-17.33.59:287][  0]LogModuleManager: Shutting down and abandoning module Kismet (685)
[2023.03.17-17.33.59:287][  0]LogModuleManager: Shutting down and abandoning module KismetWidgets (684)
[2023.03.17-17.33.59:287][  0]LogModuleManager: Shutting down and abandoning module WmfMediaFactory (680)
[2023.03.17-17.33.59:287][  0]LogModuleManager: Shutting down and abandoning module WmfMediaEditor (678)
[2023.03.17-17.33.59:287][  0]LogModuleManager: Shutting down and abandoning module WebMMediaFactory (676)
[2023.03.17-17.33.59:287][  0]LogModuleManager: Shutting down and abandoning module WebMMediaEditor (674)
[2023.03.17-17.33.59:287][  0]LogModuleManager: Shutting down and abandoning module MediaPlayerEditor (672)
[2023.03.17-17.33.59:287][  0]LogModuleManager: Shutting down and abandoning module MediaCompositingEditor (670)
[2023.03.17-17.33.59:287][  0]LogModuleManager: Shutting down and abandoning module SequenceRecorder (669)
[2023.03.17-17.33.59:287][  0]LogModuleManager: Shutting down and abandoning module Persona (668)
[2023.03.17-17.33.59:287][  0]LogModuleManager: Shutting down and abandoning module AdvancedPreviewScene (667)
[2023.03.17-17.33.59:287][  0]LogModuleManager: Shutting down and abandoning module AnimGraph (665)
[2023.03.17-17.33.59:287][  0]LogModuleManager: Shutting down and abandoning module ImgMediaFactory (660)
[2023.03.17-17.33.59:287][  0]LogModuleManager: Shutting down and abandoning module ImgMediaEditor (658)
[2023.03.17-17.33.59:287][  0]LogModuleManager: Shutting down and abandoning module AvfMediaFactory (656)
[2023.03.17-17.33.59:287][  0]LogModuleManager: Shutting down and abandoning module AvfMediaEditor (654)
[2023.03.17-17.33.59:287][  0]LogModuleManager: Shutting down and abandoning module AndroidMediaFactory (652)
[2023.03.17-17.33.59:287][  0]LogModuleManager: Shutting down and abandoning module AndroidMediaEditor (650)
[2023.03.17-17.33.59:287][  0]LogModuleManager: Shutting down and abandoning module PlanarCut (648)
[2023.03.17-17.33.59:287][  0]LogModuleManager: Shutting down and abandoning module MagicLeapMediaEditor (646)
[2023.03.17-17.33.59:287][  0]LogModuleManager: Shutting down and abandoning module CharacterAI (644)
[2023.03.17-17.33.59:287][  0]LogModuleManager: Shutting down and abandoning module TextureAlignMode (642)
[2023.03.17-17.33.59:287][  0]LogModuleManager: Shutting down and abandoning module BspMode (640)
[2023.03.17-17.33.59:287][  0]LogModuleManager: Shutting down and abandoning module GeometryMode (638)
[2023.03.17-17.33.59:287][  0]LogModuleManager: Shutting down and abandoning module CameraShakePreviewer (636)
[2023.03.17-17.33.59:287][  0]LogModuleManager: Shutting down and abandoning module SmartSnapping (634)
[2023.03.17-17.33.59:287][  0]LogModuleManager: Shutting down and abandoning module SessionServices (632)
[2023.03.17-17.33.59:287][  0]LogModuleManager: Shutting down and abandoning module MeshPaint (630)
[2023.03.17-17.33.59:287][  0]LogModuleManager: Shutting down and abandoning module VirtualTexturingEditor (628)
[2023.03.17-17.33.59:287][  0]LogModuleManager: Shutting down and abandoning module FoliageEdit (626)
[2023.03.17-17.33.59:287][  0]LogModuleManager: Shutting down and abandoning module LandscapeEditor (624)
[2023.03.17-17.33.59:287][  0]LogModuleManager: Shutting down and abandoning module MeshPaintMode (622)
[2023.03.17-17.33.59:287][  0]LogModuleManager: Shutting down and abandoning module SceneDepthPickerMode (620)
[2023.03.17-17.33.59:287][  0]LogModuleManager: Shutting down and abandoning module ActorPickerMode (618)
[2023.03.17-17.33.59:287][  0]LogModuleManager: Shutting down and abandoning module PlacementMode (616)
[2023.03.17-17.33.59:287][  0]LogModuleManager: Shutting down and abandoning module LiveCoding (614)
[2023.03.17-17.33.59:288][  0]LogModuleManager: Shutting down and abandoning module LevelSequence (612)
[2023.03.17-17.33.59:288][  0]LogModuleManager: Shutting down and abandoning module MovieSceneTracks (610)
[2023.03.17-17.33.59:288][  0]LogModuleManager: Shutting down and abandoning module MovieScene (608)
[2023.03.17-17.33.59:288][  0]LogModuleManager: Shutting down and abandoning module StreamingPauseRendering (606)
[2023.03.17-17.33.59:288][  0]LogModuleManager: Shutting down and abandoning module ImageWriteQueue (604)
[2023.03.17-17.33.59:288][  0]LogModuleManager: Shutting down and abandoning module AIModule (602)
[2023.03.17-17.33.59:288][  0]LogModuleManager: Shutting down and abandoning module GameplayDebugger (601)
[2023.03.17-17.33.59:288][  0]LogModuleManager: Shutting down and abandoning module AITestSuite (599)
[2023.03.17-17.33.59:288][  0]LogModuleManager: Shutting down and abandoning module NavigationSystem (597)
[2023.03.17-17.33.59:288][  0]LogModuleManager: Shutting down and abandoning module AudioSynesthesiaEditor (594)
[2023.03.17-17.33.59:288][  0]LogModuleManager: Shutting down and abandoning module OculusEditor (592)
[2023.03.17-17.33.59:288][  0]LogModuleManager: Shutting down and abandoning module OculusInput (590)
[2023.03.17-17.33.59:288][  0]LogModuleManager: Shutting down and abandoning module ContentBrowserFileDataSource (588)
[2023.03.17-17.33.59:288][  0]LogModuleManager: Shutting down and abandoning module ContentBrowserClassDataSource (586)
[2023.03.17-17.33.59:288][  0]LogModuleManager: Shutting down and abandoning module ContentBrowserAssetDataSource (584)
[2023.03.17-17.33.59:288][  0]LogModuleManager: Shutting down and abandoning module ToolMenus (583)
[2023.03.17-17.33.59:288][  0]LogModuleManager: Shutting down and abandoning module TakeSequencer (580)
[2023.03.17-17.33.59:288][  0]LogModuleManager: Shutting down and abandoning module TakeMovieScene (578)
[2023.03.17-17.33.59:288][  0]LogModuleManager: Shutting down and abandoning module SynthesisEditor (576)
[2023.03.17-17.33.59:288][  0]LogModuleManager: Shutting down and abandoning module Synthesis (574)
[2023.03.17-17.33.59:288][  0]LogModuleManager: Shutting down and abandoning module ProceduralMeshComponentEditor (572)
[2023.03.17-17.33.59:288][  0]LogModuleManager: Shutting down and abandoning module ProceduralMeshComponent (570)
[2023.03.17-17.33.59:288][  0]LogModuleManager: Shutting down and abandoning module ScreenshotTools (568)
[2023.03.17-17.33.59:288][  0]LogModuleManager: Shutting down and abandoning module OpenXREditor (566)
[2023.03.17-17.33.59:288][  0]LogModuleManager: Shutting down and abandoning module MobilePatchingUtils (564)
[2023.03.17-17.33.59:288][  0]LogModuleManager: Shutting down and abandoning module GooglePAD (562)
[2023.03.17-17.33.59:288][  0]LogModuleManager: Shutting down and abandoning module EditableMesh (560)
[2023.03.17-17.33.59:288][  0]LogModuleManager: Shutting down and abandoning module CustomMeshComponent (558)
[2023.03.17-17.33.59:288][  0]LogModuleManager: Shutting down and abandoning module CableComponent (556)
[2023.03.17-17.33.59:288][  0]LogModuleManager: Shutting down and abandoning module AudioCapture (554)
[2023.03.17-17.33.59:288][  0]LogModuleManager: Shutting down and abandoning module AudioCaptureRtAudio (553)
[2023.03.17-17.33.59:288][  0]LogModuleManager: Shutting down and abandoning module AssetTags (550)
[2023.03.17-17.33.59:288][  0]LogModuleManager: Shutting down and abandoning module ArchVisCharacter (548)
[2023.03.17-17.33.59:288][  0]LogModuleManager: Shutting down and abandoning module AppleImageUtilsBlueprintSupport (546)
[2023.03.17-17.33.59:288][  0]LogModuleManager: Shutting down and abandoning module AppleImageUtils (544)
[2023.03.17-17.33.59:288][  0]LogModuleManager: Shutting down and abandoning module AndroidPermission (542)
[2023.03.17-17.33.59:288][  0]LogModuleManager: Shutting down and abandoning module ActorLayerUtilitiesEditor (540)
[2023.03.17-17.33.59:288][  0]LogModuleManager: Shutting down and abandoning module ActorLayerUtilities (538)
[2023.03.17-17.33.59:288][  0]LogModuleManager: Shutting down and abandoning module TemplateSequence (536)
[2023.03.17-17.33.59:288][  0]LogModuleManager: Shutting down and abandoning module MediaCompositing (534)
[2023.03.17-17.33.59:288][  0]LogModuleManager: Shutting down and abandoning module OpenImageDenoise (532)
[2023.03.17-17.33.59:288][  0]LogOpenImageDenoise: OIDN shutting down
[2023.03.17-17.33.59:288][  0]LogModuleManager: Shutting down and abandoning module MotoSynthEditor (530)
[2023.03.17-17.33.59:288][  0]LogModuleManager: Shutting down and abandoning module MotoSynth (528)
[2023.03.17-17.33.59:288][  0]LogModuleManager: Shutting down and abandoning module MagicLeapSharedWorld (526)
[2023.03.17-17.33.59:288][  0]LogModuleManager: Shutting down and abandoning module MagicLeapLightEstimation (524)
[2023.03.17-17.33.59:288][  0]LogModuleManager: Shutting down and abandoning module MeshConversion (522)
[2023.03.17-17.33.59:288][  0]LogModuleManager: Shutting down and abandoning module DynamicMesh (520)
[2023.03.17-17.33.59:288][  0]LogModuleManager: Shutting down and abandoning module GeometryAlgorithms (518)
[2023.03.17-17.33.59:288][  0]LogModuleManager: Shutting down and abandoning module GeometricObjects (516)
[2023.03.17-17.33.59:288][  0]LogModuleManager: Shutting down and abandoning module MagicLeapHelperVulkan (514)
[2023.03.17-17.33.59:288][  0]LogModuleManager: Shutting down and abandoning module MagicLeapHelperOpenGL (512)
[2023.03.17-17.33.59:288][  0]LogModuleManager: Shutting down and abandoning module MagicLeapAudio (510)
[2023.03.17-17.33.59:288][  0]LogModuleManager: Shutting down and abandoning module GeometryCollectionTracks (508)
[2023.03.17-17.33.59:288][  0]LogModuleManager: Shutting down and abandoning module GeometryCollectionSequencer (507)
[2023.03.17-17.33.59:288][  0]LogModuleManager: Shutting down and abandoning module GeometryCollectionEditor (504)
[2023.03.17-17.33.59:288][  0]LogModuleManager: Shutting down and abandoning module GeometryCacheTracks (502)
[2023.03.17-17.33.59:288][  0]LogModuleManager: Shutting down and abandoning module GeometryCacheStreamer (500)
[2023.03.17-17.33.59:288][  0]LogModuleManager: Shutting down and abandoning module GeometryCacheSequencer (498)
[2023.03.17-17.33.59:288][  0]LogModuleManager: Shutting down and abandoning module ChaosSolverEditor (496)
[2023.03.17-17.33.59:289][  0]LogModuleManager: Shutting down and abandoning module ChaosNiagara (494)
[2023.03.17-17.33.59:289][  0]LogModuleManager: Shutting down and abandoning module FractureEditor (492)
[2023.03.17-17.33.59:289][  0]LogModuleManager: Shutting down and abandoning module FieldSystemEngine (491)
[2023.03.17-17.33.59:289][  0]LogModuleManager: Shutting down and abandoning module ChaosClothEditor (488)
[2023.03.17-17.33.59:289][  0]LogModuleManager: Shutting down and abandoning module AutomationUtilsEditor (486)
[2023.03.17-17.33.59:289][  0]LogModuleManager: Shutting down and abandoning module AutomationUtils (484)
[2023.03.17-17.33.59:289][  0]LogModuleManager: Shutting down and abandoning module AlembicImporter (482)
[2023.03.17-17.33.59:289][  0]LogModuleManager: Shutting down and abandoning module AlembicLibrary (481)
[2023.03.17-17.33.59:289][  0]LogModuleManager: Shutting down and abandoning module GeometryCache (480)
[2023.03.17-17.33.59:289][  0]LogModuleManager: Shutting down and abandoning module GeometryCacheEd (479)
[2023.03.17-17.33.59:289][  0]LogModuleManager: Shutting down and abandoning module NiagaraEditorWidgets (474)
[2023.03.17-17.33.59:289][  0]LogModuleManager: Shutting down and abandoning module VariantManagerContentEditor (472)
[2023.03.17-17.33.59:289][  0]LogModuleManager: Shutting down and abandoning module DatasmithContentEditor (470)
[2023.03.17-17.33.59:289][  0]LogModuleManager: Shutting down and abandoning module PluginBrowser (468)
[2023.03.17-17.33.59:289][  0]LogModuleManager: Shutting down and abandoning module CurveEditorTools (466)
[2023.03.17-17.33.59:289][  0]LogModuleManager: Shutting down and abandoning module SpeedTreeImporter (464)
[2023.03.17-17.33.59:289][  0]LogModuleManager: Shutting down and abandoning module MobileLauncherProfileWizard (462)
[2023.03.17-17.33.59:289][  0]LogModuleManager: Shutting down and abandoning module MaterialAnalyzer (460)
[2023.03.17-17.33.59:289][  0]LogModuleManager: Shutting down and abandoning module CryptoKeysOpenSSL (458)
[2023.03.17-17.33.59:289][  0]LogModuleManager: Shutting down and abandoning module CryptoKeys (456)
[2023.03.17-17.33.59:289][  0]LogModuleManager: Shutting down and abandoning module PluginUtils (454)
[2023.03.17-17.33.59:289][  0]LogModuleManager: Shutting down and abandoning module OodleNetworkHandlerComponent (452)
[2023.03.17-17.33.59:289][  0]LogModuleManager: Shutting down and abandoning module VisualStudioSourceCodeAccess (450)
[2023.03.17-17.33.59:289][  0]LogModuleManager: Shutting down and abandoning module VisualStudioCodeSourceCodeAccess (448)
[2023.03.17-17.33.59:289][  0]LogModuleManager: Shutting down and abandoning module UObjectPlugin (446)
[2023.03.17-17.33.59:289][  0]LogModuleManager: Shutting down and abandoning module SubversionSourceControl (444)
[2023.03.17-17.33.59:289][  0]LogModuleManager: Shutting down and abandoning module PlasticSourceControl (442)
[2023.03.17-17.33.59:289][  0]LogModuleManager: Shutting down and abandoning module PerforceSourceControl (440)
[2023.03.17-17.33.59:289][  0]LogModuleManager: Shutting down and abandoning module GitSourceControl (438)
[2023.03.17-17.33.59:289][  0]LogModuleManager: Shutting down and abandoning module SourceControl (437)
[2023.03.17-17.33.59:289][  0]LogModuleManager: Shutting down and abandoning module CLionSourceCodeAccess (434)
[2023.03.17-17.33.59:289][  0]LogModuleManager: Shutting down and abandoning module AnimationSharingEd (432)
[2023.03.17-17.33.59:289][  0]LogModuleManager: Shutting down and abandoning module LightPropagationVolumeEditor (430)
[2023.03.17-17.33.59:289][  0]LogModuleManager: Shutting down and abandoning module LiveLinkSequencer (428)
[2023.03.17-17.33.59:289][  0]LogModuleManager: Shutting down and abandoning module LiveLinkMovieScene (426)
[2023.03.17-17.33.59:289][  0]LogModuleManager: Shutting down and abandoning module LiveLinkGraphNode (424)
[2023.03.17-17.33.59:289][  0]LogModuleManager: Shutting down and abandoning module LiveLinkEditor (422)
[2023.03.17-17.33.59:289][  0]LogModuleManager: Shutting down and abandoning module LiveLinkComponents (420)
[2023.03.17-17.33.59:289][  0]LogModuleManager: Shutting down and abandoning module LiveLink (418)
[2023.03.17-17.33.59:981][  0]LogModuleManager: Shutting down and abandoning module PaperTiledImporter (416)
[2023.03.17-17.33.59:981][  0]LogModuleManager: Shutting down and abandoning module PaperSpriteSheetImporter (414)
[2023.03.17-17.33.59:981][  0]LogModuleManager: Shutting down and abandoning module Paper2DEditor (412)
[2023.03.17-17.33.59:981][  0]LogModuleManager: Shutting down and abandoning module MeshPaintingToolset (410)
[2023.03.17-17.33.59:981][  0]LogModuleManager: Shutting down and abandoning module MeshPaintEditorMode (408)
[2023.03.17-17.33.59:981][  0]LogModuleManager: Shutting down and abandoning module SoundFields (406)
[2023.03.17-17.33.59:981][  0]LogModuleManager: Shutting down and abandoning module RuntimePhysXCooking (404)
[2023.03.17-17.33.59:981][  0]LogModuleManager: Shutting down and abandoning module SignificanceManager (402)
[2023.03.17-17.33.59:981][  0]LogModuleManager: Shutting down and abandoning module PropertyAccessEditor (400)
[2023.03.17-17.33.59:981][  0]LogModuleManager: Shutting down and abandoning module PhysXVehiclesEditor (398)
[2023.03.17-17.33.59:981][  0]LogModuleManager: Shutting down and abandoning module LocationServicesBPLibrary (394)
[2023.03.17-17.33.59:981][  0]LogModuleManager: Shutting down and abandoning module AudioSynesthesia (392)
[2023.03.17-17.33.59:981][  0]LogModuleManager: Shutting down and abandoning module AudioSynesthesiaCore (390)
[2023.03.17-17.33.59:981][  0]LogModuleManager: Shutting down and abandoning module ActorSequence (388)
[2023.03.17-17.33.59:981][  0]LogModuleManager: Shutting down and abandoning module UdpMessaging (386)
[2023.03.17-17.33.59:981][  0]LogModuleManager: Shutting down and abandoning module TcpMessaging (384)
[2023.03.17-17.33.59:981][  0]LogModuleManager: Shutting down and abandoning module PythonScriptPlugin (382)
[2023.03.17-17.33.59:981][  0]LogModuleManager: Shutting down and abandoning module MagicLeapARPin (380)
[2023.03.17-17.33.59:981][  0]LogModuleManager: Shutting down and abandoning module MagicLeapHandMeshing (378)
[2023.03.17-17.33.59:981][  0]LogModuleManager: Shutting down and abandoning module MagicLeapSecureStorage (376)
[2023.03.17-17.33.59:981][  0]LogModuleManager: Shutting down and abandoning module MagicLeapPrivileges (374)
[2023.03.17-17.33.59:981][  0]LogModuleManager: Shutting down and abandoning module MagicLeapPlanes (372)
[2023.03.17-17.33.59:981][  0]LogMagicLeapPlanes: Planes tracker already destroyed.
[2023.03.17-17.33.59:981][  0]LogModuleManager: Shutting down and abandoning module MagicLeapImageTracker (370)
[2023.03.17-17.33.59:981][  0]LogModuleManager: Shutting down and abandoning module MagicLeapIdentity (368)
[2023.03.17-17.33.59:981][  0]LogModuleManager: Shutting down and abandoning module MagicLeapHandTracking (366)
[2023.03.17-17.33.59:982][  0]LogModuleManager: Shutting down and abandoning module MagicLeapEyeTracker (364)
[2023.03.17-17.33.59:982][  0]LogModuleManager: Shutting down and abandoning module MagicLeapController (362)
[2023.03.17-17.33.59:982][  0]LogModuleManager: Shutting down and abandoning module MagicLeapARPinImpl (360)
[2023.03.17-17.33.59:982][  0]LogModuleManager: Shutting down and abandoning module MagicLeapAR (358)
[2023.03.17-17.33.59:982][  0]LogModuleManager: Shutting down and abandoning module NiagaraAnimNotifies (356)
[2023.03.17-17.33.59:982][  0]LogModuleManager: Shutting down and abandoning module Niagara (354)
[2023.03.17-17.33.59:982][  0]LogModuleManager: Shutting down and abandoning module SignalProcessing (353)
[2023.03.17-17.33.59:982][  0]LogModuleManager: Shutting down and abandoning module NiagaraEditor (351)
[2023.03.17-17.33.59:982][  0]LogModuleManager: Shutting down and abandoning module NiagaraCore (348)
[2023.03.17-17.33.59:982][  0]LogModuleManager: Shutting down and abandoning module GameplayTagsEditor (346)
[2023.03.17-17.33.59:982][  0]LogModuleManager: Shutting down and abandoning module FacialAnimationEditor (344)
[2023.03.17-17.33.59:982][  0]LogModuleManager: Shutting down and abandoning module FacialAnimation (342)
[2023.03.17-17.33.59:982][  0]LogModuleManager: Shutting down and abandoning module DataValidation (340)
[2023.03.17-17.33.59:982][  0]LogModuleManager: Shutting down and abandoning module AssetManagerEditor (338)
[2023.03.17-17.33.59:982][  0]LogModuleManager: Shutting down and abandoning module TreeMap (337)
[2023.03.17-17.33.59:982][  0]LogModuleManager: Shutting down and abandoning module PropertyAccessNode (334)
[2023.03.17-17.33.59:982][  0]LogModuleManager: Shutting down and abandoning module AnimationSharing (332)
[2023.03.17-17.33.59:982][  0]LogModuleManager: Shutting down and abandoning module LightPropagationVolumeRuntime (330)
[2023.03.17-17.33.59:982][  0]LogModuleManager: Shutting down and abandoning module GameplayCameras (328)
[2023.03.17-17.33.59:982][  0]LogModuleManager: Shutting down and abandoning module EnvironmentQueryEditor (326)
[2023.03.17-17.33.59:982][  0]LogModuleManager: Shutting down and abandoning module Paper2D (324)
[2023.03.17-17.33.59:982][  0]LogModuleManager: Shutting down and abandoning module NetworkReplayStreaming (322)
[2023.03.17-17.33.59:982][  0]LogModuleManager: Shutting down and abandoning module PacketHandler (320)
[2023.03.17-17.33.59:982][  0]LogModuleManager: Shutting down and abandoning module ClothingSystemEditor (318)
[2023.03.17-17.33.59:982][  0]LogModuleManager: Shutting down and abandoning module ClothingSystemRuntimeNv (316)
[2023.03.17-17.33.59:983][  0]LogModuleManager: Shutting down and abandoning module MediaAssets (314)
[2023.03.17-17.33.59:983][  0]LogModuleManager: Shutting down and abandoning module Overlay (312)
[2023.03.17-17.33.59:983][  0]LogModuleManager: Shutting down and abandoning module OverlayEditor (311)
[2023.03.17-17.33.59:983][  0]LogModuleManager: Shutting down and abandoning module Blutility (308)
[2023.03.17-17.33.59:983][  0]LogModuleManager: Shutting down and abandoning module LevelEditor (307)
[2023.03.17-17.33.59:983][  0]LogModuleManager: Shutting down and abandoning module PixelInspectorModule (306)
[2023.03.17-17.33.59:983][  0]LogModuleManager: Shutting down and abandoning module CommonMenuExtensions (304)
[2023.03.17-17.33.59:984][  0]LogModuleManager: Shutting down and abandoning module MainFrame (302)
[2023.03.17-17.33.59:984][  0]LogModuleManager: Shutting down and abandoning module HotReload (301)
[2023.03.17-17.33.59:984][  0]LogModuleManager: Shutting down and abandoning module ContentBrowser (297)
[2023.03.17-17.33.59:984][  0]LogModuleManager: Shutting down and abandoning module CollectionManager (296)
[2023.03.17-17.33.59:984][  0]LogModuleManager: Shutting down and abandoning module ContentBrowserData (294)
[2023.03.17-17.33.59:984][  0]LogModuleManager: Shutting down and abandoning module IntroTutorials (290)
[2023.03.17-17.33.59:984][  0]LogModuleManager: Shutting down and abandoning module VREditor (288)
[2023.03.17-17.33.59:984][  0]LogModuleManager: Shutting down and abandoning module StringTableEditor (286)
[2023.03.17-17.33.59:985][  0]LogModuleManager: Shutting down and abandoning module GameplayTasksEditor (284)
[2023.03.17-17.33.59:985][  0]LogModuleManager: Shutting down and abandoning module BehaviorTreeEditor (282)
[2023.03.17-17.33.59:985][  0]LogModuleManager: Shutting down and abandoning module FunctionalTesting (280)
[2023.03.17-17.33.59:985][  0]LogModuleManager: Shutting down and abandoning module CollisionAnalyzer (278)
[2023.03.17-17.33.59:985][  0]LogModuleManager: Shutting down and abandoning module WorkspaceMenuStructure (277)
[2023.03.17-17.33.59:985][  0]LogModuleManager: Shutting down and abandoning module UMG (274)
[2023.03.17-17.33.59:985][  0]LogModuleManager: Shutting down and abandoning module UMGEditor (273)
[2023.03.17-17.33.59:985][  0]LogModuleManager: Shutting down and abandoning module MessageLog (271)
[2023.03.17-17.33.59:985][  0]LogModuleManager: Shutting down and abandoning module SlateReflector (266)
[2023.03.17-17.33.59:985][  0]LogModuleManager: Shutting down and abandoning module Slate (264)
[2023.03.17-17.33.59:985][  0]LogModuleManager: Shutting down and abandoning module SlateCore (262)
[2023.03.17-17.33.59:986][  0]LogModuleManager: Shutting down and abandoning module LandscapeEditorUtilities (260)
[2023.03.17-17.33.59:986][  0]LogModuleManager: Shutting down and abandoning module UnrealEd (258)
[2023.03.17-17.33.59:986][  0]LogModuleManager: Shutting down and abandoning module MRMesh (256)
[2023.03.17-17.33.59:986][  0]LogModuleManager: Shutting down and abandoning module SourceCodeAccess (254)
[2023.03.17-17.33.59:986][  0]LogModuleManager: Shutting down and abandoning module HeadMountedDisplay (252)
[2023.03.17-17.33.59:986][  0]LogModuleManager: Shutting down and abandoning module XAudio2 (250)
[2023.03.17-17.33.59:986][  0]LogModuleManager: Shutting down and abandoning module Networking (248)
[2023.03.17-17.33.59:986][  0]LogModuleManager: Shutting down and abandoning module Core (246)
[2023.03.17-17.33.59:986][  0]LogModuleManager: Shutting down and abandoning module MaterialEditor (244)
[2023.03.17-17.33.59:986][  0]LogModuleManager: Shutting down and abandoning module Settings (243)
[2023.03.17-17.33.59:986][  0]LogModuleManager: Shutting down and abandoning module MovieSceneTools (240)
[2023.03.17-17.33.59:986][  0]LogModuleManager: Shutting down and abandoning module CurveEditor (239)
[2023.03.17-17.33.59:986][  0]LogModuleManager: Shutting down and abandoning module Sequencer (237)
[2023.03.17-17.33.59:986][  0]LogModuleManager: Shutting down and abandoning module EditorStyle (236)
[2023.03.17-17.33.59:987][  0]LogModuleManager: Shutting down and abandoning module KismetCompiler (232)
[2023.03.17-17.33.59:987][  0]LogModuleManager: Shutting down and abandoning module MeshBuilder (230)
[2023.03.17-17.33.59:987][  0]LogModuleManager: Shutting down and abandoning module MeshUtilities (228)
[2023.03.17-17.33.59:987][  0]LogModuleManager: Shutting down and abandoning module MeshMergeUtilities (227)
[2023.03.17-17.33.59:987][  0]LogModuleManager: Shutting down and abandoning module MeshReductionInterface (226)
[2023.03.17-17.33.59:987][  0]LogModuleManager: Shutting down and abandoning module MeshBoneReduction (225)
[2023.03.17-17.33.59:987][  0]LogModuleManager: Shutting down and abandoning module SkeletalMeshReduction (223)
[2023.03.17-17.33.59:987][  0]LogModuleManager: Shutting down and abandoning module ProxyLODMeshReduction (221)
[2023.03.17-17.33.59:987][  0]LogModuleManager: Shutting down and abandoning module QuadricMeshReduction (219)
[2023.03.17-17.33.59:987][  0]LogModuleManager: Shutting down and abandoning module MaterialBaking (215)
[2023.03.17-17.33.59:987][  0]LogModuleManager: Shutting down and abandoning module DirectoryWatcher (211)
[2023.03.17-17.33.59:987][  0]LogModuleManager: Shutting down and abandoning module NullInstallBundleManager (208)
[2023.03.17-17.33.59:987][  0]LogModuleManager: Shutting down and abandoning module DerivedDataCache (206)
[2023.03.17-17.33.59:987][  0]LogModuleManager: Shutting down and abandoning module TargetPlatform (204)
[2023.03.17-17.33.59:987][  0]LogModuleManager: Shutting down and abandoning module VulkanShaderFormat (203)
[2023.03.17-17.33.59:987][  0]LogModuleManager: Shutting down and abandoning module ShaderFormatVectorVM (201)
[2023.03.17-17.33.59:987][  0]LogModuleManager: Shutting down and abandoning module ShaderFormatOpenGL (199)
[2023.03.17-17.33.59:987][  0]LogModuleManager: Shutting down and abandoning module ShaderFormatD3D (197)
[2023.03.17-17.33.59:987][  0]LogModuleManager: Shutting down and abandoning module MetalShaderFormat (195)
[2023.03.17-17.33.59:987][  0]LogModuleManager: Shutting down and abandoning module TextureFormatOodle (193)
[2023.03.17-17.33.59:987][  0]LogModuleManager: Shutting down and abandoning module TextureFormatUncompressed (191)
[2023.03.17-17.33.59:987][  0]LogModuleManager: Shutting down and abandoning module TextureFormatPVR (189)
[2023.03.17-17.33.59:987][  0]LogModuleManager: Shutting down and abandoning module TextureFormatETC2 (187)
[2023.03.17-17.33.59:987][  0]LogModuleManager: Shutting down and abandoning module TextureFormatDXT (185)
[2023.03.17-17.33.59:987][  0]LogModuleManager: Shutting down and abandoning module TextureFormatIntelISPCTexComp (183)
[2023.03.17-17.33.59:987][  0]LogModuleManager: Shutting down and abandoning module TextureFormatASTC (181)
[2023.03.17-17.33.59:987][  0]LogModuleManager: Shutting down and abandoning module ImageWrapper (180)
[2023.03.17-17.33.59:987][  0]LogModuleManager: Shutting down and abandoning module AudioFormatOpus (177)
[2023.03.17-17.33.59:987][  0]LogModuleManager: Shutting down and abandoning module AudioFormatOgg (175)
[2023.03.17-17.33.59:987][  0]LogModuleManager: Shutting down and abandoning module AudioFormatADPCM (173)
[2023.03.17-17.33.59:987][  0]LogModuleManager: Shutting down and abandoning module WindowsServerTargetPlatform (171)
[2023.03.17-17.33.59:987][  0]LogModuleManager: Shutting down and abandoning module WindowsClientTargetPlatform (169)
[2023.03.17-17.33.59:987][  0]LogModuleManager: Shutting down and abandoning module WindowsTargetPlatform (167)
[2023.03.17-17.33.59:987][  0]LogModuleManager: Shutting down and abandoning module WindowsNoEditorTargetPlatform (165)
[2023.03.17-17.33.59:987][  0]LogModuleManager: Shutting down and abandoning module TVOSTargetPlatform (163)
[2023.03.17-17.33.59:988][  0]LogModuleManager: Shutting down and abandoning module MacServerTargetPlatform (161)
[2023.03.17-17.33.59:988][  0]LogModuleManager: Shutting down and abandoning module MacClientTargetPlatform (159)
[2023.03.17-17.33.59:988][  0]LogModuleManager: Shutting down and abandoning module MacTargetPlatform (157)
[2023.03.17-17.33.59:988][  0]LogModuleManager: Shutting down and abandoning module MacNoEditorTargetPlatform (155)
[2023.03.17-17.33.59:988][  0]LogModuleManager: Shutting down and abandoning module LuminTargetPlatform (153)
[2023.03.17-17.33.59:989][  0]LogModuleManager: Shutting down and abandoning module LinuxAArch64ServerTargetPlatform (151)
[2023.03.17-17.33.59:989][  0]LogModuleManager: Shutting down and abandoning module LinuxAArch64ClientTargetPlatform (149)
[2023.03.17-17.33.59:989][  0]LogModuleManager: Shutting down and abandoning module LinuxAArch64NoEditorTargetPlatform (147)
[2023.03.17-17.33.59:989][  0]LogModuleManager: Shutting down and abandoning module LinuxServerTargetPlatform (145)
[2023.03.17-17.33.59:989][  0]LogModuleManager: Shutting down and abandoning module LinuxClientTargetPlatform (143)
[2023.03.17-17.33.59:989][  0]LogModuleManager: Shutting down and abandoning module LinuxNoEditorTargetPlatform (141)
[2023.03.17-17.33.59:989][  0]LogModuleManager: Shutting down and abandoning module LinuxTargetPlatform (139)
[2023.03.17-17.33.59:989][  0]LogModuleManager: Shutting down and abandoning module Messaging (137)
[2023.03.17-17.33.59:989][  0]LogModuleManager: Shutting down and abandoning module IOSTargetPlatform (135)
[2023.03.17-17.33.59:989][  0]LogModuleManager: Shutting down and abandoning module AndroidTargetPlatform (133)
[2023.03.17-17.33.59:991][  0]LogModuleManager: Shutting down and abandoning module AllDesktopTargetPlatform (131)
[2023.03.17-17.33.59:991][  0]LogModuleManager: Shutting down and abandoning module NullDrv (128)
[2023.03.17-17.33.59:991][  0]LogModuleManager: Shutting down and abandoning module PhysXCooking (126)
[2023.03.17-17.33.59:991][  0]LogModuleManager: Shutting down and abandoning module Chaos (124)
[2023.03.17-17.33.59:991][  0]LogModuleManager: Shutting down and abandoning module WindowsPlatformFeatures (122)
[2023.03.17-17.33.59:991][  0]LogModuleManager: Shutting down and abandoning module GameplayMediaEncoder (121)
[2023.03.17-17.33.59:991][  0]LogModuleManager: Shutting down and abandoning module AVEncoder (120)
[2023.03.17-17.33.59:991][  0]LogModuleManager: Shutting down and abandoning module ExampleDeviceProfileSelector (116)
[2023.03.17-17.33.59:991][  0]LogModuleManager: Shutting down and abandoning module SteamVRInputDevice (114)
[2023.03.17-17.33.59:991][  0]LogModuleManager: Shutting down and abandoning module SteamVRInput (112)
[2023.03.17-17.33.59:991][  0]LogModuleManager: Shutting down and abandoning module SteamVR (110)
[2023.03.17-17.33.59:992][  0]LogHMD: Freeing OpenVRDLLHandle.
[2023.03.17-17.33.59:992][  0]LogModuleManager: Shutting down and abandoning module OculusHMD (108)
[2023.03.17-17.33.59:992][  0]LogModuleManager: Shutting down and abandoning module OpenXRHandTracking (106)
[2023.03.17-17.33.59:992][  0]LogModuleManager: Shutting down and abandoning module OpenXRAR (104)
[2023.03.17-17.33.59:992][  0]LogModuleManager: Shutting down and abandoning module AugmentedReality (103)
[2023.03.17-17.33.59:992][  0]LogModuleManager: Shutting down and abandoning module OpenXRHMD (100)
[2023.03.17-17.33.59:992][  0]LogModuleManager: Shutting down and abandoning module OpenXREyeTracker (98)
[2023.03.17-17.33.59:992][  0]LogModuleManager: Shutting down and abandoning module OnlineBlueprintSupport (96)
[2023.03.17-17.33.59:992][  0]LogModuleManager: Shutting down and abandoning module ChunkDownloader (92)
[2023.03.17-17.33.59:992][  0]LogModuleManager: Shutting down and abandoning module OnlineSubsystem (90)
[2023.03.17-17.33.59:992][  0]LogModuleManager: Shutting down and abandoning module XMPP (85)
[2023.03.17-17.33.59:993][  0]LogModuleManager: Shutting down and abandoning module WebSockets (84)
[2023.03.17-17.33.59:998][  0]LogModuleManager: Shutting down and abandoning module HTTP (81)
[2023.03.17-17.33.59:998][  0]LogHttp: Display: cleaning up 0 outstanding Http requests.
[2023.03.17-17.34.00:029][  0]LogModuleManager: Shutting down and abandoning module SSL (80)
[2023.03.17-17.34.00:031][  0]LogModuleManager: Shutting down and abandoning module LauncherChunkInstaller (76)
[2023.03.17-17.34.00:031][  0]LogModuleManager: Shutting down and abandoning module WmfMedia (74)
[2023.03.17-17.34.00:033][  0]LogModuleManager: Shutting down and abandoning module Media (73)
[2023.03.17-17.34.00:033][  0]LogModuleManager: Shutting down and abandoning module MediaInfo (72)
[2023.03.17-17.34.00:033][  0]LogModuleManager: Shutting down and abandoning module ExrReaderGpu (68)
[2023.03.17-17.34.00:033][  0]LogModuleManager: Shutting down and abandoning module MLSDK (66)
[2023.03.17-17.34.00:033][  0]LogModuleManager: Shutting down and abandoning module MagicLeap (64)
[2023.03.17-17.34.00:033][  0]LogModuleManager: Shutting down and abandoning module ChaosCloth (62)
[2023.03.17-17.34.00:033][  0]LogModuleManager: Shutting down and abandoning module NiagaraVertexFactories (60)
[2023.03.17-17.34.00:033][  0]LogModuleManager: Shutting down and abandoning module NiagaraShader (58)
[2023.03.17-17.34.00:033][  0]LogModuleManager: Shutting down and abandoning module VariantManagerContent (56)
[2023.03.17-17.34.00:033][  0]LogModuleManager: Shutting down and abandoning module DatasmithContent (54)
[2023.03.17-17.34.00:039][  0]LogModuleManager: Shutting down and abandoning module PixWinPlugin (52)
[2023.03.17-17.34.00:039][  0]LogModuleManager: Shutting down and abandoning module AISupportModule (50)
[2023.03.17-17.34.00:039][  0]LogModuleManager: Shutting down and abandoning module DesktopPlatform (48)
[2023.03.17-17.34.00:039][  0]LogModuleManager: Shutting down and abandoning module PythonScriptPluginPreload (46)
[2023.03.17-17.34.00:039][  0]LogModuleManager: Shutting down and abandoning module PlatformCryptoOpenSSL (44)
[2023.03.17-17.34.00:039][  0]LogModuleManager: Shutting down and abandoning module PlatformCryptoTypes (42)
[2023.03.17-17.34.00:039][  0]LogModuleManager: Shutting down and abandoning module PlatformCrypto (40)
[2023.03.17-17.34.00:039][  0]LogModuleManager: Shutting down and abandoning module OodleDataCompressionFormat (38)
[2023.03.17-17.34.00:040][  0]LogModuleManager: Shutting down and abandoning module XGEController (36)
[2023.03.17-17.34.00:040][  0]LogModuleManager: Shutting down and abandoning module AnimationModifiers (34)
[2023.03.17-17.34.00:040][  0]LogModuleManager: Shutting down and abandoning module AudioEditor (32)
[2023.03.17-17.34.00:040][  0]LogModuleManager: Shutting down and abandoning module PropertyEditor (31)
[2023.03.17-17.34.00:040][  0]LogModuleManager: Shutting down and abandoning module TextureCompressor (28)
[2023.03.17-17.34.00:040][  0]LogModuleManager: Shutting down and abandoning module RenderCore (26)
[2023.03.17-17.34.00:040][  0]LogModuleManager: Shutting down and abandoning module Landscape (24)
[2023.03.17-17.34.00:040][  0]LogModuleManager: Shutting down and abandoning module SlateRHIRenderer (22)
[2023.03.17-17.34.00:040][  0]LogModuleManager: Shutting down and abandoning module AnimGraphRuntime (20)
[2023.03.17-17.34.00:040][  0]LogModuleManager: Shutting down and abandoning module Renderer (18)
[2023.03.17-17.34.00:040][  0]LogModuleManager: Shutting down and abandoning module Engine (16)
[2023.03.17-17.34.00:040][  0]LogModuleManager: Shutting down and abandoning module CoreUObject (14)
[2023.03.17-17.34.00:040][  0]LogModuleManager: Shutting down and abandoning module NetworkFile (12)
[2023.03.17-17.34.00:040][  0]LogModuleManager: Shutting down and abandoning module CookedIterativeFile (10)
[2023.03.17-17.34.00:040][  0]LogModuleManager: Shutting down and abandoning module StreamingFile (8)
[2023.03.17-17.34.00:040][  0]LogModuleManager: Shutting down and abandoning module SandboxFile (6)
[2023.03.17-17.34.00:040][  0]LogModuleManager: Shutting down and abandoning module PakFile (4)
[2023.03.17-17.34.00:040][  0]LogModuleManager: Shutting down and abandoning module RSA (3)
[2023.03.17-17.34.00:070][  0]LogContentStreaming: Display: There are 1 unreleased StreamingManagers
[2023.03.17-17.34.00:078][  0]LogExit: Exiting.
[2023.03.17-17.34.00:085][  0]Log file closed, 03/17/23 17:34:00
