Log file open, 03/09/23 11:56:20
LogWindows: Failed to load 'aqProf.dll' (GetLastError=126)
LogWindows: File 'aqProf.dll' does not exist
LogWindows: Failed to load 'VtuneApi.dll' (GetLastError=126)
LogWindows: File 'VtuneApi.dll' does not exist
LogWindows: Failed to load 'VtuneApi32e.dll' (GetLastError=126)
LogWindows: File 'VtuneApi32e.dll' does not exist
LogConsoleResponse: Display: Failed to find resolution value strings in scalability ini. Falling back to default.
LogConsoleResponse: Display: Failed to find resolution value strings in scalability ini. Falling back to default.
LogInit: Display: Running engine for game: Twonic
LogPlatformFile: Not using cached read wrapper
LogTaskGraph: Started task graph with 5 named threads and 20 total threads with 3 sets of task threads.
LogStats: Stats thread started at 0.386329
LogICUInternationalization: ICU TimeZone Detection - Raw Offset: +0:00, Platform Override: ''
LogInit: Display: Loading text-based GConfig....
LogPluginManager: Mounting plugin MeshPainting
LogPluginManager: Mounting plugin XGEController
LogPluginManager: Mounting plugin Paper2D
LogPluginManager: Mounting plugin AISupport
LogPluginManager: Mounting plugin EnvironmentQueryEditor
LogPluginManager: Mounting plugin LiveLink
LogPluginManager: Mounting plugin LightPropagationVolume
LogPluginManager: Mounting plugin CameraShakePreviewer
LogPluginManager: Mounting plugin GameplayCameras
LogPluginManager: Mounting plugin AnimationSharing
LogPluginManager: Mounting plugin CLionSourceCodeAccess
LogPluginManager: Mounting plugin CodeLiteSourceCodeAccess
LogPluginManager: Mounting plugin GitSourceControl
LogPluginManager: Mounting plugin KDevelopSourceCodeAccess
LogPluginManager: Mounting plugin OodleData
LogPluginManager: Mounting plugin NullSourceCodeAccess
LogPluginManager: Mounting plugin OodleNetwork
LogPluginManager: Mounting plugin PerforceSourceControl
LogPluginManager: Mounting plugin PixWinPlugin
LogPluginManager: Mounting plugin PlasticSourceControl
LogPluginManager: Mounting plugin PluginUtils
LogPluginManager: Mounting plugin PropertyAccessNode
LogPluginManager: Mounting plugin SubversionSourceControl
LogPluginManager: Mounting plugin RiderSourceCodeAccess
LogPluginManager: Mounting plugin TextureFormatOodle
LogPluginManager: Mounting plugin UObjectPlugin
LogPluginManager: Mounting plugin AssetManagerEditor
LogPluginManager: Mounting plugin CryptoKeys
LogPluginManager: Mounting plugin CurveEditorTools
LogPluginManager: Mounting plugin DataValidation
LogPluginManager: Mounting plugin VisualStudioCodeSourceCodeAccess
LogPluginManager: Mounting plugin FacialAnimation
LogPluginManager: Mounting plugin VisualStudioSourceCodeAccess
LogPluginManager: Mounting plugin GameplayTagsEditor
LogPluginManager: Mounting plugin XCodeSourceCodeAccess
LogPluginManager: Mounting plugin GeometryMode
LogPluginManager: Mounting plugin DatasmithContent
LogPluginManager: Mounting plugin MacGraphicsSwitching
LogPluginManager: Mounting plugin MaterialAnalyzer
LogPluginManager: Mounting plugin MobileLauncherProfileWizard
LogPluginManager: Mounting plugin PluginBrowser
LogPluginManager: Mounting plugin VariantManagerContent
LogPluginManager: Mounting plugin SpeedTreeImporter
LogPluginManager: Mounting plugin Niagara
LogPluginManager: Mounting plugin AutomationUtils
LogPluginManager: Mounting plugin AlembicImporter
LogPluginManager: Mounting plugin BackChannel
LogPluginManager: Mounting plugin ChaosCloth
LogPluginManager: Mounting plugin ChaosClothEditor
LogPluginManager: Mounting plugin ChaosEditor
LogPluginManager: Mounting plugin ChaosNiagara
LogPluginManager: Mounting plugin ChaosSolverPlugin
LogPluginManager: Mounting plugin CharacterAI
LogPluginManager: Mounting plugin GeometryCache
LogPluginManager: Mounting plugin GeometryCollectionPlugin
LogPluginManager: Mounting plugin GeometryProcessing
LogPluginManager: Mounting plugin MotoSynth
LogPluginManager: Mounting plugin OpenImageDenoise
LogPluginManager: Mounting plugin PlatformCrypto
LogPluginManager: Mounting plugin PlanarCut
LogPluginManager: Mounting plugin ProxyLODPlugin
LogPluginManager: Mounting plugin PythonScriptPlugin
LogPluginManager: Mounting plugin SkeletalReduction
LogPluginManager: Mounting plugin LuminPlatformFeatures
LogPluginManager: Mounting plugin MagicLeap
LogPluginManager: Mounting plugin MagicLeapLightEstimation
LogPluginManager: Mounting plugin MagicLeapMedia
LogPluginManager: Mounting plugin AndroidMedia
LogPluginManager: Mounting plugin MagicLeapPassableWorld
LogPluginManager: Mounting plugin AvfMedia
LogPluginManager: Mounting plugin MLSDK
LogPluginManager: Mounting plugin ImgMedia
LogPluginManager: Mounting plugin MediaCompositing
LogPluginManager: Mounting plugin MediaPlayerEditor
LogPluginManager: Mounting plugin WebMMedia
LogPluginManager: Mounting plugin WmfMedia
LogPluginManager: Mounting plugin TcpMessaging
LogPluginManager: Mounting plugin UdpMessaging
LogPluginManager: Mounting plugin ActorSequence
LogPluginManager: Mounting plugin LevelSequenceEditor
LogPluginManager: Mounting plugin MatineeToLevelSequence
LogPluginManager: Mounting plugin TemplateSequence
LogPluginManager: Mounting plugin LauncherChunkInstaller
LogPluginManager: Mounting plugin OnlineSubsystem
LogPluginManager: Mounting plugin OnlineSubsystemNull
LogPluginManager: Mounting plugin OnlineSubsystemUtils
LogPluginManager: Mounting plugin ActorLayerUtilities
LogPluginManager: Mounting plugin AndroidDeviceProfileSelector
LogPluginManager: Mounting plugin AndroidMoviePlayer
LogPluginManager: Mounting plugin AndroidPermission
LogPluginManager: Mounting plugin AppleImageUtils
LogPluginManager: Mounting plugin AppleMoviePlayer
LogPluginManager: Mounting plugin ArchVisCharacter
LogPluginManager: Mounting plugin AssetTags
LogPluginManager: Mounting plugin AudioCapture
LogPluginManager: Mounting plugin AudioSynesthesia
LogPluginManager: Mounting plugin CableComponent
LogPluginManager: Mounting plugin ChunkDownloader
LogPluginManager: Mounting plugin CustomMeshComponent
LogPluginManager: Mounting plugin EditableMesh
LogPluginManager: Mounting plugin ExampleDeviceProfileSelector
LogPluginManager: Mounting plugin GoogleCloudMessaging
LogPluginManager: Mounting plugin GooglePAD
LogPluginManager: Mounting plugin IOSDeviceProfileSelector
LogPluginManager: Mounting plugin LinuxDeviceProfileSelector
LogPluginManager: Mounting plugin LocationServicesBPLibrary
LogPluginManager: Mounting plugin MobilePatchingUtils
LogPluginManager: Mounting plugin OpenXR
LogPluginManager: Mounting plugin OpenXREyeTracker
LogPluginManager: Mounting plugin OpenXRHandTracking
LogPluginManager: Mounting plugin PhysXVehicles
LogPluginManager: Mounting plugin PostSplashScreen
LogPluginManager: Mounting plugin ProceduralMeshComponent
LogPluginManager: Mounting plugin PropertyAccessEditor
LogPluginManager: Mounting plugin RuntimePhysXCooking
LogPluginManager: Mounting plugin SignificanceManager
LogPluginManager: Mounting plugin SoundFields
LogPluginManager: Mounting plugin Synthesis
LogPluginManager: Mounting plugin WebMMoviePlayer
LogPluginManager: Mounting plugin WindowsMoviePlayer
LogPluginManager: Mounting plugin ScreenshotTools
LogPluginManager: Mounting plugin Takes
LogPluginManager: Mounting plugin ContentBrowserAssetDataSource
LogPluginManager: Mounting plugin ContentBrowserClassDataSource
LogPluginManager: Mounting plugin ContentBrowserFileDataSource
LogPluginManager: Mounting plugin OnlineSubsystemGooglePlay
LogPluginManager: Mounting plugin OnlineSubsystemIOS
LogPluginManager: Mounting plugin OculusVR
LogPluginManager: Mounting plugin SteamVR
PixWinPlugin: PIX capture plugin failed to initialize! Check that the process is launched from PIX.
LogInit: Using libcurl 7.55.1-DEV
LogInit:  - built for x86_64-pc-win32
LogInit:  - supports SSL with OpenSSL/1.1.1
LogInit:  - supports HTTP deflate (compression) using libz 1.2.8
LogInit:  - other features:
LogInit:      CURL_VERSION_SSL
LogInit:      CURL_VERSION_LIBZ
LogInit:      CURL_VERSION_IPV6
LogInit:      CURL_VERSION_ASYNCHDNS
LogInit:      CURL_VERSION_LARGEFILE
LogInit:      CURL_VERSION_IDN
LogInit:  CurlRequestOptions (configurable via config and command line):
LogInit:  - bVerifyPeer = true  - Libcurl will verify peer certificate
LogInit:  - bUseHttpProxy = false  - Libcurl will NOT use HTTP proxy
LogInit:  - bDontReuseConnections = false  - Libcurl will reuse connections
LogInit:  - MaxHostConnections = 16  - Libcurl will limit the number of connections to a host
LogInit:  - LocalHostAddr = Default
LogInit:  - BufferSize = 65536
LogOnline: OSS: Creating online subsystem instance for: NULL
LogInit: WinSock: version 1.1 (2.2), MaxSocks=32767, MaxUdp=65467
LogOnline: OSS: TryLoadSubsystemAndSetDefault: Loaded subsystem for module [NULL]
LogOculusPluginWrapper: OculusPlugin initialized successfully
LogHMD: Failed initializing OVRPlugin 1.59.0
LogInit: Build: ++UE4+Release-4.27-CL-18319896
LogInit: Engine Version: 4.27.2-18319896+++UE4+Release-4.27
LogInit: Compatible Engine Version: 4.27.0-17155196+++UE4+Release-4.27
LogInit: Net CL: 17155196
LogInit: OS: Windows 10 (Release 2009) (), CPU: Intel(R) Xeon(R) CPU E5-1650 v3 @ 3.50GHz, GPU: NVIDIA GeForce GTX 980 Ti
LogInit: Compiled (64-bit): Nov 30 2021 07:12:08
LogInit: Compiled with Visual C++: 19.24.28315.00
LogInit: Build Configuration: Development
LogInit: Branch Name: ++UE4+Release-4.27
LogInit: Command Line:  /Game/Roles/Designer/Clayton/Level/MP_EdusLevel1 -game -PIEVIACONSOLE -Multiprocess GameUserSettingsINI=C:/Users/b1064845/Documents/GitHub/-Journeyman-Twonic---Alpha-Team/Twonic/Saved/Config/Windows/PIEGameUserSettings0.ini -MultiprocessSaveConfig -forcepassthrough -messaging -SessionName="Play in Standalone Game" -windowed -WinX=0 -WinY=24 SAVEWINPOS=1 -ResX=1910 -ResY=998
LogInit: Base Directory: C:/Program Files/Epic Games/UE_4.27/Engine/Binaries/Win64/
LogInit: Allocator: TBB
LogInit: Installed Engine Build: 1
LogDevObjectVersion: Number of dev versions registered: 29
LogDevObjectVersion:   Dev-Blueprints (B0D832E4-1F89-4F0D-ACCF-7EB736FD4AA2): 10
LogDevObjectVersion:   Dev-Build (E1C64328-A22C-4D53-A36C-8E866417BD8C): 0
LogDevObjectVersion:   Dev-Core (375EC13C-06E4-48FB-B500-84F0262A717E): 4
LogDevObjectVersion:   Dev-Editor (E4B068ED-F494-42E9-A231-DA0B2E46BB41): 40
LogDevObjectVersion:   Dev-Framework (CFFC743F-43B0-4480-9391-14DF171D2073): 37
LogDevObjectVersion:   Dev-Mobile (B02B49B5-BB20-44E9-A304-32B752E40360): 3
LogDevObjectVersion:   Dev-Networking (A4E4105C-59A1-49B5-A7C5-40C4547EDFEE): 0
LogDevObjectVersion:   Dev-Online (39C831C9-5AE6-47DC-9A44-9C173E1C8E7C): 0
LogDevObjectVersion:   Dev-Physics (78F01B33-EBEA-4F98-B9B4-84EACCB95AA2): 14
LogDevObjectVersion:   Dev-Platform (6631380F-2D4D-43E0-8009-CF276956A95A): 0
LogDevObjectVersion:   Dev-Rendering (12F88B9F-8875-4AFC-A67C-D90C383ABD29): 45
LogDevObjectVersion:   Dev-Sequencer (7B5AE74C-D270-4C10-A958-57980B212A5A): 13
LogDevObjectVersion:   Dev-VR (D7296918-1DD6-4BDD-9DE2-64A83CC13884): 3
LogDevObjectVersion:   Dev-LoadTimes (C2A15278-BFE7-4AFE-6C17-90FF531DF755): 1
LogDevObjectVersion:   Private-Geometry (6EACA3D4-40EC-4CC1-B786-8BED09428FC5): 3
LogDevObjectVersion:   Dev-AnimPhys (29E575DD-E0A3-4627-9D10-D276232CDCEA): 17
LogDevObjectVersion:   Dev-Anim (AF43A65D-7FD3-4947-9873-3E8ED9C1BB05): 15
LogDevObjectVersion:   Dev-ReflectionCapture (6B266CEC-1EC7-4B8F-A30B-E4D90942FC07): 1
LogDevObjectVersion:   Dev-Automation (0DF73D61-A23F-47EA-B727-89E90C41499A): 1
LogDevObjectVersion:   FortniteMain (601D1886-AC64-4F84-AA16-D3DE0DEAC7D6): 47
LogDevObjectVersion:   FortniteRelease (E7086368-6B23-4C58-8439-1B7016265E91): 1
LogDevObjectVersion:   Dev-Enterprise (9DFFBCD6-494F-0158-E221-12823C92A888): 10
LogDevObjectVersion:   Dev-Niagara (F2AED0AC-9AFE-416F-8664-AA7FFA26D6FC): 1
LogDevObjectVersion:   Dev-Destruction (174F1F0B-B4C6-45A5-B13F-2EE8D0FB917D): 10
LogDevObjectVersion:   Dev-Physics-Ext (35F94A83-E258-406C-A318-09F59610247C): 41
LogDevObjectVersion:   Dev-PhysicsMaterial-Chaos (B68FC16E-8B1B-42E2-B453-215C058844FE): 1
LogDevObjectVersion:   Dev-CineCamera (B2E18506-4273-CFC2-A54E-F4BB758BBA07): 1
LogDevObjectVersion:   Dev-VirtualProduction (64F58936-FD1B-42BA-BA96-7289D5D0FA4E): 1
LogDevObjectVersion:   Dev-MediaFramework (6F0ED827-A609-4895-9C91-998D90180EA4): 2
LogInit: Presizing for max 25165824 objects, including 0 objects not considered by GC, pre-allocating 0 bytes for permanent pool.
LogConfig: Applying CVar settings from Section [/Script/Engine.StreamingSettings] File [C:/Users/b1064845/Documents/GitHub/-Journeyman-Twonic---Alpha-Team/Twonic/Saved/Config/Windows/Engine.ini]
LogConfig: Setting CVar [[s.MinBulkDataSizeForAsyncLoading:131072]]
LogConfig: Setting CVar [[s.AsyncLoadingThreadEnabled:0]]
LogConfig: Setting CVar [[s.EventDrivenLoaderEnabled:1]]
LogConfig: Setting CVar [[s.WarnIfTimeLimitExceeded:0]]
LogConfig: Setting CVar [[s.TimeLimitExceededMultiplier:1.5]]
LogConfig: Setting CVar [[s.TimeLimitExceededMinTime:0.005]]
LogConfig: Setting CVar [[s.UseBackgroundLevelStreaming:1]]
LogConfig: Setting CVar [[s.PriorityAsyncLoadingExtraTime:15.0]]
LogConfig: Setting CVar [[s.LevelStreamingActorsUpdateTimeLimit:5.0]]
LogConfig: Setting CVar [[s.PriorityLevelStreamingActorsUpdateExtraTime:5.0]]
LogConfig: Setting CVar [[s.LevelStreamingComponentsRegistrationGranularity:10]]
LogConfig: Setting CVar [[s.UnregisterComponentsTimeLimit:1.0]]
LogConfig: Setting CVar [[s.LevelStreamingComponentsUnregistrationGranularity:5]]
LogConfig: Setting CVar [[s.FlushStreamingOnExit:1]]
LogInit: Object subsystem initialized
LogConfig: Setting CVar [[con.DebugEarlyDefault:1]]
LogConfig: Setting CVar [[r.setres:1280x720]]
[2023.03.09-11.56.21:706][  0]LogConfig: Setting CVar [[con.DebugEarlyDefault:1]]
[2023.03.09-11.56.21:706][  0]LogConfig: Setting CVar [[r.setres:1280x720]]
[2023.03.09-11.56.21:706][  0]LogConfig: Applying CVar settings from Section [/Script/Engine.RendererSettings] File [C:/Users/b1064845/Documents/GitHub/-Journeyman-Twonic---Alpha-Team/Twonic/Saved/Config/Windows/Engine.ini]
[2023.03.09-11.56.21:706][  0]LogConfig: Setting CVar [[r.GPUCrashDebugging:0]]
[2023.03.09-11.56.21:706][  0]LogConfig: Setting CVar [[r.ForwardShading:0]]
[2023.03.09-11.56.21:706][  0]LogConfig: Applying CVar settings from Section [/Script/Engine.RendererOverrideSettings] File [C:/Users/b1064845/Documents/GitHub/-Journeyman-Twonic---Alpha-Team/Twonic/Saved/Config/Windows/Engine.ini]
[2023.03.09-11.56.21:706][  0]LogConfig: Applying CVar settings from Section [/Script/Engine.StreamingSettings] File [C:/Users/b1064845/Documents/GitHub/-Journeyman-Twonic---Alpha-Team/Twonic/Saved/Config/Windows/Engine.ini]
[2023.03.09-11.56.21:706][  0]LogConfig: Setting CVar [[s.MinBulkDataSizeForAsyncLoading:131072]]
[2023.03.09-11.56.21:706][  0]LogConfig: Setting CVar [[s.AsyncLoadingThreadEnabled:0]]
[2023.03.09-11.56.21:707][  0]LogConfig: Setting CVar [[s.EventDrivenLoaderEnabled:1]]
[2023.03.09-11.56.21:707][  0]LogConfig: Setting CVar [[s.WarnIfTimeLimitExceeded:0]]
[2023.03.09-11.56.21:707][  0]LogConfig: Setting CVar [[s.TimeLimitExceededMultiplier:1.5]]
[2023.03.09-11.56.21:707][  0]LogConfig: Setting CVar [[s.TimeLimitExceededMinTime:0.005]]
[2023.03.09-11.56.21:707][  0]LogConfig: Setting CVar [[s.UseBackgroundLevelStreaming:1]]
[2023.03.09-11.56.21:707][  0]LogConfig: Setting CVar [[s.PriorityAsyncLoadingExtraTime:15.0]]
[2023.03.09-11.56.21:707][  0]LogConfig: Setting CVar [[s.LevelStreamingActorsUpdateTimeLimit:5.0]]
[2023.03.09-11.56.21:707][  0]LogConfig: Setting CVar [[s.PriorityLevelStreamingActorsUpdateExtraTime:5.0]]
[2023.03.09-11.56.21:707][  0]LogConfig: Setting CVar [[s.LevelStreamingComponentsRegistrationGranularity:10]]
[2023.03.09-11.56.21:707][  0]LogConfig: Setting CVar [[s.UnregisterComponentsTimeLimit:1.0]]
[2023.03.09-11.56.21:707][  0]LogConfig: Setting CVar [[s.LevelStreamingComponentsUnregistrationGranularity:5]]
[2023.03.09-11.56.21:707][  0]LogConfig: Setting CVar [[s.FlushStreamingOnExit:1]]
[2023.03.09-11.56.21:707][  0]LogConfig: Applying CVar settings from Section [/Script/Engine.GarbageCollectionSettings] File [C:/Users/b1064845/Documents/GitHub/-Journeyman-Twonic---Alpha-Team/Twonic/Saved/Config/Windows/Engine.ini]
[2023.03.09-11.56.21:707][  0]LogConfig: Setting CVar [[gc.MaxObjectsNotConsideredByGC:1]]
[2023.03.09-11.56.21:707][  0]LogConfig: Setting CVar [[gc.SizeOfPermanentObjectPool:0]]
[2023.03.09-11.56.21:707][  0]LogConfig: Setting CVar [[gc.FlushStreamingOnGC:0]]
[2023.03.09-11.56.21:707][  0]LogConfig: Setting CVar [[gc.NumRetriesBeforeForcingGC:10]]
[2023.03.09-11.56.21:707][  0]LogConfig: Setting CVar [[gc.AllowParallelGC:1]]
[2023.03.09-11.56.21:707][  0]LogConfig: Setting CVar [[gc.TimeBetweenPurgingPendingKillObjects:61.1]]
[2023.03.09-11.56.21:707][  0]LogConfig: Setting CVar [[gc.MaxObjectsInEditor:25165824]]
[2023.03.09-11.56.21:707][  0]LogConfig: Setting CVar [[gc.IncrementalBeginDestroyEnabled:1]]
[2023.03.09-11.56.21:707][  0]LogConfig: Setting CVar [[gc.CreateGCClusters:1]]
[2023.03.09-11.56.21:707][  0]LogConfig: Setting CVar [[gc.MinGCClusterSize:5]]
[2023.03.09-11.56.21:707][  0]LogConfig: Setting CVar [[gc.ActorClusteringEnabled:0]]
[2023.03.09-11.56.21:707][  0]LogConfig: Setting CVar [[gc.BlueprintClusteringEnabled:0]]
[2023.03.09-11.56.21:707][  0]LogConfig: Setting CVar [[gc.UseDisregardForGCOnDedicatedServers:0]]
[2023.03.09-11.56.21:707][  0]LogConfig: Setting CVar [[gc.MultithreadedDestructionEnabled:1]]
[2023.03.09-11.56.21:707][  0]LogConfig: Applying CVar settings from Section [/Script/Engine.NetworkSettings] File [C:/Users/b1064845/Documents/GitHub/-Journeyman-Twonic---Alpha-Team/Twonic/Saved/Config/Windows/Engine.ini]
[2023.03.09-11.56.21:707][  0]LogConfig: Applying CVar settings from Section [/Script/UnrealEd.CookerSettings] File [C:/Users/b1064845/Documents/GitHub/-Journeyman-Twonic---Alpha-Team/Twonic/Saved/Config/Windows/Engine.ini]
[2023.03.09-11.56.21:720][  0]LogConfig: Applying CVar settings from Section [ViewDistanceQuality@3] File [C:/Users/b1064845/Documents/GitHub/-Journeyman-Twonic---Alpha-Team/Twonic/Saved/Config/Windows/Scalability.ini]
[2023.03.09-11.56.21:720][  0]LogConfig: Setting CVar [[r.SkeletalMeshLODBias:0]]
[2023.03.09-11.56.21:720][  0]LogConfig: Setting CVar [[r.ViewDistanceScale:1.0]]
[2023.03.09-11.56.21:720][  0]LogConfig: Applying CVar settings from Section [AntiAliasingQuality@3] File [C:/Users/b1064845/Documents/GitHub/-Journeyman-Twonic---Alpha-Team/Twonic/Saved/Config/Windows/Scalability.ini]
[2023.03.09-11.56.21:720][  0]LogConfig: Setting CVar [[r.PostProcessAAQuality:4]]
[2023.03.09-11.56.21:720][  0]LogConfig: Applying CVar settings from Section [ShadowQuality@3] File [C:/Users/b1064845/Documents/GitHub/-Journeyman-Twonic---Alpha-Team/Twonic/Saved/Config/Windows/Scalability.ini]
[2023.03.09-11.56.21:720][  0]LogConfig: Setting CVar [[r.LightFunctionQuality:1]]
[2023.03.09-11.56.21:720][  0]LogConfig: Setting CVar [[r.ShadowQuality:5]]
[2023.03.09-11.56.21:720][  0]LogConfig: Setting CVar [[r.Shadow.CSM.MaxCascades:10]]
[2023.03.09-11.56.21:720][  0]LogConfig: Setting CVar [[r.Shadow.MaxResolution:2048]]
[2023.03.09-11.56.21:720][  0]LogConfig: Setting CVar [[r.Shadow.MaxCSMResolution:2048]]
[2023.03.09-11.56.21:720][  0]LogConfig: Setting CVar [[r.Shadow.RadiusThreshold:0.01]]
[2023.03.09-11.56.21:720][  0]LogConfig: Setting CVar [[r.Shadow.DistanceScale:1.0]]
[2023.03.09-11.56.21:720][  0]LogConfig: Setting CVar [[r.Shadow.CSM.TransitionScale:1.0]]
[2023.03.09-11.56.21:720][  0]LogConfig: Setting CVar [[r.Shadow.PreShadowResolutionFactor:1.0]]
[2023.03.09-11.56.21:720][  0]LogConfig: Setting CVar [[r.DistanceFieldShadowing:1]]
[2023.03.09-11.56.21:720][  0]LogConfig: Setting CVar [[r.DistanceFieldAO:1]]
[2023.03.09-11.56.21:720][  0]LogConfig: Setting CVar [[r.AOQuality:2]]
[2023.03.09-11.56.21:720][  0]LogConfig: Setting CVar [[r.VolumetricFog:1]]
[2023.03.09-11.56.21:720][  0]LogConfig: Setting CVar [[r.VolumetricFog.GridPixelSize:8]]
[2023.03.09-11.56.21:720][  0]LogConfig: Setting CVar [[r.VolumetricFog.GridSizeZ:128]]
[2023.03.09-11.56.21:720][  0]LogConfig: Setting CVar [[r.VolumetricFog.HistoryMissSupersampleCount:4]]
[2023.03.09-11.56.21:720][  0]LogConfig: Setting CVar [[r.LightMaxDrawDistanceScale:1]]
[2023.03.09-11.56.21:720][  0]LogConfig: Setting CVar [[r.CapsuleShadows:1]]
[2023.03.09-11.56.21:720][  0]LogConfig: Applying CVar settings from Section [PostProcessQuality@3] File [C:/Users/b1064845/Documents/GitHub/-Journeyman-Twonic---Alpha-Team/Twonic/Saved/Config/Windows/Scalability.ini]
[2023.03.09-11.56.21:720][  0]LogConfig: Setting CVar [[r.MotionBlurQuality:4]]
[2023.03.09-11.56.21:720][  0]LogConfig: Setting CVar [[r.AmbientOcclusionMipLevelFactor:0.4]]
[2023.03.09-11.56.21:720][  0]LogConfig: Setting CVar [[r.AmbientOcclusionMaxQuality:100]]
[2023.03.09-11.56.21:720][  0]LogConfig: Setting CVar [[r.AmbientOcclusionLevels:-1]]
[2023.03.09-11.56.21:720][  0]LogConfig: Setting CVar [[r.AmbientOcclusionRadiusScale:1.0]]
[2023.03.09-11.56.21:720][  0]LogConfig: Setting CVar [[r.DepthOfFieldQuality:2]]
[2023.03.09-11.56.21:720][  0]LogConfig: Setting CVar [[r.RenderTargetPoolMin:400]]
[2023.03.09-11.56.21:720][  0]LogConfig: Setting CVar [[r.LensFlareQuality:2]]
[2023.03.09-11.56.21:720][  0]LogConfig: Setting CVar [[r.SceneColorFringeQuality:1]]
[2023.03.09-11.56.21:720][  0]LogConfig: Setting CVar [[r.EyeAdaptationQuality:2]]
[2023.03.09-11.56.21:720][  0]LogConfig: Setting CVar [[r.BloomQuality:5]]
[2023.03.09-11.56.21:720][  0]LogConfig: Setting CVar [[r.FastBlurThreshold:100]]
[2023.03.09-11.56.21:720][  0]LogConfig: Setting CVar [[r.Upscale.Quality:3]]
[2023.03.09-11.56.21:720][  0]LogConfig: Setting CVar [[r.Tonemapper.GrainQuantization:1]]
[2023.03.09-11.56.21:720][  0]LogConfig: Setting CVar [[r.LightShaftQuality:1]]
[2023.03.09-11.56.21:720][  0]LogConfig: Setting CVar [[r.Filter.SizeScale:1]]
[2023.03.09-11.56.21:720][  0]LogConfig: Setting CVar [[r.Tonemapper.Quality:5]]
[2023.03.09-11.56.21:720][  0]LogConfig: Setting CVar [[r.DOF.Gather.AccumulatorQuality:1        ; higher gathering accumulator quality]]
[2023.03.09-11.56.21:720][  0]LogConfig: Setting CVar [[r.DOF.Gather.PostfilterMethod:1          ; Median3x3 postfilering method]]
[2023.03.09-11.56.21:720][  0]LogConfig: Setting CVar [[r.DOF.Gather.EnableBokehSettings:0       ; no bokeh simulation when gathering]]
[2023.03.09-11.56.21:720][  0]LogConfig: Setting CVar [[r.DOF.Gather.RingCount:4                 ; medium number of samples when gathering]]
[2023.03.09-11.56.21:720][  0]LogConfig: Setting CVar [[r.DOF.Scatter.ForegroundCompositing:1    ; additive foreground scattering]]
[2023.03.09-11.56.21:720][  0]LogConfig: Setting CVar [[r.DOF.Scatter.BackgroundCompositing:2    ; additive background scattering]]
[2023.03.09-11.56.21:720][  0]LogConfig: Setting CVar [[r.DOF.Scatter.EnableBokehSettings:1      ; bokeh simulation when scattering]]
[2023.03.09-11.56.21:720][  0]LogConfig: Setting CVar [[r.DOF.Scatter.MaxSpriteRatio:0.1         ; only a maximum of 10% of scattered bokeh]]
[2023.03.09-11.56.21:720][  0]LogConfig: Setting CVar [[r.DOF.Recombine.Quality:1                ; cheap slight out of focus]]
[2023.03.09-11.56.21:720][  0]LogConfig: Setting CVar [[r.DOF.Recombine.EnableBokehSettings:0    ; no bokeh simulation on slight out of focus]]
[2023.03.09-11.56.21:720][  0]LogConfig: Setting CVar [[r.DOF.TemporalAAQuality:1                ; more stable temporal accumulation]]
[2023.03.09-11.56.21:720][  0]LogConfig: Setting CVar [[r.DOF.Kernel.MaxForegroundRadius:0.025]]
[2023.03.09-11.56.21:720][  0]LogConfig: Setting CVar [[r.DOF.Kernel.MaxBackgroundRadius:0.025]]
[2023.03.09-11.56.21:720][  0]LogConfig: Applying CVar settings from Section [TextureQuality@3] File [C:/Users/b1064845/Documents/GitHub/-Journeyman-Twonic---Alpha-Team/Twonic/Saved/Config/Windows/Scalability.ini]
[2023.03.09-11.56.21:720][  0]LogConfig: Setting CVar [[r.Streaming.MipBias:0]]
[2023.03.09-11.56.21:720][  0]LogConfig: Setting CVar [[r.Streaming.AmortizeCPUToGPUCopy:0]]
[2023.03.09-11.56.21:720][  0]LogConfig: Setting CVar [[r.Streaming.MaxNumTexturesToStreamPerFrame:0]]
[2023.03.09-11.56.21:720][  0]LogConfig: Setting CVar [[r.Streaming.Boost:1]]
[2023.03.09-11.56.21:720][  0]LogConfig: Setting CVar [[r.MaxAnisotropy:8]]
[2023.03.09-11.56.21:720][  0]LogConfig: Setting CVar [[r.VT.MaxAnisotropy:8]]
[2023.03.09-11.56.21:720][  0]LogConfig: Setting CVar [[r.Streaming.LimitPoolSizeToVRAM:0]]
[2023.03.09-11.56.21:720][  0]LogConfig: Setting CVar [[r.Streaming.PoolSize:1000]]
[2023.03.09-11.56.21:720][  0]LogConfig: Setting CVar [[r.Streaming.MaxEffectiveScreenSize:0]]
[2023.03.09-11.56.21:720][  0]LogConfig: Applying CVar settings from Section [EffectsQuality@3] File [C:/Users/b1064845/Documents/GitHub/-Journeyman-Twonic---Alpha-Team/Twonic/Saved/Config/Windows/Scalability.ini]
[2023.03.09-11.56.21:720][  0]LogConfig: Setting CVar [[r.TranslucencyLightingVolumeDim:64]]
[2023.03.09-11.56.21:720][  0]LogConfig: Setting CVar [[r.RefractionQuality:2]]
[2023.03.09-11.56.21:720][  0]LogConfig: Setting CVar [[r.SSR.Quality:3]]
[2023.03.09-11.56.21:720][  0]LogConfig: Setting CVar [[r.SSR.HalfResSceneColor:0]]
[2023.03.09-11.56.21:720][  0]LogConfig: Setting CVar [[r.SceneColorFormat:4]]
[2023.03.09-11.56.21:721][  0]LogConfig: Setting CVar [[r.DetailMode:2]]
[2023.03.09-11.56.21:721][  0]LogConfig: Setting CVar [[r.TranslucencyVolumeBlur:1]]
[2023.03.09-11.56.21:721][  0]LogConfig: Setting CVar [[r.MaterialQualityLevel:1 ; High quality]]
[2023.03.09-11.56.21:721][  0]LogConfig: Setting CVar [[r.AnisotropicMaterials:1]]
[2023.03.09-11.56.21:721][  0]LogConfig: Setting CVar [[r.SSS.Scale:1]]
[2023.03.09-11.56.21:721][  0]LogConfig: Setting CVar [[r.SSS.SampleSet:2]]
[2023.03.09-11.56.21:721][  0]LogConfig: Setting CVar [[r.SSS.Quality:1]]
[2023.03.09-11.56.21:721][  0]LogConfig: Setting CVar [[r.SSS.HalfRes:0]]
[2023.03.09-11.56.21:721][  0]LogConfig: Setting CVar [[r.SSGI.Quality:3]]
[2023.03.09-11.56.21:721][  0]LogConfig: Setting CVar [[r.EmitterSpawnRateScale:1.0]]
[2023.03.09-11.56.21:721][  0]LogConfig: Setting CVar [[r.ParticleLightQuality:2]]
[2023.03.09-11.56.21:721][  0]LogConfig: Setting CVar [[r.SkyAtmosphere.AerialPerspectiveLUT.FastApplyOnOpaque:1 ; Always have FastSkyLUT 1 in this case to avoid wrong sky]]
[2023.03.09-11.56.21:721][  0]LogConfig: Setting CVar [[r.SkyAtmosphere.AerialPerspectiveLUT.SampleCountMaxPerSlice:4]]
[2023.03.09-11.56.21:721][  0]LogConfig: Setting CVar [[r.SkyAtmosphere.AerialPerspectiveLUT.DepthResolution:16.0]]
[2023.03.09-11.56.21:721][  0]LogConfig: Setting CVar [[r.SkyAtmosphere.FastSkyLUT:1]]
[2023.03.09-11.56.21:721][  0]LogConfig: Setting CVar [[r.SkyAtmosphere.FastSkyLUT.SampleCountMin:4.0]]
[2023.03.09-11.56.21:721][  0]LogConfig: Setting CVar [[r.SkyAtmosphere.FastSkyLUT.SampleCountMax:128.0]]
[2023.03.09-11.56.21:721][  0]LogConfig: Setting CVar [[r.SkyAtmosphere.SampleCountMin:4.0]]
[2023.03.09-11.56.21:721][  0]LogConfig: Setting CVar [[r.SkyAtmosphere.SampleCountMax:128.0]]
[2023.03.09-11.56.21:721][  0]LogConfig: Setting CVar [[r.SkyAtmosphere.TransmittanceLUT.UseSmallFormat:0]]
[2023.03.09-11.56.21:721][  0]LogConfig: Setting CVar [[r.SkyAtmosphere.TransmittanceLUT.SampleCount:10.0]]
[2023.03.09-11.56.21:721][  0]LogConfig: Setting CVar [[r.SkyAtmosphere.MultiScatteringLUT.SampleCount:15.0]]
[2023.03.09-11.56.21:721][  0]LogConfig: Setting CVar [[r.SkyLight.RealTimeReflectionCapture:1]]
[2023.03.09-11.56.21:721][  0]LogConfig: Applying CVar settings from Section [FoliageQuality@3] File [C:/Users/b1064845/Documents/GitHub/-Journeyman-Twonic---Alpha-Team/Twonic/Saved/Config/Windows/Scalability.ini]
[2023.03.09-11.56.21:721][  0]LogConfig: Setting CVar [[foliage.DensityScale:1.0]]
[2023.03.09-11.56.21:721][  0]LogConfig: Setting CVar [[grass.DensityScale:1.0]]
[2023.03.09-11.56.21:721][  0]LogConfig: Applying CVar settings from Section [ShadingQuality@3] File [C:/Users/b1064845/Documents/GitHub/-Journeyman-Twonic---Alpha-Team/Twonic/Saved/Config/Windows/Scalability.ini]
[2023.03.09-11.56.21:721][  0]LogConfig: Setting CVar [[r.HairStrands.SkyLighting.IntegrationType:2]]
[2023.03.09-11.56.21:721][  0]LogConfig: Setting CVar [[r.HairStrands.SkyAO.SampleCount:4]]
[2023.03.09-11.56.21:721][  0]LogConfig: Setting CVar [[r.HairStrands.Visibility.MSAA.SamplePerPixel:4]]
[2023.03.09-11.56.21:721][  0]LogInit: Selected Device Profile: [Windows]
[2023.03.09-11.56.21:721][  0]LogInit: Applying CVar settings loaded from the selected device profile: [Windows]
[2023.03.09-11.56.21:721][  0]LogHAL: Display: Platform has ~ 32 GB [34271838208 / 34359738368 / 32], which maps to Largest [LargestMinGB=32, LargerMinGB=12, DefaultMinGB=8, SmallerMinGB=6, SmallestMinGB=0)
[2023.03.09-11.56.21:721][  0]LogInit: Going up to parent DeviceProfile []
[2023.03.09-11.56.21:721][  0]LogConfig: Applying CVar settings from Section [ViewDistanceQuality@3] File [C:/Users/b1064845/Documents/GitHub/-Journeyman-Twonic---Alpha-Team/Twonic/Saved/Config/Windows/Scalability.ini]
[2023.03.09-11.56.21:721][  0]LogConfig: Setting CVar [[r.SkeletalMeshLODBias:0]]
[2023.03.09-11.56.21:721][  0]LogConfig: Setting CVar [[r.ViewDistanceScale:1.0]]
[2023.03.09-11.56.21:721][  0]LogConfig: Applying CVar settings from Section [AntiAliasingQuality@3] File [C:/Users/b1064845/Documents/GitHub/-Journeyman-Twonic---Alpha-Team/Twonic/Saved/Config/Windows/Scalability.ini]
[2023.03.09-11.56.21:721][  0]LogConfig: Setting CVar [[r.PostProcessAAQuality:4]]
[2023.03.09-11.56.21:721][  0]LogConfig: Applying CVar settings from Section [ShadowQuality@Cine] File [C:/Users/b1064845/Documents/GitHub/-Journeyman-Twonic---Alpha-Team/Twonic/Saved/Config/Windows/Scalability.ini]
[2023.03.09-11.56.21:721][  0]LogConfig: Setting CVar [[r.LightFunctionQuality:1]]
[2023.03.09-11.56.21:721][  0]LogConfig: Setting CVar [[r.ShadowQuality:5]]
[2023.03.09-11.56.21:721][  0]LogConfig: Setting CVar [[r.Shadow.CSM.MaxCascades:10]]
[2023.03.09-11.56.21:721][  0]LogConfig: Setting CVar [[r.Shadow.MaxResolution:4096]]
[2023.03.09-11.56.21:721][  0]LogConfig: Setting CVar [[r.Shadow.MaxCSMResolution:4096]]
[2023.03.09-11.56.21:721][  0]LogConfig: Setting CVar [[r.Shadow.RadiusThreshold:0]]
[2023.03.09-11.56.21:721][  0]LogConfig: Setting CVar [[r.Shadow.DistanceScale:1.0]]
[2023.03.09-11.56.21:721][  0]LogConfig: Setting CVar [[r.Shadow.CSM.TransitionScale:1.0]]
[2023.03.09-11.56.21:721][  0]LogConfig: Setting CVar [[r.Shadow.PreShadowResolutionFactor:1.0]]
[2023.03.09-11.56.21:721][  0]LogConfig: Setting CVar [[r.DistanceFieldShadowing:1]]
[2023.03.09-11.56.21:721][  0]LogConfig: Setting CVar [[r.DistanceFieldAO:1]]
[2023.03.09-11.56.21:721][  0]LogConfig: Setting CVar [[r.AOQuality:2]]
[2023.03.09-11.56.21:721][  0]LogConfig: Setting CVar [[r.VolumetricFog:1]]
[2023.03.09-11.56.21:721][  0]LogConfig: Setting CVar [[r.VolumetricFog.GridPixelSize:4]]
[2023.03.09-11.56.21:721][  0]LogConfig: Setting CVar [[r.VolumetricFog.GridSizeZ:128]]
[2023.03.09-11.56.21:721][  0]LogConfig: Setting CVar [[r.VolumetricFog.HistoryMissSupersampleCount:16]]
[2023.03.09-11.56.21:721][  0]LogConfig: Setting CVar [[r.LightMaxDrawDistanceScale:1]]
[2023.03.09-11.56.21:721][  0]LogConfig: Setting CVar [[r.CapsuleShadows:1]]
[2023.03.09-11.56.21:721][  0]LogConfig: Applying CVar settings from Section [PostProcessQuality@3] File [C:/Users/b1064845/Documents/GitHub/-Journeyman-Twonic---Alpha-Team/Twonic/Saved/Config/Windows/Scalability.ini]
[2023.03.09-11.56.21:721][  0]LogConfig: Setting CVar [[r.MotionBlurQuality:4]]
[2023.03.09-11.56.21:721][  0]LogConfig: Setting CVar [[r.AmbientOcclusionMipLevelFactor:0.4]]
[2023.03.09-11.56.21:721][  0]LogConfig: Setting CVar [[r.AmbientOcclusionMaxQuality:100]]
[2023.03.09-11.56.21:721][  0]LogConfig: Setting CVar [[r.AmbientOcclusionLevels:-1]]
[2023.03.09-11.56.21:721][  0]LogConfig: Setting CVar [[r.AmbientOcclusionRadiusScale:1.0]]
[2023.03.09-11.56.21:721][  0]LogConfig: Setting CVar [[r.DepthOfFieldQuality:2]]
[2023.03.09-11.56.21:721][  0]LogConfig: Setting CVar [[r.RenderTargetPoolMin:400]]
[2023.03.09-11.56.21:721][  0]LogConfig: Setting CVar [[r.LensFlareQuality:2]]
[2023.03.09-11.56.21:721][  0]LogConfig: Setting CVar [[r.SceneColorFringeQuality:1]]
[2023.03.09-11.56.21:721][  0]LogConfig: Setting CVar [[r.EyeAdaptationQuality:2]]
[2023.03.09-11.56.21:721][  0]LogConfig: Setting CVar [[r.BloomQuality:5]]
[2023.03.09-11.56.21:721][  0]LogConfig: Setting CVar [[r.FastBlurThreshold:100]]
[2023.03.09-11.56.21:721][  0]LogConfig: Setting CVar [[r.Upscale.Quality:3]]
[2023.03.09-11.56.21:721][  0]LogConfig: Setting CVar [[r.Tonemapper.GrainQuantization:1]]
[2023.03.09-11.56.21:721][  0]LogConfig: Setting CVar [[r.LightShaftQuality:1]]
[2023.03.09-11.56.21:721][  0]LogConfig: Setting CVar [[r.Filter.SizeScale:1]]
[2023.03.09-11.56.21:721][  0]LogConfig: Setting CVar [[r.Tonemapper.Quality:5]]
[2023.03.09-11.56.21:722][  0]LogConfig: Setting CVar [[r.DOF.Gather.AccumulatorQuality:1        ; higher gathering accumulator quality]]
[2023.03.09-11.56.21:722][  0]LogConfig: Setting CVar [[r.DOF.Gather.PostfilterMethod:1          ; Median3x3 postfilering method]]
[2023.03.09-11.56.21:722][  0]LogConfig: Setting CVar [[r.DOF.Gather.EnableBokehSettings:0       ; no bokeh simulation when gathering]]
[2023.03.09-11.56.21:722][  0]LogConfig: Setting CVar [[r.DOF.Gather.RingCount:4                 ; medium number of samples when gathering]]
[2023.03.09-11.56.21:722][  0]LogConfig: Setting CVar [[r.DOF.Scatter.ForegroundCompositing:1    ; additive foreground scattering]]
[2023.03.09-11.56.21:722][  0]LogConfig: Setting CVar [[r.DOF.Scatter.BackgroundCompositing:2    ; additive background scattering]]
[2023.03.09-11.56.21:722][  0]LogConfig: Setting CVar [[r.DOF.Scatter.EnableBokehSettings:1      ; bokeh simulation when scattering]]
[2023.03.09-11.56.21:722][  0]LogConfig: Setting CVar [[r.DOF.Scatter.MaxSpriteRatio:0.1         ; only a maximum of 10% of scattered bokeh]]
[2023.03.09-11.56.21:722][  0]LogConfig: Setting CVar [[r.DOF.Recombine.Quality:1                ; cheap slight out of focus]]
[2023.03.09-11.56.21:722][  0]LogConfig: Setting CVar [[r.DOF.Recombine.EnableBokehSettings:0    ; no bokeh simulation on slight out of focus]]
[2023.03.09-11.56.21:722][  0]LogConfig: Setting CVar [[r.DOF.TemporalAAQuality:1                ; more stable temporal accumulation]]
[2023.03.09-11.56.21:722][  0]LogConfig: Setting CVar [[r.DOF.Kernel.MaxForegroundRadius:0.025]]
[2023.03.09-11.56.21:722][  0]LogConfig: Setting CVar [[r.DOF.Kernel.MaxBackgroundRadius:0.025]]
[2023.03.09-11.56.21:722][  0]LogConfig: Applying CVar settings from Section [TextureQuality@Cine] File [C:/Users/b1064845/Documents/GitHub/-Journeyman-Twonic---Alpha-Team/Twonic/Saved/Config/Windows/Scalability.ini]
[2023.03.09-11.56.21:722][  0]LogConfig: Setting CVar [[r.Streaming.MipBias:0]]
[2023.03.09-11.56.21:722][  0]LogConfig: Setting CVar [[r.Streaming.AmortizeCPUToGPUCopy:0]]
[2023.03.09-11.56.21:722][  0]LogConfig: Setting CVar [[r.Streaming.MaxNumTexturesToStreamPerFrame:0]]
[2023.03.09-11.56.21:722][  0]LogConfig: Setting CVar [[r.Streaming.Boost:1]]
[2023.03.09-11.56.21:722][  0]LogConfig: Setting CVar [[r.MaxAnisotropy:8]]
[2023.03.09-11.56.21:722][  0]LogConfig: Setting CVar [[r.VT.MaxAnisotropy:8]]
[2023.03.09-11.56.21:722][  0]LogConfig: Setting CVar [[r.Streaming.LimitPoolSizeToVRAM:0]]
[2023.03.09-11.56.21:722][  0]LogConfig: Setting CVar [[r.Streaming.PoolSize:3000]]
[2023.03.09-11.56.21:722][  0]LogConfig: Setting CVar [[r.Streaming.MaxEffectiveScreenSize:0]]
[2023.03.09-11.56.21:722][  0]LogConfig: Applying CVar settings from Section [EffectsQuality@3] File [C:/Users/b1064845/Documents/GitHub/-Journeyman-Twonic---Alpha-Team/Twonic/Saved/Config/Windows/Scalability.ini]
[2023.03.09-11.56.21:722][  0]LogConfig: Setting CVar [[r.TranslucencyLightingVolumeDim:64]]
[2023.03.09-11.56.21:722][  0]LogConfig: Setting CVar [[r.RefractionQuality:2]]
[2023.03.09-11.56.21:722][  0]LogConfig: Setting CVar [[r.SSR.Quality:3]]
[2023.03.09-11.56.21:722][  0]LogConfig: Setting CVar [[r.SSR.HalfResSceneColor:0]]
[2023.03.09-11.56.21:722][  0]LogConfig: Setting CVar [[r.SceneColorFormat:4]]
[2023.03.09-11.56.21:722][  0]LogConfig: Setting CVar [[r.DetailMode:2]]
[2023.03.09-11.56.21:722][  0]LogConfig: Setting CVar [[r.TranslucencyVolumeBlur:1]]
[2023.03.09-11.56.21:722][  0]LogConfig: Setting CVar [[r.MaterialQualityLevel:1 ; High quality]]
[2023.03.09-11.56.21:722][  0]LogConfig: Setting CVar [[r.AnisotropicMaterials:1]]
[2023.03.09-11.56.21:722][  0]LogConfig: Setting CVar [[r.SSS.Scale:1]]
[2023.03.09-11.56.21:722][  0]LogConfig: Setting CVar [[r.SSS.SampleSet:2]]
[2023.03.09-11.56.21:722][  0]LogConfig: Setting CVar [[r.SSS.Quality:1]]
[2023.03.09-11.56.21:722][  0]LogConfig: Setting CVar [[r.SSS.HalfRes:0]]
[2023.03.09-11.56.21:722][  0]LogConfig: Setting CVar [[r.SSGI.Quality:3]]
[2023.03.09-11.56.21:722][  0]LogConfig: Setting CVar [[r.EmitterSpawnRateScale:1.0]]
[2023.03.09-11.56.21:722][  0]LogConfig: Setting CVar [[r.ParticleLightQuality:2]]
[2023.03.09-11.56.21:722][  0]LogConfig: Setting CVar [[r.SkyAtmosphere.AerialPerspectiveLUT.FastApplyOnOpaque:1 ; Always have FastSkyLUT 1 in this case to avoid wrong sky]]
[2023.03.09-11.56.21:722][  0]LogConfig: Setting CVar [[r.SkyAtmosphere.AerialPerspectiveLUT.SampleCountMaxPerSlice:4]]
[2023.03.09-11.56.21:722][  0]LogConfig: Setting CVar [[r.SkyAtmosphere.AerialPerspectiveLUT.DepthResolution:16.0]]
[2023.03.09-11.56.21:722][  0]LogConfig: Setting CVar [[r.SkyAtmosphere.FastSkyLUT:1]]
[2023.03.09-11.56.21:722][  0]LogConfig: Setting CVar [[r.SkyAtmosphere.FastSkyLUT.SampleCountMin:4.0]]
[2023.03.09-11.56.21:722][  0]LogConfig: Setting CVar [[r.SkyAtmosphere.FastSkyLUT.SampleCountMax:128.0]]
[2023.03.09-11.56.21:722][  0]LogConfig: Setting CVar [[r.SkyAtmosphere.SampleCountMin:4.0]]
[2023.03.09-11.56.21:722][  0]LogConfig: Setting CVar [[r.SkyAtmosphere.SampleCountMax:128.0]]
[2023.03.09-11.56.21:722][  0]LogConfig: Setting CVar [[r.SkyAtmosphere.TransmittanceLUT.UseSmallFormat:0]]
[2023.03.09-11.56.21:722][  0]LogConfig: Setting CVar [[r.SkyAtmosphere.TransmittanceLUT.SampleCount:10.0]]
[2023.03.09-11.56.21:722][  0]LogConfig: Setting CVar [[r.SkyAtmosphere.MultiScatteringLUT.SampleCount:15.0]]
[2023.03.09-11.56.21:722][  0]LogConfig: Setting CVar [[r.SkyLight.RealTimeReflectionCapture:1]]
[2023.03.09-11.56.21:722][  0]LogConfig: Applying CVar settings from Section [FoliageQuality@Cine] File [C:/Users/b1064845/Documents/GitHub/-Journeyman-Twonic---Alpha-Team/Twonic/Saved/Config/Windows/Scalability.ini]
[2023.03.09-11.56.21:722][  0]LogConfig: Setting CVar [[foliage.DensityScale:1.0]]
[2023.03.09-11.56.21:722][  0]LogConfig: Setting CVar [[grass.DensityScale:1.0]]
[2023.03.09-11.56.21:722][  0]LogConfig: Applying CVar settings from Section [ShadingQuality@3] File [C:/Users/b1064845/Documents/GitHub/-Journeyman-Twonic---Alpha-Team/Twonic/Saved/Config/Windows/Scalability.ini]
[2023.03.09-11.56.21:722][  0]LogConfig: Setting CVar [[r.HairStrands.SkyLighting.IntegrationType:2]]
[2023.03.09-11.56.21:722][  0]LogConfig: Setting CVar [[r.HairStrands.SkyAO.SampleCount:4]]
[2023.03.09-11.56.21:722][  0]LogConfig: Setting CVar [[r.HairStrands.Visibility.MSAA.SamplePerPixel:4]]
[2023.03.09-11.56.21:722][  0]LogConfig: Applying CVar settings from Section [Startup] File [../../../Engine/Config/ConsoleVariables.ini]
[2023.03.09-11.56.21:723][  0]LogConfig: Setting CVar [[net.UseAdaptiveNetUpdateFrequency:0]]
[2023.03.09-11.56.21:723][  0]LogConfig: Setting CVar [[p.chaos.AllowCreatePhysxBodies:1]]
[2023.03.09-11.56.21:723][  0]LogConfig: Setting CVar [[fx.SkipVectorVMBackendOptimizations:1]]
[2023.03.09-11.56.21:723][  0]LogConfig: Applying CVar settings from Section [ConsoleVariables] File [C:/Users/b1064845/Documents/GitHub/-Journeyman-Twonic---Alpha-Team/Twonic/Saved/Config/Windows/Engine.ini]
[2023.03.09-11.56.21:723][  0]LogConfig: Applying CVar settings from Section [ConsoleVariables] File [C:/Users/b1064845/Documents/GitHub/-Journeyman-Twonic---Alpha-Team/Twonic/Saved/Config/Windows/Editor.ini]
[2023.03.09-11.56.21:723][  0]LogInit: Computer: TU45372
[2023.03.09-11.56.21:723][  0]LogInit: User: b1064845
[2023.03.09-11.56.21:723][  0]LogInit: CPU Page size=4096, Cores=6
[2023.03.09-11.56.21:723][  0]LogInit: High frequency timer resolution =10.000000 MHz
[2023.03.09-11.56.21:723][  0]LogMemory: Memory total: Physical=31.9GB (32GB approx)
[2023.03.09-11.56.21:723][  0]LogMemory: Platform Memory Stats for Windows
[2023.03.09-11.56.21:723][  0]LogMemory: Process Physical Memory: 145.53 MB used, 145.53 MB peak
[2023.03.09-11.56.21:723][  0]LogMemory: Process Virtual Memory: 130.62 MB used, 130.62 MB peak
[2023.03.09-11.56.21:723][  0]LogMemory: Physical Memory: 10136.07 MB used,  22548.10 MB free, 32684.17 MB total
[2023.03.09-11.56.21:723][  0]LogMemory: Virtual Memory: 134191480.00 MB used,  26251.28 MB free, 134217728.00 MB total
[2023.03.09-11.56.21:733][  0]LogWindows: WindowsPlatformFeatures enabled
[2023.03.09-11.56.21:847][  0]LogInit: Physics initialised using underlying interface: PhysX
[2023.03.09-11.56.21:848][  0]LogInit: Using OS detected language (en-GB).
[2023.03.09-11.56.21:848][  0]LogInit: Using OS detected locale (en-GB).
[2023.03.09-11.56.21:857][  0]LogTextLocalizationManager: No specific localization for 'en-GB' exists, so the 'en' localization will be used.
[2023.03.09-11.56.22:078][  0]LogWindowsTextInputMethodSystem: Display: IME system deactivated.
[2023.03.09-11.56.22:109][  0]LogSlate: New Slate User Created.  User Index 0, Is Virtual User: 0
[2023.03.09-11.56.22:109][  0]LogSlate: Slate User Registered.  User Index 0, Is Virtual User: 0
[2023.03.09-11.56.22:130][  0]LogD3D11RHI: Loaded GFSDK_Aftermath_Lib.x64.dll
[2023.03.09-11.56.22:135][  0]LogHMD: Failed to initialize OpenVR with code 110
[2023.03.09-11.56.22:135][  0]LogD3D11RHI: D3D11 min allowed feature level: 11_0
[2023.03.09-11.56.22:135][  0]LogD3D11RHI: D3D11 max allowed feature level: 11_0
[2023.03.09-11.56.22:135][  0]LogD3D11RHI: D3D11 adapters:
[2023.03.09-11.56.22:281][  0]LogD3D11RHI:    0. 'NVIDIA GeForce GTX 980 Ti' (Feature Level 11_0)
[2023.03.09-11.56.22:281][  0]LogD3D11RHI:       6097/0/16342 MB DedicatedVideo/DedicatedSystem/SharedSystem, Outputs:2, VendorId:0x10de
[2023.03.09-11.56.22:285][  0]LogD3D11RHI:    1. 'Microsoft Basic Render Driver' (Feature Level 11_0)
[2023.03.09-11.56.22:285][  0]LogD3D11RHI:       0/0/16342 MB DedicatedVideo/DedicatedSystem/SharedSystem, Outputs:0, VendorId:0x1414
[2023.03.09-11.56.22:285][  0]LogD3D11RHI: Chosen D3D11 Adapter:
[2023.03.09-11.56.22:285][  0]LogD3D11RHI:     Description : NVIDIA GeForce GTX 980 Ti
[2023.03.09-11.56.22:285][  0]LogD3D11RHI:     VendorId    : 10de
[2023.03.09-11.56.22:285][  0]LogD3D11RHI:     DeviceId    : 17c8
[2023.03.09-11.56.22:285][  0]LogD3D11RHI:     SubSysId    : 139619da
[2023.03.09-11.56.22:285][  0]LogD3D11RHI:     Revision    : 00a1
[2023.03.09-11.56.22:285][  0]LogD3D11RHI:     DedicatedVideoMemory : 6394085376 bytes
[2023.03.09-11.56.22:285][  0]LogD3D11RHI:     DedicatedSystemMemory : 0 bytes
[2023.03.09-11.56.22:285][  0]LogD3D11RHI:     SharedSystemMemory : 17135919104 bytes
[2023.03.09-11.56.22:285][  0]LogD3D11RHI:     AdapterLuid : 0 237825
[2023.03.09-11.56.22:291][  0]LogD3D11RHI: Creating new Direct3DDevice
[2023.03.09-11.56.22:291][  0]LogD3D11RHI:     GPU DeviceId: 0x17c8 (for the marketing name, search the web for "GPU Device Id")
[2023.03.09-11.56.22:291][  0]LogWindows: EnumDisplayDevices:
[2023.03.09-11.56.22:291][  0]LogWindows:    0. 'NVIDIA GeForce GTX 980 Ti' (P:1 D:1)
[2023.03.09-11.56.22:292][  0]LogWindows:    1. 'NVIDIA GeForce GTX 980 Ti' (P:0 D:1)
[2023.03.09-11.56.22:292][  0]LogWindows:    2. 'NVIDIA GeForce GTX 980 Ti' (P:0 D:0)
[2023.03.09-11.56.22:293][  0]LogWindows:    3. 'NVIDIA GeForce GTX 980 Ti' (P:0 D:0)
[2023.03.09-11.56.22:293][  0]LogWindows: DebugString: FoundDriverCount:4 
[2023.03.09-11.56.22:293][  0]LogD3D11RHI:     Adapter Name: NVIDIA GeForce GTX 980 Ti
[2023.03.09-11.56.22:293][  0]LogD3D11RHI:   Driver Version: 516.59 (internal:31.0.15.1659, unified:516.59)
[2023.03.09-11.56.22:293][  0]LogD3D11RHI:      Driver Date: 6-23-2022
[2023.03.09-11.56.22:293][  0]LogRHI: Texture pool is 4268 MB (70% of 6097 MB)
[2023.03.09-11.56.22:293][  0]LogD3D11RHI: Creating D3DDevice using adapter:
[2023.03.09-11.56.22:293][  0]LogD3D11RHI:     Description : NVIDIA GeForce GTX 980 Ti
[2023.03.09-11.56.22:293][  0]LogD3D11RHI:     VendorId    : 10de
[2023.03.09-11.56.22:293][  0]LogD3D11RHI:     DeviceId    : 17c8
[2023.03.09-11.56.22:293][  0]LogD3D11RHI:     SubSysId    : 139619da
[2023.03.09-11.56.22:293][  0]LogD3D11RHI:     Revision    : 00a1
[2023.03.09-11.56.22:293][  0]LogD3D11RHI:     DedicatedVideoMemory : 6394085376 bytes
[2023.03.09-11.56.22:293][  0]LogD3D11RHI:     DedicatedSystemMemory : 0 bytes
[2023.03.09-11.56.22:293][  0]LogD3D11RHI:     SharedSystemMemory : 17135919104 bytes
[2023.03.09-11.56.22:293][  0]LogD3D11RHI:     AdapterLuid : 0 237825
[2023.03.09-11.56.22:363][  0]LogD3D11RHI: RHI has support for 64 bit atomics
[2023.03.09-11.56.22:363][  0]LogD3D11RHI: Async texture creation enabled
[2023.03.09-11.56.22:363][  0]LogD3D11RHI: Array index from any shader is supported
[2023.03.09-11.56.22:382][  0]LogD3D11RHI: GPU Timing Frequency: 1000.000000 (Debug: 2 1)
[2023.03.09-11.56.22:455][  0]LogRHI: GeForceNow SDK initialized: 1
[2023.03.09-11.56.22:930][  0]LogTargetPlatformManager: Display: Loaded TargetPlatform 'WindowsNoEditor'
[2023.03.09-11.56.22:938][  0]LogTargetPlatformManager: Display: Loaded TargetPlatform 'Windows'
[2023.03.09-11.56.22:946][  0]LogTargetPlatformManager: Display: Loaded TargetPlatform 'WindowsClient'
[2023.03.09-11.56.22:955][  0]LogTargetPlatformManager: Display: Loaded TargetPlatform 'WindowsServer'
[2023.03.09-11.56.22:955][  0]LogTargetPlatformManager: Display: Building Assets For Windows
[2023.03.09-11.56.22:971][  0]LogAudioDebug: Display: Lib vorbis DLL was dynamically loaded.
[2023.03.09-11.56.23:060][  0]LogTextureFormatOodle: Display: Oodle Texture 2.9.0 init RDO Off
[2023.03.09-11.56.23:129][  0]LogRendererCore: Ray tracing is disabled. Reason: r.RayTracing=0.
[2023.03.09-11.56.23:130][  0]LogShaderCompilers: Guid format shader working directory is -39 characters bigger than the processId version (../../../../../../Users/b1064845/Documents/GitHub/-Journeyman-Twonic---Alpha-Team/Twonic/Intermediate/Shaders/WorkingDirectory/8812/).
[2023.03.09-11.56.23:133][  0]LogShaderCompilers: Cleaned the shader compiler working directory 'C:/Users/b1064845/AppData/Local/Temp/UnrealShaderWorkingDir/E5B640EE41A45C34036B87AAC2CB4670/'.
[2023.03.09-11.56.23:134][  0]LogXGEController: Cannot use XGE Controller as Incredibuild is not installed on this machine.
[2023.03.09-11.56.23:134][  0]LogShaderCompilers: Cannot use XGE Shader Compiler as Incredibuild is not installed on this machine.
[2023.03.09-11.56.23:134][  0]LogShaderCompilers: Display: Using Local Shader Compiler.
[2023.03.09-11.56.24:441][  0]LogDerivedDataCache: Display: Max Cache Size: 512 MB
[2023.03.09-11.56.24:506][  0]LogDerivedDataCache: Loaded boot cache 0.07s 96MB C:/Users/b1064845/AppData/Local/UnrealEngine/4.27/DerivedDataCache/Boot.ddc.
[2023.03.09-11.56.24:506][  0]LogDerivedDataCache: Display: Loaded Boot cache: C:/Users/b1064845/AppData/Local/UnrealEngine/4.27/DerivedDataCache/Boot.ddc
[2023.03.09-11.56.24:507][  0]LogDerivedDataCache: FDerivedDataBackendGraph:  Pak pak cache file ../../../../../../Users/b1064845/Documents/GitHub/-Journeyman-Twonic---Alpha-Team/Twonic/DerivedDataCache/DDC.ddp not found, will not use a pak cache.
[2023.03.09-11.56.24:507][  0]LogDerivedDataCache: Unable to find inner node Pak for hierarchical cache Hierarchy.
[2023.03.09-11.56.24:507][  0]LogDerivedDataCache: FDerivedDataBackendGraph:  CompressedPak pak cache file ../../../../../../Users/b1064845/Documents/GitHub/-Journeyman-Twonic---Alpha-Team/Twonic/DerivedDataCache/Compressed.ddp not found, will not use a pak cache.
[2023.03.09-11.56.24:507][  0]LogDerivedDataCache: Unable to find inner node CompressedPak for hierarchical cache Hierarchy.
[2023.03.09-11.56.24:526][  0]LogDerivedDataCache: Display: Pak cache opened for reading ../../../Engine/DerivedDataCache/Compressed.ddp.
[2023.03.09-11.56.24:526][  0]LogDerivedDataCache: FDerivedDataBackendGraph:  EnterprisePak pak cache file ../../../Enterprise/DerivedDataCache/Compressed.ddp not found, will not use a pak cache.
[2023.03.09-11.56.24:526][  0]LogDerivedDataCache: Unable to find inner node EnterprisePak for hierarchical cache Hierarchy.
[2023.03.09-11.56.24:556][  0]LogDerivedDataCache: Speed tests for C:/Users/b1064845/AppData/Local/UnrealEngine/Common/DerivedDataCache took 0.03 seconds
[2023.03.09-11.56.24:556][  0]LogDerivedDataCache: Display: Performance to C:/Users/b1064845/AppData/Local/UnrealEngine/Common/DerivedDataCache: Latency=0.04ms. RandomReadSpeed=434.41MBs, RandomWriteSpeed=33.87MBs. Assigned SpeedClass 'Local'
[2023.03.09-11.56.24:557][  0]LogDerivedDataCache: Using Local data cache path C:/Users/b1064845/AppData/Local/UnrealEngine/Common/DerivedDataCache: Writable
[2023.03.09-11.56.24:557][  0]LogDerivedDataCache: Shared data cache path not found in *engine.ini, will not use an Shared cache.
[2023.03.09-11.56.24:557][  0]LogDerivedDataCache: Unable to find inner node Shared for hierarchical cache Hierarchy.
[2023.03.09-11.56.24:601][  0]LogSlate: Using FreeType 2.10.0
[2023.03.09-11.56.24:602][  0]LogSlate: SlateFontServices - WITH_FREETYPE: 1, WITH_HARFBUZZ: 1
[2023.03.09-11.56.24:711][  0]LogInit: Using OS detected language (en-GB).
[2023.03.09-11.56.24:711][  0]LogInit: Using OS detected locale (en-GB).
[2023.03.09-11.56.24:711][  0]LogTextLocalizationManager: No specific localization for 'en-GB' exists, so the 'en' localization will be used.
[2023.03.09-11.56.24:715][  0]LogTextLocalizationManager: Compacting localization data took   0.01ms
[2023.03.09-11.56.24:715][  0]LogAssetRegistry: FAssetRegistry took 0.0020 seconds to start up
[2023.03.09-11.56.24:913][  0]LogPackageLocalizationCache: Processed 27 localized package path(s) for 1 prioritized culture(s) in 0.002123 seconds
[2023.03.09-11.56.25:009][  0]LogInit: Selected Device Profile: [Windows]
[2023.03.09-11.56.25:009][  0]LogInit: Active device profile: [000001B9DB5EFC00][000001B9BFC3BB00 49] Windows
[2023.03.09-11.56.25:009][  0]LogInit: Profiles: [000001B9DB5EFC00][000001B9BFC3BB00 49] Windows, [000001B9DB5BC500][000001B9BFC3E200 49] WindowsNoEditor, [000001B9DB5EC500][000001B9BFC42480 49] WindowsServer, [000001B9DB5BF600][000001B9BFC4A740 49] WindowsClient, [000001B9DB5EF500][000001B9BFC4EA00 49] IOS, [000001B9DB5BCE00][000001B9BFC52CC0 49] iPadAir, [000001B9DB5ECD00][000001B9BFC56F80 49] iPadAir2, [000001B9DB57C600][000001B9D2F214C0 49] IPadPro, [000001B9DB57C700][000001B9BFC5B500 49] iPadAir3, [000001B9DB5EEF00][000001B9D2F197C0 49] iPadAir4, [000001B9DB57FA00][000001B9D2F15A80 49] iPadMini2, [000001B9DB5ED100][000001B9D2F1C1C0 49] iPadMini3, [000001B9DB57D600][000001B9BFC46440 49] iPadMini4, [000001B9DB5EE800][000001B9D2F246C0 49] iPadMini5, [000001B9DB567E00][000001B9D2F3CC00 49] iPhone6, [000001B9DB567F00][000001B9D2F2CC40 49] iPodTouch6, [000001B9DB5BF400][000001B9D2F45180 49] iPhone7, [000001B9DB57F400][000001B9D2F351C0 49] iPodTouch7, [000001B9DB564800][000001B9D2F39480 49] iPhone5S, [000001B9DB57EA00][000001B9D2F31740 49] iPhone6Plus, [000001B9DB567100][000001B9D2F41A00 49] iPhone6S, [000001B9DB57CD00][000001B9D2F48140 49] iPhone6SPlus, [000001B9DB565000][000001B9D7EDE400 49] iPhone7Plus, [000001B9DB57D200][000001B9D2F28680 49] iPhoneSE, [000001B9DB566A00][000001B9D7EE2900 49] iPhone8, [000001B9DB57D700][000001B9D7EEABC0 49] iPhone8Plus, [000001B9DB565700][000001B9D7EEEE80 49] iPhoneX, [000001B9DB57D500][000001B9D7EF3140 49] iPhoneXS, [000001B9DB566300][000001B9D7EF7400 49] iPhoneXSMax, [000001B9DB57DE00][000001B9D7EFB6C0 49] iPhoneXR, [000001B9DB564700][000001B9D7EFF980 49] iPhone11, [000001B9DB57F100][000001B9D7F020C0 49] iPhone11Pro, [000001B9DB567400][000001B9D7F06380 49] iPhone11ProMax, [000001B9DB57C800][000001B9D7F0A640 49] iPhoneSE2, [000001B9DB564E00][000001B9D7EE68C0 49] iPhone12Mini, [000001B9DB57E000][000001B9D7F0EB40 49] iPhone12, [000001B9DB565300][000001B9D7F16E00 49] iPhone12Pro, [000001B9DB57CF00][000001B9D7F1B0C0 49] iPhone12ProMax, [000001B9DB566800][000001B9D7F1F380 49] iPadPro105, [000001B9DB57DA00][000001B9D7F23640 49] iPadPro129, [000001B9DB564500][000001B9D2A6B900 49] iPadPro97, [000001B9DB57F800][000001B9D2A6FBC0 49] iPadPro2_129, [000001B9DB565200][000001B9D2A72300 49] iPad5, [000001B9DB57D100][000001B9D2A765C0 49] iPad6, [000001B9DB567200][000001B9D2A7A880 49] iPad7, [000001B9DB57E600][000001B9D7F12B00 49] iPad8, [000001B9DB567D00][000001B9D2A7ED80 49] iPadPro11, [000001B9DB57F300][000001B9D2A87040 49] iPadPro2_11, [000001B9DB566900][000001B9D2A8B300 49] iPadPro3_129, [000001B9DB57F200][000001B9D2A8F5C0 49] iPadPro4_129, [000001B9DB565800][000001B9D2A93880 49] AppleTV, [000001B9DB57EF00][000001B9D2A97B40 49] AppleTV4K, [000001B9DB567300][000001B9D2A9A280 49] TVOS, [000001B9DB57D400][000001B9D2A9E540 49] Mac, [000001B9DB565D00][000001B9D2AA2800 49] MacClient, [000001B9DB57ED00][000001B9D2AA6AC0 49] MacNoEditor, [000001B9DB565E00][000001B9D2A82D40 49] MacServer, [000001B9DB57DF00][000001B9D2AAAFC0 49] Linux, [000001B9DB566500][000001B9D2AB3280 49] LinuxAArch64, [000001B9DB57E800][000001B9D8155540 49] LinuxNoEditor, [000001B9DB565400][000001B9D8159800 49] LinuxAArch64NoEditor, [000001B9DB57CC00][000001B9D815DAC0 49] LinuxClient, [000001B9DB566400][000001B9D8160200 49] LinuxAArch64Client, [000001B9DB57F900][000001B9D81644C0 49] LinuxServer, [000001B9DB566700][000001B9D8168780 49] LinuxAArch64Server, [000001B9DB57CA00][000001B9D816CA40 49] Android, [000001B9DB565A00][000001B9D8170D00 49] Android_Low, [000001B9DB57D300][000001B9D2AAEF80 49] Android_Mid, [000001B9DB642200][000001B9D8179240 49] Android_High, [000001B9DB5BC300][000001B9D817D500 49] Android_Default, [000001B9DB640B00][000001B9D81817C0 49] Android_Adreno4xx, [000001B9DB5BCA00][000001B9D8185A80 49] Android_Adreno5xx_Low, [000001B9DB640700][000001B9D81881C0 49] Android_Adreno5xx, [000001B9DB5BD700][000001B9D818C480 49] Android_Adreno6xx, [000001B9DB640500][000001B9D8190740 49] Android_Adreno6xx_Vulkan, [000001B9DB5BDF00][000001B9D8194A00 49] Android_Mali_T6xx, [000001B9DB641200][000001B9D8198CC0 49] Android_Mali_T7xx, [000001B9DB5BFE00][000001B9D8174F40 49] Android_Mali_T8xx, [000001B9DB641E00][000001B9D819D1C0 49] Android_Mali_G71, [000001B9DB5BF000][000001B9D81A5480 49] Android_Mali_G72, [000001B9DB641000][000001B9D81A9740 49] Android_Mali_G72_Vulkan, [000001B9DB5BF900][000001B9D81ADA00 49] Android_Mali_G76, [000001B9DB640200][000001B9D81B0140 49] Android_Mali_G76_Vulkan, [000001B9DB5BFB00][000001B9D81B4400 49] Android_Mali_G77, [000001B9DB640100][000001B9D81B86C0 49] Android_Mali_G77_Vulkan, [000001B9DB5BC100][000001B9D81BC980 49] Android_Mali_G78, [000001B9DB642800][000001B9D81C0C40 49] Android_Mali_G78_Vulkan, [000001B9DB5BFF00][000001B9D81C4F00 49] Android_Mali_G710, [000001B9DB641D00][000001B9D81A1180 49] Android_Mali_G710_Vulkan, [000001B9DB5BC600][000001B9D81C9400 49] Android_Vulkan_SM5, [000001B9DB641700][000001B9D81D16C0 49] Android_PowerVR_G6xxx, [000001B9DB5BD100][000001B9D81D5980 49] Android_PowerVR_GT7xxx, [000001B9DB640F00][000001B9D81D80C0 49] Android_PowerVR_GE8xxx, [000001B9DB5BD000][000001B9D81DC380 49] Android_PowerVR_GM9xxx, [000001B9DB565900][000001B9D81E0640 49] Android_PowerVR_GM9xxx_Vulkan, [000001B9DB5BE300][000001B9D81E4900 49] Android_TegraK1, [000001B9DB566E00][000001B9D81E8BC0 49] Android_Unknown_Vulkan, [000001B9DB5BEA00][000001B9D81ECE80 49] Lumin, [000001B9DB567700][000001B9D81F1140 49] Lumin_Desktop, [000001B9DB5BCB00][000001B9D81CD3C0 49] HoloLens, 
[2023.03.09-11.56.25:083][  0]LogMeshReduction: Using QuadricMeshReduction for automatic static mesh reduction
[2023.03.09-11.56.25:083][  0]LogMeshReduction: Using SimplygonMeshReduction for automatic skeletal mesh reduction
[2023.03.09-11.56.25:083][  0]LogMeshReduction: Using ProxyLODMeshReduction for automatic mesh merging
[2023.03.09-11.56.25:083][  0]LogMeshReduction: No distributed automatic mesh merging module available
[2023.03.09-11.56.25:083][  0]LogMeshMerging: No distributed automatic mesh merging module available
[2023.03.09-11.56.25:228][  0]LogNetVersion: Twonic 1.0.0, NetCL: 17155196, EngineNetVer: 17, GameNetVer: 0 (Checksum: 4023415434)
