Log file open, 03/20/23 14:10:12
LogWindows: Failed to load 'aqProf.dll' (GetLastError=126)
LogWindows: File 'aqProf.dll' does not exist
LogWindows: Failed to load 'VtuneApi.dll' (GetLastError=126)
LogWindows: File 'VtuneApi.dll' does not exist
LogWindows: Failed to load 'VtuneApi32e.dll' (GetLastError=126)
LogWindows: File 'VtuneApi32e.dll' does not exist
LogConsoleResponse: Display: Failed to find resolution value strings in scalability ini. Falling back to default.
LogConsoleResponse: Display: Failed to find resolution value strings in scalability ini. Falling back to default.
LogInit: Display: Running engine for game: Twonic
LogPlatformFile: Not using cached read wrapper
LogTaskGraph: Started task graph with 5 named threads and 35 total threads with 3 sets of task threads.
LogStats: Stats thread started at 1.486872
LogICUInternationalization: ICU TimeZone Detection - Raw Offset: +0:00, Platform Override: ''
LogInit: Display: Loading text-based GConfig....
LogPluginManager: Mounting plugin MeshPainting
LogPluginManager: Mounting plugin XGEController
LogPluginManager: Mounting plugin Paper2D
LogPluginManager: Mounting plugin LightPropagationVolume
LogPluginManager: Mounting plugin EnvironmentQueryEditor
LogPluginManager: Mounting plugin LiveLink
LogPluginManager: Mounting plugin CameraShakePreviewer
LogPluginManager: Mounting plugin AISupport
LogPluginManager: Mounting plugin OodleNetwork
LogPluginManager: Mounting plugin AnimationSharing
LogPluginManager: Mounting plugin GameplayCameras
LogPluginManager: Mounting plugin CLionSourceCodeAccess
LogPluginManager: Mounting plugin OodleData
LogPluginManager: Mounting plugin NullSourceCodeAccess
LogPluginManager: Mounting plugin CodeLiteSourceCodeAccess
LogPluginManager: Mounting plugin PlasticSourceControl
LogPluginManager: Mounting plugin PluginUtils
LogPluginManager: Mounting plugin KDevelopSourceCodeAccess
LogPluginManager: Mounting plugin PropertyAccessNode
LogPluginManager: Mounting plugin GitSourceControl
LogPluginManager: Mounting plugin SubversionSourceControl
LogPluginManager: Mounting plugin PerforceSourceControl
LogPluginManager: Mounting plugin VisualStudioCodeSourceCodeAccess
LogPluginManager: Mounting plugin XCodeSourceCodeAccess
LogPluginManager: Mounting plugin PixWinPlugin
LogPluginManager: Mounting plugin UObjectPlugin
LogPluginManager: Mounting plugin DatasmithContent
LogPluginManager: Mounting plugin TextureFormatOodle
LogPluginManager: Mounting plugin RiderSourceCodeAccess
LogPluginManager: Mounting plugin VisualStudioSourceCodeAccess
LogPluginManager: Mounting plugin Niagara
LogPluginManager: Mounting plugin AssetManagerEditor
LogPluginManager: Mounting plugin VariantManagerContent
LogPluginManager: Mounting plugin GeometryMode
LogPluginManager: Mounting plugin DataValidation
LogPluginManager: Mounting plugin CurveEditorTools
LogPluginManager: Mounting plugin FacialAnimation
LogPluginManager: Mounting plugin MaterialAnalyzer
LogPluginManager: Mounting plugin CryptoKeys
LogPluginManager: Mounting plugin GameplayTagsEditor
LogPluginManager: Mounting plugin SpeedTreeImporter
LogPluginManager: Mounting plugin LuminPlatformFeatures
LogPluginManager: Mounting plugin MobileLauncherProfileWizard
LogPluginManager: Mounting plugin PluginBrowser
LogPluginManager: Mounting plugin MacGraphicsSwitching
LogPluginManager: Mounting plugin MagicLeap
LogPluginManager: Mounting plugin MagicLeapPassableWorld
LogPluginManager: Mounting plugin MagicLeapMedia
LogPluginManager: Mounting plugin MLSDK
LogPluginManager: Mounting plugin MagicLeapLightEstimation
LogPluginManager: Mounting plugin AlembicImporter
LogPluginManager: Mounting plugin AutomationUtils
LogPluginManager: Mounting plugin BackChannel
LogPluginManager: Mounting plugin ChaosNiagara
LogPluginManager: Mounting plugin ChaosSolverPlugin
LogPluginManager: Mounting plugin ChaosClothEditor
LogPluginManager: Mounting plugin ChaosEditor
LogPluginManager: Mounting plugin ChaosCloth
LogPluginManager: Mounting plugin CharacterAI
LogPluginManager: Mounting plugin GeometryCache
LogPluginManager: Mounting plugin GeometryCollectionPlugin
LogPluginManager: Mounting plugin GeometryProcessing
LogPluginManager: Mounting plugin OpenImageDenoise
LogPluginManager: Mounting plugin PlatformCrypto
LogPluginManager: Mounting plugin ProxyLODPlugin
LogPluginManager: Mounting plugin MotoSynth
LogPluginManager: Mounting plugin PlanarCut
LogPluginManager: Mounting plugin AndroidMedia
LogPluginManager: Mounting plugin AvfMedia
LogPluginManager: Mounting plugin MediaCompositing
LogPluginManager: Mounting plugin WebMMedia
LogPluginManager: Mounting plugin ImgMedia
LogPluginManager: Mounting plugin MediaPlayerEditor
LogPluginManager: Mounting plugin WmfMedia
LogPluginManager: Mounting plugin PythonScriptPlugin
LogPluginManager: Mounting plugin MatineeToLevelSequence
LogPluginManager: Mounting plugin LevelSequenceEditor
LogPluginManager: Mounting plugin TemplateSequence
LogPluginManager: Mounting plugin UdpMessaging
LogPluginManager: Mounting plugin TcpMessaging
LogPluginManager: Mounting plugin LauncherChunkInstaller
LogPluginManager: Mounting plugin SkeletalReduction
LogPluginManager: Mounting plugin OnlineSubsystemNull
LogPluginManager: Mounting plugin OnlineSubsystemUtils
LogPluginManager: Mounting plugin ScreenshotTools
LogPluginManager: Mounting plugin ActorLayerUtilities
LogPluginManager: Mounting plugin AndroidPermission
LogPluginManager: Mounting plugin AndroidDeviceProfileSelector
LogPluginManager: Mounting plugin AndroidMoviePlayer
LogPluginManager: Mounting plugin AppleImageUtils
LogPluginManager: Mounting plugin ArchVisCharacter
LogPluginManager: Mounting plugin AudioSynesthesia
LogPluginManager: Mounting plugin ActorSequence
LogPluginManager: Mounting plugin AudioCapture
LogPluginManager: Mounting plugin AssetTags
LogPluginManager: Mounting plugin ChunkDownloader
LogPluginManager: Mounting plugin CustomMeshComponent
LogPluginManager: Mounting plugin ExampleDeviceProfileSelector
LogPluginManager: Mounting plugin EditableMesh
LogPluginManager: Mounting plugin OnlineSubsystem
LogPluginManager: Mounting plugin AppleMoviePlayer
LogPluginManager: Mounting plugin CableComponent
LogPluginManager: Mounting plugin GoogleCloudMessaging
LogPluginManager: Mounting plugin Takes
LogPluginManager: Mounting plugin GooglePAD
LogPluginManager: Mounting plugin IOSDeviceProfileSelector
LogPluginManager: Mounting plugin LocationServicesBPLibrary
LogPluginManager: Mounting plugin LinuxDeviceProfileSelector
LogPluginManager: Mounting plugin OpenXREyeTracker
LogPluginManager: Mounting plugin OpenXR
LogPluginManager: Mounting plugin MobilePatchingUtils
LogPluginManager: Mounting plugin OpenXRHandTracking
LogPluginManager: Mounting plugin PostSplashScreen
LogPluginManager: Mounting plugin SignificanceManager
LogPluginManager: Mounting plugin ProceduralMeshComponent
LogPluginManager: Mounting plugin SoundFields
LogPluginManager: Mounting plugin PhysXVehicles
LogPluginManager: Mounting plugin PropertyAccessEditor
LogPluginManager: Mounting plugin Synthesis
LogPluginManager: Mounting plugin RuntimePhysXCooking
LogPluginManager: Mounting plugin WebMMoviePlayer
LogPluginManager: Mounting plugin WindowsMoviePlayer
LogPluginManager: Mounting plugin ContentBrowserAssetDataSource
LogPluginManager: Mounting plugin ContentBrowserClassDataSource
LogPluginManager: Mounting plugin ContentBrowserFileDataSource
LogPluginManager: Mounting plugin OnlineSubsystemGooglePlay
LogPluginManager: Mounting plugin OnlineSubsystemIOS
LogPluginManager: Mounting plugin OculusVR
LogPluginManager: Mounting plugin SteamVR
PixWinPlugin: PIX capture plugin failed to initialize! Check that the process is launched from PIX.
LogInit: Using libcurl 7.55.1-DEV
LogInit:  - built for x86_64-pc-win32
LogInit:  - supports SSL with OpenSSL/1.1.1
LogInit:  - supports HTTP deflate (compression) using libz 1.2.8
LogInit:  - other features:
LogInit:      CURL_VERSION_SSL
LogInit:      CURL_VERSION_LIBZ
LogInit:      CURL_VERSION_IPV6
LogInit:      CURL_VERSION_ASYNCHDNS
LogInit:      CURL_VERSION_LARGEFILE
LogInit:      CURL_VERSION_IDN
LogInit:  CurlRequestOptions (configurable via config and command line):
LogInit:  - bVerifyPeer = true  - Libcurl will verify peer certificate
LogInit:  - bUseHttpProxy = false  - Libcurl will NOT use HTTP proxy
LogInit:  - bDontReuseConnections = false  - Libcurl will reuse connections
LogInit:  - MaxHostConnections = 16  - Libcurl will limit the number of connections to a host
LogInit:  - LocalHostAddr = Default
LogInit:  - BufferSize = 65536
LogOnline: OSS: Creating online subsystem instance for: NULL
LogInit: WinSock: version 1.1 (2.2), MaxSocks=32767, MaxUdp=65467
LogOnline: OSS: TryLoadSubsystemAndSetDefault: Loaded subsystem for module [NULL]
LogOculusPluginWrapper: OculusPlugin initialized successfully
LogHMD: Failed initializing OVRPlugin 1.59.0
LogInit: Build: ++UE4+Release-4.27-CL-18319896
LogInit: Engine Version: 4.27.2-18319896+++UE4+Release-4.27
LogInit: Compatible Engine Version: 4.27.0-17155196+++UE4+Release-4.27
LogInit: Net CL: 17155196
LogInit: OS: Windows 10 (Release 2009) (), CPU: AMD Ryzen 5 PRO 5650U with Radeon Graphics     , GPU: AMD Radeon(TM) Graphics
LogInit: Compiled (64-bit): Nov 30 2021 07:12:08
LogInit: Compiled with Visual C++: 19.24.28315.00
LogInit: Build Configuration: Development
LogInit: Branch Name: ++UE4+Release-4.27
LogInit: Command Line: 
LogInit: Base Directory: C:/Program Files/Epic Games/UE_4.27/Engine/Binaries/Win64/
LogInit: Allocator: TBB
LogInit: Installed Engine Build: 1
LogDevObjectVersion: Number of dev versions registered: 29
LogDevObjectVersion:   Dev-Blueprints (B0D832E4-1F89-4F0D-ACCF-7EB736FD4AA2): 10
LogDevObjectVersion:   Dev-Build (E1C64328-A22C-4D53-A36C-8E866417BD8C): 0
LogDevObjectVersion:   Dev-Core (375EC13C-06E4-48FB-B500-84F0262A717E): 4
LogDevObjectVersion:   Dev-Editor (E4B068ED-F494-42E9-A231-DA0B2E46BB41): 40
LogDevObjectVersion:   Dev-Framework (CFFC743F-43B0-4480-9391-14DF171D2073): 37
LogDevObjectVersion:   Dev-Mobile (B02B49B5-BB20-44E9-A304-32B752E40360): 3
LogDevObjectVersion:   Dev-Networking (A4E4105C-59A1-49B5-A7C5-40C4547EDFEE): 0
LogDevObjectVersion:   Dev-Online (39C831C9-5AE6-47DC-9A44-9C173E1C8E7C): 0
LogDevObjectVersion:   Dev-Physics (78F01B33-EBEA-4F98-B9B4-84EACCB95AA2): 14
LogDevObjectVersion:   Dev-Platform (6631380F-2D4D-43E0-8009-CF276956A95A): 0
LogDevObjectVersion:   Dev-Rendering (12F88B9F-8875-4AFC-A67C-D90C383ABD29): 45
LogDevObjectVersion:   Dev-Sequencer (7B5AE74C-D270-4C10-A958-57980B212A5A): 13
LogDevObjectVersion:   Dev-VR (D7296918-1DD6-4BDD-9DE2-64A83CC13884): 3
LogDevObjectVersion:   Dev-LoadTimes (C2A15278-BFE7-4AFE-6C17-90FF531DF755): 1
LogDevObjectVersion:   Private-Geometry (6EACA3D4-40EC-4CC1-B786-8BED09428FC5): 3
LogDevObjectVersion:   Dev-AnimPhys (29E575DD-E0A3-4627-9D10-D276232CDCEA): 17
LogDevObjectVersion:   Dev-Anim (AF43A65D-7FD3-4947-9873-3E8ED9C1BB05): 15
LogDevObjectVersion:   Dev-ReflectionCapture (6B266CEC-1EC7-4B8F-A30B-E4D90942FC07): 1
LogDevObjectVersion:   Dev-Automation (0DF73D61-A23F-47EA-B727-89E90C41499A): 1
LogDevObjectVersion:   FortniteMain (601D1886-AC64-4F84-AA16-D3DE0DEAC7D6): 47
LogDevObjectVersion:   FortniteRelease (E7086368-6B23-4C58-8439-1B7016265E91): 1
LogDevObjectVersion:   Dev-Enterprise (9DFFBCD6-494F-0158-E221-12823C92A888): 10
LogDevObjectVersion:   Dev-Niagara (F2AED0AC-9AFE-416F-8664-AA7FFA26D6FC): 1
LogDevObjectVersion:   Dev-Destruction (174F1F0B-B4C6-45A5-B13F-2EE8D0FB917D): 10
LogDevObjectVersion:   Dev-Physics-Ext (35F94A83-E258-406C-A318-09F59610247C): 41
LogDevObjectVersion:   Dev-PhysicsMaterial-Chaos (B68FC16E-8B1B-42E2-B453-215C058844FE): 1
LogDevObjectVersion:   Dev-CineCamera (B2E18506-4273-CFC2-A54E-F4BB758BBA07): 1
LogDevObjectVersion:   Dev-VirtualProduction (64F58936-FD1B-42BA-BA96-7289D5D0FA4E): 1
LogDevObjectVersion:   Dev-MediaFramework (6F0ED827-A609-4895-9C91-998D90180EA4): 2
LogInit: Presizing for max 25165824 objects, including 0 objects not considered by GC, pre-allocating 0 bytes for permanent pool.
LogConfig: Applying CVar settings from Section [/Script/Engine.StreamingSettings] File [C:/Users/Laptop/Desktop/Project/-Journeyman-Twonic---Alpha-Team/Twonic/Saved/Config/Windows/Engine.ini]
LogConfig: Setting CVar [[s.MinBulkDataSizeForAsyncLoading:131072]]
LogConfig: Setting CVar [[s.AsyncLoadingThreadEnabled:0]]
LogConfig: Setting CVar [[s.EventDrivenLoaderEnabled:1]]
LogConfig: Setting CVar [[s.WarnIfTimeLimitExceeded:0]]
LogConfig: Setting CVar [[s.TimeLimitExceededMultiplier:1.5]]
LogConfig: Setting CVar [[s.TimeLimitExceededMinTime:0.005]]
LogConfig: Setting CVar [[s.UseBackgroundLevelStreaming:1]]
LogConfig: Setting CVar [[s.PriorityAsyncLoadingExtraTime:15.0]]
LogConfig: Setting CVar [[s.LevelStreamingActorsUpdateTimeLimit:5.0]]
LogConfig: Setting CVar [[s.PriorityLevelStreamingActorsUpdateExtraTime:5.0]]
LogConfig: Setting CVar [[s.LevelStreamingComponentsRegistrationGranularity:10]]
LogConfig: Setting CVar [[s.UnregisterComponentsTimeLimit:1.0]]
LogConfig: Setting CVar [[s.LevelStreamingComponentsUnregistrationGranularity:5]]
LogConfig: Setting CVar [[s.FlushStreamingOnExit:1]]
LogInit: Object subsystem initialized
LogConfig: Setting CVar [[con.DebugEarlyDefault:1]]
LogConfig: Setting CVar [[r.setres:1280x720]]
[2023.03.20-14.10.15:173][  0]LogConfig: Setting CVar [[r.VSync:0]]
[2023.03.20-14.10.15:173][  0]LogConfig: Setting CVar [[r.RHICmdBypass:0]]
[2023.03.20-14.10.15:173][  0]LogConfig: Applying CVar settings from Section [/Script/Engine.RendererSettings] File [C:/Users/Laptop/Desktop/Project/-Journeyman-Twonic---Alpha-Team/Twonic/Saved/Config/Windows/Engine.ini]
[2023.03.20-14.10.15:173][  0]LogConfig: Setting CVar [[r.GPUCrashDebugging:0]]
[2023.03.20-14.10.15:174][  0]LogConfig: Setting CVar [[r.ForwardShading:0]]
[2023.03.20-14.10.15:174][  0]LogConfig: Setting CVar [[r.GenerateMeshDistanceFields:1]]
[2023.03.20-14.10.15:174][  0]LogConfig: Setting CVar [[r.DefaultFeature.AutoExposure:0]]
[2023.03.20-14.10.15:174][  0]LogConfig: Applying CVar settings from Section [/Script/Engine.RendererOverrideSettings] File [C:/Users/Laptop/Desktop/Project/-Journeyman-Twonic---Alpha-Team/Twonic/Saved/Config/Windows/Engine.ini]
[2023.03.20-14.10.15:174][  0]LogConfig: Applying CVar settings from Section [/Script/Engine.StreamingSettings] File [C:/Users/Laptop/Desktop/Project/-Journeyman-Twonic---Alpha-Team/Twonic/Saved/Config/Windows/Engine.ini]
[2023.03.20-14.10.15:174][  0]LogConfig: Setting CVar [[s.MinBulkDataSizeForAsyncLoading:131072]]
[2023.03.20-14.10.15:174][  0]LogConfig: Setting CVar [[s.AsyncLoadingThreadEnabled:0]]
[2023.03.20-14.10.15:174][  0]LogConfig: Setting CVar [[s.EventDrivenLoaderEnabled:1]]
[2023.03.20-14.10.15:174][  0]LogConfig: Setting CVar [[s.WarnIfTimeLimitExceeded:0]]
[2023.03.20-14.10.15:174][  0]LogConfig: Setting CVar [[s.TimeLimitExceededMultiplier:1.5]]
[2023.03.20-14.10.15:174][  0]LogConfig: Setting CVar [[s.TimeLimitExceededMinTime:0.005]]
[2023.03.20-14.10.15:174][  0]LogConfig: Setting CVar [[s.UseBackgroundLevelStreaming:1]]
[2023.03.20-14.10.15:174][  0]LogConfig: Setting CVar [[s.PriorityAsyncLoadingExtraTime:15.0]]
[2023.03.20-14.10.15:174][  0]LogConfig: Setting CVar [[s.LevelStreamingActorsUpdateTimeLimit:5.0]]
[2023.03.20-14.10.15:174][  0]LogConfig: Setting CVar [[s.PriorityLevelStreamingActorsUpdateExtraTime:5.0]]
[2023.03.20-14.10.15:174][  0]LogConfig: Setting CVar [[s.LevelStreamingComponentsRegistrationGranularity:10]]
[2023.03.20-14.10.15:174][  0]LogConfig: Setting CVar [[s.UnregisterComponentsTimeLimit:1.0]]
[2023.03.20-14.10.15:174][  0]LogConfig: Setting CVar [[s.LevelStreamingComponentsUnregistrationGranularity:5]]
[2023.03.20-14.10.15:174][  0]LogConfig: Setting CVar [[s.FlushStreamingOnExit:1]]
[2023.03.20-14.10.15:174][  0]LogConfig: Applying CVar settings from Section [/Script/Engine.GarbageCollectionSettings] File [C:/Users/Laptop/Desktop/Project/-Journeyman-Twonic---Alpha-Team/Twonic/Saved/Config/Windows/Engine.ini]
[2023.03.20-14.10.15:174][  0]LogConfig: Setting CVar [[gc.MaxObjectsNotConsideredByGC:1]]
[2023.03.20-14.10.15:174][  0]LogConfig: Setting CVar [[gc.SizeOfPermanentObjectPool:0]]
[2023.03.20-14.10.15:174][  0]LogConfig: Setting CVar [[gc.FlushStreamingOnGC:0]]
[2023.03.20-14.10.15:174][  0]LogConfig: Setting CVar [[gc.NumRetriesBeforeForcingGC:10]]
[2023.03.20-14.10.15:174][  0]LogConfig: Setting CVar [[gc.AllowParallelGC:1]]
[2023.03.20-14.10.15:174][  0]LogConfig: Setting CVar [[gc.TimeBetweenPurgingPendingKillObjects:61.1]]
[2023.03.20-14.10.15:174][  0]LogConfig: Setting CVar [[gc.MaxObjectsInEditor:25165824]]
[2023.03.20-14.10.15:174][  0]LogConfig: Setting CVar [[gc.IncrementalBeginDestroyEnabled:1]]
[2023.03.20-14.10.15:174][  0]LogConfig: Setting CVar [[gc.CreateGCClusters:1]]
[2023.03.20-14.10.15:174][  0]LogConfig: Setting CVar [[gc.MinGCClusterSize:5]]
[2023.03.20-14.10.15:174][  0]LogConfig: Setting CVar [[gc.ActorClusteringEnabled:0]]
[2023.03.20-14.10.15:174][  0]LogConfig: Setting CVar [[gc.BlueprintClusteringEnabled:0]]
[2023.03.20-14.10.15:174][  0]LogConfig: Setting CVar [[gc.UseDisregardForGCOnDedicatedServers:0]]
[2023.03.20-14.10.15:174][  0]LogConfig: Setting CVar [[gc.MultithreadedDestructionEnabled:1]]
[2023.03.20-14.10.15:174][  0]LogConfig: Applying CVar settings from Section [/Script/Engine.NetworkSettings] File [C:/Users/Laptop/Desktop/Project/-Journeyman-Twonic---Alpha-Team/Twonic/Saved/Config/Windows/Engine.ini]
[2023.03.20-14.10.15:174][  0]LogConfig: Applying CVar settings from Section [/Script/UnrealEd.CookerSettings] File [C:/Users/Laptop/Desktop/Project/-Journeyman-Twonic---Alpha-Team/Twonic/Saved/Config/Windows/Engine.ini]
[2023.03.20-14.10.15:187][  0]LogConfig: Applying CVar settings from Section [ViewDistanceQuality@3] File [C:/Users/Laptop/Desktop/Project/-Journeyman-Twonic---Alpha-Team/Twonic/Saved/Config/Windows/Scalability.ini]
[2023.03.20-14.10.15:187][  0]LogConfig: Setting CVar [[r.SkeletalMeshLODBias:0]]
[2023.03.20-14.10.15:187][  0]LogConfig: Setting CVar [[r.ViewDistanceScale:1.0]]
[2023.03.20-14.10.15:187][  0]LogConfig: Applying CVar settings from Section [AntiAliasingQuality@3] File [C:/Users/Laptop/Desktop/Project/-Journeyman-Twonic---Alpha-Team/Twonic/Saved/Config/Windows/Scalability.ini]
[2023.03.20-14.10.15:187][  0]LogConfig: Setting CVar [[r.PostProcessAAQuality:4]]
[2023.03.20-14.10.15:187][  0]LogConfig: Applying CVar settings from Section [ShadowQuality@3] File [C:/Users/Laptop/Desktop/Project/-Journeyman-Twonic---Alpha-Team/Twonic/Saved/Config/Windows/Scalability.ini]
[2023.03.20-14.10.15:187][  0]LogConfig: Setting CVar [[r.LightFunctionQuality:1]]
[2023.03.20-14.10.15:187][  0]LogConfig: Setting CVar [[r.ShadowQuality:5]]
[2023.03.20-14.10.15:187][  0]LogConfig: Setting CVar [[r.Shadow.CSM.MaxCascades:10]]
[2023.03.20-14.10.15:187][  0]LogConfig: Setting CVar [[r.Shadow.MaxResolution:2048]]
[2023.03.20-14.10.15:187][  0]LogConfig: Setting CVar [[r.Shadow.MaxCSMResolution:2048]]
[2023.03.20-14.10.15:187][  0]LogConfig: Setting CVar [[r.Shadow.RadiusThreshold:0.01]]
[2023.03.20-14.10.15:187][  0]LogConfig: Setting CVar [[r.Shadow.DistanceScale:1.0]]
[2023.03.20-14.10.15:187][  0]LogConfig: Setting CVar [[r.Shadow.CSM.TransitionScale:1.0]]
[2023.03.20-14.10.15:187][  0]LogConfig: Setting CVar [[r.Shadow.PreShadowResolutionFactor:1.0]]
[2023.03.20-14.10.15:187][  0]LogConfig: Setting CVar [[r.DistanceFieldShadowing:1]]
[2023.03.20-14.10.15:187][  0]LogConfig: Setting CVar [[r.DistanceFieldAO:1]]
[2023.03.20-14.10.15:187][  0]LogConfig: Setting CVar [[r.AOQuality:2]]
[2023.03.20-14.10.15:187][  0]LogConfig: Setting CVar [[r.VolumetricFog:1]]
[2023.03.20-14.10.15:187][  0]LogConfig: Setting CVar [[r.VolumetricFog.GridPixelSize:8]]
[2023.03.20-14.10.15:187][  0]LogConfig: Setting CVar [[r.VolumetricFog.GridSizeZ:128]]
[2023.03.20-14.10.15:187][  0]LogConfig: Setting CVar [[r.VolumetricFog.HistoryMissSupersampleCount:4]]
[2023.03.20-14.10.15:187][  0]LogConfig: Setting CVar [[r.LightMaxDrawDistanceScale:1]]
[2023.03.20-14.10.15:187][  0]LogConfig: Setting CVar [[r.CapsuleShadows:1]]
[2023.03.20-14.10.15:187][  0]LogConfig: Applying CVar settings from Section [PostProcessQuality@3] File [C:/Users/Laptop/Desktop/Project/-Journeyman-Twonic---Alpha-Team/Twonic/Saved/Config/Windows/Scalability.ini]
[2023.03.20-14.10.15:187][  0]LogConfig: Setting CVar [[r.MotionBlurQuality:4]]
[2023.03.20-14.10.15:187][  0]LogConfig: Setting CVar [[r.AmbientOcclusionMipLevelFactor:0.4]]
[2023.03.20-14.10.15:187][  0]LogConfig: Setting CVar [[r.AmbientOcclusionMaxQuality:100]]
[2023.03.20-14.10.15:187][  0]LogConfig: Setting CVar [[r.AmbientOcclusionLevels:-1]]
[2023.03.20-14.10.15:187][  0]LogConfig: Setting CVar [[r.AmbientOcclusionRadiusScale:1.0]]
[2023.03.20-14.10.15:187][  0]LogConfig: Setting CVar [[r.DepthOfFieldQuality:2]]
[2023.03.20-14.10.15:187][  0]LogConfig: Setting CVar [[r.RenderTargetPoolMin:400]]
[2023.03.20-14.10.15:187][  0]LogConfig: Setting CVar [[r.LensFlareQuality:2]]
[2023.03.20-14.10.15:187][  0]LogConfig: Setting CVar [[r.SceneColorFringeQuality:1]]
[2023.03.20-14.10.15:187][  0]LogConfig: Setting CVar [[r.EyeAdaptationQuality:2]]
[2023.03.20-14.10.15:187][  0]LogConfig: Setting CVar [[r.BloomQuality:5]]
[2023.03.20-14.10.15:187][  0]LogConfig: Setting CVar [[r.FastBlurThreshold:100]]
[2023.03.20-14.10.15:187][  0]LogConfig: Setting CVar [[r.Upscale.Quality:3]]
[2023.03.20-14.10.15:187][  0]LogConfig: Setting CVar [[r.Tonemapper.GrainQuantization:1]]
[2023.03.20-14.10.15:187][  0]LogConfig: Setting CVar [[r.LightShaftQuality:1]]
[2023.03.20-14.10.15:187][  0]LogConfig: Setting CVar [[r.Filter.SizeScale:1]]
[2023.03.20-14.10.15:187][  0]LogConfig: Setting CVar [[r.Tonemapper.Quality:5]]
[2023.03.20-14.10.15:187][  0]LogConfig: Setting CVar [[r.DOF.Gather.AccumulatorQuality:1        ; higher gathering accumulator quality]]
[2023.03.20-14.10.15:187][  0]LogConfig: Setting CVar [[r.DOF.Gather.PostfilterMethod:1          ; Median3x3 postfilering method]]
[2023.03.20-14.10.15:187][  0]LogConfig: Setting CVar [[r.DOF.Gather.EnableBokehSettings:0       ; no bokeh simulation when gathering]]
[2023.03.20-14.10.15:187][  0]LogConfig: Setting CVar [[r.DOF.Gather.RingCount:4                 ; medium number of samples when gathering]]
[2023.03.20-14.10.15:187][  0]LogConfig: Setting CVar [[r.DOF.Scatter.ForegroundCompositing:1    ; additive foreground scattering]]
[2023.03.20-14.10.15:188][  0]LogConfig: Setting CVar [[r.DOF.Scatter.BackgroundCompositing:2    ; additive background scattering]]
[2023.03.20-14.10.15:188][  0]LogConfig: Setting CVar [[r.DOF.Scatter.EnableBokehSettings:1      ; bokeh simulation when scattering]]
[2023.03.20-14.10.15:188][  0]LogConfig: Setting CVar [[r.DOF.Scatter.MaxSpriteRatio:0.1         ; only a maximum of 10% of scattered bokeh]]
[2023.03.20-14.10.15:188][  0]LogConfig: Setting CVar [[r.DOF.Recombine.Quality:1                ; cheap slight out of focus]]
[2023.03.20-14.10.15:188][  0]LogConfig: Setting CVar [[r.DOF.Recombine.EnableBokehSettings:0    ; no bokeh simulation on slight out of focus]]
[2023.03.20-14.10.15:188][  0]LogConfig: Setting CVar [[r.DOF.TemporalAAQuality:1                ; more stable temporal accumulation]]
[2023.03.20-14.10.15:188][  0]LogConfig: Setting CVar [[r.DOF.Kernel.MaxForegroundRadius:0.025]]
[2023.03.20-14.10.15:188][  0]LogConfig: Setting CVar [[r.DOF.Kernel.MaxBackgroundRadius:0.025]]
[2023.03.20-14.10.15:188][  0]LogConfig: Applying CVar settings from Section [TextureQuality@3] File [C:/Users/Laptop/Desktop/Project/-Journeyman-Twonic---Alpha-Team/Twonic/Saved/Config/Windows/Scalability.ini]
[2023.03.20-14.10.15:188][  0]LogConfig: Setting CVar [[r.Streaming.MipBias:0]]
[2023.03.20-14.10.15:188][  0]LogConfig: Setting CVar [[r.Streaming.AmortizeCPUToGPUCopy:0]]
[2023.03.20-14.10.15:188][  0]LogConfig: Setting CVar [[r.Streaming.MaxNumTexturesToStreamPerFrame:0]]
[2023.03.20-14.10.15:188][  0]LogConfig: Setting CVar [[r.Streaming.Boost:1]]
[2023.03.20-14.10.15:188][  0]LogConfig: Setting CVar [[r.MaxAnisotropy:8]]
[2023.03.20-14.10.15:188][  0]LogConfig: Setting CVar [[r.VT.MaxAnisotropy:8]]
[2023.03.20-14.10.15:188][  0]LogConfig: Setting CVar [[r.Streaming.LimitPoolSizeToVRAM:0]]
[2023.03.20-14.10.15:188][  0]LogConfig: Setting CVar [[r.Streaming.PoolSize:1000]]
[2023.03.20-14.10.15:188][  0]LogConfig: Setting CVar [[r.Streaming.MaxEffectiveScreenSize:0]]
[2023.03.20-14.10.15:188][  0]LogConfig: Applying CVar settings from Section [EffectsQuality@3] File [C:/Users/Laptop/Desktop/Project/-Journeyman-Twonic---Alpha-Team/Twonic/Saved/Config/Windows/Scalability.ini]
[2023.03.20-14.10.15:188][  0]LogConfig: Setting CVar [[r.TranslucencyLightingVolumeDim:64]]
[2023.03.20-14.10.15:188][  0]LogConfig: Setting CVar [[r.RefractionQuality:2]]
[2023.03.20-14.10.15:188][  0]LogConfig: Setting CVar [[r.SSR.Quality:3]]
[2023.03.20-14.10.15:188][  0]LogConfig: Setting CVar [[r.SSR.HalfResSceneColor:0]]
[2023.03.20-14.10.15:188][  0]LogConfig: Setting CVar [[r.SceneColorFormat:4]]
[2023.03.20-14.10.15:188][  0]LogConfig: Setting CVar [[r.DetailMode:2]]
[2023.03.20-14.10.15:188][  0]LogConfig: Setting CVar [[r.TranslucencyVolumeBlur:1]]
[2023.03.20-14.10.15:188][  0]LogConfig: Setting CVar [[r.MaterialQualityLevel:1 ; High quality]]
[2023.03.20-14.10.15:188][  0]LogConfig: Setting CVar [[r.AnisotropicMaterials:1]]
[2023.03.20-14.10.15:188][  0]LogConfig: Setting CVar [[r.SSS.Scale:1]]
[2023.03.20-14.10.15:188][  0]LogConfig: Setting CVar [[r.SSS.SampleSet:2]]
[2023.03.20-14.10.15:188][  0]LogConfig: Setting CVar [[r.SSS.Quality:1]]
[2023.03.20-14.10.15:188][  0]LogConfig: Setting CVar [[r.SSS.HalfRes:0]]
[2023.03.20-14.10.15:188][  0]LogConfig: Setting CVar [[r.SSGI.Quality:3]]
[2023.03.20-14.10.15:188][  0]LogConfig: Setting CVar [[r.EmitterSpawnRateScale:1.0]]
[2023.03.20-14.10.15:188][  0]LogConfig: Setting CVar [[r.ParticleLightQuality:2]]
[2023.03.20-14.10.15:188][  0]LogConfig: Setting CVar [[r.SkyAtmosphere.AerialPerspectiveLUT.FastApplyOnOpaque:1 ; Always have FastSkyLUT 1 in this case to avoid wrong sky]]
[2023.03.20-14.10.15:188][  0]LogConfig: Setting CVar [[r.SkyAtmosphere.AerialPerspectiveLUT.SampleCountMaxPerSlice:4]]
[2023.03.20-14.10.15:188][  0]LogConfig: Setting CVar [[r.SkyAtmosphere.AerialPerspectiveLUT.DepthResolution:16.0]]
[2023.03.20-14.10.15:188][  0]LogConfig: Setting CVar [[r.SkyAtmosphere.FastSkyLUT:1]]
[2023.03.20-14.10.15:188][  0]LogConfig: Setting CVar [[r.SkyAtmosphere.FastSkyLUT.SampleCountMin:4.0]]
[2023.03.20-14.10.15:188][  0]LogConfig: Setting CVar [[r.SkyAtmosphere.FastSkyLUT.SampleCountMax:128.0]]
[2023.03.20-14.10.15:188][  0]LogConfig: Setting CVar [[r.SkyAtmosphere.SampleCountMin:4.0]]
[2023.03.20-14.10.15:188][  0]LogConfig: Setting CVar [[r.SkyAtmosphere.SampleCountMax:128.0]]
[2023.03.20-14.10.15:188][  0]LogConfig: Setting CVar [[r.SkyAtmosphere.TransmittanceLUT.UseSmallFormat:0]]
[2023.03.20-14.10.15:188][  0]LogConfig: Setting CVar [[r.SkyAtmosphere.TransmittanceLUT.SampleCount:10.0]]
[2023.03.20-14.10.15:188][  0]LogConfig: Setting CVar [[r.SkyAtmosphere.MultiScatteringLUT.SampleCount:15.0]]
[2023.03.20-14.10.15:188][  0]LogConfig: Setting CVar [[r.SkyLight.RealTimeReflectionCapture:1]]
[2023.03.20-14.10.15:188][  0]LogConfig: Applying CVar settings from Section [FoliageQuality@3] File [C:/Users/Laptop/Desktop/Project/-Journeyman-Twonic---Alpha-Team/Twonic/Saved/Config/Windows/Scalability.ini]
[2023.03.20-14.10.15:188][  0]LogConfig: Setting CVar [[foliage.DensityScale:1.0]]
[2023.03.20-14.10.15:188][  0]LogConfig: Setting CVar [[grass.DensityScale:1.0]]
[2023.03.20-14.10.15:188][  0]LogConfig: Applying CVar settings from Section [ShadingQuality@3] File [C:/Users/Laptop/Desktop/Project/-Journeyman-Twonic---Alpha-Team/Twonic/Saved/Config/Windows/Scalability.ini]
[2023.03.20-14.10.15:188][  0]LogConfig: Setting CVar [[r.HairStrands.SkyLighting.IntegrationType:2]]
[2023.03.20-14.10.15:188][  0]LogConfig: Setting CVar [[r.HairStrands.SkyAO.SampleCount:4]]
[2023.03.20-14.10.15:188][  0]LogConfig: Setting CVar [[r.HairStrands.Visibility.MSAA.SamplePerPixel:4]]
[2023.03.20-14.10.15:189][  0]LogInit: Selected Device Profile: [Windows]
[2023.03.20-14.10.15:190][  0]LogInit: Applying CVar settings loaded from the selected device profile: [Windows]
[2023.03.20-14.10.15:190][  0]LogHAL: Display: Platform has ~ 7 GB [7329996800 / 8589934592 / 7], which maps to Smaller [LargestMinGB=32, LargerMinGB=12, DefaultMinGB=8, SmallerMinGB=6, SmallestMinGB=0)
[2023.03.20-14.10.15:190][  0]LogInit: Going up to parent DeviceProfile []
[2023.03.20-14.10.15:191][  0]LogConfig: Applying CVar settings from Section [ViewDistanceQuality@3] File [C:/Users/Laptop/Desktop/Project/-Journeyman-Twonic---Alpha-Team/Twonic/Saved/Config/Windows/Scalability.ini]
[2023.03.20-14.10.15:191][  0]LogConfig: Setting CVar [[r.SkeletalMeshLODBias:0]]
[2023.03.20-14.10.15:191][  0]LogConfig: Setting CVar [[r.ViewDistanceScale:1.0]]
[2023.03.20-14.10.15:191][  0]LogConfig: Applying CVar settings from Section [AntiAliasingQuality@3] File [C:/Users/Laptop/Desktop/Project/-Journeyman-Twonic---Alpha-Team/Twonic/Saved/Config/Windows/Scalability.ini]
[2023.03.20-14.10.15:191][  0]LogConfig: Setting CVar [[r.PostProcessAAQuality:4]]
[2023.03.20-14.10.15:191][  0]LogConfig: Applying CVar settings from Section [ShadowQuality@3] File [C:/Users/Laptop/Desktop/Project/-Journeyman-Twonic---Alpha-Team/Twonic/Saved/Config/Windows/Scalability.ini]
[2023.03.20-14.10.15:191][  0]LogConfig: Setting CVar [[r.LightFunctionQuality:1]]
[2023.03.20-14.10.15:191][  0]LogConfig: Setting CVar [[r.ShadowQuality:5]]
[2023.03.20-14.10.15:191][  0]LogConfig: Setting CVar [[r.Shadow.CSM.MaxCascades:10]]
[2023.03.20-14.10.15:191][  0]LogConfig: Setting CVar [[r.Shadow.MaxResolution:2048]]
[2023.03.20-14.10.15:191][  0]LogConfig: Setting CVar [[r.Shadow.MaxCSMResolution:2048]]
[2023.03.20-14.10.15:191][  0]LogConfig: Setting CVar [[r.Shadow.RadiusThreshold:0.01]]
[2023.03.20-14.10.15:191][  0]LogConfig: Setting CVar [[r.Shadow.DistanceScale:1.0]]
[2023.03.20-14.10.15:191][  0]LogConfig: Setting CVar [[r.Shadow.CSM.TransitionScale:1.0]]
[2023.03.20-14.10.15:191][  0]LogConfig: Setting CVar [[r.Shadow.PreShadowResolutionFactor:1.0]]
[2023.03.20-14.10.15:191][  0]LogConfig: Setting CVar [[r.DistanceFieldShadowing:1]]
[2023.03.20-14.10.15:191][  0]LogConfig: Setting CVar [[r.DistanceFieldAO:1]]
[2023.03.20-14.10.15:191][  0]LogConfig: Setting CVar [[r.AOQuality:2]]
[2023.03.20-14.10.15:191][  0]LogConfig: Setting CVar [[r.VolumetricFog:1]]
[2023.03.20-14.10.15:191][  0]LogConfig: Setting CVar [[r.VolumetricFog.GridPixelSize:8]]
[2023.03.20-14.10.15:191][  0]LogConfig: Setting CVar [[r.VolumetricFog.GridSizeZ:128]]
[2023.03.20-14.10.15:191][  0]LogConfig: Setting CVar [[r.VolumetricFog.HistoryMissSupersampleCount:4]]
[2023.03.20-14.10.15:191][  0]LogConfig: Setting CVar [[r.LightMaxDrawDistanceScale:1]]
[2023.03.20-14.10.15:191][  0]LogConfig: Setting CVar [[r.CapsuleShadows:1]]
[2023.03.20-14.10.15:191][  0]LogConfig: Applying CVar settings from Section [PostProcessQuality@3] File [C:/Users/Laptop/Desktop/Project/-Journeyman-Twonic---Alpha-Team/Twonic/Saved/Config/Windows/Scalability.ini]
[2023.03.20-14.10.15:191][  0]LogConfig: Setting CVar [[r.MotionBlurQuality:4]]
[2023.03.20-14.10.15:191][  0]LogConfig: Setting CVar [[r.AmbientOcclusionMipLevelFactor:0.4]]
[2023.03.20-14.10.15:191][  0]LogConfig: Setting CVar [[r.AmbientOcclusionMaxQuality:100]]
[2023.03.20-14.10.15:191][  0]LogConfig: Setting CVar [[r.AmbientOcclusionLevels:-1]]
[2023.03.20-14.10.15:191][  0]LogConfig: Setting CVar [[r.AmbientOcclusionRadiusScale:1.0]]
[2023.03.20-14.10.15:191][  0]LogConfig: Setting CVar [[r.DepthOfFieldQuality:2]]
[2023.03.20-14.10.15:191][  0]LogConfig: Setting CVar [[r.RenderTargetPoolMin:400]]
[2023.03.20-14.10.15:191][  0]LogConfig: Setting CVar [[r.LensFlareQuality:2]]
[2023.03.20-14.10.15:191][  0]LogConfig: Setting CVar [[r.SceneColorFringeQuality:1]]
[2023.03.20-14.10.15:191][  0]LogConfig: Setting CVar [[r.EyeAdaptationQuality:2]]
[2023.03.20-14.10.15:191][  0]LogConfig: Setting CVar [[r.BloomQuality:5]]
[2023.03.20-14.10.15:191][  0]LogConfig: Setting CVar [[r.FastBlurThreshold:100]]
[2023.03.20-14.10.15:191][  0]LogConfig: Setting CVar [[r.Upscale.Quality:3]]
[2023.03.20-14.10.15:191][  0]LogConfig: Setting CVar [[r.Tonemapper.GrainQuantization:1]]
[2023.03.20-14.10.15:191][  0]LogConfig: Setting CVar [[r.LightShaftQuality:1]]
[2023.03.20-14.10.15:191][  0]LogConfig: Setting CVar [[r.Filter.SizeScale:1]]
[2023.03.20-14.10.15:191][  0]LogConfig: Setting CVar [[r.Tonemapper.Quality:5]]
[2023.03.20-14.10.15:191][  0]LogConfig: Setting CVar [[r.DOF.Gather.AccumulatorQuality:1        ; higher gathering accumulator quality]]
[2023.03.20-14.10.15:192][  0]LogConfig: Setting CVar [[r.DOF.Gather.PostfilterMethod:1          ; Median3x3 postfilering method]]
[2023.03.20-14.10.15:192][  0]LogConfig: Setting CVar [[r.DOF.Gather.EnableBokehSettings:0       ; no bokeh simulation when gathering]]
[2023.03.20-14.10.15:192][  0]LogConfig: Setting CVar [[r.DOF.Gather.RingCount:4                 ; medium number of samples when gathering]]
[2023.03.20-14.10.15:192][  0]LogConfig: Setting CVar [[r.DOF.Scatter.ForegroundCompositing:1    ; additive foreground scattering]]
[2023.03.20-14.10.15:192][  0]LogConfig: Setting CVar [[r.DOF.Scatter.BackgroundCompositing:2    ; additive background scattering]]
[2023.03.20-14.10.15:192][  0]LogConfig: Setting CVar [[r.DOF.Scatter.EnableBokehSettings:1      ; bokeh simulation when scattering]]
[2023.03.20-14.10.15:192][  0]LogConfig: Setting CVar [[r.DOF.Scatter.MaxSpriteRatio:0.1         ; only a maximum of 10% of scattered bokeh]]
[2023.03.20-14.10.15:192][  0]LogConfig: Setting CVar [[r.DOF.Recombine.Quality:1                ; cheap slight out of focus]]
[2023.03.20-14.10.15:192][  0]LogConfig: Setting CVar [[r.DOF.Recombine.EnableBokehSettings:0    ; no bokeh simulation on slight out of focus]]
[2023.03.20-14.10.15:192][  0]LogConfig: Setting CVar [[r.DOF.TemporalAAQuality:1                ; more stable temporal accumulation]]
[2023.03.20-14.10.15:192][  0]LogConfig: Setting CVar [[r.DOF.Kernel.MaxForegroundRadius:0.025]]
[2023.03.20-14.10.15:192][  0]LogConfig: Setting CVar [[r.DOF.Kernel.MaxBackgroundRadius:0.025]]
[2023.03.20-14.10.15:192][  0]LogConfig: Applying CVar settings from Section [TextureQuality@3] File [C:/Users/Laptop/Desktop/Project/-Journeyman-Twonic---Alpha-Team/Twonic/Saved/Config/Windows/Scalability.ini]
[2023.03.20-14.10.15:192][  0]LogConfig: Setting CVar [[r.Streaming.MipBias:0]]
[2023.03.20-14.10.15:192][  0]LogConfig: Setting CVar [[r.Streaming.AmortizeCPUToGPUCopy:0]]
[2023.03.20-14.10.15:192][  0]LogConfig: Setting CVar [[r.Streaming.MaxNumTexturesToStreamPerFrame:0]]
[2023.03.20-14.10.15:192][  0]LogConfig: Setting CVar [[r.Streaming.Boost:1]]
[2023.03.20-14.10.15:192][  0]LogConfig: Setting CVar [[r.MaxAnisotropy:8]]
[2023.03.20-14.10.15:192][  0]LogConfig: Setting CVar [[r.VT.MaxAnisotropy:8]]
[2023.03.20-14.10.15:192][  0]LogConfig: Setting CVar [[r.Streaming.LimitPoolSizeToVRAM:0]]
[2023.03.20-14.10.15:192][  0]LogConfig: Setting CVar [[r.Streaming.PoolSize:1000]]
[2023.03.20-14.10.15:192][  0]LogConfig: Setting CVar [[r.Streaming.MaxEffectiveScreenSize:0]]
[2023.03.20-14.10.15:192][  0]LogConfig: Applying CVar settings from Section [EffectsQuality@3] File [C:/Users/Laptop/Desktop/Project/-Journeyman-Twonic---Alpha-Team/Twonic/Saved/Config/Windows/Scalability.ini]
[2023.03.20-14.10.15:192][  0]LogConfig: Setting CVar [[r.TranslucencyLightingVolumeDim:64]]
[2023.03.20-14.10.15:192][  0]LogConfig: Setting CVar [[r.RefractionQuality:2]]
[2023.03.20-14.10.15:192][  0]LogConfig: Setting CVar [[r.SSR.Quality:3]]
[2023.03.20-14.10.15:192][  0]LogConfig: Setting CVar [[r.SSR.HalfResSceneColor:0]]
[2023.03.20-14.10.15:192][  0]LogConfig: Setting CVar [[r.SceneColorFormat:4]]
[2023.03.20-14.10.15:192][  0]LogConfig: Setting CVar [[r.DetailMode:2]]
[2023.03.20-14.10.15:193][  0]LogConfig: Setting CVar [[r.TranslucencyVolumeBlur:1]]
[2023.03.20-14.10.15:193][  0]LogConfig: Setting CVar [[r.MaterialQualityLevel:1 ; High quality]]
[2023.03.20-14.10.15:193][  0]LogConfig: Setting CVar [[r.AnisotropicMaterials:1]]
[2023.03.20-14.10.15:193][  0]LogConfig: Setting CVar [[r.SSS.Scale:1]]
[2023.03.20-14.10.15:193][  0]LogConfig: Setting CVar [[r.SSS.SampleSet:2]]
[2023.03.20-14.10.15:193][  0]LogConfig: Setting CVar [[r.SSS.Quality:1]]
[2023.03.20-14.10.15:193][  0]LogConfig: Setting CVar [[r.SSS.HalfRes:0]]
[2023.03.20-14.10.15:193][  0]LogConfig: Setting CVar [[r.SSGI.Quality:3]]
[2023.03.20-14.10.15:193][  0]LogConfig: Setting CVar [[r.EmitterSpawnRateScale:1.0]]
[2023.03.20-14.10.15:193][  0]LogConfig: Setting CVar [[r.ParticleLightQuality:2]]
[2023.03.20-14.10.15:193][  0]LogConfig: Setting CVar [[r.SkyAtmosphere.AerialPerspectiveLUT.FastApplyOnOpaque:1 ; Always have FastSkyLUT 1 in this case to avoid wrong sky]]
[2023.03.20-14.10.15:193][  0]LogConfig: Setting CVar [[r.SkyAtmosphere.AerialPerspectiveLUT.SampleCountMaxPerSlice:4]]
[2023.03.20-14.10.15:193][  0]LogConfig: Setting CVar [[r.SkyAtmosphere.AerialPerspectiveLUT.DepthResolution:16.0]]
[2023.03.20-14.10.15:193][  0]LogConfig: Setting CVar [[r.SkyAtmosphere.FastSkyLUT:1]]
[2023.03.20-14.10.15:193][  0]LogConfig: Setting CVar [[r.SkyAtmosphere.FastSkyLUT.SampleCountMin:4.0]]
[2023.03.20-14.10.15:193][  0]LogConfig: Setting CVar [[r.SkyAtmosphere.FastSkyLUT.SampleCountMax:128.0]]
[2023.03.20-14.10.15:193][  0]LogConfig: Setting CVar [[r.SkyAtmosphere.SampleCountMin:4.0]]
[2023.03.20-14.10.15:193][  0]LogConfig: Setting CVar [[r.SkyAtmosphere.SampleCountMax:128.0]]
[2023.03.20-14.10.15:193][  0]LogConfig: Setting CVar [[r.SkyAtmosphere.TransmittanceLUT.UseSmallFormat:0]]
[2023.03.20-14.10.15:193][  0]LogConfig: Setting CVar [[r.SkyAtmosphere.TransmittanceLUT.SampleCount:10.0]]
[2023.03.20-14.10.15:193][  0]LogConfig: Setting CVar [[r.SkyAtmosphere.MultiScatteringLUT.SampleCount:15.0]]
[2023.03.20-14.10.15:193][  0]LogConfig: Setting CVar [[r.SkyLight.RealTimeReflectionCapture:1]]
[2023.03.20-14.10.15:193][  0]LogConfig: Applying CVar settings from Section [FoliageQuality@3] File [C:/Users/Laptop/Desktop/Project/-Journeyman-Twonic---Alpha-Team/Twonic/Saved/Config/Windows/Scalability.ini]
[2023.03.20-14.10.15:193][  0]LogConfig: Setting CVar [[foliage.DensityScale:1.0]]
[2023.03.20-14.10.15:193][  0]LogConfig: Setting CVar [[grass.DensityScale:1.0]]
[2023.03.20-14.10.15:193][  0]LogConfig: Applying CVar settings from Section [ShadingQuality@3] File [C:/Users/Laptop/Desktop/Project/-Journeyman-Twonic---Alpha-Team/Twonic/Saved/Config/Windows/Scalability.ini]
[2023.03.20-14.10.15:193][  0]LogConfig: Setting CVar [[r.HairStrands.SkyLighting.IntegrationType:2]]
[2023.03.20-14.10.15:193][  0]LogConfig: Setting CVar [[r.HairStrands.SkyAO.SampleCount:4]]
[2023.03.20-14.10.15:193][  0]LogConfig: Setting CVar [[r.HairStrands.Visibility.MSAA.SamplePerPixel:4]]
[2023.03.20-14.10.15:193][  0]LogConfig: Applying CVar settings from Section [Startup] File [../../../Engine/Config/ConsoleVariables.ini]
[2023.03.20-14.10.15:195][  0]LogConfig: Setting CVar [[net.UseAdaptiveNetUpdateFrequency:0]]
[2023.03.20-14.10.15:195][  0]LogConfig: Setting CVar [[p.chaos.AllowCreatePhysxBodies:1]]
[2023.03.20-14.10.15:195][  0]LogConfig: Setting CVar [[fx.SkipVectorVMBackendOptimizations:1]]
[2023.03.20-14.10.15:195][  0]LogConfig: Applying CVar settings from Section [ConsoleVariables] File [C:/Users/Laptop/Desktop/Project/-Journeyman-Twonic---Alpha-Team/Twonic/Saved/Config/Windows/Engine.ini]
[2023.03.20-14.10.15:195][  0]LogConfig: Applying CVar settings from Section [ConsoleVariables] File [C:/Users/Laptop/Desktop/Project/-Journeyman-Twonic---Alpha-Team/Twonic/Saved/Config/Windows/Editor.ini]
[2023.03.20-14.10.15:196][  0]LogInit: Computer: DESKTOP-5KR22SP
[2023.03.20-14.10.15:196][  0]LogInit: User: Laptop
[2023.03.20-14.10.15:196][  0]LogInit: CPU Page size=4096, Cores=6
[2023.03.20-14.10.15:196][  0]LogInit: High frequency timer resolution =10.000000 MHz
[2023.03.20-14.10.15:196][  0]LogMemory: Memory total: Physical=6.8GB (7GB approx)
[2023.03.20-14.10.15:196][  0]LogMemory: Platform Memory Stats for Windows
[2023.03.20-14.10.15:196][  0]LogMemory: Process Physical Memory: 144.23 MB used, 144.23 MB peak
[2023.03.20-14.10.15:196][  0]LogMemory: Process Virtual Memory: 126.82 MB used, 126.82 MB peak
[2023.03.20-14.10.15:196][  0]LogMemory: Physical Memory: 5735.14 MB used,  1255.29 MB free, 6990.43 MB total
[2023.03.20-14.10.15:196][  0]LogMemory: Virtual Memory: 134210776.00 MB used,  6948.21 MB free, 134217728.00 MB total
[2023.03.20-14.10.15:209][  0]LogWindows: WindowsPlatformFeatures enabled
[2023.03.20-14.10.15:607][  0]LogInit: Physics initialised using underlying interface: PhysX
[2023.03.20-14.10.15:617][  0]LogInit: Using OS detected language (en-GB).
[2023.03.20-14.10.15:617][  0]LogInit: Using OS detected locale (en-GB).
[2023.03.20-14.10.15:655][  0]LogTextLocalizationManager: No specific localization for 'en-GB' exists, so the 'en' localization will be used.
[2023.03.20-14.10.16:455][  0]LogInit: Setting process to per monitor DPI aware
[2023.03.20-14.10.16:506][  0]LogWindowsTextInputMethodSystem: Display: IME system deactivated.
[2023.03.20-14.10.16:612][  0]LogSlate: New Slate User Created.  User Index 0, Is Virtual User: 0
[2023.03.20-14.10.16:612][  0]LogSlate: Slate User Registered.  User Index 0, Is Virtual User: 0
[2023.03.20-14.10.21:395][  0]LogD3D11RHI: Loaded GFSDK_Aftermath_Lib.x64.dll
[2023.03.20-14.10.21:405][  0]LogHMD: Failed to initialize OpenVR with code 110
[2023.03.20-14.10.21:405][  0]LogD3D11RHI: D3D11 min allowed feature level: 11_0
[2023.03.20-14.10.21:405][  0]LogD3D11RHI: D3D11 max allowed feature level: 11_0
[2023.03.20-14.10.21:405][  0]LogD3D11RHI: D3D11 adapters:
[2023.03.20-14.10.21:482][  0]LogD3D11RHI:    0. 'AMD Radeon(TM) Graphics' (Feature Level 11_0)
[2023.03.20-14.10.21:482][  0]LogD3D11RHI:       1008/0/3495 MB DedicatedVideo/DedicatedSystem/SharedSystem, Outputs:1, VendorId:0x1002
[2023.03.20-14.10.21:487][  0]LogD3D11RHI:    1. 'Microsoft Basic Render Driver' (Feature Level 11_0)
[2023.03.20-14.10.21:487][  0]LogD3D11RHI:       0/0/3495 MB DedicatedVideo/DedicatedSystem/SharedSystem, Outputs:0, VendorId:0x1414
[2023.03.20-14.10.21:487][  0]LogD3D11RHI: Chosen D3D11 Adapter:
[2023.03.20-14.10.21:487][  0]LogD3D11RHI:     Description : AMD Radeon(TM) Graphics
[2023.03.20-14.10.21:487][  0]LogD3D11RHI:     VendorId    : 1002
[2023.03.20-14.10.21:487][  0]LogD3D11RHI:     DeviceId    : 1638
[2023.03.20-14.10.21:488][  0]LogD3D11RHI:     SubSysId    : 509c17aa
[2023.03.20-14.10.21:488][  0]LogD3D11RHI:     Revision    : 00d2
[2023.03.20-14.10.21:488][  0]LogD3D11RHI:     DedicatedVideoMemory : 1057550336 bytes
[2023.03.20-14.10.21:488][  0]LogD3D11RHI:     DedicatedSystemMemory : 0 bytes
[2023.03.20-14.10.21:488][  0]LogD3D11RHI:     SharedSystemMemory : 3664998400 bytes
[2023.03.20-14.10.21:488][  0]LogD3D11RHI:     AdapterLuid : 0 62981
[2023.03.20-14.10.21:497][  0]LogD3D11RHI: Creating new Direct3DDevice
[2023.03.20-14.10.21:497][  0]LogD3D11RHI:     GPU DeviceId: 0x1638 (for the marketing name, search the web for "GPU Device Id")
[2023.03.20-14.10.21:497][  0]LogWindows: EnumDisplayDevices:
[2023.03.20-14.10.21:497][  0]LogWindows:    0. 'AMD Radeon(TM) Graphics' (P:1 D:1)
[2023.03.20-14.10.21:498][  0]LogWindows:    1. 'AMD Radeon(TM) Graphics' (P:0 D:0)
[2023.03.20-14.10.21:498][  0]LogWindows:    2. 'AMD Radeon(TM) Graphics' (P:0 D:0)
[2023.03.20-14.10.21:499][  0]LogWindows:    3. 'AMD Radeon(TM) Graphics' (P:0 D:0)
[2023.03.20-14.10.21:499][  0]LogWindows:    4. 'AMD Radeon(TM) Graphics' (P:0 D:0)
[2023.03.20-14.10.21:500][  0]LogWindows:    5. 'AMD Radeon(TM) Graphics' (P:0 D:0)
[2023.03.20-14.10.21:500][  0]LogWindows: DebugString: FoundDriverCount:6 
[2023.03.20-14.10.21:500][  0]LogD3D11RHI:     Adapter Name: AMD Radeon(TM) Graphics
[2023.03.20-14.10.21:500][  0]LogD3D11RHI:   Driver Version: Adrenalin 20.40.56.02 (internal:27.20.14056.2001, unified:27.20.14056.2001)
[2023.03.20-14.10.21:500][  0]LogD3D11RHI:      Driver Date: 5-12-2021
[2023.03.20-14.10.21:501][  0]LogRHI: Texture pool is 2837 MB (70% of 4053 MB)
[2023.03.20-14.10.21:564][  0]LogD3D11RHI: Creating D3DDevice with AMD AGS, using adapter:
[2023.03.20-14.10.21:564][  0]LogD3D11RHI:     Description : AMD Radeon(TM) Graphics
[2023.03.20-14.10.21:564][  0]LogD3D11RHI:     VendorId    : 1002
[2023.03.20-14.10.21:564][  0]LogD3D11RHI:     DeviceId    : 1638
[2023.03.20-14.10.21:564][  0]LogD3D11RHI:     SubSysId    : 509c17aa
[2023.03.20-14.10.21:564][  0]LogD3D11RHI:     Revision    : 00d2
[2023.03.20-14.10.21:564][  0]LogD3D11RHI:     DedicatedVideoMemory : 1057550336 bytes
[2023.03.20-14.10.21:564][  0]LogD3D11RHI:     DedicatedSystemMemory : 0 bytes
[2023.03.20-14.10.21:564][  0]LogD3D11RHI:     SharedSystemMemory : 3664998400 bytes
[2023.03.20-14.10.21:564][  0]LogD3D11RHI:     AdapterLuid : 0 62981
[2023.03.20-14.10.21:620][  0]LogD3D11RHI: Created device via AGS, feature level 11_0, supported extensions 1fffffbf.
[2023.03.20-14.10.21:620][  0]LogD3D11RHI: RHI has support for 64 bit atomics
[2023.03.20-14.10.21:620][  0]LogD3D11RHI: Async texture creation enabled
[2023.03.20-14.10.21:620][  0]LogD3D11RHI: Array index from any shader is supported
[2023.03.20-14.10.21:666][  0]LogD3D11RHI: GPU Timing Frequency: 100.000000 (Debug: 2 1)
[2023.03.20-14.10.22:412][  0]LogTargetPlatformManager: Display: Loaded TargetPlatform 'AllDesktop'
[2023.03.20-14.10.22:460][  0]LogTargetPlatformManager: Display: Loaded TargetPlatform 'Android'
[2023.03.20-14.10.22:460][  0]LogTargetPlatformManager: Display: Loaded TargetPlatform 'Android_ASTC'
[2023.03.20-14.10.22:460][  0]LogTargetPlatformManager: Display: Loaded TargetPlatform 'Android_DXT'
[2023.03.20-14.10.22:460][  0]LogTargetPlatformManager: Display: Loaded TargetPlatform 'Android_ETC2'
[2023.03.20-14.10.22:460][  0]LogTargetPlatformManager: Display: Loaded TargetPlatform 'AndroidClient'
[2023.03.20-14.10.22:460][  0]LogTargetPlatformManager: Display: Loaded TargetPlatform 'Android_ASTCClient'
[2023.03.20-14.10.22:460][  0]LogTargetPlatformManager: Display: Loaded TargetPlatform 'Android_DXTClient'
[2023.03.20-14.10.22:460][  0]LogTargetPlatformManager: Display: Loaded TargetPlatform 'Android_ETC2Client'
[2023.03.20-14.10.22:460][  0]LogTargetPlatformManager: Display: Loaded TargetPlatform 'Android_Multi'
[2023.03.20-14.10.22:460][  0]LogTargetPlatformManager: Display: Loaded TargetPlatform 'Android_MultiClient'
[2023.03.20-14.10.22:510][  0]LogTargetPlatformManager: Display: Loaded TargetPlatform 'IOSClient'
[2023.03.20-14.10.22:510][  0]LogTargetPlatformManager: Display: Loaded TargetPlatform 'IOS'
[2023.03.20-14.10.22:536][  0]LogTargetPlatformManager: Display: Loaded TargetPlatform 'Linux'
[2023.03.20-14.10.22:551][  0]LogTargetPlatformManager: Display: Loaded TargetPlatform 'LinuxNoEditor'
[2023.03.20-14.10.22:563][  0]LogTargetPlatformManager: Display: Loaded TargetPlatform 'LinuxClient'
[2023.03.20-14.10.22:578][  0]LogTargetPlatformManager: Display: Loaded TargetPlatform 'LinuxServer'
[2023.03.20-14.10.22:601][  0]LogTargetPlatformManager: Display: Loaded TargetPlatform 'LinuxAArch64NoEditor'
[2023.03.20-14.10.22:613][  0]LogTargetPlatformManager: Display: Loaded TargetPlatform 'LinuxAArch64Client'
[2023.03.20-14.10.22:624][  0]LogTargetPlatformManager: Display: Loaded TargetPlatform 'LinuxAArch64Server'
[2023.03.20-14.10.22:685][  0]LogTargetPlatformManager: Display: Loaded TargetPlatform 'Lumin'
[2023.03.20-14.10.22:685][  0]LogTargetPlatformManager: Display: Loaded TargetPlatform 'LuminClient'
[2023.03.20-14.10.22:705][  0]LogTargetPlatformManager: Display: Loaded TargetPlatform 'MacNoEditor'
[2023.03.20-14.10.22:718][  0]LogTargetPlatformManager: Display: Loaded TargetPlatform 'Mac'
[2023.03.20-14.10.22:729][  0]LogTargetPlatformManager: Display: Loaded TargetPlatform 'MacClient'
[2023.03.20-14.10.22:741][  0]LogTargetPlatformManager: Display: Loaded TargetPlatform 'MacServer'
[2023.03.20-14.10.22:765][  0]LogTargetPlatformManager: Display: Loaded TargetPlatform 'TVOSClient'
[2023.03.20-14.10.22:765][  0]LogTargetPlatformManager: Display: Loaded TargetPlatform 'TVOS'
[2023.03.20-14.10.22:792][  0]LogTargetPlatformManager: Display: Loaded TargetPlatform 'WindowsNoEditor'
[2023.03.20-14.10.22:805][  0]LogTargetPlatformManager: Display: Loaded TargetPlatform 'Windows'
[2023.03.20-14.10.22:817][  0]LogTargetPlatformManager: Display: Loaded TargetPlatform 'WindowsClient'
[2023.03.20-14.10.22:830][  0]LogTargetPlatformManager: Display: Loaded TargetPlatform 'WindowsServer'
[2023.03.20-14.10.22:830][  0]LogTargetPlatformManager: Display: Building Assets For Windows
[2023.03.20-14.10.22:931][  0]LogAudioDebug: Display: Lib vorbis DLL was dynamically loaded.
[2023.03.20-14.10.23:116][  0]LogTextureFormatOodle: Display: Oodle Texture 2.9.0 init RDO Off
[2023.03.20-14.10.23:364][  0]LogRendererCore: Ray tracing is disabled. Reason: r.RayTracing=0.
[2023.03.20-14.10.23:366][  0]LogShaderCompilers: Guid format shader working directory is -39 characters bigger than the processId version (../../../../../../Users/Laptop/Desktop/Project/-Journeyman-Twonic---Alpha-Team/Twonic/Intermediate/Shaders/WorkingDirectory/19600/).
[2023.03.20-14.10.23:366][  0]LogShaderCompilers: Cleaned the shader compiler working directory 'C:/Users/Laptop/AppData/Local/Temp/UnrealShaderWorkingDir/5FA7A45D476BA1DC0FC54BA44A443BD5/'.
[2023.03.20-14.10.23:366][  0]LogXGEController: Cannot use XGE Controller as Incredibuild is not installed on this machine.
[2023.03.20-14.10.23:366][  0]LogShaderCompilers: Cannot use XGE Shader Compiler as Incredibuild is not installed on this machine.
[2023.03.20-14.10.23:366][  0]LogShaderCompilers: Display: Using Local Shader Compiler.
[2023.03.20-14.10.29:097][  0]LogDerivedDataCache: Display: Max Cache Size: 512 MB
[2023.03.20-14.10.29:279][  0]LogDerivedDataCache: Loaded boot cache 0.18s 95MB C:/Users/Laptop/AppData/Local/UnrealEngine/4.27/DerivedDataCache/Boot.ddc.
[2023.03.20-14.10.29:279][  0]LogDerivedDataCache: Display: Loaded Boot cache: C:/Users/Laptop/AppData/Local/UnrealEngine/4.27/DerivedDataCache/Boot.ddc
[2023.03.20-14.10.29:279][  0]LogDerivedDataCache: FDerivedDataBackendGraph:  Pak pak cache file ../../../../../../Users/Laptop/Desktop/Project/-Journeyman-Twonic---Alpha-Team/Twonic/DerivedDataCache/DDC.ddp not found, will not use a pak cache.
[2023.03.20-14.10.29:279][  0]LogDerivedDataCache: Unable to find inner node Pak for hierarchical cache Hierarchy.
[2023.03.20-14.10.29:279][  0]LogDerivedDataCache: FDerivedDataBackendGraph:  CompressedPak pak cache file ../../../../../../Users/Laptop/Desktop/Project/-Journeyman-Twonic---Alpha-Team/Twonic/DerivedDataCache/Compressed.ddp not found, will not use a pak cache.
[2023.03.20-14.10.29:279][  0]LogDerivedDataCache: Unable to find inner node CompressedPak for hierarchical cache Hierarchy.
[2023.03.20-14.10.29:336][  0]LogDerivedDataCache: Display: Pak cache opened for reading ../../../Engine/DerivedDataCache/Compressed.ddp.
[2023.03.20-14.10.29:336][  0]LogDerivedDataCache: FDerivedDataBackendGraph:  EnterprisePak pak cache file ../../../Enterprise/DerivedDataCache/Compressed.ddp not found, will not use a pak cache.
[2023.03.20-14.10.29:336][  0]LogDerivedDataCache: Unable to find inner node EnterprisePak for hierarchical cache Hierarchy.
[2023.03.20-14.10.29:373][  0]LogDerivedDataCache: Speed tests for C:/Users/Laptop/AppData/Local/UnrealEngine/Common/DerivedDataCache took 0.04 seconds
[2023.03.20-14.10.29:373][  0]LogDerivedDataCache: Display: Performance to C:/Users/Laptop/AppData/Local/UnrealEngine/Common/DerivedDataCache: Latency=0.71ms. RandomReadSpeed=51.94MBs, RandomWriteSpeed=74.61MBs. Assigned SpeedClass 'Local'
[2023.03.20-14.10.29:377][  0]LogDerivedDataCache: Using Local data cache path C:/Users/Laptop/AppData/Local/UnrealEngine/Common/DerivedDataCache: Writable
[2023.03.20-14.10.29:377][  0]LogDerivedDataCache: Shared data cache path not found in *engine.ini, will not use an Shared cache.
[2023.03.20-14.10.29:377][  0]LogDerivedDataCache: Unable to find inner node Shared for hierarchical cache Hierarchy.
[2023.03.20-14.10.29:500][  0]LogSlate: Using FreeType 2.10.0
[2023.03.20-14.10.29:528][  0]LogSlate: SlateFontServices - WITH_FREETYPE: 1, WITH_HARFBUZZ: 1
[2023.03.20-14.10.29:620][  0]LogAssetRegistry: FAssetRegistry took 0.0131 seconds to start up
[2023.03.20-14.10.30:685][  0]LogInit: Selected Device Profile: [Windows]
[2023.03.20-14.10.30:685][  0]LogInit: Active device profile: [0000022FB598E800][0000022FB2D8AA00 49] Windows
[2023.03.20-14.10.30:685][  0]LogInit: Profiles: [0000022FB598E800][0000022FB2D8AA00 49] Windows, [0000022FB594DA00][0000022FB2D8EC80 49] WindowsNoEditor, [0000022FB598DA00][0000022FB2D92F00 49] WindowsServer, [0000022FB594E700][0000022FB2D9B1C0 49] WindowsClient, [0000022FB598EA00][0000022FB2D9F480 49] IOS, [0000022FB594FE00][0000022FB2DA3740 49] iPadAir, [0000022FB598E600][0000022FB2DA7A00 49] iPadAir2, [0000022FB58F2B00][0000022FB2DBA3C0 49] IPadPro, [0000022FB58F2C00][0000022FB2DAA400 49] iPadAir3, [0000022FB598DC00][0000022FB2DB26C0 49] iPadAir4, [0000022FB58F3300][0000022FB2DAE980 49] iPadMini2, [0000022FB598DD00][0000022FB2DB6C40 49] iPadMini3, [0000022FB58F3600][0000022FB2D96EC0 49] iPadMini4, [0000022FB598FF00][0000022FB2DBF140 49] iPadMini5, [0000022FB5942400][0000022FB2DD7680 49] iPhone6, [0000022FB5942500][0000022FB2DC76C0 49] iPodTouch6, [0000022FB58F1400][0000022FB37CFC00 49] iPhone7, [0000022FB58F1300][0000022FB2DCE0C0 49] iPodTouch7, [0000022FB5942B00][0000022FB2DD2380 49] iPhone5S, [0000022FB58F0C00][0000022FB2DCA640 49] iPhone6Plus, [0000022FB5941600][0000022FB2DDA900 49] iPhone6S, [0000022FB58F1700][0000022FB37D2BC0 49] iPhone6SPlus, [0000022FB5942700][0000022FB37D6E80 49] iPhone7Plus, [0000022FB58F3100][0000022FB2DC3100 49] iPhoneSE, [0000022FB5942300][0000022FB37DB380 49] iPhone8, [0000022FB58F1C00][0000022FB37E3640 49] iPhone8Plus, [0000022FB5941B00][0000022FB37E7900 49] iPhoneX, [0000022FB58F0D00][0000022FB37EBBC0 49] iPhoneXS, [0000022FB5940400][0000022FB37EE300 49] iPhoneXSMax, [0000022FB58F1F00][0000022FB37F25C0 49] iPhoneXR, [0000022FB5943100][0000022FB37F6880 49] iPhone11, [0000022FB58F0900][0000022FB37FAB40 49] iPhone11Pro, [0000022FB5940F00][0000022FB37FEE00 49] iPhone11ProMax, [0000022FB58F2900][0000022FB38030C0 49] iPhoneSE2, [0000022FB5943700][0000022FB37DF340 49] iPhone12Mini, [0000022FB58F0100][0000022FB38075C0 49] iPhone12, [0000022FB5940E00][0000022FB380F880 49] iPhone12Pro, [0000022FB58F3F00][0000022FB3813B40 49] iPhone12ProMax, [0000022FB5943D00][0000022FB3816280 49] iPadPro105, [0000022FB58F2F00][0000022FB381A540 49] iPadPro129, [0000022FB5940200][0000022FB381E800 49] iPadPro97, [0000022FB58F3E00][0000022FB3822AC0 49] iPadPro2_129, [0000022FB5941A00][0000022FB3826D80 49] iPad5, [0000022FB58F0A00][0000022FB382B040 49] iPad6, [0000022FB5941D00][0000022FB382F300 49] iPad7, [0000022FB58F0400][0000022FB380B580 49] iPad8, [0000022FB5942200][0000022FB3837840 49] iPadPro11, [0000022FB59CCE00][0000022FB383BB00 49] iPadPro2_11, [0000022FB594F100][0000022FB383E240 49] iPadPro3_129, [0000022FB59CCB00][0000022FB3842500 49] iPadPro4_129, [0000022FB594D500][0000022FB38467C0 49] AppleTV, [0000022FB59CD300][0000022FB384AA80 49] AppleTV4K, [0000022FB594F500][0000022FB384ED40 49] TVOS, [0000022FB59CC200][0000022FB3853000 49] Mac, [0000022FB594ED00][0000022FB38572C0 49] MacClient, [0000022FB59CD400][0000022FB3833540 49] MacNoEditor, [0000022FB594C400][0000022FB385B7C0 49] MacServer, [0000022FB59CCF00][0000022FB3863A80 49] Linux, [0000022FB594C900][0000022FB38661C0 49] LinuxAArch64, [0000022FB59CD200][0000022FB386A480 49] LinuxNoEditor, [0000022FB594C600][0000022FB386E740 49] LinuxAArch64NoEditor, [0000022FB5941400][0000022FB3872A00 49] LinuxClient, [0000022FB58F2000][0000022FB3876CC0 49] LinuxAArch64Client, [0000022FB5943300][0000022FB387AF80 49] LinuxServer, [0000022FB58F1B00][0000022FB387F240 49] LinuxAArch64Server, [0000022FB5943600][0000022FB3883500 49] Android, [0000022FB58F1900][0000022FB385F780 49] Android_Low, [0000022FB5942E00][0000022FB3887A00 49] Android_Mid, [0000022FB58F1000][0000022FB388E140 49] Android_High, [0000022FB5941900][0000022FB3892400 49] Android_Default, [0000022FB58F2600][0000022FB38966C0 49] Android_Adreno4xx, [0000022FB5941100][0000022FB389A980 49] Android_Adreno5xx_Low, [0000022FB58F0200][0000022FB389EC40 49] Android_Adreno5xx, [0000022FB5943800][0000022FB38A2F00 49] Android_Adreno6xx, [0000022FB58F1200][0000022FB38A71C0 49] Android_Adreno6xx_Vulkan, [0000022FB5943F00][0000022FB38AB480 49] Android_Mali_T6xx, [0000022FB58F3200][0000022FB38AF740 49] Android_Mali_T7xx, [0000022FB5940B00][0000022FB388B9C0 49] Android_Mali_T8xx, [0000022FB58F1D00][0000022FB38B20C0 49] Android_Mali_G71, [0000022FB5942F00][0000022FB38BA380 49] Android_Mali_G72, [0000022FB58F1A00][0000022FB38BE640 49] Android_Mali_G72_Vulkan, [0000022FB5942C00][0000022FB38C2900 49] Android_Mali_G76, [0000022FB58F1100][0000022FB38C6BC0 49] Android_Mali_G76_Vulkan, [0000022FB5942100][0000022FB38CAE80 49] Android_Mali_G77, [0000022FB58F3D00][0000022FB38CF140 49] Android_Mali_G77_Vulkan, [0000022FB5941C00][0000022FB38D3400 49] Android_Mali_G78, [0000022FB58F3500][0000022FB38D76C0 49] Android_Mali_G78_Vulkan, [0000022FB59CC700][0000022FB38DB980 49] Android_Mali_G710, [0000022FB58F1500][0000022FB38B7C00 49] Android_Mali_G710_Vulkan, [0000022FB5940D00][0000022FB38DE300 49] Android_Vulkan_SM5, [0000022FB58F2200][0000022FB38E65C0 49] Android_PowerVR_G6xxx, [0000022FB5943900][0000022FB38EA880 49] Android_PowerVR_GT7xxx, [0000022FB58F0E00][0000022FB38EEB40 49] Android_PowerVR_GE8xxx, [0000022FB5943500][0000022FB38F2E00 49] Android_PowerVR_GM9xxx, [0000022FB58F2400][0000022FB38F70C0 49] Android_PowerVR_GM9xxx_Vulkan, [0000022FB5941F00][0000022FB38FB380 49] Android_TegraK1, [0000022FB58F0F00][0000022FB38FF640 49] Android_Unknown_Vulkan, [0000022FB5940100][0000022FB3903900 49] Lumin, [0000022FB58F3C00][0000022FB3907BC0 49] Lumin_Desktop, [0000022FB5943C00][0000022FB38E22C0 49] HoloLens, 
[2023.03.20-14.10.31:227][  0]LogMeshReduction: Using QuadricMeshReduction for automatic static mesh reduction
[2023.03.20-14.10.31:227][  0]LogMeshReduction: Using SimplygonMeshReduction for automatic skeletal mesh reduction
[2023.03.20-14.10.31:227][  0]LogMeshReduction: Using ProxyLODMeshReduction for automatic mesh merging
[2023.03.20-14.10.31:227][  0]LogMeshReduction: No distributed automatic mesh merging module available
[2023.03.20-14.10.31:227][  0]LogMeshMerging: No distributed automatic mesh merging module available
[2023.03.20-14.10.31:327][  0]LogNetVersion: Twonic 1.0.0, NetCL: 17155196, EngineNetVer: 17, GameNetVer: 0 (Checksum: 4023415434)
[2023.03.20-14.10.33:001][  0]LogTexture: Default maximum texture size for cubemaps generated from long-lat sources has been changed from 512 to unlimited. In order to preserve old behaiour for '/Engine/MapTemplates/Sky/DaylightAmbientCubemap.DaylightAmbientCubemap', its maximum texture size has been explicitly set to 512.
[2023.03.20-14.10.33:181][  0]LogHMD: PokeAHoleMaterial loaded successfully
[2023.03.20-14.10.33:233][  0]LogUObjectArray: 17178 objects as part of root set at end of initial load.
[2023.03.20-14.10.33:233][  0]LogUObjectAllocator: 4302048 out of 0 bytes used by permanent object pool.
[2023.03.20-14.10.33:233][  0]LogUObjectArray: CloseDisregardForGC: 0/0 objects in disregard for GC pool
[2023.03.20-14.10.34:282][  0]LogNiagaraDebuggerClient: Niagara Debugger Client Initialized | Session: 076938BF43B8B46D8B061ABBFAB170FA | Instance: AA975A954C32EAB2B3C5F7B7CD5B8DC1 (DESKTOP-5KR22SP-19600).
[2023.03.20-14.10.35:337][  0]LogPython: Using Python 3.7.7
[2023.03.20-14.10.36:821][  0]LogUdpMessaging: Initializing bridge on interface 0.0.0.0:0 to multicast group 230.0.0.1:6666.
[2023.03.20-14.10.36:841][  0]LogTcpMessaging: Initializing TcpMessaging bridge
[2023.03.20-14.10.37:357][  0]SourceControl: Source control is disabled
[2023.03.20-14.10.37:357][  0]SourceControl: Source control is disabled
[2023.03.20-14.10.37:378][  0]SourceControl: Source control is disabled
[2023.03.20-14.10.37:388][  0]SourceControl: Source control is disabled
[2023.03.20-14.10.37:409][  0]SourceControl: Source control is disabled
[2023.03.20-14.10.37:416][  0]LogUProjectInfo: Found projects:
[2023.03.20-14.10.38:171][  0]LogOpenImageDenoise: OIDN starting up
[2023.03.20-14.10.38:292][  0]LogAndroidPermission: UAndroidPermissionCallbackProxy::GetInstance
[2023.03.20-14.10.38:341][  0]LogAudioCaptureCore: Display: No Audio Capture implementations found. Audio input will be silent.
[2023.03.20-14.10.38:341][  0]LogAudioCaptureCore: Display: No Audio Capture implementations found. Audio input will be silent.
[2023.03.20-14.10.38:679][  0]LogCollectionManager: Loaded 0 collections in 0.004527 seconds
[2023.03.20-14.10.38:759][  0]LogFileCache: Scanning file cache for directory 'C:/Users/Laptop/Desktop/Project/-Journeyman-Twonic---Alpha-Team/Twonic/Saved/Collections/' took 0.00s
[2023.03.20-14.10.38:759][  0]LogFileCache: Scanning file cache for directory 'C:/Users/Laptop/Desktop/Project/-Journeyman-Twonic---Alpha-Team/Twonic/Content/Developers/Laptop/Collections/' took 0.00s
[2023.03.20-14.10.38:759][  0]LogFileCache: Scanning file cache for directory 'C:/Users/Laptop/Desktop/Project/-Journeyman-Twonic---Alpha-Team/Twonic/Content/Collections/' took 0.00s
[2023.03.20-14.10.38:759][  0]LogOcInput: OculusInput pre-init called
[2023.03.20-14.10.39:570][  0]LogEngine: Initializing Engine...
[2023.03.20-14.10.39:691][  0]LogHMD: Failed to enumerate extensions. Please check that you have a valid OpenXR runtime installed.
[2023.03.20-14.10.39:695][  0]LogHMD: Failed to initialize OpenVR with code 110
[2023.03.20-14.10.39:696][  0]LogMagicLeap: Warning: VR disabled because ZI is not enabled.  To enable, in the editor, Edit -> Project Settings -> Plugins -> Magic Leap Plugin -> Enable Zero Iteration
[2023.03.20-14.10.39:707][  0]LogStats: UGameplayTagsManager::InitializeManager -  0.002 s
[2023.03.20-14.10.39:977][  0]LogInit: Initializing FReadOnlyCVARCache
[2023.03.20-14.10.40:102][  0]LogAIModule: Creating AISystem for world Untitled
[2023.03.20-14.10.40:126][  0]LogAudio: Display: Initializing Audio Device Manager...
[2023.03.20-14.10.40:136][  0]LogAudio: Display: Loading Default Audio Settings Objects...
[2023.03.20-14.10.40:140][  0]LogAudio: Display: No default SoundConcurrencyObject specified (or failed to load).
[2023.03.20-14.10.40:143][  0]LogAudio: Display: Audio Device Manager Initialized
[2023.03.20-14.10.40:143][  0]LogAudio: Display: Creating Audio Device:                 Id: 1, Scope: Shared, Realtime: True
[2023.03.20-14.10.40:147][  0]LogAudioMixer: Display: Audio Mixer Platform Settings:
[2023.03.20-14.10.40:147][  0]LogAudioMixer: Display: 	Sample Rate:						  48000
[2023.03.20-14.10.40:147][  0]LogAudioMixer: Display: 	Callback Buffer Frame Size Requested: 1024
[2023.03.20-14.10.40:147][  0]LogAudioMixer: Display: 	Callback Buffer Frame Size To Use:	  1024
[2023.03.20-14.10.40:147][  0]LogAudioMixer: Display: 	Number of buffers to queue:			  2
[2023.03.20-14.10.40:147][  0]LogAudioMixer: Display: 	Max Channels (voices):				  32
[2023.03.20-14.10.40:147][  0]LogAudioMixer: Display: 	Number of Async Source Workers:		  0
[2023.03.20-14.10.40:147][  0]LogAudio: Display: AudioDevice MaxSources: 32
[2023.03.20-14.10.40:152][  0]LogAudio: Display: Audio Spatialization Plugin: None (built-in).
[2023.03.20-14.10.40:152][  0]LogAudio: Display: Audio Reverb Plugin: None (built-in).
[2023.03.20-14.10.40:152][  0]LogAudio: Display: Audio Occlusion Plugin: None (built-in).
[2023.03.20-14.10.40:153][  0]LogAudioMixer: Display: Initializing audio mixer.
[2023.03.20-14.10.40:193][  0]LogAudioMixer: Display: 0: FrontLeft
[2023.03.20-14.10.40:193][  0]LogAudioMixer: Display: 1: FrontRight
[2023.03.20-14.10.40:484][  0]LogAudioMixer: Display: Using Audio Device Speakers (Realtek(R) Audio)
[2023.03.20-14.10.40:493][  0]LogAudioMixer: Display: Initializing Sound Submixes...
[2023.03.20-14.10.40:498][  0]LogAudioMixer: Display: Creating Master Submix 'MasterSubmixDefault'
[2023.03.20-14.10.40:498][  0]LogAudioMixer: Display: Creating Master Submix 'MasterReverbSubmixDefault'
[2023.03.20-14.10.40:502][  0]LogAudioMixer: Display: Creating Master Submix 'MasterEQSubmixDefault'
[2023.03.20-14.10.40:504][  0]LogAudioMixer: FMixerPlatformXAudio2::StartAudioStream() called
[2023.03.20-14.10.40:504][  0]LogAudioMixer: Display: Output buffers initialized: Frames=1024, Channels=2, Samples=2048
[2023.03.20-14.10.40:505][  0]LogAudioMixer: Display: Starting AudioMixerPlatformInterface::RunInternal()
[2023.03.20-14.10.40:505][  0]LogAudioMixer: Display: FMixerPlatformXAudio2::SubmitBuffer() called for the first time
[2023.03.20-14.10.40:505][  0]LogInit: FAudioDevice initialized.
[2023.03.20-14.10.40:509][  0]LogAudio: Display: Audio Device (ID: 1) registered with world 'Untitled'.
[2023.03.20-14.10.40:511][  0]LogNetVersion: Set ProjectVersion to 1.0.0.0. Version Checksum will be recalculated on next use.
[2023.03.20-14.10.40:621][  0]LogDerivedDataCache: Saved boot cache 0.11s 95MB C:/Users/Laptop/AppData/Local/UnrealEngine/4.27/DerivedDataCache/Boot.ddc.
[2023.03.20-14.10.40:622][  0]LogInit: Texture streaming: Enabled
[2023.03.20-14.10.40:662][  0]LogAnalytics: Display: [UEEditor.Rocket.Release] APIServer = https://datarouter.ol.epicgames.com/. AppVersion = 4.27.2-18319896+++UE4+Release-4.27
[2023.03.20-14.10.40:674][  0]LogEngineSessionManager: EngineSessionManager initialized
[2023.03.20-14.10.40:674][  0]LogEditorSessionSummary: Verbose: Initializing EditorSessionSummaryWriter for editor session tracking
[2023.03.20-14.10.40:680][  0]LogEditorSessionSummary: EditorSessionSummaryWriter initialized
[2023.03.20-14.10.40:768][  0]LogInit: Transaction tracking system initialized
[2023.03.20-14.10.40:860][  0]BlueprintLog: New page: Editor Load
[2023.03.20-14.10.41:138][  0]LocalizationService: Localization service is disabled
[2023.03.20-14.10.41:247][  0]TimingProfiler: Initialize
[2023.03.20-14.10.41:251][  0]TimingProfiler: OnSessionChanged
[2023.03.20-14.10.41:252][  0]LoadingProfiler: Initialize
[2023.03.20-14.10.41:252][  0]LoadingProfiler: OnSessionChanged
[2023.03.20-14.10.41:252][  0]NetworkingProfiler: Initialize
[2023.03.20-14.10.41:253][  0]NetworkingProfiler: OnSessionChanged
[2023.03.20-14.10.41:253][  0]MemoryProfiler: Initialize
[2023.03.20-14.10.41:253][  0]MemoryProfiler: OnSessionChanged
[2023.03.20-14.10.41:696][  0]LogCook: Display: CookSettings for Memory: MemoryMaxUsedVirtual 0MiB, MemoryMaxUsedPhysical 16384MiB, MemoryMinFreeVirtual 0MiB, MemoryMinFreePhysical 1024MiB
[2023.03.20-14.10.41:696][  0]LogCook: Display: Mobile HDR setting 1
[2023.03.20-14.10.42:385][  0]LogFileCache: Scanning file cache for directory 'C:/Users/Laptop/Desktop/Project/-Journeyman-Twonic---Alpha-Team/Twonic/Content/' took 0.03s
[2023.03.20-14.10.42:749][  0]LogInit: Display: Engine is initialized. Leaving FEngineLoop::Init()
[2023.03.20-14.10.42:767][  0]SourceControl: Source control is disabled
[2023.03.20-14.10.42:768][  0]LogUnrealEdMisc: Loading editor; pre map load, took 34.583
[2023.03.20-14.10.42:772][  0]Cmd: MAP LOAD FILE="../../../../../../Users/Laptop/Desktop/Project/-Journeyman-Twonic---Alpha-Team/Twonic/Content/Roles/Designer/Clayton/Level/MP_EdusLevel1.umap" TEMPLATE=0 SHOWPROGRESS=1 FEATURELEVEL=3
[2023.03.20-14.10.42:775][  0]LightingResults: New page: Lighting Build
[2023.03.20-14.10.42:795][  0]LogWorld: UWorld::CleanupWorld for Untitled, bSessionEnded=true, bCleanupResources=true
[2023.03.20-14.10.42:802][  0]LogSlate: InvalidateAllWidgets triggered.  All widgets were invalidated
[2023.03.20-14.10.42:808][  0]MapCheck: New page: Map Check
[2023.03.20-14.10.42:808][  0]LightingResults: New page: Lighting Build
[2023.03.20-14.10.42:835][  0]LogAudio: Display: Audio Device unregistered from world 'None'.
[2023.03.20-14.10.42:863][  0]LogUObjectHash: Compacting FUObjectHashTables data took   1.93ms
[2023.03.20-14.10.46:123][  0]LogAudioDerivedData: Display: Building compressed audio format OGG hash OGG10000-1-1-1-1-1 wave You_were_almost_a_Jill_Sandwich__mp3...
[2023.03.20-14.10.46:125][  0]LogAudioDerivedData: Display: Compression Quality for SoundWave /Game/Roles/Designer/Clayton/You_were_almost_a_Jill_Sandwich__mp3.You_were_almost_a_Jill_Sandwich__mp3 will be modified from 40 to 40.
[2023.03.20-14.10.46:325][  0]LogAudioDerivedData: Display: Updated SoundWave->RawPCMDataSize from 0 to 1228800 while cooking SoundWave /Game/Roles/Designer/Clayton/You_were_almost_a_Jill_Sandwich__mp3.You_were_almost_a_Jill_Sandwich__mp3.
[2023.03.20-14.10.48:585][  0]LogAudio: Display: Audio Device (ID: 1) registered with world 'MP_EdusLevel1'.
[2023.03.20-14.10.48:588][  0]LogAIModule: Creating AISystem for world MP_EdusLevel1
[2023.03.20-14.10.49:547][  0]LogEditorServer: Finished looking for orphan Actors (0.000 secs)
[2023.03.20-14.10.49:950][  0]LogUObjectHash: Compacting FUObjectHashTables data took   3.25ms
[2023.03.20-14.10.49:955][  0]Cmd: MAP CHECKDEP NOCLEARLOG
[2023.03.20-14.10.49:956][  0]MapCheck: Map check complete: 0 Error(s), 0 Warning(s), took 1.654ms to complete.
[2023.03.20-14.10.49:956][  0]LogFileHelpers: Loading map 'MP_EdusLevel1' took 7.187
[2023.03.20-14.10.50:035][  0]LogUnrealEdMisc: Total Editor Startup Time, took 41.850
[2023.03.20-14.10.51:142][  0]LogSlate: Only BGRA pngs, bmps or icos are supported in by External Image Picker
[2023.03.20-14.10.51:444][  0]LogSlate: Updating window title bar state: overlay mode, drag disabled, window buttons hidden, title bar hidden
[2023.03.20-14.10.51:458][  0]LogSlate: Updating window title bar state: overlay mode, drag disabled, window buttons hidden, title bar hidden
[2023.03.20-14.10.51:470][  0]LogSlate: Updating window title bar state: overlay mode, drag disabled, window buttons hidden, title bar hidden
[2023.03.20-14.10.51:484][  0]LogSlate: Updating window title bar state: overlay mode, drag disabled, window buttons hidden, title bar hidden
[2023.03.20-14.10.51:557][  0]LogNativeClassHierarchy: Verbose: Native class hierarchy populated in 0.0192 seconds. Added 3822 classes and 928 folders.
[2023.03.20-14.10.51:576][  0]LogNativeClassHierarchy: Verbose: Native class hierarchy updated for 'WidgetCarousel' in 0.0005 seconds. Added 0 classes and 0 folders.
[2023.03.20-14.10.51:601][  0]LogPakFile: PakFile PrimaryIndexSize=187
[2023.03.20-14.10.51:601][  0]LogPakFile: PakFile PathHashIndexSize=101
[2023.03.20-14.10.51:601][  0]LogPakFile: PakFile FullDirectoryIndexSize=148
[2023.03.20-14.10.51:603][  0]LogShaderLibrary: Display: ShaderCodeLibraryPakFileMountedCallback: PakFile 'C:/Program Files/Epic Games/UE_4.27/FeaturePacks/FP_FirstPerson.upack' (chunk index -1, root 'root:/') mounted
[2023.03.20-14.10.51:603][  0]LogShaderLibrary: Display: ShaderCodeLibraryPakFileMountedCallback: pending pak file info (ChunkID:-1 Root:root:/ File:C:/Program Files/Epic Games/UE_4.27/FeaturePacks/FP_FirstPerson.upack)
[2023.03.20-14.10.51:603][  0]LogPakFile: OnPakFileMounted2Time == 0.002413
[2023.03.20-14.10.51:622][  0]LogPakFile: PakFile PrimaryIndexSize=189
[2023.03.20-14.10.51:622][  0]LogPakFile: PakFile PathHashIndexSize=101
[2023.03.20-14.10.51:622][  0]LogPakFile: PakFile FullDirectoryIndexSize=152
[2023.03.20-14.10.51:622][  0]LogShaderLibrary: Display: ShaderCodeLibraryPakFileMountedCallback: PakFile 'C:/Program Files/Epic Games/UE_4.27/FeaturePacks/FP_FirstPersonBP.upack' (chunk index -1, root 'root:/') mounted
[2023.03.20-14.10.51:622][  0]LogShaderLibrary: Display: ShaderCodeLibraryPakFileMountedCallback: pending pak file info (ChunkID:-1 Root:root:/ File:C:/Program Files/Epic Games/UE_4.27/FeaturePacks/FP_FirstPersonBP.upack)
[2023.03.20-14.10.51:622][  0]LogPakFile: OnPakFileMounted2Time == 0.000174
[2023.03.20-14.10.51:634][  0]LogPakFile: PakFile PrimaryIndexSize=191
[2023.03.20-14.10.51:634][  0]LogPakFile: PakFile PathHashIndexSize=101
[2023.03.20-14.10.51:634][  0]LogPakFile: PakFile FullDirectoryIndexSize=160
[2023.03.20-14.10.51:634][  0]LogShaderLibrary: Display: ShaderCodeLibraryPakFileMountedCallback: PakFile 'C:/Program Files/Epic Games/UE_4.27/FeaturePacks/MobileStarterContent.upack' (chunk index -1, root 'root:/') mounted
[2023.03.20-14.10.51:634][  0]LogShaderLibrary: Display: ShaderCodeLibraryPakFileMountedCallback: pending pak file info (ChunkID:-1 Root:root:/ File:C:/Program Files/Epic Games/UE_4.27/FeaturePacks/MobileStarterContent.upack)
[2023.03.20-14.10.51:634][  0]LogPakFile: OnPakFileMounted2Time == 0.000075
[2023.03.20-14.10.51:643][  0]LogPakFile: PakFile PrimaryIndexSize=185
[2023.03.20-14.10.51:644][  0]LogPakFile: PakFile PathHashIndexSize=101
[2023.03.20-14.10.51:644][  0]LogPakFile: PakFile FullDirectoryIndexSize=148
[2023.03.20-14.10.51:644][  0]LogShaderLibrary: Display: ShaderCodeLibraryPakFileMountedCallback: PakFile 'C:/Program Files/Epic Games/UE_4.27/FeaturePacks/StarterContent.upack' (chunk index -1, root 'root:/') mounted
[2023.03.20-14.10.51:644][  0]LogShaderLibrary: Display: ShaderCodeLibraryPakFileMountedCallback: pending pak file info (ChunkID:-1 Root:root:/ File:C:/Program Files/Epic Games/UE_4.27/FeaturePacks/StarterContent.upack)
[2023.03.20-14.10.51:644][  0]LogPakFile: OnPakFileMounted2Time == 0.000078
[2023.03.20-14.10.51:655][  0]LogPakFile: PakFile PrimaryIndexSize=190
[2023.03.20-14.10.51:655][  0]LogPakFile: PakFile PathHashIndexSize=101
[2023.03.20-14.10.51:655][  0]LogPakFile: PakFile FullDirectoryIndexSize=154
[2023.03.20-14.10.51:655][  0]LogShaderLibrary: Display: ShaderCodeLibraryPakFileMountedCallback: PakFile 'C:/Program Files/Epic Games/UE_4.27/FeaturePacks/TP_2DSideScroller.upack' (chunk index -1, root 'root:/') mounted
[2023.03.20-14.10.51:655][  0]LogShaderLibrary: Display: ShaderCodeLibraryPakFileMountedCallback: pending pak file info (ChunkID:-1 Root:root:/ File:C:/Program Files/Epic Games/UE_4.27/FeaturePacks/TP_2DSideScroller.upack)
[2023.03.20-14.10.51:655][  0]LogPakFile: OnPakFileMounted2Time == 0.000084
[2023.03.20-14.10.51:664][  0]LogPakFile: PakFile PrimaryIndexSize=192
[2023.03.20-14.10.51:664][  0]LogPakFile: PakFile PathHashIndexSize=101
[2023.03.20-14.10.51:664][  0]LogPakFile: PakFile FullDirectoryIndexSize=158
[2023.03.20-14.10.51:664][  0]LogShaderLibrary: Display: ShaderCodeLibraryPakFileMountedCallback: PakFile 'C:/Program Files/Epic Games/UE_4.27/FeaturePacks/TP_2DSideScrollerBP.upack' (chunk index -1, root 'root:/') mounted
[2023.03.20-14.10.51:664][  0]LogShaderLibrary: Display: ShaderCodeLibraryPakFileMountedCallback: pending pak file info (ChunkID:-1 Root:root:/ File:C:/Program Files/Epic Games/UE_4.27/FeaturePacks/TP_2DSideScrollerBP.upack)
[2023.03.20-14.10.51:664][  0]LogPakFile: OnPakFileMounted2Time == 0.000063
[2023.03.20-14.10.51:674][  0]LogPakFile: PakFile PrimaryIndexSize=182
[2023.03.20-14.10.51:674][  0]LogPakFile: PakFile PathHashIndexSize=101
[2023.03.20-14.10.51:674][  0]LogPakFile: PakFile FullDirectoryIndexSize=138
[2023.03.20-14.10.51:674][  0]LogShaderLibrary: Display: ShaderCodeLibraryPakFileMountedCallback: PakFile 'C:/Program Files/Epic Games/UE_4.27/FeaturePacks/TP_Flying.upack' (chunk index -1, root 'root:/') mounted
[2023.03.20-14.10.51:674][  0]LogShaderLibrary: Display: ShaderCodeLibraryPakFileMountedCallback: pending pak file info (ChunkID:-1 Root:root:/ File:C:/Program Files/Epic Games/UE_4.27/FeaturePacks/TP_Flying.upack)
[2023.03.20-14.10.51:674][  0]LogPakFile: OnPakFileMounted2Time == 0.000061
[2023.03.20-14.10.51:685][  0]LogPakFile: PakFile PrimaryIndexSize=184
[2023.03.20-14.10.51:685][  0]LogPakFile: PakFile PathHashIndexSize=101
[2023.03.20-14.10.51:685][  0]LogPakFile: PakFile FullDirectoryIndexSize=142
[2023.03.20-14.10.51:685][  0]LogShaderLibrary: Display: ShaderCodeLibraryPakFileMountedCallback: PakFile 'C:/Program Files/Epic Games/UE_4.27/FeaturePacks/TP_FlyingBP.upack' (chunk index -1, root 'root:/') mounted
[2023.03.20-14.10.51:686][  0]LogShaderLibrary: Display: ShaderCodeLibraryPakFileMountedCallback: pending pak file info (ChunkID:-1 Root:root:/ File:C:/Program Files/Epic Games/UE_4.27/FeaturePacks/TP_FlyingBP.upack)
[2023.03.20-14.10.51:686][  0]LogPakFile: OnPakFileMounted2Time == 0.000089
[2023.03.20-14.10.51:698][  0]LogPakFile: PakFile PrimaryIndexSize=188
[2023.03.20-14.10.51:698][  0]LogPakFile: PakFile PathHashIndexSize=101
[2023.03.20-14.10.51:698][  0]LogPakFile: PakFile FullDirectoryIndexSize=150
[2023.03.20-14.10.51:698][  0]LogShaderLibrary: Display: ShaderCodeLibraryPakFileMountedCallback: PakFile 'C:/Program Files/Epic Games/UE_4.27/FeaturePacks/TP_HandheldARBP.upack' (chunk index -1, root 'root:/') mounted
[2023.03.20-14.10.51:698][  0]LogShaderLibrary: Display: ShaderCodeLibraryPakFileMountedCallback: pending pak file info (ChunkID:-1 Root:root:/ File:C:/Program Files/Epic Games/UE_4.27/FeaturePacks/TP_HandheldARBP.upack)
[2023.03.20-14.10.51:698][  0]LogPakFile: OnPakFileMounted2Time == 0.000082
[2023.03.20-14.10.51:710][  0]LogPakFile: PakFile PrimaryIndexSize=182
[2023.03.20-14.10.51:710][  0]LogPakFile: PakFile PathHashIndexSize=101
[2023.03.20-14.10.51:710][  0]LogPakFile: PakFile FullDirectoryIndexSize=138
[2023.03.20-14.10.51:710][  0]LogShaderLibrary: Display: ShaderCodeLibraryPakFileMountedCallback: PakFile 'C:/Program Files/Epic Games/UE_4.27/FeaturePacks/TP_Puzzle.upack' (chunk index -1, root 'root:/') mounted
[2023.03.20-14.10.51:710][  0]LogShaderLibrary: Display: ShaderCodeLibraryPakFileMountedCallback: pending pak file info (ChunkID:-1 Root:root:/ File:C:/Program Files/Epic Games/UE_4.27/FeaturePacks/TP_Puzzle.upack)
[2023.03.20-14.10.51:710][  0]LogPakFile: OnPakFileMounted2Time == 0.000099
[2023.03.20-14.10.51:719][  0]LogPakFile: PakFile PrimaryIndexSize=184
[2023.03.20-14.10.51:719][  0]LogPakFile: PakFile PathHashIndexSize=101
[2023.03.20-14.10.51:719][  0]LogPakFile: PakFile FullDirectoryIndexSize=142
[2023.03.20-14.10.51:719][  0]LogShaderLibrary: Display: ShaderCodeLibraryPakFileMountedCallback: PakFile 'C:/Program Files/Epic Games/UE_4.27/FeaturePacks/TP_PuzzleBP.upack' (chunk index -1, root 'root:/') mounted
[2023.03.20-14.10.51:719][  0]LogShaderLibrary: Display: ShaderCodeLibraryPakFileMountedCallback: pending pak file info (ChunkID:-1 Root:root:/ File:C:/Program Files/Epic Games/UE_4.27/FeaturePacks/TP_PuzzleBP.upack)
[2023.03.20-14.10.51:719][  0]LogPakFile: OnPakFileMounted2Time == 0.000088
[2023.03.20-14.10.51:730][  0]LogPakFile: PakFile PrimaryIndexSize=183
[2023.03.20-14.10.51:730][  0]LogPakFile: PakFile PathHashIndexSize=101
[2023.03.20-14.10.51:730][  0]LogPakFile: PakFile FullDirectoryIndexSize=140
[2023.03.20-14.10.51:730][  0]LogShaderLibrary: Display: ShaderCodeLibraryPakFileMountedCallback: PakFile 'C:/Program Files/Epic Games/UE_4.27/FeaturePacks/TP_Rolling.upack' (chunk index -1, root 'root:/') mounted
[2023.03.20-14.10.51:730][  0]LogShaderLibrary: Display: ShaderCodeLibraryPakFileMountedCallback: pending pak file info (ChunkID:-1 Root:root:/ File:C:/Program Files/Epic Games/UE_4.27/FeaturePacks/TP_Rolling.upack)
[2023.03.20-14.10.51:730][  0]LogPakFile: OnPakFileMounted2Time == 0.000087
[2023.03.20-14.10.51:739][  0]LogPakFile: PakFile PrimaryIndexSize=185
[2023.03.20-14.10.51:741][  0]LogPakFile: PakFile PathHashIndexSize=101
[2023.03.20-14.10.51:741][  0]LogPakFile: PakFile FullDirectoryIndexSize=144
[2023.03.20-14.10.51:741][  0]LogShaderLibrary: Display: ShaderCodeLibraryPakFileMountedCallback: PakFile 'C:/Program Files/Epic Games/UE_4.27/FeaturePacks/TP_RollingBP.upack' (chunk index -1, root 'root:/') mounted
[2023.03.20-14.10.51:741][  0]LogShaderLibrary: Display: ShaderCodeLibraryPakFileMountedCallback: pending pak file info (ChunkID:-1 Root:root:/ File:C:/Program Files/Epic Games/UE_4.27/FeaturePacks/TP_RollingBP.upack)
[2023.03.20-14.10.51:741][  0]LogPakFile: OnPakFileMounted2Time == 0.000088
[2023.03.20-14.10.51:749][  0]LogPakFile: PakFile PrimaryIndexSize=188
[2023.03.20-14.10.51:749][  0]LogPakFile: PakFile PathHashIndexSize=101
[2023.03.20-14.10.51:749][  0]LogPakFile: PakFile FullDirectoryIndexSize=150
[2023.03.20-14.10.51:749][  0]LogShaderLibrary: Display: ShaderCodeLibraryPakFileMountedCallback: PakFile 'C:/Program Files/Epic Games/UE_4.27/FeaturePacks/TP_SideScroller.upack' (chunk index -1, root 'root:/') mounted
[2023.03.20-14.10.51:749][  0]LogShaderLibrary: Display: ShaderCodeLibraryPakFileMountedCallback: pending pak file info (ChunkID:-1 Root:root:/ File:C:/Program Files/Epic Games/UE_4.27/FeaturePacks/TP_SideScroller.upack)
[2023.03.20-14.10.51:749][  0]LogPakFile: OnPakFileMounted2Time == 0.000087
[2023.03.20-14.10.51:762][  0]LogPakFile: PakFile PrimaryIndexSize=190
[2023.03.20-14.10.51:762][  0]LogPakFile: PakFile PathHashIndexSize=101
[2023.03.20-14.10.51:762][  0]LogPakFile: PakFile FullDirectoryIndexSize=154
[2023.03.20-14.10.51:762][  0]LogShaderLibrary: Display: ShaderCodeLibraryPakFileMountedCallback: PakFile 'C:/Program Files/Epic Games/UE_4.27/FeaturePacks/TP_SideScrollerBP.upack' (chunk index -1, root 'root:/') mounted
[2023.03.20-14.10.51:762][  0]LogShaderLibrary: Display: ShaderCodeLibraryPakFileMountedCallback: pending pak file info (ChunkID:-1 Root:root:/ File:C:/Program Files/Epic Games/UE_4.27/FeaturePacks/TP_SideScrollerBP.upack)
[2023.03.20-14.10.51:762][  0]LogPakFile: OnPakFileMounted2Time == 0.000095
[2023.03.20-14.10.51:774][  0]LogPakFile: PakFile PrimaryIndexSize=187
[2023.03.20-14.10.51:774][  0]LogPakFile: PakFile PathHashIndexSize=101
[2023.03.20-14.10.51:774][  0]LogPakFile: PakFile FullDirectoryIndexSize=148
[2023.03.20-14.10.51:774][  0]LogShaderLibrary: Display: ShaderCodeLibraryPakFileMountedCallback: PakFile 'C:/Program Files/Epic Games/UE_4.27/FeaturePacks/TP_ThirdPerson.upack' (chunk index -1, root 'root:/') mounted
[2023.03.20-14.10.51:774][  0]LogShaderLibrary: Display: ShaderCodeLibraryPakFileMountedCallback: pending pak file info (ChunkID:-1 Root:root:/ File:C:/Program Files/Epic Games/UE_4.27/FeaturePacks/TP_ThirdPerson.upack)
[2023.03.20-14.10.51:774][  0]LogPakFile: OnPakFileMounted2Time == 0.000107
[2023.03.20-14.10.51:786][  0]LogPakFile: PakFile PrimaryIndexSize=189
[2023.03.20-14.10.51:786][  0]LogPakFile: PakFile PathHashIndexSize=101
[2023.03.20-14.10.51:786][  0]LogPakFile: PakFile FullDirectoryIndexSize=152
[2023.03.20-14.10.51:786][  0]LogShaderLibrary: Display: ShaderCodeLibraryPakFileMountedCallback: PakFile 'C:/Program Files/Epic Games/UE_4.27/FeaturePacks/TP_ThirdPersonBP.upack' (chunk index -1, root 'root:/') mounted
[2023.03.20-14.10.51:786][  0]LogShaderLibrary: Display: ShaderCodeLibraryPakFileMountedCallback: pending pak file info (ChunkID:-1 Root:root:/ File:C:/Program Files/Epic Games/UE_4.27/FeaturePacks/TP_ThirdPersonBP.upack)
[2023.03.20-14.10.51:786][  0]LogPakFile: OnPakFileMounted2Time == 0.000071
[2023.03.20-14.10.51:797][  0]LogPakFile: PakFile PrimaryIndexSize=183
[2023.03.20-14.10.51:797][  0]LogPakFile: PakFile PathHashIndexSize=101
[2023.03.20-14.10.51:797][  0]LogPakFile: PakFile FullDirectoryIndexSize=140
[2023.03.20-14.10.51:797][  0]LogShaderLibrary: Display: ShaderCodeLibraryPakFileMountedCallback: PakFile 'C:/Program Files/Epic Games/UE_4.27/FeaturePacks/TP_TopDown.upack' (chunk index -1, root 'root:/') mounted
[2023.03.20-14.10.51:797][  0]LogShaderLibrary: Display: ShaderCodeLibraryPakFileMountedCallback: pending pak file info (ChunkID:-1 Root:root:/ File:C:/Program Files/Epic Games/UE_4.27/FeaturePacks/TP_TopDown.upack)
[2023.03.20-14.10.51:797][  0]LogPakFile: OnPakFileMounted2Time == 0.000084
[2023.03.20-14.10.51:809][  0]LogPakFile: PakFile PrimaryIndexSize=185
[2023.03.20-14.10.51:809][  0]LogPakFile: PakFile PathHashIndexSize=101
[2023.03.20-14.10.51:809][  0]LogPakFile: PakFile FullDirectoryIndexSize=144
[2023.03.20-14.10.51:810][  0]LogShaderLibrary: Display: ShaderCodeLibraryPakFileMountedCallback: PakFile 'C:/Program Files/Epic Games/UE_4.27/FeaturePacks/TP_TopDownBP.upack' (chunk index -1, root 'root:/') mounted
[2023.03.20-14.10.51:810][  0]LogShaderLibrary: Display: ShaderCodeLibraryPakFileMountedCallback: pending pak file info (ChunkID:-1 Root:root:/ File:C:/Program Files/Epic Games/UE_4.27/FeaturePacks/TP_TopDownBP.upack)
[2023.03.20-14.10.51:810][  0]LogPakFile: OnPakFileMounted2Time == 0.000099
[2023.03.20-14.10.51:828][  0]LogPakFile: PakFile PrimaryIndexSize=185
[2023.03.20-14.10.51:828][  0]LogPakFile: PakFile PathHashIndexSize=101
[2023.03.20-14.10.51:828][  0]LogPakFile: PakFile FullDirectoryIndexSize=144
[2023.03.20-14.10.51:828][  0]LogShaderLibrary: Display: ShaderCodeLibraryPakFileMountedCallback: PakFile 'C:/Program Files/Epic Games/UE_4.27/FeaturePacks/TP_TwinStick.upack' (chunk index -1, root 'root:/') mounted
[2023.03.20-14.10.51:828][  0]LogShaderLibrary: Display: ShaderCodeLibraryPakFileMountedCallback: pending pak file info (ChunkID:-1 Root:root:/ File:C:/Program Files/Epic Games/UE_4.27/FeaturePacks/TP_TwinStick.upack)
[2023.03.20-14.10.51:828][  0]LogPakFile: OnPakFileMounted2Time == 0.000076
[2023.03.20-14.10.51:841][  0]LogPakFile: PakFile PrimaryIndexSize=187
[2023.03.20-14.10.51:841][  0]LogPakFile: PakFile PathHashIndexSize=101
[2023.03.20-14.10.51:841][  0]LogPakFile: PakFile FullDirectoryIndexSize=148
[2023.03.20-14.10.51:841][  0]LogShaderLibrary: Display: ShaderCodeLibraryPakFileMountedCallback: PakFile 'C:/Program Files/Epic Games/UE_4.27/FeaturePacks/TP_TwinStickBP.upack' (chunk index -1, root 'root:/') mounted
[2023.03.20-14.10.51:841][  0]LogShaderLibrary: Display: ShaderCodeLibraryPakFileMountedCallback: pending pak file info (ChunkID:-1 Root:root:/ File:C:/Program Files/Epic Games/UE_4.27/FeaturePacks/TP_TwinStickBP.upack)
[2023.03.20-14.10.51:841][  0]LogPakFile: OnPakFileMounted2Time == 0.000096
[2023.03.20-14.10.51:852][  0]LogPakFile: PakFile PrimaryIndexSize=183
[2023.03.20-14.10.51:852][  0]LogPakFile: PakFile PathHashIndexSize=101
[2023.03.20-14.10.51:852][  0]LogPakFile: PakFile FullDirectoryIndexSize=140
[2023.03.20-14.10.51:852][  0]LogShaderLibrary: Display: ShaderCodeLibraryPakFileMountedCallback: PakFile 'C:/Program Files/Epic Games/UE_4.27/FeaturePacks/TP_Vehicle.upack' (chunk index -1, root 'root:/') mounted
[2023.03.20-14.10.51:852][  0]LogShaderLibrary: Display: ShaderCodeLibraryPakFileMountedCallback: pending pak file info (ChunkID:-1 Root:root:/ File:C:/Program Files/Epic Games/UE_4.27/FeaturePacks/TP_Vehicle.upack)
[2023.03.20-14.10.51:852][  0]LogPakFile: OnPakFileMounted2Time == 0.000093
[2023.03.20-14.10.51:863][  0]LogPakFile: PakFile PrimaryIndexSize=186
[2023.03.20-14.10.51:863][  0]LogPakFile: PakFile PathHashIndexSize=101
[2023.03.20-14.10.51:863][  0]LogPakFile: PakFile FullDirectoryIndexSize=146
[2023.03.20-14.10.51:863][  0]LogShaderLibrary: Display: ShaderCodeLibraryPakFileMountedCallback: PakFile 'C:/Program Files/Epic Games/UE_4.27/FeaturePacks/TP_VehicleAdv.upack' (chunk index -1, root 'root:/') mounted
[2023.03.20-14.10.51:863][  0]LogShaderLibrary: Display: ShaderCodeLibraryPakFileMountedCallback: pending pak file info (ChunkID:-1 Root:root:/ File:C:/Program Files/Epic Games/UE_4.27/FeaturePacks/TP_VehicleAdv.upack)
[2023.03.20-14.10.51:863][  0]LogPakFile: OnPakFileMounted2Time == 0.000075
[2023.03.20-14.10.51:873][  0]LogPakFile: PakFile PrimaryIndexSize=188
[2023.03.20-14.10.51:873][  0]LogPakFile: PakFile PathHashIndexSize=101
[2023.03.20-14.10.51:873][  0]LogPakFile: PakFile FullDirectoryIndexSize=150
[2023.03.20-14.10.51:873][  0]LogShaderLibrary: Display: ShaderCodeLibraryPakFileMountedCallback: PakFile 'C:/Program Files/Epic Games/UE_4.27/FeaturePacks/TP_VehicleAdvBP.upack' (chunk index -1, root 'root:/') mounted
[2023.03.20-14.10.51:873][  0]LogShaderLibrary: Display: ShaderCodeLibraryPakFileMountedCallback: pending pak file info (ChunkID:-1 Root:root:/ File:C:/Program Files/Epic Games/UE_4.27/FeaturePacks/TP_VehicleAdvBP.upack)
[2023.03.20-14.10.51:873][  0]LogPakFile: OnPakFileMounted2Time == 0.000108
[2023.03.20-14.10.51:886][  0]LogPakFile: PakFile PrimaryIndexSize=185
[2023.03.20-14.10.51:886][  0]LogPakFile: PakFile PathHashIndexSize=101
[2023.03.20-14.10.51:886][  0]LogPakFile: PakFile FullDirectoryIndexSize=144
[2023.03.20-14.10.51:886][  0]LogShaderLibrary: Display: ShaderCodeLibraryPakFileMountedCallback: PakFile 'C:/Program Files/Epic Games/UE_4.27/FeaturePacks/TP_VehicleBP.upack' (chunk index -1, root 'root:/') mounted
[2023.03.20-14.10.51:886][  0]LogShaderLibrary: Display: ShaderCodeLibraryPakFileMountedCallback: pending pak file info (ChunkID:-1 Root:root:/ File:C:/Program Files/Epic Games/UE_4.27/FeaturePacks/TP_VehicleBP.upack)
[2023.03.20-14.10.51:886][  0]LogPakFile: OnPakFileMounted2Time == 0.000078
[2023.03.20-14.10.51:898][  0]LogPakFile: PakFile PrimaryIndexSize=192
[2023.03.20-14.10.51:899][  0]LogPakFile: PakFile PathHashIndexSize=101
[2023.03.20-14.10.51:899][  0]LogPakFile: PakFile FullDirectoryIndexSize=158
[2023.03.20-14.10.51:899][  0]LogShaderLibrary: Display: ShaderCodeLibraryPakFileMountedCallback: PakFile 'C:/Program Files/Epic Games/UE_4.27/FeaturePacks/TP_VirtualRealityBP.upack' (chunk index -1, root 'root:/') mounted
[2023.03.20-14.10.51:899][  0]LogShaderLibrary: Display: ShaderCodeLibraryPakFileMountedCallback: pending pak file info (ChunkID:-1 Root:root:/ File:C:/Program Files/Epic Games/UE_4.27/FeaturePacks/TP_VirtualRealityBP.upack)
[2023.03.20-14.10.51:899][  0]LogPakFile: OnPakFileMounted2Time == 0.000075
[2023.03.20-14.10.52:428][  0]LogNativeClassHierarchy: Verbose: Native class hierarchy updated for 'AddContentDialog' in 0.0006 seconds. Added 0 classes and 0 folders.
[2023.03.20-14.10.52:438][  0]LogNativeClassHierarchy: Verbose: Native class hierarchy updated for 'SceneOutliner' in 0.0005 seconds. Added 2 classes and 0 folders.
[2023.03.20-14.10.52:569][  0]LogSlate: Took 0.010664 seconds to synchronously load lazily loaded font '../../../Engine/Content/Slate/Fonts/Roboto-Regular.ttf' (155K)
[2023.03.20-14.10.52:585][  0]LogSlate: Took 0.009744 seconds to synchronously load lazily loaded font '../../../Engine/Content/Editor/Slate/Fonts/FontAwesome.ttf' (139K)
[2023.03.20-14.10.52:596][  0]LogSlate: Took 0.007853 seconds to synchronously load lazily loaded font '../../../Engine/Content/Slate/Fonts/Roboto-Bold.ttf' (160K)
[2023.03.20-14.10.52:988][  0]LogRenderer: Reallocating scene render targets to support 764x244 Format 10 NumSamples 1 (Frame:1).
[2023.03.20-14.10.53:567][  0]LogNativeClassHierarchy: Verbose: Native class hierarchy updated for 'HierarchicalLODOutliner' in 0.0006 seconds. Added 0 classes and 0 folders.
[2023.03.20-14.10.53:569][  0]LogLoad: (Engine Initialization) Total time: 45.38 seconds
[2023.03.20-14.10.53:569][  0]LogLoad: (Engine Initialization) Total Blueprint compile time: 0.00 seconds
[2023.03.20-14.10.53:731][  0]LogContentStreaming: Texture pool size now 1000 MB
[2023.03.20-14.10.54:013][  2]LogSlate: Took 0.013302 seconds to synchronously load lazily loaded font '../../../Engine/Content/Slate/Fonts/Roboto-Light.ttf' (167K)
[2023.03.20-14.10.54:074][  3]LogAssetRegistry: Asset discovery search completed in 24.4526 seconds
[2023.03.20-14.10.54:103][  3]LogCollectionManager: Fixed up redirectors for 0 collections in 0.000463 seconds (updated 0 objects)
[2023.03.20-14.10.54:729][  6]LogRenderer: Reallocating scene render targets to support 764x256 Format 10 NumSamples 1 (Frame:1).
[2023.03.20-14.11.04:232][265]LogUObjectHash: Compacting FUObjectHashTables data took   3.14ms
[2023.03.20-14.11.04:292][265]LogSlate: Took 0.000254 seconds to synchronously load lazily loaded font '../../../Engine/Content/Slate/Fonts/Roboto-Light.ttf' (167K)
[2023.03.20-14.11.04:714][265]LogBlueprint: Warning: [AssetLog] C:\Users\Laptop\Desktop\Project\-Journeyman-Twonic---Alpha-Team\Twonic\Content\Roles\Designer\Mel\Blueprints\Level_Mechanics\BP_Wishing_Well.uasset: [Compiler] InputAction Event references unknown Action 'Interact/Prayer' for  InputAction Interact/Prayer
[2023.03.20-14.11.04:756][265]LogBlueprint: Warning: [AssetLog] C:\Users\Laptop\Desktop\Project\-Journeyman-Twonic---Alpha-Team\Twonic\Content\Roles\Designer\Mel\Blueprints\Test_BPs\BP_Card_Widget_Test.uasset: [Compiler] InputAction Event references unknown Action 'Interact/Prayer' for  InputAction Interact/Prayer
[2023.03.20-14.11.05:431][265]LogAssetEditorSubsystem: Opening Asset editor for World /Game/Roles/Designer/Mel/Maps/Level_Mechanics_Test_Map.Level_Mechanics_Test_Map
[2023.03.20-14.11.05:432][265]LightingResults: New page: Lighting Build
[2023.03.20-14.11.05:432][265]LoadErrors: New page: Loading map: Level_Mechanics_Test_Map.umap
[2023.03.20-14.11.05:478][265]LogWorld: UWorld::CleanupWorld for MP_EdusLevel1, bSessionEnded=true, bCleanupResources=true
[2023.03.20-14.11.05:480][265]LogSlate: InvalidateAllWidgets triggered.  All widgets were invalidated
[2023.03.20-14.11.05:482][265]MapCheck: New page: Map Check
[2023.03.20-14.11.05:482][265]LightingResults: New page: Lighting Build
[2023.03.20-14.11.05:497][265]LogAudio: Display: Audio Device unregistered from world 'None'.
[2023.03.20-14.11.05:584][265]LogUObjectHash: Compacting FUObjectHashTables data took   2.75ms
[2023.03.20-14.11.05:593][265]LogAudio: Display: Audio Device (ID: 1) registered with world 'Level_Mechanics_Test_Map'.
[2023.03.20-14.11.05:675][265]LogEditorServer: Finished looking for orphan Actors (0.000 secs)
[2023.03.20-14.11.05:675][265]LogAIModule: Creating AISystem for world Level_Mechanics_Test_Map
[2023.03.20-14.11.05:696][265]LogUObjectHash: Compacting FUObjectHashTables data took   1.85ms
[2023.03.20-14.11.05:718][265]Cmd: MAP CHECKDEP NOCLEARLOG
[2023.03.20-14.11.05:718][265]MapCheck: Map check complete: 0 Error(s), 0 Warning(s), took 0.29ms to complete.
[2023.03.20-14.11.05:718][265]LogFileHelpers: Loading map 'Level_Mechanics_Test_Map' took 0.286
[2023.03.20-14.11.07:702][353]LogRenderer: Reallocating scene render targets to support 764x264 Format 10 NumSamples 1 (Frame:76).
[2023.03.20-14.11.07:884][354]LogRenderer: Reallocating scene render targets to support 764x272 Format 10 NumSamples 1 (Frame:78).
[2023.03.20-14.11.07:939][355]LogRenderer: Reallocating scene render targets to support 764x308 Format 10 NumSamples 1 (Frame:80).
[2023.03.20-14.11.07:994][356]LogRenderer: Reallocating scene render targets to support 764x316 Format 10 NumSamples 1 (Frame:82).
[2023.03.20-14.11.08:048][357]LogRenderer: Reallocating scene render targets to support 764x340 Format 10 NumSamples 1 (Frame:84).
[2023.03.20-14.11.08:100][358]LogRenderer: Reallocating scene render targets to support 764x352 Format 10 NumSamples 1 (Frame:86).
[2023.03.20-14.11.08:154][359]LogRenderer: Reallocating scene render targets to support 764x360 Format 10 NumSamples 1 (Frame:88).
[2023.03.20-14.11.08:250][361]LogRenderer: Reallocating scene render targets to support 764x364 Format 10 NumSamples 1 (Frame:92).
[2023.03.20-14.11.08:344][363]LogRenderer: Reallocating scene render targets to support 764x372 Format 10 NumSamples 1 (Frame:96).
[2023.03.20-14.11.08:391][364]LogRenderer: Reallocating scene render targets to support 764x376 Format 10 NumSamples 1 (Frame:98).
[2023.03.20-14.11.26:959][520]LogRenderer: Reallocating scene render targets to support 768x376 Format 10 NumSamples 1 (Frame:1228).
[2023.03.20-14.11.27:013][521]LogRenderer: Reallocating scene render targets to support 788x376 Format 10 NumSamples 1 (Frame:1230).
[2023.03.20-14.11.27:092][522]LogRenderer: Reallocating scene render targets to support 828x376 Format 10 NumSamples 1 (Frame:1232).
[2023.03.20-14.11.27:187][523]LogRenderer: Reallocating scene render targets to support 876x376 Format 10 NumSamples 1 (Frame:1234).
[2023.03.20-14.11.27:276][524]LogRenderer: Reallocating scene render targets to support 892x376 Format 10 NumSamples 1 (Frame:1236).
[2023.03.20-14.11.27:368][525]LogRenderer: Reallocating scene render targets to support 900x376 Format 10 NumSamples 1 (Frame:1238).
[2023.03.20-14.11.51:045][915]LogAssetEditorSubsystem: Opening Asset editor for Blueprint /Game/Roles/Programmer/David_Programming/LadderBp/ProLadder.ProLadder
[2023.03.20-14.11.51:463][915]LogNativeClassHierarchy: Verbose: Native class hierarchy updated for 'BlueprintGraph' in 0.0011 seconds. Added 126 classes and 0 folders.
[2023.03.20-14.11.53:677][915]LogSlate: Took 0.008672 seconds to synchronously load lazily loaded font '../../../Engine/Content/Slate/Fonts/Roboto-BoldCondensed.ttf' (158K)
[2023.03.20-14.11.53:923][916]LogSlate: Took 0.008547 seconds to synchronously load lazily loaded font '../../../Engine/Content/Slate/Fonts/Roboto-Italic.ttf' (157K)
[2023.03.20-14.12.29:609][395]LogD3D11RHI: Timed out while waiting for GPU to catch up. (0.5 s) (ErrorCode 00000001) (00000000)
[2023.03.20-14.12.30:111][395]LogD3D11RHI: Timed out while waiting for GPU to catch up. (0.5 s) (ErrorCode 00000001) (00000000)
[2023.03.20-14.12.30:610][395]LogD3D11RHI: Timed out while waiting for GPU to catch up. (0.5 s) (ErrorCode 00000001) (00000000)
[2023.03.20-14.12.31:110][395]LogD3D11RHI: Timed out while waiting for GPU to catch up. (0.5 s) (ErrorCode 00000001) (00000000)
[2023.03.20-14.12.31:610][395]LogD3D11RHI: Timed out while waiting for GPU to catch up. (0.5 s) (ErrorCode 00000001) (00000000)
[2023.03.20-14.12.32:110][395]LogD3D11RHI: Timed out while waiting for GPU to catch up. (0.5 s) (ErrorCode 00000001) (00000000)
[2023.03.20-14.12.32:610][395]LogD3D11RHI: Timed out while waiting for GPU to catch up. (0.5 s) (ErrorCode 00000001) (00000000)
[2023.03.20-14.12.33:110][395]LogD3D11RHI: Timed out while waiting for GPU to catch up. (0.5 s) (ErrorCode 00000001) (00000000)
[2023.03.20-14.12.33:610][395]LogD3D11RHI: Timed out while waiting for GPU to catch up. (0.5 s) (ErrorCode 00000001) (00000000)
[2023.03.20-14.12.34:111][395]LogD3D11RHI: Timed out while waiting for GPU to catch up. (0.5 s) (ErrorCode 00000001) (00000000)
[2023.03.20-14.12.40:034][395]LogD3D11RHI: Timed out while waiting for GPU to catch up. (0.5 s) (ErrorCode 00000001) (887a0007)
[2023.03.20-14.12.40:038][395]LogD3D11RHI: Error: Result failed 
 at D:/Build/++UE4/Sync/Engine/Source/Runtime/Windows/D3D11RHI/Private/D3D11Query.cpp:360 
 with error DXGI_ERROR_DEVICE_REMOVED DXGI_ERROR_DEVICE_RESET
[2023.03.20-14.12.40:040][395]LogD3D11RHI: [Aftermath] GDynamicRHI=0000022F98BEBD80, GDX11NVAfterMathEnabled=0, Result=0xFFFFFFFF, bDeviceActive=0
[2023.03.20-14.12.40:056][395]LogWindows: Windows GetLastError: The operation completed successfully. (0)
[2023.03.20-14.12.44:912][395]LogWindows: FPlatformMisc::RequestExit(0)
[2023.03.20-14.12.44:913][395]LogWindows: FPlatformMisc::RequestExitWithStatus(0, 0)
[2023.03.20-14.12.44:913][395]LogCore: Engine exit requested (reason: Win RequestExit)
[2023.03.20-14.12.44:913][395]LogWindows: FPlatformMisc::RequestExit(1)
[2023.03.20-14.12.44:913][395]LogWindows: FPlatformMisc::RequestExitWithStatus(1, 3)
[2023.03.20-14.12.44:913][395]LogCore: Engine exit requested (reason: Win RequestExit; note: exit was already requested)
[2023.03.20-14.12.44:916][395]Log file closed, 03/20/23 14:12:44
