Log file open, 03/02/23 15:34:50
LogWindows: Failed to load 'aqProf.dll' (GetLastError=126)
LogWindows: File 'aqProf.dll' does not exist
LogWindows: Failed to load 'VtuneApi.dll' (GetLastError=126)
LogWindows: File 'VtuneApi.dll' does not exist
LogWindows: Failed to load 'VtuneApi32e.dll' (GetLastError=126)
LogWindows: File 'VtuneApi32e.dll' does not exist
LogConsoleResponse: Display: Failed to find resolution value strings in scalability ini. Falling back to default.
LogConsoleResponse: Display: Failed to find resolution value strings in scalability ini. Falling back to default.
LogInit: Display: Running engine for game: Twonic
LogPlatformFile: Not using cached read wrapper
LogTaskGraph: Started task graph with 5 named threads and 20 total threads with 3 sets of task threads.
LogStats: Stats thread started at 0.470149
LogICUInternationalization: ICU TimeZone Detection - Raw Offset: +0:00, Platform Override: ''
LogInit: Display: Loading text-based GConfig....
LogPluginManager: Mounting plugin MeshPainting
LogPluginManager: Mounting plugin XGEController
LogPluginManager: Mounting plugin Paper2D
LogPluginManager: Mounting plugin AISupport
LogPluginManager: Mounting plugin EnvironmentQueryEditor
LogPluginManager: Mounting plugin LiveLink
LogPluginManager: Mounting plugin LightPropagationVolume
LogPluginManager: Mounting plugin CameraShakePreviewer
LogPluginManager: Mounting plugin GameplayCameras
LogPluginManager: Mounting plugin OodleData
LogPluginManager: Mounting plugin OodleNetwork
LogPluginManager: Mounting plugin AnimationSharing
LogPluginManager: Mounting plugin CodeLiteSourceCodeAccess
LogPluginManager: Mounting plugin KDevelopSourceCodeAccess
LogPluginManager: Mounting plugin GitSourceControl
LogPluginManager: Mounting plugin NullSourceCodeAccess
LogPluginManager: Mounting plugin PixWinPlugin
LogPluginManager: Mounting plugin PlasticSourceControl
LogPluginManager: Mounting plugin PerforceSourceControl
LogPluginManager: Mounting plugin PluginUtils
LogPluginManager: Mounting plugin PropertyAccessNode
LogPluginManager: Mounting plugin RiderSourceCodeAccess
LogPluginManager: Mounting plugin TextureFormatOodle
LogPluginManager: Mounting plugin SubversionSourceControl
LogPluginManager: Mounting plugin VisualStudioCodeSourceCodeAccess
LogPluginManager: Mounting plugin VisualStudioSourceCodeAccess
LogPluginManager: Mounting plugin UObjectPlugin
LogPluginManager: Mounting plugin AssetManagerEditor
LogPluginManager: Mounting plugin XCodeSourceCodeAccess
LogPluginManager: Mounting plugin CryptoKeys
LogPluginManager: Mounting plugin CurveEditorTools
LogPluginManager: Mounting plugin DataValidation
LogPluginManager: Mounting plugin FacialAnimation
LogPluginManager: Mounting plugin GameplayTagsEditor
LogPluginManager: Mounting plugin GeometryMode
LogPluginManager: Mounting plugin MacGraphicsSwitching
LogPluginManager: Mounting plugin MaterialAnalyzer
LogPluginManager: Mounting plugin MobileLauncherProfileWizard
LogPluginManager: Mounting plugin PluginBrowser
LogPluginManager: Mounting plugin SpeedTreeImporter
LogPluginManager: Mounting plugin DatasmithContent
LogPluginManager: Mounting plugin VariantManagerContent
LogPluginManager: Mounting plugin Niagara
LogPluginManager: Mounting plugin AlembicImporter
LogPluginManager: Mounting plugin AutomationUtils
LogPluginManager: Mounting plugin BackChannel
LogPluginManager: Mounting plugin ChaosCloth
LogPluginManager: Mounting plugin ChaosClothEditor
LogPluginManager: Mounting plugin ChaosNiagara
LogPluginManager: Mounting plugin ChaosEditor
LogPluginManager: Mounting plugin ChaosSolverPlugin
LogPluginManager: Mounting plugin CharacterAI
LogPluginManager: Mounting plugin GeometryCache
LogPluginManager: Mounting plugin GeometryCollectionPlugin
LogPluginManager: Mounting plugin GeometryProcessing
LogPluginManager: Mounting plugin MotoSynth
LogPluginManager: Mounting plugin OpenImageDenoise
LogPluginManager: Mounting plugin PlanarCut
LogPluginManager: Mounting plugin PlatformCrypto
LogPluginManager: Mounting plugin ProxyLODPlugin
LogPluginManager: Mounting plugin PythonScriptPlugin
LogPluginManager: Mounting plugin SkeletalReduction
LogPluginManager: Mounting plugin LuminPlatformFeatures
LogPluginManager: Mounting plugin MagicLeap
LogPluginManager: Mounting plugin MagicLeapLightEstimation
LogPluginManager: Mounting plugin MagicLeapMedia
LogPluginManager: Mounting plugin MagicLeapPassableWorld
LogPluginManager: Mounting plugin MLSDK
LogPluginManager: Mounting plugin AndroidMedia
LogPluginManager: Mounting plugin AvfMedia
LogPluginManager: Mounting plugin ImgMedia
LogPluginManager: Mounting plugin MediaCompositing
LogPluginManager: Mounting plugin MediaPlayerEditor
LogPluginManager: Mounting plugin WebMMedia
LogPluginManager: Mounting plugin WmfMedia
LogPluginManager: Mounting plugin TcpMessaging
LogPluginManager: Mounting plugin UdpMessaging
LogPluginManager: Mounting plugin ActorSequence
LogPluginManager: Mounting plugin LevelSequenceEditor
LogPluginManager: Mounting plugin MatineeToLevelSequence
LogPluginManager: Mounting plugin TemplateSequence
LogPluginManager: Mounting plugin OnlineSubsystem
LogPluginManager: Mounting plugin OnlineSubsystemNull
LogPluginManager: Mounting plugin OnlineSubsystemUtils
LogPluginManager: Mounting plugin LauncherChunkInstaller
LogPluginManager: Mounting plugin ActorLayerUtilities
LogPluginManager: Mounting plugin AndroidDeviceProfileSelector
LogPluginManager: Mounting plugin AndroidMoviePlayer
LogPluginManager: Mounting plugin AndroidPermission
LogPluginManager: Mounting plugin AppleImageUtils
LogPluginManager: Mounting plugin AppleMoviePlayer
LogPluginManager: Mounting plugin ArchVisCharacter
LogPluginManager: Mounting plugin AudioCapture
LogPluginManager: Mounting plugin AssetTags
LogPluginManager: Mounting plugin AudioSynesthesia
LogPluginManager: Mounting plugin CableComponent
LogPluginManager: Mounting plugin ChunkDownloader
LogPluginManager: Mounting plugin CustomMeshComponent
LogPluginManager: Mounting plugin EditableMesh
LogPluginManager: Mounting plugin ExampleDeviceProfileSelector
LogPluginManager: Mounting plugin GoogleCloudMessaging
LogPluginManager: Mounting plugin GooglePAD
LogPluginManager: Mounting plugin IOSDeviceProfileSelector
LogPluginManager: Mounting plugin LinuxDeviceProfileSelector
LogPluginManager: Mounting plugin LocationServicesBPLibrary
LogPluginManager: Mounting plugin MobilePatchingUtils
LogPluginManager: Mounting plugin OpenXR
LogPluginManager: Mounting plugin OpenXREyeTracker
LogPluginManager: Mounting plugin OpenXRHandTracking
LogPluginManager: Mounting plugin PhysXVehicles
LogPluginManager: Mounting plugin PostSplashScreen
LogPluginManager: Mounting plugin PropertyAccessEditor
LogPluginManager: Mounting plugin RuntimePhysXCooking
LogPluginManager: Mounting plugin SignificanceManager
LogPluginManager: Mounting plugin SoundFields
LogPluginManager: Mounting plugin ProceduralMeshComponent
LogPluginManager: Mounting plugin Synthesis
LogPluginManager: Mounting plugin WebMMoviePlayer
LogPluginManager: Mounting plugin WindowsMoviePlayer
LogPluginManager: Mounting plugin ScreenshotTools
LogPluginManager: Mounting plugin Takes
LogPluginManager: Mounting plugin CLionSourceCodeAccess
LogPluginManager: Mounting plugin ContentBrowserAssetDataSource
LogPluginManager: Mounting plugin ContentBrowserFileDataSource
LogPluginManager: Mounting plugin ContentBrowserClassDataSource
LogPluginManager: Mounting plugin OnlineSubsystemGooglePlay
LogPluginManager: Mounting plugin OnlineSubsystemIOS
LogPluginManager: Mounting plugin OculusVR
LogPluginManager: Mounting plugin SteamVR
PixWinPlugin: PIX capture plugin failed to initialize! Check that the process is launched from PIX.
LogInit: Using libcurl 7.55.1-DEV
LogInit:  - built for x86_64-pc-win32
LogInit:  - supports SSL with OpenSSL/1.1.1
LogInit:  - supports HTTP deflate (compression) using libz 1.2.8
LogInit:  - other features:
LogInit:      CURL_VERSION_SSL
LogInit:      CURL_VERSION_LIBZ
LogInit:      CURL_VERSION_IPV6
LogInit:      CURL_VERSION_ASYNCHDNS
LogInit:      CURL_VERSION_LARGEFILE
LogInit:      CURL_VERSION_IDN
LogInit:  CurlRequestOptions (configurable via config and command line):
LogInit:  - bVerifyPeer = true  - Libcurl will verify peer certificate
LogInit:  - bUseHttpProxy = false  - Libcurl will NOT use HTTP proxy
LogInit:  - bDontReuseConnections = false  - Libcurl will reuse connections
LogInit:  - MaxHostConnections = 16  - Libcurl will limit the number of connections to a host
LogInit:  - LocalHostAddr = Default
LogInit:  - BufferSize = 65536
LogOnline: OSS: Creating online subsystem instance for: NULL
LogInit: WinSock: version 1.1 (2.2), MaxSocks=32767, MaxUdp=65467
LogOnline: OSS: TryLoadSubsystemAndSetDefault: Loaded subsystem for module [NULL]
LogOculusPluginWrapper: OculusPlugin initialized successfully
LogHMD: Failed initializing OVRPlugin 1.59.0
LogInit: Build: ++UE4+Release-4.27-CL-18319896
LogInit: Engine Version: 4.27.2-18319896+++UE4+Release-4.27
LogInit: Compatible Engine Version: 4.27.0-17155196+++UE4+Release-4.27
LogInit: Net CL: 17155196
LogInit: OS: Windows 10 (Release 2009) (), CPU: Intel(R) Xeon(R) CPU E5-1650 v3 @ 3.50GHz, GPU: NVIDIA GeForce GTX 980 Ti
LogInit: Compiled (64-bit): Nov 30 2021 07:12:08
LogInit: Compiled with Visual C++: 19.24.28315.00
LogInit: Build Configuration: Development
LogInit: Branch Name: ++UE4+Release-4.27
LogInit: Command Line: 
LogInit: Base Directory: C:/Program Files/Epic Games/UE_4.27/Engine/Binaries/Win64/
LogInit: Allocator: TBB
LogInit: Installed Engine Build: 1
LogDevObjectVersion: Number of dev versions registered: 29
LogDevObjectVersion:   Dev-Blueprints (B0D832E4-1F89-4F0D-ACCF-7EB736FD4AA2): 10
LogDevObjectVersion:   Dev-Build (E1C64328-A22C-4D53-A36C-8E866417BD8C): 0
LogDevObjectVersion:   Dev-Core (375EC13C-06E4-48FB-B500-84F0262A717E): 4
LogDevObjectVersion:   Dev-Editor (E4B068ED-F494-42E9-A231-DA0B2E46BB41): 40
LogDevObjectVersion:   Dev-Framework (CFFC743F-43B0-4480-9391-14DF171D2073): 37
LogDevObjectVersion:   Dev-Mobile (B02B49B5-BB20-44E9-A304-32B752E40360): 3
LogDevObjectVersion:   Dev-Networking (A4E4105C-59A1-49B5-A7C5-40C4547EDFEE): 0
LogDevObjectVersion:   Dev-Online (39C831C9-5AE6-47DC-9A44-9C173E1C8E7C): 0
LogDevObjectVersion:   Dev-Physics (78F01B33-EBEA-4F98-B9B4-84EACCB95AA2): 14
LogDevObjectVersion:   Dev-Platform (6631380F-2D4D-43E0-8009-CF276956A95A): 0
LogDevObjectVersion:   Dev-Rendering (12F88B9F-8875-4AFC-A67C-D90C383ABD29): 45
LogDevObjectVersion:   Dev-Sequencer (7B5AE74C-D270-4C10-A958-57980B212A5A): 13
LogDevObjectVersion:   Dev-VR (D7296918-1DD6-4BDD-9DE2-64A83CC13884): 3
LogDevObjectVersion:   Dev-LoadTimes (C2A15278-BFE7-4AFE-6C17-90FF531DF755): 1
LogDevObjectVersion:   Private-Geometry (6EACA3D4-40EC-4CC1-B786-8BED09428FC5): 3
LogDevObjectVersion:   Dev-AnimPhys (29E575DD-E0A3-4627-9D10-D276232CDCEA): 17
LogDevObjectVersion:   Dev-Anim (AF43A65D-7FD3-4947-9873-3E8ED9C1BB05): 15
LogDevObjectVersion:   Dev-ReflectionCapture (6B266CEC-1EC7-4B8F-A30B-E4D90942FC07): 1
LogDevObjectVersion:   Dev-Automation (0DF73D61-A23F-47EA-B727-89E90C41499A): 1
LogDevObjectVersion:   FortniteMain (601D1886-AC64-4F84-AA16-D3DE0DEAC7D6): 47
LogDevObjectVersion:   FortniteRelease (E7086368-6B23-4C58-8439-1B7016265E91): 1
LogDevObjectVersion:   Dev-Enterprise (9DFFBCD6-494F-0158-E221-12823C92A888): 10
LogDevObjectVersion:   Dev-Niagara (F2AED0AC-9AFE-416F-8664-AA7FFA26D6FC): 1
LogDevObjectVersion:   Dev-Destruction (174F1F0B-B4C6-45A5-B13F-2EE8D0FB917D): 10
LogDevObjectVersion:   Dev-Physics-Ext (35F94A83-E258-406C-A318-09F59610247C): 41
LogDevObjectVersion:   Dev-PhysicsMaterial-Chaos (B68FC16E-8B1B-42E2-B453-215C058844FE): 1
LogDevObjectVersion:   Dev-CineCamera (B2E18506-4273-CFC2-A54E-F4BB758BBA07): 1
LogDevObjectVersion:   Dev-VirtualProduction (64F58936-FD1B-42BA-BA96-7289D5D0FA4E): 1
LogDevObjectVersion:   Dev-MediaFramework (6F0ED827-A609-4895-9C91-998D90180EA4): 2
LogInit: Presizing for max 25165824 objects, including 0 objects not considered by GC, pre-allocating 0 bytes for permanent pool.
LogConfig: Applying CVar settings from Section [/Script/Engine.StreamingSettings] File [C:/Users/v8052459/OneDrive/New folder/-Journeyman-Twonic---Alpha-Team/Twonic/Saved/Config/Windows/Engine.ini]
LogConfig: Setting CVar [[s.MinBulkDataSizeForAsyncLoading:131072]]
LogConfig: Setting CVar [[s.AsyncLoadingThreadEnabled:0]]
LogConfig: Setting CVar [[s.EventDrivenLoaderEnabled:1]]
LogConfig: Setting CVar [[s.WarnIfTimeLimitExceeded:0]]
LogConfig: Setting CVar [[s.TimeLimitExceededMultiplier:1.5]]
LogConfig: Setting CVar [[s.TimeLimitExceededMinTime:0.005]]
LogConfig: Setting CVar [[s.UseBackgroundLevelStreaming:1]]
LogConfig: Setting CVar [[s.PriorityAsyncLoadingExtraTime:15.0]]
LogConfig: Setting CVar [[s.LevelStreamingActorsUpdateTimeLimit:5.0]]
LogConfig: Setting CVar [[s.PriorityLevelStreamingActorsUpdateExtraTime:5.0]]
LogConfig: Setting CVar [[s.LevelStreamingComponentsRegistrationGranularity:10]]
LogConfig: Setting CVar [[s.UnregisterComponentsTimeLimit:1.0]]
LogConfig: Setting CVar [[s.LevelStreamingComponentsUnregistrationGranularity:5]]
LogConfig: Setting CVar [[s.FlushStreamingOnExit:1]]
LogInit: Object subsystem initialized
LogConfig: Setting CVar [[con.DebugEarlyDefault:1]]
LogConfig: Setting CVar [[r.setres:1280x720]]
[2023.03.02-15.34.51:584][  0]LogConfig: Setting CVar [[r.VSync:0]]
[2023.03.02-15.34.51:584][  0]LogConfig: Setting CVar [[r.RHICmdBypass:0]]
[2023.03.02-15.34.51:584][  0]LogConfig: Applying CVar settings from Section [/Script/Engine.RendererSettings] File [C:/Users/v8052459/OneDrive/New folder/-Journeyman-Twonic---Alpha-Team/Twonic/Saved/Config/Windows/Engine.ini]
[2023.03.02-15.34.51:584][  0]LogConfig: Setting CVar [[r.GPUCrashDebugging:0]]
[2023.03.02-15.34.51:584][  0]LogConfig: Setting CVar [[r.ForwardShading:0]]
[2023.03.02-15.34.51:584][  0]LogConfig: Applying CVar settings from Section [/Script/Engine.RendererOverrideSettings] File [C:/Users/v8052459/OneDrive/New folder/-Journeyman-Twonic---Alpha-Team/Twonic/Saved/Config/Windows/Engine.ini]
[2023.03.02-15.34.51:584][  0]LogConfig: Applying CVar settings from Section [/Script/Engine.StreamingSettings] File [C:/Users/v8052459/OneDrive/New folder/-Journeyman-Twonic---Alpha-Team/Twonic/Saved/Config/Windows/Engine.ini]
[2023.03.02-15.34.51:584][  0]LogConfig: Setting CVar [[s.MinBulkDataSizeForAsyncLoading:131072]]
[2023.03.02-15.34.51:584][  0]LogConfig: Setting CVar [[s.AsyncLoadingThreadEnabled:0]]
[2023.03.02-15.34.51:584][  0]LogConfig: Setting CVar [[s.EventDrivenLoaderEnabled:1]]
[2023.03.02-15.34.51:584][  0]LogConfig: Setting CVar [[s.WarnIfTimeLimitExceeded:0]]
[2023.03.02-15.34.51:584][  0]LogConfig: Setting CVar [[s.TimeLimitExceededMultiplier:1.5]]
[2023.03.02-15.34.51:584][  0]LogConfig: Setting CVar [[s.TimeLimitExceededMinTime:0.005]]
[2023.03.02-15.34.51:584][  0]LogConfig: Setting CVar [[s.UseBackgroundLevelStreaming:1]]
[2023.03.02-15.34.51:584][  0]LogConfig: Setting CVar [[s.PriorityAsyncLoadingExtraTime:15.0]]
[2023.03.02-15.34.51:584][  0]LogConfig: Setting CVar [[s.LevelStreamingActorsUpdateTimeLimit:5.0]]
[2023.03.02-15.34.51:584][  0]LogConfig: Setting CVar [[s.PriorityLevelStreamingActorsUpdateExtraTime:5.0]]
[2023.03.02-15.34.51:585][  0]LogConfig: Setting CVar [[s.LevelStreamingComponentsRegistrationGranularity:10]]
[2023.03.02-15.34.51:585][  0]LogConfig: Setting CVar [[s.UnregisterComponentsTimeLimit:1.0]]
[2023.03.02-15.34.51:585][  0]LogConfig: Setting CVar [[s.LevelStreamingComponentsUnregistrationGranularity:5]]
[2023.03.02-15.34.51:585][  0]LogConfig: Setting CVar [[s.FlushStreamingOnExit:1]]
[2023.03.02-15.34.51:585][  0]LogConfig: Applying CVar settings from Section [/Script/Engine.GarbageCollectionSettings] File [C:/Users/v8052459/OneDrive/New folder/-Journeyman-Twonic---Alpha-Team/Twonic/Saved/Config/Windows/Engine.ini]
[2023.03.02-15.34.51:585][  0]LogConfig: Setting CVar [[gc.MaxObjectsNotConsideredByGC:1]]
[2023.03.02-15.34.51:585][  0]LogConfig: Setting CVar [[gc.SizeOfPermanentObjectPool:0]]
[2023.03.02-15.34.51:585][  0]LogConfig: Setting CVar [[gc.FlushStreamingOnGC:0]]
[2023.03.02-15.34.51:585][  0]LogConfig: Setting CVar [[gc.NumRetriesBeforeForcingGC:10]]
[2023.03.02-15.34.51:585][  0]LogConfig: Setting CVar [[gc.AllowParallelGC:1]]
[2023.03.02-15.34.51:585][  0]LogConfig: Setting CVar [[gc.TimeBetweenPurgingPendingKillObjects:61.1]]
[2023.03.02-15.34.51:585][  0]LogConfig: Setting CVar [[gc.MaxObjectsInEditor:25165824]]
[2023.03.02-15.34.51:585][  0]LogConfig: Setting CVar [[gc.IncrementalBeginDestroyEnabled:1]]
[2023.03.02-15.34.51:585][  0]LogConfig: Setting CVar [[gc.CreateGCClusters:1]]
[2023.03.02-15.34.51:585][  0]LogConfig: Setting CVar [[gc.MinGCClusterSize:5]]
[2023.03.02-15.34.51:585][  0]LogConfig: Setting CVar [[gc.ActorClusteringEnabled:0]]
[2023.03.02-15.34.51:585][  0]LogConfig: Setting CVar [[gc.BlueprintClusteringEnabled:0]]
[2023.03.02-15.34.51:585][  0]LogConfig: Setting CVar [[gc.UseDisregardForGCOnDedicatedServers:0]]
[2023.03.02-15.34.51:585][  0]LogConfig: Setting CVar [[gc.MultithreadedDestructionEnabled:1]]
[2023.03.02-15.34.51:585][  0]LogConfig: Applying CVar settings from Section [/Script/Engine.NetworkSettings] File [C:/Users/v8052459/OneDrive/New folder/-Journeyman-Twonic---Alpha-Team/Twonic/Saved/Config/Windows/Engine.ini]
[2023.03.02-15.34.51:585][  0]LogConfig: Applying CVar settings from Section [/Script/UnrealEd.CookerSettings] File [C:/Users/v8052459/OneDrive/New folder/-Journeyman-Twonic---Alpha-Team/Twonic/Saved/Config/Windows/Engine.ini]
[2023.03.02-15.34.51:598][  0]LogConfig: Applying CVar settings from Section [ViewDistanceQuality@3] File [C:/Users/v8052459/OneDrive/New folder/-Journeyman-Twonic---Alpha-Team/Twonic/Saved/Config/Windows/Scalability.ini]
[2023.03.02-15.34.51:598][  0]LogConfig: Setting CVar [[r.SkeletalMeshLODBias:0]]
[2023.03.02-15.34.51:598][  0]LogConfig: Setting CVar [[r.ViewDistanceScale:1.0]]
[2023.03.02-15.34.51:598][  0]LogConfig: Applying CVar settings from Section [AntiAliasingQuality@3] File [C:/Users/v8052459/OneDrive/New folder/-Journeyman-Twonic---Alpha-Team/Twonic/Saved/Config/Windows/Scalability.ini]
[2023.03.02-15.34.51:598][  0]LogConfig: Setting CVar [[r.PostProcessAAQuality:4]]
[2023.03.02-15.34.51:598][  0]LogConfig: Applying CVar settings from Section [ShadowQuality@3] File [C:/Users/v8052459/OneDrive/New folder/-Journeyman-Twonic---Alpha-Team/Twonic/Saved/Config/Windows/Scalability.ini]
[2023.03.02-15.34.51:598][  0]LogConfig: Setting CVar [[r.LightFunctionQuality:1]]
[2023.03.02-15.34.51:598][  0]LogConfig: Setting CVar [[r.ShadowQuality:5]]
[2023.03.02-15.34.51:598][  0]LogConfig: Setting CVar [[r.Shadow.CSM.MaxCascades:10]]
[2023.03.02-15.34.51:598][  0]LogConfig: Setting CVar [[r.Shadow.MaxResolution:2048]]
[2023.03.02-15.34.51:598][  0]LogConfig: Setting CVar [[r.Shadow.MaxCSMResolution:2048]]
[2023.03.02-15.34.51:598][  0]LogConfig: Setting CVar [[r.Shadow.RadiusThreshold:0.01]]
[2023.03.02-15.34.51:598][  0]LogConfig: Setting CVar [[r.Shadow.DistanceScale:1.0]]
[2023.03.02-15.34.51:598][  0]LogConfig: Setting CVar [[r.Shadow.CSM.TransitionScale:1.0]]
[2023.03.02-15.34.51:598][  0]LogConfig: Setting CVar [[r.Shadow.PreShadowResolutionFactor:1.0]]
[2023.03.02-15.34.51:598][  0]LogConfig: Setting CVar [[r.DistanceFieldShadowing:1]]
[2023.03.02-15.34.51:598][  0]LogConfig: Setting CVar [[r.DistanceFieldAO:1]]
[2023.03.02-15.34.51:598][  0]LogConfig: Setting CVar [[r.AOQuality:2]]
[2023.03.02-15.34.51:598][  0]LogConfig: Setting CVar [[r.VolumetricFog:1]]
[2023.03.02-15.34.51:598][  0]LogConfig: Setting CVar [[r.VolumetricFog.GridPixelSize:8]]
[2023.03.02-15.34.51:598][  0]LogConfig: Setting CVar [[r.VolumetricFog.GridSizeZ:128]]
[2023.03.02-15.34.51:598][  0]LogConfig: Setting CVar [[r.VolumetricFog.HistoryMissSupersampleCount:4]]
[2023.03.02-15.34.51:598][  0]LogConfig: Setting CVar [[r.LightMaxDrawDistanceScale:1]]
[2023.03.02-15.34.51:598][  0]LogConfig: Setting CVar [[r.CapsuleShadows:1]]
[2023.03.02-15.34.51:598][  0]LogConfig: Applying CVar settings from Section [PostProcessQuality@3] File [C:/Users/v8052459/OneDrive/New folder/-Journeyman-Twonic---Alpha-Team/Twonic/Saved/Config/Windows/Scalability.ini]
[2023.03.02-15.34.51:598][  0]LogConfig: Setting CVar [[r.MotionBlurQuality:4]]
[2023.03.02-15.34.51:598][  0]LogConfig: Setting CVar [[r.AmbientOcclusionMipLevelFactor:0.4]]
[2023.03.02-15.34.51:598][  0]LogConfig: Setting CVar [[r.AmbientOcclusionMaxQuality:100]]
[2023.03.02-15.34.51:598][  0]LogConfig: Setting CVar [[r.AmbientOcclusionLevels:-1]]
[2023.03.02-15.34.51:598][  0]LogConfig: Setting CVar [[r.AmbientOcclusionRadiusScale:1.0]]
[2023.03.02-15.34.51:598][  0]LogConfig: Setting CVar [[r.DepthOfFieldQuality:2]]
[2023.03.02-15.34.51:598][  0]LogConfig: Setting CVar [[r.RenderTargetPoolMin:400]]
[2023.03.02-15.34.51:598][  0]LogConfig: Setting CVar [[r.LensFlareQuality:2]]
[2023.03.02-15.34.51:598][  0]LogConfig: Setting CVar [[r.SceneColorFringeQuality:1]]
[2023.03.02-15.34.51:598][  0]LogConfig: Setting CVar [[r.EyeAdaptationQuality:2]]
[2023.03.02-15.34.51:598][  0]LogConfig: Setting CVar [[r.BloomQuality:5]]
[2023.03.02-15.34.51:598][  0]LogConfig: Setting CVar [[r.FastBlurThreshold:100]]
[2023.03.02-15.34.51:598][  0]LogConfig: Setting CVar [[r.Upscale.Quality:3]]
[2023.03.02-15.34.51:598][  0]LogConfig: Setting CVar [[r.Tonemapper.GrainQuantization:1]]
[2023.03.02-15.34.51:598][  0]LogConfig: Setting CVar [[r.LightShaftQuality:1]]
[2023.03.02-15.34.51:598][  0]LogConfig: Setting CVar [[r.Filter.SizeScale:1]]
[2023.03.02-15.34.51:598][  0]LogConfig: Setting CVar [[r.Tonemapper.Quality:5]]
[2023.03.02-15.34.51:598][  0]LogConfig: Setting CVar [[r.DOF.Gather.AccumulatorQuality:1        ; higher gathering accumulator quality]]
[2023.03.02-15.34.51:598][  0]LogConfig: Setting CVar [[r.DOF.Gather.PostfilterMethod:1          ; Median3x3 postfilering method]]
[2023.03.02-15.34.51:598][  0]LogConfig: Setting CVar [[r.DOF.Gather.EnableBokehSettings:0       ; no bokeh simulation when gathering]]
[2023.03.02-15.34.51:598][  0]LogConfig: Setting CVar [[r.DOF.Gather.RingCount:4                 ; medium number of samples when gathering]]
[2023.03.02-15.34.51:598][  0]LogConfig: Setting CVar [[r.DOF.Scatter.ForegroundCompositing:1    ; additive foreground scattering]]
[2023.03.02-15.34.51:598][  0]LogConfig: Setting CVar [[r.DOF.Scatter.BackgroundCompositing:2    ; additive background scattering]]
[2023.03.02-15.34.51:598][  0]LogConfig: Setting CVar [[r.DOF.Scatter.EnableBokehSettings:1      ; bokeh simulation when scattering]]
[2023.03.02-15.34.51:598][  0]LogConfig: Setting CVar [[r.DOF.Scatter.MaxSpriteRatio:0.1         ; only a maximum of 10% of scattered bokeh]]
[2023.03.02-15.34.51:598][  0]LogConfig: Setting CVar [[r.DOF.Recombine.Quality:1                ; cheap slight out of focus]]
[2023.03.02-15.34.51:598][  0]LogConfig: Setting CVar [[r.DOF.Recombine.EnableBokehSettings:0    ; no bokeh simulation on slight out of focus]]
[2023.03.02-15.34.51:598][  0]LogConfig: Setting CVar [[r.DOF.TemporalAAQuality:1                ; more stable temporal accumulation]]
[2023.03.02-15.34.51:598][  0]LogConfig: Setting CVar [[r.DOF.Kernel.MaxForegroundRadius:0.025]]
[2023.03.02-15.34.51:598][  0]LogConfig: Setting CVar [[r.DOF.Kernel.MaxBackgroundRadius:0.025]]
[2023.03.02-15.34.51:598][  0]LogConfig: Applying CVar settings from Section [TextureQuality@3] File [C:/Users/v8052459/OneDrive/New folder/-Journeyman-Twonic---Alpha-Team/Twonic/Saved/Config/Windows/Scalability.ini]
[2023.03.02-15.34.51:598][  0]LogConfig: Setting CVar [[r.Streaming.MipBias:0]]
[2023.03.02-15.34.51:598][  0]LogConfig: Setting CVar [[r.Streaming.AmortizeCPUToGPUCopy:0]]
[2023.03.02-15.34.51:598][  0]LogConfig: Setting CVar [[r.Streaming.MaxNumTexturesToStreamPerFrame:0]]
[2023.03.02-15.34.51:598][  0]LogConfig: Setting CVar [[r.Streaming.Boost:1]]
[2023.03.02-15.34.51:598][  0]LogConfig: Setting CVar [[r.MaxAnisotropy:8]]
[2023.03.02-15.34.51:598][  0]LogConfig: Setting CVar [[r.VT.MaxAnisotropy:8]]
[2023.03.02-15.34.51:598][  0]LogConfig: Setting CVar [[r.Streaming.LimitPoolSizeToVRAM:0]]
[2023.03.02-15.34.51:598][  0]LogConfig: Setting CVar [[r.Streaming.PoolSize:1000]]
[2023.03.02-15.34.51:598][  0]LogConfig: Setting CVar [[r.Streaming.MaxEffectiveScreenSize:0]]
[2023.03.02-15.34.51:598][  0]LogConfig: Applying CVar settings from Section [EffectsQuality@3] File [C:/Users/v8052459/OneDrive/New folder/-Journeyman-Twonic---Alpha-Team/Twonic/Saved/Config/Windows/Scalability.ini]
[2023.03.02-15.34.51:598][  0]LogConfig: Setting CVar [[r.TranslucencyLightingVolumeDim:64]]
[2023.03.02-15.34.51:598][  0]LogConfig: Setting CVar [[r.RefractionQuality:2]]
[2023.03.02-15.34.51:598][  0]LogConfig: Setting CVar [[r.SSR.Quality:3]]
[2023.03.02-15.34.51:599][  0]LogConfig: Setting CVar [[r.SSR.HalfResSceneColor:0]]
[2023.03.02-15.34.51:599][  0]LogConfig: Setting CVar [[r.SceneColorFormat:4]]
[2023.03.02-15.34.51:599][  0]LogConfig: Setting CVar [[r.DetailMode:2]]
[2023.03.02-15.34.51:599][  0]LogConfig: Setting CVar [[r.TranslucencyVolumeBlur:1]]
[2023.03.02-15.34.51:599][  0]LogConfig: Setting CVar [[r.MaterialQualityLevel:1 ; High quality]]
[2023.03.02-15.34.51:599][  0]LogConfig: Setting CVar [[r.AnisotropicMaterials:1]]
[2023.03.02-15.34.51:599][  0]LogConfig: Setting CVar [[r.SSS.Scale:1]]
[2023.03.02-15.34.51:599][  0]LogConfig: Setting CVar [[r.SSS.SampleSet:2]]
[2023.03.02-15.34.51:599][  0]LogConfig: Setting CVar [[r.SSS.Quality:1]]
[2023.03.02-15.34.51:599][  0]LogConfig: Setting CVar [[r.SSS.HalfRes:0]]
[2023.03.02-15.34.51:599][  0]LogConfig: Setting CVar [[r.SSGI.Quality:3]]
[2023.03.02-15.34.51:599][  0]LogConfig: Setting CVar [[r.EmitterSpawnRateScale:1.0]]
[2023.03.02-15.34.51:599][  0]LogConfig: Setting CVar [[r.ParticleLightQuality:2]]
[2023.03.02-15.34.51:599][  0]LogConfig: Setting CVar [[r.SkyAtmosphere.AerialPerspectiveLUT.FastApplyOnOpaque:1 ; Always have FastSkyLUT 1 in this case to avoid wrong sky]]
[2023.03.02-15.34.51:599][  0]LogConfig: Setting CVar [[r.SkyAtmosphere.AerialPerspectiveLUT.SampleCountMaxPerSlice:4]]
[2023.03.02-15.34.51:599][  0]LogConfig: Setting CVar [[r.SkyAtmosphere.AerialPerspectiveLUT.DepthResolution:16.0]]
[2023.03.02-15.34.51:599][  0]LogConfig: Setting CVar [[r.SkyAtmosphere.FastSkyLUT:1]]
[2023.03.02-15.34.51:599][  0]LogConfig: Setting CVar [[r.SkyAtmosphere.FastSkyLUT.SampleCountMin:4.0]]
[2023.03.02-15.34.51:599][  0]LogConfig: Setting CVar [[r.SkyAtmosphere.FastSkyLUT.SampleCountMax:128.0]]
[2023.03.02-15.34.51:599][  0]LogConfig: Setting CVar [[r.SkyAtmosphere.SampleCountMin:4.0]]
[2023.03.02-15.34.51:599][  0]LogConfig: Setting CVar [[r.SkyAtmosphere.SampleCountMax:128.0]]
[2023.03.02-15.34.51:599][  0]LogConfig: Setting CVar [[r.SkyAtmosphere.TransmittanceLUT.UseSmallFormat:0]]
[2023.03.02-15.34.51:599][  0]LogConfig: Setting CVar [[r.SkyAtmosphere.TransmittanceLUT.SampleCount:10.0]]
[2023.03.02-15.34.51:599][  0]LogConfig: Setting CVar [[r.SkyAtmosphere.MultiScatteringLUT.SampleCount:15.0]]
[2023.03.02-15.34.51:599][  0]LogConfig: Setting CVar [[r.SkyLight.RealTimeReflectionCapture:1]]
[2023.03.02-15.34.51:599][  0]LogConfig: Applying CVar settings from Section [FoliageQuality@3] File [C:/Users/v8052459/OneDrive/New folder/-Journeyman-Twonic---Alpha-Team/Twonic/Saved/Config/Windows/Scalability.ini]
[2023.03.02-15.34.51:599][  0]LogConfig: Setting CVar [[foliage.DensityScale:1.0]]
[2023.03.02-15.34.51:599][  0]LogConfig: Setting CVar [[grass.DensityScale:1.0]]
[2023.03.02-15.34.51:599][  0]LogConfig: Applying CVar settings from Section [ShadingQuality@3] File [C:/Users/v8052459/OneDrive/New folder/-Journeyman-Twonic---Alpha-Team/Twonic/Saved/Config/Windows/Scalability.ini]
[2023.03.02-15.34.51:599][  0]LogConfig: Setting CVar [[r.HairStrands.SkyLighting.IntegrationType:2]]
[2023.03.02-15.34.51:599][  0]LogConfig: Setting CVar [[r.HairStrands.SkyAO.SampleCount:4]]
[2023.03.02-15.34.51:599][  0]LogConfig: Setting CVar [[r.HairStrands.Visibility.MSAA.SamplePerPixel:4]]
[2023.03.02-15.34.51:599][  0]LogInit: Selected Device Profile: [Windows]
[2023.03.02-15.34.51:599][  0]LogInit: Applying CVar settings loaded from the selected device profile: [Windows]
[2023.03.02-15.34.51:599][  0]LogHAL: Display: Platform has ~ 32 GB [34271838208 / 34359738368 / 32], which maps to Largest [LargestMinGB=32, LargerMinGB=12, DefaultMinGB=8, SmallerMinGB=6, SmallestMinGB=0)
[2023.03.02-15.34.51:599][  0]LogInit: Going up to parent DeviceProfile []
[2023.03.02-15.34.51:599][  0]LogConfig: Applying CVar settings from Section [ViewDistanceQuality@3] File [C:/Users/v8052459/OneDrive/New folder/-Journeyman-Twonic---Alpha-Team/Twonic/Saved/Config/Windows/Scalability.ini]
[2023.03.02-15.34.51:599][  0]LogConfig: Setting CVar [[r.SkeletalMeshLODBias:0]]
[2023.03.02-15.34.51:599][  0]LogConfig: Setting CVar [[r.ViewDistanceScale:1.0]]
[2023.03.02-15.34.51:599][  0]LogConfig: Applying CVar settings from Section [AntiAliasingQuality@3] File [C:/Users/v8052459/OneDrive/New folder/-Journeyman-Twonic---Alpha-Team/Twonic/Saved/Config/Windows/Scalability.ini]
[2023.03.02-15.34.51:599][  0]LogConfig: Setting CVar [[r.PostProcessAAQuality:4]]
[2023.03.02-15.34.51:599][  0]LogConfig: Applying CVar settings from Section [ShadowQuality@3] File [C:/Users/v8052459/OneDrive/New folder/-Journeyman-Twonic---Alpha-Team/Twonic/Saved/Config/Windows/Scalability.ini]
[2023.03.02-15.34.51:599][  0]LogConfig: Setting CVar [[r.LightFunctionQuality:1]]
[2023.03.02-15.34.51:599][  0]LogConfig: Setting CVar [[r.ShadowQuality:5]]
[2023.03.02-15.34.51:599][  0]LogConfig: Setting CVar [[r.Shadow.CSM.MaxCascades:10]]
[2023.03.02-15.34.51:599][  0]LogConfig: Setting CVar [[r.Shadow.MaxResolution:2048]]
[2023.03.02-15.34.51:599][  0]LogConfig: Setting CVar [[r.Shadow.MaxCSMResolution:2048]]
[2023.03.02-15.34.51:599][  0]LogConfig: Setting CVar [[r.Shadow.RadiusThreshold:0.01]]
[2023.03.02-15.34.51:599][  0]LogConfig: Setting CVar [[r.Shadow.DistanceScale:1.0]]
[2023.03.02-15.34.51:599][  0]LogConfig: Setting CVar [[r.Shadow.CSM.TransitionScale:1.0]]
[2023.03.02-15.34.51:599][  0]LogConfig: Setting CVar [[r.Shadow.PreShadowResolutionFactor:1.0]]
[2023.03.02-15.34.51:599][  0]LogConfig: Setting CVar [[r.DistanceFieldShadowing:1]]
[2023.03.02-15.34.51:599][  0]LogConfig: Setting CVar [[r.DistanceFieldAO:1]]
[2023.03.02-15.34.51:599][  0]LogConfig: Setting CVar [[r.AOQuality:2]]
[2023.03.02-15.34.51:599][  0]LogConfig: Setting CVar [[r.VolumetricFog:1]]
[2023.03.02-15.34.51:599][  0]LogConfig: Setting CVar [[r.VolumetricFog.GridPixelSize:8]]
[2023.03.02-15.34.51:599][  0]LogConfig: Setting CVar [[r.VolumetricFog.GridSizeZ:128]]
[2023.03.02-15.34.51:599][  0]LogConfig: Setting CVar [[r.VolumetricFog.HistoryMissSupersampleCount:4]]
[2023.03.02-15.34.51:599][  0]LogConfig: Setting CVar [[r.LightMaxDrawDistanceScale:1]]
[2023.03.02-15.34.51:599][  0]LogConfig: Setting CVar [[r.CapsuleShadows:1]]
[2023.03.02-15.34.51:599][  0]LogConfig: Applying CVar settings from Section [PostProcessQuality@3] File [C:/Users/v8052459/OneDrive/New folder/-Journeyman-Twonic---Alpha-Team/Twonic/Saved/Config/Windows/Scalability.ini]
[2023.03.02-15.34.51:599][  0]LogConfig: Setting CVar [[r.MotionBlurQuality:4]]
[2023.03.02-15.34.51:599][  0]LogConfig: Setting CVar [[r.AmbientOcclusionMipLevelFactor:0.4]]
[2023.03.02-15.34.51:599][  0]LogConfig: Setting CVar [[r.AmbientOcclusionMaxQuality:100]]
[2023.03.02-15.34.51:599][  0]LogConfig: Setting CVar [[r.AmbientOcclusionLevels:-1]]
[2023.03.02-15.34.51:599][  0]LogConfig: Setting CVar [[r.AmbientOcclusionRadiusScale:1.0]]
[2023.03.02-15.34.51:599][  0]LogConfig: Setting CVar [[r.DepthOfFieldQuality:2]]
[2023.03.02-15.34.51:599][  0]LogConfig: Setting CVar [[r.RenderTargetPoolMin:400]]
[2023.03.02-15.34.51:599][  0]LogConfig: Setting CVar [[r.LensFlareQuality:2]]
[2023.03.02-15.34.51:599][  0]LogConfig: Setting CVar [[r.SceneColorFringeQuality:1]]
[2023.03.02-15.34.51:599][  0]LogConfig: Setting CVar [[r.EyeAdaptationQuality:2]]
[2023.03.02-15.34.51:599][  0]LogConfig: Setting CVar [[r.BloomQuality:5]]
[2023.03.02-15.34.51:599][  0]LogConfig: Setting CVar [[r.FastBlurThreshold:100]]
[2023.03.02-15.34.51:599][  0]LogConfig: Setting CVar [[r.Upscale.Quality:3]]
[2023.03.02-15.34.51:599][  0]LogConfig: Setting CVar [[r.Tonemapper.GrainQuantization:1]]
[2023.03.02-15.34.51:599][  0]LogConfig: Setting CVar [[r.LightShaftQuality:1]]
[2023.03.02-15.34.51:599][  0]LogConfig: Setting CVar [[r.Filter.SizeScale:1]]
[2023.03.02-15.34.51:599][  0]LogConfig: Setting CVar [[r.Tonemapper.Quality:5]]
[2023.03.02-15.34.51:599][  0]LogConfig: Setting CVar [[r.DOF.Gather.AccumulatorQuality:1        ; higher gathering accumulator quality]]
[2023.03.02-15.34.51:600][  0]LogConfig: Setting CVar [[r.DOF.Gather.PostfilterMethod:1          ; Median3x3 postfilering method]]
[2023.03.02-15.34.51:600][  0]LogConfig: Setting CVar [[r.DOF.Gather.EnableBokehSettings:0       ; no bokeh simulation when gathering]]
[2023.03.02-15.34.51:600][  0]LogConfig: Setting CVar [[r.DOF.Gather.RingCount:4                 ; medium number of samples when gathering]]
[2023.03.02-15.34.51:600][  0]LogConfig: Setting CVar [[r.DOF.Scatter.ForegroundCompositing:1    ; additive foreground scattering]]
[2023.03.02-15.34.51:600][  0]LogConfig: Setting CVar [[r.DOF.Scatter.BackgroundCompositing:2    ; additive background scattering]]
[2023.03.02-15.34.51:600][  0]LogConfig: Setting CVar [[r.DOF.Scatter.EnableBokehSettings:1      ; bokeh simulation when scattering]]
[2023.03.02-15.34.51:600][  0]LogConfig: Setting CVar [[r.DOF.Scatter.MaxSpriteRatio:0.1         ; only a maximum of 10% of scattered bokeh]]
[2023.03.02-15.34.51:600][  0]LogConfig: Setting CVar [[r.DOF.Recombine.Quality:1                ; cheap slight out of focus]]
[2023.03.02-15.34.51:600][  0]LogConfig: Setting CVar [[r.DOF.Recombine.EnableBokehSettings:0    ; no bokeh simulation on slight out of focus]]
[2023.03.02-15.34.51:600][  0]LogConfig: Setting CVar [[r.DOF.TemporalAAQuality:1                ; more stable temporal accumulation]]
[2023.03.02-15.34.51:600][  0]LogConfig: Setting CVar [[r.DOF.Kernel.MaxForegroundRadius:0.025]]
[2023.03.02-15.34.51:600][  0]LogConfig: Setting CVar [[r.DOF.Kernel.MaxBackgroundRadius:0.025]]
[2023.03.02-15.34.51:600][  0]LogConfig: Applying CVar settings from Section [TextureQuality@3] File [C:/Users/v8052459/OneDrive/New folder/-Journeyman-Twonic---Alpha-Team/Twonic/Saved/Config/Windows/Scalability.ini]
[2023.03.02-15.34.51:600][  0]LogConfig: Setting CVar [[r.Streaming.MipBias:0]]
[2023.03.02-15.34.51:600][  0]LogConfig: Setting CVar [[r.Streaming.AmortizeCPUToGPUCopy:0]]
[2023.03.02-15.34.51:600][  0]LogConfig: Setting CVar [[r.Streaming.MaxNumTexturesToStreamPerFrame:0]]
[2023.03.02-15.34.51:600][  0]LogConfig: Setting CVar [[r.Streaming.Boost:1]]
[2023.03.02-15.34.51:600][  0]LogConfig: Setting CVar [[r.MaxAnisotropy:8]]
[2023.03.02-15.34.51:600][  0]LogConfig: Setting CVar [[r.VT.MaxAnisotropy:8]]
[2023.03.02-15.34.51:600][  0]LogConfig: Setting CVar [[r.Streaming.LimitPoolSizeToVRAM:0]]
[2023.03.02-15.34.51:600][  0]LogConfig: Setting CVar [[r.Streaming.PoolSize:1000]]
[2023.03.02-15.34.51:600][  0]LogConfig: Setting CVar [[r.Streaming.MaxEffectiveScreenSize:0]]
[2023.03.02-15.34.51:600][  0]LogConfig: Applying CVar settings from Section [EffectsQuality@3] File [C:/Users/v8052459/OneDrive/New folder/-Journeyman-Twonic---Alpha-Team/Twonic/Saved/Config/Windows/Scalability.ini]
[2023.03.02-15.34.51:600][  0]LogConfig: Setting CVar [[r.TranslucencyLightingVolumeDim:64]]
[2023.03.02-15.34.51:600][  0]LogConfig: Setting CVar [[r.RefractionQuality:2]]
[2023.03.02-15.34.51:600][  0]LogConfig: Setting CVar [[r.SSR.Quality:3]]
[2023.03.02-15.34.51:600][  0]LogConfig: Setting CVar [[r.SSR.HalfResSceneColor:0]]
[2023.03.02-15.34.51:600][  0]LogConfig: Setting CVar [[r.SceneColorFormat:4]]
[2023.03.02-15.34.51:600][  0]LogConfig: Setting CVar [[r.DetailMode:2]]
[2023.03.02-15.34.51:600][  0]LogConfig: Setting CVar [[r.TranslucencyVolumeBlur:1]]
[2023.03.02-15.34.51:600][  0]LogConfig: Setting CVar [[r.MaterialQualityLevel:1 ; High quality]]
[2023.03.02-15.34.51:600][  0]LogConfig: Setting CVar [[r.AnisotropicMaterials:1]]
[2023.03.02-15.34.51:600][  0]LogConfig: Setting CVar [[r.SSS.Scale:1]]
[2023.03.02-15.34.51:600][  0]LogConfig: Setting CVar [[r.SSS.SampleSet:2]]
[2023.03.02-15.34.51:600][  0]LogConfig: Setting CVar [[r.SSS.Quality:1]]
[2023.03.02-15.34.51:600][  0]LogConfig: Setting CVar [[r.SSS.HalfRes:0]]
[2023.03.02-15.34.51:600][  0]LogConfig: Setting CVar [[r.SSGI.Quality:3]]
[2023.03.02-15.34.51:600][  0]LogConfig: Setting CVar [[r.EmitterSpawnRateScale:1.0]]
[2023.03.02-15.34.51:600][  0]LogConfig: Setting CVar [[r.ParticleLightQuality:2]]
[2023.03.02-15.34.51:600][  0]LogConfig: Setting CVar [[r.SkyAtmosphere.AerialPerspectiveLUT.FastApplyOnOpaque:1 ; Always have FastSkyLUT 1 in this case to avoid wrong sky]]
[2023.03.02-15.34.51:600][  0]LogConfig: Setting CVar [[r.SkyAtmosphere.AerialPerspectiveLUT.SampleCountMaxPerSlice:4]]
[2023.03.02-15.34.51:600][  0]LogConfig: Setting CVar [[r.SkyAtmosphere.AerialPerspectiveLUT.DepthResolution:16.0]]
[2023.03.02-15.34.51:600][  0]LogConfig: Setting CVar [[r.SkyAtmosphere.FastSkyLUT:1]]
[2023.03.02-15.34.51:600][  0]LogConfig: Setting CVar [[r.SkyAtmosphere.FastSkyLUT.SampleCountMin:4.0]]
[2023.03.02-15.34.51:600][  0]LogConfig: Setting CVar [[r.SkyAtmosphere.FastSkyLUT.SampleCountMax:128.0]]
[2023.03.02-15.34.51:600][  0]LogConfig: Setting CVar [[r.SkyAtmosphere.SampleCountMin:4.0]]
[2023.03.02-15.34.51:600][  0]LogConfig: Setting CVar [[r.SkyAtmosphere.SampleCountMax:128.0]]
[2023.03.02-15.34.51:600][  0]LogConfig: Setting CVar [[r.SkyAtmosphere.TransmittanceLUT.UseSmallFormat:0]]
[2023.03.02-15.34.51:600][  0]LogConfig: Setting CVar [[r.SkyAtmosphere.TransmittanceLUT.SampleCount:10.0]]
[2023.03.02-15.34.51:600][  0]LogConfig: Setting CVar [[r.SkyAtmosphere.MultiScatteringLUT.SampleCount:15.0]]
[2023.03.02-15.34.51:600][  0]LogConfig: Setting CVar [[r.SkyLight.RealTimeReflectionCapture:1]]
[2023.03.02-15.34.51:600][  0]LogConfig: Applying CVar settings from Section [FoliageQuality@3] File [C:/Users/v8052459/OneDrive/New folder/-Journeyman-Twonic---Alpha-Team/Twonic/Saved/Config/Windows/Scalability.ini]
[2023.03.02-15.34.51:600][  0]LogConfig: Setting CVar [[foliage.DensityScale:1.0]]
[2023.03.02-15.34.51:600][  0]LogConfig: Setting CVar [[grass.DensityScale:1.0]]
[2023.03.02-15.34.51:600][  0]LogConfig: Applying CVar settings from Section [ShadingQuality@3] File [C:/Users/v8052459/OneDrive/New folder/-Journeyman-Twonic---Alpha-Team/Twonic/Saved/Config/Windows/Scalability.ini]
[2023.03.02-15.34.51:600][  0]LogConfig: Setting CVar [[r.HairStrands.SkyLighting.IntegrationType:2]]
[2023.03.02-15.34.51:600][  0]LogConfig: Setting CVar [[r.HairStrands.SkyAO.SampleCount:4]]
[2023.03.02-15.34.51:600][  0]LogConfig: Setting CVar [[r.HairStrands.Visibility.MSAA.SamplePerPixel:4]]
[2023.03.02-15.34.51:600][  0]LogConfig: Applying CVar settings from Section [Startup] File [../../../Engine/Config/ConsoleVariables.ini]
[2023.03.02-15.34.51:601][  0]LogConfig: Setting CVar [[net.UseAdaptiveNetUpdateFrequency:0]]
[2023.03.02-15.34.51:601][  0]LogConfig: Setting CVar [[p.chaos.AllowCreatePhysxBodies:1]]
[2023.03.02-15.34.51:601][  0]LogConfig: Setting CVar [[fx.SkipVectorVMBackendOptimizations:1]]
[2023.03.02-15.34.51:601][  0]LogConfig: Applying CVar settings from Section [ConsoleVariables] File [C:/Users/v8052459/OneDrive/New folder/-Journeyman-Twonic---Alpha-Team/Twonic/Saved/Config/Windows/Engine.ini]
[2023.03.02-15.34.51:601][  0]LogConfig: Applying CVar settings from Section [ConsoleVariables] File [C:/Users/v8052459/OneDrive/New folder/-Journeyman-Twonic---Alpha-Team/Twonic/Saved/Config/Windows/Editor.ini]
[2023.03.02-15.34.51:601][  0]LogInit: Computer: TU45339
[2023.03.02-15.34.51:601][  0]LogInit: User: V8052459
[2023.03.02-15.34.51:601][  0]LogInit: CPU Page size=4096, Cores=6
[2023.03.02-15.34.51:601][  0]LogInit: High frequency timer resolution =10.000000 MHz
[2023.03.02-15.34.51:601][  0]LogMemory: Memory total: Physical=31.9GB (32GB approx)
[2023.03.02-15.34.51:601][  0]LogMemory: Platform Memory Stats for Windows
[2023.03.02-15.34.51:601][  0]LogMemory: Process Physical Memory: 144.82 MB used, 144.83 MB peak
[2023.03.02-15.34.51:601][  0]LogMemory: Process Virtual Memory: 132.91 MB used, 132.91 MB peak
[2023.03.02-15.34.51:601][  0]LogMemory: Physical Memory: 11117.07 MB used,  21567.10 MB free, 32684.17 MB total
[2023.03.02-15.34.51:601][  0]LogMemory: Virtual Memory: 134193464.00 MB used,  24265.66 MB free, 134217728.00 MB total
[2023.03.02-15.34.51:610][  0]LogWindows: WindowsPlatformFeatures enabled
[2023.03.02-15.34.51:727][  0]LogInit: Physics initialised using underlying interface: PhysX
[2023.03.02-15.34.51:728][  0]LogInit: Using OS detected language (en-GB).
[2023.03.02-15.34.51:728][  0]LogInit: Using OS detected locale (en-GB).
[2023.03.02-15.34.51:733][  0]LogTextLocalizationManager: No specific localization for 'en-GB' exists, so the 'en' localization will be used.
[2023.03.02-15.34.51:979][  0]LogInit: Setting process to per monitor DPI aware
[2023.03.02-15.34.52:005][  0]LogWindowsTextInputMethodSystem: Display: IME system deactivated.
[2023.03.02-15.34.52:029][  0]LogSlate: New Slate User Created.  User Index 0, Is Virtual User: 0
[2023.03.02-15.34.52:029][  0]LogSlate: Slate User Registered.  User Index 0, Is Virtual User: 0
[2023.03.02-15.34.52:293][  0]LogD3D11RHI: Loaded GFSDK_Aftermath_Lib.x64.dll
[2023.03.02-15.34.52:298][  0]LogHMD: Failed to initialize OpenVR with code 110
[2023.03.02-15.34.52:298][  0]LogD3D11RHI: D3D11 min allowed feature level: 11_0
[2023.03.02-15.34.52:298][  0]LogD3D11RHI: D3D11 max allowed feature level: 11_0
[2023.03.02-15.34.52:298][  0]LogD3D11RHI: D3D11 adapters:
[2023.03.02-15.34.52:452][  0]LogD3D11RHI:    0. 'NVIDIA GeForce GTX 980 Ti' (Feature Level 11_0)
[2023.03.02-15.34.52:452][  0]LogD3D11RHI:       6097/0/16342 MB DedicatedVideo/DedicatedSystem/SharedSystem, Outputs:2, VendorId:0x10de
[2023.03.02-15.34.52:456][  0]LogD3D11RHI:    1. 'Microsoft Basic Render Driver' (Feature Level 11_0)
[2023.03.02-15.34.52:456][  0]LogD3D11RHI:       0/0/16342 MB DedicatedVideo/DedicatedSystem/SharedSystem, Outputs:0, VendorId:0x1414
[2023.03.02-15.34.52:456][  0]LogD3D11RHI: Chosen D3D11 Adapter:
[2023.03.02-15.34.52:456][  0]LogD3D11RHI:     Description : NVIDIA GeForce GTX 980 Ti
[2023.03.02-15.34.52:456][  0]LogD3D11RHI:     VendorId    : 10de
[2023.03.02-15.34.52:456][  0]LogD3D11RHI:     DeviceId    : 17c8
[2023.03.02-15.34.52:456][  0]LogD3D11RHI:     SubSysId    : 139619da
[2023.03.02-15.34.52:456][  0]LogD3D11RHI:     Revision    : 00a1
[2023.03.02-15.34.52:456][  0]LogD3D11RHI:     DedicatedVideoMemory : 6394085376 bytes
[2023.03.02-15.34.52:456][  0]LogD3D11RHI:     DedicatedSystemMemory : 0 bytes
[2023.03.02-15.34.52:456][  0]LogD3D11RHI:     SharedSystemMemory : 17135919104 bytes
[2023.03.02-15.34.52:456][  0]LogD3D11RHI:     AdapterLuid : 0 240650
[2023.03.02-15.34.52:463][  0]LogD3D11RHI: Creating new Direct3DDevice
[2023.03.02-15.34.52:463][  0]LogD3D11RHI:     GPU DeviceId: 0x17c8 (for the marketing name, search the web for "GPU Device Id")
[2023.03.02-15.34.52:463][  0]LogWindows: EnumDisplayDevices:
[2023.03.02-15.34.52:464][  0]LogWindows:    0. 'NVIDIA GeForce GTX 980 Ti' (P:1 D:1)
[2023.03.02-15.34.52:464][  0]LogWindows:    1. 'NVIDIA GeForce GTX 980 Ti' (P:0 D:1)
[2023.03.02-15.34.52:465][  0]LogWindows:    2. 'NVIDIA GeForce GTX 980 Ti' (P:0 D:0)
[2023.03.02-15.34.52:465][  0]LogWindows:    3. 'NVIDIA GeForce GTX 980 Ti' (P:0 D:0)
[2023.03.02-15.34.52:466][  0]LogWindows: DebugString: FoundDriverCount:4 
[2023.03.02-15.34.52:466][  0]LogD3D11RHI:     Adapter Name: NVIDIA GeForce GTX 980 Ti
[2023.03.02-15.34.52:466][  0]LogD3D11RHI:   Driver Version: 516.59 (internal:31.0.15.1659, unified:516.59)
[2023.03.02-15.34.52:466][  0]LogD3D11RHI:      Driver Date: 6-23-2022
[2023.03.02-15.34.52:466][  0]LogRHI: Texture pool is 4268 MB (70% of 6097 MB)
[2023.03.02-15.34.52:466][  0]LogD3D11RHI: Creating D3DDevice using adapter:
[2023.03.02-15.34.52:466][  0]LogD3D11RHI:     Description : NVIDIA GeForce GTX 980 Ti
[2023.03.02-15.34.52:466][  0]LogD3D11RHI:     VendorId    : 10de
[2023.03.02-15.34.52:466][  0]LogD3D11RHI:     DeviceId    : 17c8
[2023.03.02-15.34.52:466][  0]LogD3D11RHI:     SubSysId    : 139619da
[2023.03.02-15.34.52:466][  0]LogD3D11RHI:     Revision    : 00a1
[2023.03.02-15.34.52:466][  0]LogD3D11RHI:     DedicatedVideoMemory : 6394085376 bytes
[2023.03.02-15.34.52:466][  0]LogD3D11RHI:     DedicatedSystemMemory : 0 bytes
[2023.03.02-15.34.52:466][  0]LogD3D11RHI:     SharedSystemMemory : 17135919104 bytes
[2023.03.02-15.34.52:466][  0]LogD3D11RHI:     AdapterLuid : 0 240650
[2023.03.02-15.34.52:536][  0]LogD3D11RHI: RHI has support for 64 bit atomics
[2023.03.02-15.34.52:536][  0]LogD3D11RHI: Async texture creation enabled
[2023.03.02-15.34.52:537][  0]LogD3D11RHI: Array index from any shader is supported
[2023.03.02-15.34.52:556][  0]LogD3D11RHI: GPU Timing Frequency: 1000.000000 (Debug: 2 1)
[2023.03.02-15.34.52:644][  0]LogRHI: GeForceNow SDK initialized: 1
[2023.03.02-15.34.53:106][  0]LogTargetPlatformManager: Display: Loaded TargetPlatform 'AllDesktop'
[2023.03.02-15.34.53:134][  0]LogTargetPlatformManager: Display: Loaded TargetPlatform 'Android'
[2023.03.02-15.34.53:134][  0]LogTargetPlatformManager: Display: Loaded TargetPlatform 'Android_ASTC'
[2023.03.02-15.34.53:134][  0]LogTargetPlatformManager: Display: Loaded TargetPlatform 'Android_DXT'
[2023.03.02-15.34.53:134][  0]LogTargetPlatformManager: Display: Loaded TargetPlatform 'Android_ETC2'
[2023.03.02-15.34.53:134][  0]LogTargetPlatformManager: Display: Loaded TargetPlatform 'AndroidClient'
[2023.03.02-15.34.53:134][  0]LogTargetPlatformManager: Display: Loaded TargetPlatform 'Android_ASTCClient'
[2023.03.02-15.34.53:134][  0]LogTargetPlatformManager: Display: Loaded TargetPlatform 'Android_DXTClient'
[2023.03.02-15.34.53:134][  0]LogTargetPlatformManager: Display: Loaded TargetPlatform 'Android_ETC2Client'
[2023.03.02-15.34.53:134][  0]LogTargetPlatformManager: Display: Loaded TargetPlatform 'Android_Multi'
[2023.03.02-15.34.53:134][  0]LogTargetPlatformManager: Display: Loaded TargetPlatform 'Android_MultiClient'
[2023.03.02-15.34.53:163][  0]LogTargetPlatformManager: Display: Loaded TargetPlatform 'IOSClient'
[2023.03.02-15.34.53:163][  0]LogTargetPlatformManager: Display: Loaded TargetPlatform 'IOS'
[2023.03.02-15.34.53:177][  0]LogTargetPlatformManager: Display: Loaded TargetPlatform 'Linux'
[2023.03.02-15.34.53:184][  0]LogTargetPlatformManager: Display: Loaded TargetPlatform 'LinuxNoEditor'
[2023.03.02-15.34.53:192][  0]LogTargetPlatformManager: Display: Loaded TargetPlatform 'LinuxClient'
[2023.03.02-15.34.53:199][  0]LogTargetPlatformManager: Display: Loaded TargetPlatform 'LinuxServer'
[2023.03.02-15.34.53:213][  0]LogTargetPlatformManager: Display: Loaded TargetPlatform 'LinuxAArch64NoEditor'
[2023.03.02-15.34.53:220][  0]LogTargetPlatformManager: Display: Loaded TargetPlatform 'LinuxAArch64Client'
[2023.03.02-15.34.53:228][  0]LogTargetPlatformManager: Display: Loaded TargetPlatform 'LinuxAArch64Server'
[2023.03.02-15.34.53:261][  0]LogTargetPlatformManager: Display: Loaded TargetPlatform 'Lumin'
[2023.03.02-15.34.53:261][  0]LogTargetPlatformManager: Display: Loaded TargetPlatform 'LuminClient'
[2023.03.02-15.34.53:274][  0]LogTargetPlatformManager: Display: Loaded TargetPlatform 'MacNoEditor'
[2023.03.02-15.34.53:282][  0]LogTargetPlatformManager: Display: Loaded TargetPlatform 'Mac'
[2023.03.02-15.34.53:290][  0]LogTargetPlatformManager: Display: Loaded TargetPlatform 'MacClient'
[2023.03.02-15.34.53:297][  0]LogTargetPlatformManager: Display: Loaded TargetPlatform 'MacServer'
[2023.03.02-15.34.53:311][  0]LogTargetPlatformManager: Display: Loaded TargetPlatform 'TVOSClient'
[2023.03.02-15.34.53:311][  0]LogTargetPlatformManager: Display: Loaded TargetPlatform 'TVOS'
[2023.03.02-15.34.53:327][  0]LogTargetPlatformManager: Display: Loaded TargetPlatform 'WindowsNoEditor'
[2023.03.02-15.34.53:334][  0]LogTargetPlatformManager: Display: Loaded TargetPlatform 'Windows'
[2023.03.02-15.34.53:342][  0]LogTargetPlatformManager: Display: Loaded TargetPlatform 'WindowsClient'
[2023.03.02-15.34.53:349][  0]LogTargetPlatformManager: Display: Loaded TargetPlatform 'WindowsServer'
[2023.03.02-15.34.53:349][  0]LogTargetPlatformManager: Display: Building Assets For Windows
[2023.03.02-15.34.53:364][  0]LogAudioDebug: Display: Lib vorbis DLL was dynamically loaded.
[2023.03.02-15.34.53:427][  0]LogTextureFormatOodle: Display: Oodle Texture 2.9.0 init RDO Off
[2023.03.02-15.34.53:485][  0]LogRendererCore: Ray tracing is disabled. Reason: r.RayTracing=0.
[2023.03.02-15.34.53:485][  0]LogShaderCompilers: Guid format shader working directory is -43 characters bigger than the processId version (../../../../../../Users/v8052459/OneDrive/New folder/-Journeyman-Twonic---Alpha-Team/Twonic/Intermediate/Shaders/WorkingDirectory/17736/).
[2023.03.02-15.34.53:485][  0]LogShaderCompilers: Cleaned the shader compiler working directory 'C:/Users/v8052459/AppData/Local/Temp/UnrealShaderWorkingDir/B637D9AF4BD051A4D05891941CE776EC/'.
[2023.03.02-15.34.53:485][  0]LogXGEController: Cannot use XGE Controller as Incredibuild is not installed on this machine.
[2023.03.02-15.34.53:485][  0]LogShaderCompilers: Cannot use XGE Shader Compiler as Incredibuild is not installed on this machine.
[2023.03.02-15.34.53:485][  0]LogShaderCompilers: Display: Using Local Shader Compiler.
[2023.03.02-15.34.54:413][  0]LogDerivedDataCache: Display: Max Cache Size: 512 MB
[2023.03.02-15.34.54:479][  0]LogDerivedDataCache: Loaded boot cache 0.07s 96MB C:/Users/v8052459/AppData/Local/UnrealEngine/4.27/DerivedDataCache/Boot.ddc.
[2023.03.02-15.34.54:479][  0]LogDerivedDataCache: Display: Loaded Boot cache: C:/Users/v8052459/AppData/Local/UnrealEngine/4.27/DerivedDataCache/Boot.ddc
[2023.03.02-15.34.54:480][  0]LogDerivedDataCache: FDerivedDataBackendGraph:  Pak pak cache file ../../../../../../Users/v8052459/OneDrive/New folder/-Journeyman-Twonic---Alpha-Team/Twonic/DerivedDataCache/DDC.ddp not found, will not use a pak cache.
[2023.03.02-15.34.54:480][  0]LogDerivedDataCache: Unable to find inner node Pak for hierarchical cache Hierarchy.
[2023.03.02-15.34.54:480][  0]LogDerivedDataCache: FDerivedDataBackendGraph:  CompressedPak pak cache file ../../../../../../Users/v8052459/OneDrive/New folder/-Journeyman-Twonic---Alpha-Team/Twonic/DerivedDataCache/Compressed.ddp not found, will not use a pak cache.
[2023.03.02-15.34.54:480][  0]LogDerivedDataCache: Unable to find inner node CompressedPak for hierarchical cache Hierarchy.
[2023.03.02-15.34.54:498][  0]LogDerivedDataCache: Display: Pak cache opened for reading ../../../Engine/DerivedDataCache/Compressed.ddp.
[2023.03.02-15.34.54:498][  0]LogDerivedDataCache: FDerivedDataBackendGraph:  EnterprisePak pak cache file ../../../Enterprise/DerivedDataCache/Compressed.ddp not found, will not use a pak cache.
[2023.03.02-15.34.54:498][  0]LogDerivedDataCache: Unable to find inner node EnterprisePak for hierarchical cache Hierarchy.
[2023.03.02-15.34.54:536][  0]LogDerivedDataCache: Speed tests for C:/Users/v8052459/AppData/Local/UnrealEngine/Common/DerivedDataCache took 0.04 seconds
[2023.03.02-15.34.54:537][  0]LogDerivedDataCache: Display: Performance to C:/Users/v8052459/AppData/Local/UnrealEngine/Common/DerivedDataCache: Latency=0.04ms. RandomReadSpeed=453.51MBs, RandomWriteSpeed=25.74MBs. Assigned SpeedClass 'Local'
[2023.03.02-15.34.54:537][  0]LogDerivedDataCache: Using Local data cache path C:/Users/v8052459/AppData/Local/UnrealEngine/Common/DerivedDataCache: Writable
[2023.03.02-15.34.54:537][  0]LogDerivedDataCache: Shared data cache path not found in *engine.ini, will not use an Shared cache.
[2023.03.02-15.34.54:537][  0]LogDerivedDataCache: Unable to find inner node Shared for hierarchical cache Hierarchy.
[2023.03.02-15.34.54:591][  0]LogSlate: Using FreeType 2.10.0
[2023.03.02-15.34.54:591][  0]LogSlate: SlateFontServices - WITH_FREETYPE: 1, WITH_HARFBUZZ: 1
[2023.03.02-15.34.54:624][  0]LogAssetRegistry: FAssetRegistry took 0.0029 seconds to start up
[2023.03.02-15.34.55:109][  0]LogInit: Selected Device Profile: [Windows]
[2023.03.02-15.34.55:109][  0]LogInit: Active device profile: [000001FE8DEF3700][000001FE8AA387C0 49] Windows
[2023.03.02-15.34.55:110][  0]LogInit: Profiles: [000001FE8DEF3700][000001FE8AA387C0 49] Windows, [000001FE8DEA4B00][000001FE8BE2AA80 49] WindowsNoEditor, [000001FE8DEF0B00][000001FE8BE2ED40 49] WindowsServer, [000001FE8DEA7000][000001FE8AA3CFC0 49] WindowsClient, [000001FE8DEF2F00][000001FE8BE37280 49] IOS, [000001FE8DEA5300][000001FE8BE3B540 49] iPadAir, [000001FE8DEF1200][000001FE8BE3F800 49] iPadAir2, [000001FE8DE5C100][000001FEFD1961C0 49] IPadPro, [000001FE8DE5BF00][000001FE8BE42200 49] iPadAir3, [000001FE8DEF2B00][000001FE8BE4A4C0 49] iPadAir4, [000001FE8DE59000][000001FE8BE46780 49] iPadMini2, [000001FE8DEF1500][000001FEFD192A40 49] iPadMini3, [000001FE8DE5AB00][000001FEFD19AD00 49] iPadMini4, [000001FE8DEF2400][000001FE8BE32F80 49] iPadMini5, [000001FE8DEA6B00][000001FEFD1B3480 49] iPhone6, [000001FE8DEA6A00][000001FEFD19F4C0 49] iPodTouch6, [000001FE8DE59100][000001FEFD1BBA00 49] iPhone7, [000001FE8DE59200][000001FEFD1ABA40 49] iPodTouch7, [000001FE8DEA4E00][000001FEFD1AE180 49] iPhone5S, [000001FE8DE5AD00][000001FEFD1A6440 49] iPhone6Plus, [000001FE8DEA5F00][000001FEFD1B6700 49] iPhone6S, [000001FE8DE5B500][000001FE8D9C29C0 49] iPhone6SPlus, [000001FE8DEA7300][000001FE8D9C6C80 49] iPhone7Plus, [000001FE8DE5A400][000001FE8D9CAF40 49] iPhoneSE, [000001FE8DEA5800][000001FEFD1A31C0 49] iPhone8, [000001FE8DE5A900][000001FE8D9CF440 49] iPhone8Plus, [000001FE8DEA6E00][000001FE8D9D7700 49] iPhoneX, [000001FE8DE58400][000001FE8D9DB9C0 49] iPhoneXS, [000001FE8DEA7100][000001FE8D9DE100 49] iPhoneXSMax, [000001FE8DE58A00][000001FE8D9E23C0 49] iPhoneXR, [000001FE8DEA5400][000001FE8D9E6680 49] iPhone11, [000001FE8DE5B600][000001FE8D9EA940 49] iPhone11Pro, [000001FE8DEA4900][000001FE8D9EEC00 49] iPhone11ProMax, [000001FE8DE5BA00][000001FE8D9F2EC0 49] iPhoneSE2, [000001FE8DEA7200][000001FE8D9F7180 49] iPhone12Mini, [000001FE8DE5BD00][000001FE8D9D3400 49] iPhone12, [000001FE8DEA5A00][000001FE8D9FB680 49] iPhone12Pro, [000001FE8DE5B900][000001FE8DA03940 49] iPhone12ProMax, [000001FE8DEA5700][000001FE8DA07C00 49] iPadPro105, [000001FE8DE59700][000001FE8DA0A340 49] iPadPro129, [000001FE8DEA7500][000001FE8DA0E600 49] iPadPro97, [000001FE8DE5AF00][000001FE8DA128C0 49] iPadPro2_129, [000001FE8DEA6700][000001FE8DA16B80 49] iPad5, [000001FE8DE59900][000001FE8DA1AE40 49] iPad6, [000001FE8DEA6C00][000001FE8DA1F100 49] iPad7, [000001FE8DE5B200][000001FE8DA233C0 49] iPad8, [000001FE8DEA6D00][000001FE8D9FF640 49] iPadPro11, [000001FE8DE58300][000001FE8DA278C0 49] iPadPro2_11, [000001FE8DEA4A00][000001FE8DA2FB80 49] iPadPro3_129, [000001FE8DE5B000][000001FE8DA322C0 49] iPadPro4_129, [000001FE8DEA7600][000001FE8DA36580 49] AppleTV, [000001FE8DE59B00][000001FE8DA3A840 49] AppleTV4K, [000001FE8DEA5C00][000001FE8DA58B00 49] TVOS, [000001FE8DE5AC00][000001FE8DA5CDC0 49] Mac, [000001FE8DEA6300][000001FE8DA61080 49] MacClient, [000001FE8DE58E00][000001FE8DA65340 49] MacNoEditor, [000001FE8DEA4600][000001FE8DA69600 49] MacServer, [000001FE8DE5A300][000001FE8DA2B880 49] Linux, [000001FE8DEA4300][000001FE8DA6DB00 49] LinuxAArch64, [000001FE8DF30500][000001FE8DA74240 49] LinuxNoEditor, [000001FE8DE5CA00][000001FE8DA78500 49] LinuxAArch64NoEditor, [000001FE8DF32300][000001FE8DA7C7C0 49] LinuxClient, [000001FE8DE5F600][000001FE8DA80A80 49] LinuxAArch64Client, [000001FE8DF30100][000001FE8DA84D40 49] LinuxServer, [000001FE8DE5D200][000001FE8DA89000 49] LinuxAArch64Server, [000001FE8DF31900][000001FE8DA8D2C0 49] Android, [000001FE8DE5F100][000001FE8DA91580 49] Android_Low, [000001FE8DF32400][000001FE8DA95840 49] Android_Mid, [000001FE8DE5E200][000001FE8DA71AC0 49] Android_High, [000001FE8DF30900][000001FE8DA981C0 49] Android_Default, [000001FE8DE5EA00][000001FE8DAA0480 49] Android_Adreno4xx, [000001FE8DF31200][000001FE8DAA4740 49] Android_Adreno5xx_Low, [000001FE8DE5FB00][000001FE8DAB0A00 49] Android_Adreno5xx, [000001FE8DF30F00][000001FE8DAB4CC0 49] Android_Adreno6xx, [000001FE8DE5CB00][000001FE8DABCF80 49] Android_Adreno6xx_Vulkan, [000001FE8DF31C00][000001FE8DAC1240 49] Android_Mali_T6xx, [000001FE8DE5E600][000001FE8DACD500 49] Android_Mali_T7xx, [000001FE8DF32800][000001FE8DAD97C0 49] Android_Mali_T8xx, [000001FE8DE5D400][000001FE8DAE5A80 49] Android_Mali_G71, [000001FE8DF30700][000001FE8DA9C180 49] Android_Mali_G72, [000001FE8DE5FD00][000001FE8DB28400 49] Android_Mali_G72_Vulkan, [000001FE8DEA4100][000001FE8DB506C0 49] Android_Mali_G76, [000001FE8DE58B00][000001FE8DB54980 49] Android_Mali_G76_Vulkan, [000001FE8DEA6400][000001FE8DB58C40 49] Android_Mali_G77, [000001FE8DE5A200][000001FE8DB5CF00 49] Android_Mali_G77_Vulkan, [000001FE8DEA7900][000001FE8DB611C0 49] Android_Mali_G78, [000001FE8DE59300][000001FE8DB65480 49] Android_Mali_G78_Vulkan, [000001FE8DEA5E00][000001FE8DB69740 49] Android_Mali_G710, [000001FE8DE5AA00][000001FE8EB81A00 49] Android_Mali_G710_Vulkan, [000001FE8DEA5600][000001FE8EB84140 49] Android_Vulkan_SM5, [000001FE8DE59F00][000001FE8DB4C3C0 49] Android_PowerVR_G6xxx, [000001FE8DEA4C00][000001FE8EB8C640 49] Android_PowerVR_GT7xxx, [000001FE8DE59E00][000001FE8EBAE900 49] Android_PowerVR_GE8xxx, [000001FE8DEA5D00][000001FE8EBC6BC0 49] Android_PowerVR_GM9xxx, [000001FE8DF30200][000001FE8EBCEE80 49] Android_PowerVR_GM9xxx_Vulkan, [000001FE8DEA6600][000001FE8EBD3140 49] Android_TegraK1, [000001FE8DF30E00][000001FE8EBD7400 49] Android_Unknown_Vulkan, [000001FE8DEA5900][000001FE8EBDB6C0 49] Lumin, [000001FE8DF31500][000001FE8EC33980 49] Lumin_Desktop, [000001FE8DEA4800][000001FE8EC360C0 49] HoloLens, 
[2023.03.02-15.34.55:301][  0]LogAssetRegistry: Error: Package ../../../../../../Users/v8052459/OneDrive/New folder/-Journeyman-Twonic---Alpha-Team/Twonic/Content/LevelPrototyping/Materials/MF_ProcGrid.uasset is too old
[2023.03.02-15.34.55:301][  0]LogAssetRegistry: Error: Package ../../../../../../Users/v8052459/OneDrive/New folder/-Journeyman-Twonic---Alpha-Team/Twonic/Content/LevelPrototyping/Materials/M_PrototypeGrid.uasset is too old
[2023.03.02-15.34.55:302][  0]LogAssetRegistry: Error: Package ../../../../../../Users/v8052459/OneDrive/New folder/-Journeyman-Twonic---Alpha-Team/Twonic/Content/LevelPrototyping/Textures/T_GridChecker_A.uasset is too old
[2023.03.02-15.34.55:302][  0]LogMeshReduction: Using QuadricMeshReduction for automatic static mesh reduction
[2023.03.02-15.34.55:302][  0]LogMeshReduction: Using SimplygonMeshReduction for automatic skeletal mesh reduction
[2023.03.02-15.34.55:302][  0]LogMeshReduction: Using ProxyLODMeshReduction for automatic mesh merging
[2023.03.02-15.34.55:302][  0]LogMeshReduction: No distributed automatic mesh merging module available
[2023.03.02-15.34.55:302][  0]LogMeshMerging: No distributed automatic mesh merging module available
[2023.03.02-15.34.55:324][  0]LogNetVersion: Twonic 1.0.0, NetCL: 17155196, EngineNetVer: 17, GameNetVer: 0 (Checksum: 4023415434)
[2023.03.02-15.34.55:820][  0]LogTexture: Default maximum texture size for cubemaps generated from long-lat sources has been changed from 512 to unlimited. In order to preserve old behaiour for '/Engine/MapTemplates/Sky/DaylightAmbientCubemap.DaylightAmbientCubemap', its maximum texture size has been explicitly set to 512.
[2023.03.02-15.34.55:889][  0]LogHMD: PokeAHoleMaterial loaded successfully
[2023.03.02-15.34.55:895][  0]LogUObjectArray: 17180 objects as part of root set at end of initial load.
[2023.03.02-15.34.55:895][  0]LogUObjectAllocator: 4302608 out of 0 bytes used by permanent object pool.
[2023.03.02-15.34.55:895][  0]LogUObjectArray: CloseDisregardForGC: 0/0 objects in disregard for GC pool
[2023.03.02-15.34.56:334][  0]LogNiagaraDebuggerClient: Niagara Debugger Client Initialized | Session: F0BB4667442B8C789841E3B1971D2FCA | Instance: C7807DC94A68D1862D7FF3ADE56319C0 (TU45339-17736).
[2023.03.02-15.34.56:381][  0]LogPython: Using Python 3.7.7
[2023.03.02-15.34.57:118][  0]LogTcpMessaging: Initializing TcpMessaging bridge
[2023.03.02-15.34.57:125][  0]LogUdpMessaging: Initializing bridge on interface 0.0.0.0:0 to multicast group 230.0.0.1:6666.
[2023.03.02-15.34.57:365][  0]SourceControl: Source control is disabled
[2023.03.02-15.34.57:365][  0]SourceControl: Source control is disabled
[2023.03.02-15.34.57:370][  0]SourceControl: Source control is disabled
[2023.03.02-15.34.57:376][  0]SourceControl: Source control is disabled
[2023.03.02-15.34.57:393][  0]SourceControl: Source control is disabled
[2023.03.02-15.34.57:399][  0]LogUProjectInfo: Found projects:
[2023.03.02-15.34.57:740][  0]LogOpenImageDenoise: OIDN starting up
[2023.03.02-15.34.57:813][  0]LogAndroidPermission: UAndroidPermissionCallbackProxy::GetInstance
[2023.03.02-15.34.57:845][  0]LogAudioCaptureCore: Display: No Audio Capture implementations found. Audio input will be silent.
[2023.03.02-15.34.57:845][  0]LogAudioCaptureCore: Display: No Audio Capture implementations found. Audio input will be silent.
[2023.03.02-15.34.58:032][  0]LogCollectionManager: Loaded 0 collections in 0.001916 seconds
[2023.03.02-15.34.58:067][  0]LogFileCache: Scanning file cache for directory 'C:/Users/v8052459/OneDrive/New folder/-Journeyman-Twonic---Alpha-Team/Twonic/Saved/Collections/' took 0.00s
[2023.03.02-15.34.58:067][  0]LogFileCache: Scanning file cache for directory 'C:/Users/v8052459/OneDrive/New folder/-Journeyman-Twonic---Alpha-Team/Twonic/Content/Developers/V8052459/Collections/' took 0.00s
[2023.03.02-15.34.58:067][  0]LogFileCache: Scanning file cache for directory 'C:/Users/v8052459/OneDrive/New folder/-Journeyman-Twonic---Alpha-Team/Twonic/Content/Collections/' took 0.00s
[2023.03.02-15.34.58:067][  0]LogOcInput: OculusInput pre-init called
[2023.03.02-15.34.58:384][  0]LogEngine: Initializing Engine...
[2023.03.02-15.34.58:388][  0]LogHMD: Failed to enumerate extensions. Please check that you have a valid OpenXR runtime installed.
[2023.03.02-15.34.58:388][  0]LogHMD: Failed to initialize OpenVR with code 110
[2023.03.02-15.34.58:388][  0]LogMagicLeap: Warning: VR disabled because ZI is not enabled.  To enable, in the editor, Edit -> Project Settings -> Plugins -> Magic Leap Plugin -> Enable Zero Iteration
[2023.03.02-15.34.58:389][  0]LogStats: UGameplayTagsManager::InitializeManager -  0.000 s
[2023.03.02-15.34.58:532][  0]LogInit: Initializing FReadOnlyCVARCache
[2023.03.02-15.34.58:544][  0]LogAIModule: Creating AISystem for world Untitled
[2023.03.02-15.34.58:547][  0]LogAudio: Display: Initializing Audio Device Manager...
[2023.03.02-15.34.58:554][  0]LogAudio: Display: Loading Default Audio Settings Objects...
[2023.03.02-15.34.58:554][  0]LogAudio: Display: No default SoundConcurrencyObject specified (or failed to load).
[2023.03.02-15.34.58:555][  0]LogAudio: Display: Audio Device Manager Initialized
[2023.03.02-15.34.58:555][  0]LogAudio: Display: Creating Audio Device:                 Id: 1, Scope: Shared, Realtime: True
[2023.03.02-15.34.58:555][  0]LogAudioMixer: Display: Audio Mixer Platform Settings:
[2023.03.02-15.34.58:555][  0]LogAudioMixer: Display: 	Sample Rate:						  48000
[2023.03.02-15.34.58:555][  0]LogAudioMixer: Display: 	Callback Buffer Frame Size Requested: 1024
[2023.03.02-15.34.58:555][  0]LogAudioMixer: Display: 	Callback Buffer Frame Size To Use:	  1024
[2023.03.02-15.34.58:555][  0]LogAudioMixer: Display: 	Number of buffers to queue:			  2
[2023.03.02-15.34.58:555][  0]LogAudioMixer: Display: 	Max Channels (voices):				  32
[2023.03.02-15.34.58:555][  0]LogAudioMixer: Display: 	Number of Async Source Workers:		  0
[2023.03.02-15.34.58:555][  0]LogAudio: Display: AudioDevice MaxSources: 32
[2023.03.02-15.34.58:555][  0]LogAudio: Display: Audio Spatialization Plugin: None (built-in).
[2023.03.02-15.34.58:555][  0]LogAudio: Display: Audio Reverb Plugin: None (built-in).
[2023.03.02-15.34.58:555][  0]LogAudio: Display: Audio Occlusion Plugin: None (built-in).
[2023.03.02-15.34.58:555][  0]LogAudioMixer: Display: Initializing audio mixer.
[2023.03.02-15.34.58:582][  0]LogAudioMixer: Display: 0: FrontLeft
[2023.03.02-15.34.58:582][  0]LogAudioMixer: Display: 1: FrontRight
[2023.03.02-15.34.58:638][  0]LogAudioMixer: Display: Using Audio Device Speakers (Realtek High Definition Audio)
[2023.03.02-15.34.58:640][  0]LogAudioMixer: Display: Initializing Sound Submixes...
[2023.03.02-15.34.58:644][  0]LogAudioMixer: Display: Creating Master Submix 'MasterSubmixDefault'
[2023.03.02-15.34.58:644][  0]LogAudioMixer: Display: Creating Master Submix 'MasterReverbSubmixDefault'
[2023.03.02-15.34.58:645][  0]LogAudioMixer: Display: Creating Master Submix 'MasterEQSubmixDefault'
[2023.03.02-15.34.58:645][  0]LogAudioMixer: FMixerPlatformXAudio2::StartAudioStream() called
[2023.03.02-15.34.58:645][  0]LogAudioMixer: Display: Output buffers initialized: Frames=1024, Channels=2, Samples=2048
[2023.03.02-15.34.58:646][  0]LogAudioMixer: Display: Starting AudioMixerPlatformInterface::RunInternal()
[2023.03.02-15.34.58:646][  0]LogAudioMixer: Display: FMixerPlatformXAudio2::SubmitBuffer() called for the first time
[2023.03.02-15.34.58:646][  0]LogInit: FAudioDevice initialized.
[2023.03.02-15.34.58:646][  0]LogAudio: Display: Audio Device (ID: 1) registered with world 'Untitled'.
[2023.03.02-15.34.58:646][  0]LogNetVersion: Set ProjectVersion to 1.0.0.0. Version Checksum will be recalculated on next use.
[2023.03.02-15.34.58:801][  0]LogDerivedDataCache: Saved boot cache 0.16s 96MB C:/Users/v8052459/AppData/Local/UnrealEngine/4.27/DerivedDataCache/Boot.ddc.
[2023.03.02-15.34.58:804][  0]LogInit: Texture streaming: Enabled
[2023.03.02-15.34.58:824][  0]LogAnalytics: Display: [UEEditor.Rocket.Release] APIServer = https://datarouter.ol.epicgames.com/. AppVersion = 4.27.2-18319896+++UE4+Release-4.27
[2023.03.02-15.34.58:832][  0]LogEngineSessionManager: EngineSessionManager initialized
[2023.03.02-15.34.58:832][  0]LogEditorSessionSummary: Verbose: Initializing EditorSessionSummaryWriter for editor session tracking
[2023.03.02-15.34.58:841][  0]LogEditorSessionSummary: EditorSessionSummaryWriter initialized
[2023.03.02-15.34.58:886][  0]LogInit: Transaction tracking system initialized
[2023.03.02-15.34.58:926][  0]BlueprintLog: New page: Editor Load
[2023.03.02-15.34.59:038][  0]LocalizationService: Localization service is disabled
[2023.03.02-15.34.59:082][  0]TimingProfiler: Initialize
[2023.03.02-15.34.59:082][  0]TimingProfiler: OnSessionChanged
[2023.03.02-15.34.59:082][  0]LoadingProfiler: Initialize
[2023.03.02-15.34.59:082][  0]LoadingProfiler: OnSessionChanged
[2023.03.02-15.34.59:082][  0]NetworkingProfiler: Initialize
[2023.03.02-15.34.59:082][  0]NetworkingProfiler: OnSessionChanged
[2023.03.02-15.34.59:082][  0]MemoryProfiler: Initialize
[2023.03.02-15.34.59:082][  0]MemoryProfiler: OnSessionChanged
[2023.03.02-15.34.59:315][  0]LogCook: Display: CookSettings for Memory: MemoryMaxUsedVirtual 0MiB, MemoryMaxUsedPhysical 16384MiB, MemoryMinFreeVirtual 0MiB, MemoryMinFreePhysical 1024MiB
[2023.03.02-15.34.59:315][  0]LogCook: Display: Mobile HDR setting 1
[2023.03.02-15.34.59:621][  0]LogFileCache: Scanning file cache for directory 'C:/Users/v8052459/OneDrive/New folder/-Journeyman-Twonic---Alpha-Team/Twonic/Content/' took 0.02s
[2023.03.02-15.34.59:995][  0]LogInit: Display: Engine is initialized. Leaving FEngineLoop::Init()
[2023.03.02-15.35.00:003][  0]SourceControl: Source control is disabled
[2023.03.02-15.35.00:003][  0]LogUnrealEdMisc: Loading editor; pre map load, took 10.871
[2023.03.02-15.35.00:004][  0]LogEditorServer: Warning: Can't find file '../../../../../../Users/v8052459/OneDrive/New folder/-Journeyman-Twonic---Alpha-Team/Twonic/Content/ThirdPersonBP/Maps/ThirdPersonExampleMap.umap'
[2023.03.02-15.35.00:004][  0]Cmd: MAP CHECKDEP NOCLEARLOG
[2023.03.02-15.35.00:004][  0]MapCheck: Map check complete: 0 Error(s), 0 Warning(s), took 0.198ms to complete.
[2023.03.02-15.35.00:004][  0]LogFileHelpers: Loading map 'ThirdPersonExampleMap' took 0.001
[2023.03.02-15.35.00:006][  0]LogUnrealEdMisc: Total Editor Startup Time, took 10.873
[2023.03.02-15.35.00:161][  0]LogSlate: Updating window title bar state: overlay mode, drag disabled, window buttons hidden, title bar hidden
[2023.03.02-15.35.00:168][  0]LogSlate: Updating window title bar state: overlay mode, drag disabled, window buttons hidden, title bar hidden
[2023.03.02-15.35.00:175][  0]LogSlate: Updating window title bar state: overlay mode, drag disabled, window buttons hidden, title bar hidden
[2023.03.02-15.35.00:181][  0]LogSlate: Updating window title bar state: overlay mode, drag disabled, window buttons hidden, title bar hidden
[2023.03.02-15.35.00:200][  0]LogNativeClassHierarchy: Verbose: Native class hierarchy populated in 0.0098 seconds. Added 3822 classes and 928 folders.
[2023.03.02-15.35.00:203][  0]LogNativeClassHierarchy: Verbose: Native class hierarchy updated for 'WidgetCarousel' in 0.0003 seconds. Added 0 classes and 0 folders.
[2023.03.02-15.35.00:205][  0]LogPakFile: PakFile PrimaryIndexSize=187
[2023.03.02-15.35.00:205][  0]LogPakFile: PakFile PathHashIndexSize=101
[2023.03.02-15.35.00:205][  0]LogPakFile: PakFile FullDirectoryIndexSize=148
[2023.03.02-15.35.00:205][  0]LogShaderLibrary: Display: ShaderCodeLibraryPakFileMountedCallback: PakFile 'C:/Program Files/Epic Games/UE_4.27/FeaturePacks/FP_FirstPerson.upack' (chunk index -1, root 'root:/') mounted
[2023.03.02-15.35.00:205][  0]LogShaderLibrary: Display: ShaderCodeLibraryPakFileMountedCallback: pending pak file info (ChunkID:-1 Root:root:/ File:C:/Program Files/Epic Games/UE_4.27/FeaturePacks/FP_FirstPerson.upack)
[2023.03.02-15.35.00:205][  0]LogPakFile: OnPakFileMounted2Time == 0.000059
[2023.03.02-15.35.00:206][  0]LogPakFile: PakFile PrimaryIndexSize=189
[2023.03.02-15.35.00:206][  0]LogPakFile: PakFile PathHashIndexSize=101
[2023.03.02-15.35.00:206][  0]LogPakFile: PakFile FullDirectoryIndexSize=152
[2023.03.02-15.35.00:206][  0]LogShaderLibrary: Display: ShaderCodeLibraryPakFileMountedCallback: PakFile 'C:/Program Files/Epic Games/UE_4.27/FeaturePacks/FP_FirstPersonBP.upack' (chunk index -1, root 'root:/') mounted
[2023.03.02-15.35.00:206][  0]LogShaderLibrary: Display: ShaderCodeLibraryPakFileMountedCallback: pending pak file info (ChunkID:-1 Root:root:/ File:C:/Program Files/Epic Games/UE_4.27/FeaturePacks/FP_FirstPersonBP.upack)
[2023.03.02-15.35.00:206][  0]LogPakFile: OnPakFileMounted2Time == 0.000040
[2023.03.02-15.35.00:207][  0]LogPakFile: PakFile PrimaryIndexSize=191
[2023.03.02-15.35.00:207][  0]LogPakFile: PakFile PathHashIndexSize=101
[2023.03.02-15.35.00:207][  0]LogPakFile: PakFile FullDirectoryIndexSize=160
[2023.03.02-15.35.00:207][  0]LogShaderLibrary: Display: ShaderCodeLibraryPakFileMountedCallback: PakFile 'C:/Program Files/Epic Games/UE_4.27/FeaturePacks/MobileStarterContent.upack' (chunk index -1, root 'root:/') mounted
[2023.03.02-15.35.00:207][  0]LogShaderLibrary: Display: ShaderCodeLibraryPakFileMountedCallback: pending pak file info (ChunkID:-1 Root:root:/ File:C:/Program Files/Epic Games/UE_4.27/FeaturePacks/MobileStarterContent.upack)
[2023.03.02-15.35.00:207][  0]LogPakFile: OnPakFileMounted2Time == 0.000036
[2023.03.02-15.35.00:208][  0]LogPakFile: PakFile PrimaryIndexSize=185
[2023.03.02-15.35.00:208][  0]LogPakFile: PakFile PathHashIndexSize=101
[2023.03.02-15.35.00:208][  0]LogPakFile: PakFile FullDirectoryIndexSize=148
[2023.03.02-15.35.00:208][  0]LogShaderLibrary: Display: ShaderCodeLibraryPakFileMountedCallback: PakFile 'C:/Program Files/Epic Games/UE_4.27/FeaturePacks/StarterContent.upack' (chunk index -1, root 'root:/') mounted
[2023.03.02-15.35.00:208][  0]LogShaderLibrary: Display: ShaderCodeLibraryPakFileMountedCallback: pending pak file info (ChunkID:-1 Root:root:/ File:C:/Program Files/Epic Games/UE_4.27/FeaturePacks/StarterContent.upack)
[2023.03.02-15.35.00:208][  0]LogPakFile: OnPakFileMounted2Time == 0.000037
[2023.03.02-15.35.00:208][  0]LogPakFile: PakFile PrimaryIndexSize=190
[2023.03.02-15.35.00:208][  0]LogPakFile: PakFile PathHashIndexSize=101
[2023.03.02-15.35.00:208][  0]LogPakFile: PakFile FullDirectoryIndexSize=154
[2023.03.02-15.35.00:209][  0]LogShaderLibrary: Display: ShaderCodeLibraryPakFileMountedCallback: PakFile 'C:/Program Files/Epic Games/UE_4.27/FeaturePacks/TP_2DSideScroller.upack' (chunk index -1, root 'root:/') mounted
[2023.03.02-15.35.00:209][  0]LogShaderLibrary: Display: ShaderCodeLibraryPakFileMountedCallback: pending pak file info (ChunkID:-1 Root:root:/ File:C:/Program Files/Epic Games/UE_4.27/FeaturePacks/TP_2DSideScroller.upack)
[2023.03.02-15.35.00:209][  0]LogPakFile: OnPakFileMounted2Time == 0.000037
[2023.03.02-15.35.00:209][  0]LogPakFile: PakFile PrimaryIndexSize=192
[2023.03.02-15.35.00:209][  0]LogPakFile: PakFile PathHashIndexSize=101
[2023.03.02-15.35.00:209][  0]LogPakFile: PakFile FullDirectoryIndexSize=158
[2023.03.02-15.35.00:209][  0]LogShaderLibrary: Display: ShaderCodeLibraryPakFileMountedCallback: PakFile 'C:/Program Files/Epic Games/UE_4.27/FeaturePacks/TP_2DSideScrollerBP.upack' (chunk index -1, root 'root:/') mounted
[2023.03.02-15.35.00:209][  0]LogShaderLibrary: Display: ShaderCodeLibraryPakFileMountedCallback: pending pak file info (ChunkID:-1 Root:root:/ File:C:/Program Files/Epic Games/UE_4.27/FeaturePacks/TP_2DSideScrollerBP.upack)
[2023.03.02-15.35.00:209][  0]LogPakFile: OnPakFileMounted2Time == 0.000035
[2023.03.02-15.35.00:210][  0]LogPakFile: PakFile PrimaryIndexSize=182
[2023.03.02-15.35.00:210][  0]LogPakFile: PakFile PathHashIndexSize=101
[2023.03.02-15.35.00:210][  0]LogPakFile: PakFile FullDirectoryIndexSize=138
[2023.03.02-15.35.00:210][  0]LogShaderLibrary: Display: ShaderCodeLibraryPakFileMountedCallback: PakFile 'C:/Program Files/Epic Games/UE_4.27/FeaturePacks/TP_Flying.upack' (chunk index -1, root 'root:/') mounted
[2023.03.02-15.35.00:210][  0]LogShaderLibrary: Display: ShaderCodeLibraryPakFileMountedCallback: pending pak file info (ChunkID:-1 Root:root:/ File:C:/Program Files/Epic Games/UE_4.27/FeaturePacks/TP_Flying.upack)
[2023.03.02-15.35.00:210][  0]LogPakFile: OnPakFileMounted2Time == 0.000035
[2023.03.02-15.35.00:211][  0]LogPakFile: PakFile PrimaryIndexSize=184
[2023.03.02-15.35.00:211][  0]LogPakFile: PakFile PathHashIndexSize=101
[2023.03.02-15.35.00:211][  0]LogPakFile: PakFile FullDirectoryIndexSize=142
[2023.03.02-15.35.00:211][  0]LogShaderLibrary: Display: ShaderCodeLibraryPakFileMountedCallback: PakFile 'C:/Program Files/Epic Games/UE_4.27/FeaturePacks/TP_FlyingBP.upack' (chunk index -1, root 'root:/') mounted
[2023.03.02-15.35.00:211][  0]LogShaderLibrary: Display: ShaderCodeLibraryPakFileMountedCallback: pending pak file info (ChunkID:-1 Root:root:/ File:C:/Program Files/Epic Games/UE_4.27/FeaturePacks/TP_FlyingBP.upack)
[2023.03.02-15.35.00:211][  0]LogPakFile: OnPakFileMounted2Time == 0.000035
[2023.03.02-15.35.00:212][  0]LogPakFile: PakFile PrimaryIndexSize=188
[2023.03.02-15.35.00:212][  0]LogPakFile: PakFile PathHashIndexSize=101
[2023.03.02-15.35.00:212][  0]LogPakFile: PakFile FullDirectoryIndexSize=150
[2023.03.02-15.35.00:212][  0]LogShaderLibrary: Display: ShaderCodeLibraryPakFileMountedCallback: PakFile 'C:/Program Files/Epic Games/UE_4.27/FeaturePacks/TP_HandheldARBP.upack' (chunk index -1, root 'root:/') mounted
[2023.03.02-15.35.00:212][  0]LogShaderLibrary: Display: ShaderCodeLibraryPakFileMountedCallback: pending pak file info (ChunkID:-1 Root:root:/ File:C:/Program Files/Epic Games/UE_4.27/FeaturePacks/TP_HandheldARBP.upack)
[2023.03.02-15.35.00:212][  0]LogPakFile: OnPakFileMounted2Time == 0.000039
[2023.03.02-15.35.00:213][  0]LogPakFile: PakFile PrimaryIndexSize=182
[2023.03.02-15.35.00:213][  0]LogPakFile: PakFile PathHashIndexSize=101
[2023.03.02-15.35.00:213][  0]LogPakFile: PakFile FullDirectoryIndexSize=138
[2023.03.02-15.35.00:213][  0]LogShaderLibrary: Display: ShaderCodeLibraryPakFileMountedCallback: PakFile 'C:/Program Files/Epic Games/UE_4.27/FeaturePacks/TP_Puzzle.upack' (chunk index -1, root 'root:/') mounted
[2023.03.02-15.35.00:214][  0]LogShaderLibrary: Display: ShaderCodeLibraryPakFileMountedCallback: pending pak file info (ChunkID:-1 Root:root:/ File:C:/Program Files/Epic Games/UE_4.27/FeaturePacks/TP_Puzzle.upack)
[2023.03.02-15.35.00:214][  0]LogPakFile: OnPakFileMounted2Time == 0.000038
[2023.03.02-15.35.00:214][  0]LogPakFile: PakFile PrimaryIndexSize=184
[2023.03.02-15.35.00:214][  0]LogPakFile: PakFile PathHashIndexSize=101
[2023.03.02-15.35.00:214][  0]LogPakFile: PakFile FullDirectoryIndexSize=142
[2023.03.02-15.35.00:214][  0]LogShaderLibrary: Display: ShaderCodeLibraryPakFileMountedCallback: PakFile 'C:/Program Files/Epic Games/UE_4.27/FeaturePacks/TP_PuzzleBP.upack' (chunk index -1, root 'root:/') mounted
[2023.03.02-15.35.00:214][  0]LogShaderLibrary: Display: ShaderCodeLibraryPakFileMountedCallback: pending pak file info (ChunkID:-1 Root:root:/ File:C:/Program Files/Epic Games/UE_4.27/FeaturePacks/TP_PuzzleBP.upack)
[2023.03.02-15.35.00:214][  0]LogPakFile: OnPakFileMounted2Time == 0.000035
[2023.03.02-15.35.00:215][  0]LogPakFile: PakFile PrimaryIndexSize=183
[2023.03.02-15.35.00:215][  0]LogPakFile: PakFile PathHashIndexSize=101
[2023.03.02-15.35.00:215][  0]LogPakFile: PakFile FullDirectoryIndexSize=140
[2023.03.02-15.35.00:215][  0]LogShaderLibrary: Display: ShaderCodeLibraryPakFileMountedCallback: PakFile 'C:/Program Files/Epic Games/UE_4.27/FeaturePacks/TP_Rolling.upack' (chunk index -1, root 'root:/') mounted
[2023.03.02-15.35.00:215][  0]LogShaderLibrary: Display: ShaderCodeLibraryPakFileMountedCallback: pending pak file info (ChunkID:-1 Root:root:/ File:C:/Program Files/Epic Games/UE_4.27/FeaturePacks/TP_Rolling.upack)
[2023.03.02-15.35.00:215][  0]LogPakFile: OnPakFileMounted2Time == 0.000035
[2023.03.02-15.35.00:216][  0]LogPakFile: PakFile PrimaryIndexSize=185
[2023.03.02-15.35.00:216][  0]LogPakFile: PakFile PathHashIndexSize=101
[2023.03.02-15.35.00:216][  0]LogPakFile: PakFile FullDirectoryIndexSize=144
[2023.03.02-15.35.00:216][  0]LogShaderLibrary: Display: ShaderCodeLibraryPakFileMountedCallback: PakFile 'C:/Program Files/Epic Games/UE_4.27/FeaturePacks/TP_RollingBP.upack' (chunk index -1, root 'root:/') mounted
[2023.03.02-15.35.00:216][  0]LogShaderLibrary: Display: ShaderCodeLibraryPakFileMountedCallback: pending pak file info (ChunkID:-1 Root:root:/ File:C:/Program Files/Epic Games/UE_4.27/FeaturePacks/TP_RollingBP.upack)
[2023.03.02-15.35.00:216][  0]LogPakFile: OnPakFileMounted2Time == 0.000037
[2023.03.02-15.35.00:217][  0]LogPakFile: PakFile PrimaryIndexSize=188
[2023.03.02-15.35.00:217][  0]LogPakFile: PakFile PathHashIndexSize=101
[2023.03.02-15.35.00:217][  0]LogPakFile: PakFile FullDirectoryIndexSize=150
[2023.03.02-15.35.00:217][  0]LogShaderLibrary: Display: ShaderCodeLibraryPakFileMountedCallback: PakFile 'C:/Program Files/Epic Games/UE_4.27/FeaturePacks/TP_SideScroller.upack' (chunk index -1, root 'root:/') mounted
[2023.03.02-15.35.00:217][  0]LogShaderLibrary: Display: ShaderCodeLibraryPakFileMountedCallback: pending pak file info (ChunkID:-1 Root:root:/ File:C:/Program Files/Epic Games/UE_4.27/FeaturePacks/TP_SideScroller.upack)
[2023.03.02-15.35.00:217][  0]LogPakFile: OnPakFileMounted2Time == 0.000035
[2023.03.02-15.35.00:218][  0]LogPakFile: PakFile PrimaryIndexSize=190
[2023.03.02-15.35.00:218][  0]LogPakFile: PakFile PathHashIndexSize=101
[2023.03.02-15.35.00:218][  0]LogPakFile: PakFile FullDirectoryIndexSize=154
[2023.03.02-15.35.00:218][  0]LogShaderLibrary: Display: ShaderCodeLibraryPakFileMountedCallback: PakFile 'C:/Program Files/Epic Games/UE_4.27/FeaturePacks/TP_SideScrollerBP.upack' (chunk index -1, root 'root:/') mounted
[2023.03.02-15.35.00:218][  0]LogShaderLibrary: Display: ShaderCodeLibraryPakFileMountedCallback: pending pak file info (ChunkID:-1 Root:root:/ File:C:/Program Files/Epic Games/UE_4.27/FeaturePacks/TP_SideScrollerBP.upack)
[2023.03.02-15.35.00:218][  0]LogPakFile: OnPakFileMounted2Time == 0.000042
[2023.03.02-15.35.00:219][  0]LogPakFile: PakFile PrimaryIndexSize=187
[2023.03.02-15.35.00:219][  0]LogPakFile: PakFile PathHashIndexSize=101
[2023.03.02-15.35.00:219][  0]LogPakFile: PakFile FullDirectoryIndexSize=148
[2023.03.02-15.35.00:219][  0]LogShaderLibrary: Display: ShaderCodeLibraryPakFileMountedCallback: PakFile 'C:/Program Files/Epic Games/UE_4.27/FeaturePacks/TP_ThirdPerson.upack' (chunk index -1, root 'root:/') mounted
[2023.03.02-15.35.00:219][  0]LogShaderLibrary: Display: ShaderCodeLibraryPakFileMountedCallback: pending pak file info (ChunkID:-1 Root:root:/ File:C:/Program Files/Epic Games/UE_4.27/FeaturePacks/TP_ThirdPerson.upack)
[2023.03.02-15.35.00:219][  0]LogPakFile: OnPakFileMounted2Time == 0.000038
[2023.03.02-15.35.00:220][  0]LogPakFile: PakFile PrimaryIndexSize=189
[2023.03.02-15.35.00:220][  0]LogPakFile: PakFile PathHashIndexSize=101
[2023.03.02-15.35.00:220][  0]LogPakFile: PakFile FullDirectoryIndexSize=152
[2023.03.02-15.35.00:220][  0]LogShaderLibrary: Display: ShaderCodeLibraryPakFileMountedCallback: PakFile 'C:/Program Files/Epic Games/UE_4.27/FeaturePacks/TP_ThirdPersonBP.upack' (chunk index -1, root 'root:/') mounted
[2023.03.02-15.35.00:220][  0]LogShaderLibrary: Display: ShaderCodeLibraryPakFileMountedCallback: pending pak file info (ChunkID:-1 Root:root:/ File:C:/Program Files/Epic Games/UE_4.27/FeaturePacks/TP_ThirdPersonBP.upack)
[2023.03.02-15.35.00:220][  0]LogPakFile: OnPakFileMounted2Time == 0.000040
[2023.03.02-15.35.00:221][  0]LogPakFile: PakFile PrimaryIndexSize=183
[2023.03.02-15.35.00:221][  0]LogPakFile: PakFile PathHashIndexSize=101
[2023.03.02-15.35.00:221][  0]LogPakFile: PakFile FullDirectoryIndexSize=140
[2023.03.02-15.35.00:221][  0]LogShaderLibrary: Display: ShaderCodeLibraryPakFileMountedCallback: PakFile 'C:/Program Files/Epic Games/UE_4.27/FeaturePacks/TP_TopDown.upack' (chunk index -1, root 'root:/') mounted
[2023.03.02-15.35.00:221][  0]LogShaderLibrary: Display: ShaderCodeLibraryPakFileMountedCallback: pending pak file info (ChunkID:-1 Root:root:/ File:C:/Program Files/Epic Games/UE_4.27/FeaturePacks/TP_TopDown.upack)
[2023.03.02-15.35.00:221][  0]LogPakFile: OnPakFileMounted2Time == 0.000043
[2023.03.02-15.35.00:222][  0]LogPakFile: PakFile PrimaryIndexSize=185
[2023.03.02-15.35.00:222][  0]LogPakFile: PakFile PathHashIndexSize=101
[2023.03.02-15.35.00:222][  0]LogPakFile: PakFile FullDirectoryIndexSize=144
[2023.03.02-15.35.00:222][  0]LogShaderLibrary: Display: ShaderCodeLibraryPakFileMountedCallback: PakFile 'C:/Program Files/Epic Games/UE_4.27/FeaturePacks/TP_TopDownBP.upack' (chunk index -1, root 'root:/') mounted
[2023.03.02-15.35.00:222][  0]LogShaderLibrary: Display: ShaderCodeLibraryPakFileMountedCallback: pending pak file info (ChunkID:-1 Root:root:/ File:C:/Program Files/Epic Games/UE_4.27/FeaturePacks/TP_TopDownBP.upack)
[2023.03.02-15.35.00:222][  0]LogPakFile: OnPakFileMounted2Time == 0.000039
[2023.03.02-15.35.00:223][  0]LogPakFile: PakFile PrimaryIndexSize=185
[2023.03.02-15.35.00:223][  0]LogPakFile: PakFile PathHashIndexSize=101
[2023.03.02-15.35.00:223][  0]LogPakFile: PakFile FullDirectoryIndexSize=144
[2023.03.02-15.35.00:223][  0]LogShaderLibrary: Display: ShaderCodeLibraryPakFileMountedCallback: PakFile 'C:/Program Files/Epic Games/UE_4.27/FeaturePacks/TP_TwinStick.upack' (chunk index -1, root 'root:/') mounted
[2023.03.02-15.35.00:223][  0]LogShaderLibrary: Display: ShaderCodeLibraryPakFileMountedCallback: pending pak file info (ChunkID:-1 Root:root:/ File:C:/Program Files/Epic Games/UE_4.27/FeaturePacks/TP_TwinStick.upack)
[2023.03.02-15.35.00:223][  0]LogPakFile: OnPakFileMounted2Time == 0.000035
[2023.03.02-15.35.00:224][  0]LogPakFile: PakFile PrimaryIndexSize=187
[2023.03.02-15.35.00:224][  0]LogPakFile: PakFile PathHashIndexSize=101
[2023.03.02-15.35.00:224][  0]LogPakFile: PakFile FullDirectoryIndexSize=148
[2023.03.02-15.35.00:224][  0]LogShaderLibrary: Display: ShaderCodeLibraryPakFileMountedCallback: PakFile 'C:/Program Files/Epic Games/UE_4.27/FeaturePacks/TP_TwinStickBP.upack' (chunk index -1, root 'root:/') mounted
[2023.03.02-15.35.00:224][  0]LogShaderLibrary: Display: ShaderCodeLibraryPakFileMountedCallback: pending pak file info (ChunkID:-1 Root:root:/ File:C:/Program Files/Epic Games/UE_4.27/FeaturePacks/TP_TwinStickBP.upack)
[2023.03.02-15.35.00:224][  0]LogPakFile: OnPakFileMounted2Time == 0.000039
[2023.03.02-15.35.00:225][  0]LogPakFile: PakFile PrimaryIndexSize=183
[2023.03.02-15.35.00:225][  0]LogPakFile: PakFile PathHashIndexSize=101
[2023.03.02-15.35.00:225][  0]LogPakFile: PakFile FullDirectoryIndexSize=140
[2023.03.02-15.35.00:225][  0]LogShaderLibrary: Display: ShaderCodeLibraryPakFileMountedCallback: PakFile 'C:/Program Files/Epic Games/UE_4.27/FeaturePacks/TP_Vehicle.upack' (chunk index -1, root 'root:/') mounted
[2023.03.02-15.35.00:225][  0]LogShaderLibrary: Display: ShaderCodeLibraryPakFileMountedCallback: pending pak file info (ChunkID:-1 Root:root:/ File:C:/Program Files/Epic Games/UE_4.27/FeaturePacks/TP_Vehicle.upack)
[2023.03.02-15.35.00:225][  0]LogPakFile: OnPakFileMounted2Time == 0.000035
[2023.03.02-15.35.00:226][  0]LogPakFile: PakFile PrimaryIndexSize=186
[2023.03.02-15.35.00:226][  0]LogPakFile: PakFile PathHashIndexSize=101
[2023.03.02-15.35.00:226][  0]LogPakFile: PakFile FullDirectoryIndexSize=146
[2023.03.02-15.35.00:226][  0]LogShaderLibrary: Display: ShaderCodeLibraryPakFileMountedCallback: PakFile 'C:/Program Files/Epic Games/UE_4.27/FeaturePacks/TP_VehicleAdv.upack' (chunk index -1, root 'root:/') mounted
[2023.03.02-15.35.00:226][  0]LogShaderLibrary: Display: ShaderCodeLibraryPakFileMountedCallback: pending pak file info (ChunkID:-1 Root:root:/ File:C:/Program Files/Epic Games/UE_4.27/FeaturePacks/TP_VehicleAdv.upack)
[2023.03.02-15.35.00:226][  0]LogPakFile: OnPakFileMounted2Time == 0.000043
[2023.03.02-15.35.00:227][  0]LogPakFile: PakFile PrimaryIndexSize=188
[2023.03.02-15.35.00:227][  0]LogPakFile: PakFile PathHashIndexSize=101
[2023.03.02-15.35.00:227][  0]LogPakFile: PakFile FullDirectoryIndexSize=150
[2023.03.02-15.35.00:227][  0]LogShaderLibrary: Display: ShaderCodeLibraryPakFileMountedCallback: PakFile 'C:/Program Files/Epic Games/UE_4.27/FeaturePacks/TP_VehicleAdvBP.upack' (chunk index -1, root 'root:/') mounted
[2023.03.02-15.35.00:227][  0]LogShaderLibrary: Display: ShaderCodeLibraryPakFileMountedCallback: pending pak file info (ChunkID:-1 Root:root:/ File:C:/Program Files/Epic Games/UE_4.27/FeaturePacks/TP_VehicleAdvBP.upack)
[2023.03.02-15.35.00:227][  0]LogPakFile: OnPakFileMounted2Time == 0.000036
[2023.03.02-15.35.00:228][  0]LogPakFile: PakFile PrimaryIndexSize=185
[2023.03.02-15.35.00:228][  0]LogPakFile: PakFile PathHashIndexSize=101
[2023.03.02-15.35.00:228][  0]LogPakFile: PakFile FullDirectoryIndexSize=144
[2023.03.02-15.35.00:228][  0]LogShaderLibrary: Display: ShaderCodeLibraryPakFileMountedCallback: PakFile 'C:/Program Files/Epic Games/UE_4.27/FeaturePacks/TP_VehicleBP.upack' (chunk index -1, root 'root:/') mounted
[2023.03.02-15.35.00:228][  0]LogShaderLibrary: Display: ShaderCodeLibraryPakFileMountedCallback: pending pak file info (ChunkID:-1 Root:root:/ File:C:/Program Files/Epic Games/UE_4.27/FeaturePacks/TP_VehicleBP.upack)
[2023.03.02-15.35.00:228][  0]LogPakFile: OnPakFileMounted2Time == 0.000036
[2023.03.02-15.35.00:229][  0]LogPakFile: PakFile PrimaryIndexSize=192
[2023.03.02-15.35.00:229][  0]LogPakFile: PakFile PathHashIndexSize=101
[2023.03.02-15.35.00:229][  0]LogPakFile: PakFile FullDirectoryIndexSize=158
[2023.03.02-15.35.00:229][  0]LogShaderLibrary: Display: ShaderCodeLibraryPakFileMountedCallback: PakFile 'C:/Program Files/Epic Games/UE_4.27/FeaturePacks/TP_VirtualRealityBP.upack' (chunk index -1, root 'root:/') mounted
[2023.03.02-15.35.00:229][  0]LogShaderLibrary: Display: ShaderCodeLibraryPakFileMountedCallback: pending pak file info (ChunkID:-1 Root:root:/ File:C:/Program Files/Epic Games/UE_4.27/FeaturePacks/TP_VirtualRealityBP.upack)
[2023.03.02-15.35.00:229][  0]LogPakFile: OnPakFileMounted2Time == 0.000037
[2023.03.02-15.35.00:335][  0]LogNativeClassHierarchy: Verbose: Native class hierarchy updated for 'AddContentDialog' in 0.0003 seconds. Added 0 classes and 0 folders.
[2023.03.02-15.35.00:336][  0]LogNativeClassHierarchy: Verbose: Native class hierarchy updated for 'SceneOutliner' in 0.0002 seconds. Added 2 classes and 0 folders.
[2023.03.02-15.35.00:383][  0]LogSlate: Took 0.000281 seconds to synchronously load lazily loaded font '../../../Engine/Content/Slate/Fonts/Roboto-Regular.ttf' (155K)
[2023.03.02-15.35.00:384][  0]LogSlate: Took 0.000216 seconds to synchronously load lazily loaded font '../../../Engine/Content/Editor/Slate/Fonts/FontAwesome.ttf' (139K)
[2023.03.02-15.35.00:385][  0]LogSlate: Took 0.000220 seconds to synchronously load lazily loaded font '../../../Engine/Content/Slate/Fonts/Roboto-Bold.ttf' (160K)
[2023.03.02-15.35.00:498][  0]LogRenderer: Reallocating scene render targets to support 1208x652 Format 10 NumSamples 1 (Frame:1).
[2023.03.02-15.35.00:737][  0]LogNativeClassHierarchy: Verbose: Native class hierarchy updated for 'HierarchicalLODOutliner' in 0.0003 seconds. Added 0 classes and 0 folders.
[2023.03.02-15.35.00:737][  0]LogLoad: (Engine Initialization) Total time: 11.60 seconds
[2023.03.02-15.35.00:737][  0]LogLoad: (Engine Initialization) Total Blueprint compile time: 0.00 seconds
[2023.03.02-15.35.00:792][  0]LogAssetRegistry: Asset discovery search completed in 6.1701 seconds
[2023.03.02-15.35.00:800][  0]LogCollectionManager: Fixed up redirectors for 0 collections in 0.000003 seconds (updated 0 objects)
[2023.03.02-15.35.00:800][  0]LogContentStreaming: Texture pool size now 1000 MB
[2023.03.02-15.35.00:866][  4]LogSlate: Took 0.000222 seconds to synchronously load lazily loaded font '../../../Engine/Content/Slate/Fonts/Roboto-Light.ttf' (167K)
[2023.03.02-15.36.02:722][408]LogMaterial: Display: Missing cached shadermap for Black in PCD3D_SM5, Default, SM5 (DDC key hash: ABA083571B2E6479472A95C97D1D9287C7924604), compiling. 
[2023.03.02-15.36.02:789][408]LogShaderCompilers: Display: Submitted 25 shader compile jobs with 'Low' priority
[2023.03.02-15.36.02:791][408]LogShaderCompilers: Display: Worker (1/3): shaders left to compile 25
[2023.03.02-15.36.02:791][408]LogShaderCompilers: Display: Worker (2/3): shaders left to compile 15
[2023.03.02-15.36.02:791][408]LogShaderCompilers: Display: Started 20 'Local' shader compile jobs with 'Low' priority
[2023.03.02-15.36.02:791][408]LogMaterial: Display: Missing cached shadermap for Blue in PCD3D_SM5, Default, SM5 (DDC key hash: AE1E311446F05CBBF4FF33172AB2F356BE6D72D1), compiling. 
[2023.03.02-15.36.02:811][408]LogShaderCompilers: Display: Submitted 25 shader compile jobs with 'Low' priority
[2023.03.02-15.36.02:818][408]LogSlate: Took 0.000246 seconds to synchronously load lazily loaded font '../../../Engine/Content/Slate/Fonts/Roboto-Light.ttf' (167K)
[2023.03.02-15.36.02:838][408]LogAssetEditorSubsystem: Opening Asset editor for Blueprint /Game/Roles/Designer/Ben/BP_Puzzle_AIO.BP_Puzzle_AIO
[2023.03.02-15.36.03:223][408]LogNativeClassHierarchy: Verbose: Native class hierarchy updated for 'BlueprintGraph' in 0.0007 seconds. Added 126 classes and 0 folders.
[2023.03.02-15.36.04:389][408]LogSlate: Took 0.001374 seconds to synchronously load lazily loaded font '../../../Engine/Content/Slate/Fonts/Roboto-BoldCondensed.ttf' (158K)
[2023.03.02-15.36.05:895][509]LogSlate: Took 0.001375 seconds to synchronously load lazily loaded font '../../../Engine/Content/Slate/Fonts/Roboto-Italic.ttf' (157K)
[2023.03.02-15.36.06:512][559]BlueprintLog: New page: Compile BP_Puzzle_AIO
[2023.03.02-15.36.06:614][559]LogUObjectHash: Compacting FUObjectHashTables data took   4.02ms
[2023.03.02-15.36.06:878][568]LogShaderCompilers: Display: Worker (1/3): shaders left to compile 3
[2023.03.02-15.36.06:878][568]LogShaderCompilers: Display: Started 2 'Local' shader compile jobs with 'ForceLocal' priority
[2023.03.02-15.36.07:700][639]LogShaderCompilers: Display: Worker (1/3): shaders left to compile 1
[2023.03.02-15.36.07:700][639]LogShaderCompilers: Display: Started 1 'Local' shader compile jobs with 'ForceLocal' priority
[2023.03.02-15.36.07:727][641]LogShaderCompilers: Display: Worker (2/3): shaders left to compile 27
[2023.03.02-15.36.07:727][641]LogShaderCompilers: Display: Started 10 'Local' shader compile jobs with 'Normal' priority
[2023.03.02-15.36.08:185][679]LogShaderCompilers: Display: Worker (1/3): shaders left to compile 17
[2023.03.02-15.36.08:185][679]LogShaderCompilers: Display: Started 9 'Local' shader compile jobs with 'Normal' priority
[2023.03.02-15.36.10:947][890]LogRenderer: Reallocating scene render targets to support 1208x1020 Format 10 NumSamples 1 (Frame:1).
[2023.03.02-15.36.11:560][928]LogShaderCompilers: Display: Worker (2/3): shaders left to compile 8
[2023.03.02-15.36.11:560][928]LogShaderCompilers: Display: Started 5 'Local' shader compile jobs with 'Normal' priority
[2023.03.02-15.36.12:816][ 36]LogShaderCompilers: Display: Worker (1/3): shaders left to compile 3
[2023.03.02-15.36.12:816][ 36]LogShaderCompilers: Display: Started 2 'Local' shader compile jobs with 'Normal' priority
[2023.03.02-15.36.13:615][106]LogShaderCompilers: Display: Worker (1/3): shaders left to compile 1
[2023.03.02-15.36.13:615][106]LogShaderCompilers: Display: Started 1 'Local' shader compile jobs with 'Normal' priority
[2023.03.02-15.36.37:822][580]LogUObjectHash: Compacting FUObjectHashTables data took   4.34ms
[2023.03.02-15.36.53:015][352]LogContentBrowser: Attempting asset rename: BP_Puzzle_AIO_2 -> BP_Puzzle_AIO-Spare
[2023.03.02-15.36.53:044][352]LogMetaData: Removing '/Game/Roles/Designer/Ben/BP_Puzzle_AIO-Spare.SKEL_BP_Puzzle_AIO-Spare_C' ref from Metadata '/Game/Roles/Designer/Ben/BP_Puzzle_AIO_2.PackageMetaData'
[2023.03.02-15.36.53:044][352]LogMetaData: Removing '/Game/Roles/Designer/Ben/BP_Puzzle_AIO-Spare.BP_Puzzle_AIO-Spare_C' ref from Metadata '/Game/Roles/Designer/Ben/BP_Puzzle_AIO_2.PackageMetaData'
[2023.03.02-15.36.53:044][352]LogMetaData: Removing '/Game/Roles/Designer/Ben/BP_Puzzle_AIO-Spare.SKEL_BP_Puzzle_AIO-Spare_C:ReceiveBeginPlay' ref from Metadata '/Game/Roles/Designer/Ben/BP_Puzzle_AIO_2.PackageMetaData'
[2023.03.02-15.36.53:044][352]LogMetaData: Removing '/Game/Roles/Designer/Ben/BP_Puzzle_AIO-Spare.SKEL_BP_Puzzle_AIO-Spare_C:ReceiveActorBeginOverlap' ref from Metadata '/Game/Roles/Designer/Ben/BP_Puzzle_AIO_2.PackageMetaData'
[2023.03.02-15.36.53:044][352]LogMetaData: Removing '/Game/Roles/Designer/Ben/BP_Puzzle_AIO-Spare.SKEL_BP_Puzzle_AIO-Spare_C:ReceiveTick' ref from Metadata '/Game/Roles/Designer/Ben/BP_Puzzle_AIO_2.PackageMetaData'
[2023.03.02-15.36.53:044][352]LogMetaData: Removing '/Game/Roles/Designer/Ben/BP_Puzzle_AIO-Spare.SKEL_BP_Puzzle_AIO-Spare_C:UserConstructionScript' ref from Metadata '/Game/Roles/Designer/Ben/BP_Puzzle_AIO_2.PackageMetaData'
[2023.03.02-15.36.53:166][352]LogSavePackage: Moving '../../../../../../Users/v8052459/OneDrive/New folder/-Journeyman-Twonic---Alpha-Team/Twonic/Saved/BP_Puzzle_AIO-SpareA5AA9FD04E235375776E1EB014730F9E.tmp' to '../../../../../../Users/v8052459/OneDrive/New folder/-Journeyman-Twonic---Alpha-Team/Twonic/Content/Roles/Designer/Ben/BP_Puzzle_AIO-Spare.uasset'
[2023.03.02-15.36.53:249][352]LogUObjectHash: Compacting FUObjectHashTables data took   3.62ms
[2023.03.02-15.36.53:276][352]LogUObjectHash: Compacting FUObjectHashTables data took   2.84ms
[2023.03.02-15.36.53:294][352]LogUObjectHash: Compacting FUObjectHashTables data took   0.57ms
[2023.03.02-15.36.53:327][352]AssetCheck: New page: Asset Save: BP_Puzzle_AIO-Spare
[2023.03.02-15.36.53:327][352]LogContentValidation: Display: Validating Blueprint /Game/Roles/Designer/Ben/BP_Puzzle_AIO-Spare.BP_Puzzle_AIO-Spare
