Log file open, 03/17/23 17:23:49
LogWindows: Failed to load 'aqProf.dll' (GetLastError=126)
LogWindows: File 'aqProf.dll' does not exist
LogWindows: Failed to load 'VtuneApi.dll' (GetLastError=126)
LogWindows: File 'VtuneApi.dll' does not exist
LogWindows: Failed to load 'VtuneApi32e.dll' (GetLastError=126)
LogWindows: File 'VtuneApi32e.dll' does not exist
LogConsoleResponse: Display: Failed to find resolution value strings in scalability ini. Falling back to default.
LogConsoleResponse: Display: Failed to find resolution value strings in scalability ini. Falling back to default.
LogInit: Display: Running engine for game: Twonic
LogPlatformFile: Not using cached read wrapper
LogTaskGraph: Started task graph with 5 named threads and 23 total threads with 3 sets of task threads.
LogStats: Stats thread started at 2.071044
LogICUInternationalization: ICU TimeZone Detection - Raw Offset: +0:00, Platform Override: ''
LogInit: Display: Loading text-based GConfig....
LogPluginManager: Mounting plugin MeshPainting
LogPluginManager: Mounting plugin XGEController
LogPluginManager: Mounting plugin Paper2D
LogPluginManager: Mounting plugin LiveLink
LogPluginManager: Mounting plugin AISupport
LogPluginManager: Mounting plugin EnvironmentQueryEditor
LogPluginManager: Mounting plugin CameraShakePreviewer
LogPluginManager: Mounting plugin LightPropagationVolume
LogPluginManager: Mounting plugin GameplayCameras
LogPluginManager: Mounting plugin OodleData
LogPluginManager: Mounting plugin OodleNetwork
LogPluginManager: Mounting plugin AnimationSharing
LogPluginManager: Mounting plugin CLionSourceCodeAccess
LogPluginManager: Mounting plugin CodeLiteSourceCodeAccess
LogPluginManager: Mounting plugin GitSourceControl
LogPluginManager: Mounting plugin KDevelopSourceCodeAccess
LogPluginManager: Mounting plugin NullSourceCodeAccess
LogPluginManager: Mounting plugin PerforceSourceControl
LogPluginManager: Mounting plugin PixWinPlugin
LogPluginManager: Mounting plugin PlasticSourceControl
LogPluginManager: Mounting plugin PluginUtils
LogPluginManager: Mounting plugin PropertyAccessNode
LogPluginManager: Mounting plugin SubversionSourceControl
LogPluginManager: Mounting plugin RiderSourceCodeAccess
LogPluginManager: Mounting plugin TextureFormatOodle
LogPluginManager: Mounting plugin UObjectPlugin
LogPluginManager: Mounting plugin VisualStudioCodeSourceCodeAccess
LogPluginManager: Mounting plugin XCodeSourceCodeAccess
LogPluginManager: Mounting plugin VisualStudioSourceCodeAccess
LogPluginManager: Mounting plugin AssetManagerEditor
LogPluginManager: Mounting plugin LuminPlatformFeatures
LogPluginManager: Mounting plugin MagicLeap
LogPluginManager: Mounting plugin Niagara
LogPluginManager: Mounting plugin CryptoKeys
LogPluginManager: Mounting plugin DatasmithContent
LogPluginManager: Mounting plugin CurveEditorTools
LogPluginManager: Mounting plugin DataValidation
LogPluginManager: Mounting plugin MagicLeapLightEstimation
LogPluginManager: Mounting plugin MagicLeapMedia
LogPluginManager: Mounting plugin FacialAnimation
LogPluginManager: Mounting plugin GameplayTagsEditor
LogPluginManager: Mounting plugin GeometryMode
LogPluginManager: Mounting plugin MacGraphicsSwitching
LogPluginManager: Mounting plugin MagicLeapPassableWorld
LogPluginManager: Mounting plugin MaterialAnalyzer
LogPluginManager: Mounting plugin AlembicImporter
LogPluginManager: Mounting plugin MobileLauncherProfileWizard
LogPluginManager: Mounting plugin PluginBrowser
LogPluginManager: Mounting plugin AutomationUtils
LogPluginManager: Mounting plugin MLSDK
LogPluginManager: Mounting plugin BackChannel
LogPluginManager: Mounting plugin SpeedTreeImporter
LogPluginManager: Mounting plugin ChaosCloth
LogPluginManager: Mounting plugin VariantManagerContent
LogPluginManager: Mounting plugin ChaosClothEditor
LogPluginManager: Mounting plugin ChaosEditor
LogPluginManager: Mounting plugin ChaosNiagara
LogPluginManager: Mounting plugin ChaosSolverPlugin
LogPluginManager: Mounting plugin CharacterAI
LogPluginManager: Mounting plugin GeometryCache
LogPluginManager: Mounting plugin GeometryCollectionPlugin
LogPluginManager: Mounting plugin GeometryProcessing
LogPluginManager: Mounting plugin MotoSynth
LogPluginManager: Mounting plugin OpenImageDenoise
LogPluginManager: Mounting plugin PlanarCut
LogPluginManager: Mounting plugin AndroidMedia
LogPluginManager: Mounting plugin ProxyLODPlugin
LogPluginManager: Mounting plugin PlatformCrypto
LogPluginManager: Mounting plugin PythonScriptPlugin
LogPluginManager: Mounting plugin AvfMedia
LogPluginManager: Mounting plugin SkeletalReduction
LogPluginManager: Mounting plugin ImgMedia
LogPluginManager: Mounting plugin MediaCompositing
LogPluginManager: Mounting plugin WebMMedia
LogPluginManager: Mounting plugin WmfMedia
LogPluginManager: Mounting plugin MediaPlayerEditor
LogPluginManager: Mounting plugin TcpMessaging
LogPluginManager: Mounting plugin UdpMessaging
LogPluginManager: Mounting plugin ActorSequence
LogPluginManager: Mounting plugin LevelSequenceEditor
LogPluginManager: Mounting plugin MatineeToLevelSequence
LogPluginManager: Mounting plugin TemplateSequence
LogPluginManager: Mounting plugin OnlineSubsystem
LogPluginManager: Mounting plugin OnlineSubsystemNull
LogPluginManager: Mounting plugin OnlineSubsystemUtils
LogPluginManager: Mounting plugin ActorLayerUtilities
LogPluginManager: Mounting plugin LauncherChunkInstaller
LogPluginManager: Mounting plugin AndroidDeviceProfileSelector
LogPluginManager: Mounting plugin AndroidMoviePlayer
LogPluginManager: Mounting plugin AndroidPermission
LogPluginManager: Mounting plugin AppleImageUtils
LogPluginManager: Mounting plugin AppleMoviePlayer
LogPluginManager: Mounting plugin ArchVisCharacter
LogPluginManager: Mounting plugin AssetTags
LogPluginManager: Mounting plugin AudioCapture
LogPluginManager: Mounting plugin AudioSynesthesia
LogPluginManager: Mounting plugin CableComponent
LogPluginManager: Mounting plugin CustomMeshComponent
LogPluginManager: Mounting plugin ChunkDownloader
LogPluginManager: Mounting plugin EditableMesh
LogPluginManager: Mounting plugin ExampleDeviceProfileSelector
LogPluginManager: Mounting plugin GoogleCloudMessaging
LogPluginManager: Mounting plugin GooglePAD
LogPluginManager: Mounting plugin IOSDeviceProfileSelector
LogPluginManager: Mounting plugin LinuxDeviceProfileSelector
LogPluginManager: Mounting plugin LocationServicesBPLibrary
LogPluginManager: Mounting plugin MobilePatchingUtils
LogPluginManager: Mounting plugin OpenXR
LogPluginManager: Mounting plugin OpenXREyeTracker
LogPluginManager: Mounting plugin OpenXRHandTracking
LogPluginManager: Mounting plugin ScreenshotTools
LogPluginManager: Mounting plugin PhysXVehicles
LogPluginManager: Mounting plugin PostSplashScreen
LogPluginManager: Mounting plugin ProceduralMeshComponent
LogPluginManager: Mounting plugin PropertyAccessEditor
LogPluginManager: Mounting plugin RuntimePhysXCooking
LogPluginManager: Mounting plugin SignificanceManager
LogPluginManager: Mounting plugin SoundFields
LogPluginManager: Mounting plugin Takes
LogPluginManager: Mounting plugin Synthesis
LogPluginManager: Mounting plugin WebMMoviePlayer
LogPluginManager: Mounting plugin WindowsMoviePlayer
LogPluginManager: Mounting plugin ContentBrowserAssetDataSource
LogPluginManager: Mounting plugin ContentBrowserClassDataSource
LogPluginManager: Mounting plugin ContentBrowserFileDataSource
LogPluginManager: Mounting plugin OnlineSubsystemGooglePlay
LogPluginManager: Mounting plugin OnlineSubsystemIOS
LogPluginManager: Mounting plugin OculusVR
LogPluginManager: Mounting plugin SteamVR
PixWinPlugin: PIX capture plugin failed to initialize! Check that the process is launched from PIX.
LogInit: Using libcurl 7.55.1-DEV
LogInit:  - built for x86_64-pc-win32
LogInit:  - supports SSL with OpenSSL/1.1.1
LogInit:  - supports HTTP deflate (compression) using libz 1.2.8
LogInit:  - other features:
LogInit:      CURL_VERSION_SSL
LogInit:      CURL_VERSION_LIBZ
LogInit:      CURL_VERSION_IPV6
LogInit:      CURL_VERSION_ASYNCHDNS
LogInit:      CURL_VERSION_LARGEFILE
LogInit:      CURL_VERSION_IDN
LogInit:  CurlRequestOptions (configurable via config and command line):
LogInit:  - bVerifyPeer = true  - Libcurl will verify peer certificate
LogInit:  - bUseHttpProxy = false  - Libcurl will NOT use HTTP proxy
LogInit:  - bDontReuseConnections = false  - Libcurl will reuse connections
LogInit:  - MaxHostConnections = 16  - Libcurl will limit the number of connections to a host
LogInit:  - LocalHostAddr = Default
LogInit:  - BufferSize = 65536
LogOnline: OSS: Creating online subsystem instance for: NULL
LogInit: WinSock: version 1.1 (2.2), MaxSocks=32767, MaxUdp=65467
LogOnline: OSS: TryLoadSubsystemAndSetDefault: Loaded subsystem for module [NULL]
LogInit: Build: ++UE4+Release-4.27-CL-18319896
LogInit: Engine Version: 4.27.2-18319896+++UE4+Release-4.27
LogInit: Compatible Engine Version: 4.27.0-17155196+++UE4+Release-4.27
LogInit: Net CL: 17155196
LogInit: OS: Windows 10 (Release 2009) (), CPU: Intel(R) Core(TM) i5-8300H CPU @ 2.30GHz, GPU: NVIDIA GeForce GTX 1060
LogInit: Compiled (64-bit): Nov 30 2021 07:12:08
LogInit: Compiled with Visual C++: 19.24.28315.00
LogInit: Build Configuration: Development
LogInit: Branch Name: ++UE4+Release-4.27
LogInit: Command Line:  C:/Users/emmyt/OneDrive/Documents/GitHub/-Journeyman-Twonic---Alpha-Team/Twonic/Twonic.uproject -run=GatherText -config=Config/Localization/Game_Compile.ini
LogInit: Base Directory: D:/Epic Games/UE_4.27/Engine/Binaries/Win64/
LogInit: Allocator: TBB
LogInit: Installed Engine Build: 1
LogDevObjectVersion: Number of dev versions registered: 29
LogDevObjectVersion:   Dev-Blueprints (B0D832E4-1F89-4F0D-ACCF-7EB736FD4AA2): 10
LogDevObjectVersion:   Dev-Build (E1C64328-A22C-4D53-A36C-8E866417BD8C): 0
LogDevObjectVersion:   Dev-Core (375EC13C-06E4-48FB-B500-84F0262A717E): 4
LogDevObjectVersion:   Dev-Editor (E4B068ED-F494-42E9-A231-DA0B2E46BB41): 40
LogDevObjectVersion:   Dev-Framework (CFFC743F-43B0-4480-9391-14DF171D2073): 37
LogDevObjectVersion:   Dev-Mobile (B02B49B5-BB20-44E9-A304-32B752E40360): 3
LogDevObjectVersion:   Dev-Networking (A4E4105C-59A1-49B5-A7C5-40C4547EDFEE): 0
LogDevObjectVersion:   Dev-Online (39C831C9-5AE6-47DC-9A44-9C173E1C8E7C): 0
LogDevObjectVersion:   Dev-Physics (78F01B33-EBEA-4F98-B9B4-84EACCB95AA2): 14
LogDevObjectVersion:   Dev-Platform (6631380F-2D4D-43E0-8009-CF276956A95A): 0
LogDevObjectVersion:   Dev-Rendering (12F88B9F-8875-4AFC-A67C-D90C383ABD29): 45
LogDevObjectVersion:   Dev-Sequencer (7B5AE74C-D270-4C10-A958-57980B212A5A): 13
LogDevObjectVersion:   Dev-VR (D7296918-1DD6-4BDD-9DE2-64A83CC13884): 3
LogDevObjectVersion:   Dev-LoadTimes (C2A15278-BFE7-4AFE-6C17-90FF531DF755): 1
LogDevObjectVersion:   Private-Geometry (6EACA3D4-40EC-4CC1-B786-8BED09428FC5): 3
LogDevObjectVersion:   Dev-AnimPhys (29E575DD-E0A3-4627-9D10-D276232CDCEA): 17
LogDevObjectVersion:   Dev-Anim (AF43A65D-7FD3-4947-9873-3E8ED9C1BB05): 15
LogDevObjectVersion:   Dev-ReflectionCapture (6B266CEC-1EC7-4B8F-A30B-E4D90942FC07): 1
LogDevObjectVersion:   Dev-Automation (0DF73D61-A23F-47EA-B727-89E90C41499A): 1
LogDevObjectVersion:   FortniteMain (601D1886-AC64-4F84-AA16-D3DE0DEAC7D6): 47
LogDevObjectVersion:   FortniteRelease (E7086368-6B23-4C58-8439-1B7016265E91): 1
LogDevObjectVersion:   Dev-Enterprise (9DFFBCD6-494F-0158-E221-12823C92A888): 10
LogDevObjectVersion:   Dev-Niagara (F2AED0AC-9AFE-416F-8664-AA7FFA26D6FC): 1
LogDevObjectVersion:   Dev-Destruction (174F1F0B-B4C6-45A5-B13F-2EE8D0FB917D): 10
LogDevObjectVersion:   Dev-Physics-Ext (35F94A83-E258-406C-A318-09F59610247C): 41
LogDevObjectVersion:   Dev-PhysicsMaterial-Chaos (B68FC16E-8B1B-42E2-B453-215C058844FE): 1
LogDevObjectVersion:   Dev-CineCamera (B2E18506-4273-CFC2-A54E-F4BB758BBA07): 1
LogDevObjectVersion:   Dev-VirtualProduction (64F58936-FD1B-42BA-BA96-7289D5D0FA4E): 1
LogDevObjectVersion:   Dev-MediaFramework (6F0ED827-A609-4895-9C91-998D90180EA4): 2
LogInit: Presizing for max 25165824 objects, including 0 objects not considered by GC, pre-allocating 0 bytes for permanent pool.
LogConfig: Applying CVar settings from Section [/Script/Engine.StreamingSettings] File [C:/Users/emmyt/OneDrive/Documents/GitHub/-Journeyman-Twonic---Alpha-Team/Twonic/Saved/Config/Windows/Engine.ini]
LogConfig: Setting CVar [[s.MinBulkDataSizeForAsyncLoading:131072]]
LogConfig: Setting CVar [[s.AsyncLoadingThreadEnabled:0]]
LogConfig: Setting CVar [[s.EventDrivenLoaderEnabled:1]]
LogConfig: Setting CVar [[s.WarnIfTimeLimitExceeded:0]]
LogConfig: Setting CVar [[s.TimeLimitExceededMultiplier:1.5]]
LogConfig: Setting CVar [[s.TimeLimitExceededMinTime:0.005]]
LogConfig: Setting CVar [[s.UseBackgroundLevelStreaming:1]]
LogConfig: Setting CVar [[s.PriorityAsyncLoadingExtraTime:15.0]]
LogConfig: Setting CVar [[s.LevelStreamingActorsUpdateTimeLimit:5.0]]
LogConfig: Setting CVar [[s.PriorityLevelStreamingActorsUpdateExtraTime:5.0]]
LogConfig: Setting CVar [[s.LevelStreamingComponentsRegistrationGranularity:10]]
LogConfig: Setting CVar [[s.UnregisterComponentsTimeLimit:1.0]]
LogConfig: Setting CVar [[s.LevelStreamingComponentsUnregistrationGranularity:5]]
LogConfig: Setting CVar [[s.FlushStreamingOnExit:1]]
LogInit: Object subsystem initialized
LogConfig: Setting CVar [[con.DebugEarlyDefault:1]]
LogConfig: Setting CVar [[r.setres:1280x720]]
[2023.03.17-17.23.51:803][  0]LogConfig: Setting CVar [[con.DebugEarlyDefault:1]]
[2023.03.17-17.23.51:803][  0]LogConfig: Setting CVar [[r.setres:1280x720]]
[2023.03.17-17.23.51:803][  0]LogConfig: Applying CVar settings from Section [/Script/Engine.RendererSettings] File [C:/Users/emmyt/OneDrive/Documents/GitHub/-Journeyman-Twonic---Alpha-Team/Twonic/Saved/Config/Windows/Engine.ini]
[2023.03.17-17.23.51:803][  0]LogConfig: Setting CVar [[r.GPUCrashDebugging:0]]
[2023.03.17-17.23.51:803][  0]LogConfig: Setting CVar [[r.ForwardShading:0]]
[2023.03.17-17.23.51:803][  0]LogConfig: Applying CVar settings from Section [/Script/Engine.RendererOverrideSettings] File [C:/Users/emmyt/OneDrive/Documents/GitHub/-Journeyman-Twonic---Alpha-Team/Twonic/Saved/Config/Windows/Engine.ini]
[2023.03.17-17.23.51:803][  0]LogConfig: Applying CVar settings from Section [/Script/Engine.StreamingSettings] File [C:/Users/emmyt/OneDrive/Documents/GitHub/-Journeyman-Twonic---Alpha-Team/Twonic/Saved/Config/Windows/Engine.ini]
[2023.03.17-17.23.51:803][  0]LogConfig: Setting CVar [[s.MinBulkDataSizeForAsyncLoading:131072]]
[2023.03.17-17.23.51:803][  0]LogConfig: Setting CVar [[s.AsyncLoadingThreadEnabled:0]]
[2023.03.17-17.23.51:803][  0]LogConfig: Setting CVar [[s.EventDrivenLoaderEnabled:1]]
[2023.03.17-17.23.51:803][  0]LogConfig: Setting CVar [[s.WarnIfTimeLimitExceeded:0]]
[2023.03.17-17.23.51:804][  0]LogConfig: Setting CVar [[s.TimeLimitExceededMultiplier:1.5]]
[2023.03.17-17.23.51:804][  0]LogConfig: Setting CVar [[s.TimeLimitExceededMinTime:0.005]]
[2023.03.17-17.23.51:804][  0]LogConfig: Setting CVar [[s.UseBackgroundLevelStreaming:1]]
[2023.03.17-17.23.51:804][  0]LogConfig: Setting CVar [[s.PriorityAsyncLoadingExtraTime:15.0]]
[2023.03.17-17.23.51:804][  0]LogConfig: Setting CVar [[s.LevelStreamingActorsUpdateTimeLimit:5.0]]
[2023.03.17-17.23.51:804][  0]LogConfig: Setting CVar [[s.PriorityLevelStreamingActorsUpdateExtraTime:5.0]]
[2023.03.17-17.23.51:804][  0]LogConfig: Setting CVar [[s.LevelStreamingComponentsRegistrationGranularity:10]]
[2023.03.17-17.23.51:804][  0]LogConfig: Setting CVar [[s.UnregisterComponentsTimeLimit:1.0]]
[2023.03.17-17.23.51:804][  0]LogConfig: Setting CVar [[s.LevelStreamingComponentsUnregistrationGranularity:5]]
[2023.03.17-17.23.51:804][  0]LogConfig: Setting CVar [[s.FlushStreamingOnExit:1]]
[2023.03.17-17.23.51:804][  0]LogConfig: Applying CVar settings from Section [/Script/Engine.GarbageCollectionSettings] File [C:/Users/emmyt/OneDrive/Documents/GitHub/-Journeyman-Twonic---Alpha-Team/Twonic/Saved/Config/Windows/Engine.ini]
[2023.03.17-17.23.51:804][  0]LogConfig: Setting CVar [[gc.MaxObjectsNotConsideredByGC:1]]
[2023.03.17-17.23.51:804][  0]LogConfig: Setting CVar [[gc.SizeOfPermanentObjectPool:0]]
[2023.03.17-17.23.51:804][  0]LogConfig: Setting CVar [[gc.FlushStreamingOnGC:0]]
[2023.03.17-17.23.51:804][  0]LogConfig: Setting CVar [[gc.NumRetriesBeforeForcingGC:10]]
[2023.03.17-17.23.51:804][  0]LogConfig: Setting CVar [[gc.AllowParallelGC:1]]
[2023.03.17-17.23.51:804][  0]LogConfig: Setting CVar [[gc.TimeBetweenPurgingPendingKillObjects:61.1]]
[2023.03.17-17.23.51:804][  0]LogConfig: Setting CVar [[gc.MaxObjectsInEditor:25165824]]
[2023.03.17-17.23.51:804][  0]LogConfig: Setting CVar [[gc.IncrementalBeginDestroyEnabled:1]]
[2023.03.17-17.23.51:804][  0]LogConfig: Setting CVar [[gc.CreateGCClusters:1]]
[2023.03.17-17.23.51:804][  0]LogConfig: Setting CVar [[gc.MinGCClusterSize:5]]
[2023.03.17-17.23.51:804][  0]LogConfig: Setting CVar [[gc.ActorClusteringEnabled:0]]
[2023.03.17-17.23.51:804][  0]LogConfig: Setting CVar [[gc.BlueprintClusteringEnabled:0]]
[2023.03.17-17.23.51:804][  0]LogConfig: Setting CVar [[gc.UseDisregardForGCOnDedicatedServers:0]]
[2023.03.17-17.23.51:804][  0]LogConfig: Setting CVar [[gc.MultithreadedDestructionEnabled:1]]
[2023.03.17-17.23.51:804][  0]LogConfig: Applying CVar settings from Section [/Script/Engine.NetworkSettings] File [C:/Users/emmyt/OneDrive/Documents/GitHub/-Journeyman-Twonic---Alpha-Team/Twonic/Saved/Config/Windows/Engine.ini]
[2023.03.17-17.23.51:804][  0]LogConfig: Applying CVar settings from Section [/Script/UnrealEd.CookerSettings] File [C:/Users/emmyt/OneDrive/Documents/GitHub/-Journeyman-Twonic---Alpha-Team/Twonic/Saved/Config/Windows/Engine.ini]
[2023.03.17-17.23.51:804][  0]LogConfig: Applying CVar settings from Section [ViewDistanceQuality@3] File [C:/Users/emmyt/OneDrive/Documents/GitHub/-Journeyman-Twonic---Alpha-Team/Twonic/Saved/Config/Windows/Scalability.ini]
[2023.03.17-17.23.51:804][  0]LogConfig: Setting CVar [[r.SkeletalMeshLODBias:0]]
[2023.03.17-17.23.51:804][  0]LogConfig: Setting CVar [[r.ViewDistanceScale:1.0]]
[2023.03.17-17.23.51:804][  0]LogConfig: Applying CVar settings from Section [AntiAliasingQuality@3] File [C:/Users/emmyt/OneDrive/Documents/GitHub/-Journeyman-Twonic---Alpha-Team/Twonic/Saved/Config/Windows/Scalability.ini]
[2023.03.17-17.23.51:804][  0]LogConfig: Setting CVar [[r.PostProcessAAQuality:4]]
[2023.03.17-17.23.51:804][  0]LogConfig: Applying CVar settings from Section [ShadowQuality@3] File [C:/Users/emmyt/OneDrive/Documents/GitHub/-Journeyman-Twonic---Alpha-Team/Twonic/Saved/Config/Windows/Scalability.ini]
[2023.03.17-17.23.51:804][  0]LogConfig: Setting CVar [[r.LightFunctionQuality:1]]
[2023.03.17-17.23.51:804][  0]LogConfig: Setting CVar [[r.ShadowQuality:5]]
[2023.03.17-17.23.51:804][  0]LogConfig: Setting CVar [[r.Shadow.CSM.MaxCascades:10]]
[2023.03.17-17.23.51:804][  0]LogConfig: Setting CVar [[r.Shadow.MaxResolution:2048]]
[2023.03.17-17.23.51:804][  0]LogConfig: Setting CVar [[r.Shadow.MaxCSMResolution:2048]]
[2023.03.17-17.23.51:804][  0]LogConfig: Setting CVar [[r.Shadow.RadiusThreshold:0.01]]
[2023.03.17-17.23.51:804][  0]LogConfig: Setting CVar [[r.Shadow.DistanceScale:1.0]]
[2023.03.17-17.23.51:804][  0]LogConfig: Setting CVar [[r.Shadow.CSM.TransitionScale:1.0]]
[2023.03.17-17.23.51:804][  0]LogConfig: Setting CVar [[r.Shadow.PreShadowResolutionFactor:1.0]]
[2023.03.17-17.23.51:804][  0]LogConfig: Setting CVar [[r.DistanceFieldShadowing:1]]
[2023.03.17-17.23.51:804][  0]LogConfig: Setting CVar [[r.DistanceFieldAO:1]]
[2023.03.17-17.23.51:804][  0]LogConfig: Setting CVar [[r.AOQuality:2]]
[2023.03.17-17.23.51:804][  0]LogConfig: Setting CVar [[r.VolumetricFog:1]]
[2023.03.17-17.23.51:804][  0]LogConfig: Setting CVar [[r.VolumetricFog.GridPixelSize:8]]
[2023.03.17-17.23.51:804][  0]LogConfig: Setting CVar [[r.VolumetricFog.GridSizeZ:128]]
[2023.03.17-17.23.51:804][  0]LogConfig: Setting CVar [[r.VolumetricFog.HistoryMissSupersampleCount:4]]
[2023.03.17-17.23.51:804][  0]LogConfig: Setting CVar [[r.LightMaxDrawDistanceScale:1]]
[2023.03.17-17.23.51:804][  0]LogConfig: Setting CVar [[r.CapsuleShadows:1]]
[2023.03.17-17.23.51:804][  0]LogConfig: Applying CVar settings from Section [PostProcessQuality@3] File [C:/Users/emmyt/OneDrive/Documents/GitHub/-Journeyman-Twonic---Alpha-Team/Twonic/Saved/Config/Windows/Scalability.ini]
[2023.03.17-17.23.51:804][  0]LogConfig: Setting CVar [[r.MotionBlurQuality:4]]
[2023.03.17-17.23.51:804][  0]LogConfig: Setting CVar [[r.AmbientOcclusionMipLevelFactor:0.4]]
[2023.03.17-17.23.51:804][  0]LogConfig: Setting CVar [[r.AmbientOcclusionMaxQuality:100]]
[2023.03.17-17.23.51:804][  0]LogConfig: Setting CVar [[r.AmbientOcclusionLevels:-1]]
[2023.03.17-17.23.51:804][  0]LogConfig: Setting CVar [[r.AmbientOcclusionRadiusScale:1.0]]
[2023.03.17-17.23.51:804][  0]LogConfig: Setting CVar [[r.DepthOfFieldQuality:2]]
[2023.03.17-17.23.51:804][  0]LogConfig: Setting CVar [[r.RenderTargetPoolMin:400]]
[2023.03.17-17.23.51:804][  0]LogConfig: Setting CVar [[r.LensFlareQuality:2]]
[2023.03.17-17.23.51:804][  0]LogConfig: Setting CVar [[r.SceneColorFringeQuality:1]]
[2023.03.17-17.23.51:804][  0]LogConfig: Setting CVar [[r.EyeAdaptationQuality:2]]
[2023.03.17-17.23.51:804][  0]LogConfig: Setting CVar [[r.BloomQuality:5]]
[2023.03.17-17.23.51:804][  0]LogConfig: Setting CVar [[r.FastBlurThreshold:100]]
[2023.03.17-17.23.51:804][  0]LogConfig: Setting CVar [[r.Upscale.Quality:3]]
[2023.03.17-17.23.51:804][  0]LogConfig: Setting CVar [[r.Tonemapper.GrainQuantization:1]]
[2023.03.17-17.23.51:804][  0]LogConfig: Setting CVar [[r.LightShaftQuality:1]]
[2023.03.17-17.23.51:804][  0]LogConfig: Setting CVar [[r.Filter.SizeScale:1]]
[2023.03.17-17.23.51:804][  0]LogConfig: Setting CVar [[r.Tonemapper.Quality:5]]
[2023.03.17-17.23.51:805][  0]LogConfig: Setting CVar [[r.DOF.Gather.AccumulatorQuality:1        ; higher gathering accumulator quality]]
[2023.03.17-17.23.51:805][  0]LogConfig: Setting CVar [[r.DOF.Gather.PostfilterMethod:1          ; Median3x3 postfilering method]]
[2023.03.17-17.23.51:805][  0]LogConfig: Setting CVar [[r.DOF.Gather.EnableBokehSettings:0       ; no bokeh simulation when gathering]]
[2023.03.17-17.23.51:805][  0]LogConfig: Setting CVar [[r.DOF.Gather.RingCount:4                 ; medium number of samples when gathering]]
[2023.03.17-17.23.51:805][  0]LogConfig: Setting CVar [[r.DOF.Scatter.ForegroundCompositing:1    ; additive foreground scattering]]
[2023.03.17-17.23.51:805][  0]LogConfig: Setting CVar [[r.DOF.Scatter.BackgroundCompositing:2    ; additive background scattering]]
[2023.03.17-17.23.51:805][  0]LogConfig: Setting CVar [[r.DOF.Scatter.EnableBokehSettings:1      ; bokeh simulation when scattering]]
[2023.03.17-17.23.51:805][  0]LogConfig: Setting CVar [[r.DOF.Scatter.MaxSpriteRatio:0.1         ; only a maximum of 10% of scattered bokeh]]
[2023.03.17-17.23.51:805][  0]LogConfig: Setting CVar [[r.DOF.Recombine.Quality:1                ; cheap slight out of focus]]
[2023.03.17-17.23.51:805][  0]LogConfig: Setting CVar [[r.DOF.Recombine.EnableBokehSettings:0    ; no bokeh simulation on slight out of focus]]
[2023.03.17-17.23.51:805][  0]LogConfig: Setting CVar [[r.DOF.TemporalAAQuality:1                ; more stable temporal accumulation]]
[2023.03.17-17.23.51:805][  0]LogConfig: Setting CVar [[r.DOF.Kernel.MaxForegroundRadius:0.025]]
[2023.03.17-17.23.51:805][  0]LogConfig: Setting CVar [[r.DOF.Kernel.MaxBackgroundRadius:0.025]]
[2023.03.17-17.23.51:805][  0]LogConfig: Applying CVar settings from Section [TextureQuality@3] File [C:/Users/emmyt/OneDrive/Documents/GitHub/-Journeyman-Twonic---Alpha-Team/Twonic/Saved/Config/Windows/Scalability.ini]
[2023.03.17-17.23.51:805][  0]LogConfig: Setting CVar [[r.Streaming.MipBias:0]]
[2023.03.17-17.23.51:805][  0]LogConfig: Setting CVar [[r.Streaming.AmortizeCPUToGPUCopy:0]]
[2023.03.17-17.23.51:805][  0]LogConfig: Setting CVar [[r.Streaming.MaxNumTexturesToStreamPerFrame:0]]
[2023.03.17-17.23.51:805][  0]LogConfig: Setting CVar [[r.Streaming.Boost:1]]
[2023.03.17-17.23.51:805][  0]LogConfig: Setting CVar [[r.MaxAnisotropy:8]]
[2023.03.17-17.23.51:805][  0]LogConfig: Setting CVar [[r.VT.MaxAnisotropy:8]]
[2023.03.17-17.23.51:805][  0]LogConfig: Setting CVar [[r.Streaming.LimitPoolSizeToVRAM:0]]
[2023.03.17-17.23.51:805][  0]LogConfig: Setting CVar [[r.Streaming.PoolSize:1000]]
[2023.03.17-17.23.51:805][  0]LogConfig: Setting CVar [[r.Streaming.MaxEffectiveScreenSize:0]]
[2023.03.17-17.23.51:805][  0]LogConfig: Applying CVar settings from Section [EffectsQuality@3] File [C:/Users/emmyt/OneDrive/Documents/GitHub/-Journeyman-Twonic---Alpha-Team/Twonic/Saved/Config/Windows/Scalability.ini]
[2023.03.17-17.23.51:805][  0]LogConfig: Setting CVar [[r.TranslucencyLightingVolumeDim:64]]
[2023.03.17-17.23.51:805][  0]LogConfig: Setting CVar [[r.RefractionQuality:2]]
[2023.03.17-17.23.51:805][  0]LogConfig: Setting CVar [[r.SSR.Quality:3]]
[2023.03.17-17.23.51:805][  0]LogConfig: Setting CVar [[r.SSR.HalfResSceneColor:0]]
[2023.03.17-17.23.51:805][  0]LogConfig: Setting CVar [[r.SceneColorFormat:4]]
[2023.03.17-17.23.51:805][  0]LogConfig: Setting CVar [[r.DetailMode:2]]
[2023.03.17-17.23.51:805][  0]LogConfig: Setting CVar [[r.TranslucencyVolumeBlur:1]]
[2023.03.17-17.23.51:805][  0]LogConfig: Setting CVar [[r.MaterialQualityLevel:1 ; High quality]]
[2023.03.17-17.23.51:805][  0]LogConfig: Setting CVar [[r.AnisotropicMaterials:1]]
[2023.03.17-17.23.51:805][  0]LogConfig: Setting CVar [[r.SSS.Scale:1]]
[2023.03.17-17.23.51:805][  0]LogConfig: Setting CVar [[r.SSS.SampleSet:2]]
[2023.03.17-17.23.51:805][  0]LogConfig: Setting CVar [[r.SSS.Quality:1]]
[2023.03.17-17.23.51:805][  0]LogConfig: Setting CVar [[r.SSS.HalfRes:0]]
[2023.03.17-17.23.51:805][  0]LogConfig: Setting CVar [[r.SSGI.Quality:3]]
[2023.03.17-17.23.51:805][  0]LogConfig: Setting CVar [[r.EmitterSpawnRateScale:1.0]]
[2023.03.17-17.23.51:805][  0]LogConfig: Setting CVar [[r.ParticleLightQuality:2]]
[2023.03.17-17.23.51:805][  0]LogConfig: Setting CVar [[r.SkyAtmosphere.AerialPerspectiveLUT.FastApplyOnOpaque:1 ; Always have FastSkyLUT 1 in this case to avoid wrong sky]]
[2023.03.17-17.23.51:805][  0]LogConfig: Setting CVar [[r.SkyAtmosphere.AerialPerspectiveLUT.SampleCountMaxPerSlice:4]]
[2023.03.17-17.23.51:805][  0]LogConfig: Setting CVar [[r.SkyAtmosphere.AerialPerspectiveLUT.DepthResolution:16.0]]
[2023.03.17-17.23.51:805][  0]LogConfig: Setting CVar [[r.SkyAtmosphere.FastSkyLUT:1]]
[2023.03.17-17.23.51:805][  0]LogConfig: Setting CVar [[r.SkyAtmosphere.FastSkyLUT.SampleCountMin:4.0]]
[2023.03.17-17.23.51:805][  0]LogConfig: Setting CVar [[r.SkyAtmosphere.FastSkyLUT.SampleCountMax:128.0]]
[2023.03.17-17.23.51:805][  0]LogConfig: Setting CVar [[r.SkyAtmosphere.SampleCountMin:4.0]]
[2023.03.17-17.23.51:805][  0]LogConfig: Setting CVar [[r.SkyAtmosphere.SampleCountMax:128.0]]
[2023.03.17-17.23.51:805][  0]LogConfig: Setting CVar [[r.SkyAtmosphere.TransmittanceLUT.UseSmallFormat:0]]
[2023.03.17-17.23.51:805][  0]LogConfig: Setting CVar [[r.SkyAtmosphere.TransmittanceLUT.SampleCount:10.0]]
[2023.03.17-17.23.51:805][  0]LogConfig: Setting CVar [[r.SkyAtmosphere.MultiScatteringLUT.SampleCount:15.0]]
[2023.03.17-17.23.51:805][  0]LogConfig: Setting CVar [[r.SkyLight.RealTimeReflectionCapture:1]]
[2023.03.17-17.23.51:805][  0]LogConfig: Applying CVar settings from Section [FoliageQuality@3] File [C:/Users/emmyt/OneDrive/Documents/GitHub/-Journeyman-Twonic---Alpha-Team/Twonic/Saved/Config/Windows/Scalability.ini]
[2023.03.17-17.23.51:805][  0]LogConfig: Setting CVar [[foliage.DensityScale:1.0]]
[2023.03.17-17.23.51:805][  0]LogConfig: Setting CVar [[grass.DensityScale:1.0]]
[2023.03.17-17.23.51:805][  0]LogConfig: Applying CVar settings from Section [ShadingQuality@3] File [C:/Users/emmyt/OneDrive/Documents/GitHub/-Journeyman-Twonic---Alpha-Team/Twonic/Saved/Config/Windows/Scalability.ini]
[2023.03.17-17.23.51:805][  0]LogConfig: Setting CVar [[r.HairStrands.SkyLighting.IntegrationType:2]]
[2023.03.17-17.23.51:805][  0]LogConfig: Setting CVar [[r.HairStrands.SkyAO.SampleCount:4]]
[2023.03.17-17.23.51:805][  0]LogConfig: Setting CVar [[r.HairStrands.Visibility.MSAA.SamplePerPixel:4]]
[2023.03.17-17.23.51:824][  0]LogInit: Selected Device Profile: [Windows]
[2023.03.17-17.23.51:824][  0]LogInit: Applying CVar settings loaded from the selected device profile: [Windows]
[2023.03.17-17.23.51:824][  0]LogHAL: Display: Platform has ~ 8 GB [8464343040 / 8589934592 / 8], which maps to Default [LargestMinGB=32, LargerMinGB=12, DefaultMinGB=8, SmallerMinGB=6, SmallestMinGB=0)
[2023.03.17-17.23.51:824][  0]LogInit: Going up to parent DeviceProfile []
[2023.03.17-17.23.51:824][  0]LogConfig: Applying CVar settings from Section [ViewDistanceQuality@3] File [C:/Users/emmyt/OneDrive/Documents/GitHub/-Journeyman-Twonic---Alpha-Team/Twonic/Saved/Config/Windows/Scalability.ini]
[2023.03.17-17.23.51:824][  0]LogConfig: Setting CVar [[r.SkeletalMeshLODBias:0]]
[2023.03.17-17.23.51:824][  0]LogConfig: Setting CVar [[r.ViewDistanceScale:1.0]]
[2023.03.17-17.23.51:824][  0]LogConfig: Applying CVar settings from Section [AntiAliasingQuality@3] File [C:/Users/emmyt/OneDrive/Documents/GitHub/-Journeyman-Twonic---Alpha-Team/Twonic/Saved/Config/Windows/Scalability.ini]
[2023.03.17-17.23.51:824][  0]LogConfig: Setting CVar [[r.PostProcessAAQuality:4]]
[2023.03.17-17.23.51:824][  0]LogConfig: Applying CVar settings from Section [ShadowQuality@3] File [C:/Users/emmyt/OneDrive/Documents/GitHub/-Journeyman-Twonic---Alpha-Team/Twonic/Saved/Config/Windows/Scalability.ini]
[2023.03.17-17.23.51:824][  0]LogConfig: Setting CVar [[r.LightFunctionQuality:1]]
[2023.03.17-17.23.51:824][  0]LogConfig: Setting CVar [[r.ShadowQuality:5]]
[2023.03.17-17.23.51:824][  0]LogConfig: Setting CVar [[r.Shadow.CSM.MaxCascades:10]]
[2023.03.17-17.23.51:824][  0]LogConfig: Setting CVar [[r.Shadow.MaxResolution:2048]]
[2023.03.17-17.23.51:824][  0]LogConfig: Setting CVar [[r.Shadow.MaxCSMResolution:2048]]
[2023.03.17-17.23.51:824][  0]LogConfig: Setting CVar [[r.Shadow.RadiusThreshold:0.01]]
[2023.03.17-17.23.51:824][  0]LogConfig: Setting CVar [[r.Shadow.DistanceScale:1.0]]
[2023.03.17-17.23.51:824][  0]LogConfig: Setting CVar [[r.Shadow.CSM.TransitionScale:1.0]]
[2023.03.17-17.23.51:824][  0]LogConfig: Setting CVar [[r.Shadow.PreShadowResolutionFactor:1.0]]
[2023.03.17-17.23.51:824][  0]LogConfig: Setting CVar [[r.DistanceFieldShadowing:1]]
[2023.03.17-17.23.51:824][  0]LogConfig: Setting CVar [[r.DistanceFieldAO:1]]
[2023.03.17-17.23.51:824][  0]LogConfig: Setting CVar [[r.AOQuality:2]]
[2023.03.17-17.23.51:824][  0]LogConfig: Setting CVar [[r.VolumetricFog:1]]
[2023.03.17-17.23.51:824][  0]LogConfig: Setting CVar [[r.VolumetricFog.GridPixelSize:8]]
[2023.03.17-17.23.51:824][  0]LogConfig: Setting CVar [[r.VolumetricFog.GridSizeZ:128]]
[2023.03.17-17.23.51:824][  0]LogConfig: Setting CVar [[r.VolumetricFog.HistoryMissSupersampleCount:4]]
[2023.03.17-17.23.51:824][  0]LogConfig: Setting CVar [[r.LightMaxDrawDistanceScale:1]]
[2023.03.17-17.23.51:825][  0]LogConfig: Setting CVar [[r.CapsuleShadows:1]]
[2023.03.17-17.23.51:825][  0]LogConfig: Applying CVar settings from Section [PostProcessQuality@3] File [C:/Users/emmyt/OneDrive/Documents/GitHub/-Journeyman-Twonic---Alpha-Team/Twonic/Saved/Config/Windows/Scalability.ini]
[2023.03.17-17.23.51:825][  0]LogConfig: Setting CVar [[r.MotionBlurQuality:4]]
[2023.03.17-17.23.51:825][  0]LogConfig: Setting CVar [[r.AmbientOcclusionMipLevelFactor:0.4]]
[2023.03.17-17.23.51:825][  0]LogConfig: Setting CVar [[r.AmbientOcclusionMaxQuality:100]]
[2023.03.17-17.23.51:825][  0]LogConfig: Setting CVar [[r.AmbientOcclusionLevels:-1]]
[2023.03.17-17.23.51:825][  0]LogConfig: Setting CVar [[r.AmbientOcclusionRadiusScale:1.0]]
[2023.03.17-17.23.51:825][  0]LogConfig: Setting CVar [[r.DepthOfFieldQuality:2]]
[2023.03.17-17.23.51:825][  0]LogConfig: Setting CVar [[r.RenderTargetPoolMin:400]]
[2023.03.17-17.23.51:825][  0]LogConfig: Setting CVar [[r.LensFlareQuality:2]]
[2023.03.17-17.23.51:825][  0]LogConfig: Setting CVar [[r.SceneColorFringeQuality:1]]
[2023.03.17-17.23.51:825][  0]LogConfig: Setting CVar [[r.EyeAdaptationQuality:2]]
[2023.03.17-17.23.51:825][  0]LogConfig: Setting CVar [[r.BloomQuality:5]]
[2023.03.17-17.23.51:825][  0]LogConfig: Setting CVar [[r.FastBlurThreshold:100]]
[2023.03.17-17.23.51:825][  0]LogConfig: Setting CVar [[r.Upscale.Quality:3]]
[2023.03.17-17.23.51:825][  0]LogConfig: Setting CVar [[r.Tonemapper.GrainQuantization:1]]
[2023.03.17-17.23.51:825][  0]LogConfig: Setting CVar [[r.LightShaftQuality:1]]
[2023.03.17-17.23.51:825][  0]LogConfig: Setting CVar [[r.Filter.SizeScale:1]]
[2023.03.17-17.23.51:825][  0]LogConfig: Setting CVar [[r.Tonemapper.Quality:5]]
[2023.03.17-17.23.51:825][  0]LogConfig: Setting CVar [[r.DOF.Gather.AccumulatorQuality:1        ; higher gathering accumulator quality]]
[2023.03.17-17.23.51:825][  0]LogConfig: Setting CVar [[r.DOF.Gather.PostfilterMethod:1          ; Median3x3 postfilering method]]
[2023.03.17-17.23.51:825][  0]LogConfig: Setting CVar [[r.DOF.Gather.EnableBokehSettings:0       ; no bokeh simulation when gathering]]
[2023.03.17-17.23.51:825][  0]LogConfig: Setting CVar [[r.DOF.Gather.RingCount:4                 ; medium number of samples when gathering]]
[2023.03.17-17.23.51:825][  0]LogConfig: Setting CVar [[r.DOF.Scatter.ForegroundCompositing:1    ; additive foreground scattering]]
[2023.03.17-17.23.51:825][  0]LogConfig: Setting CVar [[r.DOF.Scatter.BackgroundCompositing:2    ; additive background scattering]]
[2023.03.17-17.23.51:825][  0]LogConfig: Setting CVar [[r.DOF.Scatter.EnableBokehSettings:1      ; bokeh simulation when scattering]]
[2023.03.17-17.23.51:825][  0]LogConfig: Setting CVar [[r.DOF.Scatter.MaxSpriteRatio:0.1         ; only a maximum of 10% of scattered bokeh]]
[2023.03.17-17.23.51:825][  0]LogConfig: Setting CVar [[r.DOF.Recombine.Quality:1                ; cheap slight out of focus]]
[2023.03.17-17.23.51:825][  0]LogConfig: Setting CVar [[r.DOF.Recombine.EnableBokehSettings:0    ; no bokeh simulation on slight out of focus]]
[2023.03.17-17.23.51:825][  0]LogConfig: Setting CVar [[r.DOF.TemporalAAQuality:1                ; more stable temporal accumulation]]
[2023.03.17-17.23.51:825][  0]LogConfig: Setting CVar [[r.DOF.Kernel.MaxForegroundRadius:0.025]]
[2023.03.17-17.23.51:825][  0]LogConfig: Setting CVar [[r.DOF.Kernel.MaxBackgroundRadius:0.025]]
[2023.03.17-17.23.51:825][  0]LogConfig: Applying CVar settings from Section [TextureQuality@3] File [C:/Users/emmyt/OneDrive/Documents/GitHub/-Journeyman-Twonic---Alpha-Team/Twonic/Saved/Config/Windows/Scalability.ini]
[2023.03.17-17.23.51:825][  0]LogConfig: Setting CVar [[r.Streaming.MipBias:0]]
[2023.03.17-17.23.51:825][  0]LogConfig: Setting CVar [[r.Streaming.AmortizeCPUToGPUCopy:0]]
[2023.03.17-17.23.51:825][  0]LogConfig: Setting CVar [[r.Streaming.MaxNumTexturesToStreamPerFrame:0]]
[2023.03.17-17.23.51:825][  0]LogConfig: Setting CVar [[r.Streaming.Boost:1]]
[2023.03.17-17.23.51:826][  0]LogConfig: Setting CVar [[r.MaxAnisotropy:8]]
[2023.03.17-17.23.51:826][  0]LogConfig: Setting CVar [[r.VT.MaxAnisotropy:8]]
[2023.03.17-17.23.51:826][  0]LogConfig: Setting CVar [[r.Streaming.LimitPoolSizeToVRAM:0]]
[2023.03.17-17.23.51:826][  0]LogConfig: Setting CVar [[r.Streaming.PoolSize:1000]]
[2023.03.17-17.23.51:826][  0]LogConfig: Setting CVar [[r.Streaming.MaxEffectiveScreenSize:0]]
[2023.03.17-17.23.51:826][  0]LogConfig: Applying CVar settings from Section [EffectsQuality@3] File [C:/Users/emmyt/OneDrive/Documents/GitHub/-Journeyman-Twonic---Alpha-Team/Twonic/Saved/Config/Windows/Scalability.ini]
[2023.03.17-17.23.51:826][  0]LogConfig: Setting CVar [[r.TranslucencyLightingVolumeDim:64]]
[2023.03.17-17.23.51:826][  0]LogConfig: Setting CVar [[r.RefractionQuality:2]]
[2023.03.17-17.23.51:826][  0]LogConfig: Setting CVar [[r.SSR.Quality:3]]
[2023.03.17-17.23.51:826][  0]LogConfig: Setting CVar [[r.SSR.HalfResSceneColor:0]]
[2023.03.17-17.23.51:826][  0]LogConfig: Setting CVar [[r.SceneColorFormat:4]]
[2023.03.17-17.23.51:826][  0]LogConfig: Setting CVar [[r.DetailMode:2]]
[2023.03.17-17.23.51:826][  0]LogConfig: Setting CVar [[r.TranslucencyVolumeBlur:1]]
[2023.03.17-17.23.51:826][  0]LogConfig: Setting CVar [[r.MaterialQualityLevel:1 ; High quality]]
[2023.03.17-17.23.51:826][  0]LogConfig: Setting CVar [[r.AnisotropicMaterials:1]]
[2023.03.17-17.23.51:826][  0]LogConfig: Setting CVar [[r.SSS.Scale:1]]
[2023.03.17-17.23.51:826][  0]LogConfig: Setting CVar [[r.SSS.SampleSet:2]]
[2023.03.17-17.23.51:826][  0]LogConfig: Setting CVar [[r.SSS.Quality:1]]
[2023.03.17-17.23.51:826][  0]LogConfig: Setting CVar [[r.SSS.HalfRes:0]]
[2023.03.17-17.23.51:826][  0]LogConfig: Setting CVar [[r.SSGI.Quality:3]]
[2023.03.17-17.23.51:826][  0]LogConfig: Setting CVar [[r.EmitterSpawnRateScale:1.0]]
[2023.03.17-17.23.51:826][  0]LogConfig: Setting CVar [[r.ParticleLightQuality:2]]
[2023.03.17-17.23.51:826][  0]LogConfig: Setting CVar [[r.SkyAtmosphere.AerialPerspectiveLUT.FastApplyOnOpaque:1 ; Always have FastSkyLUT 1 in this case to avoid wrong sky]]
[2023.03.17-17.23.51:826][  0]LogConfig: Setting CVar [[r.SkyAtmosphere.AerialPerspectiveLUT.SampleCountMaxPerSlice:4]]
[2023.03.17-17.23.51:826][  0]LogConfig: Setting CVar [[r.SkyAtmosphere.AerialPerspectiveLUT.DepthResolution:16.0]]
[2023.03.17-17.23.51:826][  0]LogConfig: Setting CVar [[r.SkyAtmosphere.FastSkyLUT:1]]
[2023.03.17-17.23.51:826][  0]LogConfig: Setting CVar [[r.SkyAtmosphere.FastSkyLUT.SampleCountMin:4.0]]
[2023.03.17-17.23.51:826][  0]LogConfig: Setting CVar [[r.SkyAtmosphere.FastSkyLUT.SampleCountMax:128.0]]
[2023.03.17-17.23.51:826][  0]LogConfig: Setting CVar [[r.SkyAtmosphere.SampleCountMin:4.0]]
[2023.03.17-17.23.51:826][  0]LogConfig: Setting CVar [[r.SkyAtmosphere.SampleCountMax:128.0]]
[2023.03.17-17.23.51:826][  0]LogConfig: Setting CVar [[r.SkyAtmosphere.TransmittanceLUT.UseSmallFormat:0]]
[2023.03.17-17.23.51:826][  0]LogConfig: Setting CVar [[r.SkyAtmosphere.TransmittanceLUT.SampleCount:10.0]]
[2023.03.17-17.23.51:826][  0]LogConfig: Setting CVar [[r.SkyAtmosphere.MultiScatteringLUT.SampleCount:15.0]]
[2023.03.17-17.23.51:826][  0]LogConfig: Setting CVar [[r.SkyLight.RealTimeReflectionCapture:1]]
[2023.03.17-17.23.51:826][  0]LogConfig: Applying CVar settings from Section [FoliageQuality@3] File [C:/Users/emmyt/OneDrive/Documents/GitHub/-Journeyman-Twonic---Alpha-Team/Twonic/Saved/Config/Windows/Scalability.ini]
[2023.03.17-17.23.51:827][  0]LogConfig: Setting CVar [[foliage.DensityScale:1.0]]
[2023.03.17-17.23.51:827][  0]LogConfig: Setting CVar [[grass.DensityScale:1.0]]
[2023.03.17-17.23.51:827][  0]LogConfig: Applying CVar settings from Section [ShadingQuality@3] File [C:/Users/emmyt/OneDrive/Documents/GitHub/-Journeyman-Twonic---Alpha-Team/Twonic/Saved/Config/Windows/Scalability.ini]
[2023.03.17-17.23.51:827][  0]LogConfig: Setting CVar [[r.HairStrands.SkyLighting.IntegrationType:2]]
[2023.03.17-17.23.51:827][  0]LogConfig: Setting CVar [[r.HairStrands.SkyAO.SampleCount:4]]
[2023.03.17-17.23.51:827][  0]LogConfig: Setting CVar [[r.HairStrands.Visibility.MSAA.SamplePerPixel:4]]
[2023.03.17-17.23.51:827][  0]LogConfig: Applying CVar settings from Section [Startup] File [../../../Engine/Config/ConsoleVariables.ini]
[2023.03.17-17.23.51:839][  0]LogConfig: Setting CVar [[net.UseAdaptiveNetUpdateFrequency:0]]
[2023.03.17-17.23.51:839][  0]LogConfig: Setting CVar [[p.chaos.AllowCreatePhysxBodies:1]]
[2023.03.17-17.23.51:839][  0]LogConfig: Setting CVar [[fx.SkipVectorVMBackendOptimizations:1]]
[2023.03.17-17.23.51:839][  0]LogConfig: Applying CVar settings from Section [ConsoleVariables] File [C:/Users/emmyt/OneDrive/Documents/GitHub/-Journeyman-Twonic---Alpha-Team/Twonic/Saved/Config/Windows/Engine.ini]
[2023.03.17-17.23.51:839][  0]LogConfig: Applying CVar settings from Section [ConsoleVariables] File [C:/Users/emmyt/OneDrive/Documents/GitHub/-Journeyman-Twonic---Alpha-Team/Twonic/Saved/Config/Windows/Editor.ini]
[2023.03.17-17.23.51:839][  0]LogInit: Computer: LAPTOP-OVB59CM9
[2023.03.17-17.23.51:839][  0]LogInit: User: emmyt
[2023.03.17-17.23.51:839][  0]LogInit: CPU Page size=4096, Cores=4
[2023.03.17-17.23.51:839][  0]LogInit: High frequency timer resolution =10.000000 MHz
[2023.03.17-17.23.51:839][  0]LogMemory: Memory total: Physical=7.9GB (8GB approx)
[2023.03.17-17.23.51:839][  0]LogMemory: Platform Memory Stats for Windows
[2023.03.17-17.23.51:839][  0]LogMemory: Process Physical Memory: 140.06 MB used, 140.06 MB peak
[2023.03.17-17.23.51:839][  0]LogMemory: Process Virtual Memory: 117.50 MB used, 117.50 MB peak
[2023.03.17-17.23.51:839][  0]LogMemory: Physical Memory: 6876.03 MB used,  1196.20 MB free, 8072.23 MB total
[2023.03.17-17.23.51:839][  0]LogMemory: Virtual Memory: 134214416.00 MB used,  3312.53 MB free, 134217728.00 MB total
[2023.03.17-17.23.51:847][  0]LogWindows: WindowsPlatformFeatures enabled
[2023.03.17-17.23.52:275][  0]LogInit: Physics initialised using underlying interface: PhysX
[2023.03.17-17.23.52:275][  0]LogInit: Using OS detected language (en-GB).
[2023.03.17-17.23.52:275][  0]LogInit: Using OS detected locale (en-GB).
[2023.03.17-17.23.52:280][  0]LogTextLocalizationManager: No specific localization for 'en-GB' exists, so the 'en' localization will be used.
[2023.03.17-17.23.54:346][  0]LogTargetPlatformManager: Display: Loaded TargetPlatform 'AllDesktop'
[2023.03.17-17.23.54:383][  0]LogTargetPlatformManager: Display: Loaded TargetPlatform 'Android'
[2023.03.17-17.23.54:383][  0]LogTargetPlatformManager: Display: Loaded TargetPlatform 'Android_ASTC'
[2023.03.17-17.23.54:383][  0]LogTargetPlatformManager: Display: Loaded TargetPlatform 'Android_DXT'
[2023.03.17-17.23.54:383][  0]LogTargetPlatformManager: Display: Loaded TargetPlatform 'Android_ETC2'
[2023.03.17-17.23.54:383][  0]LogTargetPlatformManager: Display: Loaded TargetPlatform 'AndroidClient'
[2023.03.17-17.23.54:383][  0]LogTargetPlatformManager: Display: Loaded TargetPlatform 'Android_ASTCClient'
[2023.03.17-17.23.54:383][  0]LogTargetPlatformManager: Display: Loaded TargetPlatform 'Android_DXTClient'
[2023.03.17-17.23.54:383][  0]LogTargetPlatformManager: Display: Loaded TargetPlatform 'Android_ETC2Client'
[2023.03.17-17.23.54:383][  0]LogTargetPlatformManager: Display: Loaded TargetPlatform 'Android_Multi'
[2023.03.17-17.23.54:383][  0]LogTargetPlatformManager: Display: Loaded TargetPlatform 'Android_MultiClient'
[2023.03.17-17.23.54:458][  0]LogTargetPlatformManager: Display: Loaded TargetPlatform 'IOSClient'
[2023.03.17-17.23.54:458][  0]LogTargetPlatformManager: Display: Loaded TargetPlatform 'IOS'
[2023.03.17-17.23.54:509][  0]LogTargetPlatformManager: Display: Loaded TargetPlatform 'Linux'
[2023.03.17-17.23.54:532][  0]LogTargetPlatformManager: Display: Loaded TargetPlatform 'LinuxNoEditor'
[2023.03.17-17.23.54:537][  0]LogTargetPlatformManager: Display: Loaded TargetPlatform 'LinuxClient'
[2023.03.17-17.23.54:542][  0]LogTargetPlatformManager: Display: Loaded TargetPlatform 'LinuxServer'
[2023.03.17-17.23.54:560][  0]LogTargetPlatformManager: Display: Loaded TargetPlatform 'LinuxAArch64NoEditor'
[2023.03.17-17.23.54:566][  0]LogTargetPlatformManager: Display: Loaded TargetPlatform 'LinuxAArch64Client'
[2023.03.17-17.23.54:573][  0]LogTargetPlatformManager: Display: Loaded TargetPlatform 'LinuxAArch64Server'
[2023.03.17-17.23.54:621][  0]LogTargetPlatformManager: Display: Loaded TargetPlatform 'Lumin'
[2023.03.17-17.23.54:621][  0]LogTargetPlatformManager: Display: Loaded TargetPlatform 'LuminClient'
[2023.03.17-17.23.54:663][  0]LogTargetPlatformManager: Display: Loaded TargetPlatform 'MacNoEditor'
[2023.03.17-17.23.54:669][  0]LogTargetPlatformManager: Display: Loaded TargetPlatform 'Mac'
[2023.03.17-17.23.54:676][  0]LogTargetPlatformManager: Display: Loaded TargetPlatform 'MacClient'
[2023.03.17-17.23.54:680][  0]LogTargetPlatformManager: Display: Loaded TargetPlatform 'MacServer'
[2023.03.17-17.23.54:693][  0]LogTargetPlatformManager: Display: Loaded TargetPlatform 'TVOSClient'
[2023.03.17-17.23.54:693][  0]LogTargetPlatformManager: Display: Loaded TargetPlatform 'TVOS'
[2023.03.17-17.23.54:718][  0]LogTargetPlatformManager: Display: Loaded TargetPlatform 'WindowsNoEditor'
[2023.03.17-17.23.54:736][  0]LogTargetPlatformManager: Display: Loaded TargetPlatform 'Windows'
[2023.03.17-17.23.54:758][  0]LogTargetPlatformManager: Display: Loaded TargetPlatform 'WindowsClient'
[2023.03.17-17.23.54:770][  0]LogTargetPlatformManager: Display: Loaded TargetPlatform 'WindowsServer'
[2023.03.17-17.23.54:770][  0]LogTargetPlatformManager: Display: Building Assets For Windows
[2023.03.17-17.23.54:856][  0]LogAudioDebug: Display: Lib vorbis DLL was dynamically loaded.
[2023.03.17-17.23.55:044][  0]LogTextureFormatOodle: Display: Oodle Texture 2.9.0 init RDO Off
[2023.03.17-17.23.55:336][  0]LogRendererCore: Ray tracing is disabled. Reason: r.RayTracing=0.
[2023.03.17-17.23.55:336][  0]LogShaderCompilers: Guid format shader working directory is -34 characters bigger than the processId version (C:/Users/emmyt/OneDrive/Documents/GitHub/-Journeyman-Twonic---Alpha-Team/Twonic/Intermediate/Shaders/WorkingDirectory/14176/).
[2023.03.17-17.23.55:336][  0]LogShaderCompilers: Cleaned the shader compiler working directory 'C:/Users/emmyt/AppData/Local/Temp/UnrealShaderWorkingDir/329BE9214033E944A28FD1923F7E330F/'.
[2023.03.17-17.23.55:336][  0]LogXGEController: Cannot use XGE Controller as Incredibuild is not installed on this machine.
[2023.03.17-17.23.55:337][  0]LogShaderCompilers: Cannot use XGE Shader Compiler as Incredibuild is not installed on this machine.
[2023.03.17-17.23.55:337][  0]LogShaderCompilers: Display: Using Local Shader Compiler.
[2023.03.17-17.23.56:802][  0]LogDerivedDataCache: Display: Max Cache Size: 512 MB
[2023.03.17-17.23.56:857][  0]LogDerivedDataCache: Loaded boot cache 0.05s 14MB C:/Users/emmyt/AppData/Local/UnrealEngine/4.27/DerivedDataCache/Boot.ddc.
[2023.03.17-17.23.56:857][  0]LogDerivedDataCache: Display: Loaded Boot cache: C:/Users/emmyt/AppData/Local/UnrealEngine/4.27/DerivedDataCache/Boot.ddc
[2023.03.17-17.23.56:857][  0]LogDerivedDataCache: FDerivedDataBackendGraph:  Pak pak cache file C:/Users/emmyt/OneDrive/Documents/GitHub/-Journeyman-Twonic---Alpha-Team/Twonic/DerivedDataCache/DDC.ddp not found, will not use a pak cache.
[2023.03.17-17.23.56:857][  0]LogDerivedDataCache: Unable to find inner node Pak for hierarchical cache Hierarchy.
[2023.03.17-17.23.56:857][  0]LogDerivedDataCache: FDerivedDataBackendGraph:  CompressedPak pak cache file C:/Users/emmyt/OneDrive/Documents/GitHub/-Journeyman-Twonic---Alpha-Team/Twonic/DerivedDataCache/Compressed.ddp not found, will not use a pak cache.
[2023.03.17-17.23.56:857][  0]LogDerivedDataCache: Unable to find inner node CompressedPak for hierarchical cache Hierarchy.
[2023.03.17-17.23.56:917][  0]LogDerivedDataCache: Display: Pak cache opened for reading ../../../Engine/DerivedDataCache/Compressed.ddp.
[2023.03.17-17.23.56:917][  0]LogDerivedDataCache: FDerivedDataBackendGraph:  EnterprisePak pak cache file ../../../Enterprise/DerivedDataCache/Compressed.ddp not found, will not use a pak cache.
[2023.03.17-17.23.56:917][  0]LogDerivedDataCache: Unable to find inner node EnterprisePak for hierarchical cache Hierarchy.
[2023.03.17-17.23.56:934][  0]LogDerivedDataCache: Speed tests for C:/Users/emmyt/AppData/Local/UnrealEngine/Common/DerivedDataCache took 0.02 seconds
[2023.03.17-17.23.56:934][  0]LogDerivedDataCache: Display: Performance to C:/Users/emmyt/AppData/Local/UnrealEngine/Common/DerivedDataCache: Latency=0.04ms. RandomReadSpeed=198.34MBs, RandomWriteSpeed=85.09MBs. Assigned SpeedClass 'Local'
[2023.03.17-17.23.56:934][  0]LogDerivedDataCache: Using Local data cache path C:/Users/emmyt/AppData/Local/UnrealEngine/Common/DerivedDataCache: Writable
[2023.03.17-17.23.56:934][  0]LogDerivedDataCache: Shared data cache path not found in *engine.ini, will not use an Shared cache.
[2023.03.17-17.23.56:934][  0]LogDerivedDataCache: Unable to find inner node Shared for hierarchical cache Hierarchy.
[2023.03.17-17.23.56:980][  0]LogAssetRegistry: FAssetRegistry took 0.0017 seconds to start up
[2023.03.17-17.23.57:387][  0]LogInit: Selected Device Profile: [Windows]
[2023.03.17-17.23.57:387][  0]LogInit: Active device profile: [0000025994666D00][0000025990CB60C0 49] Windows
[2023.03.17-17.23.57:387][  0]LogInit: Profiles: [0000025994666D00][0000025990CB60C0 49] Windows, [0000025994619800][0000025983E92240 49] WindowsNoEditor, [0000025994666200][0000025983E963C0 49] WindowsServer, [000002599461A200][0000025983E9A540 49] WindowsClient, [0000025994667500][0000025983E9E6C0 49] IOS, [000002599461B900][0000025983EA2840 49] iPadAir, [0000025994619400][0000025983EA69C0 49] iPadAir2, [00000259945AD100][0000025992B82C80 49] IPadPro, [00000259945AD200][0000025983EAACC0 49] iPadAir3, [0000025994664D00][0000025992B8CE40 49] iPadAir4, [00000259945AF100][0000025992B90FC0 49] iPadMini2, [00000259945AC600][0000025992B95140 49] iPadMini3, [000002599461A900][0000025992B992C0 49] iPadMini4, [00000259945AF900][0000025991D3D400 49] iPadMini5, [00000259945D4A00][0000025992BA1640 49] iPhone6, [00000259945D4B00][0000025992B9D680 49] iPodTouch6, [0000025994664A00][0000025992BAD900 49] iPhone7, [0000025994664900][0000025992BA5940 49] iPodTouch7, [00000259945D4300][0000025992BB1AC0 49] iPhone5S, [0000025994619D00][0000025992F8E0C0 49] iPhone6Plus, [00000259945D7D00][0000025992F92240 49] iPhone6S, [0000025994618D00][0000025992F963C0 49] iPhone6SPlus, [00000259945D7200][0000025992F9A540 49] iPhone7Plus, [0000025994618100][0000025992F9E6C0 49] iPhoneSE, [00000259945D5100][0000025992FA2840 49] iPhone8, [0000025994619300][0000025992FA69C0 49] iPhone8Plus, [00000259945D4200][0000025992FAAB40 49] iPhoneX, [0000025994665200][0000025992FAECC0 49] iPhoneXS, [00000259945D5300][0000025992FB2E40 49] iPhoneXSMax, [0000025994666600][0000025992FB6FC0 49] iPhoneXR, [00000259945D4F00][0000025992FBB140 49] iPhone11, [0000025994664B00][0000025992FBF2C0 49] iPhone11Pro, [00000259945D5E00][0000025992FC3440 49] iPhone11ProMax, [0000025994665100][0000025992FC75C0 49] iPhoneSE2, [00000259945D5200][0000025992BA9700 49] iPhone12Mini, [0000025994664200][0000025992FCB840 49] iPhone12, [00000259945D6000][0000025992FCF980 49] iPhone12Pro, [0000025994664C00][0000025992FD7B00 49] iPhone12ProMax, [00000259945D7A00][0000025992FDA100 49] iPadPro105, [0000025994666B00][0000025992FDE280 49] iPadPro129, [00000259945D7500][0000025992FE2400 49] iPadPro97, [0000025994665C00][0000025992FE6580 49] iPadPro2_129, [00000259945D5D00][0000025992FEA700 49] iPad5, [0000025994666000][00000259951BE880 49] iPad6, [00000259945D4700][00000259951C2A00 49] iPad7, [0000025994667600][00000259951C6B80 49] iPad8, [00000259945D5A00][00000259951CAD00 49] iPadPro11, [0000025994664F00][00000259951CEE80 49] iPadPro2_11, [00000259945D6B00][00000259951D3000 49] iPadPro3_129, [0000025994667900][00000259951D7180 49] iPadPro4_129, [00000259945D4100][00000259951DB300 49] AppleTV, [0000025994664400][00000259951DF480 49] AppleTV4K, [00000259945D4600][00000259951E3600 49] TVOS, [0000025994666900][00000259951E7780 49] Mac, [00000259945D5500][0000025992FD38C0 49] MacClient, [0000025994666A00][00000259951EBA00 49] MacNoEditor, [00000259945D5700][00000259951EFB40 49] MacServer, [0000025994664700][00000259951F6140 49] Linux, [00000259945D4800][00000259951FA2C0 49] LinuxAArch64, [0000025994665600][00000259951FE440 49] LinuxNoEditor, [00000259945D6D00][00000259952025C0 49] LinuxAArch64NoEditor, [0000025994665D00][0000025995206740 49] LinuxClient, [00000259945D6900][000002599520A8C0 49] LinuxAArch64Client, [0000025994667700][000002599520EA40 49] LinuxServer, [00000259945D6100][0000025995212BC0 49] LinuxAArch64Server, [0000025994664100][0000025995216D40 49] Android, [00000259945D6C00][000002599521AEC0 49] Android_Low, [0000025994667300][000002599521F040 49] Android_Mid, [00000259945D5B00][00000259952231C0 49] Android_High, [0000025994619000][0000025995227340 49] Android_Default, [00000259945AE200][000002599522B4C0 49] Android_Adreno4xx, [0000025994618E00][000002599522F640 49] Android_Adreno5xx_Low, [00000259945AFA00][00000259952337C0 49] Android_Adreno5xx, [000002599461B300][0000025995237940 49] Android_Adreno6xx, [00000259945AED00][00000259951F3A80 49] Android_Adreno6xx_Vulkan, [000002599461AE00][000002599523BBC0 49] Android_Mali_T6xx, [00000259945ADC00][000002599523E180 49] Android_Mali_T7xx, [000002599461B800][00000259952422C0 49] Android_Mali_T8xx, [00000259945AF700][000002599524A440 49] Android_Mali_G71, [0000025994619900][000002599524E5C0 49] Android_Mali_G72, [00000259945AEB00][0000025995252740 49] Android_Mali_G72_Vulkan, [000002599461AF00][00000259952568C0 49] Android_Mali_G76, [00000259945AE800][000002599525AA40 49] Android_Mali_G76_Vulkan, [0000025994618500][000002599525EBC0 49] Android_Mali_G77, [00000259945AFF00][0000025995262D40 49] Android_Mali_G77_Vulkan, [000002599461B200][0000025995266EC0 49] Android_Mali_G78, [00000259945AC400][000002599526B040 49] Android_Mali_G78_Vulkan, [000002599461A500][000002599526F1C0 49] Android_Mali_G710, [00000259945AF000][0000025995273340 49] Android_Mali_G710_Vulkan, [0000025994619A00][00000259952774C0 49] Android_Vulkan_SM5, [00000259945AD600][000002599527B640 49] Android_PowerVR_G6xxx, [000002599461BB00][000002599527F7C0 49] Android_PowerVR_GT7xxx, [00000259945AE500][0000025995283940 49] Android_PowerVR_GE8xxx, [000002599461A300][0000025995287AC0 49] Android_PowerVR_GM9xxx, [00000259945AD900][0000025995247C00 49] Android_PowerVR_GM9xxx_Vulkan, [000002599461A000][000002599528A1C0 49] Android_TegraK1, [00000259945AD300][000002599528E300 49] Android_Unknown_Vulkan, [0000025994619B00][0000025995292440 49] Lumin, [00000259945AC300][000002599529A5C0 49] Lumin_Desktop, [000002599461B500][000002599529E740 49] HoloLens, 
[2023.03.17-17.23.57:777][  0]LogMeshReduction: Using QuadricMeshReduction for automatic static mesh reduction
[2023.03.17-17.23.57:777][  0]LogMeshReduction: Using SimplygonMeshReduction for automatic skeletal mesh reduction
[2023.03.17-17.23.57:777][  0]LogMeshReduction: Using ProxyLODMeshReduction for automatic mesh merging
[2023.03.17-17.23.57:777][  0]LogMeshReduction: No distributed automatic mesh merging module available
[2023.03.17-17.23.57:777][  0]LogMeshMerging: No distributed automatic mesh merging module available
[2023.03.17-17.23.57:788][  0]LogNetVersion: Twonic 1.0.0, NetCL: 17155196, EngineNetVer: 17, GameNetVer: 0 (Checksum: 4023415434)
[2023.03.17-17.23.58:936][  0]LogHMD: PokeAHoleMaterial loaded successfully
[2023.03.17-17.23.59:906][  0]LogCollectionManager: Loaded 0 collections in 0.001040 seconds
[2023.03.17-17.23.59:908][  0]LogFileCache: Scanning file cache for directory 'C:/Users/emmyt/OneDrive/Documents/GitHub/-Journeyman-Twonic---Alpha-Team/Twonic/Saved/Collections/' took 0.00s
[2023.03.17-17.23.59:908][  0]LogFileCache: Scanning file cache for directory 'C:/Users/emmyt/OneDrive/Documents/GitHub/-Journeyman-Twonic---Alpha-Team/Twonic/Content/Developers/emmyt/Collections/' took 0.00s
[2023.03.17-17.23.59:908][  0]LogFileCache: Scanning file cache for directory 'C:/Users/emmyt/OneDrive/Documents/GitHub/-Journeyman-Twonic---Alpha-Team/Twonic/Content/Collections/' took 0.00s
[2023.03.17-17.23.59:909][  0]LogCollectionManager: Fixed up redirectors for 0 collections in 0.000002 seconds (updated 0 objects)
[2023.03.17-17.24.01:048][  0]LogNiagaraDebuggerClient: Niagara Debugger Client Initialized | Session: C7774B084581EC2D74E2C7A228954207 | Instance: DC9318D144B65A9DACF3BFB5B639E386 (LAPTOP-OVB59CM9-14176).
[2023.03.17-17.24.01:290][  0]LogPython: Using Python 3.7.7
[2023.03.17-17.24.03:312][  0]SourceControl: Source control is disabled
[2023.03.17-17.24.03:312][  0]SourceControl: Source control is disabled
[2023.03.17-17.24.03:333][  0]SourceControl: Source control is disabled
[2023.03.17-17.24.03:343][  0]SourceControl: Source control is disabled
[2023.03.17-17.24.03:359][  0]SourceControl: Source control is disabled
[2023.03.17-17.24.03:384][  0]LogUProjectInfo: Found projects:
[2023.03.17-17.24.04:522][  0]LogOpenImageDenoise: OIDN starting up
[2023.03.17-17.24.04:624][  0]LogAndroidPermission: UAndroidPermissionCallbackProxy::GetInstance
[2023.03.17-17.24.04:735][  0]LogAudioCaptureCore: Display: No Audio Capture implementations found. Audio input will be silent.
[2023.03.17-17.24.04:736][  0]LogAudioCaptureCore: Display: No Audio Capture implementations found. Audio input will be silent.
[2023.03.17-17.24.05:436][  0]LogOcInput: OculusInput pre-init called
[2023.03.17-17.24.05:783][  0]LogUObjectArray: 23049 objects as part of root set at end of initial load.
[2023.03.17-17.24.05:783][  0]LogUObjectAllocator: 6352640 out of 0 bytes used by permanent object pool.
[2023.03.17-17.24.05:783][  0]LogUObjectArray: CloseDisregardForGC: 0/0 objects in disregard for GC pool
[2023.03.17-17.24.05:827][  0]LogInit: Executing Class /Script/UnrealEd.GatherTextCommandlet
[2023.03.17-17.24.05:827][  0]LogInit: Initializing Editor Engine...
[2023.03.17-17.24.05:827][  0]LogEngine: Initializing Engine...
[2023.03.17-17.24.05:830][  0]LogStats: UGameplayTagsManager::InitializeManager -  0.000 s
[2023.03.17-17.24.06:382][  0]LogInit: Initializing FReadOnlyCVARCache
[2023.03.17-17.24.06:603][  0]LogAIModule: Creating AISystem for world Untitled
[2023.03.17-17.24.06:603][  0]LogNetVersion: Set ProjectVersion to 1.0.0.0. Version Checksum will be recalculated on next use.
[2023.03.17-17.24.06:614][  0]LogDerivedDataCache: Saved boot cache 0.01s 14MB C:/Users/emmyt/AppData/Local/UnrealEngine/4.27/DerivedDataCache/Boot.ddc.
[2023.03.17-17.24.06:615][  0]LogInit: Texture streaming: Disabled
[2023.03.17-17.24.06:939][  0]LogInit: Initializing Editor Engine Completed
[2023.03.17-17.24.09:324][  0]BlueprintLog: New page: Editor Load
[2023.03.17-17.24.09:835][  0]LogGatherTextCommandlet: Display: Beginning GatherText Commandlet for 'C:/Users/emmyt/OneDrive/Documents/GitHub/-Journeyman-Twonic---Alpha-Team/Twonic/Config/Localization/Game_Compile.ini'
[2023.03.17-17.24.09:836][  0]LogGatherTextCommandlet: Display: Executing GatherTextStep0: GenerateTextLocalizationResourceCommandlet
[2023.03.17-17.24.09:976][  0]LogGatherTextCommandlet: Display: Completed GatherTextStep0: GenerateTextLocalizationResourceCommandlet in 0.139542 seconds
[2023.03.17-17.24.09:977][  0]LogCore: Engine exit requested (reason: Commandlet GatherTextCommandlet_0 finished execution (result 0))
[2023.03.17-17.24.09:977][  0]LogInit: Display: 
[2023.03.17-17.24.09:977][  0]LogInit: Display: Success - 0 error(s), 0 warning(s)
[2023.03.17-17.24.09:977][  0]LogInit: Display: 
Execution of commandlet took:  0.14 seconds
[2023.03.17-17.24.09:977][  0]LogCore: Engine exit requested (reason: EngineExit() was called; note: exit was already requested)
[2023.03.17-17.24.09:978][  0]LogExit: Preparing to exit.
[2023.03.17-17.24.09:985][  0]LogUObjectHash: Compacting FUObjectHashTables data took   1.06ms
[2023.03.17-17.24.10:033][  0]LogDemo: Cleaned up 0 splitscreen connections with owner deletion
[2023.03.17-17.24.10:037][  0]LogWorld: UWorld::CleanupWorld for None, bSessionEnded=true, bCleanupResources=true
[2023.03.17-17.24.10:037][  0]LogExit: Editor shut down
[2023.03.17-17.24.10:080][  0]LogExit: Object subsystem successfully closed.
[2023.03.17-17.24.10:092][  0]LogShaderCompilers: Display: === FShaderJobCache stats ===
[2023.03.17-17.24.10:092][  0]LogShaderCompilers: Display: Total job queries 0, among them cache hits 0 (0.00%)
[2023.03.17-17.24.10:093][  0]LogShaderCompilers: Display: Tracking 0 distinct input hashes that result in 0 distinct outputs (0.00%)
[2023.03.17-17.24.10:093][  0]LogShaderCompilers: Display: RAM used: 0.00 MB (0.00 GB) of 409.60 MB (0.40 GB) budget. Usage: 0.00%
[2023.03.17-17.24.10:093][  0]LogShaderCompilers: Display: ================================================
[2023.03.17-17.24.10:102][  0]LogShaderCompilers: Display: Shaders left to compile 0
[2023.03.17-17.24.10:115][  0]LogModuleManager: Shutting down and abandoning module SteamVREditor (710)
[2023.03.17-17.24.10:115][  0]LogModuleManager: Shutting down and abandoning module OculusMR (708)
[2023.03.17-17.24.10:115][  0]LogModuleManager: Shutting down and abandoning module TakeRecorderSources (706)
[2023.03.17-17.24.10:115][  0]LogModuleManager: Shutting down and abandoning module TakeRecorder (705)
[2023.03.17-17.24.10:115][  0]LogModuleManager: Shutting down and abandoning module TakeTrackRecorders (702)
[2023.03.17-17.24.10:115][  0]LogModuleManager: Shutting down and abandoning module TakesCore (700)
[2023.03.17-17.24.10:115][  0]LogModuleManager: Shutting down and abandoning module OpenXRInput (698)
[2023.03.17-17.24.10:115][  0]LogModuleManager: Shutting down and abandoning module GooglePADEditor (696)
[2023.03.17-17.24.10:115][  0]LogModuleManager: Shutting down and abandoning module AudioCaptureEditor (694)
[2023.03.17-17.24.10:115][  0]LogModuleManager: Shutting down and abandoning module TemplateSequenceEditor (692)
[2023.03.17-17.24.10:115][  0]LogModuleManager: Shutting down and abandoning module MatineeToLevelSequence (690)
[2023.03.17-17.24.10:115][  0]LogModuleManager: Shutting down and abandoning module LevelSequenceEditor (688)
[2023.03.17-17.24.10:115][  0]LogModuleManager: Shutting down and abandoning module ActorSequenceEditor (686)
[2023.03.17-17.24.10:115][  0]LogModuleManager: Shutting down and abandoning module Kismet (685)
[2023.03.17-17.24.10:116][  0]LogModuleManager: Shutting down and abandoning module KismetWidgets (684)
[2023.03.17-17.24.10:116][  0]LogModuleManager: Shutting down and abandoning module MediaPlayerEditor (680)
[2023.03.17-17.24.10:116][  0]LogModuleManager: Shutting down and abandoning module WmfMediaFactory (678)
[2023.03.17-17.24.10:116][  0]LogModuleManager: Shutting down and abandoning module WmfMediaEditor (676)
[2023.03.17-17.24.10:116][  0]LogModuleManager: Shutting down and abandoning module WebMMediaFactory (674)
[2023.03.17-17.24.10:116][  0]LogModuleManager: Shutting down and abandoning module WebMMediaEditor (672)
[2023.03.17-17.24.10:116][  0]LogModuleManager: Shutting down and abandoning module MediaCompositingEditor (670)
[2023.03.17-17.24.10:116][  0]LogModuleManager: Shutting down and abandoning module SequenceRecorder (669)
[2023.03.17-17.24.10:116][  0]LogModuleManager: Shutting down and abandoning module Persona (668)
[2023.03.17-17.24.10:116][  0]LogModuleManager: Shutting down and abandoning module AdvancedPreviewScene (667)
[2023.03.17-17.24.10:116][  0]LogModuleManager: Shutting down and abandoning module AnimGraph (665)
[2023.03.17-17.24.10:116][  0]LogModuleManager: Shutting down and abandoning module ImgMediaFactory (660)
[2023.03.17-17.24.10:116][  0]LogModuleManager: Shutting down and abandoning module ImgMediaEditor (658)
[2023.03.17-17.24.10:116][  0]LogModuleManager: Shutting down and abandoning module AvfMediaFactory (656)
[2023.03.17-17.24.10:116][  0]LogModuleManager: Shutting down and abandoning module AvfMediaEditor (654)
[2023.03.17-17.24.10:116][  0]LogModuleManager: Shutting down and abandoning module AndroidMediaFactory (652)
[2023.03.17-17.24.10:116][  0]LogModuleManager: Shutting down and abandoning module AndroidMediaEditor (650)
[2023.03.17-17.24.10:116][  0]LogModuleManager: Shutting down and abandoning module PlanarCut (648)
[2023.03.17-17.24.10:116][  0]LogModuleManager: Shutting down and abandoning module CharacterAI (646)
[2023.03.17-17.24.10:116][  0]LogModuleManager: Shutting down and abandoning module TextureAlignMode (644)
[2023.03.17-17.24.10:116][  0]LogModuleManager: Shutting down and abandoning module BspMode (642)
[2023.03.17-17.24.10:116][  0]LogModuleManager: Shutting down and abandoning module GeometryMode (640)
[2023.03.17-17.24.10:116][  0]LogModuleManager: Shutting down and abandoning module MagicLeapMediaEditor (638)
[2023.03.17-17.24.10:116][  0]LogModuleManager: Shutting down and abandoning module CameraShakePreviewer (636)
[2023.03.17-17.24.10:116][  0]LogModuleManager: Shutting down and abandoning module SmartSnapping (634)
[2023.03.17-17.24.10:116][  0]LogModuleManager: Shutting down and abandoning module SessionServices (632)
[2023.03.17-17.24.10:116][  0]LogModuleManager: Shutting down and abandoning module MeshPaint (630)
[2023.03.17-17.24.10:116][  0]LogModuleManager: Shutting down and abandoning module VirtualTexturingEditor (628)
[2023.03.17-17.24.10:116][  0]LogModuleManager: Shutting down and abandoning module FoliageEdit (626)
[2023.03.17-17.24.10:116][  0]LogModuleManager: Shutting down and abandoning module LandscapeEditor (624)
[2023.03.17-17.24.10:117][  0]LogModuleManager: Shutting down and abandoning module MeshPaintMode (622)
[2023.03.17-17.24.10:117][  0]LogModuleManager: Shutting down and abandoning module SceneDepthPickerMode (620)
[2023.03.17-17.24.10:117][  0]LogModuleManager: Shutting down and abandoning module ActorPickerMode (618)
[2023.03.17-17.24.10:117][  0]LogModuleManager: Shutting down and abandoning module PlacementMode (616)
[2023.03.17-17.24.10:117][  0]LogModuleManager: Shutting down and abandoning module LiveCoding (614)
[2023.03.17-17.24.10:117][  0]LogModuleManager: Shutting down and abandoning module LevelSequence (612)
[2023.03.17-17.24.10:117][  0]LogModuleManager: Shutting down and abandoning module MovieSceneTracks (610)
[2023.03.17-17.24.10:117][  0]LogModuleManager: Shutting down and abandoning module MovieScene (608)
[2023.03.17-17.24.10:117][  0]LogModuleManager: Shutting down and abandoning module StreamingPauseRendering (606)
[2023.03.17-17.24.10:117][  0]LogModuleManager: Shutting down and abandoning module ImageWriteQueue (604)
[2023.03.17-17.24.10:117][  0]LogModuleManager: Shutting down and abandoning module AIModule (602)
[2023.03.17-17.24.10:117][  0]LogModuleManager: Shutting down and abandoning module GameplayDebugger (601)
[2023.03.17-17.24.10:117][  0]LogModuleManager: Shutting down and abandoning module AITestSuite (599)
[2023.03.17-17.24.10:117][  0]LogModuleManager: Shutting down and abandoning module NavigationSystem (597)
[2023.03.17-17.24.10:117][  0]LogModuleManager: Shutting down and abandoning module AudioSynesthesiaEditor (594)
[2023.03.17-17.24.10:117][  0]LogModuleManager: Shutting down and abandoning module OculusEditor (592)
[2023.03.17-17.24.10:117][  0]LogModuleManager: Shutting down and abandoning module OculusInput (590)
[2023.03.17-17.24.10:117][  0]LogModuleManager: Shutting down and abandoning module ContentBrowserFileDataSource (588)
[2023.03.17-17.24.10:117][  0]LogModuleManager: Shutting down and abandoning module ContentBrowserClassDataSource (586)
[2023.03.17-17.24.10:117][  0]LogModuleManager: Shutting down and abandoning module ContentBrowserAssetDataSource (584)
[2023.03.17-17.24.10:117][  0]LogModuleManager: Shutting down and abandoning module ToolMenus (583)
[2023.03.17-17.24.10:117][  0]LogModuleManager: Shutting down and abandoning module SynthesisEditor (580)
[2023.03.17-17.24.10:117][  0]LogModuleManager: Shutting down and abandoning module Synthesis (578)
[2023.03.17-17.24.10:117][  0]LogModuleManager: Shutting down and abandoning module TakeSequencer (576)
[2023.03.17-17.24.10:117][  0]LogModuleManager: Shutting down and abandoning module TakeMovieScene (574)
[2023.03.17-17.24.10:117][  0]LogModuleManager: Shutting down and abandoning module ProceduralMeshComponentEditor (572)
[2023.03.17-17.24.10:118][  0]LogModuleManager: Shutting down and abandoning module ProceduralMeshComponent (570)
[2023.03.17-17.24.10:118][  0]LogModuleManager: Shutting down and abandoning module ScreenshotTools (568)
[2023.03.17-17.24.10:118][  0]LogModuleManager: Shutting down and abandoning module OpenXREditor (566)
[2023.03.17-17.24.10:118][  0]LogModuleManager: Shutting down and abandoning module MobilePatchingUtils (564)
[2023.03.17-17.24.10:118][  0]LogModuleManager: Shutting down and abandoning module GooglePAD (562)
[2023.03.17-17.24.10:118][  0]LogModuleManager: Shutting down and abandoning module EditableMesh (560)
[2023.03.17-17.24.10:118][  0]LogModuleManager: Shutting down and abandoning module CustomMeshComponent (558)
[2023.03.17-17.24.10:118][  0]LogModuleManager: Shutting down and abandoning module CableComponent (556)
[2023.03.17-17.24.10:118][  0]LogModuleManager: Shutting down and abandoning module AudioCapture (554)
[2023.03.17-17.24.10:118][  0]LogModuleManager: Shutting down and abandoning module AudioCaptureRtAudio (553)
[2023.03.17-17.24.10:118][  0]LogModuleManager: Shutting down and abandoning module AssetTags (550)
[2023.03.17-17.24.10:118][  0]LogModuleManager: Shutting down and abandoning module ArchVisCharacter (548)
[2023.03.17-17.24.10:118][  0]LogModuleManager: Shutting down and abandoning module AppleImageUtilsBlueprintSupport (546)
[2023.03.17-17.24.10:118][  0]LogModuleManager: Shutting down and abandoning module AppleImageUtils (544)
[2023.03.17-17.24.10:118][  0]LogModuleManager: Shutting down and abandoning module AndroidPermission (542)
[2023.03.17-17.24.10:118][  0]LogModuleManager: Shutting down and abandoning module ActorLayerUtilitiesEditor (540)
[2023.03.17-17.24.10:118][  0]LogModuleManager: Shutting down and abandoning module ActorLayerUtilities (538)
[2023.03.17-17.24.10:118][  0]LogModuleManager: Shutting down and abandoning module TemplateSequence (536)
[2023.03.17-17.24.10:118][  0]LogModuleManager: Shutting down and abandoning module MediaCompositing (534)
[2023.03.17-17.24.10:118][  0]LogModuleManager: Shutting down and abandoning module OpenImageDenoise (532)
[2023.03.17-17.24.10:118][  0]LogOpenImageDenoise: OIDN shutting down
[2023.03.17-17.24.10:118][  0]LogModuleManager: Shutting down and abandoning module MotoSynthEditor (530)
[2023.03.17-17.24.10:118][  0]LogModuleManager: Shutting down and abandoning module MotoSynth (528)
[2023.03.17-17.24.10:118][  0]LogModuleManager: Shutting down and abandoning module MeshConversion (526)
[2023.03.17-17.24.10:118][  0]LogModuleManager: Shutting down and abandoning module DynamicMesh (524)
[2023.03.17-17.24.10:118][  0]LogModuleManager: Shutting down and abandoning module GeometryAlgorithms (522)
[2023.03.17-17.24.10:118][  0]LogModuleManager: Shutting down and abandoning module GeometricObjects (520)
[2023.03.17-17.24.10:118][  0]LogModuleManager: Shutting down and abandoning module GeometryCollectionTracks (518)
[2023.03.17-17.24.10:118][  0]LogModuleManager: Shutting down and abandoning module GeometryCollectionSequencer (517)
[2023.03.17-17.24.10:118][  0]LogModuleManager: Shutting down and abandoning module GeometryCollectionEditor (514)
[2023.03.17-17.24.10:118][  0]LogModuleManager: Shutting down and abandoning module GeometryCacheTracks (512)
[2023.03.17-17.24.10:118][  0]LogModuleManager: Shutting down and abandoning module GeometryCacheStreamer (510)
[2023.03.17-17.24.10:118][  0]LogModuleManager: Shutting down and abandoning module GeometryCacheSequencer (508)
[2023.03.17-17.24.10:118][  0]LogModuleManager: Shutting down and abandoning module ChaosSolverEditor (506)
[2023.03.17-17.24.10:118][  0]LogModuleManager: Shutting down and abandoning module ChaosNiagara (504)
[2023.03.17-17.24.10:118][  0]LogModuleManager: Shutting down and abandoning module FractureEditor (502)
[2023.03.17-17.24.10:118][  0]LogModuleManager: Shutting down and abandoning module FieldSystemEngine (501)
[2023.03.17-17.24.10:118][  0]LogModuleManager: Shutting down and abandoning module ChaosClothEditor (498)
[2023.03.17-17.24.10:118][  0]LogModuleManager: Shutting down and abandoning module VariantManagerContentEditor (496)
[2023.03.17-17.24.10:118][  0]LogModuleManager: Shutting down and abandoning module SpeedTreeImporter (494)
[2023.03.17-17.24.10:118][  0]LogModuleManager: Shutting down and abandoning module AutomationUtilsEditor (492)
[2023.03.17-17.24.10:118][  0]LogModuleManager: Shutting down and abandoning module AutomationUtils (490)
[2023.03.17-17.24.10:118][  0]LogModuleManager: Shutting down and abandoning module PluginBrowser (488)
[2023.03.17-17.24.10:118][  0]LogModuleManager: Shutting down and abandoning module MobileLauncherProfileWizard (486)
[2023.03.17-17.24.10:118][  0]LogModuleManager: Shutting down and abandoning module AlembicImporter (484)
[2023.03.17-17.24.10:118][  0]LogModuleManager: Shutting down and abandoning module AlembicLibrary (483)
[2023.03.17-17.24.10:118][  0]LogModuleManager: Shutting down and abandoning module GeometryCache (482)
[2023.03.17-17.24.10:118][  0]LogModuleManager: Shutting down and abandoning module GeometryCacheEd (481)
[2023.03.17-17.24.10:118][  0]LogModuleManager: Shutting down and abandoning module MaterialAnalyzer (476)
[2023.03.17-17.24.10:118][  0]LogModuleManager: Shutting down and abandoning module MagicLeapSharedWorld (474)
[2023.03.17-17.24.10:118][  0]LogModuleManager: Shutting down and abandoning module MagicLeapLightEstimation (472)
[2023.03.17-17.24.10:118][  0]LogModuleManager: Shutting down and abandoning module CurveEditorTools (470)
[2023.03.17-17.24.10:118][  0]LogModuleManager: Shutting down and abandoning module DatasmithContentEditor (468)
[2023.03.17-17.24.10:119][  0]LogModuleManager: Shutting down and abandoning module CryptoKeysOpenSSL (466)
[2023.03.17-17.24.10:119][  0]LogModuleManager: Shutting down and abandoning module CryptoKeys (464)
[2023.03.17-17.24.10:119][  0]LogModuleManager: Shutting down and abandoning module NiagaraEditorWidgets (462)
[2023.03.17-17.24.10:119][  0]LogModuleManager: Shutting down and abandoning module MagicLeapHelperVulkan (460)
[2023.03.17-17.24.10:119][  0]LogModuleManager: Shutting down and abandoning module MagicLeapHelperOpenGL (458)
[2023.03.17-17.24.10:119][  0]LogModuleManager: Shutting down and abandoning module MagicLeapAudio (456)
[2023.03.17-17.24.10:119][  0]LogModuleManager: Shutting down and abandoning module VisualStudioSourceCodeAccess (454)
[2023.03.17-17.24.10:119][  0]LogModuleManager: Shutting down and abandoning module VisualStudioCodeSourceCodeAccess (452)
[2023.03.17-17.24.10:119][  0]LogModuleManager: Shutting down and abandoning module UObjectPlugin (450)
[2023.03.17-17.24.10:119][  0]LogModuleManager: Shutting down and abandoning module SubversionSourceControl (448)
[2023.03.17-17.24.10:119][  0]LogModuleManager: Shutting down and abandoning module PluginUtils (446)
[2023.03.17-17.24.10:119][  0]LogModuleManager: Shutting down and abandoning module PlasticSourceControl (444)
[2023.03.17-17.24.10:119][  0]LogModuleManager: Shutting down and abandoning module PerforceSourceControl (442)
[2023.03.17-17.24.10:119][  0]LogModuleManager: Shutting down and abandoning module GitSourceControl (440)
[2023.03.17-17.24.10:119][  0]LogModuleManager: Shutting down and abandoning module SourceControl (439)
[2023.03.17-17.24.10:119][  0]LogModuleManager: Shutting down and abandoning module CLionSourceCodeAccess (436)
[2023.03.17-17.24.10:119][  0]LogModuleManager: Shutting down and abandoning module AnimationSharingEd (434)
[2023.03.17-17.24.10:119][  0]LogModuleManager: Shutting down and abandoning module OodleNetworkHandlerComponent (432)
[2023.03.17-17.24.10:119][  0]LogModuleManager: Shutting down and abandoning module LightPropagationVolumeEditor (430)
[2023.03.17-17.24.10:119][  0]LogModuleManager: Shutting down and abandoning module LiveLinkSequencer (428)
[2023.03.17-17.24.10:119][  0]LogModuleManager: Shutting down and abandoning module LiveLinkMovieScene (426)
[2023.03.17-17.24.10:119][  0]LogModuleManager: Shutting down and abandoning module LiveLinkGraphNode (424)
[2023.03.17-17.24.10:119][  0]LogModuleManager: Shutting down and abandoning module LiveLinkEditor (422)
[2023.03.17-17.24.10:119][  0]LogModuleManager: Shutting down and abandoning module LiveLinkComponents (420)
[2023.03.17-17.24.10:120][  0]LogModuleManager: Shutting down and abandoning module LiveLink (418)
[2023.03.17-17.24.10:966][  0]LogModuleManager: Shutting down and abandoning module PaperTiledImporter (416)
[2023.03.17-17.24.10:966][  0]LogModuleManager: Shutting down and abandoning module PaperSpriteSheetImporter (414)
[2023.03.17-17.24.10:966][  0]LogModuleManager: Shutting down and abandoning module Paper2DEditor (412)
[2023.03.17-17.24.10:966][  0]LogModuleManager: Shutting down and abandoning module MeshPaintingToolset (410)
[2023.03.17-17.24.10:966][  0]LogModuleManager: Shutting down and abandoning module MeshPaintEditorMode (408)
[2023.03.17-17.24.10:966][  0]LogModuleManager: Shutting down and abandoning module SoundFields (406)
[2023.03.17-17.24.10:966][  0]LogModuleManager: Shutting down and abandoning module SignificanceManager (404)
[2023.03.17-17.24.10:966][  0]LogModuleManager: Shutting down and abandoning module RuntimePhysXCooking (402)
[2023.03.17-17.24.10:966][  0]LogModuleManager: Shutting down and abandoning module PropertyAccessEditor (400)
[2023.03.17-17.24.10:967][  0]LogModuleManager: Shutting down and abandoning module PhysXVehiclesEditor (398)
[2023.03.17-17.24.10:967][  0]LogModuleManager: Shutting down and abandoning module LocationServicesBPLibrary (394)
[2023.03.17-17.24.10:967][  0]LogModuleManager: Shutting down and abandoning module AudioSynesthesia (392)
[2023.03.17-17.24.10:967][  0]LogModuleManager: Shutting down and abandoning module AudioSynesthesiaCore (390)
[2023.03.17-17.24.10:967][  0]LogModuleManager: Shutting down and abandoning module ActorSequence (388)
[2023.03.17-17.24.10:967][  0]LogModuleManager: Shutting down and abandoning module UdpMessaging (386)
[2023.03.17-17.24.10:967][  0]LogModuleManager: Shutting down and abandoning module TcpMessaging (384)
[2023.03.17-17.24.10:967][  0]LogModuleManager: Shutting down and abandoning module PythonScriptPlugin (382)
[2023.03.17-17.24.10:967][  0]LogModuleManager: Shutting down and abandoning module MagicLeapARPin (380)
[2023.03.17-17.24.10:967][  0]LogModuleManager: Shutting down and abandoning module GameplayTagsEditor (378)
[2023.03.17-17.24.10:967][  0]LogModuleManager: Shutting down and abandoning module FacialAnimationEditor (376)
[2023.03.17-17.24.10:967][  0]LogModuleManager: Shutting down and abandoning module FacialAnimation (374)
[2023.03.17-17.24.10:967][  0]LogModuleManager: Shutting down and abandoning module DataValidation (372)
[2023.03.17-17.24.10:967][  0]LogModuleManager: Shutting down and abandoning module NiagaraAnimNotifies (370)
[2023.03.17-17.24.10:967][  0]LogModuleManager: Shutting down and abandoning module Niagara (368)
[2023.03.17-17.24.10:967][  0]LogModuleManager: Shutting down and abandoning module SignalProcessing (367)
[2023.03.17-17.24.10:967][  0]LogModuleManager: Shutting down and abandoning module NiagaraEditor (365)
[2023.03.17-17.24.10:967][  0]LogModuleManager: Shutting down and abandoning module NiagaraCore (362)
[2023.03.17-17.24.10:967][  0]LogModuleManager: Shutting down and abandoning module MagicLeapHandMeshing (360)
[2023.03.17-17.24.10:967][  0]LogModuleManager: Shutting down and abandoning module MagicLeapSecureStorage (358)
[2023.03.17-17.24.10:967][  0]LogModuleManager: Shutting down and abandoning module MagicLeapPrivileges (356)
[2023.03.17-17.24.10:967][  0]LogModuleManager: Shutting down and abandoning module MagicLeapPlanes (354)
[2023.03.17-17.24.10:967][  0]LogMagicLeapPlanes: Planes tracker already destroyed.
[2023.03.17-17.24.10:967][  0]LogModuleManager: Shutting down and abandoning module MagicLeapImageTracker (352)
[2023.03.17-17.24.10:967][  0]LogModuleManager: Shutting down and abandoning module MagicLeapIdentity (350)
[2023.03.17-17.24.10:967][  0]LogModuleManager: Shutting down and abandoning module MagicLeapHandTracking (348)
[2023.03.17-17.24.10:968][  0]LogModuleManager: Shutting down and abandoning module MagicLeapEyeTracker (346)
[2023.03.17-17.24.10:968][  0]LogModuleManager: Shutting down and abandoning module MagicLeapController (344)
[2023.03.17-17.24.10:968][  0]LogModuleManager: Shutting down and abandoning module MagicLeapARPinImpl (342)
[2023.03.17-17.24.10:968][  0]LogModuleManager: Shutting down and abandoning module MagicLeapAR (340)
[2023.03.17-17.24.10:968][  0]LogModuleManager: Shutting down and abandoning module AssetManagerEditor (338)
[2023.03.17-17.24.10:968][  0]LogModuleManager: Shutting down and abandoning module TreeMap (337)
[2023.03.17-17.24.10:968][  0]LogModuleManager: Shutting down and abandoning module PropertyAccessNode (334)
[2023.03.17-17.24.10:968][  0]LogModuleManager: Shutting down and abandoning module AnimationSharing (332)
[2023.03.17-17.24.10:968][  0]LogModuleManager: Shutting down and abandoning module GameplayCameras (330)
[2023.03.17-17.24.10:968][  0]LogModuleManager: Shutting down and abandoning module LightPropagationVolumeRuntime (328)
[2023.03.17-17.24.10:968][  0]LogModuleManager: Shutting down and abandoning module EnvironmentQueryEditor (326)
[2023.03.17-17.24.10:968][  0]LogModuleManager: Shutting down and abandoning module Paper2D (324)
[2023.03.17-17.24.10:968][  0]LogModuleManager: Shutting down and abandoning module NetworkReplayStreaming (322)
[2023.03.17-17.24.10:968][  0]LogModuleManager: Shutting down and abandoning module PacketHandler (320)
[2023.03.17-17.24.10:968][  0]LogModuleManager: Shutting down and abandoning module ClothingSystemEditor (318)
[2023.03.17-17.24.10:968][  0]LogModuleManager: Shutting down and abandoning module ClothingSystemRuntimeNv (316)
[2023.03.17-17.24.10:968][  0]LogModuleManager: Shutting down and abandoning module MediaAssets (314)
[2023.03.17-17.24.10:968][  0]LogModuleManager: Shutting down and abandoning module Overlay (312)
[2023.03.17-17.24.10:968][  0]LogModuleManager: Shutting down and abandoning module OverlayEditor (311)
[2023.03.17-17.24.10:968][  0]LogModuleManager: Shutting down and abandoning module Blutility (308)
[2023.03.17-17.24.10:968][  0]LogModuleManager: Shutting down and abandoning module LevelEditor (307)
[2023.03.17-17.24.10:970][  0]LogModuleManager: Shutting down and abandoning module PixelInspectorModule (306)
[2023.03.17-17.24.10:970][  0]LogModuleManager: Shutting down and abandoning module CommonMenuExtensions (304)
[2023.03.17-17.24.10:970][  0]LogModuleManager: Shutting down and abandoning module MainFrame (302)
[2023.03.17-17.24.10:970][  0]LogModuleManager: Shutting down and abandoning module HotReload (301)
[2023.03.17-17.24.10:970][  0]LogModuleManager: Shutting down and abandoning module ContentBrowser (297)
[2023.03.17-17.24.10:970][  0]LogModuleManager: Shutting down and abandoning module CollectionManager (296)
[2023.03.17-17.24.10:971][  0]LogModuleManager: Shutting down and abandoning module ContentBrowserData (294)
[2023.03.17-17.24.10:971][  0]LogModuleManager: Shutting down and abandoning module IntroTutorials (290)
[2023.03.17-17.24.10:971][  0]LogModuleManager: Shutting down and abandoning module VREditor (288)
[2023.03.17-17.24.10:971][  0]LogModuleManager: Shutting down and abandoning module StringTableEditor (286)
[2023.03.17-17.24.10:971][  0]LogModuleManager: Shutting down and abandoning module GameplayTasksEditor (284)
[2023.03.17-17.24.10:971][  0]LogModuleManager: Shutting down and abandoning module BehaviorTreeEditor (282)
[2023.03.17-17.24.10:971][  0]LogModuleManager: Shutting down and abandoning module FunctionalTesting (280)
[2023.03.17-17.24.10:971][  0]LogModuleManager: Shutting down and abandoning module CollisionAnalyzer (278)
[2023.03.17-17.24.10:971][  0]LogModuleManager: Shutting down and abandoning module WorkspaceMenuStructure (277)
[2023.03.17-17.24.10:971][  0]LogModuleManager: Shutting down and abandoning module UMG (274)
[2023.03.17-17.24.10:971][  0]LogModuleManager: Shutting down and abandoning module UMGEditor (273)
[2023.03.17-17.24.10:971][  0]LogModuleManager: Shutting down and abandoning module MessageLog (271)
[2023.03.17-17.24.10:971][  0]LogModuleManager: Shutting down and abandoning module SlateReflector (266)
[2023.03.17-17.24.10:971][  0]LogModuleManager: Shutting down and abandoning module Slate (264)
[2023.03.17-17.24.10:971][  0]LogModuleManager: Shutting down and abandoning module SlateCore (262)
[2023.03.17-17.24.10:972][  0]LogModuleManager: Shutting down and abandoning module LandscapeEditorUtilities (260)
[2023.03.17-17.24.10:972][  0]LogModuleManager: Shutting down and abandoning module UnrealEd (258)
[2023.03.17-17.24.10:972][  0]LogModuleManager: Shutting down and abandoning module MRMesh (256)
[2023.03.17-17.24.10:972][  0]LogModuleManager: Shutting down and abandoning module SourceCodeAccess (254)
[2023.03.17-17.24.10:972][  0]LogModuleManager: Shutting down and abandoning module HeadMountedDisplay (252)
[2023.03.17-17.24.10:972][  0]LogModuleManager: Shutting down and abandoning module XAudio2 (250)
[2023.03.17-17.24.10:972][  0]LogModuleManager: Shutting down and abandoning module Networking (248)
[2023.03.17-17.24.10:972][  0]LogModuleManager: Shutting down and abandoning module Core (246)
[2023.03.17-17.24.10:972][  0]LogModuleManager: Shutting down and abandoning module MaterialEditor (244)
[2023.03.17-17.24.10:972][  0]LogModuleManager: Shutting down and abandoning module Settings (243)
[2023.03.17-17.24.10:972][  0]LogModuleManager: Shutting down and abandoning module MovieSceneTools (240)
[2023.03.17-17.24.10:972][  0]LogModuleManager: Shutting down and abandoning module CurveEditor (239)
[2023.03.17-17.24.10:972][  0]LogModuleManager: Shutting down and abandoning module Sequencer (237)
[2023.03.17-17.24.10:973][  0]LogModuleManager: Shutting down and abandoning module EditorStyle (236)
[2023.03.17-17.24.10:973][  0]LogModuleManager: Shutting down and abandoning module KismetCompiler (232)
[2023.03.17-17.24.10:973][  0]LogModuleManager: Shutting down and abandoning module MeshBuilder (230)
[2023.03.17-17.24.10:973][  0]LogModuleManager: Shutting down and abandoning module MeshUtilities (228)
[2023.03.17-17.24.10:973][  0]LogModuleManager: Shutting down and abandoning module MeshMergeUtilities (227)
[2023.03.17-17.24.10:973][  0]LogModuleManager: Shutting down and abandoning module MeshReductionInterface (226)
[2023.03.17-17.24.10:974][  0]LogModuleManager: Shutting down and abandoning module MeshBoneReduction (225)
[2023.03.17-17.24.10:974][  0]LogModuleManager: Shutting down and abandoning module SkeletalMeshReduction (223)
[2023.03.17-17.24.10:974][  0]LogModuleManager: Shutting down and abandoning module ProxyLODMeshReduction (221)
[2023.03.17-17.24.10:974][  0]LogModuleManager: Shutting down and abandoning module QuadricMeshReduction (219)
[2023.03.17-17.24.10:974][  0]LogModuleManager: Shutting down and abandoning module MaterialBaking (215)
[2023.03.17-17.24.10:974][  0]LogModuleManager: Shutting down and abandoning module DirectoryWatcher (211)
[2023.03.17-17.24.10:974][  0]LogModuleManager: Shutting down and abandoning module NullInstallBundleManager (208)
[2023.03.17-17.24.10:974][  0]LogModuleManager: Shutting down and abandoning module DerivedDataCache (206)
[2023.03.17-17.24.10:974][  0]LogModuleManager: Shutting down and abandoning module TargetPlatform (204)
[2023.03.17-17.24.10:974][  0]LogModuleManager: Shutting down and abandoning module VulkanShaderFormat (203)
[2023.03.17-17.24.10:974][  0]LogModuleManager: Shutting down and abandoning module ShaderFormatVectorVM (201)
[2023.03.17-17.24.10:974][  0]LogModuleManager: Shutting down and abandoning module ShaderFormatOpenGL (199)
[2023.03.17-17.24.10:974][  0]LogModuleManager: Shutting down and abandoning module ShaderFormatD3D (197)
[2023.03.17-17.24.10:974][  0]LogModuleManager: Shutting down and abandoning module MetalShaderFormat (195)
[2023.03.17-17.24.10:974][  0]LogModuleManager: Shutting down and abandoning module TextureFormatOodle (193)
[2023.03.17-17.24.10:974][  0]LogModuleManager: Shutting down and abandoning module TextureFormatUncompressed (191)
[2023.03.17-17.24.10:974][  0]LogModuleManager: Shutting down and abandoning module TextureFormatPVR (189)
[2023.03.17-17.24.10:974][  0]LogModuleManager: Shutting down and abandoning module TextureFormatETC2 (187)
[2023.03.17-17.24.10:974][  0]LogModuleManager: Shutting down and abandoning module TextureFormatDXT (185)
[2023.03.17-17.24.10:974][  0]LogModuleManager: Shutting down and abandoning module TextureFormatIntelISPCTexComp (183)
[2023.03.17-17.24.10:975][  0]LogModuleManager: Shutting down and abandoning module TextureFormatASTC (181)
[2023.03.17-17.24.10:975][  0]LogModuleManager: Shutting down and abandoning module ImageWrapper (180)
[2023.03.17-17.24.10:975][  0]LogModuleManager: Shutting down and abandoning module AudioFormatOpus (177)
[2023.03.17-17.24.10:975][  0]LogModuleManager: Shutting down and abandoning module AudioFormatOgg (175)
[2023.03.17-17.24.10:975][  0]LogModuleManager: Shutting down and abandoning module AudioFormatADPCM (173)
[2023.03.17-17.24.10:975][  0]LogModuleManager: Shutting down and abandoning module WindowsServerTargetPlatform (171)
[2023.03.17-17.24.10:975][  0]LogModuleManager: Shutting down and abandoning module WindowsClientTargetPlatform (169)
[2023.03.17-17.24.10:975][  0]LogModuleManager: Shutting down and abandoning module WindowsTargetPlatform (167)
[2023.03.17-17.24.10:975][  0]LogModuleManager: Shutting down and abandoning module WindowsNoEditorTargetPlatform (165)
[2023.03.17-17.24.10:975][  0]LogModuleManager: Shutting down and abandoning module TVOSTargetPlatform (163)
[2023.03.17-17.24.10:976][  0]LogModuleManager: Shutting down and abandoning module MacServerTargetPlatform (161)
[2023.03.17-17.24.10:976][  0]LogModuleManager: Shutting down and abandoning module MacClientTargetPlatform (159)
[2023.03.17-17.24.10:976][  0]LogModuleManager: Shutting down and abandoning module MacTargetPlatform (157)
[2023.03.17-17.24.10:976][  0]LogModuleManager: Shutting down and abandoning module MacNoEditorTargetPlatform (155)
[2023.03.17-17.24.10:976][  0]LogModuleManager: Shutting down and abandoning module LuminTargetPlatform (153)
[2023.03.17-17.24.10:977][  0]LogModuleManager: Shutting down and abandoning module LinuxAArch64ServerTargetPlatform (151)
[2023.03.17-17.24.10:977][  0]LogModuleManager: Shutting down and abandoning module LinuxAArch64ClientTargetPlatform (149)
[2023.03.17-17.24.10:977][  0]LogModuleManager: Shutting down and abandoning module LinuxAArch64NoEditorTargetPlatform (147)
[2023.03.17-17.24.10:977][  0]LogModuleManager: Shutting down and abandoning module LinuxServerTargetPlatform (145)
[2023.03.17-17.24.10:977][  0]LogModuleManager: Shutting down and abandoning module LinuxClientTargetPlatform (143)
[2023.03.17-17.24.10:977][  0]LogModuleManager: Shutting down and abandoning module LinuxNoEditorTargetPlatform (141)
[2023.03.17-17.24.10:977][  0]LogModuleManager: Shutting down and abandoning module LinuxTargetPlatform (139)
[2023.03.17-17.24.10:977][  0]LogModuleManager: Shutting down and abandoning module Messaging (137)
[2023.03.17-17.24.10:977][  0]LogModuleManager: Shutting down and abandoning module IOSTargetPlatform (135)
[2023.03.17-17.24.10:979][  0]LogModuleManager: Shutting down and abandoning module AndroidTargetPlatform (133)
[2023.03.17-17.24.10:984][  0]LogModuleManager: Shutting down and abandoning module AllDesktopTargetPlatform (131)
[2023.03.17-17.24.10:984][  0]LogModuleManager: Shutting down and abandoning module NullDrv (128)
[2023.03.17-17.24.10:984][  0]LogModuleManager: Shutting down and abandoning module PhysXCooking (126)
[2023.03.17-17.24.10:984][  0]LogModuleManager: Shutting down and abandoning module Chaos (124)
[2023.03.17-17.24.10:984][  0]LogModuleManager: Shutting down and abandoning module WindowsPlatformFeatures (122)
[2023.03.17-17.24.10:984][  0]LogModuleManager: Shutting down and abandoning module GameplayMediaEncoder (121)
[2023.03.17-17.24.10:984][  0]LogModuleManager: Shutting down and abandoning module AVEncoder (120)
[2023.03.17-17.24.10:984][  0]LogModuleManager: Shutting down and abandoning module ExampleDeviceProfileSelector (116)
[2023.03.17-17.24.10:984][  0]LogModuleManager: Shutting down and abandoning module SteamVRInputDevice (114)
[2023.03.17-17.24.10:984][  0]LogModuleManager: Shutting down and abandoning module SteamVRInput (112)
[2023.03.17-17.24.10:984][  0]LogModuleManager: Shutting down and abandoning module SteamVR (110)
[2023.03.17-17.24.10:984][  0]LogHMD: Freeing OpenVRDLLHandle.
[2023.03.17-17.24.10:984][  0]LogModuleManager: Shutting down and abandoning module OculusHMD (108)
[2023.03.17-17.24.10:984][  0]LogModuleManager: Shutting down and abandoning module OpenXRHandTracking (106)
[2023.03.17-17.24.10:984][  0]LogModuleManager: Shutting down and abandoning module OpenXREyeTracker (104)
[2023.03.17-17.24.10:984][  0]LogModuleManager: Shutting down and abandoning module OpenXRAR (102)
[2023.03.17-17.24.10:984][  0]LogModuleManager: Shutting down and abandoning module AugmentedReality (101)
[2023.03.17-17.24.10:984][  0]LogModuleManager: Shutting down and abandoning module OpenXRHMD (98)
[2023.03.17-17.24.10:984][  0]LogModuleManager: Shutting down and abandoning module ChunkDownloader (96)
[2023.03.17-17.24.10:984][  0]LogModuleManager: Shutting down and abandoning module LauncherChunkInstaller (94)
[2023.03.17-17.24.10:984][  0]LogModuleManager: Shutting down and abandoning module OnlineBlueprintSupport (92)
[2023.03.17-17.24.10:984][  0]LogModuleManager: Shutting down and abandoning module OnlineSubsystem (88)
[2023.03.17-17.24.10:985][  0]LogModuleManager: Shutting down and abandoning module XMPP (83)
[2023.03.17-17.24.10:985][  0]LogModuleManager: Shutting down and abandoning module WebSockets (82)
[2023.03.17-17.24.11:007][  0]LogModuleManager: Shutting down and abandoning module HTTP (79)
[2023.03.17-17.24.11:007][  0]LogHttp: Display: cleaning up 0 outstanding Http requests.
[2023.03.17-17.24.11:011][  0]LogModuleManager: Shutting down and abandoning module SSL (78)
[2023.03.17-17.24.11:012][  0]LogModuleManager: Shutting down and abandoning module WmfMedia (74)
[2023.03.17-17.24.11:015][  0]LogModuleManager: Shutting down and abandoning module Media (73)
[2023.03.17-17.24.11:016][  0]LogModuleManager: Shutting down and abandoning module MediaInfo (72)
[2023.03.17-17.24.11:016][  0]LogModuleManager: Shutting down and abandoning module ExrReaderGpu (68)
[2023.03.17-17.24.11:016][  0]LogModuleManager: Shutting down and abandoning module VariantManagerContent (66)
[2023.03.17-17.24.11:016][  0]LogModuleManager: Shutting down and abandoning module ChaosCloth (64)
[2023.03.17-17.24.11:016][  0]LogModuleManager: Shutting down and abandoning module MLSDK (62)
[2023.03.17-17.24.11:016][  0]LogModuleManager: Shutting down and abandoning module DatasmithContent (60)
[2023.03.17-17.24.11:016][  0]LogModuleManager: Shutting down and abandoning module NiagaraVertexFactories (58)
[2023.03.17-17.24.11:017][  0]LogModuleManager: Shutting down and abandoning module NiagaraShader (56)
[2023.03.17-17.24.11:017][  0]LogModuleManager: Shutting down and abandoning module MagicLeap (54)
[2023.03.17-17.24.11:017][  0]LogModuleManager: Shutting down and abandoning module PixWinPlugin (52)
[2023.03.17-17.24.11:017][  0]LogModuleManager: Shutting down and abandoning module AISupportModule (50)
[2023.03.17-17.24.11:017][  0]LogModuleManager: Shutting down and abandoning module DesktopPlatform (48)
[2023.03.17-17.24.11:017][  0]LogModuleManager: Shutting down and abandoning module PythonScriptPluginPreload (46)
[2023.03.17-17.24.11:017][  0]LogModuleManager: Shutting down and abandoning module PlatformCryptoOpenSSL (44)
[2023.03.17-17.24.11:017][  0]LogModuleManager: Shutting down and abandoning module PlatformCryptoTypes (42)
[2023.03.17-17.24.11:017][  0]LogModuleManager: Shutting down and abandoning module PlatformCrypto (40)
[2023.03.17-17.24.11:017][  0]LogModuleManager: Shutting down and abandoning module OodleDataCompressionFormat (38)
[2023.03.17-17.24.11:017][  0]LogModuleManager: Shutting down and abandoning module XGEController (36)
[2023.03.17-17.24.11:017][  0]LogModuleManager: Shutting down and abandoning module AnimationModifiers (34)
[2023.03.17-17.24.11:017][  0]LogModuleManager: Shutting down and abandoning module AudioEditor (32)
[2023.03.17-17.24.11:017][  0]LogModuleManager: Shutting down and abandoning module PropertyEditor (31)
[2023.03.17-17.24.11:018][  0]LogModuleManager: Shutting down and abandoning module TextureCompressor (28)
[2023.03.17-17.24.11:018][  0]LogModuleManager: Shutting down and abandoning module RenderCore (26)
[2023.03.17-17.24.11:018][  0]LogModuleManager: Shutting down and abandoning module Landscape (24)
[2023.03.17-17.24.11:018][  0]LogModuleManager: Shutting down and abandoning module SlateRHIRenderer (22)
[2023.03.17-17.24.11:018][  0]LogModuleManager: Shutting down and abandoning module AnimGraphRuntime (20)
[2023.03.17-17.24.11:018][  0]LogModuleManager: Shutting down and abandoning module Renderer (18)
[2023.03.17-17.24.11:018][  0]LogModuleManager: Shutting down and abandoning module Engine (16)
[2023.03.17-17.24.11:018][  0]LogModuleManager: Shutting down and abandoning module CoreUObject (14)
[2023.03.17-17.24.11:018][  0]LogModuleManager: Shutting down and abandoning module NetworkFile (12)
[2023.03.17-17.24.11:018][  0]LogModuleManager: Shutting down and abandoning module CookedIterativeFile (10)
[2023.03.17-17.24.11:018][  0]LogModuleManager: Shutting down and abandoning module StreamingFile (8)
[2023.03.17-17.24.11:018][  0]LogModuleManager: Shutting down and abandoning module SandboxFile (6)
[2023.03.17-17.24.11:018][  0]LogModuleManager: Shutting down and abandoning module PakFile (4)
[2023.03.17-17.24.11:018][  0]LogModuleManager: Shutting down and abandoning module RSA (3)
[2023.03.17-17.24.11:305][  0]LogContentStreaming: Display: There are 1 unreleased StreamingManagers
[2023.03.17-17.24.11:317][  0]LogExit: Exiting.
[2023.03.17-17.24.11:322][  0]Log file closed, 03/17/23 17:24:11
