Log file open, 04/06/23 16:38:48
LogWindows: Failed to load 'aqProf.dll' (GetLastError=126)
LogWindows: File 'aqProf.dll' does not exist
LogWindows: Failed to load 'VtuneApi.dll' (GetLastError=126)
LogWindows: File 'VtuneApi.dll' does not exist
LogWindows: Failed to load 'VtuneApi32e.dll' (GetLastError=126)
LogWindows: File 'VtuneApi32e.dll' does not exist
LogConsoleResponse: Display: Failed to find resolution value strings in scalability ini. Falling back to default.
LogConsoleResponse: Display: Failed to find resolution value strings in scalability ini. Falling back to default.
LogInit: Display: Running engine for game: Twonic
LogPlatformFile: Not using cached read wrapper
LogTaskGraph: Started task graph with 5 named threads and 23 total threads with 3 sets of task threads.
LogStats: Stats thread started at 10.458999
LogICUInternationalization: ICU TimeZone Detection - Raw Offset: +0:00, Platform Override: ''
LogInit: Display: Loading text-based GConfig....
LogPluginManager: Mounting plugin MeshPainting
LogPluginManager: Mounting plugin XGEController
LogPluginManager: Mounting plugin AISupport
LogPluginManager: Mounting plugin EnvironmentQueryEditor
LogPluginManager: Mounting plugin LiveLink
LogPluginManager: Mounting plugin LightPropagationVolume
LogPluginManager: Mounting plugin CameraShakePreviewer
LogPluginManager: Mounting plugin GameplayCameras
LogPluginManager: Mounting plugin OodleData
LogPluginManager: Mounting plugin OodleNetwork
LogPluginManager: Mounting plugin AssetManagerEditor
LogPluginManager: Mounting plugin Paper2D
LogPluginManager: Mounting plugin CryptoKeys
LogPluginManager: Mounting plugin CurveEditorTools
LogPluginManager: Mounting plugin DataValidation
LogPluginManager: Mounting plugin GameplayTagsEditor
LogPluginManager: Mounting plugin FacialAnimation
LogPluginManager: Mounting plugin GeometryMode
LogPluginManager: Mounting plugin MacGraphicsSwitching
LogPluginManager: Mounting plugin MaterialAnalyzer
LogPluginManager: Mounting plugin MobileLauncherProfileWizard
LogPluginManager: Mounting plugin SpeedTreeImporter
LogPluginManager: Mounting plugin TcpMessaging
LogPluginManager: Mounting plugin AnimationSharing
LogPluginManager: Mounting plugin UdpMessaging
LogPluginManager: Mounting plugin CodeLiteSourceCodeAccess
LogPluginManager: Mounting plugin CLionSourceCodeAccess
LogPluginManager: Mounting plugin GitSourceControl
LogPluginManager: Mounting plugin KDevelopSourceCodeAccess
LogPluginManager: Mounting plugin NullSourceCodeAccess
LogPluginManager: Mounting plugin PerforceSourceControl
LogPluginManager: Mounting plugin PixWinPlugin
LogPluginManager: Mounting plugin PlasticSourceControl
LogPluginManager: Mounting plugin PropertyAccessNode
LogPluginManager: Mounting plugin PluginUtils
LogPluginManager: Mounting plugin RiderSourceCodeAccess
LogPluginManager: Mounting plugin SubversionSourceControl
LogPluginManager: Mounting plugin TextureFormatOodle
LogPluginManager: Mounting plugin UObjectPlugin
LogPluginManager: Mounting plugin VisualStudioCodeSourceCodeAccess
LogPluginManager: Mounting plugin ActorSequence
LogPluginManager: Mounting plugin VisualStudioSourceCodeAccess
LogPluginManager: Mounting plugin XCodeSourceCodeAccess
LogPluginManager: Mounting plugin LevelSequenceEditor
LogPluginManager: Mounting plugin MatineeToLevelSequence
LogPluginManager: Mounting plugin TemplateSequence
LogPluginManager: Mounting plugin DatasmithContent
LogPluginManager: Mounting plugin Niagara
LogPluginManager: Mounting plugin VariantManagerContent
LogPluginManager: Mounting plugin PluginBrowser
LogPluginManager: Mounting plugin AndroidMedia
LogPluginManager: Mounting plugin AvfMedia
LogPluginManager: Mounting plugin ImgMedia
LogPluginManager: Mounting plugin MediaCompositing
LogPluginManager: Mounting plugin WebMMedia
LogPluginManager: Mounting plugin MediaPlayerEditor
LogPluginManager: Mounting plugin OnlineSubsystem
LogPluginManager: Mounting plugin WmfMedia
LogPluginManager: Mounting plugin OnlineSubsystemUtils
LogPluginManager: Mounting plugin LuminPlatformFeatures
LogPluginManager: Mounting plugin OnlineSubsystemNull
LogPluginManager: Mounting plugin MagicLeapMedia
LogPluginManager: Mounting plugin MLSDK
LogPluginManager: Mounting plugin MagicLeapLightEstimation
LogPluginManager: Mounting plugin MagicLeapPassableWorld
LogPluginManager: Mounting plugin MagicLeap
LogPluginManager: Mounting plugin LauncherChunkInstaller
LogPluginManager: Mounting plugin ScreenshotTools
LogPluginManager: Mounting plugin AutomationUtils
LogPluginManager: Mounting plugin ChaosClothEditor
LogPluginManager: Mounting plugin ChaosEditor
LogPluginManager: Mounting plugin ChaosSolverPlugin
LogPluginManager: Mounting plugin CharacterAI
LogPluginManager: Mounting plugin ChaosCloth
LogPluginManager: Mounting plugin AlembicImporter
LogPluginManager: Mounting plugin GeometryCache
LogPluginManager: Mounting plugin ChaosNiagara
LogPluginManager: Mounting plugin GeometryCollectionPlugin
LogPluginManager: Mounting plugin BackChannel
LogPluginManager: Mounting plugin Takes
LogPluginManager: Mounting plugin GeometryProcessing
LogPluginManager: Mounting plugin PlanarCut
LogPluginManager: Mounting plugin OpenImageDenoise
LogPluginManager: Mounting plugin PlatformCrypto
LogPluginManager: Mounting plugin ProxyLODPlugin
LogPluginManager: Mounting plugin MotoSynth
LogPluginManager: Mounting plugin SkeletalReduction
LogPluginManager: Mounting plugin ActorLayerUtilities
LogPluginManager: Mounting plugin PythonScriptPlugin
LogPluginManager: Mounting plugin AndroidDeviceProfileSelector
LogPluginManager: Mounting plugin AppleImageUtils
LogPluginManager: Mounting plugin AppleMoviePlayer
LogPluginManager: Mounting plugin AndroidMoviePlayer
LogPluginManager: Mounting plugin AndroidPermission
LogPluginManager: Mounting plugin ArchVisCharacter
LogPluginManager: Mounting plugin AssetTags
LogPluginManager: Mounting plugin AudioCapture
LogPluginManager: Mounting plugin AudioSynesthesia
LogPluginManager: Mounting plugin CableComponent
LogPluginManager: Mounting plugin ChunkDownloader
LogPluginManager: Mounting plugin CustomMeshComponent
LogPluginManager: Mounting plugin EditableMesh
LogPluginManager: Mounting plugin ExampleDeviceProfileSelector
LogPluginManager: Mounting plugin GoogleCloudMessaging
LogPluginManager: Mounting plugin GooglePAD
LogPluginManager: Mounting plugin LinuxDeviceProfileSelector
LogPluginManager: Mounting plugin LocationServicesBPLibrary
LogPluginManager: Mounting plugin MobilePatchingUtils
LogPluginManager: Mounting plugin IOSDeviceProfileSelector
LogPluginManager: Mounting plugin OpenXR
LogPluginManager: Mounting plugin OpenXREyeTracker
LogPluginManager: Mounting plugin PhysXVehicles
LogPluginManager: Mounting plugin PostSplashScreen
LogPluginManager: Mounting plugin ProceduralMeshComponent
LogPluginManager: Mounting plugin PropertyAccessEditor
LogPluginManager: Mounting plugin RuntimePhysXCooking
LogPluginManager: Mounting plugin SignificanceManager
LogPluginManager: Mounting plugin OpenXRHandTracking
LogPluginManager: Mounting plugin SoundFields
LogPluginManager: Mounting plugin WebMMoviePlayer
LogPluginManager: Mounting plugin WindowsMoviePlayer
LogPluginManager: Mounting plugin Synthesis
LogPluginManager: Mounting plugin ContentBrowserAssetDataSource
LogPluginManager: Mounting plugin ContentBrowserClassDataSource
LogPluginManager: Mounting plugin ContentBrowserFileDataSource
LogPluginManager: Mounting plugin OnlineSubsystemGooglePlay
LogPluginManager: Mounting plugin OnlineSubsystemIOS
LogPluginManager: Mounting plugin OculusVR
LogPluginManager: Mounting plugin SteamVR
PixWinPlugin: PIX capture plugin failed to initialize! Check that the process is launched from PIX.
LogInit: Using libcurl 7.55.1-DEV
LogInit:  - built for x86_64-pc-win32
LogInit:  - supports SSL with OpenSSL/1.1.1
LogInit:  - supports HTTP deflate (compression) using libz 1.2.8
LogInit:  - other features:
LogInit:      CURL_VERSION_SSL
LogInit:      CURL_VERSION_LIBZ
LogInit:      CURL_VERSION_IPV6
LogInit:      CURL_VERSION_ASYNCHDNS
LogInit:      CURL_VERSION_LARGEFILE
LogInit:      CURL_VERSION_IDN
LogInit:  CurlRequestOptions (configurable via config and command line):
LogInit:  - bVerifyPeer = true  - Libcurl will verify peer certificate
LogInit:  - bUseHttpProxy = false  - Libcurl will NOT use HTTP proxy
LogInit:  - bDontReuseConnections = false  - Libcurl will reuse connections
LogInit:  - MaxHostConnections = 16  - Libcurl will limit the number of connections to a host
LogInit:  - LocalHostAddr = Default
LogInit:  - BufferSize = 65536
LogOnline: OSS: Creating online subsystem instance for: NULL
LogInit: WinSock: version 1.1 (2.2), MaxSocks=32767, MaxUdp=65467
LogOnline: OSS: TryLoadSubsystemAndSetDefault: Loaded subsystem for module [NULL]
LogInit: Build: ++UE4+Release-4.27-CL-18319896
LogInit: Engine Version: 4.27.2-18319896+++UE4+Release-4.27
LogInit: Compatible Engine Version: 4.27.0-17155196+++UE4+Release-4.27
LogInit: Net CL: 17155196
LogInit: OS: Windows 10 (Release 2009) (), CPU: Intel(R) Core(TM) i5-8300H CPU @ 2.30GHz, GPU: NVIDIA GeForce GTX 1060
LogInit: Compiled (64-bit): Nov 30 2021 07:12:08
LogInit: Compiled with Visual C++: 19.24.28315.00
LogInit: Build Configuration: Development
LogInit: Branch Name: ++UE4+Release-4.27
LogInit: Command Line:  C:/Users/emmyt/OneDrive/Documents/GitHub/-Journeyman-Twonic---Alpha-Team/Twonic/Twonic.uproject -run=GatherText -config=Config/Localization/Game_Compile.ini
LogInit: Base Directory: D:/Epic Games/UE_4.27/Engine/Binaries/Win64/
LogInit: Allocator: TBB
LogInit: Installed Engine Build: 1
LogDevObjectVersion: Number of dev versions registered: 29
LogDevObjectVersion:   Dev-Blueprints (B0D832E4-1F89-4F0D-ACCF-7EB736FD4AA2): 10
LogDevObjectVersion:   Dev-Build (E1C64328-A22C-4D53-A36C-8E866417BD8C): 0
LogDevObjectVersion:   Dev-Core (375EC13C-06E4-48FB-B500-84F0262A717E): 4
LogDevObjectVersion:   Dev-Editor (E4B068ED-F494-42E9-A231-DA0B2E46BB41): 40
LogDevObjectVersion:   Dev-Framework (CFFC743F-43B0-4480-9391-14DF171D2073): 37
LogDevObjectVersion:   Dev-Mobile (B02B49B5-BB20-44E9-A304-32B752E40360): 3
LogDevObjectVersion:   Dev-Networking (A4E4105C-59A1-49B5-A7C5-40C4547EDFEE): 0
LogDevObjectVersion:   Dev-Online (39C831C9-5AE6-47DC-9A44-9C173E1C8E7C): 0
LogDevObjectVersion:   Dev-Physics (78F01B33-EBEA-4F98-B9B4-84EACCB95AA2): 14
LogDevObjectVersion:   Dev-Platform (6631380F-2D4D-43E0-8009-CF276956A95A): 0
LogDevObjectVersion:   Dev-Rendering (12F88B9F-8875-4AFC-A67C-D90C383ABD29): 45
LogDevObjectVersion:   Dev-Sequencer (7B5AE74C-D270-4C10-A958-57980B212A5A): 13
LogDevObjectVersion:   Dev-VR (D7296918-1DD6-4BDD-9DE2-64A83CC13884): 3
LogDevObjectVersion:   Dev-LoadTimes (C2A15278-BFE7-4AFE-6C17-90FF531DF755): 1
LogDevObjectVersion:   Private-Geometry (6EACA3D4-40EC-4CC1-B786-8BED09428FC5): 3
LogDevObjectVersion:   Dev-AnimPhys (29E575DD-E0A3-4627-9D10-D276232CDCEA): 17
LogDevObjectVersion:   Dev-Anim (AF43A65D-7FD3-4947-9873-3E8ED9C1BB05): 15
LogDevObjectVersion:   Dev-ReflectionCapture (6B266CEC-1EC7-4B8F-A30B-E4D90942FC07): 1
LogDevObjectVersion:   Dev-Automation (0DF73D61-A23F-47EA-B727-89E90C41499A): 1
LogDevObjectVersion:   FortniteMain (601D1886-AC64-4F84-AA16-D3DE0DEAC7D6): 47
LogDevObjectVersion:   FortniteRelease (E7086368-6B23-4C58-8439-1B7016265E91): 1
LogDevObjectVersion:   Dev-Enterprise (9DFFBCD6-494F-0158-E221-12823C92A888): 10
LogDevObjectVersion:   Dev-Niagara (F2AED0AC-9AFE-416F-8664-AA7FFA26D6FC): 1
LogDevObjectVersion:   Dev-Destruction (174F1F0B-B4C6-45A5-B13F-2EE8D0FB917D): 10
LogDevObjectVersion:   Dev-Physics-Ext (35F94A83-E258-406C-A318-09F59610247C): 41
LogDevObjectVersion:   Dev-PhysicsMaterial-Chaos (B68FC16E-8B1B-42E2-B453-215C058844FE): 1
LogDevObjectVersion:   Dev-CineCamera (B2E18506-4273-CFC2-A54E-F4BB758BBA07): 1
LogDevObjectVersion:   Dev-VirtualProduction (64F58936-FD1B-42BA-BA96-7289D5D0FA4E): 1
LogDevObjectVersion:   Dev-MediaFramework (6F0ED827-A609-4895-9C91-998D90180EA4): 2
LogInit: Presizing for max 25165824 objects, including 0 objects not considered by GC, pre-allocating 0 bytes for permanent pool.
LogConfig: Applying CVar settings from Section [/Script/Engine.StreamingSettings] File [C:/Users/emmyt/OneDrive/Documents/GitHub/-Journeyman-Twonic---Alpha-Team/Twonic/Saved/Config/Windows/Engine.ini]
LogConfig: Setting CVar [[s.MinBulkDataSizeForAsyncLoading:131072]]
LogConfig: Setting CVar [[s.AsyncLoadingThreadEnabled:0]]
LogConfig: Setting CVar [[s.EventDrivenLoaderEnabled:1]]
LogConfig: Setting CVar [[s.WarnIfTimeLimitExceeded:0]]
LogConfig: Setting CVar [[s.TimeLimitExceededMultiplier:1.5]]
LogConfig: Setting CVar [[s.TimeLimitExceededMinTime:0.005]]
LogConfig: Setting CVar [[s.UseBackgroundLevelStreaming:1]]
LogConfig: Setting CVar [[s.PriorityAsyncLoadingExtraTime:15.0]]
LogConfig: Setting CVar [[s.LevelStreamingActorsUpdateTimeLimit:5.0]]
LogConfig: Setting CVar [[s.PriorityLevelStreamingActorsUpdateExtraTime:5.0]]
LogConfig: Setting CVar [[s.LevelStreamingComponentsRegistrationGranularity:10]]
LogConfig: Setting CVar [[s.UnregisterComponentsTimeLimit:1.0]]
LogConfig: Setting CVar [[s.LevelStreamingComponentsUnregistrationGranularity:5]]
LogConfig: Setting CVar [[s.FlushStreamingOnExit:1]]
LogInit: Object subsystem initialized
LogConfig: Setting CVar [[con.DebugEarlyDefault:1]]
LogConfig: Setting CVar [[r.setres:1280x720]]
[2023.04.06-15.38.56:579][  0]LogConfig: Setting CVar [[con.DebugEarlyDefault:1]]
[2023.04.06-15.38.56:579][  0]LogConfig: Setting CVar [[r.setres:1280x720]]
[2023.04.06-15.38.56:612][  0]LogConfig: Applying CVar settings from Section [/Script/Engine.RendererSettings] File [C:/Users/emmyt/OneDrive/Documents/GitHub/-Journeyman-Twonic---Alpha-Team/Twonic/Saved/Config/Windows/Engine.ini]
[2023.04.06-15.38.56:612][  0]LogConfig: Setting CVar [[r.GPUCrashDebugging:0]]
[2023.04.06-15.38.56:612][  0]LogConfig: Setting CVar [[r.ForwardShading:0]]
[2023.04.06-15.38.56:612][  0]LogConfig: Setting CVar [[r.GenerateMeshDistanceFields:1]]
[2023.04.06-15.38.56:612][  0]LogConfig: Setting CVar [[r.DefaultFeature.AutoExposure:0]]
[2023.04.06-15.38.56:612][  0]LogConfig: Applying CVar settings from Section [/Script/Engine.RendererOverrideSettings] File [C:/Users/emmyt/OneDrive/Documents/GitHub/-Journeyman-Twonic---Alpha-Team/Twonic/Saved/Config/Windows/Engine.ini]
[2023.04.06-15.38.56:612][  0]LogConfig: Applying CVar settings from Section [/Script/Engine.StreamingSettings] File [C:/Users/emmyt/OneDrive/Documents/GitHub/-Journeyman-Twonic---Alpha-Team/Twonic/Saved/Config/Windows/Engine.ini]
[2023.04.06-15.38.56:612][  0]LogConfig: Setting CVar [[s.MinBulkDataSizeForAsyncLoading:131072]]
[2023.04.06-15.38.56:612][  0]LogConfig: Setting CVar [[s.AsyncLoadingThreadEnabled:0]]
[2023.04.06-15.38.56:612][  0]LogConfig: Setting CVar [[s.EventDrivenLoaderEnabled:1]]
[2023.04.06-15.38.56:612][  0]LogConfig: Setting CVar [[s.WarnIfTimeLimitExceeded:0]]
[2023.04.06-15.38.56:612][  0]LogConfig: Setting CVar [[s.TimeLimitExceededMultiplier:1.5]]
[2023.04.06-15.38.56:612][  0]LogConfig: Setting CVar [[s.TimeLimitExceededMinTime:0.005]]
[2023.04.06-15.38.56:612][  0]LogConfig: Setting CVar [[s.UseBackgroundLevelStreaming:1]]
[2023.04.06-15.38.56:612][  0]LogConfig: Setting CVar [[s.PriorityAsyncLoadingExtraTime:15.0]]
[2023.04.06-15.38.56:612][  0]LogConfig: Setting CVar [[s.LevelStreamingActorsUpdateTimeLimit:5.0]]
[2023.04.06-15.38.56:612][  0]LogConfig: Setting CVar [[s.PriorityLevelStreamingActorsUpdateExtraTime:5.0]]
[2023.04.06-15.38.56:612][  0]LogConfig: Setting CVar [[s.LevelStreamingComponentsRegistrationGranularity:10]]
[2023.04.06-15.38.56:612][  0]LogConfig: Setting CVar [[s.UnregisterComponentsTimeLimit:1.0]]
[2023.04.06-15.38.56:612][  0]LogConfig: Setting CVar [[s.LevelStreamingComponentsUnregistrationGranularity:5]]
[2023.04.06-15.38.56:612][  0]LogConfig: Setting CVar [[s.FlushStreamingOnExit:1]]
[2023.04.06-15.38.56:612][  0]LogConfig: Applying CVar settings from Section [/Script/Engine.GarbageCollectionSettings] File [C:/Users/emmyt/OneDrive/Documents/GitHub/-Journeyman-Twonic---Alpha-Team/Twonic/Saved/Config/Windows/Engine.ini]
[2023.04.06-15.38.56:612][  0]LogConfig: Setting CVar [[gc.MaxObjectsNotConsideredByGC:1]]
[2023.04.06-15.38.56:612][  0]LogConfig: Setting CVar [[gc.SizeOfPermanentObjectPool:0]]
[2023.04.06-15.38.56:612][  0]LogConfig: Setting CVar [[gc.FlushStreamingOnGC:0]]
[2023.04.06-15.38.56:612][  0]LogConfig: Setting CVar [[gc.NumRetriesBeforeForcingGC:10]]
[2023.04.06-15.38.56:613][  0]LogConfig: Setting CVar [[gc.AllowParallelGC:1]]
[2023.04.06-15.38.56:613][  0]LogConfig: Setting CVar [[gc.TimeBetweenPurgingPendingKillObjects:61.1]]
[2023.04.06-15.38.56:613][  0]LogConfig: Setting CVar [[gc.MaxObjectsInEditor:25165824]]
[2023.04.06-15.38.56:613][  0]LogConfig: Setting CVar [[gc.IncrementalBeginDestroyEnabled:1]]
[2023.04.06-15.38.56:613][  0]LogConfig: Setting CVar [[gc.CreateGCClusters:1]]
[2023.04.06-15.38.56:613][  0]LogConfig: Setting CVar [[gc.MinGCClusterSize:5]]
[2023.04.06-15.38.56:613][  0]LogConfig: Setting CVar [[gc.ActorClusteringEnabled:0]]
[2023.04.06-15.38.56:613][  0]LogConfig: Setting CVar [[gc.BlueprintClusteringEnabled:0]]
[2023.04.06-15.38.56:613][  0]LogConfig: Setting CVar [[gc.UseDisregardForGCOnDedicatedServers:0]]
[2023.04.06-15.38.56:613][  0]LogConfig: Setting CVar [[gc.MultithreadedDestructionEnabled:1]]
[2023.04.06-15.38.56:613][  0]LogConfig: Applying CVar settings from Section [/Script/Engine.NetworkSettings] File [C:/Users/emmyt/OneDrive/Documents/GitHub/-Journeyman-Twonic---Alpha-Team/Twonic/Saved/Config/Windows/Engine.ini]
[2023.04.06-15.38.56:613][  0]LogConfig: Applying CVar settings from Section [/Script/UnrealEd.CookerSettings] File [C:/Users/emmyt/OneDrive/Documents/GitHub/-Journeyman-Twonic---Alpha-Team/Twonic/Saved/Config/Windows/Engine.ini]
[2023.04.06-15.38.56:620][  0]LogConfig: Applying CVar settings from Section [ViewDistanceQuality@3] File [C:/Users/emmyt/OneDrive/Documents/GitHub/-Journeyman-Twonic---Alpha-Team/Twonic/Saved/Config/Windows/Scalability.ini]
[2023.04.06-15.38.56:620][  0]LogConfig: Setting CVar [[r.SkeletalMeshLODBias:0]]
[2023.04.06-15.38.56:620][  0]LogConfig: Setting CVar [[r.ViewDistanceScale:1.0]]
[2023.04.06-15.38.56:620][  0]LogConfig: Applying CVar settings from Section [AntiAliasingQuality@3] File [C:/Users/emmyt/OneDrive/Documents/GitHub/-Journeyman-Twonic---Alpha-Team/Twonic/Saved/Config/Windows/Scalability.ini]
[2023.04.06-15.38.56:620][  0]LogConfig: Setting CVar [[r.PostProcessAAQuality:4]]
[2023.04.06-15.38.56:620][  0]LogConfig: Applying CVar settings from Section [ShadowQuality@3] File [C:/Users/emmyt/OneDrive/Documents/GitHub/-Journeyman-Twonic---Alpha-Team/Twonic/Saved/Config/Windows/Scalability.ini]
[2023.04.06-15.38.56:620][  0]LogConfig: Setting CVar [[r.LightFunctionQuality:1]]
[2023.04.06-15.38.56:620][  0]LogConfig: Setting CVar [[r.ShadowQuality:5]]
[2023.04.06-15.38.56:620][  0]LogConfig: Setting CVar [[r.Shadow.CSM.MaxCascades:10]]
[2023.04.06-15.38.56:620][  0]LogConfig: Setting CVar [[r.Shadow.MaxResolution:2048]]
[2023.04.06-15.38.56:620][  0]LogConfig: Setting CVar [[r.Shadow.MaxCSMResolution:2048]]
[2023.04.06-15.38.56:620][  0]LogConfig: Setting CVar [[r.Shadow.RadiusThreshold:0.01]]
[2023.04.06-15.38.56:620][  0]LogConfig: Setting CVar [[r.Shadow.DistanceScale:1.0]]
[2023.04.06-15.38.56:620][  0]LogConfig: Setting CVar [[r.Shadow.CSM.TransitionScale:1.0]]
[2023.04.06-15.38.56:620][  0]LogConfig: Setting CVar [[r.Shadow.PreShadowResolutionFactor:1.0]]
[2023.04.06-15.38.56:620][  0]LogConfig: Setting CVar [[r.DistanceFieldShadowing:1]]
[2023.04.06-15.38.56:620][  0]LogConfig: Setting CVar [[r.DistanceFieldAO:1]]
[2023.04.06-15.38.56:620][  0]LogConfig: Setting CVar [[r.AOQuality:2]]
[2023.04.06-15.38.56:620][  0]LogConfig: Setting CVar [[r.VolumetricFog:1]]
[2023.04.06-15.38.56:620][  0]LogConfig: Setting CVar [[r.VolumetricFog.GridPixelSize:8]]
[2023.04.06-15.38.56:620][  0]LogConfig: Setting CVar [[r.VolumetricFog.GridSizeZ:128]]
[2023.04.06-15.38.56:620][  0]LogConfig: Setting CVar [[r.VolumetricFog.HistoryMissSupersampleCount:4]]
[2023.04.06-15.38.56:620][  0]LogConfig: Setting CVar [[r.LightMaxDrawDistanceScale:1]]
[2023.04.06-15.38.56:620][  0]LogConfig: Setting CVar [[r.CapsuleShadows:1]]
[2023.04.06-15.38.56:620][  0]LogConfig: Applying CVar settings from Section [PostProcessQuality@3] File [C:/Users/emmyt/OneDrive/Documents/GitHub/-Journeyman-Twonic---Alpha-Team/Twonic/Saved/Config/Windows/Scalability.ini]
[2023.04.06-15.38.56:620][  0]LogConfig: Setting CVar [[r.MotionBlurQuality:4]]
[2023.04.06-15.38.56:620][  0]LogConfig: Setting CVar [[r.AmbientOcclusionMipLevelFactor:0.4]]
[2023.04.06-15.38.56:620][  0]LogConfig: Setting CVar [[r.AmbientOcclusionMaxQuality:100]]
[2023.04.06-15.38.56:620][  0]LogConfig: Setting CVar [[r.AmbientOcclusionLevels:-1]]
[2023.04.06-15.38.56:620][  0]LogConfig: Setting CVar [[r.AmbientOcclusionRadiusScale:1.0]]
[2023.04.06-15.38.56:620][  0]LogConfig: Setting CVar [[r.DepthOfFieldQuality:2]]
[2023.04.06-15.38.56:620][  0]LogConfig: Setting CVar [[r.RenderTargetPoolMin:400]]
[2023.04.06-15.38.56:620][  0]LogConfig: Setting CVar [[r.LensFlareQuality:2]]
[2023.04.06-15.38.56:620][  0]LogConfig: Setting CVar [[r.SceneColorFringeQuality:1]]
[2023.04.06-15.38.56:620][  0]LogConfig: Setting CVar [[r.EyeAdaptationQuality:2]]
[2023.04.06-15.38.56:620][  0]LogConfig: Setting CVar [[r.BloomQuality:5]]
[2023.04.06-15.38.56:620][  0]LogConfig: Setting CVar [[r.FastBlurThreshold:100]]
[2023.04.06-15.38.56:620][  0]LogConfig: Setting CVar [[r.Upscale.Quality:3]]
[2023.04.06-15.38.56:620][  0]LogConfig: Setting CVar [[r.Tonemapper.GrainQuantization:1]]
[2023.04.06-15.38.56:620][  0]LogConfig: Setting CVar [[r.LightShaftQuality:1]]
[2023.04.06-15.38.56:620][  0]LogConfig: Setting CVar [[r.Filter.SizeScale:1]]
[2023.04.06-15.38.56:620][  0]LogConfig: Setting CVar [[r.Tonemapper.Quality:5]]
[2023.04.06-15.38.56:620][  0]LogConfig: Setting CVar [[r.DOF.Gather.AccumulatorQuality:1        ; higher gathering accumulator quality]]
[2023.04.06-15.38.56:620][  0]LogConfig: Setting CVar [[r.DOF.Gather.PostfilterMethod:1          ; Median3x3 postfilering method]]
[2023.04.06-15.38.56:620][  0]LogConfig: Setting CVar [[r.DOF.Gather.EnableBokehSettings:0       ; no bokeh simulation when gathering]]
[2023.04.06-15.38.56:620][  0]LogConfig: Setting CVar [[r.DOF.Gather.RingCount:4                 ; medium number of samples when gathering]]
[2023.04.06-15.38.56:620][  0]LogConfig: Setting CVar [[r.DOF.Scatter.ForegroundCompositing:1    ; additive foreground scattering]]
[2023.04.06-15.38.56:620][  0]LogConfig: Setting CVar [[r.DOF.Scatter.BackgroundCompositing:2    ; additive background scattering]]
[2023.04.06-15.38.56:620][  0]LogConfig: Setting CVar [[r.DOF.Scatter.EnableBokehSettings:1      ; bokeh simulation when scattering]]
[2023.04.06-15.38.56:620][  0]LogConfig: Setting CVar [[r.DOF.Scatter.MaxSpriteRatio:0.1         ; only a maximum of 10% of scattered bokeh]]
[2023.04.06-15.38.56:620][  0]LogConfig: Setting CVar [[r.DOF.Recombine.Quality:1                ; cheap slight out of focus]]
[2023.04.06-15.38.56:620][  0]LogConfig: Setting CVar [[r.DOF.Recombine.EnableBokehSettings:0    ; no bokeh simulation on slight out of focus]]
[2023.04.06-15.38.56:620][  0]LogConfig: Setting CVar [[r.DOF.TemporalAAQuality:1                ; more stable temporal accumulation]]
[2023.04.06-15.38.56:620][  0]LogConfig: Setting CVar [[r.DOF.Kernel.MaxForegroundRadius:0.025]]
[2023.04.06-15.38.56:620][  0]LogConfig: Setting CVar [[r.DOF.Kernel.MaxBackgroundRadius:0.025]]
[2023.04.06-15.38.56:620][  0]LogConfig: Applying CVar settings from Section [TextureQuality@3] File [C:/Users/emmyt/OneDrive/Documents/GitHub/-Journeyman-Twonic---Alpha-Team/Twonic/Saved/Config/Windows/Scalability.ini]
[2023.04.06-15.38.56:620][  0]LogConfig: Setting CVar [[r.Streaming.MipBias:0]]
[2023.04.06-15.38.56:620][  0]LogConfig: Setting CVar [[r.Streaming.AmortizeCPUToGPUCopy:0]]
[2023.04.06-15.38.56:620][  0]LogConfig: Setting CVar [[r.Streaming.MaxNumTexturesToStreamPerFrame:0]]
[2023.04.06-15.38.56:620][  0]LogConfig: Setting CVar [[r.Streaming.Boost:1]]
[2023.04.06-15.38.56:620][  0]LogConfig: Setting CVar [[r.MaxAnisotropy:8]]
[2023.04.06-15.38.56:620][  0]LogConfig: Setting CVar [[r.VT.MaxAnisotropy:8]]
[2023.04.06-15.38.56:620][  0]LogConfig: Setting CVar [[r.Streaming.LimitPoolSizeToVRAM:0]]
[2023.04.06-15.38.56:620][  0]LogConfig: Setting CVar [[r.Streaming.PoolSize:1000]]
[2023.04.06-15.38.56:620][  0]LogConfig: Setting CVar [[r.Streaming.MaxEffectiveScreenSize:0]]
[2023.04.06-15.38.56:621][  0]LogConfig: Applying CVar settings from Section [EffectsQuality@3] File [C:/Users/emmyt/OneDrive/Documents/GitHub/-Journeyman-Twonic---Alpha-Team/Twonic/Saved/Config/Windows/Scalability.ini]
[2023.04.06-15.38.56:621][  0]LogConfig: Setting CVar [[r.TranslucencyLightingVolumeDim:64]]
[2023.04.06-15.38.56:621][  0]LogConfig: Setting CVar [[r.RefractionQuality:2]]
[2023.04.06-15.38.56:621][  0]LogConfig: Setting CVar [[r.SSR.Quality:3]]
[2023.04.06-15.38.56:621][  0]LogConfig: Setting CVar [[r.SSR.HalfResSceneColor:0]]
[2023.04.06-15.38.56:621][  0]LogConfig: Setting CVar [[r.SceneColorFormat:4]]
[2023.04.06-15.38.56:621][  0]LogConfig: Setting CVar [[r.DetailMode:2]]
[2023.04.06-15.38.56:621][  0]LogConfig: Setting CVar [[r.TranslucencyVolumeBlur:1]]
[2023.04.06-15.38.56:621][  0]LogConfig: Setting CVar [[r.MaterialQualityLevel:1 ; High quality]]
[2023.04.06-15.38.56:621][  0]LogConfig: Setting CVar [[r.AnisotropicMaterials:1]]
[2023.04.06-15.38.56:621][  0]LogConfig: Setting CVar [[r.SSS.Scale:1]]
[2023.04.06-15.38.56:621][  0]LogConfig: Setting CVar [[r.SSS.SampleSet:2]]
[2023.04.06-15.38.56:621][  0]LogConfig: Setting CVar [[r.SSS.Quality:1]]
[2023.04.06-15.38.56:621][  0]LogConfig: Setting CVar [[r.SSS.HalfRes:0]]
[2023.04.06-15.38.56:621][  0]LogConfig: Setting CVar [[r.SSGI.Quality:3]]
[2023.04.06-15.38.56:621][  0]LogConfig: Setting CVar [[r.EmitterSpawnRateScale:1.0]]
[2023.04.06-15.38.56:621][  0]LogConfig: Setting CVar [[r.ParticleLightQuality:2]]
[2023.04.06-15.38.56:621][  0]LogConfig: Setting CVar [[r.SkyAtmosphere.AerialPerspectiveLUT.FastApplyOnOpaque:1 ; Always have FastSkyLUT 1 in this case to avoid wrong sky]]
[2023.04.06-15.38.56:621][  0]LogConfig: Setting CVar [[r.SkyAtmosphere.AerialPerspectiveLUT.SampleCountMaxPerSlice:4]]
[2023.04.06-15.38.56:621][  0]LogConfig: Setting CVar [[r.SkyAtmosphere.AerialPerspectiveLUT.DepthResolution:16.0]]
[2023.04.06-15.38.56:621][  0]LogConfig: Setting CVar [[r.SkyAtmosphere.FastSkyLUT:1]]
[2023.04.06-15.38.56:621][  0]LogConfig: Setting CVar [[r.SkyAtmosphere.FastSkyLUT.SampleCountMin:4.0]]
[2023.04.06-15.38.56:621][  0]LogConfig: Setting CVar [[r.SkyAtmosphere.FastSkyLUT.SampleCountMax:128.0]]
[2023.04.06-15.38.56:621][  0]LogConfig: Setting CVar [[r.SkyAtmosphere.SampleCountMin:4.0]]
[2023.04.06-15.38.56:621][  0]LogConfig: Setting CVar [[r.SkyAtmosphere.SampleCountMax:128.0]]
[2023.04.06-15.38.56:621][  0]LogConfig: Setting CVar [[r.SkyAtmosphere.TransmittanceLUT.UseSmallFormat:0]]
[2023.04.06-15.38.56:621][  0]LogConfig: Setting CVar [[r.SkyAtmosphere.TransmittanceLUT.SampleCount:10.0]]
[2023.04.06-15.38.56:621][  0]LogConfig: Setting CVar [[r.SkyAtmosphere.MultiScatteringLUT.SampleCount:15.0]]
[2023.04.06-15.38.56:621][  0]LogConfig: Setting CVar [[r.SkyLight.RealTimeReflectionCapture:1]]
[2023.04.06-15.38.56:621][  0]LogConfig: Applying CVar settings from Section [FoliageQuality@3] File [C:/Users/emmyt/OneDrive/Documents/GitHub/-Journeyman-Twonic---Alpha-Team/Twonic/Saved/Config/Windows/Scalability.ini]
[2023.04.06-15.38.56:621][  0]LogConfig: Setting CVar [[foliage.DensityScale:1.0]]
[2023.04.06-15.38.56:621][  0]LogConfig: Setting CVar [[grass.DensityScale:1.0]]
[2023.04.06-15.38.56:621][  0]LogConfig: Applying CVar settings from Section [ShadingQuality@3] File [C:/Users/emmyt/OneDrive/Documents/GitHub/-Journeyman-Twonic---Alpha-Team/Twonic/Saved/Config/Windows/Scalability.ini]
[2023.04.06-15.38.56:621][  0]LogConfig: Setting CVar [[r.HairStrands.SkyLighting.IntegrationType:2]]
[2023.04.06-15.38.56:621][  0]LogConfig: Setting CVar [[r.HairStrands.SkyAO.SampleCount:4]]
[2023.04.06-15.38.56:621][  0]LogConfig: Setting CVar [[r.HairStrands.Visibility.MSAA.SamplePerPixel:4]]
[2023.04.06-15.38.56:665][  0]LogInit: Selected Device Profile: [Windows]
[2023.04.06-15.38.56:665][  0]LogInit: Applying CVar settings loaded from the selected device profile: [Windows]
[2023.04.06-15.38.56:732][  0]LogHAL: Display: Platform has ~ 8 GB [8464343040 / 8589934592 / 8], which maps to Default [LargestMinGB=32, LargerMinGB=12, DefaultMinGB=8, SmallerMinGB=6, SmallestMinGB=0)
[2023.04.06-15.38.56:732][  0]LogInit: Going up to parent DeviceProfile []
[2023.04.06-15.38.56:735][  0]LogConfig: Applying CVar settings from Section [ViewDistanceQuality@3] File [C:/Users/emmyt/OneDrive/Documents/GitHub/-Journeyman-Twonic---Alpha-Team/Twonic/Saved/Config/Windows/Scalability.ini]
[2023.04.06-15.38.56:735][  0]LogConfig: Setting CVar [[r.SkeletalMeshLODBias:0]]
[2023.04.06-15.38.56:735][  0]LogConfig: Setting CVar [[r.ViewDistanceScale:1.0]]
[2023.04.06-15.38.56:735][  0]LogConfig: Applying CVar settings from Section [AntiAliasingQuality@3] File [C:/Users/emmyt/OneDrive/Documents/GitHub/-Journeyman-Twonic---Alpha-Team/Twonic/Saved/Config/Windows/Scalability.ini]
[2023.04.06-15.38.56:735][  0]LogConfig: Setting CVar [[r.PostProcessAAQuality:4]]
[2023.04.06-15.38.56:736][  0]LogConfig: Applying CVar settings from Section [ShadowQuality@3] File [C:/Users/emmyt/OneDrive/Documents/GitHub/-Journeyman-Twonic---Alpha-Team/Twonic/Saved/Config/Windows/Scalability.ini]
[2023.04.06-15.38.56:736][  0]LogConfig: Setting CVar [[r.LightFunctionQuality:1]]
[2023.04.06-15.38.56:736][  0]LogConfig: Setting CVar [[r.ShadowQuality:5]]
[2023.04.06-15.38.56:736][  0]LogConfig: Setting CVar [[r.Shadow.CSM.MaxCascades:10]]
[2023.04.06-15.38.56:736][  0]LogConfig: Setting CVar [[r.Shadow.MaxResolution:2048]]
[2023.04.06-15.38.56:736][  0]LogConfig: Setting CVar [[r.Shadow.MaxCSMResolution:2048]]
[2023.04.06-15.38.56:736][  0]LogConfig: Setting CVar [[r.Shadow.RadiusThreshold:0.01]]
[2023.04.06-15.38.56:736][  0]LogConfig: Setting CVar [[r.Shadow.DistanceScale:1.0]]
[2023.04.06-15.38.56:736][  0]LogConfig: Setting CVar [[r.Shadow.CSM.TransitionScale:1.0]]
[2023.04.06-15.38.56:736][  0]LogConfig: Setting CVar [[r.Shadow.PreShadowResolutionFactor:1.0]]
[2023.04.06-15.38.56:736][  0]LogConfig: Setting CVar [[r.DistanceFieldShadowing:1]]
[2023.04.06-15.38.56:736][  0]LogConfig: Setting CVar [[r.DistanceFieldAO:1]]
[2023.04.06-15.38.56:736][  0]LogConfig: Setting CVar [[r.AOQuality:2]]
[2023.04.06-15.38.56:736][  0]LogConfig: Setting CVar [[r.VolumetricFog:1]]
[2023.04.06-15.38.56:736][  0]LogConfig: Setting CVar [[r.VolumetricFog.GridPixelSize:8]]
[2023.04.06-15.38.56:736][  0]LogConfig: Setting CVar [[r.VolumetricFog.GridSizeZ:128]]
[2023.04.06-15.38.56:736][  0]LogConfig: Setting CVar [[r.VolumetricFog.HistoryMissSupersampleCount:4]]
[2023.04.06-15.38.56:736][  0]LogConfig: Setting CVar [[r.LightMaxDrawDistanceScale:1]]
[2023.04.06-15.38.56:736][  0]LogConfig: Setting CVar [[r.CapsuleShadows:1]]
[2023.04.06-15.38.56:736][  0]LogConfig: Applying CVar settings from Section [PostProcessQuality@3] File [C:/Users/emmyt/OneDrive/Documents/GitHub/-Journeyman-Twonic---Alpha-Team/Twonic/Saved/Config/Windows/Scalability.ini]
[2023.04.06-15.38.56:736][  0]LogConfig: Setting CVar [[r.MotionBlurQuality:4]]
[2023.04.06-15.38.56:736][  0]LogConfig: Setting CVar [[r.AmbientOcclusionMipLevelFactor:0.4]]
[2023.04.06-15.38.56:736][  0]LogConfig: Setting CVar [[r.AmbientOcclusionMaxQuality:100]]
[2023.04.06-15.38.56:736][  0]LogConfig: Setting CVar [[r.AmbientOcclusionLevels:-1]]
[2023.04.06-15.38.56:736][  0]LogConfig: Setting CVar [[r.AmbientOcclusionRadiusScale:1.0]]
[2023.04.06-15.38.56:736][  0]LogConfig: Setting CVar [[r.DepthOfFieldQuality:2]]
[2023.04.06-15.38.56:736][  0]LogConfig: Setting CVar [[r.RenderTargetPoolMin:400]]
[2023.04.06-15.38.56:736][  0]LogConfig: Setting CVar [[r.LensFlareQuality:2]]
[2023.04.06-15.38.56:736][  0]LogConfig: Setting CVar [[r.SceneColorFringeQuality:1]]
[2023.04.06-15.38.56:736][  0]LogConfig: Setting CVar [[r.EyeAdaptationQuality:2]]
[2023.04.06-15.38.56:736][  0]LogConfig: Setting CVar [[r.BloomQuality:5]]
[2023.04.06-15.38.56:736][  0]LogConfig: Setting CVar [[r.FastBlurThreshold:100]]
[2023.04.06-15.38.56:736][  0]LogConfig: Setting CVar [[r.Upscale.Quality:3]]
[2023.04.06-15.38.56:736][  0]LogConfig: Setting CVar [[r.Tonemapper.GrainQuantization:1]]
[2023.04.06-15.38.56:736][  0]LogConfig: Setting CVar [[r.LightShaftQuality:1]]
[2023.04.06-15.38.56:736][  0]LogConfig: Setting CVar [[r.Filter.SizeScale:1]]
[2023.04.06-15.38.56:736][  0]LogConfig: Setting CVar [[r.Tonemapper.Quality:5]]
[2023.04.06-15.38.56:736][  0]LogConfig: Setting CVar [[r.DOF.Gather.AccumulatorQuality:1        ; higher gathering accumulator quality]]
[2023.04.06-15.38.56:736][  0]LogConfig: Setting CVar [[r.DOF.Gather.PostfilterMethod:1          ; Median3x3 postfilering method]]
[2023.04.06-15.38.56:736][  0]LogConfig: Setting CVar [[r.DOF.Gather.EnableBokehSettings:0       ; no bokeh simulation when gathering]]
[2023.04.06-15.38.56:736][  0]LogConfig: Setting CVar [[r.DOF.Gather.RingCount:4                 ; medium number of samples when gathering]]
[2023.04.06-15.38.56:736][  0]LogConfig: Setting CVar [[r.DOF.Scatter.ForegroundCompositing:1    ; additive foreground scattering]]
[2023.04.06-15.38.56:736][  0]LogConfig: Setting CVar [[r.DOF.Scatter.BackgroundCompositing:2    ; additive background scattering]]
[2023.04.06-15.38.56:736][  0]LogConfig: Setting CVar [[r.DOF.Scatter.EnableBokehSettings:1      ; bokeh simulation when scattering]]
[2023.04.06-15.38.56:736][  0]LogConfig: Setting CVar [[r.DOF.Scatter.MaxSpriteRatio:0.1         ; only a maximum of 10% of scattered bokeh]]
[2023.04.06-15.38.56:736][  0]LogConfig: Setting CVar [[r.DOF.Recombine.Quality:1                ; cheap slight out of focus]]
[2023.04.06-15.38.56:736][  0]LogConfig: Setting CVar [[r.DOF.Recombine.EnableBokehSettings:0    ; no bokeh simulation on slight out of focus]]
[2023.04.06-15.38.56:736][  0]LogConfig: Setting CVar [[r.DOF.TemporalAAQuality:1                ; more stable temporal accumulation]]
[2023.04.06-15.38.56:736][  0]LogConfig: Setting CVar [[r.DOF.Kernel.MaxForegroundRadius:0.025]]
[2023.04.06-15.38.56:736][  0]LogConfig: Setting CVar [[r.DOF.Kernel.MaxBackgroundRadius:0.025]]
[2023.04.06-15.38.56:736][  0]LogConfig: Applying CVar settings from Section [TextureQuality@3] File [C:/Users/emmyt/OneDrive/Documents/GitHub/-Journeyman-Twonic---Alpha-Team/Twonic/Saved/Config/Windows/Scalability.ini]
[2023.04.06-15.38.56:736][  0]LogConfig: Setting CVar [[r.Streaming.MipBias:0]]
[2023.04.06-15.38.56:736][  0]LogConfig: Setting CVar [[r.Streaming.AmortizeCPUToGPUCopy:0]]
[2023.04.06-15.38.56:736][  0]LogConfig: Setting CVar [[r.Streaming.MaxNumTexturesToStreamPerFrame:0]]
[2023.04.06-15.38.56:736][  0]LogConfig: Setting CVar [[r.Streaming.Boost:1]]
[2023.04.06-15.38.56:736][  0]LogConfig: Setting CVar [[r.MaxAnisotropy:8]]
[2023.04.06-15.38.56:736][  0]LogConfig: Setting CVar [[r.VT.MaxAnisotropy:8]]
[2023.04.06-15.38.56:736][  0]LogConfig: Setting CVar [[r.Streaming.LimitPoolSizeToVRAM:0]]
[2023.04.06-15.38.56:736][  0]LogConfig: Setting CVar [[r.Streaming.PoolSize:1000]]
[2023.04.06-15.38.56:736][  0]LogConfig: Setting CVar [[r.Streaming.MaxEffectiveScreenSize:0]]
[2023.04.06-15.38.56:736][  0]LogConfig: Applying CVar settings from Section [EffectsQuality@3] File [C:/Users/emmyt/OneDrive/Documents/GitHub/-Journeyman-Twonic---Alpha-Team/Twonic/Saved/Config/Windows/Scalability.ini]
[2023.04.06-15.38.56:736][  0]LogConfig: Setting CVar [[r.TranslucencyLightingVolumeDim:64]]
[2023.04.06-15.38.56:736][  0]LogConfig: Setting CVar [[r.RefractionQuality:2]]
[2023.04.06-15.38.56:736][  0]LogConfig: Setting CVar [[r.SSR.Quality:3]]
[2023.04.06-15.38.56:736][  0]LogConfig: Setting CVar [[r.SSR.HalfResSceneColor:0]]
[2023.04.06-15.38.56:736][  0]LogConfig: Setting CVar [[r.SceneColorFormat:4]]
[2023.04.06-15.38.56:736][  0]LogConfig: Setting CVar [[r.DetailMode:2]]
[2023.04.06-15.38.56:736][  0]LogConfig: Setting CVar [[r.TranslucencyVolumeBlur:1]]
[2023.04.06-15.38.56:736][  0]LogConfig: Setting CVar [[r.MaterialQualityLevel:1 ; High quality]]
[2023.04.06-15.38.56:736][  0]LogConfig: Setting CVar [[r.AnisotropicMaterials:1]]
[2023.04.06-15.38.56:736][  0]LogConfig: Setting CVar [[r.SSS.Scale:1]]
[2023.04.06-15.38.56:736][  0]LogConfig: Setting CVar [[r.SSS.SampleSet:2]]
[2023.04.06-15.38.56:736][  0]LogConfig: Setting CVar [[r.SSS.Quality:1]]
[2023.04.06-15.38.56:736][  0]LogConfig: Setting CVar [[r.SSS.HalfRes:0]]
[2023.04.06-15.38.56:736][  0]LogConfig: Setting CVar [[r.SSGI.Quality:3]]
[2023.04.06-15.38.56:736][  0]LogConfig: Setting CVar [[r.EmitterSpawnRateScale:1.0]]
[2023.04.06-15.38.56:737][  0]LogConfig: Setting CVar [[r.ParticleLightQuality:2]]
[2023.04.06-15.38.56:737][  0]LogConfig: Setting CVar [[r.SkyAtmosphere.AerialPerspectiveLUT.FastApplyOnOpaque:1 ; Always have FastSkyLUT 1 in this case to avoid wrong sky]]
[2023.04.06-15.38.56:737][  0]LogConfig: Setting CVar [[r.SkyAtmosphere.AerialPerspectiveLUT.SampleCountMaxPerSlice:4]]
[2023.04.06-15.38.56:737][  0]LogConfig: Setting CVar [[r.SkyAtmosphere.AerialPerspectiveLUT.DepthResolution:16.0]]
[2023.04.06-15.38.56:737][  0]LogConfig: Setting CVar [[r.SkyAtmosphere.FastSkyLUT:1]]
[2023.04.06-15.38.56:737][  0]LogConfig: Setting CVar [[r.SkyAtmosphere.FastSkyLUT.SampleCountMin:4.0]]
[2023.04.06-15.38.56:737][  0]LogConfig: Setting CVar [[r.SkyAtmosphere.FastSkyLUT.SampleCountMax:128.0]]
[2023.04.06-15.38.56:737][  0]LogConfig: Setting CVar [[r.SkyAtmosphere.SampleCountMin:4.0]]
[2023.04.06-15.38.56:737][  0]LogConfig: Setting CVar [[r.SkyAtmosphere.SampleCountMax:128.0]]
[2023.04.06-15.38.56:737][  0]LogConfig: Setting CVar [[r.SkyAtmosphere.TransmittanceLUT.UseSmallFormat:0]]
[2023.04.06-15.38.56:737][  0]LogConfig: Setting CVar [[r.SkyAtmosphere.TransmittanceLUT.SampleCount:10.0]]
[2023.04.06-15.38.56:737][  0]LogConfig: Setting CVar [[r.SkyAtmosphere.MultiScatteringLUT.SampleCount:15.0]]
[2023.04.06-15.38.56:737][  0]LogConfig: Setting CVar [[r.SkyLight.RealTimeReflectionCapture:1]]
[2023.04.06-15.38.56:737][  0]LogConfig: Applying CVar settings from Section [FoliageQuality@3] File [C:/Users/emmyt/OneDrive/Documents/GitHub/-Journeyman-Twonic---Alpha-Team/Twonic/Saved/Config/Windows/Scalability.ini]
[2023.04.06-15.38.56:737][  0]LogConfig: Setting CVar [[foliage.DensityScale:1.0]]
[2023.04.06-15.38.56:737][  0]LogConfig: Setting CVar [[grass.DensityScale:1.0]]
[2023.04.06-15.38.56:737][  0]LogConfig: Applying CVar settings from Section [ShadingQuality@3] File [C:/Users/emmyt/OneDrive/Documents/GitHub/-Journeyman-Twonic---Alpha-Team/Twonic/Saved/Config/Windows/Scalability.ini]
[2023.04.06-15.38.56:737][  0]LogConfig: Setting CVar [[r.HairStrands.SkyLighting.IntegrationType:2]]
[2023.04.06-15.38.56:737][  0]LogConfig: Setting CVar [[r.HairStrands.SkyAO.SampleCount:4]]
[2023.04.06-15.38.56:737][  0]LogConfig: Setting CVar [[r.HairStrands.Visibility.MSAA.SamplePerPixel:4]]
[2023.04.06-15.38.56:737][  0]LogConfig: Applying CVar settings from Section [Startup] File [../../../Engine/Config/ConsoleVariables.ini]
[2023.04.06-15.38.56:752][  0]LogConfig: Setting CVar [[net.UseAdaptiveNetUpdateFrequency:0]]
[2023.04.06-15.38.56:752][  0]LogConfig: Setting CVar [[p.chaos.AllowCreatePhysxBodies:1]]
[2023.04.06-15.38.56:752][  0]LogConfig: Setting CVar [[fx.SkipVectorVMBackendOptimizations:1]]
[2023.04.06-15.38.56:752][  0]LogConfig: Applying CVar settings from Section [ConsoleVariables] File [C:/Users/emmyt/OneDrive/Documents/GitHub/-Journeyman-Twonic---Alpha-Team/Twonic/Saved/Config/Windows/Engine.ini]
[2023.04.06-15.38.56:752][  0]LogConfig: Applying CVar settings from Section [ConsoleVariables] File [C:/Users/emmyt/OneDrive/Documents/GitHub/-Journeyman-Twonic---Alpha-Team/Twonic/Saved/Config/Windows/Editor.ini]
[2023.04.06-15.38.56:761][  0]LogInit: Computer: LAPTOP-OVB59CM9
[2023.04.06-15.38.56:761][  0]LogInit: User: emmyt
[2023.04.06-15.38.56:761][  0]LogInit: CPU Page size=4096, Cores=4
[2023.04.06-15.38.56:761][  0]LogInit: High frequency timer resolution =10.000000 MHz
[2023.04.06-15.38.56:761][  0]LogMemory: Memory total: Physical=7.9GB (8GB approx)
[2023.04.06-15.38.56:763][  0]LogMemory: Platform Memory Stats for Windows
[2023.04.06-15.38.56:763][  0]LogMemory: Process Physical Memory: 141.92 MB used, 141.93 MB peak
[2023.04.06-15.38.56:763][  0]LogMemory: Process Virtual Memory: 114.58 MB used, 114.58 MB peak
[2023.04.06-15.38.56:763][  0]LogMemory: Physical Memory: 6929.54 MB used,  1142.68 MB free, 8072.23 MB total
[2023.04.06-15.38.56:763][  0]LogMemory: Virtual Memory: 134214592.00 MB used,  3132.26 MB free, 134217728.00 MB total
[2023.04.06-15.38.56:772][  0]LogWindows: WindowsPlatformFeatures enabled
[2023.04.06-15.38.58:108][  0]LogInit: Physics initialised using underlying interface: PhysX
[2023.04.06-15.38.58:126][  0]LogInit: Using OS detected language (en-GB).
[2023.04.06-15.38.58:126][  0]LogInit: Using OS detected locale (en-GB).
[2023.04.06-15.38.58:289][  0]LogTextLocalizationManager: No specific localization for 'en-GB' exists, so the 'en' localization will be used.
[2023.04.06-15.39.02:179][  0]LogTargetPlatformManager: Display: Loaded TargetPlatform 'AllDesktop'
[2023.04.06-15.39.02:330][  0]LogTargetPlatformManager: Display: Loaded TargetPlatform 'Android'
[2023.04.06-15.39.02:330][  0]LogTargetPlatformManager: Display: Loaded TargetPlatform 'Android_ASTC'
[2023.04.06-15.39.02:330][  0]LogTargetPlatformManager: Display: Loaded TargetPlatform 'Android_DXT'
[2023.04.06-15.39.02:330][  0]LogTargetPlatformManager: Display: Loaded TargetPlatform 'Android_ETC2'
[2023.04.06-15.39.02:330][  0]LogTargetPlatformManager: Display: Loaded TargetPlatform 'AndroidClient'
[2023.04.06-15.39.02:330][  0]LogTargetPlatformManager: Display: Loaded TargetPlatform 'Android_ASTCClient'
[2023.04.06-15.39.02:330][  0]LogTargetPlatformManager: Display: Loaded TargetPlatform 'Android_DXTClient'
[2023.04.06-15.39.02:330][  0]LogTargetPlatformManager: Display: Loaded TargetPlatform 'Android_ETC2Client'
[2023.04.06-15.39.02:330][  0]LogTargetPlatformManager: Display: Loaded TargetPlatform 'Android_Multi'
[2023.04.06-15.39.02:330][  0]LogTargetPlatformManager: Display: Loaded TargetPlatform 'Android_MultiClient'
[2023.04.06-15.39.02:455][  0]LogTargetPlatformManager: Display: Loaded TargetPlatform 'IOSClient'
[2023.04.06-15.39.02:455][  0]LogTargetPlatformManager: Display: Loaded TargetPlatform 'IOS'
[2023.04.06-15.39.02:520][  0]LogTargetPlatformManager: Display: Loaded TargetPlatform 'Linux'
[2023.04.06-15.39.02:544][  0]LogTargetPlatformManager: Display: Loaded TargetPlatform 'LinuxNoEditor'
[2023.04.06-15.39.02:566][  0]LogTargetPlatformManager: Display: Loaded TargetPlatform 'LinuxClient'
[2023.04.06-15.39.02:580][  0]LogTargetPlatformManager: Display: Loaded TargetPlatform 'LinuxServer'
[2023.04.06-15.39.02:606][  0]LogTargetPlatformManager: Display: Loaded TargetPlatform 'LinuxAArch64NoEditor'
[2023.04.06-15.39.02:612][  0]LogTargetPlatformManager: Display: Loaded TargetPlatform 'LinuxAArch64Client'
[2023.04.06-15.39.02:618][  0]LogTargetPlatformManager: Display: Loaded TargetPlatform 'LinuxAArch64Server'
[2023.04.06-15.39.02:709][  0]LogTargetPlatformManager: Display: Loaded TargetPlatform 'Lumin'
[2023.04.06-15.39.02:709][  0]LogTargetPlatformManager: Display: Loaded TargetPlatform 'LuminClient'
[2023.04.06-15.39.02:750][  0]LogTargetPlatformManager: Display: Loaded TargetPlatform 'MacNoEditor'
[2023.04.06-15.39.02:756][  0]LogTargetPlatformManager: Display: Loaded TargetPlatform 'Mac'
[2023.04.06-15.39.02:773][  0]LogTargetPlatformManager: Display: Loaded TargetPlatform 'MacClient'
[2023.04.06-15.39.02:779][  0]LogTargetPlatformManager: Display: Loaded TargetPlatform 'MacServer'
[2023.04.06-15.39.02:806][  0]LogTargetPlatformManager: Display: Loaded TargetPlatform 'TVOSClient'
[2023.04.06-15.39.02:806][  0]LogTargetPlatformManager: Display: Loaded TargetPlatform 'TVOS'
[2023.04.06-15.39.02:845][  0]LogTargetPlatformManager: Display: Loaded TargetPlatform 'WindowsNoEditor'
[2023.04.06-15.39.02:867][  0]LogTargetPlatformManager: Display: Loaded TargetPlatform 'Windows'
[2023.04.06-15.39.02:885][  0]LogTargetPlatformManager: Display: Loaded TargetPlatform 'WindowsClient'
[2023.04.06-15.39.02:907][  0]LogTargetPlatformManager: Display: Loaded TargetPlatform 'WindowsServer'
[2023.04.06-15.39.02:907][  0]LogTargetPlatformManager: Display: Building Assets For Windows
[2023.04.06-15.39.03:117][  0]LogAudioDebug: Display: Lib vorbis DLL was dynamically loaded.
[2023.04.06-15.39.03:633][  0]LogTextureFormatOodle: Display: Oodle Texture 2.9.0 init RDO Off
[2023.04.06-15.39.04:785][  0]LogRendererCore: Ray tracing is disabled. Reason: r.RayTracing=0.
[2023.04.06-15.39.04:815][  0]LogShaderCompilers: Guid format shader working directory is -32 characters bigger than the processId version (C:/Users/emmyt/OneDrive/Documents/GitHub/-Journeyman-Twonic---Alpha-Team/Twonic/Intermediate/Shaders/WorkingDirectory/948/).
[2023.04.06-15.39.04:816][  0]LogShaderCompilers: Cleaned the shader compiler working directory 'C:/Users/emmyt/AppData/Local/Temp/UnrealShaderWorkingDir/D6D02C3248CA906AA5B9E288DE25A9BF/'.
[2023.04.06-15.39.04:890][  0]LogXGEController: Cannot use XGE Controller as Incredibuild is not installed on this machine.
[2023.04.06-15.39.04:890][  0]LogShaderCompilers: Cannot use XGE Shader Compiler as Incredibuild is not installed on this machine.
[2023.04.06-15.39.04:890][  0]LogShaderCompilers: Display: Using Local Shader Compiler.
[2023.04.06-15.39.08:046][  0]LogDerivedDataCache: Display: Max Cache Size: 512 MB
[2023.04.06-15.39.08:502][  0]LogDerivedDataCache: Loaded boot cache 0.46s 95MB C:/Users/emmyt/AppData/Local/UnrealEngine/4.27/DerivedDataCache/Boot.ddc.
[2023.04.06-15.39.08:503][  0]LogDerivedDataCache: Display: Loaded Boot cache: C:/Users/emmyt/AppData/Local/UnrealEngine/4.27/DerivedDataCache/Boot.ddc
[2023.04.06-15.39.08:503][  0]LogDerivedDataCache: FDerivedDataBackendGraph:  Pak pak cache file C:/Users/emmyt/OneDrive/Documents/GitHub/-Journeyman-Twonic---Alpha-Team/Twonic/DerivedDataCache/DDC.ddp not found, will not use a pak cache.
[2023.04.06-15.39.08:503][  0]LogDerivedDataCache: Unable to find inner node Pak for hierarchical cache Hierarchy.
[2023.04.06-15.39.08:503][  0]LogDerivedDataCache: FDerivedDataBackendGraph:  CompressedPak pak cache file C:/Users/emmyt/OneDrive/Documents/GitHub/-Journeyman-Twonic---Alpha-Team/Twonic/DerivedDataCache/Compressed.ddp not found, will not use a pak cache.
[2023.04.06-15.39.08:503][  0]LogDerivedDataCache: Unable to find inner node CompressedPak for hierarchical cache Hierarchy.
[2023.04.06-15.39.08:577][  0]LogDerivedDataCache: Display: Pak cache opened for reading ../../../Engine/DerivedDataCache/Compressed.ddp.
[2023.04.06-15.39.08:577][  0]LogDerivedDataCache: FDerivedDataBackendGraph:  EnterprisePak pak cache file ../../../Enterprise/DerivedDataCache/Compressed.ddp not found, will not use a pak cache.
[2023.04.06-15.39.08:577][  0]LogDerivedDataCache: Unable to find inner node EnterprisePak for hierarchical cache Hierarchy.
[2023.04.06-15.39.08:638][  0]LogDerivedDataCache: Speed tests for C:/Users/emmyt/AppData/Local/UnrealEngine/Common/DerivedDataCache took 0.06 seconds
[2023.04.06-15.39.08:638][  0]LogDerivedDataCache: Display: Performance to C:/Users/emmyt/AppData/Local/UnrealEngine/Common/DerivedDataCache: Latency=0.07ms. RandomReadSpeed=22.21MBs, RandomWriteSpeed=66.85MBs. Assigned SpeedClass 'Local'
[2023.04.06-15.39.08:639][  0]LogDerivedDataCache: Using Local data cache path C:/Users/emmyt/AppData/Local/UnrealEngine/Common/DerivedDataCache: Writable
[2023.04.06-15.39.08:639][  0]LogDerivedDataCache: Shared data cache path not found in *engine.ini, will not use an Shared cache.
[2023.04.06-15.39.08:640][  0]LogDerivedDataCache: Unable to find inner node Shared for hierarchical cache Hierarchy.
[2023.04.06-15.39.08:915][  0]LogAssetRegistry: FAssetRegistry took 0.0084 seconds to start up
[2023.04.06-15.39.15:917][  0]LogInit: Selected Device Profile: [Windows]
[2023.04.06-15.39.15:918][  0]LogInit: Active device profile: [000002173890D000][00000217352A7A00 49] Windows
[2023.04.06-15.39.15:918][  0]LogInit: Profiles: [000002173890D000][00000217352A7A00 49] Windows, [00000217388DAB00][00000217352B5B80 49] WindowsNoEditor, [000002173890E000][00000217352B8180 49] WindowsServer, [00000217388D8900][00000217352BC300 49] WindowsClient, [000002173890D200][00000217352C0480 49] IOS, [00000217388D9700][00000217352C4600 49] iPadAir, [000002173890F500][00000217352C8780 49] iPadAir2, [0000021738879300][00000217352D6A40 49] IPadPro, [0000021738879400][00000217352CCA80 49] iPadAir3, [00000217388D8B00][00000217386CAC00 49] iPadAir4, [000002173887A100][00000217386CED80 49] iPadMini2, [00000217388DB700][00000217386D2F00 49] iPadMini3, [000002173887AC00][00000217386D7080 49] iPadMini4, [00000217388DA400][00000217386DB200 49] iPadMini5, [00000217388A8F00][00000217352AB480 49] iPhone6, [00000217388A9000][00000217386DF4C0 49] iPodTouch6, [000002173890F800][00000217386E7700 49] iPhone7, [000002173890E900][00000217386E3740 49] iPodTouch7, [0000021738879B00][00000217386EF8C0 49] iPhone5S, [000002173890D400][00000217386F3A40 49] iPhone6Plus, [000002173890C700][00000217386F7BC0 49] iPhone6S, [00000217388A8900][00000217386FA1C0 49] iPhone6SPlus, [000002173890D500][00000217386FE340 49] iPhone7Plus, [000002173890F100][00000217387024C0 49] iPhoneSE, [000002173890F700][0000021738706640 49] iPhone8, [00000217388A9700][000002173870A7C0 49] iPhone8Plus, [000002173887BB00][000002173870E940 49] iPhoneX, [00000217388ABF00][0000021738712AC0 49] iPhoneXS, [000002173887B200][0000021738716C40 49] iPhoneXSMax, [00000217388AB800][000002173871ADC0 49] iPhoneXR, [0000021738879200][000002173871EF40 49] iPhone11, [00000217388A9F00][00000217387230C0 49] iPhone11Pro, [000002173887A500][0000021738727240 49] iPhone11ProMax, [00000217388AB000][000002173872B3C0 49] iPhoneSE2, [0000021738878100][000002173872F540 49] iPhone12Mini, [00000217388AA300][00000217386EB680 49] iPhone12, [000002173887BC00][00000217387337C0 49] iPhone12Pro, [00000217388A8500][0000021738737900 49] iPhone12ProMax, [0000021738879700][000002173873BA40 49] iPadPro105, [00000217388A9300][0000021738743BC0 49] iPadPro129, [000002173887AF00][00000217387461C0 49] iPadPro97, [00000217388A9200][000002173874A340 49] iPadPro2_129, [000002173887B500][000002173874E4C0 49] iPad5, [00000217388A8C00][0000021738752640 49] iPad6, [0000021738879C00][00000217387567C0 49] iPad7, [00000217388AA500][000002173875A940 49] iPad8, [000002173887A600][000002173875EAC0 49] iPadPro11, [00000217388A8200][0000021738762C40 49] iPadPro2_11, [0000021738879800][0000021738766DC0 49] iPadPro3_129, [00000217388AA600][000002173876AF40 49] iPadPro4_129, [000002173887A700][000002173876F0C0 49] AppleTV, [00000217388AA000][0000021738773240 49] AppleTV4K, [000002173887BF00][00000217387773C0 49] TVOS, [00000217388A9600][000002173877B540 49] Mac, [000002173887A300][000002173877F6C0 49] MacClient, [00000217388A8400][000002173873F800 49] MacNoEditor, [000002173887AE00][0000021738783940 49] MacServer, [00000217388A9B00][0000021738787A80 49] Linux, [0000021738879900][000002173878BBC0 49] LinuxAArch64, [00000217388ABE00][00000217397A41C0 49] LinuxNoEditor, [0000021738879F00][00000217397A8340 49] LinuxAArch64NoEditor, [00000217388ABC00][00000217397AC4C0 49] LinuxClient, [0000021738878400][00000217397B0640 49] LinuxAArch64Client, [00000217388AA200][00000217397B47C0 49] LinuxServer, [000002173887BD00][00000217397B8940 49] LinuxAArch64Server, [00000217388A8A00][00000217397BCAC0 49] Android, [0000021738879A00][00000217397C0C40 49] Android_Low, [00000217388ABA00][00000217397C4DC0 49] Android_Mid, [000002173887B300][00000217397C8F40 49] Android_High, [00000217388AB900][00000217397CD0C0 49] Android_Default, [0000021738879E00][00000217397D1240 49] Android_Adreno4xx, [00000217388A9500][00000217397D53C0 49] Android_Adreno5xx_Low, [000002173887AA00][00000217397D9540 49] Android_Adreno5xx, [00000217388AB700][00000217397DD6C0 49] Android_Adreno6xx, [000002173887B600][00000217397E1840 49] Android_Adreno6xx_Vulkan, [00000217388A8B00][00000217397E59C0 49] Android_Mali_T6xx, [000002173890D800][00000217397A1B00 49] Android_Mali_T7xx, [00000217388D8F00][00000217397E80C0 49] Android_Mali_T8xx, [000002173890DB00][00000217397EC200 49] Android_Mali_G71, [00000217388DAE00][00000217397F4380 49] Android_Mali_G72, [000002173890FA00][00000217397F8500 49] Android_Mali_G72_Vulkan, [00000217388DA000][00000217397FC680 49] Android_Mali_G76, [000002173890F400][0000021739800800 49] Android_Mali_G76_Vulkan, [00000217388D8400][0000021739804980 49] Android_Mali_G77, [000002173890F200][0000021739808B00 49] Android_Mali_G77_Vulkan, [00000217388D8700][000002173980CC80 49] Android_Mali_G78, [000002173890F300][0000021739810E00 49] Android_Mali_G78_Vulkan, [00000217388DA100][0000021739814F80 49] Android_Mali_G710, [000002173890FB00][0000021739819100 49] Android_Mali_G710_Vulkan, [00000217388DB800][000002173981D280 49] Android_Vulkan_SM5, [000002173890DF00][0000021739821400 49] Android_PowerVR_G6xxx, [00000217388DAC00][0000021739825580 49] Android_PowerVR_GT7xxx, [000002173890EC00][0000021739829700 49] Android_PowerVR_GE8xxx, [00000217388DB300][000002173982D880 49] Android_PowerVR_GM9xxx, [000002173890D900][0000021739831A00 49] Android_PowerVR_GM9xxx_Vulkan, [00000217388D9300][0000021739835B80 49] Android_TegraK1, [000002173890C200][00000217397F0140 49] Android_Unknown_Vulkan, [00000217388DAF00][0000021739838280 49] Lumin, [000002173890CF00][000002173983C3C0 49] Lumin_Desktop, [00000217388D8600][0000021739844540 49] HoloLens, 
[2023.04.06-15.39.24:406][  0]LogMeshReduction: Using QuadricMeshReduction for automatic static mesh reduction
[2023.04.06-15.39.24:406][  0]LogMeshReduction: Using SimplygonMeshReduction for automatic skeletal mesh reduction
[2023.04.06-15.39.24:406][  0]LogMeshReduction: Using ProxyLODMeshReduction for automatic mesh merging
[2023.04.06-15.39.24:406][  0]LogMeshReduction: No distributed automatic mesh merging module available
[2023.04.06-15.39.24:425][  0]LogMeshMerging: No distributed automatic mesh merging module available
[2023.04.06-15.39.24:705][  0]LogNetVersion: Twonic 1.0.0, NetCL: 17155196, EngineNetVer: 17, GameNetVer: 0 (Checksum: 4023415434)
[2023.04.06-15.39.33:256][  0]LogHMD: PokeAHoleMaterial loaded successfully
[2023.04.06-15.39.35:888][  0]LogCollectionManager: Loaded 0 collections in 0.024306 seconds
[2023.04.06-15.39.35:918][  0]LogFileCache: Scanning file cache for directory 'C:/Users/emmyt/OneDrive/Documents/GitHub/-Journeyman-Twonic---Alpha-Team/Twonic/Saved/Collections/' took 0.00s
[2023.04.06-15.39.35:918][  0]LogFileCache: Scanning file cache for directory 'C:/Users/emmyt/OneDrive/Documents/GitHub/-Journeyman-Twonic---Alpha-Team/Twonic/Content/Developers/emmyt/Collections/' took 0.00s
[2023.04.06-15.39.35:918][  0]LogFileCache: Scanning file cache for directory 'C:/Users/emmyt/OneDrive/Documents/GitHub/-Journeyman-Twonic---Alpha-Team/Twonic/Content/Collections/' took 0.00s
[2023.04.06-15.39.35:918][  0]LogCollectionManager: Fixed up redirectors for 0 collections in 0.000002 seconds (updated 0 objects)
[2023.04.06-15.39.38:441][  0]LogNiagaraDebuggerClient: Niagara Debugger Client Initialized | Session: 06496B5E43F17D5EDE4297A534ACAF65 | Instance: 4CCE7A2D41C6D95536B6949D28EA2B75 (LAPTOP-OVB59CM9-948).
[2023.04.06-15.39.41:544][  0]LogPython: Using Python 3.7.7
[2023.04.06-15.39.46:575][  0]SourceControl: Source control is disabled
[2023.04.06-15.39.46:575][  0]SourceControl: Source control is disabled
[2023.04.06-15.39.46:725][  0]SourceControl: Source control is disabled
[2023.04.06-15.39.46:740][  0]SourceControl: Source control is disabled
[2023.04.06-15.39.46:756][  0]SourceControl: Source control is disabled
[2023.04.06-15.39.46:781][  0]LogUProjectInfo: Found projects:
[2023.04.06-15.39.49:045][  0]LogOpenImageDenoise: OIDN starting up
[2023.04.06-15.39.49:329][  0]LogAndroidPermission: UAndroidPermissionCallbackProxy::GetInstance
[2023.04.06-15.39.49:554][  0]LogAudioCaptureCore: Display: No Audio Capture implementations found. Audio input will be silent.
[2023.04.06-15.39.49:554][  0]LogAudioCaptureCore: Display: No Audio Capture implementations found. Audio input will be silent.
[2023.04.06-15.39.51:377][  0]LogOcInput: OculusInput pre-init called
[2023.04.06-15.39.52:344][  0]LogUObjectArray: 23049 objects as part of root set at end of initial load.
[2023.04.06-15.39.52:344][  0]LogUObjectAllocator: 6352640 out of 0 bytes used by permanent object pool.
[2023.04.06-15.39.52:344][  0]LogUObjectArray: CloseDisregardForGC: 0/0 objects in disregard for GC pool
[2023.04.06-15.39.52:525][  0]LogInit: Executing Class /Script/UnrealEd.GatherTextCommandlet
[2023.04.06-15.39.52:548][  0]LogInit: Initializing Editor Engine...
[2023.04.06-15.39.52:575][  0]LogEngine: Initializing Engine...
[2023.04.06-15.39.52:765][  0]LogStats: UGameplayTagsManager::InitializeManager -  0.042 s
[2023.04.06-15.39.53:477][  0]LogInit: Initializing FReadOnlyCVARCache
[2023.04.06-15.39.53:724][  0]LogAIModule: Creating AISystem for world Untitled
[2023.04.06-15.39.53:748][  0]LogNetVersion: Set ProjectVersion to 1.0.0.0. Version Checksum will be recalculated on next use.
[2023.04.06-15.39.53:768][  0]LogDerivedDataCache: Saved boot cache 0.02s 15MB C:/Users/emmyt/AppData/Local/UnrealEngine/4.27/DerivedDataCache/Boot.ddc.
[2023.04.06-15.39.53:769][  0]LogInit: Texture streaming: Disabled
[2023.04.06-15.39.54:294][  0]LogInit: Initializing Editor Engine Completed
[2023.04.06-15.39.59:047][  0]BlueprintLog: New page: Editor Load
[2023.04.06-15.40.02:640][  0]LogGatherTextCommandlet: Display: Beginning GatherText Commandlet for 'C:/Users/emmyt/OneDrive/Documents/GitHub/-Journeyman-Twonic---Alpha-Team/Twonic/Config/Localization/Game_Compile.ini'
[2023.04.06-15.40.02:641][  0]LogGatherTextCommandlet: Display: Executing GatherTextStep0: GenerateTextLocalizationResourceCommandlet
[2023.04.06-15.40.02:812][  0]LogGatherTextCommandlet: Display: Completed GatherTextStep0: GenerateTextLocalizationResourceCommandlet in 0.170226 seconds
[2023.04.06-15.40.02:813][  0]LogCore: Engine exit requested (reason: Commandlet GatherTextCommandlet_0 finished execution (result 0))
[2023.04.06-15.40.02:813][  0]LogInit: Display: 
[2023.04.06-15.40.02:813][  0]LogInit: Display: Success - 0 error(s), 0 warning(s)
[2023.04.06-15.40.02:813][  0]LogInit: Display: 
Execution of commandlet took:  0.19 seconds
[2023.04.06-15.40.02:813][  0]LogCore: Engine exit requested (reason: EngineExit() was called; note: exit was already requested)
[2023.04.06-15.40.03:025][  0]LogExit: Preparing to exit.
[2023.04.06-15.40.03:170][  0]LogUObjectHash: Compacting FUObjectHashTables data took   0.75ms
[2023.04.06-15.40.04:183][  0]LogDemo: Cleaned up 0 splitscreen connections with owner deletion
[2023.04.06-15.40.04:493][  0]LogWorld: UWorld::CleanupWorld for None, bSessionEnded=true, bCleanupResources=true
[2023.04.06-15.40.04:522][  0]LogExit: Editor shut down
[2023.04.06-15.40.07:772][  0]LogExit: Object subsystem successfully closed.
[2023.04.06-15.40.07:836][  0]LogShaderCompilers: Display: === FShaderJobCache stats ===
[2023.04.06-15.40.07:837][  0]LogShaderCompilers: Display: Total job queries 0, among them cache hits 0 (0.00%)
[2023.04.06-15.40.07:837][  0]LogShaderCompilers: Display: Tracking 0 distinct input hashes that result in 0 distinct outputs (0.00%)
[2023.04.06-15.40.07:860][  0]LogShaderCompilers: Display: RAM used: 0.00 MB (0.00 GB) of 409.60 MB (0.40 GB) budget. Usage: 0.00%
[2023.04.06-15.40.07:861][  0]LogShaderCompilers: Display: ================================================
[2023.04.06-15.40.08:316][  0]LogShaderCompilers: Display: Shaders left to compile 0
[2023.04.06-15.40.10:803][  0]LogModuleManager: Shutting down and abandoning module SteamVREditor (710)
[2023.04.06-15.40.10:803][  0]LogModuleManager: Shutting down and abandoning module OculusMR (708)
[2023.04.06-15.40.10:803][  0]LogModuleManager: Shutting down and abandoning module OpenXRInput (706)
[2023.04.06-15.40.10:818][  0]LogModuleManager: Shutting down and abandoning module GooglePADEditor (704)
[2023.04.06-15.40.10:818][  0]LogModuleManager: Shutting down and abandoning module AudioCaptureEditor (702)
[2023.04.06-15.40.10:825][  0]LogModuleManager: Shutting down and abandoning module PlanarCut (700)
[2023.04.06-15.40.10:842][  0]LogModuleManager: Shutting down and abandoning module TakeRecorderSources (698)
[2023.04.06-15.40.10:891][  0]LogModuleManager: Shutting down and abandoning module TakeRecorder (697)
[2023.04.06-15.40.10:891][  0]LogModuleManager: Shutting down and abandoning module TakeTrackRecorders (694)
[2023.04.06-15.40.10:897][  0]LogModuleManager: Shutting down and abandoning module TakesCore (692)
[2023.04.06-15.40.10:912][  0]LogModuleManager: Shutting down and abandoning module CharacterAI (690)
[2023.04.06-15.40.10:912][  0]LogModuleManager: Shutting down and abandoning module MagicLeapMediaEditor (688)
[2023.04.06-15.40.10:912][  0]LogModuleManager: Shutting down and abandoning module WmfMediaFactory (686)
[2023.04.06-15.40.10:912][  0]LogModuleManager: Shutting down and abandoning module WmfMediaEditor (684)
[2023.04.06-15.40.10:912][  0]LogModuleManager: Shutting down and abandoning module MediaPlayerEditor (682)
[2023.04.06-15.40.10:955][  0]LogModuleManager: Shutting down and abandoning module WebMMediaFactory (680)
[2023.04.06-15.40.10:955][  0]LogModuleManager: Shutting down and abandoning module WebMMediaEditor (678)
[2023.04.06-15.40.10:955][  0]LogModuleManager: Shutting down and abandoning module MediaCompositingEditor (676)
[2023.04.06-15.40.10:983][  0]LogModuleManager: Shutting down and abandoning module SequenceRecorder (675)
[2023.04.06-15.40.10:983][  0]LogModuleManager: Shutting down and abandoning module Persona (674)
[2023.04.06-15.40.11:014][  0]LogModuleManager: Shutting down and abandoning module AdvancedPreviewScene (673)
[2023.04.06-15.40.11:014][  0]LogModuleManager: Shutting down and abandoning module AnimGraph (671)
[2023.04.06-15.40.11:044][  0]LogModuleManager: Shutting down and abandoning module ImgMediaFactory (666)
[2023.04.06-15.40.11:044][  0]LogModuleManager: Shutting down and abandoning module ImgMediaEditor (664)
[2023.04.06-15.40.11:044][  0]LogModuleManager: Shutting down and abandoning module AvfMediaFactory (662)
[2023.04.06-15.40.11:044][  0]LogModuleManager: Shutting down and abandoning module AvfMediaEditor (660)
[2023.04.06-15.40.11:044][  0]LogModuleManager: Shutting down and abandoning module AndroidMediaFactory (658)
[2023.04.06-15.40.11:044][  0]LogModuleManager: Shutting down and abandoning module AndroidMediaEditor (656)
[2023.04.06-15.40.11:044][  0]LogModuleManager: Shutting down and abandoning module TemplateSequenceEditor (654)
[2023.04.06-15.40.11:045][  0]LogModuleManager: Shutting down and abandoning module MatineeToLevelSequence (652)
[2023.04.06-15.40.11:063][  0]LogModuleManager: Shutting down and abandoning module LevelSequenceEditor (650)
[2023.04.06-15.40.11:069][  0]LogModuleManager: Shutting down and abandoning module ActorSequenceEditor (648)
[2023.04.06-15.40.11:070][  0]LogModuleManager: Shutting down and abandoning module Kismet (647)
[2023.04.06-15.40.11:123][  0]LogModuleManager: Shutting down and abandoning module KismetWidgets (646)
[2023.04.06-15.40.11:142][  0]LogModuleManager: Shutting down and abandoning module TextureAlignMode (642)
[2023.04.06-15.40.11:142][  0]LogModuleManager: Shutting down and abandoning module BspMode (640)
[2023.04.06-15.40.11:142][  0]LogModuleManager: Shutting down and abandoning module GeometryMode (638)
[2023.04.06-15.40.11:142][  0]LogModuleManager: Shutting down and abandoning module SmartSnapping (636)
[2023.04.06-15.40.11:142][  0]LogModuleManager: Shutting down and abandoning module CameraShakePreviewer (634)
[2023.04.06-15.40.11:157][  0]LogModuleManager: Shutting down and abandoning module SessionServices (632)
[2023.04.06-15.40.11:157][  0]LogModuleManager: Shutting down and abandoning module MeshPaint (630)
[2023.04.06-15.40.11:165][  0]LogModuleManager: Shutting down and abandoning module VirtualTexturingEditor (628)
[2023.04.06-15.40.11:165][  0]LogModuleManager: Shutting down and abandoning module FoliageEdit (626)
[2023.04.06-15.40.11:165][  0]LogModuleManager: Shutting down and abandoning module LandscapeEditor (624)
[2023.04.06-15.40.11:190][  0]LogModuleManager: Shutting down and abandoning module MeshPaintMode (622)
[2023.04.06-15.40.11:190][  0]LogModuleManager: Shutting down and abandoning module SceneDepthPickerMode (620)
[2023.04.06-15.40.11:190][  0]LogModuleManager: Shutting down and abandoning module ActorPickerMode (618)
[2023.04.06-15.40.11:190][  0]LogModuleManager: Shutting down and abandoning module PlacementMode (616)
[2023.04.06-15.40.11:190][  0]LogModuleManager: Shutting down and abandoning module LiveCoding (614)
[2023.04.06-15.40.11:190][  0]LogModuleManager: Shutting down and abandoning module LevelSequence (612)
[2023.04.06-15.40.11:190][  0]LogModuleManager: Shutting down and abandoning module MovieSceneTracks (610)
[2023.04.06-15.40.11:190][  0]LogModuleManager: Shutting down and abandoning module MovieScene (608)
[2023.04.06-15.40.11:204][  0]LogModuleManager: Shutting down and abandoning module StreamingPauseRendering (606)
[2023.04.06-15.40.11:204][  0]LogModuleManager: Shutting down and abandoning module ImageWriteQueue (604)
[2023.04.06-15.40.11:204][  0]LogModuleManager: Shutting down and abandoning module AIModule (602)
[2023.04.06-15.40.11:213][  0]LogModuleManager: Shutting down and abandoning module GameplayDebugger (601)
[2023.04.06-15.40.11:213][  0]LogModuleManager: Shutting down and abandoning module AITestSuite (599)
[2023.04.06-15.40.11:213][  0]LogModuleManager: Shutting down and abandoning module NavigationSystem (597)
[2023.04.06-15.40.11:213][  0]LogModuleManager: Shutting down and abandoning module AudioSynesthesiaEditor (594)
[2023.04.06-15.40.11:213][  0]LogModuleManager: Shutting down and abandoning module OculusEditor (592)
[2023.04.06-15.40.11:213][  0]LogModuleManager: Shutting down and abandoning module OculusInput (590)
[2023.04.06-15.40.11:213][  0]LogModuleManager: Shutting down and abandoning module ContentBrowserFileDataSource (588)
[2023.04.06-15.40.11:213][  0]LogModuleManager: Shutting down and abandoning module ContentBrowserClassDataSource (586)
[2023.04.06-15.40.11:213][  0]LogModuleManager: Shutting down and abandoning module ContentBrowserAssetDataSource (584)
[2023.04.06-15.40.11:213][  0]LogModuleManager: Shutting down and abandoning module ToolMenus (583)
[2023.04.06-15.40.11:213][  0]LogModuleManager: Shutting down and abandoning module SynthesisEditor (580)
[2023.04.06-15.40.11:213][  0]LogModuleManager: Shutting down and abandoning module Synthesis (578)
[2023.04.06-15.40.11:244][  0]LogModuleManager: Shutting down and abandoning module ProceduralMeshComponentEditor (576)
[2023.04.06-15.40.11:244][  0]LogModuleManager: Shutting down and abandoning module ProceduralMeshComponent (574)
[2023.04.06-15.40.11:244][  0]LogModuleManager: Shutting down and abandoning module OpenXREditor (572)
[2023.04.06-15.40.11:252][  0]LogModuleManager: Shutting down and abandoning module MobilePatchingUtils (570)
[2023.04.06-15.40.11:252][  0]LogModuleManager: Shutting down and abandoning module GooglePAD (568)
[2023.04.06-15.40.11:252][  0]LogModuleManager: Shutting down and abandoning module EditableMesh (566)
[2023.04.06-15.40.11:252][  0]LogModuleManager: Shutting down and abandoning module CustomMeshComponent (564)
[2023.04.06-15.40.11:252][  0]LogModuleManager: Shutting down and abandoning module CableComponent (562)
[2023.04.06-15.40.11:252][  0]LogModuleManager: Shutting down and abandoning module AudioCapture (560)
[2023.04.06-15.40.11:252][  0]LogModuleManager: Shutting down and abandoning module AudioCaptureRtAudio (559)
[2023.04.06-15.40.11:252][  0]LogModuleManager: Shutting down and abandoning module AssetTags (556)
[2023.04.06-15.40.11:252][  0]LogModuleManager: Shutting down and abandoning module ArchVisCharacter (554)
[2023.04.06-15.40.11:252][  0]LogModuleManager: Shutting down and abandoning module AndroidPermission (552)
[2023.04.06-15.40.11:252][  0]LogModuleManager: Shutting down and abandoning module AppleImageUtilsBlueprintSupport (550)
[2023.04.06-15.40.11:252][  0]LogModuleManager: Shutting down and abandoning module AppleImageUtils (548)
[2023.04.06-15.40.11:252][  0]LogModuleManager: Shutting down and abandoning module ActorLayerUtilitiesEditor (546)
[2023.04.06-15.40.11:252][  0]LogModuleManager: Shutting down and abandoning module ActorLayerUtilities (544)
[2023.04.06-15.40.11:252][  0]LogModuleManager: Shutting down and abandoning module MotoSynthEditor (542)
[2023.04.06-15.40.11:252][  0]LogModuleManager: Shutting down and abandoning module MotoSynth (540)
[2023.04.06-15.40.11:252][  0]LogModuleManager: Shutting down and abandoning module OpenImageDenoise (538)
[2023.04.06-15.40.11:252][  0]LogOpenImageDenoise: OIDN shutting down
[2023.04.06-15.40.11:252][  0]LogModuleManager: Shutting down and abandoning module MeshConversion (536)
[2023.04.06-15.40.11:268][  0]LogModuleManager: Shutting down and abandoning module DynamicMesh (534)
[2023.04.06-15.40.11:274][  0]LogModuleManager: Shutting down and abandoning module GeometryAlgorithms (532)
[2023.04.06-15.40.11:285][  0]LogModuleManager: Shutting down and abandoning module GeometricObjects (530)
[2023.04.06-15.40.11:288][  0]LogModuleManager: Shutting down and abandoning module TakeSequencer (528)
[2023.04.06-15.40.11:288][  0]LogModuleManager: Shutting down and abandoning module TakeMovieScene (526)
[2023.04.06-15.40.11:288][  0]LogModuleManager: Shutting down and abandoning module GeometryCollectionTracks (524)
[2023.04.06-15.40.11:288][  0]LogModuleManager: Shutting down and abandoning module GeometryCollectionSequencer (523)
[2023.04.06-15.40.11:289][  0]LogModuleManager: Shutting down and abandoning module GeometryCollectionEditor (520)
[2023.04.06-15.40.11:289][  0]LogModuleManager: Shutting down and abandoning module ChaosNiagara (518)
[2023.04.06-15.40.11:289][  0]LogModuleManager: Shutting down and abandoning module GeometryCacheTracks (516)
[2023.04.06-15.40.11:289][  0]LogModuleManager: Shutting down and abandoning module GeometryCacheStreamer (514)
[2023.04.06-15.40.11:289][  0]LogModuleManager: Shutting down and abandoning module GeometryCacheSequencer (512)
[2023.04.06-15.40.11:289][  0]LogModuleManager: Shutting down and abandoning module AlembicImporter (510)
[2023.04.06-15.40.11:289][  0]LogModuleManager: Shutting down and abandoning module AlembicLibrary (509)
[2023.04.06-15.40.11:289][  0]LogModuleManager: Shutting down and abandoning module GeometryCache (508)
[2023.04.06-15.40.11:289][  0]LogModuleManager: Shutting down and abandoning module GeometryCacheEd (507)
[2023.04.06-15.40.11:289][  0]LogModuleManager: Shutting down and abandoning module ChaosSolverEditor (502)
[2023.04.06-15.40.11:289][  0]LogModuleManager: Shutting down and abandoning module FractureEditor (500)
[2023.04.06-15.40.11:304][  0]LogModuleManager: Shutting down and abandoning module FieldSystemEngine (499)
[2023.04.06-15.40.11:304][  0]LogModuleManager: Shutting down and abandoning module ChaosClothEditor (496)
[2023.04.06-15.40.11:309][  0]LogModuleManager: Shutting down and abandoning module AutomationUtilsEditor (494)
[2023.04.06-15.40.11:309][  0]LogModuleManager: Shutting down and abandoning module AutomationUtils (492)
[2023.04.06-15.40.11:309][  0]LogModuleManager: Shutting down and abandoning module ScreenshotTools (490)
[2023.04.06-15.40.11:309][  0]LogModuleManager: Shutting down and abandoning module MagicLeapHelperVulkan (488)
[2023.04.06-15.40.11:309][  0]LogModuleManager: Shutting down and abandoning module MagicLeapHelperOpenGL (486)
[2023.04.06-15.40.11:309][  0]LogModuleManager: Shutting down and abandoning module MagicLeapAudio (484)
[2023.04.06-15.40.11:319][  0]LogModuleManager: Shutting down and abandoning module MagicLeapSharedWorld (482)
[2023.04.06-15.40.11:319][  0]LogModuleManager: Shutting down and abandoning module MagicLeapLightEstimation (480)
[2023.04.06-15.40.11:319][  0]LogModuleManager: Shutting down and abandoning module MediaCompositing (478)
[2023.04.06-15.40.11:319][  0]LogModuleManager: Shutting down and abandoning module PluginBrowser (476)
[2023.04.06-15.40.11:344][  0]LogModuleManager: Shutting down and abandoning module VariantManagerContentEditor (474)
[2023.04.06-15.40.11:344][  0]LogModuleManager: Shutting down and abandoning module NiagaraEditorWidgets (472)
[2023.04.06-15.40.11:414][  0]LogModuleManager: Shutting down and abandoning module DatasmithContentEditor (470)
[2023.04.06-15.40.11:429][  0]LogModuleManager: Shutting down and abandoning module TemplateSequence (468)
[2023.04.06-15.40.11:442][  0]LogModuleManager: Shutting down and abandoning module VisualStudioSourceCodeAccess (466)
[2023.04.06-15.40.11:460][  0]LogModuleManager: Shutting down and abandoning module VisualStudioCodeSourceCodeAccess (464)
[2023.04.06-15.40.11:460][  0]LogModuleManager: Shutting down and abandoning module UObjectPlugin (462)
[2023.04.06-15.40.11:460][  0]LogModuleManager: Shutting down and abandoning module SubversionSourceControl (460)
[2023.04.06-15.40.11:476][  0]LogModuleManager: Shutting down and abandoning module PluginUtils (458)
[2023.04.06-15.40.11:486][  0]LogModuleManager: Shutting down and abandoning module PlasticSourceControl (456)
[2023.04.06-15.40.11:492][  0]LogModuleManager: Shutting down and abandoning module PerforceSourceControl (454)
[2023.04.06-15.40.11:504][  0]LogModuleManager: Shutting down and abandoning module GitSourceControl (452)
[2023.04.06-15.40.11:512][  0]LogModuleManager: Shutting down and abandoning module SourceControl (451)
[2023.04.06-15.40.11:518][  0]LogModuleManager: Shutting down and abandoning module CLionSourceCodeAccess (448)
[2023.04.06-15.40.11:518][  0]LogModuleManager: Shutting down and abandoning module AnimationSharingEd (446)
[2023.04.06-15.40.11:518][  0]LogModuleManager: Shutting down and abandoning module SpeedTreeImporter (444)
[2023.04.06-15.40.11:518][  0]LogModuleManager: Shutting down and abandoning module MobileLauncherProfileWizard (442)
[2023.04.06-15.40.11:567][  0]LogModuleManager: Shutting down and abandoning module MaterialAnalyzer (440)
[2023.04.06-15.40.11:576][  0]LogModuleManager: Shutting down and abandoning module CurveEditorTools (438)
[2023.04.06-15.40.11:626][  0]LogModuleManager: Shutting down and abandoning module CryptoKeysOpenSSL (436)
[2023.04.06-15.40.11:626][  0]LogModuleManager: Shutting down and abandoning module CryptoKeys (434)
[2023.04.06-15.40.11:626][  0]LogModuleManager: Shutting down and abandoning module PaperTiledImporter (432)
[2023.04.06-15.40.11:626][  0]LogModuleManager: Shutting down and abandoning module PaperSpriteSheetImporter (430)
[2023.04.06-15.40.11:638][  0]LogModuleManager: Shutting down and abandoning module Paper2DEditor (428)
[2023.04.06-15.40.11:656][  0]LogModuleManager: Shutting down and abandoning module OodleNetworkHandlerComponent (426)
[2023.04.06-15.40.11:656][  0]LogModuleManager: Shutting down and abandoning module LightPropagationVolumeEditor (424)
[2023.04.06-15.40.11:656][  0]LogModuleManager: Shutting down and abandoning module LiveLinkSequencer (422)
[2023.04.06-15.40.11:656][  0]LogModuleManager: Shutting down and abandoning module LiveLinkMovieScene (420)
[2023.04.06-15.40.11:656][  0]LogModuleManager: Shutting down and abandoning module LiveLinkGraphNode (418)
[2023.04.06-15.40.11:656][  0]LogModuleManager: Shutting down and abandoning module LiveLinkEditor (416)
[2023.04.06-15.40.11:662][  0]LogModuleManager: Shutting down and abandoning module LiveLinkComponents (414)
[2023.04.06-15.40.11:662][  0]LogModuleManager: Shutting down and abandoning module LiveLink (412)
[2023.04.06-15.40.11:701][  0]LogModuleManager: Shutting down and abandoning module MeshPaintingToolset (410)
[2023.04.06-15.40.11:723][  0]LogModuleManager: Shutting down and abandoning module MeshPaintEditorMode (408)
[2023.04.06-15.40.11:723][  0]LogModuleManager: Shutting down and abandoning module SoundFields (406)
[2023.04.06-15.40.11:723][  0]LogModuleManager: Shutting down and abandoning module SignificanceManager (404)
[2023.04.06-15.40.11:723][  0]LogModuleManager: Shutting down and abandoning module RuntimePhysXCooking (402)
[2023.04.06-15.40.11:723][  0]LogModuleManager: Shutting down and abandoning module PropertyAccessEditor (400)
[2023.04.06-15.40.11:740][  0]LogModuleManager: Shutting down and abandoning module PhysXVehiclesEditor (398)
[2023.04.06-15.40.11:740][  0]LogModuleManager: Shutting down and abandoning module LocationServicesBPLibrary (394)
[2023.04.06-15.40.11:740][  0]LogModuleManager: Shutting down and abandoning module AudioSynesthesia (392)
[2023.04.06-15.40.11:752][  0]LogModuleManager: Shutting down and abandoning module AudioSynesthesiaCore (390)
[2023.04.06-15.40.11:752][  0]LogModuleManager: Shutting down and abandoning module PythonScriptPlugin (388)
[2023.04.06-15.40.11:752][  0]LogModuleManager: Shutting down and abandoning module MagicLeapHandMeshing (386)
[2023.04.06-15.40.11:752][  0]LogModuleManager: Shutting down and abandoning module MagicLeapSecureStorage (384)
[2023.04.06-15.40.11:752][  0]LogModuleManager: Shutting down and abandoning module MagicLeapPrivileges (382)
[2023.04.06-15.40.11:767][  0]LogModuleManager: Shutting down and abandoning module MagicLeapPlanes (380)
[2023.04.06-15.40.11:805][  0]LogMagicLeapPlanes: Planes tracker already destroyed.
[2023.04.06-15.40.11:805][  0]LogModuleManager: Shutting down and abandoning module MagicLeapImageTracker (378)
[2023.04.06-15.40.11:805][  0]LogModuleManager: Shutting down and abandoning module MagicLeapIdentity (376)
[2023.04.06-15.40.11:805][  0]LogModuleManager: Shutting down and abandoning module MagicLeapHandTracking (374)
[2023.04.06-15.40.11:819][  0]LogModuleManager: Shutting down and abandoning module MagicLeapEyeTracker (372)
[2023.04.06-15.40.11:819][  0]LogModuleManager: Shutting down and abandoning module MagicLeapController (370)
[2023.04.06-15.40.11:819][  0]LogModuleManager: Shutting down and abandoning module MagicLeapARPinImpl (368)
[2023.04.06-15.40.11:819][  0]LogModuleManager: Shutting down and abandoning module MagicLeapAR (366)
[2023.04.06-15.40.11:819][  0]LogModuleManager: Shutting down and abandoning module MagicLeapARPin (364)
[2023.04.06-15.40.11:819][  0]LogModuleManager: Shutting down and abandoning module NiagaraAnimNotifies (362)
[2023.04.06-15.40.11:819][  0]LogModuleManager: Shutting down and abandoning module Niagara (360)
[2023.04.06-15.40.11:834][  0]LogModuleManager: Shutting down and abandoning module SignalProcessing (359)
[2023.04.06-15.40.11:834][  0]LogModuleManager: Shutting down and abandoning module NiagaraEditor (357)
[2023.04.06-15.40.11:866][  0]LogModuleManager: Shutting down and abandoning module NiagaraCore (354)
[2023.04.06-15.40.11:866][  0]LogModuleManager: Shutting down and abandoning module ActorSequence (352)
[2023.04.06-15.40.11:866][  0]LogModuleManager: Shutting down and abandoning module PropertyAccessNode (350)
[2023.04.06-15.40.11:879][  0]LogModuleManager: Shutting down and abandoning module UdpMessaging (348)
[2023.04.06-15.40.11:893][  0]LogModuleManager: Shutting down and abandoning module AnimationSharing (346)
[2023.04.06-15.40.11:893][  0]LogModuleManager: Shutting down and abandoning module TcpMessaging (344)
[2023.04.06-15.40.11:898][  0]LogModuleManager: Shutting down and abandoning module FacialAnimationEditor (342)
[2023.04.06-15.40.11:898][  0]LogModuleManager: Shutting down and abandoning module FacialAnimation (340)
[2023.04.06-15.40.11:898][  0]LogModuleManager: Shutting down and abandoning module GameplayTagsEditor (338)
[2023.04.06-15.40.11:909][  0]LogModuleManager: Shutting down and abandoning module DataValidation (336)
[2023.04.06-15.40.11:909][  0]LogModuleManager: Shutting down and abandoning module Paper2D (334)
[2023.04.06-15.40.11:920][  0]LogModuleManager: Shutting down and abandoning module AssetManagerEditor (332)
[2023.04.06-15.40.11:954][  0]LogModuleManager: Shutting down and abandoning module TreeMap (331)
[2023.04.06-15.40.11:969][  0]LogModuleManager: Shutting down and abandoning module GameplayCameras (328)
[2023.04.06-15.40.11:969][  0]LogModuleManager: Shutting down and abandoning module LightPropagationVolumeRuntime (326)
[2023.04.06-15.40.11:969][  0]LogModuleManager: Shutting down and abandoning module EnvironmentQueryEditor (324)
[2023.04.06-15.40.12:003][  0]LogModuleManager: Shutting down and abandoning module NetworkReplayStreaming (322)
[2023.04.06-15.40.12:003][  0]LogModuleManager: Shutting down and abandoning module PacketHandler (320)
[2023.04.06-15.40.12:003][  0]LogModuleManager: Shutting down and abandoning module ClothingSystemEditor (318)
[2023.04.06-15.40.12:003][  0]LogModuleManager: Shutting down and abandoning module ClothingSystemRuntimeNv (316)
[2023.04.06-15.40.12:015][  0]LogModuleManager: Shutting down and abandoning module MediaAssets (314)
[2023.04.06-15.40.12:015][  0]LogModuleManager: Shutting down and abandoning module Overlay (312)
[2023.04.06-15.40.12:015][  0]LogModuleManager: Shutting down and abandoning module OverlayEditor (311)
[2023.04.06-15.40.12:015][  0]LogModuleManager: Shutting down and abandoning module Blutility (308)
[2023.04.06-15.40.12:015][  0]LogModuleManager: Shutting down and abandoning module LevelEditor (307)
[2023.04.06-15.40.12:079][  0]LogModuleManager: Shutting down and abandoning module PixelInspectorModule (306)
[2023.04.06-15.40.12:096][  0]LogModuleManager: Shutting down and abandoning module CommonMenuExtensions (304)
[2023.04.06-15.40.12:107][  0]LogModuleManager: Shutting down and abandoning module MainFrame (302)
[2023.04.06-15.40.12:126][  0]LogModuleManager: Shutting down and abandoning module HotReload (301)
[2023.04.06-15.40.12:139][  0]LogModuleManager: Shutting down and abandoning module ContentBrowser (297)
[2023.04.06-15.40.12:159][  0]LogModuleManager: Shutting down and abandoning module CollectionManager (296)
[2023.04.06-15.40.12:176][  0]LogModuleManager: Shutting down and abandoning module ContentBrowserData (294)
[2023.04.06-15.40.12:176][  0]LogModuleManager: Shutting down and abandoning module IntroTutorials (290)
[2023.04.06-15.40.12:176][  0]LogModuleManager: Shutting down and abandoning module VREditor (288)
[2023.04.06-15.40.12:191][  0]LogModuleManager: Shutting down and abandoning module StringTableEditor (286)
[2023.04.06-15.40.12:229][  0]LogModuleManager: Shutting down and abandoning module GameplayTasksEditor (284)
[2023.04.06-15.40.12:239][  0]LogModuleManager: Shutting down and abandoning module BehaviorTreeEditor (282)
[2023.04.06-15.40.12:276][  0]LogModuleManager: Shutting down and abandoning module FunctionalTesting (280)
[2023.04.06-15.40.12:290][  0]LogModuleManager: Shutting down and abandoning module CollisionAnalyzer (278)
[2023.04.06-15.40.12:304][  0]LogModuleManager: Shutting down and abandoning module WorkspaceMenuStructure (277)
[2023.04.06-15.40.12:304][  0]LogModuleManager: Shutting down and abandoning module UMG (274)
[2023.04.06-15.40.12:304][  0]LogModuleManager: Shutting down and abandoning module UMGEditor (273)
[2023.04.06-15.40.12:335][  0]LogModuleManager: Shutting down and abandoning module MessageLog (271)
[2023.04.06-15.40.12:335][  0]LogModuleManager: Shutting down and abandoning module SlateReflector (266)
[2023.04.06-15.40.12:378][  0]LogModuleManager: Shutting down and abandoning module Slate (264)
[2023.04.06-15.40.12:378][  0]LogModuleManager: Shutting down and abandoning module SlateCore (262)
[2023.04.06-15.40.12:380][  0]LogModuleManager: Shutting down and abandoning module LandscapeEditorUtilities (260)
[2023.04.06-15.40.12:380][  0]LogModuleManager: Shutting down and abandoning module UnrealEd (258)
[2023.04.06-15.40.12:397][  0]LogModuleManager: Shutting down and abandoning module MRMesh (256)
[2023.04.06-15.40.12:397][  0]LogModuleManager: Shutting down and abandoning module SourceCodeAccess (254)
[2023.04.06-15.40.12:397][  0]LogModuleManager: Shutting down and abandoning module HeadMountedDisplay (252)
[2023.04.06-15.40.12:397][  0]LogModuleManager: Shutting down and abandoning module XAudio2 (250)
[2023.04.06-15.40.12:407][  0]LogModuleManager: Shutting down and abandoning module Networking (248)
[2023.04.06-15.40.12:407][  0]LogModuleManager: Shutting down and abandoning module Core (246)
[2023.04.06-15.40.12:407][  0]LogModuleManager: Shutting down and abandoning module MaterialEditor (244)
[2023.04.06-15.40.12:461][  0]LogModuleManager: Shutting down and abandoning module Settings (243)
[2023.04.06-15.40.12:461][  0]LogModuleManager: Shutting down and abandoning module MovieSceneTools (240)
[2023.04.06-15.40.12:509][  0]LogModuleManager: Shutting down and abandoning module CurveEditor (239)
[2023.04.06-15.40.12:522][  0]LogModuleManager: Shutting down and abandoning module Sequencer (237)
[2023.04.06-15.40.12:535][  0]LogModuleManager: Shutting down and abandoning module EditorStyle (236)
[2023.04.06-15.40.12:536][  0]LogModuleManager: Shutting down and abandoning module KismetCompiler (232)
[2023.04.06-15.40.12:536][  0]LogModuleManager: Shutting down and abandoning module MeshBuilder (230)
[2023.04.06-15.40.12:554][  0]LogModuleManager: Shutting down and abandoning module MeshUtilities (228)
[2023.04.06-15.40.12:569][  0]LogModuleManager: Shutting down and abandoning module MeshMergeUtilities (227)
[2023.04.06-15.40.12:574][  0]LogModuleManager: Shutting down and abandoning module MeshReductionInterface (226)
[2023.04.06-15.40.12:574][  0]LogModuleManager: Shutting down and abandoning module MeshBoneReduction (225)
[2023.04.06-15.40.12:574][  0]LogModuleManager: Shutting down and abandoning module SkeletalMeshReduction (223)
[2023.04.06-15.40.12:582][  0]LogModuleManager: Shutting down and abandoning module ProxyLODMeshReduction (221)
[2023.04.06-15.40.12:629][  0]LogModuleManager: Shutting down and abandoning module QuadricMeshReduction (219)
[2023.04.06-15.40.12:645][  0]LogModuleManager: Shutting down and abandoning module MaterialBaking (215)
[2023.04.06-15.40.12:660][  0]LogModuleManager: Shutting down and abandoning module DirectoryWatcher (211)
[2023.04.06-15.40.12:661][  0]LogModuleManager: Shutting down and abandoning module NullInstallBundleManager (208)
[2023.04.06-15.40.12:661][  0]LogModuleManager: Shutting down and abandoning module DerivedDataCache (206)
[2023.04.06-15.40.12:679][  0]LogModuleManager: Shutting down and abandoning module TargetPlatform (204)
[2023.04.06-15.40.12:686][  0]LogModuleManager: Shutting down and abandoning module VulkanShaderFormat (203)
[2023.04.06-15.40.12:740][  0]LogModuleManager: Shutting down and abandoning module ShaderFormatVectorVM (201)
[2023.04.06-15.40.12:760][  0]LogModuleManager: Shutting down and abandoning module ShaderFormatOpenGL (199)
[2023.04.06-15.40.12:777][  0]LogModuleManager: Shutting down and abandoning module ShaderFormatD3D (197)
[2023.04.06-15.40.12:787][  0]LogModuleManager: Shutting down and abandoning module MetalShaderFormat (195)
[2023.04.06-15.40.12:801][  0]LogModuleManager: Shutting down and abandoning module TextureFormatOodle (193)
[2023.04.06-15.40.12:811][  0]LogModuleManager: Shutting down and abandoning module TextureFormatUncompressed (191)
[2023.04.06-15.40.12:811][  0]LogModuleManager: Shutting down and abandoning module TextureFormatPVR (189)
[2023.04.06-15.40.12:811][  0]LogModuleManager: Shutting down and abandoning module TextureFormatETC2 (187)
[2023.04.06-15.40.12:811][  0]LogModuleManager: Shutting down and abandoning module TextureFormatDXT (185)
[2023.04.06-15.40.12:823][  0]LogModuleManager: Shutting down and abandoning module TextureFormatIntelISPCTexComp (183)
[2023.04.06-15.40.12:824][  0]LogModuleManager: Shutting down and abandoning module TextureFormatASTC (181)
[2023.04.06-15.40.12:825][  0]LogModuleManager: Shutting down and abandoning module ImageWrapper (180)
[2023.04.06-15.40.12:825][  0]LogModuleManager: Shutting down and abandoning module AudioFormatOpus (177)
[2023.04.06-15.40.12:825][  0]LogModuleManager: Shutting down and abandoning module AudioFormatOgg (175)
[2023.04.06-15.40.12:825][  0]LogModuleManager: Shutting down and abandoning module AudioFormatADPCM (173)
[2023.04.06-15.40.12:839][  0]LogModuleManager: Shutting down and abandoning module WindowsServerTargetPlatform (171)
[2023.04.06-15.40.12:839][  0]LogModuleManager: Shutting down and abandoning module WindowsClientTargetPlatform (169)
[2023.04.06-15.40.12:839][  0]LogModuleManager: Shutting down and abandoning module WindowsTargetPlatform (167)
[2023.04.06-15.40.12:839][  0]LogModuleManager: Shutting down and abandoning module WindowsNoEditorTargetPlatform (165)
[2023.04.06-15.40.12:839][  0]LogModuleManager: Shutting down and abandoning module TVOSTargetPlatform (163)
[2023.04.06-15.40.12:840][  0]LogModuleManager: Shutting down and abandoning module MacServerTargetPlatform (161)
[2023.04.06-15.40.12:840][  0]LogModuleManager: Shutting down and abandoning module MacClientTargetPlatform (159)
[2023.04.06-15.40.12:853][  0]LogModuleManager: Shutting down and abandoning module MacTargetPlatform (157)
[2023.04.06-15.40.12:853][  0]LogModuleManager: Shutting down and abandoning module MacNoEditorTargetPlatform (155)
[2023.04.06-15.40.12:854][  0]LogModuleManager: Shutting down and abandoning module LuminTargetPlatform (153)
[2023.04.06-15.40.12:855][  0]LogModuleManager: Shutting down and abandoning module LinuxAArch64ServerTargetPlatform (151)
[2023.04.06-15.40.12:855][  0]LogModuleManager: Shutting down and abandoning module LinuxAArch64ClientTargetPlatform (149)
[2023.04.06-15.40.12:855][  0]LogModuleManager: Shutting down and abandoning module LinuxAArch64NoEditorTargetPlatform (147)
[2023.04.06-15.40.12:855][  0]LogModuleManager: Shutting down and abandoning module LinuxServerTargetPlatform (145)
[2023.04.06-15.40.12:855][  0]LogModuleManager: Shutting down and abandoning module LinuxClientTargetPlatform (143)
[2023.04.06-15.40.12:855][  0]LogModuleManager: Shutting down and abandoning module LinuxNoEditorTargetPlatform (141)
[2023.04.06-15.40.12:855][  0]LogModuleManager: Shutting down and abandoning module LinuxTargetPlatform (139)
[2023.04.06-15.40.12:855][  0]LogModuleManager: Shutting down and abandoning module Messaging (137)
[2023.04.06-15.40.12:855][  0]LogModuleManager: Shutting down and abandoning module IOSTargetPlatform (135)
[2023.04.06-15.40.12:855][  0]LogModuleManager: Shutting down and abandoning module AndroidTargetPlatform (133)
[2023.04.06-15.40.12:858][  0]LogModuleManager: Shutting down and abandoning module AllDesktopTargetPlatform (131)
[2023.04.06-15.40.12:858][  0]LogModuleManager: Shutting down and abandoning module NullDrv (128)
[2023.04.06-15.40.12:858][  0]LogModuleManager: Shutting down and abandoning module PhysXCooking (126)
[2023.04.06-15.40.12:858][  0]LogModuleManager: Shutting down and abandoning module Chaos (124)
[2023.04.06-15.40.12:878][  0]LogModuleManager: Shutting down and abandoning module WindowsPlatformFeatures (122)
[2023.04.06-15.40.12:878][  0]LogModuleManager: Shutting down and abandoning module GameplayMediaEncoder (121)
[2023.04.06-15.40.12:892][  0]LogModuleManager: Shutting down and abandoning module AVEncoder (120)
[2023.04.06-15.40.12:919][  0]LogModuleManager: Shutting down and abandoning module ExampleDeviceProfileSelector (116)
[2023.04.06-15.40.12:919][  0]LogModuleManager: Shutting down and abandoning module SteamVRInputDevice (114)
[2023.04.06-15.40.12:919][  0]LogModuleManager: Shutting down and abandoning module SteamVRInput (112)
[2023.04.06-15.40.12:919][  0]LogModuleManager: Shutting down and abandoning module SteamVR (110)
[2023.04.06-15.40.12:937][  0]LogHMD: Freeing OpenVRDLLHandle.
[2023.04.06-15.40.12:937][  0]LogModuleManager: Shutting down and abandoning module OculusHMD (108)
[2023.04.06-15.40.12:952][  0]LogModuleManager: Shutting down and abandoning module OpenXRHandTracking (106)
[2023.04.06-15.40.12:952][  0]LogModuleManager: Shutting down and abandoning module OpenXREyeTracker (104)
[2023.04.06-15.40.12:952][  0]LogModuleManager: Shutting down and abandoning module OpenXRAR (102)
[2023.04.06-15.40.12:956][  0]LogModuleManager: Shutting down and abandoning module AugmentedReality (101)
[2023.04.06-15.40.12:956][  0]LogModuleManager: Shutting down and abandoning module OpenXRHMD (98)
[2023.04.06-15.40.12:960][  0]LogModuleManager: Shutting down and abandoning module ChunkDownloader (96)
[2023.04.06-15.40.12:984][  0]LogModuleManager: Shutting down and abandoning module ChaosCloth (94)
[2023.04.06-15.40.13:004][  0]LogModuleManager: Shutting down and abandoning module LauncherChunkInstaller (92)
[2023.04.06-15.40.13:004][  0]LogModuleManager: Shutting down and abandoning module MagicLeap (90)
[2023.04.06-15.40.13:004][  0]LogModuleManager: Shutting down and abandoning module MLSDK (88)
[2023.04.06-15.40.13:019][  0]LogModuleManager: Shutting down and abandoning module OnlineBlueprintSupport (86)
[2023.04.06-15.40.13:019][  0]LogModuleManager: Shutting down and abandoning module WmfMedia (82)
[2023.04.06-15.40.13:038][  0]LogModuleManager: Shutting down and abandoning module Media (81)
[2023.04.06-15.40.13:039][  0]LogModuleManager: Shutting down and abandoning module MediaInfo (80)
[2023.04.06-15.40.13:039][  0]LogModuleManager: Shutting down and abandoning module OnlineSubsystem (76)
[2023.04.06-15.40.13:051][  0]LogModuleManager: Shutting down and abandoning module XMPP (71)
[2023.04.06-15.40.13:064][  0]LogModuleManager: Shutting down and abandoning module WebSockets (70)
[2023.04.06-15.40.13:153][  0]LogModuleManager: Shutting down and abandoning module HTTP (67)
[2023.04.06-15.40.13:153][  0]LogHttp: Display: cleaning up 0 outstanding Http requests.
[2023.04.06-15.40.13:162][  0]LogModuleManager: Shutting down and abandoning module SSL (66)
[2023.04.06-15.40.13:163][  0]LogModuleManager: Shutting down and abandoning module ExrReaderGpu (62)
[2023.04.06-15.40.13:194][  0]LogModuleManager: Shutting down and abandoning module VariantManagerContent (60)
[2023.04.06-15.40.13:194][  0]LogModuleManager: Shutting down and abandoning module NiagaraVertexFactories (58)
[2023.04.06-15.40.13:194][  0]LogModuleManager: Shutting down and abandoning module NiagaraShader (56)
[2023.04.06-15.40.13:194][  0]LogModuleManager: Shutting down and abandoning module DatasmithContent (54)
[2023.04.06-15.40.13:194][  0]LogModuleManager: Shutting down and abandoning module PixWinPlugin (52)
[2023.04.06-15.40.13:194][  0]LogModuleManager: Shutting down and abandoning module AISupportModule (50)
[2023.04.06-15.40.13:194][  0]LogModuleManager: Shutting down and abandoning module DesktopPlatform (48)
[2023.04.06-15.40.13:194][  0]LogModuleManager: Shutting down and abandoning module PythonScriptPluginPreload (46)
[2023.04.06-15.40.13:195][  0]LogModuleManager: Shutting down and abandoning module PlatformCryptoOpenSSL (44)
[2023.04.06-15.40.13:214][  0]LogModuleManager: Shutting down and abandoning module PlatformCryptoTypes (42)
[2023.04.06-15.40.13:214][  0]LogModuleManager: Shutting down and abandoning module PlatformCrypto (40)
[2023.04.06-15.40.13:214][  0]LogModuleManager: Shutting down and abandoning module OodleDataCompressionFormat (38)
[2023.04.06-15.40.13:231][  0]LogModuleManager: Shutting down and abandoning module XGEController (36)
[2023.04.06-15.40.13:248][  0]LogModuleManager: Shutting down and abandoning module AnimationModifiers (34)
[2023.04.06-15.40.13:268][  0]LogModuleManager: Shutting down and abandoning module AudioEditor (32)
[2023.04.06-15.40.13:279][  0]LogModuleManager: Shutting down and abandoning module PropertyEditor (31)
[2023.04.06-15.40.13:302][  0]LogModuleManager: Shutting down and abandoning module TextureCompressor (28)
[2023.04.06-15.40.13:322][  0]LogModuleManager: Shutting down and abandoning module RenderCore (26)
[2023.04.06-15.40.13:322][  0]LogModuleManager: Shutting down and abandoning module Landscape (24)
[2023.04.06-15.40.13:322][  0]LogModuleManager: Shutting down and abandoning module SlateRHIRenderer (22)
[2023.04.06-15.40.13:322][  0]LogModuleManager: Shutting down and abandoning module AnimGraphRuntime (20)
[2023.04.06-15.40.13:345][  0]LogModuleManager: Shutting down and abandoning module Renderer (18)
[2023.04.06-15.40.13:361][  0]LogModuleManager: Shutting down and abandoning module Engine (16)
[2023.04.06-15.40.13:361][  0]LogModuleManager: Shutting down and abandoning module CoreUObject (14)
[2023.04.06-15.40.13:361][  0]LogModuleManager: Shutting down and abandoning module NetworkFile (12)
[2023.04.06-15.40.13:374][  0]LogModuleManager: Shutting down and abandoning module CookedIterativeFile (10)
[2023.04.06-15.40.13:374][  0]LogModuleManager: Shutting down and abandoning module StreamingFile (8)
[2023.04.06-15.40.13:385][  0]LogModuleManager: Shutting down and abandoning module SandboxFile (6)
[2023.04.06-15.40.13:400][  0]LogModuleManager: Shutting down and abandoning module PakFile (4)
[2023.04.06-15.40.13:412][  0]LogModuleManager: Shutting down and abandoning module RSA (3)
[2023.04.06-15.40.13:771][  0]LogContentStreaming: Display: There are 1 unreleased StreamingManagers
[2023.04.06-15.40.13:787][  0]LogExit: Exiting.
[2023.04.06-15.40.13:797][  0]Log file closed, 04/06/23 16:40:13
