Log file open, 05/04/23 17:51:33
LogWindows: Failed to load 'aqProf.dll' (GetLastError=126)
LogWindows: File 'aqProf.dll' does not exist
LogWindows: Failed to load 'VtuneApi.dll' (GetLastError=126)
LogWindows: File 'VtuneApi.dll' does not exist
LogWindows: Failed to load 'VtuneApi32e.dll' (GetLastError=126)
LogWindows: File 'VtuneApi32e.dll' does not exist
LogConsoleResponse: Display: Failed to find resolution value strings in scalability ini. Falling back to default.
LogConsoleResponse: Display: Failed to find resolution value strings in scalability ini. Falling back to default.
LogInit: Display: Running engine for game: Twonic
LogPlatformFile: Not using cached read wrapper
LogTaskGraph: Started task graph with 5 named threads and 23 total threads with 3 sets of task threads.
LogStats: Stats thread started at 0.285663
LogICUInternationalization: ICU TimeZone Detection - Raw Offset: +0:00, Platform Override: ''
LogInit: Display: Loading text-based GConfig....
LogPluginManager: Mounting plugin MeshPainting
LogPluginManager: Mounting plugin XGEController
LogPluginManager: Mounting plugin AISupport
LogPluginManager: Mounting plugin EnvironmentQueryEditor
LogPluginManager: Mounting plugin Paper2D
LogPluginManager: Mounting plugin LightPropagationVolume
LogPluginManager: Mounting plugin LiveLink
LogPluginManager: Mounting plugin CameraShakePreviewer
LogPluginManager: Mounting plugin OodleData
LogPluginManager: Mounting plugin GameplayCameras
LogPluginManager: Mounting plugin OodleNetwork
LogPluginManager: Mounting plugin AnimationSharing
LogPluginManager: Mounting plugin AssetManagerEditor
LogPluginManager: Mounting plugin MagicLeap
LogPluginManager: Mounting plugin LuminPlatformFeatures
LogPluginManager: Mounting plugin CryptoKeys
LogPluginManager: Mounting plugin CurveEditorTools
LogPluginManager: Mounting plugin AlembicImporter
LogPluginManager: Mounting plugin DataValidation
LogPluginManager: Mounting plugin FacialAnimation
LogPluginManager: Mounting plugin AutomationUtils
LogPluginManager: Mounting plugin GameplayTagsEditor
LogPluginManager: Mounting plugin BackChannel
LogPluginManager: Mounting plugin GeometryMode
LogPluginManager: Mounting plugin MagicLeapLightEstimation
LogPluginManager: Mounting plugin ChaosCloth
LogPluginManager: Mounting plugin MagicLeapMedia
LogPluginManager: Mounting plugin ChaosClothEditor
LogPluginManager: Mounting plugin MacGraphicsSwitching
LogPluginManager: Mounting plugin ChaosEditor
LogPluginManager: Mounting plugin MaterialAnalyzer
LogPluginManager: Mounting plugin ChaosNiagara
LogPluginManager: Mounting plugin MagicLeapPassableWorld
LogPluginManager: Mounting plugin ChaosSolverPlugin
LogPluginManager: Mounting plugin MobileLauncherProfileWizard
LogPluginManager: Mounting plugin PluginBrowser
LogPluginManager: Mounting plugin MLSDK
LogPluginManager: Mounting plugin SpeedTreeImporter
LogPluginManager: Mounting plugin CharacterAI
LogPluginManager: Mounting plugin CLionSourceCodeAccess
LogPluginManager: Mounting plugin CodeLiteSourceCodeAccess
LogPluginManager: Mounting plugin GitSourceControl
LogPluginManager: Mounting plugin KDevelopSourceCodeAccess
LogPluginManager: Mounting plugin NullSourceCodeAccess
LogPluginManager: Mounting plugin PerforceSourceControl
LogPluginManager: Mounting plugin PixWinPlugin
LogPluginManager: Mounting plugin PlasticSourceControl
LogPluginManager: Mounting plugin PluginUtils
LogPluginManager: Mounting plugin PropertyAccessNode
LogPluginManager: Mounting plugin RiderSourceCodeAccess
LogPluginManager: Mounting plugin TextureFormatOodle
LogPluginManager: Mounting plugin SubversionSourceControl
LogPluginManager: Mounting plugin GeometryCache
LogPluginManager: Mounting plugin GeometryCollectionPlugin
LogPluginManager: Mounting plugin UObjectPlugin
LogPluginManager: Mounting plugin VisualStudioSourceCodeAccess
LogPluginManager: Mounting plugin VisualStudioCodeSourceCodeAccess
LogPluginManager: Mounting plugin XCodeSourceCodeAccess
LogPluginManager: Mounting plugin GeometryProcessing
LogPluginManager: Mounting plugin DatasmithContent
LogPluginManager: Mounting plugin MotoSynth
LogPluginManager: Mounting plugin OpenImageDenoise
LogPluginManager: Mounting plugin PlanarCut
LogPluginManager: Mounting plugin PlatformCrypto
LogPluginManager: Mounting plugin ProxyLODPlugin
LogPluginManager: Mounting plugin PythonScriptPlugin
LogPluginManager: Mounting plugin VariantManagerContent
LogPluginManager: Mounting plugin SkeletalReduction
LogPluginManager: Mounting plugin AndroidMedia
LogPluginManager: Mounting plugin AvfMedia
LogPluginManager: Mounting plugin ImgMedia
LogPluginManager: Mounting plugin MediaCompositing
LogPluginManager: Mounting plugin MediaPlayerEditor
LogPluginManager: Mounting plugin WebMMedia
LogPluginManager: Mounting plugin TcpMessaging
LogPluginManager: Mounting plugin WmfMedia
LogPluginManager: Mounting plugin UdpMessaging
LogPluginManager: Mounting plugin ActorSequence
LogPluginManager: Mounting plugin MatineeToLevelSequence
LogPluginManager: Mounting plugin LevelSequenceEditor
LogPluginManager: Mounting plugin TemplateSequence
LogPluginManager: Mounting plugin OnlineSubsystem
LogPluginManager: Mounting plugin OnlineSubsystemNull
LogPluginManager: Mounting plugin LauncherChunkInstaller
LogPluginManager: Mounting plugin Niagara
LogPluginManager: Mounting plugin OnlineSubsystemUtils
LogPluginManager: Mounting plugin ScreenshotTools
LogPluginManager: Mounting plugin Takes
LogPluginManager: Mounting plugin ActorLayerUtilities
LogPluginManager: Mounting plugin AndroidDeviceProfileSelector
LogPluginManager: Mounting plugin AndroidMoviePlayer
LogPluginManager: Mounting plugin AndroidPermission
LogPluginManager: Mounting plugin AppleImageUtils
LogPluginManager: Mounting plugin AppleMoviePlayer
LogPluginManager: Mounting plugin ArchVisCharacter
LogPluginManager: Mounting plugin AssetTags
LogPluginManager: Mounting plugin AudioCapture
LogPluginManager: Mounting plugin AudioSynesthesia
LogPluginManager: Mounting plugin ChunkDownloader
LogPluginManager: Mounting plugin CableComponent
LogPluginManager: Mounting plugin CustomMeshComponent
LogPluginManager: Mounting plugin EditableMesh
LogPluginManager: Mounting plugin ExampleDeviceProfileSelector
LogPluginManager: Mounting plugin GoogleCloudMessaging
LogPluginManager: Mounting plugin GooglePAD
LogPluginManager: Mounting plugin IOSDeviceProfileSelector
LogPluginManager: Mounting plugin LinuxDeviceProfileSelector
LogPluginManager: Mounting plugin LocationServicesBPLibrary
LogPluginManager: Mounting plugin MobilePatchingUtils
LogPluginManager: Mounting plugin OpenXR
LogPluginManager: Mounting plugin OpenXREyeTracker
LogPluginManager: Mounting plugin OpenXRHandTracking
LogPluginManager: Mounting plugin PhysXVehicles
LogPluginManager: Mounting plugin PostSplashScreen
LogPluginManager: Mounting plugin ProceduralMeshComponent
LogPluginManager: Mounting plugin PropertyAccessEditor
LogPluginManager: Mounting plugin RuntimePhysXCooking
LogPluginManager: Mounting plugin SignificanceManager
LogPluginManager: Mounting plugin SoundFields
LogPluginManager: Mounting plugin Synthesis
LogPluginManager: Mounting plugin WebMMoviePlayer
LogPluginManager: Mounting plugin WindowsMoviePlayer
LogPluginManager: Mounting plugin ContentBrowserAssetDataSource
LogPluginManager: Mounting plugin ContentBrowserClassDataSource
LogPluginManager: Mounting plugin ContentBrowserFileDataSource
LogPluginManager: Mounting plugin OnlineSubsystemGooglePlay
LogPluginManager: Mounting plugin OnlineSubsystemIOS
LogPluginManager: Mounting plugin OculusVR
LogPluginManager: Mounting plugin SteamVR
PixWinPlugin: PIX capture plugin failed to initialize! Check that the process is launched from PIX.
LogInit: Using libcurl 7.55.1-DEV
LogInit:  - built for x86_64-pc-win32
LogInit:  - supports SSL with OpenSSL/1.1.1
LogInit:  - supports HTTP deflate (compression) using libz 1.2.8
LogInit:  - other features:
LogInit:      CURL_VERSION_SSL
LogInit:      CURL_VERSION_LIBZ
LogInit:      CURL_VERSION_IPV6
LogInit:      CURL_VERSION_ASYNCHDNS
LogInit:      CURL_VERSION_LARGEFILE
LogInit:      CURL_VERSION_IDN
LogInit:  CurlRequestOptions (configurable via config and command line):
LogInit:  - bVerifyPeer = true  - Libcurl will verify peer certificate
LogInit:  - bUseHttpProxy = false  - Libcurl will NOT use HTTP proxy
LogInit:  - bDontReuseConnections = false  - Libcurl will reuse connections
LogInit:  - MaxHostConnections = 16  - Libcurl will limit the number of connections to a host
LogInit:  - LocalHostAddr = Default
LogInit:  - BufferSize = 65536
LogOnline: OSS: Creating online subsystem instance for: NULL
LogInit: WinSock: version 1.1 (2.2), MaxSocks=32767, MaxUdp=65467
LogOnline: OSS: TryLoadSubsystemAndSetDefault: Loaded subsystem for module [NULL]
LogInit: Build: ++UE4+Release-4.27-CL-18319896
LogInit: Engine Version: 4.27.2-18319896+++UE4+Release-4.27
LogInit: Compatible Engine Version: 4.27.0-17155196+++UE4+Release-4.27
LogInit: Net CL: 17155196
LogInit: OS: Windows 10 (Release 2009) (), CPU: Intel(R) Core(TM) i5-8300H CPU @ 2.30GHz, GPU: NVIDIA GeForce GTX 1060
LogInit: Compiled (64-bit): Nov 30 2021 07:12:08
LogInit: Compiled with Visual C++: 19.24.28315.00
LogInit: Build Configuration: Development
LogInit: Branch Name: ++UE4+Release-4.27
LogInit: Command Line:  C:/Users/emmyt/OneDrive/Documents/GitHub/-Journeyman-Twonic---Alpha-Team/Twonic/Twonic.uproject -run=GatherText -config=Config/Localization/Game_Compile.ini
LogInit: Base Directory: D:/Epic Games/UE_4.27/Engine/Binaries/Win64/
LogInit: Allocator: TBB
LogInit: Installed Engine Build: 1
LogDevObjectVersion: Number of dev versions registered: 29
LogDevObjectVersion:   Dev-Blueprints (B0D832E4-1F89-4F0D-ACCF-7EB736FD4AA2): 10
LogDevObjectVersion:   Dev-Build (E1C64328-A22C-4D53-A36C-8E866417BD8C): 0
LogDevObjectVersion:   Dev-Core (375EC13C-06E4-48FB-B500-84F0262A717E): 4
LogDevObjectVersion:   Dev-Editor (E4B068ED-F494-42E9-A231-DA0B2E46BB41): 40
LogDevObjectVersion:   Dev-Framework (CFFC743F-43B0-4480-9391-14DF171D2073): 37
LogDevObjectVersion:   Dev-Mobile (B02B49B5-BB20-44E9-A304-32B752E40360): 3
LogDevObjectVersion:   Dev-Networking (A4E4105C-59A1-49B5-A7C5-40C4547EDFEE): 0
LogDevObjectVersion:   Dev-Online (39C831C9-5AE6-47DC-9A44-9C173E1C8E7C): 0
LogDevObjectVersion:   Dev-Physics (78F01B33-EBEA-4F98-B9B4-84EACCB95AA2): 14
LogDevObjectVersion:   Dev-Platform (6631380F-2D4D-43E0-8009-CF276956A95A): 0
LogDevObjectVersion:   Dev-Rendering (12F88B9F-8875-4AFC-A67C-D90C383ABD29): 45
LogDevObjectVersion:   Dev-Sequencer (7B5AE74C-D270-4C10-A958-57980B212A5A): 13
LogDevObjectVersion:   Dev-VR (D7296918-1DD6-4BDD-9DE2-64A83CC13884): 3
LogDevObjectVersion:   Dev-LoadTimes (C2A15278-BFE7-4AFE-6C17-90FF531DF755): 1
LogDevObjectVersion:   Private-Geometry (6EACA3D4-40EC-4CC1-B786-8BED09428FC5): 3
LogDevObjectVersion:   Dev-AnimPhys (29E575DD-E0A3-4627-9D10-D276232CDCEA): 17
LogDevObjectVersion:   Dev-Anim (AF43A65D-7FD3-4947-9873-3E8ED9C1BB05): 15
LogDevObjectVersion:   Dev-ReflectionCapture (6B266CEC-1EC7-4B8F-A30B-E4D90942FC07): 1
LogDevObjectVersion:   Dev-Automation (0DF73D61-A23F-47EA-B727-89E90C41499A): 1
LogDevObjectVersion:   FortniteMain (601D1886-AC64-4F84-AA16-D3DE0DEAC7D6): 47
LogDevObjectVersion:   FortniteRelease (E7086368-6B23-4C58-8439-1B7016265E91): 1
LogDevObjectVersion:   Dev-Enterprise (9DFFBCD6-494F-0158-E221-12823C92A888): 10
LogDevObjectVersion:   Dev-Niagara (F2AED0AC-9AFE-416F-8664-AA7FFA26D6FC): 1
LogDevObjectVersion:   Dev-Destruction (174F1F0B-B4C6-45A5-B13F-2EE8D0FB917D): 10
LogDevObjectVersion:   Dev-Physics-Ext (35F94A83-E258-406C-A318-09F59610247C): 41
LogDevObjectVersion:   Dev-PhysicsMaterial-Chaos (B68FC16E-8B1B-42E2-B453-215C058844FE): 1
LogDevObjectVersion:   Dev-CineCamera (B2E18506-4273-CFC2-A54E-F4BB758BBA07): 1
LogDevObjectVersion:   Dev-VirtualProduction (64F58936-FD1B-42BA-BA96-7289D5D0FA4E): 1
LogDevObjectVersion:   Dev-MediaFramework (6F0ED827-A609-4895-9C91-998D90180EA4): 2
LogInit: Presizing for max 25165824 objects, including 0 objects not considered by GC, pre-allocating 0 bytes for permanent pool.
LogConfig: Applying CVar settings from Section [/Script/Engine.StreamingSettings] File [C:/Users/emmyt/OneDrive/Documents/GitHub/-Journeyman-Twonic---Alpha-Team/Twonic/Saved/Config/Windows/Engine.ini]
LogConfig: Setting CVar [[s.MinBulkDataSizeForAsyncLoading:131072]]
LogConfig: Setting CVar [[s.AsyncLoadingThreadEnabled:0]]
LogConfig: Setting CVar [[s.EventDrivenLoaderEnabled:1]]
LogConfig: Setting CVar [[s.WarnIfTimeLimitExceeded:0]]
LogConfig: Setting CVar [[s.TimeLimitExceededMultiplier:1.5]]
LogConfig: Setting CVar [[s.TimeLimitExceededMinTime:0.005]]
LogConfig: Setting CVar [[s.UseBackgroundLevelStreaming:1]]
LogConfig: Setting CVar [[s.PriorityAsyncLoadingExtraTime:15.0]]
LogConfig: Setting CVar [[s.LevelStreamingActorsUpdateTimeLimit:5.0]]
LogConfig: Setting CVar [[s.PriorityLevelStreamingActorsUpdateExtraTime:5.0]]
LogConfig: Setting CVar [[s.LevelStreamingComponentsRegistrationGranularity:10]]
LogConfig: Setting CVar [[s.UnregisterComponentsTimeLimit:1.0]]
LogConfig: Setting CVar [[s.LevelStreamingComponentsUnregistrationGranularity:5]]
LogConfig: Setting CVar [[s.FlushStreamingOnExit:1]]
LogInit: Object subsystem initialized
LogConfig: Setting CVar [[con.DebugEarlyDefault:1]]
LogConfig: Setting CVar [[r.setres:1280x720]]
[2023.05.04-16.51.36:277][  0]LogConfig: Setting CVar [[con.DebugEarlyDefault:1]]
[2023.05.04-16.51.36:277][  0]LogConfig: Setting CVar [[r.setres:1280x720]]
[2023.05.04-16.51.36:277][  0]LogConfig: Applying CVar settings from Section [/Script/Engine.RendererSettings] File [C:/Users/emmyt/OneDrive/Documents/GitHub/-Journeyman-Twonic---Alpha-Team/Twonic/Saved/Config/Windows/Engine.ini]
[2023.05.04-16.51.36:277][  0]LogConfig: Setting CVar [[r.GPUCrashDebugging:0]]
[2023.05.04-16.51.36:277][  0]LogConfig: Setting CVar [[r.ForwardShading:0]]
[2023.05.04-16.51.36:277][  0]LogConfig: Setting CVar [[r.GenerateMeshDistanceFields:1]]
[2023.05.04-16.51.36:277][  0]LogConfig: Setting CVar [[r.DefaultFeature.AutoExposure:0]]
[2023.05.04-16.51.36:277][  0]LogConfig: Setting CVar [[r.CustomDepth:3]]
[2023.05.04-16.51.36:277][  0]LogConfig: Setting CVar [[r.Mobile.AllowSoftwareOcclusion:1]]
[2023.05.04-16.51.36:277][  0]LogConfig: Applying CVar settings from Section [/Script/Engine.RendererOverrideSettings] File [C:/Users/emmyt/OneDrive/Documents/GitHub/-Journeyman-Twonic---Alpha-Team/Twonic/Saved/Config/Windows/Engine.ini]
[2023.05.04-16.51.36:277][  0]LogConfig: Applying CVar settings from Section [/Script/Engine.StreamingSettings] File [C:/Users/emmyt/OneDrive/Documents/GitHub/-Journeyman-Twonic---Alpha-Team/Twonic/Saved/Config/Windows/Engine.ini]
[2023.05.04-16.51.36:277][  0]LogConfig: Setting CVar [[s.MinBulkDataSizeForAsyncLoading:131072]]
[2023.05.04-16.51.36:277][  0]LogConfig: Setting CVar [[s.AsyncLoadingThreadEnabled:0]]
[2023.05.04-16.51.36:277][  0]LogConfig: Setting CVar [[s.EventDrivenLoaderEnabled:1]]
[2023.05.04-16.51.36:277][  0]LogConfig: Setting CVar [[s.WarnIfTimeLimitExceeded:0]]
[2023.05.04-16.51.36:277][  0]LogConfig: Setting CVar [[s.TimeLimitExceededMultiplier:1.5]]
[2023.05.04-16.51.36:277][  0]LogConfig: Setting CVar [[s.TimeLimitExceededMinTime:0.005]]
[2023.05.04-16.51.36:277][  0]LogConfig: Setting CVar [[s.UseBackgroundLevelStreaming:1]]
[2023.05.04-16.51.36:277][  0]LogConfig: Setting CVar [[s.PriorityAsyncLoadingExtraTime:15.0]]
[2023.05.04-16.51.36:277][  0]LogConfig: Setting CVar [[s.LevelStreamingActorsUpdateTimeLimit:5.0]]
[2023.05.04-16.51.36:277][  0]LogConfig: Setting CVar [[s.PriorityLevelStreamingActorsUpdateExtraTime:5.0]]
[2023.05.04-16.51.36:277][  0]LogConfig: Setting CVar [[s.LevelStreamingComponentsRegistrationGranularity:10]]
[2023.05.04-16.51.36:277][  0]LogConfig: Setting CVar [[s.UnregisterComponentsTimeLimit:1.0]]
[2023.05.04-16.51.36:277][  0]LogConfig: Setting CVar [[s.LevelStreamingComponentsUnregistrationGranularity:5]]
[2023.05.04-16.51.36:277][  0]LogConfig: Setting CVar [[s.FlushStreamingOnExit:1]]
[2023.05.04-16.51.36:277][  0]LogConfig: Applying CVar settings from Section [/Script/Engine.GarbageCollectionSettings] File [C:/Users/emmyt/OneDrive/Documents/GitHub/-Journeyman-Twonic---Alpha-Team/Twonic/Saved/Config/Windows/Engine.ini]
[2023.05.04-16.51.36:277][  0]LogConfig: Setting CVar [[gc.MaxObjectsNotConsideredByGC:1]]
[2023.05.04-16.51.36:277][  0]LogConfig: Setting CVar [[gc.SizeOfPermanentObjectPool:0]]
[2023.05.04-16.51.36:277][  0]LogConfig: Setting CVar [[gc.FlushStreamingOnGC:0]]
[2023.05.04-16.51.36:277][  0]LogConfig: Setting CVar [[gc.NumRetriesBeforeForcingGC:10]]
[2023.05.04-16.51.36:277][  0]LogConfig: Setting CVar [[gc.AllowParallelGC:1]]
[2023.05.04-16.51.36:277][  0]LogConfig: Setting CVar [[gc.TimeBetweenPurgingPendingKillObjects:61.1]]
[2023.05.04-16.51.36:277][  0]LogConfig: Setting CVar [[gc.MaxObjectsInEditor:25165824]]
[2023.05.04-16.51.36:277][  0]LogConfig: Setting CVar [[gc.IncrementalBeginDestroyEnabled:1]]
[2023.05.04-16.51.36:277][  0]LogConfig: Setting CVar [[gc.CreateGCClusters:1]]
[2023.05.04-16.51.36:277][  0]LogConfig: Setting CVar [[gc.MinGCClusterSize:5]]
[2023.05.04-16.51.36:277][  0]LogConfig: Setting CVar [[gc.ActorClusteringEnabled:0]]
[2023.05.04-16.51.36:277][  0]LogConfig: Setting CVar [[gc.BlueprintClusteringEnabled:0]]
[2023.05.04-16.51.36:277][  0]LogConfig: Setting CVar [[gc.UseDisregardForGCOnDedicatedServers:0]]
[2023.05.04-16.51.36:277][  0]LogConfig: Setting CVar [[gc.MultithreadedDestructionEnabled:1]]
[2023.05.04-16.51.36:277][  0]LogConfig: Applying CVar settings from Section [/Script/Engine.NetworkSettings] File [C:/Users/emmyt/OneDrive/Documents/GitHub/-Journeyman-Twonic---Alpha-Team/Twonic/Saved/Config/Windows/Engine.ini]
[2023.05.04-16.51.36:277][  0]LogConfig: Applying CVar settings from Section [/Script/UnrealEd.CookerSettings] File [C:/Users/emmyt/OneDrive/Documents/GitHub/-Journeyman-Twonic---Alpha-Team/Twonic/Saved/Config/Windows/Engine.ini]
[2023.05.04-16.51.36:277][  0]LogConfig: Applying CVar settings from Section [ViewDistanceQuality@3] File [C:/Users/emmyt/OneDrive/Documents/GitHub/-Journeyman-Twonic---Alpha-Team/Twonic/Saved/Config/Windows/Scalability.ini]
[2023.05.04-16.51.36:277][  0]LogConfig: Setting CVar [[r.SkeletalMeshLODBias:0]]
[2023.05.04-16.51.36:277][  0]LogConfig: Setting CVar [[r.ViewDistanceScale:1.0]]
[2023.05.04-16.51.36:277][  0]LogConfig: Applying CVar settings from Section [AntiAliasingQuality@3] File [C:/Users/emmyt/OneDrive/Documents/GitHub/-Journeyman-Twonic---Alpha-Team/Twonic/Saved/Config/Windows/Scalability.ini]
[2023.05.04-16.51.36:277][  0]LogConfig: Setting CVar [[r.PostProcessAAQuality:4]]
[2023.05.04-16.51.36:277][  0]LogConfig: Applying CVar settings from Section [ShadowQuality@3] File [C:/Users/emmyt/OneDrive/Documents/GitHub/-Journeyman-Twonic---Alpha-Team/Twonic/Saved/Config/Windows/Scalability.ini]
[2023.05.04-16.51.36:277][  0]LogConfig: Setting CVar [[r.LightFunctionQuality:1]]
[2023.05.04-16.51.36:277][  0]LogConfig: Setting CVar [[r.ShadowQuality:5]]
[2023.05.04-16.51.36:277][  0]LogConfig: Setting CVar [[r.Shadow.CSM.MaxCascades:10]]
[2023.05.04-16.51.36:278][  0]LogConfig: Setting CVar [[r.Shadow.MaxResolution:2048]]
[2023.05.04-16.51.36:278][  0]LogConfig: Setting CVar [[r.Shadow.MaxCSMResolution:2048]]
[2023.05.04-16.51.36:278][  0]LogConfig: Setting CVar [[r.Shadow.RadiusThreshold:0.01]]
[2023.05.04-16.51.36:278][  0]LogConfig: Setting CVar [[r.Shadow.DistanceScale:1.0]]
[2023.05.04-16.51.36:278][  0]LogConfig: Setting CVar [[r.Shadow.CSM.TransitionScale:1.0]]
[2023.05.04-16.51.36:278][  0]LogConfig: Setting CVar [[r.Shadow.PreShadowResolutionFactor:1.0]]
[2023.05.04-16.51.36:278][  0]LogConfig: Setting CVar [[r.DistanceFieldShadowing:1]]
[2023.05.04-16.51.36:278][  0]LogConfig: Setting CVar [[r.DistanceFieldAO:1]]
[2023.05.04-16.51.36:278][  0]LogConfig: Setting CVar [[r.AOQuality:2]]
[2023.05.04-16.51.36:278][  0]LogConfig: Setting CVar [[r.VolumetricFog:1]]
[2023.05.04-16.51.36:278][  0]LogConfig: Setting CVar [[r.VolumetricFog.GridPixelSize:8]]
[2023.05.04-16.51.36:278][  0]LogConfig: Setting CVar [[r.VolumetricFog.GridSizeZ:128]]
[2023.05.04-16.51.36:278][  0]LogConfig: Setting CVar [[r.VolumetricFog.HistoryMissSupersampleCount:4]]
[2023.05.04-16.51.36:278][  0]LogConfig: Setting CVar [[r.LightMaxDrawDistanceScale:1]]
[2023.05.04-16.51.36:278][  0]LogConfig: Setting CVar [[r.CapsuleShadows:1]]
[2023.05.04-16.51.36:278][  0]LogConfig: Applying CVar settings from Section [PostProcessQuality@3] File [C:/Users/emmyt/OneDrive/Documents/GitHub/-Journeyman-Twonic---Alpha-Team/Twonic/Saved/Config/Windows/Scalability.ini]
[2023.05.04-16.51.36:278][  0]LogConfig: Setting CVar [[r.MotionBlurQuality:4]]
[2023.05.04-16.51.36:278][  0]LogConfig: Setting CVar [[r.AmbientOcclusionMipLevelFactor:0.4]]
[2023.05.04-16.51.36:278][  0]LogConfig: Setting CVar [[r.AmbientOcclusionMaxQuality:100]]
[2023.05.04-16.51.36:278][  0]LogConfig: Setting CVar [[r.AmbientOcclusionLevels:-1]]
[2023.05.04-16.51.36:278][  0]LogConfig: Setting CVar [[r.AmbientOcclusionRadiusScale:1.0]]
[2023.05.04-16.51.36:278][  0]LogConfig: Setting CVar [[r.DepthOfFieldQuality:2]]
[2023.05.04-16.51.36:278][  0]LogConfig: Setting CVar [[r.RenderTargetPoolMin:400]]
[2023.05.04-16.51.36:278][  0]LogConfig: Setting CVar [[r.LensFlareQuality:2]]
[2023.05.04-16.51.36:278][  0]LogConfig: Setting CVar [[r.SceneColorFringeQuality:1]]
[2023.05.04-16.51.36:278][  0]LogConfig: Setting CVar [[r.EyeAdaptationQuality:2]]
[2023.05.04-16.51.36:278][  0]LogConfig: Setting CVar [[r.BloomQuality:5]]
[2023.05.04-16.51.36:278][  0]LogConfig: Setting CVar [[r.FastBlurThreshold:100]]
[2023.05.04-16.51.36:278][  0]LogConfig: Setting CVar [[r.Upscale.Quality:3]]
[2023.05.04-16.51.36:278][  0]LogConfig: Setting CVar [[r.Tonemapper.GrainQuantization:1]]
[2023.05.04-16.51.36:278][  0]LogConfig: Setting CVar [[r.LightShaftQuality:1]]
[2023.05.04-16.51.36:278][  0]LogConfig: Setting CVar [[r.Filter.SizeScale:1]]
[2023.05.04-16.51.36:278][  0]LogConfig: Setting CVar [[r.Tonemapper.Quality:5]]
[2023.05.04-16.51.36:278][  0]LogConfig: Setting CVar [[r.DOF.Gather.AccumulatorQuality:1        ; higher gathering accumulator quality]]
[2023.05.04-16.51.36:278][  0]LogConfig: Setting CVar [[r.DOF.Gather.PostfilterMethod:1          ; Median3x3 postfilering method]]
[2023.05.04-16.51.36:278][  0]LogConfig: Setting CVar [[r.DOF.Gather.EnableBokehSettings:0       ; no bokeh simulation when gathering]]
[2023.05.04-16.51.36:278][  0]LogConfig: Setting CVar [[r.DOF.Gather.RingCount:4                 ; medium number of samples when gathering]]
[2023.05.04-16.51.36:278][  0]LogConfig: Setting CVar [[r.DOF.Scatter.ForegroundCompositing:1    ; additive foreground scattering]]
[2023.05.04-16.51.36:278][  0]LogConfig: Setting CVar [[r.DOF.Scatter.BackgroundCompositing:2    ; additive background scattering]]
[2023.05.04-16.51.36:278][  0]LogConfig: Setting CVar [[r.DOF.Scatter.EnableBokehSettings:1      ; bokeh simulation when scattering]]
[2023.05.04-16.51.36:278][  0]LogConfig: Setting CVar [[r.DOF.Scatter.MaxSpriteRatio:0.1         ; only a maximum of 10% of scattered bokeh]]
[2023.05.04-16.51.36:278][  0]LogConfig: Setting CVar [[r.DOF.Recombine.Quality:1                ; cheap slight out of focus]]
[2023.05.04-16.51.36:278][  0]LogConfig: Setting CVar [[r.DOF.Recombine.EnableBokehSettings:0    ; no bokeh simulation on slight out of focus]]
[2023.05.04-16.51.36:278][  0]LogConfig: Setting CVar [[r.DOF.TemporalAAQuality:1                ; more stable temporal accumulation]]
[2023.05.04-16.51.36:278][  0]LogConfig: Setting CVar [[r.DOF.Kernel.MaxForegroundRadius:0.025]]
[2023.05.04-16.51.36:278][  0]LogConfig: Setting CVar [[r.DOF.Kernel.MaxBackgroundRadius:0.025]]
[2023.05.04-16.51.36:278][  0]LogConfig: Applying CVar settings from Section [TextureQuality@3] File [C:/Users/emmyt/OneDrive/Documents/GitHub/-Journeyman-Twonic---Alpha-Team/Twonic/Saved/Config/Windows/Scalability.ini]
[2023.05.04-16.51.36:278][  0]LogConfig: Setting CVar [[r.Streaming.MipBias:0]]
[2023.05.04-16.51.36:278][  0]LogConfig: Setting CVar [[r.Streaming.AmortizeCPUToGPUCopy:0]]
[2023.05.04-16.51.36:278][  0]LogConfig: Setting CVar [[r.Streaming.MaxNumTexturesToStreamPerFrame:0]]
[2023.05.04-16.51.36:278][  0]LogConfig: Setting CVar [[r.Streaming.Boost:1]]
[2023.05.04-16.51.36:278][  0]LogConfig: Setting CVar [[r.MaxAnisotropy:8]]
[2023.05.04-16.51.36:278][  0]LogConfig: Setting CVar [[r.VT.MaxAnisotropy:8]]
[2023.05.04-16.51.36:278][  0]LogConfig: Setting CVar [[r.Streaming.LimitPoolSizeToVRAM:0]]
[2023.05.04-16.51.36:278][  0]LogConfig: Setting CVar [[r.Streaming.PoolSize:1000]]
[2023.05.04-16.51.36:278][  0]LogConfig: Setting CVar [[r.Streaming.MaxEffectiveScreenSize:0]]
[2023.05.04-16.51.36:278][  0]LogConfig: Applying CVar settings from Section [EffectsQuality@3] File [C:/Users/emmyt/OneDrive/Documents/GitHub/-Journeyman-Twonic---Alpha-Team/Twonic/Saved/Config/Windows/Scalability.ini]
[2023.05.04-16.51.36:278][  0]LogConfig: Setting CVar [[r.TranslucencyLightingVolumeDim:64]]
[2023.05.04-16.51.36:278][  0]LogConfig: Setting CVar [[r.RefractionQuality:2]]
[2023.05.04-16.51.36:278][  0]LogConfig: Setting CVar [[r.SSR.Quality:3]]
[2023.05.04-16.51.36:278][  0]LogConfig: Setting CVar [[r.SSR.HalfResSceneColor:0]]
[2023.05.04-16.51.36:278][  0]LogConfig: Setting CVar [[r.SceneColorFormat:4]]
[2023.05.04-16.51.36:278][  0]LogConfig: Setting CVar [[r.DetailMode:2]]
[2023.05.04-16.51.36:279][  0]LogConfig: Setting CVar [[r.TranslucencyVolumeBlur:1]]
[2023.05.04-16.51.36:279][  0]LogConfig: Setting CVar [[r.MaterialQualityLevel:1 ; High quality]]
[2023.05.04-16.51.36:279][  0]LogConfig: Setting CVar [[r.AnisotropicMaterials:1]]
[2023.05.04-16.51.36:279][  0]LogConfig: Setting CVar [[r.SSS.Scale:1]]
[2023.05.04-16.51.36:279][  0]LogConfig: Setting CVar [[r.SSS.SampleSet:2]]
[2023.05.04-16.51.36:279][  0]LogConfig: Setting CVar [[r.SSS.Quality:1]]
[2023.05.04-16.51.36:279][  0]LogConfig: Setting CVar [[r.SSS.HalfRes:0]]
[2023.05.04-16.51.36:279][  0]LogConfig: Setting CVar [[r.SSGI.Quality:3]]
[2023.05.04-16.51.36:279][  0]LogConfig: Setting CVar [[r.EmitterSpawnRateScale:1.0]]
[2023.05.04-16.51.36:279][  0]LogConfig: Setting CVar [[r.ParticleLightQuality:2]]
[2023.05.04-16.51.36:279][  0]LogConfig: Setting CVar [[r.SkyAtmosphere.AerialPerspectiveLUT.FastApplyOnOpaque:1 ; Always have FastSkyLUT 1 in this case to avoid wrong sky]]
[2023.05.04-16.51.36:279][  0]LogConfig: Setting CVar [[r.SkyAtmosphere.AerialPerspectiveLUT.SampleCountMaxPerSlice:4]]
[2023.05.04-16.51.36:279][  0]LogConfig: Setting CVar [[r.SkyAtmosphere.AerialPerspectiveLUT.DepthResolution:16.0]]
[2023.05.04-16.51.36:279][  0]LogConfig: Setting CVar [[r.SkyAtmosphere.FastSkyLUT:1]]
[2023.05.04-16.51.36:279][  0]LogConfig: Setting CVar [[r.SkyAtmosphere.FastSkyLUT.SampleCountMin:4.0]]
[2023.05.04-16.51.36:279][  0]LogConfig: Setting CVar [[r.SkyAtmosphere.FastSkyLUT.SampleCountMax:128.0]]
[2023.05.04-16.51.36:279][  0]LogConfig: Setting CVar [[r.SkyAtmosphere.SampleCountMin:4.0]]
[2023.05.04-16.51.36:279][  0]LogConfig: Setting CVar [[r.SkyAtmosphere.SampleCountMax:128.0]]
[2023.05.04-16.51.36:279][  0]LogConfig: Setting CVar [[r.SkyAtmosphere.TransmittanceLUT.UseSmallFormat:0]]
[2023.05.04-16.51.36:279][  0]LogConfig: Setting CVar [[r.SkyAtmosphere.TransmittanceLUT.SampleCount:10.0]]
[2023.05.04-16.51.36:279][  0]LogConfig: Setting CVar [[r.SkyAtmosphere.MultiScatteringLUT.SampleCount:15.0]]
[2023.05.04-16.51.36:279][  0]LogConfig: Setting CVar [[r.SkyLight.RealTimeReflectionCapture:1]]
[2023.05.04-16.51.36:279][  0]LogConfig: Applying CVar settings from Section [FoliageQuality@3] File [C:/Users/emmyt/OneDrive/Documents/GitHub/-Journeyman-Twonic---Alpha-Team/Twonic/Saved/Config/Windows/Scalability.ini]
[2023.05.04-16.51.36:279][  0]LogConfig: Setting CVar [[foliage.DensityScale:1.0]]
[2023.05.04-16.51.36:279][  0]LogConfig: Setting CVar [[grass.DensityScale:1.0]]
[2023.05.04-16.51.36:279][  0]LogConfig: Applying CVar settings from Section [ShadingQuality@3] File [C:/Users/emmyt/OneDrive/Documents/GitHub/-Journeyman-Twonic---Alpha-Team/Twonic/Saved/Config/Windows/Scalability.ini]
[2023.05.04-16.51.36:279][  0]LogConfig: Setting CVar [[r.HairStrands.SkyLighting.IntegrationType:2]]
[2023.05.04-16.51.36:279][  0]LogConfig: Setting CVar [[r.HairStrands.SkyAO.SampleCount:4]]
[2023.05.04-16.51.36:279][  0]LogConfig: Setting CVar [[r.HairStrands.Visibility.MSAA.SamplePerPixel:4]]
[2023.05.04-16.51.36:302][  0]LogInit: Selected Device Profile: [Windows]
[2023.05.04-16.51.36:302][  0]LogInit: Applying CVar settings loaded from the selected device profile: [Windows]
[2023.05.04-16.51.36:302][  0]LogHAL: Display: Platform has ~ 8 GB [8464343040 / 8589934592 / 8], which maps to Default [LargestMinGB=32, LargerMinGB=12, DefaultMinGB=8, SmallerMinGB=6, SmallestMinGB=0)
[2023.05.04-16.51.36:302][  0]LogInit: Going up to parent DeviceProfile []
[2023.05.04-16.51.36:302][  0]LogConfig: Applying CVar settings from Section [ViewDistanceQuality@3] File [C:/Users/emmyt/OneDrive/Documents/GitHub/-Journeyman-Twonic---Alpha-Team/Twonic/Saved/Config/Windows/Scalability.ini]
[2023.05.04-16.51.36:303][  0]LogConfig: Setting CVar [[r.SkeletalMeshLODBias:0]]
[2023.05.04-16.51.36:303][  0]LogConfig: Setting CVar [[r.ViewDistanceScale:1.0]]
[2023.05.04-16.51.36:303][  0]LogConfig: Applying CVar settings from Section [AntiAliasingQuality@3] File [C:/Users/emmyt/OneDrive/Documents/GitHub/-Journeyman-Twonic---Alpha-Team/Twonic/Saved/Config/Windows/Scalability.ini]
[2023.05.04-16.51.36:303][  0]LogConfig: Setting CVar [[r.PostProcessAAQuality:4]]
[2023.05.04-16.51.36:303][  0]LogConfig: Applying CVar settings from Section [ShadowQuality@3] File [C:/Users/emmyt/OneDrive/Documents/GitHub/-Journeyman-Twonic---Alpha-Team/Twonic/Saved/Config/Windows/Scalability.ini]
[2023.05.04-16.51.36:303][  0]LogConfig: Setting CVar [[r.LightFunctionQuality:1]]
[2023.05.04-16.51.36:303][  0]LogConfig: Setting CVar [[r.ShadowQuality:5]]
[2023.05.04-16.51.36:303][  0]LogConfig: Setting CVar [[r.Shadow.CSM.MaxCascades:10]]
[2023.05.04-16.51.36:303][  0]LogConfig: Setting CVar [[r.Shadow.MaxResolution:2048]]
[2023.05.04-16.51.36:303][  0]LogConfig: Setting CVar [[r.Shadow.MaxCSMResolution:2048]]
[2023.05.04-16.51.36:303][  0]LogConfig: Setting CVar [[r.Shadow.RadiusThreshold:0.01]]
[2023.05.04-16.51.36:303][  0]LogConfig: Setting CVar [[r.Shadow.DistanceScale:1.0]]
[2023.05.04-16.51.36:303][  0]LogConfig: Setting CVar [[r.Shadow.CSM.TransitionScale:1.0]]
[2023.05.04-16.51.36:303][  0]LogConfig: Setting CVar [[r.Shadow.PreShadowResolutionFactor:1.0]]
[2023.05.04-16.51.36:303][  0]LogConfig: Setting CVar [[r.DistanceFieldShadowing:1]]
[2023.05.04-16.51.36:303][  0]LogConfig: Setting CVar [[r.DistanceFieldAO:1]]
[2023.05.04-16.51.36:303][  0]LogConfig: Setting CVar [[r.AOQuality:2]]
[2023.05.04-16.51.36:303][  0]LogConfig: Setting CVar [[r.VolumetricFog:1]]
[2023.05.04-16.51.36:303][  0]LogConfig: Setting CVar [[r.VolumetricFog.GridPixelSize:8]]
[2023.05.04-16.51.36:303][  0]LogConfig: Setting CVar [[r.VolumetricFog.GridSizeZ:128]]
[2023.05.04-16.51.36:303][  0]LogConfig: Setting CVar [[r.VolumetricFog.HistoryMissSupersampleCount:4]]
[2023.05.04-16.51.36:303][  0]LogConfig: Setting CVar [[r.LightMaxDrawDistanceScale:1]]
[2023.05.04-16.51.36:303][  0]LogConfig: Setting CVar [[r.CapsuleShadows:1]]
[2023.05.04-16.51.36:303][  0]LogConfig: Applying CVar settings from Section [PostProcessQuality@3] File [C:/Users/emmyt/OneDrive/Documents/GitHub/-Journeyman-Twonic---Alpha-Team/Twonic/Saved/Config/Windows/Scalability.ini]
[2023.05.04-16.51.36:303][  0]LogConfig: Setting CVar [[r.MotionBlurQuality:4]]
[2023.05.04-16.51.36:303][  0]LogConfig: Setting CVar [[r.AmbientOcclusionMipLevelFactor:0.4]]
[2023.05.04-16.51.36:303][  0]LogConfig: Setting CVar [[r.AmbientOcclusionMaxQuality:100]]
[2023.05.04-16.51.36:303][  0]LogConfig: Setting CVar [[r.AmbientOcclusionLevels:-1]]
[2023.05.04-16.51.36:303][  0]LogConfig: Setting CVar [[r.AmbientOcclusionRadiusScale:1.0]]
[2023.05.04-16.51.36:303][  0]LogConfig: Setting CVar [[r.DepthOfFieldQuality:2]]
[2023.05.04-16.51.36:303][  0]LogConfig: Setting CVar [[r.RenderTargetPoolMin:400]]
[2023.05.04-16.51.36:303][  0]LogConfig: Setting CVar [[r.LensFlareQuality:2]]
[2023.05.04-16.51.36:303][  0]LogConfig: Setting CVar [[r.SceneColorFringeQuality:1]]
[2023.05.04-16.51.36:303][  0]LogConfig: Setting CVar [[r.EyeAdaptationQuality:2]]
[2023.05.04-16.51.36:303][  0]LogConfig: Setting CVar [[r.BloomQuality:5]]
[2023.05.04-16.51.36:303][  0]LogConfig: Setting CVar [[r.FastBlurThreshold:100]]
[2023.05.04-16.51.36:303][  0]LogConfig: Setting CVar [[r.Upscale.Quality:3]]
[2023.05.04-16.51.36:303][  0]LogConfig: Setting CVar [[r.Tonemapper.GrainQuantization:1]]
[2023.05.04-16.51.36:303][  0]LogConfig: Setting CVar [[r.LightShaftQuality:1]]
[2023.05.04-16.51.36:303][  0]LogConfig: Setting CVar [[r.Filter.SizeScale:1]]
[2023.05.04-16.51.36:304][  0]LogConfig: Setting CVar [[r.Tonemapper.Quality:5]]
[2023.05.04-16.51.36:304][  0]LogConfig: Setting CVar [[r.DOF.Gather.AccumulatorQuality:1        ; higher gathering accumulator quality]]
[2023.05.04-16.51.36:304][  0]LogConfig: Setting CVar [[r.DOF.Gather.PostfilterMethod:1          ; Median3x3 postfilering method]]
[2023.05.04-16.51.36:304][  0]LogConfig: Setting CVar [[r.DOF.Gather.EnableBokehSettings:0       ; no bokeh simulation when gathering]]
[2023.05.04-16.51.36:304][  0]LogConfig: Setting CVar [[r.DOF.Gather.RingCount:4                 ; medium number of samples when gathering]]
[2023.05.04-16.51.36:304][  0]LogConfig: Setting CVar [[r.DOF.Scatter.ForegroundCompositing:1    ; additive foreground scattering]]
[2023.05.04-16.51.36:304][  0]LogConfig: Setting CVar [[r.DOF.Scatter.BackgroundCompositing:2    ; additive background scattering]]
[2023.05.04-16.51.36:304][  0]LogConfig: Setting CVar [[r.DOF.Scatter.EnableBokehSettings:1      ; bokeh simulation when scattering]]
[2023.05.04-16.51.36:304][  0]LogConfig: Setting CVar [[r.DOF.Scatter.MaxSpriteRatio:0.1         ; only a maximum of 10% of scattered bokeh]]
[2023.05.04-16.51.36:304][  0]LogConfig: Setting CVar [[r.DOF.Recombine.Quality:1                ; cheap slight out of focus]]
[2023.05.04-16.51.36:304][  0]LogConfig: Setting CVar [[r.DOF.Recombine.EnableBokehSettings:0    ; no bokeh simulation on slight out of focus]]
[2023.05.04-16.51.36:304][  0]LogConfig: Setting CVar [[r.DOF.TemporalAAQuality:1                ; more stable temporal accumulation]]
[2023.05.04-16.51.36:304][  0]LogConfig: Setting CVar [[r.DOF.Kernel.MaxForegroundRadius:0.025]]
[2023.05.04-16.51.36:304][  0]LogConfig: Setting CVar [[r.DOF.Kernel.MaxBackgroundRadius:0.025]]
[2023.05.04-16.51.36:304][  0]LogConfig: Applying CVar settings from Section [TextureQuality@3] File [C:/Users/emmyt/OneDrive/Documents/GitHub/-Journeyman-Twonic---Alpha-Team/Twonic/Saved/Config/Windows/Scalability.ini]
[2023.05.04-16.51.36:304][  0]LogConfig: Setting CVar [[r.Streaming.MipBias:0]]
[2023.05.04-16.51.36:304][  0]LogConfig: Setting CVar [[r.Streaming.AmortizeCPUToGPUCopy:0]]
[2023.05.04-16.51.36:304][  0]LogConfig: Setting CVar [[r.Streaming.MaxNumTexturesToStreamPerFrame:0]]
[2023.05.04-16.51.36:304][  0]LogConfig: Setting CVar [[r.Streaming.Boost:1]]
[2023.05.04-16.51.36:304][  0]LogConfig: Setting CVar [[r.MaxAnisotropy:8]]
[2023.05.04-16.51.36:304][  0]LogConfig: Setting CVar [[r.VT.MaxAnisotropy:8]]
[2023.05.04-16.51.36:304][  0]LogConfig: Setting CVar [[r.Streaming.LimitPoolSizeToVRAM:0]]
[2023.05.04-16.51.36:304][  0]LogConfig: Setting CVar [[r.Streaming.PoolSize:1000]]
[2023.05.04-16.51.36:304][  0]LogConfig: Setting CVar [[r.Streaming.MaxEffectiveScreenSize:0]]
[2023.05.04-16.51.36:304][  0]LogConfig: Applying CVar settings from Section [EffectsQuality@3] File [C:/Users/emmyt/OneDrive/Documents/GitHub/-Journeyman-Twonic---Alpha-Team/Twonic/Saved/Config/Windows/Scalability.ini]
[2023.05.04-16.51.36:304][  0]LogConfig: Setting CVar [[r.TranslucencyLightingVolumeDim:64]]
[2023.05.04-16.51.36:304][  0]LogConfig: Setting CVar [[r.RefractionQuality:2]]
[2023.05.04-16.51.36:304][  0]LogConfig: Setting CVar [[r.SSR.Quality:3]]
[2023.05.04-16.51.36:304][  0]LogConfig: Setting CVar [[r.SSR.HalfResSceneColor:0]]
[2023.05.04-16.51.36:304][  0]LogConfig: Setting CVar [[r.SceneColorFormat:4]]
[2023.05.04-16.51.36:304][  0]LogConfig: Setting CVar [[r.DetailMode:2]]
[2023.05.04-16.51.36:304][  0]LogConfig: Setting CVar [[r.TranslucencyVolumeBlur:1]]
[2023.05.04-16.51.36:304][  0]LogConfig: Setting CVar [[r.MaterialQualityLevel:1 ; High quality]]
[2023.05.04-16.51.36:304][  0]LogConfig: Setting CVar [[r.AnisotropicMaterials:1]]
[2023.05.04-16.51.36:304][  0]LogConfig: Setting CVar [[r.SSS.Scale:1]]
[2023.05.04-16.51.36:304][  0]LogConfig: Setting CVar [[r.SSS.SampleSet:2]]
[2023.05.04-16.51.36:304][  0]LogConfig: Setting CVar [[r.SSS.Quality:1]]
[2023.05.04-16.51.36:304][  0]LogConfig: Setting CVar [[r.SSS.HalfRes:0]]
[2023.05.04-16.51.36:304][  0]LogConfig: Setting CVar [[r.SSGI.Quality:3]]
[2023.05.04-16.51.36:304][  0]LogConfig: Setting CVar [[r.EmitterSpawnRateScale:1.0]]
[2023.05.04-16.51.36:304][  0]LogConfig: Setting CVar [[r.ParticleLightQuality:2]]
[2023.05.04-16.51.36:304][  0]LogConfig: Setting CVar [[r.SkyAtmosphere.AerialPerspectiveLUT.FastApplyOnOpaque:1 ; Always have FastSkyLUT 1 in this case to avoid wrong sky]]
[2023.05.04-16.51.36:305][  0]LogConfig: Setting CVar [[r.SkyAtmosphere.AerialPerspectiveLUT.SampleCountMaxPerSlice:4]]
[2023.05.04-16.51.36:305][  0]LogConfig: Setting CVar [[r.SkyAtmosphere.AerialPerspectiveLUT.DepthResolution:16.0]]
[2023.05.04-16.51.36:305][  0]LogConfig: Setting CVar [[r.SkyAtmosphere.FastSkyLUT:1]]
[2023.05.04-16.51.36:305][  0]LogConfig: Setting CVar [[r.SkyAtmosphere.FastSkyLUT.SampleCountMin:4.0]]
[2023.05.04-16.51.36:305][  0]LogConfig: Setting CVar [[r.SkyAtmosphere.FastSkyLUT.SampleCountMax:128.0]]
[2023.05.04-16.51.36:305][  0]LogConfig: Setting CVar [[r.SkyAtmosphere.SampleCountMin:4.0]]
[2023.05.04-16.51.36:305][  0]LogConfig: Setting CVar [[r.SkyAtmosphere.SampleCountMax:128.0]]
[2023.05.04-16.51.36:305][  0]LogConfig: Setting CVar [[r.SkyAtmosphere.TransmittanceLUT.UseSmallFormat:0]]
[2023.05.04-16.51.36:305][  0]LogConfig: Setting CVar [[r.SkyAtmosphere.TransmittanceLUT.SampleCount:10.0]]
[2023.05.04-16.51.36:305][  0]LogConfig: Setting CVar [[r.SkyAtmosphere.MultiScatteringLUT.SampleCount:15.0]]
[2023.05.04-16.51.36:305][  0]LogConfig: Setting CVar [[r.SkyLight.RealTimeReflectionCapture:1]]
[2023.05.04-16.51.36:305][  0]LogConfig: Applying CVar settings from Section [FoliageQuality@3] File [C:/Users/emmyt/OneDrive/Documents/GitHub/-Journeyman-Twonic---Alpha-Team/Twonic/Saved/Config/Windows/Scalability.ini]
[2023.05.04-16.51.36:305][  0]LogConfig: Setting CVar [[foliage.DensityScale:1.0]]
[2023.05.04-16.51.36:305][  0]LogConfig: Setting CVar [[grass.DensityScale:1.0]]
[2023.05.04-16.51.36:305][  0]LogConfig: Applying CVar settings from Section [ShadingQuality@3] File [C:/Users/emmyt/OneDrive/Documents/GitHub/-Journeyman-Twonic---Alpha-Team/Twonic/Saved/Config/Windows/Scalability.ini]
[2023.05.04-16.51.36:305][  0]LogConfig: Setting CVar [[r.HairStrands.SkyLighting.IntegrationType:2]]
[2023.05.04-16.51.36:305][  0]LogConfig: Setting CVar [[r.HairStrands.SkyAO.SampleCount:4]]
[2023.05.04-16.51.36:305][  0]LogConfig: Setting CVar [[r.HairStrands.Visibility.MSAA.SamplePerPixel:4]]
[2023.05.04-16.51.36:305][  0]LogConfig: Applying CVar settings from Section [Startup] File [../../../Engine/Config/ConsoleVariables.ini]
[2023.05.04-16.51.36:317][  0]LogConfig: Setting CVar [[net.UseAdaptiveNetUpdateFrequency:0]]
[2023.05.04-16.51.36:317][  0]LogConfig: Setting CVar [[p.chaos.AllowCreatePhysxBodies:1]]
[2023.05.04-16.51.36:317][  0]LogConfig: Setting CVar [[fx.SkipVectorVMBackendOptimizations:1]]
[2023.05.04-16.51.36:317][  0]LogConfig: Applying CVar settings from Section [ConsoleVariables] File [C:/Users/emmyt/OneDrive/Documents/GitHub/-Journeyman-Twonic---Alpha-Team/Twonic/Saved/Config/Windows/Engine.ini]
[2023.05.04-16.51.36:318][  0]LogConfig: Applying CVar settings from Section [ConsoleVariables] File [C:/Users/emmyt/OneDrive/Documents/GitHub/-Journeyman-Twonic---Alpha-Team/Twonic/Saved/Config/Windows/Editor.ini]
[2023.05.04-16.51.36:318][  0]LogInit: Computer: LAPTOP-OVB59CM9
[2023.05.04-16.51.36:318][  0]LogInit: User: emmyt
[2023.05.04-16.51.36:318][  0]LogInit: CPU Page size=4096, Cores=4
[2023.05.04-16.51.36:318][  0]LogInit: High frequency timer resolution =10.000000 MHz
[2023.05.04-16.51.36:318][  0]LogMemory: Memory total: Physical=7.9GB (8GB approx)
[2023.05.04-16.51.36:318][  0]LogMemory: Platform Memory Stats for Windows
[2023.05.04-16.51.36:318][  0]LogMemory: Process Physical Memory: 141.84 MB used, 141.84 MB peak
[2023.05.04-16.51.36:318][  0]LogMemory: Process Virtual Memory: 114.54 MB used, 114.54 MB peak
[2023.05.04-16.51.36:318][  0]LogMemory: Physical Memory: 6581.14 MB used,  1491.08 MB free, 8072.23 MB total
[2023.05.04-16.51.36:318][  0]LogMemory: Virtual Memory: 134213208.00 MB used,  4519.61 MB free, 134217728.00 MB total
[2023.05.04-16.51.36:337][  0]LogWindows: WindowsPlatformFeatures enabled
[2023.05.04-16.51.36:697][  0]LogInit: Physics initialised using underlying interface: PhysX
[2023.05.04-16.51.36:697][  0]LogInit: Using OS detected language (en-GB).
[2023.05.04-16.51.36:697][  0]LogInit: Using OS detected locale (en-GB).
[2023.05.04-16.51.36:735][  0]LogTextLocalizationManager: No specific localization for 'en-GB' exists, so the 'en' localization will be used.
[2023.05.04-16.51.39:217][  0]LogTargetPlatformManager: Display: Loaded TargetPlatform 'AllDesktop'
[2023.05.04-16.51.39:276][  0]LogTargetPlatformManager: Display: Loaded TargetPlatform 'Android'
[2023.05.04-16.51.39:276][  0]LogTargetPlatformManager: Display: Loaded TargetPlatform 'Android_ASTC'
[2023.05.04-16.51.39:276][  0]LogTargetPlatformManager: Display: Loaded TargetPlatform 'Android_DXT'
[2023.05.04-16.51.39:276][  0]LogTargetPlatformManager: Display: Loaded TargetPlatform 'Android_ETC2'
[2023.05.04-16.51.39:276][  0]LogTargetPlatformManager: Display: Loaded TargetPlatform 'AndroidClient'
[2023.05.04-16.51.39:276][  0]LogTargetPlatformManager: Display: Loaded TargetPlatform 'Android_ASTCClient'
[2023.05.04-16.51.39:276][  0]LogTargetPlatformManager: Display: Loaded TargetPlatform 'Android_DXTClient'
[2023.05.04-16.51.39:276][  0]LogTargetPlatformManager: Display: Loaded TargetPlatform 'Android_ETC2Client'
[2023.05.04-16.51.39:276][  0]LogTargetPlatformManager: Display: Loaded TargetPlatform 'Android_Multi'
[2023.05.04-16.51.39:276][  0]LogTargetPlatformManager: Display: Loaded TargetPlatform 'Android_MultiClient'
[2023.05.04-16.51.39:387][  0]LogTargetPlatformManager: Display: Loaded TargetPlatform 'IOSClient'
[2023.05.04-16.51.39:387][  0]LogTargetPlatformManager: Display: Loaded TargetPlatform 'IOS'
[2023.05.04-16.51.39:430][  0]LogTargetPlatformManager: Display: Loaded TargetPlatform 'Linux'
[2023.05.04-16.51.39:456][  0]LogTargetPlatformManager: Display: Loaded TargetPlatform 'LinuxNoEditor'
[2023.05.04-16.51.39:470][  0]LogTargetPlatformManager: Display: Loaded TargetPlatform 'LinuxClient'
[2023.05.04-16.51.39:479][  0]LogTargetPlatformManager: Display: Loaded TargetPlatform 'LinuxServer'
[2023.05.04-16.51.39:500][  0]LogTargetPlatformManager: Display: Loaded TargetPlatform 'LinuxAArch64NoEditor'
[2023.05.04-16.51.39:507][  0]LogTargetPlatformManager: Display: Loaded TargetPlatform 'LinuxAArch64Client'
[2023.05.04-16.51.39:514][  0]LogTargetPlatformManager: Display: Loaded TargetPlatform 'LinuxAArch64Server'
[2023.05.04-16.51.39:579][  0]LogTargetPlatformManager: Display: Loaded TargetPlatform 'Lumin'
[2023.05.04-16.51.39:579][  0]LogTargetPlatformManager: Display: Loaded TargetPlatform 'LuminClient'
[2023.05.04-16.51.39:618][  0]LogTargetPlatformManager: Display: Loaded TargetPlatform 'MacNoEditor'
[2023.05.04-16.51.39:624][  0]LogTargetPlatformManager: Display: Loaded TargetPlatform 'Mac'
[2023.05.04-16.51.39:645][  0]LogTargetPlatformManager: Display: Loaded TargetPlatform 'MacClient'
[2023.05.04-16.51.39:650][  0]LogTargetPlatformManager: Display: Loaded TargetPlatform 'MacServer'
[2023.05.04-16.51.39:667][  0]LogTargetPlatformManager: Display: Loaded TargetPlatform 'TVOSClient'
[2023.05.04-16.51.39:667][  0]LogTargetPlatformManager: Display: Loaded TargetPlatform 'TVOS'
[2023.05.04-16.51.39:714][  0]LogTargetPlatformManager: Display: Loaded TargetPlatform 'WindowsNoEditor'
[2023.05.04-16.51.39:741][  0]LogTargetPlatformManager: Display: Loaded TargetPlatform 'Windows'
[2023.05.04-16.51.39:761][  0]LogTargetPlatformManager: Display: Loaded TargetPlatform 'WindowsClient'
[2023.05.04-16.51.39:775][  0]LogTargetPlatformManager: Display: Loaded TargetPlatform 'WindowsServer'
[2023.05.04-16.51.39:775][  0]LogTargetPlatformManager: Display: Building Assets For Windows
[2023.05.04-16.51.39:884][  0]LogAudioDebug: Display: Lib vorbis DLL was dynamically loaded.
[2023.05.04-16.51.40:165][  0]LogTextureFormatOodle: Display: Oodle Texture 2.9.0 init RDO Off
[2023.05.04-16.51.40:532][  0]LogRendererCore: Ray tracing is disabled. Reason: r.RayTracing=0.
[2023.05.04-16.51.40:532][  0]LogShaderCompilers: Guid format shader working directory is -34 characters bigger than the processId version (C:/Users/emmyt/OneDrive/Documents/GitHub/-Journeyman-Twonic---Alpha-Team/Twonic/Intermediate/Shaders/WorkingDirectory/21036/).
[2023.05.04-16.51.40:533][  0]LogShaderCompilers: Cleaned the shader compiler working directory 'C:/Users/emmyt/AppData/Local/Temp/UnrealShaderWorkingDir/29BCD0A74E95F583494275A8C3F2F255/'.
[2023.05.04-16.51.40:533][  0]LogXGEController: Cannot use XGE Controller as Incredibuild is not installed on this machine.
[2023.05.04-16.51.40:533][  0]LogShaderCompilers: Cannot use XGE Shader Compiler as Incredibuild is not installed on this machine.
[2023.05.04-16.51.40:534][  0]LogShaderCompilers: Display: Using Local Shader Compiler.
[2023.05.04-16.51.42:248][  0]LogDerivedDataCache: Display: Max Cache Size: 512 MB
[2023.05.04-16.51.42:313][  0]LogDerivedDataCache: Loaded boot cache 0.06s 15MB C:/Users/emmyt/AppData/Local/UnrealEngine/4.27/DerivedDataCache/Boot.ddc.
[2023.05.04-16.51.42:313][  0]LogDerivedDataCache: Display: Loaded Boot cache: C:/Users/emmyt/AppData/Local/UnrealEngine/4.27/DerivedDataCache/Boot.ddc
[2023.05.04-16.51.42:313][  0]LogDerivedDataCache: FDerivedDataBackendGraph:  Pak pak cache file C:/Users/emmyt/OneDrive/Documents/GitHub/-Journeyman-Twonic---Alpha-Team/Twonic/DerivedDataCache/DDC.ddp not found, will not use a pak cache.
[2023.05.04-16.51.42:313][  0]LogDerivedDataCache: Unable to find inner node Pak for hierarchical cache Hierarchy.
[2023.05.04-16.51.42:313][  0]LogDerivedDataCache: FDerivedDataBackendGraph:  CompressedPak pak cache file C:/Users/emmyt/OneDrive/Documents/GitHub/-Journeyman-Twonic---Alpha-Team/Twonic/DerivedDataCache/Compressed.ddp not found, will not use a pak cache.
[2023.05.04-16.51.42:313][  0]LogDerivedDataCache: Unable to find inner node CompressedPak for hierarchical cache Hierarchy.
[2023.05.04-16.51.42:357][  0]LogDerivedDataCache: Display: Pak cache opened for reading ../../../Engine/DerivedDataCache/Compressed.ddp.
[2023.05.04-16.51.42:357][  0]LogDerivedDataCache: FDerivedDataBackendGraph:  EnterprisePak pak cache file ../../../Enterprise/DerivedDataCache/Compressed.ddp not found, will not use a pak cache.
[2023.05.04-16.51.42:357][  0]LogDerivedDataCache: Unable to find inner node EnterprisePak for hierarchical cache Hierarchy.
[2023.05.04-16.51.42:394][  0]LogDerivedDataCache: Speed tests for C:/Users/emmyt/AppData/Local/UnrealEngine/Common/DerivedDataCache took 0.04 seconds
[2023.05.04-16.51.42:395][  0]LogDerivedDataCache: Display: Performance to C:/Users/emmyt/AppData/Local/UnrealEngine/Common/DerivedDataCache: Latency=0.05ms. RandomReadSpeed=36.67MBs, RandomWriteSpeed=80.03MBs. Assigned SpeedClass 'Local'
[2023.05.04-16.51.42:396][  0]LogDerivedDataCache: Using Local data cache path C:/Users/emmyt/AppData/Local/UnrealEngine/Common/DerivedDataCache: Writable
[2023.05.04-16.51.42:396][  0]LogDerivedDataCache: Shared data cache path not found in *engine.ini, will not use an Shared cache.
[2023.05.04-16.51.42:396][  0]LogDerivedDataCache: Unable to find inner node Shared for hierarchical cache Hierarchy.
[2023.05.04-16.51.42:452][  0]LogAssetRegistry: FAssetRegistry took 0.0036 seconds to start up
[2023.05.04-16.51.42:847][  0]LogInit: Selected Device Profile: [Windows]
[2023.05.04-16.51.42:847][  0]LogInit: Active device profile: [0000017C0B481000][0000017C0A2D9B00 49] Windows
[2023.05.04-16.51.42:847][  0]LogInit: Profiles: [0000017C0B481000][0000017C0A2D9B00 49] Windows, [0000017C0B452C00][0000017C7A448100 49] WindowsNoEditor, [0000017C0B482000][0000017C7A44C280 49] WindowsServer, [0000017C0B450900][0000017C7A450400 49] WindowsClient, [0000017C0B481200][0000017C7A454580 49] IOS, [0000017C0B451700][0000017C7A458700 49] iPadAir, [0000017C0B483500][0000017C08C9E880 49] iPadAir2, [0000017C0B3F9300][0000017C08CACB40 49] IPadPro, [0000017C0B3F9400][0000017C08CA2B80 49] iPadAir3, [0000017C0B450B00][0000017C08CB6D00 49] iPadAir4, [0000017C0B3FA100][0000017C08CBAE80 49] iPadMini2, [0000017C0B453800][0000017C08CBF000 49] iPadMini3, [0000017C0B3FAC00][0000017C08CC3180 49] iPadMini4, [0000017C0B452500][0000017C08CC7300 49] iPadMini5, [0000017C0B438F00][0000017C08CCB540 49] iPhone6, [0000017C0B439000][0000017C0A2DD580 49] iPodTouch6, [0000017C0B483800][0000017C08CD37C0 49] iPhone7, [0000017C0B482900][0000017C08CCF800 49] iPodTouch7, [0000017C0B3F9B00][0000017C0C2F5980 49] iPhone5S, [0000017C0B481400][0000017C0C2F9B00 49] iPhone6Plus, [0000017C0B480700][0000017C0C2FC100 49] iPhone6S, [0000017C0B438900][0000017C0C300280 49] iPhone6SPlus, [0000017C0B481500][0000017C0C304400 49] iPhone7Plus, [0000017C0B483100][0000017C0C308580 49] iPhoneSE, [0000017C0B483700][0000017C0C30C700 49] iPhone8, [0000017C0B439700][0000017C0C310880 49] iPhone8Plus, [0000017C0B3FBB00][0000017C0C314A00 49] iPhoneX, [0000017C0B43BF00][0000017C0C318B80 49] iPhoneXS, [0000017C0B3FB200][0000017C0C31CD00 49] iPhoneXSMax, [0000017C0B43B800][0000017C0C320E80 49] iPhoneXR, [0000017C0B3F9200][0000017C0C325000 49] iPhone11, [0000017C0B439F00][0000017C0C329180 49] iPhone11Pro, [0000017C0B3FA500][0000017C0C32D300 49] iPhone11ProMax, [0000017C0B43B000][0000017C0C331480 49] iPhoneSE2, [0000017C0B3F8100][0000017C0C2F15C0 49] iPhone12Mini, [0000017C0B43A300][0000017C0C335700 49] iPhone12, [0000017C0B3FBC00][0000017C0C339840 49] iPhone12Pro, [0000017C0B438500][0000017C0C33D980 49] iPhone12ProMax, [0000017C0B3F9700][0000017C0C345B00 49] iPadPro105, [0000017C0B439300][0000017C0C348100 49] iPadPro129, [0000017C0B3FAF00][0000017C0C34C280 49] iPadPro97, [0000017C0B439200][0000017C0C350400 49] iPadPro2_129, [0000017C0B3FB500][0000017C0C354580 49] iPad5, [0000017C0B438C00][0000017C0C358700 49] iPad6, [0000017C0B3F9C00][0000017C0C35C880 49] iPad7, [0000017C0B43A500][0000017C0C360A00 49] iPad8, [0000017C0B3FA600][0000017C0C364B80 49] iPadPro11, [0000017C0B438200][0000017C0C368D00 49] iPadPro2_11, [0000017C0B3F9800][0000017C0C36CE80 49] iPadPro3_129, [0000017C0B43A600][0000017C0C371000 49] iPadPro4_129, [0000017C0B3FA700][0000017C0C375180 49] AppleTV, [0000017C0B43A000][0000017C0C379300 49] AppleTV4K, [0000017C0B3FBF00][0000017C0C37D480 49] TVOS, [0000017C0B439600][0000017C0C381600 49] Mac, [0000017C0B3FA300][0000017C0C385780 49] MacClient, [0000017C0B438400][0000017C0C3418C0 49] MacNoEditor, [0000017C0B3FAE00][0000017C0C389A00 49] MacServer, [0000017C0B439B00][0000017C0C38DB40 49] Linux, [0000017C0B3F9900][0000017C0C394140 49] LinuxAArch64, [0000017C0B43BE00][0000017C0C3982C0 49] LinuxNoEditor, [0000017C0B3F9F00][0000017C0C39C440 49] LinuxAArch64NoEditor, [0000017C0B43BC00][0000017C0C3A05C0 49] LinuxClient, [0000017C0B3F8400][0000017C0C3A4740 49] LinuxAArch64Client, [0000017C0B43A200][0000017C0C3A88C0 49] LinuxServer, [0000017C0B3FBD00][0000017C0C3ACA40 49] LinuxAArch64Server, [0000017C0B438A00][0000017C0C3B0BC0 49] Android, [0000017C0B3F9A00][0000017C0C3B4D40 49] Android_Low, [0000017C0B43BA00][0000017C0C3B8EC0 49] Android_Mid, [0000017C0B3FB300][0000017C0C3BD040 49] Android_High, [0000017C0B43B900][0000017C0C3C11C0 49] Android_Default, [0000017C0B3F9E00][0000017C0C3C5340 49] Android_Adreno4xx, [0000017C0B439500][0000017C0C3C94C0 49] Android_Adreno5xx_Low, [0000017C0B3FAA00][0000017C0C3CD640 49] Android_Adreno5xx, [0000017C0B43B700][0000017C0C3D17C0 49] Android_Adreno6xx, [0000017C0B3FB600][0000017C0C3D5940 49] Android_Adreno6xx_Vulkan, [0000017C0B438B00][0000017C0C391A80 49] Android_Mali_T6xx, [0000017C0B481800][0000017C0C3D9BC0 49] Android_Mali_T7xx, [0000017C0B450F00][0000017C0C3DC180 49] Android_Mali_T8xx, [0000017C0B481B00][0000017C0C3E02C0 49] Android_Mali_G71, [0000017C0B452F00][0000017C0C3E8440 49] Android_Mali_G72, [0000017C0B483A00][0000017C0C3EC5C0 49] Android_Mali_G72_Vulkan, [0000017C0B452100][0000017C0C3F0740 49] Android_Mali_G76, [0000017C0B483400][0000017C0C3F48C0 49] Android_Mali_G76_Vulkan, [0000017C0B450400][0000017C0C3F8A40 49] Android_Mali_G77, [0000017C0B483200][0000017C0C3FCBC0 49] Android_Mali_G77_Vulkan, [0000017C0B450700][0000017C0C400D40 49] Android_Mali_G78, [0000017C0B483300][0000017C0C404EC0 49] Android_Mali_G78_Vulkan, [0000017C0B452200][0000017C0C409040 49] Android_Mali_G710, [0000017C0B483B00][0000017C0C40D1C0 49] Android_Mali_G710_Vulkan, [0000017C0B453900][0000017C0C411340 49] Android_Vulkan_SM5, [0000017C0B481F00][0000017C0C4154C0 49] Android_PowerVR_G6xxx, [0000017C0B452D00][0000017C0C419640 49] Android_PowerVR_GT7xxx, [0000017C0B482C00][0000017C0C41D7C0 49] Android_PowerVR_GE8xxx, [0000017C0B453400][0000017C0C421940 49] Android_PowerVR_GM9xxx, [0000017C0B481900][0000017C0C425AC0 49] Android_PowerVR_GM9xxx_Vulkan, [0000017C0B451300][0000017C0C3E5C00 49] Android_TegraK1, [0000017C0B480200][0000017C0C4281C0 49] Android_Unknown_Vulkan, [0000017C0B453000][0000017C0C42C300 49] Lumin, [0000017C0B480F00][0000017C0C430440 49] Lumin_Desktop, [0000017C0B450600][0000017C0C4385C0 49] HoloLens, 
[2023.05.04-16.51.43:322][  0]LogMeshReduction: Using QuadricMeshReduction for automatic static mesh reduction
[2023.05.04-16.51.43:322][  0]LogMeshReduction: Using SimplygonMeshReduction for automatic skeletal mesh reduction
[2023.05.04-16.51.43:322][  0]LogMeshReduction: Using ProxyLODMeshReduction for automatic mesh merging
[2023.05.04-16.51.43:322][  0]LogMeshReduction: No distributed automatic mesh merging module available
[2023.05.04-16.51.43:323][  0]LogMeshMerging: No distributed automatic mesh merging module available
[2023.05.04-16.51.43:333][  0]LogNetVersion: Twonic 1.0.0, NetCL: 17155196, EngineNetVer: 17, GameNetVer: 0 (Checksum: 4023415434)
[2023.05.04-16.51.44:365][  0]LogHMD: PokeAHoleMaterial loaded successfully
[2023.05.04-16.51.45:603][  0]LogCollectionManager: Loaded 0 collections in 0.001256 seconds
[2023.05.04-16.51.45:606][  0]LogFileCache: Scanning file cache for directory 'C:/Users/emmyt/OneDrive/Documents/GitHub/-Journeyman-Twonic---Alpha-Team/Twonic/Saved/Collections/' took 0.00s
[2023.05.04-16.51.45:606][  0]LogFileCache: Scanning file cache for directory 'C:/Users/emmyt/OneDrive/Documents/GitHub/-Journeyman-Twonic---Alpha-Team/Twonic/Content/Developers/emmyt/Collections/' took 0.00s
[2023.05.04-16.51.45:606][  0]LogCollectionManager: Fixed up redirectors for 0 collections in 0.000003 seconds (updated 0 objects)
[2023.05.04-16.51.46:100][  0]LogFileCache: Scanning file cache for directory 'C:/Users/emmyt/OneDrive/Documents/GitHub/-Journeyman-Twonic---Alpha-Team/Twonic/Content/Collections/' took 0.00s
[2023.05.04-16.51.47:119][  0]LogPython: Using Python 3.7.7
[2023.05.04-16.51.48:643][  0]LogNiagaraDebuggerClient: Niagara Debugger Client Initialized | Session: 2032C7E04DE346C4CC6EDFBA0EBCEBC4 | Instance: BC8B090E4B834A6AD2C4CD850497FF6D (LAPTOP-OVB59CM9-21036).
[2023.05.04-16.51.51:486][  0]SourceControl: Source control is disabled
[2023.05.04-16.51.51:486][  0]SourceControl: Source control is disabled
[2023.05.04-16.51.51:554][  0]SourceControl: Source control is disabled
[2023.05.04-16.51.51:563][  0]SourceControl: Source control is disabled
[2023.05.04-16.51.51:571][  0]SourceControl: Source control is disabled
[2023.05.04-16.51.51:639][  0]LogUProjectInfo: Found projects:
[2023.05.04-16.51.51:767][  0]LogOpenImageDenoise: OIDN starting up
[2023.05.04-16.51.51:996][  0]LogAndroidPermission: UAndroidPermissionCallbackProxy::GetInstance
[2023.05.04-16.51.52:190][  0]LogAudioCaptureCore: Display: No Audio Capture implementations found. Audio input will be silent.
[2023.05.04-16.51.52:190][  0]LogAudioCaptureCore: Display: No Audio Capture implementations found. Audio input will be silent.
[2023.05.04-16.51.53:032][  0]LogOcInput: OculusInput pre-init called
[2023.05.04-16.51.53:359][  0]LogUObjectArray: 23049 objects as part of root set at end of initial load.
[2023.05.04-16.51.53:359][  0]LogUObjectAllocator: 6352640 out of 0 bytes used by permanent object pool.
[2023.05.04-16.51.53:359][  0]LogUObjectArray: CloseDisregardForGC: 0/0 objects in disregard for GC pool
[2023.05.04-16.51.53:429][  0]LogInit: Executing Class /Script/UnrealEd.GatherTextCommandlet
[2023.05.04-16.51.53:462][  0]LogInit: Initializing Editor Engine...
[2023.05.04-16.51.53:500][  0]LogEngine: Initializing Engine...
[2023.05.04-16.51.53:764][  0]LogStats: UGameplayTagsManager::InitializeManager -  0.050 s
[2023.05.04-16.51.54:434][  0]LogInit: Initializing FReadOnlyCVARCache
[2023.05.04-16.51.55:370][  0]LogAIModule: Creating AISystem for world Untitled
[2023.05.04-16.51.55:508][  0]LogNetVersion: Set ProjectVersion to 1.0.0.0. Version Checksum will be recalculated on next use.
[2023.05.04-16.51.55:520][  0]LogDerivedDataCache: Saved boot cache 0.01s 15MB C:/Users/emmyt/AppData/Local/UnrealEngine/4.27/DerivedDataCache/Boot.ddc.
[2023.05.04-16.51.55:521][  0]LogInit: Texture streaming: Disabled
[2023.05.04-16.51.56:088][  0]LogInit: Initializing Editor Engine Completed
[2023.05.04-16.51.59:605][  0]BlueprintLog: New page: Editor Load
[2023.05.04-16.52.02:337][  0]LogGatherTextCommandlet: Display: Beginning GatherText Commandlet for 'C:/Users/emmyt/OneDrive/Documents/GitHub/-Journeyman-Twonic---Alpha-Team/Twonic/Config/Localization/Game_Compile.ini'
[2023.05.04-16.52.02:364][  0]LogGatherTextCommandlet: Display: Executing GatherTextStep0: GenerateTextLocalizationResourceCommandlet
[2023.05.04-16.52.02:566][  0]LogGatherTextCommandlet: Display: Completed GatherTextStep0: GenerateTextLocalizationResourceCommandlet in 0.202616 seconds
[2023.05.04-16.52.02:566][  0]LogCore: Engine exit requested (reason: Commandlet GatherTextCommandlet_0 finished execution (result 0))
[2023.05.04-16.52.02:566][  0]LogInit: Display: 
[2023.05.04-16.52.02:567][  0]LogInit: Display: Success - 0 error(s), 0 warning(s)
[2023.05.04-16.52.02:567][  0]LogInit: Display: 
Execution of commandlet took:  0.30 seconds
[2023.05.04-16.52.02:567][  0]LogCore: Engine exit requested (reason: EngineExit() was called; note: exit was already requested)
[2023.05.04-16.52.03:175][  0]LogExit: Preparing to exit.
[2023.05.04-16.52.03:633][  0]LogUObjectHash: Compacting FUObjectHashTables data took   0.91ms
[2023.05.04-16.52.05:167][  0]LogDemo: Cleaned up 0 splitscreen connections with owner deletion
[2023.05.04-16.52.05:414][  0]LogWorld: UWorld::CleanupWorld for None, bSessionEnded=true, bCleanupResources=true
[2023.05.04-16.52.05:527][  0]LogExit: Editor shut down
[2023.05.04-16.52.08:714][  0]LogExit: Object subsystem successfully closed.
[2023.05.04-16.52.08:761][  0]LogShaderCompilers: Display: === FShaderJobCache stats ===
[2023.05.04-16.52.08:761][  0]LogShaderCompilers: Display: Total job queries 0, among them cache hits 0 (0.00%)
[2023.05.04-16.52.08:762][  0]LogShaderCompilers: Display: Tracking 0 distinct input hashes that result in 0 distinct outputs (0.00%)
[2023.05.04-16.52.08:769][  0]LogShaderCompilers: Display: RAM used: 0.00 MB (0.00 GB) of 409.60 MB (0.40 GB) budget. Usage: 0.00%
[2023.05.04-16.52.08:770][  0]LogShaderCompilers: Display: ================================================
[2023.05.04-16.52.09:010][  0]LogShaderCompilers: Display: Shaders left to compile 0
[2023.05.04-16.52.11:061][  0]LogModuleManager: Shutting down and abandoning module SteamVREditor (710)
[2023.05.04-16.52.11:061][  0]LogModuleManager: Shutting down and abandoning module OculusMR (708)
[2023.05.04-16.52.11:061][  0]LogModuleManager: Shutting down and abandoning module OpenXRInput (706)
[2023.05.04-16.52.11:062][  0]LogModuleManager: Shutting down and abandoning module GooglePADEditor (704)
[2023.05.04-16.52.11:062][  0]LogModuleManager: Shutting down and abandoning module AudioCaptureEditor (702)
[2023.05.04-16.52.11:075][  0]LogModuleManager: Shutting down and abandoning module TakeRecorderSources (700)
[2023.05.04-16.52.11:124][  0]LogModuleManager: Shutting down and abandoning module TakeRecorder (699)
[2023.05.04-16.52.11:124][  0]LogModuleManager: Shutting down and abandoning module TakeTrackRecorders (696)
[2023.05.04-16.52.11:130][  0]LogModuleManager: Shutting down and abandoning module TakesCore (694)
[2023.05.04-16.52.11:145][  0]LogModuleManager: Shutting down and abandoning module TemplateSequenceEditor (692)
[2023.05.04-16.52.11:166][  0]LogModuleManager: Shutting down and abandoning module LevelSequenceEditor (690)
[2023.05.04-16.52.11:178][  0]LogModuleManager: Shutting down and abandoning module MatineeToLevelSequence (688)
[2023.05.04-16.52.11:180][  0]LogModuleManager: Shutting down and abandoning module ActorSequenceEditor (686)
[2023.05.04-16.52.11:180][  0]LogModuleManager: Shutting down and abandoning module Kismet (685)
[2023.05.04-16.52.11:231][  0]LogModuleManager: Shutting down and abandoning module KismetWidgets (684)
[2023.05.04-16.52.11:250][  0]LogModuleManager: Shutting down and abandoning module WmfMediaFactory (680)
[2023.05.04-16.52.11:250][  0]LogModuleManager: Shutting down and abandoning module WmfMediaEditor (678)
[2023.05.04-16.52.11:250][  0]LogModuleManager: Shutting down and abandoning module WebMMediaFactory (676)
[2023.05.04-16.52.11:250][  0]LogModuleManager: Shutting down and abandoning module WebMMediaEditor (674)
[2023.05.04-16.52.11:250][  0]LogModuleManager: Shutting down and abandoning module MediaPlayerEditor (672)
[2023.05.04-16.52.11:271][  0]LogModuleManager: Shutting down and abandoning module MediaCompositingEditor (670)
[2023.05.04-16.52.11:286][  0]LogModuleManager: Shutting down and abandoning module SequenceRecorder (669)
[2023.05.04-16.52.11:286][  0]LogModuleManager: Shutting down and abandoning module Persona (668)
[2023.05.04-16.52.11:314][  0]LogModuleManager: Shutting down and abandoning module AdvancedPreviewScene (667)
[2023.05.04-16.52.11:314][  0]LogModuleManager: Shutting down and abandoning module AnimGraph (665)
[2023.05.04-16.52.11:344][  0]LogModuleManager: Shutting down and abandoning module ImgMediaFactory (660)
[2023.05.04-16.52.11:344][  0]LogModuleManager: Shutting down and abandoning module ImgMediaEditor (658)
[2023.05.04-16.52.11:344][  0]LogModuleManager: Shutting down and abandoning module AvfMediaFactory (656)
[2023.05.04-16.52.11:344][  0]LogModuleManager: Shutting down and abandoning module AvfMediaEditor (654)
[2023.05.04-16.52.11:344][  0]LogModuleManager: Shutting down and abandoning module AndroidMediaFactory (652)
[2023.05.04-16.52.11:344][  0]LogModuleManager: Shutting down and abandoning module AndroidMediaEditor (650)
[2023.05.04-16.52.11:344][  0]LogModuleManager: Shutting down and abandoning module PlanarCut (648)
[2023.05.04-16.52.11:359][  0]LogModuleManager: Shutting down and abandoning module CharacterAI (646)
[2023.05.04-16.52.11:359][  0]LogModuleManager: Shutting down and abandoning module MagicLeapMediaEditor (644)
[2023.05.04-16.52.11:359][  0]LogModuleManager: Shutting down and abandoning module TextureAlignMode (642)
[2023.05.04-16.52.11:359][  0]LogModuleManager: Shutting down and abandoning module BspMode (640)
[2023.05.04-16.52.11:359][  0]LogModuleManager: Shutting down and abandoning module GeometryMode (638)
[2023.05.04-16.52.11:359][  0]LogModuleManager: Shutting down and abandoning module CameraShakePreviewer (636)
[2023.05.04-16.52.11:373][  0]LogModuleManager: Shutting down and abandoning module SmartSnapping (634)
[2023.05.04-16.52.11:373][  0]LogModuleManager: Shutting down and abandoning module SessionServices (632)
[2023.05.04-16.52.11:373][  0]LogModuleManager: Shutting down and abandoning module MeshPaint (630)
[2023.05.04-16.52.11:382][  0]LogModuleManager: Shutting down and abandoning module VirtualTexturingEditor (628)
[2023.05.04-16.52.11:382][  0]LogModuleManager: Shutting down and abandoning module FoliageEdit (626)
[2023.05.04-16.52.11:382][  0]LogModuleManager: Shutting down and abandoning module LandscapeEditor (624)
[2023.05.04-16.52.11:406][  0]LogModuleManager: Shutting down and abandoning module MeshPaintMode (622)
[2023.05.04-16.52.11:407][  0]LogModuleManager: Shutting down and abandoning module SceneDepthPickerMode (620)
[2023.05.04-16.52.11:407][  0]LogModuleManager: Shutting down and abandoning module ActorPickerMode (618)
[2023.05.04-16.52.11:407][  0]LogModuleManager: Shutting down and abandoning module PlacementMode (616)
[2023.05.04-16.52.11:407][  0]LogModuleManager: Shutting down and abandoning module LiveCoding (614)
[2023.05.04-16.52.11:407][  0]LogModuleManager: Shutting down and abandoning module LevelSequence (612)
[2023.05.04-16.52.11:407][  0]LogModuleManager: Shutting down and abandoning module MovieSceneTracks (610)
[2023.05.04-16.52.11:407][  0]LogModuleManager: Shutting down and abandoning module MovieScene (608)
[2023.05.04-16.52.11:444][  0]LogModuleManager: Shutting down and abandoning module StreamingPauseRendering (606)
[2023.05.04-16.52.11:444][  0]LogModuleManager: Shutting down and abandoning module ImageWriteQueue (604)
[2023.05.04-16.52.11:444][  0]LogModuleManager: Shutting down and abandoning module AIModule (602)
[2023.05.04-16.52.11:455][  0]LogModuleManager: Shutting down and abandoning module GameplayDebugger (601)
[2023.05.04-16.52.11:455][  0]LogModuleManager: Shutting down and abandoning module AITestSuite (599)
[2023.05.04-16.52.11:455][  0]LogModuleManager: Shutting down and abandoning module NavigationSystem (597)
[2023.05.04-16.52.11:455][  0]LogModuleManager: Shutting down and abandoning module AudioSynesthesiaEditor (594)
[2023.05.04-16.52.11:455][  0]LogModuleManager: Shutting down and abandoning module OculusEditor (592)
[2023.05.04-16.52.11:485][  0]LogModuleManager: Shutting down and abandoning module OculusInput (590)
[2023.05.04-16.52.11:485][  0]LogModuleManager: Shutting down and abandoning module ContentBrowserFileDataSource (588)
[2023.05.04-16.52.11:485][  0]LogModuleManager: Shutting down and abandoning module ContentBrowserClassDataSource (586)
[2023.05.04-16.52.11:485][  0]LogModuleManager: Shutting down and abandoning module ContentBrowserAssetDataSource (584)
[2023.05.04-16.52.11:485][  0]LogModuleManager: Shutting down and abandoning module ToolMenus (583)
[2023.05.04-16.52.11:485][  0]LogModuleManager: Shutting down and abandoning module SynthesisEditor (580)
[2023.05.04-16.52.11:485][  0]LogModuleManager: Shutting down and abandoning module Synthesis (578)
[2023.05.04-16.52.11:504][  0]LogModuleManager: Shutting down and abandoning module ProceduralMeshComponentEditor (576)
[2023.05.04-16.52.11:504][  0]LogModuleManager: Shutting down and abandoning module ProceduralMeshComponent (574)
[2023.05.04-16.52.11:504][  0]LogModuleManager: Shutting down and abandoning module OpenXREditor (572)
[2023.05.04-16.52.11:510][  0]LogModuleManager: Shutting down and abandoning module MobilePatchingUtils (570)
[2023.05.04-16.52.11:510][  0]LogModuleManager: Shutting down and abandoning module GooglePAD (568)
[2023.05.04-16.52.11:510][  0]LogModuleManager: Shutting down and abandoning module EditableMesh (566)
[2023.05.04-16.52.11:529][  0]LogModuleManager: Shutting down and abandoning module CustomMeshComponent (564)
[2023.05.04-16.52.11:529][  0]LogModuleManager: Shutting down and abandoning module CableComponent (562)
[2023.05.04-16.52.11:529][  0]LogModuleManager: Shutting down and abandoning module AudioCapture (560)
[2023.05.04-16.52.11:529][  0]LogModuleManager: Shutting down and abandoning module AudioCaptureRtAudio (559)
[2023.05.04-16.52.11:529][  0]LogModuleManager: Shutting down and abandoning module AssetTags (556)
[2023.05.04-16.52.11:529][  0]LogModuleManager: Shutting down and abandoning module ArchVisCharacter (554)
[2023.05.04-16.52.11:529][  0]LogModuleManager: Shutting down and abandoning module AppleImageUtilsBlueprintSupport (552)
[2023.05.04-16.52.11:529][  0]LogModuleManager: Shutting down and abandoning module AppleImageUtils (550)
[2023.05.04-16.52.11:529][  0]LogModuleManager: Shutting down and abandoning module AndroidPermission (548)
[2023.05.04-16.52.11:529][  0]LogModuleManager: Shutting down and abandoning module ActorLayerUtilitiesEditor (546)
[2023.05.04-16.52.11:529][  0]LogModuleManager: Shutting down and abandoning module ActorLayerUtilities (544)
[2023.05.04-16.52.11:529][  0]LogModuleManager: Shutting down and abandoning module TakeSequencer (542)
[2023.05.04-16.52.11:529][  0]LogModuleManager: Shutting down and abandoning module TakeMovieScene (540)
[2023.05.04-16.52.11:529][  0]LogModuleManager: Shutting down and abandoning module ScreenshotTools (538)
[2023.05.04-16.52.11:529][  0]LogModuleManager: Shutting down and abandoning module NiagaraEditorWidgets (536)
[2023.05.04-16.52.11:708][  0]LogModuleManager: Shutting down and abandoning module TemplateSequence (534)
[2023.05.04-16.52.11:717][  0]LogModuleManager: Shutting down and abandoning module MediaCompositing (532)
[2023.05.04-16.52.11:717][  0]LogModuleManager: Shutting down and abandoning module VariantManagerContentEditor (530)
[2023.05.04-16.52.11:717][  0]LogModuleManager: Shutting down and abandoning module OpenImageDenoise (528)
[2023.05.04-16.52.11:717][  0]LogOpenImageDenoise: OIDN shutting down
[2023.05.04-16.52.11:717][  0]LogModuleManager: Shutting down and abandoning module MotoSynthEditor (526)
[2023.05.04-16.52.11:717][  0]LogModuleManager: Shutting down and abandoning module MotoSynth (524)
[2023.05.04-16.52.11:717][  0]LogModuleManager: Shutting down and abandoning module DatasmithContentEditor (522)
[2023.05.04-16.52.11:728][  0]LogModuleManager: Shutting down and abandoning module MeshConversion (520)
[2023.05.04-16.52.11:743][  0]LogModuleManager: Shutting down and abandoning module DynamicMesh (518)
[2023.05.04-16.52.11:749][  0]LogModuleManager: Shutting down and abandoning module GeometryAlgorithms (516)
[2023.05.04-16.52.11:760][  0]LogModuleManager: Shutting down and abandoning module GeometricObjects (514)
[2023.05.04-16.52.11:763][  0]LogModuleManager: Shutting down and abandoning module VisualStudioCodeSourceCodeAccess (512)
[2023.05.04-16.52.11:763][  0]LogModuleManager: Shutting down and abandoning module VisualStudioSourceCodeAccess (510)
[2023.05.04-16.52.11:763][  0]LogModuleManager: Shutting down and abandoning module UObjectPlugin (508)
[2023.05.04-16.52.11:763][  0]LogModuleManager: Shutting down and abandoning module GeometryCollectionTracks (506)
[2023.05.04-16.52.11:763][  0]LogModuleManager: Shutting down and abandoning module GeometryCollectionSequencer (505)
[2023.05.04-16.52.11:763][  0]LogModuleManager: Shutting down and abandoning module GeometryCollectionEditor (502)
[2023.05.04-16.52.11:763][  0]LogModuleManager: Shutting down and abandoning module GeometryCacheTracks (500)
[2023.05.04-16.52.11:763][  0]LogModuleManager: Shutting down and abandoning module GeometryCacheStreamer (498)
[2023.05.04-16.52.11:763][  0]LogModuleManager: Shutting down and abandoning module GeometryCacheSequencer (496)
[2023.05.04-16.52.11:763][  0]LogModuleManager: Shutting down and abandoning module SubversionSourceControl (494)
[2023.05.04-16.52.11:775][  0]LogModuleManager: Shutting down and abandoning module PluginUtils (492)
[2023.05.04-16.52.11:776][  0]LogModuleManager: Shutting down and abandoning module PlasticSourceControl (490)
[2023.05.04-16.52.11:783][  0]LogModuleManager: Shutting down and abandoning module PerforceSourceControl (488)
[2023.05.04-16.52.11:795][  0]LogModuleManager: Shutting down and abandoning module GitSourceControl (486)
[2023.05.04-16.52.11:804][  0]LogModuleManager: Shutting down and abandoning module SourceControl (485)
[2023.05.04-16.52.11:810][  0]LogModuleManager: Shutting down and abandoning module CLionSourceCodeAccess (482)
[2023.05.04-16.52.11:810][  0]LogModuleManager: Shutting down and abandoning module SpeedTreeImporter (480)
[2023.05.04-16.52.11:810][  0]LogModuleManager: Shutting down and abandoning module PluginBrowser (478)
[2023.05.04-16.52.11:853][  0]LogModuleManager: Shutting down and abandoning module MobileLauncherProfileWizard (476)
[2023.05.04-16.52.11:859][  0]LogModuleManager: Shutting down and abandoning module ChaosSolverEditor (474)
[2023.05.04-16.52.11:859][  0]LogModuleManager: Shutting down and abandoning module MagicLeapSharedWorld (472)
[2023.05.04-16.52.11:859][  0]LogModuleManager: Shutting down and abandoning module ChaosNiagara (470)
[2023.05.04-16.52.11:879][  0]LogModuleManager: Shutting down and abandoning module MaterialAnalyzer (468)
[2023.05.04-16.52.11:901][  0]LogModuleManager: Shutting down and abandoning module FractureEditor (466)
[2023.05.04-16.52.11:921][  0]LogModuleManager: Shutting down and abandoning module FieldSystemEngine (465)
[2023.05.04-16.52.11:921][  0]LogModuleManager: Shutting down and abandoning module ChaosClothEditor (462)
[2023.05.04-16.52.11:925][  0]LogModuleManager: Shutting down and abandoning module MagicLeapLightEstimation (460)
[2023.05.04-16.52.11:925][  0]LogModuleManager: Shutting down and abandoning module AutomationUtilsEditor (458)
[2023.05.04-16.52.11:926][  0]LogModuleManager: Shutting down and abandoning module AutomationUtils (456)
[2023.05.04-16.52.11:926][  0]LogModuleManager: Shutting down and abandoning module AlembicImporter (454)
[2023.05.04-16.52.11:926][  0]LogModuleManager: Shutting down and abandoning module AlembicLibrary (453)
[2023.05.04-16.52.11:926][  0]LogModuleManager: Shutting down and abandoning module GeometryCache (452)
[2023.05.04-16.52.11:926][  0]LogModuleManager: Shutting down and abandoning module GeometryCacheEd (451)
[2023.05.04-16.52.11:926][  0]LogModuleManager: Shutting down and abandoning module CurveEditorTools (446)
[2023.05.04-16.52.11:984][  0]LogModuleManager: Shutting down and abandoning module CryptoKeysOpenSSL (444)
[2023.05.04-16.52.11:984][  0]LogModuleManager: Shutting down and abandoning module CryptoKeys (442)
[2023.05.04-16.52.11:984][  0]LogModuleManager: Shutting down and abandoning module MagicLeapHelperVulkan (440)
[2023.05.04-16.52.11:984][  0]LogModuleManager: Shutting down and abandoning module MagicLeapHelperOpenGL (438)
[2023.05.04-16.52.11:984][  0]LogModuleManager: Shutting down and abandoning module MagicLeapAudio (436)
[2023.05.04-16.52.12:002][  0]LogModuleManager: Shutting down and abandoning module AnimationSharingEd (434)
[2023.05.04-16.52.12:002][  0]LogModuleManager: Shutting down and abandoning module OodleNetworkHandlerComponent (432)
[2023.05.04-16.52.12:002][  0]LogModuleManager: Shutting down and abandoning module LiveLinkSequencer (430)
[2023.05.04-16.52.12:003][  0]LogModuleManager: Shutting down and abandoning module LiveLinkMovieScene (428)
[2023.05.04-16.52.12:003][  0]LogModuleManager: Shutting down and abandoning module LiveLinkGraphNode (426)
[2023.05.04-16.52.12:003][  0]LogModuleManager: Shutting down and abandoning module LiveLinkEditor (424)
[2023.05.04-16.52.12:020][  0]LogModuleManager: Shutting down and abandoning module LiveLinkComponents (422)
[2023.05.04-16.52.12:020][  0]LogModuleManager: Shutting down and abandoning module LiveLink (420)
[2023.05.04-16.52.12:323][  0]LogModuleManager: Shutting down and abandoning module LightPropagationVolumeEditor (418)
[2023.05.04-16.52.12:323][  0]LogModuleManager: Shutting down and abandoning module PaperTiledImporter (416)
[2023.05.04-16.52.12:323][  0]LogModuleManager: Shutting down and abandoning module PaperSpriteSheetImporter (414)
[2023.05.04-16.52.12:323][  0]LogModuleManager: Shutting down and abandoning module Paper2DEditor (412)
[2023.05.04-16.52.12:339][  0]LogModuleManager: Shutting down and abandoning module MeshPaintingToolset (410)
[2023.05.04-16.52.12:356][  0]LogModuleManager: Shutting down and abandoning module MeshPaintEditorMode (408)
[2023.05.04-16.52.12:356][  0]LogModuleManager: Shutting down and abandoning module SoundFields (406)
[2023.05.04-16.52.12:356][  0]LogModuleManager: Shutting down and abandoning module SignificanceManager (404)
[2023.05.04-16.52.12:356][  0]LogModuleManager: Shutting down and abandoning module RuntimePhysXCooking (402)
[2023.05.04-16.52.12:356][  0]LogModuleManager: Shutting down and abandoning module PropertyAccessEditor (400)
[2023.05.04-16.52.12:365][  0]LogModuleManager: Shutting down and abandoning module PhysXVehiclesEditor (398)
[2023.05.04-16.52.12:365][  0]LogModuleManager: Shutting down and abandoning module LocationServicesBPLibrary (394)
[2023.05.04-16.52.12:365][  0]LogModuleManager: Shutting down and abandoning module AudioSynesthesia (392)
[2023.05.04-16.52.12:377][  0]LogModuleManager: Shutting down and abandoning module AudioSynesthesiaCore (390)
[2023.05.04-16.52.12:377][  0]LogModuleManager: Shutting down and abandoning module NiagaraAnimNotifies (388)
[2023.05.04-16.52.12:377][  0]LogModuleManager: Shutting down and abandoning module Niagara (386)
[2023.05.04-16.52.12:393][  0]LogModuleManager: Shutting down and abandoning module SignalProcessing (385)
[2023.05.04-16.52.12:410][  0]LogModuleManager: Shutting down and abandoning module NiagaraEditor (383)
[2023.05.04-16.52.12:442][  0]LogModuleManager: Shutting down and abandoning module NiagaraCore (380)
[2023.05.04-16.52.12:442][  0]LogModuleManager: Shutting down and abandoning module ActorSequence (378)
[2023.05.04-16.52.12:442][  0]LogModuleManager: Shutting down and abandoning module UdpMessaging (376)
[2023.05.04-16.52.12:460][  0]LogModuleManager: Shutting down and abandoning module TcpMessaging (374)
[2023.05.04-16.52.12:466][  0]LogModuleManager: Shutting down and abandoning module PythonScriptPlugin (372)
[2023.05.04-16.52.12:466][  0]LogModuleManager: Shutting down and abandoning module PropertyAccessNode (370)
[2023.05.04-16.52.12:479][  0]LogModuleManager: Shutting down and abandoning module MagicLeapARPin (368)
[2023.05.04-16.52.12:479][  0]LogModuleManager: Shutting down and abandoning module GameplayTagsEditor (366)
[2023.05.04-16.52.12:492][  0]LogModuleManager: Shutting down and abandoning module FacialAnimationEditor (364)
[2023.05.04-16.52.12:492][  0]LogModuleManager: Shutting down and abandoning module FacialAnimation (362)
[2023.05.04-16.52.12:492][  0]LogModuleManager: Shutting down and abandoning module DataValidation (360)
[2023.05.04-16.52.12:492][  0]LogModuleManager: Shutting down and abandoning module MagicLeapHandMeshing (358)
[2023.05.04-16.52.12:492][  0]LogModuleManager: Shutting down and abandoning module MagicLeapSecureStorage (356)
[2023.05.04-16.52.12:492][  0]LogModuleManager: Shutting down and abandoning module MagicLeapPrivileges (354)
[2023.05.04-16.52.12:508][  0]LogModuleManager: Shutting down and abandoning module MagicLeapPlanes (352)
[2023.05.04-16.52.12:547][  0]LogMagicLeapPlanes: Planes tracker already destroyed.
[2023.05.04-16.52.12:548][  0]LogModuleManager: Shutting down and abandoning module MagicLeapImageTracker (350)
[2023.05.04-16.52.12:548][  0]LogModuleManager: Shutting down and abandoning module MagicLeapIdentity (348)
[2023.05.04-16.52.12:548][  0]LogModuleManager: Shutting down and abandoning module MagicLeapHandTracking (346)
[2023.05.04-16.52.12:570][  0]LogModuleManager: Shutting down and abandoning module MagicLeapEyeTracker (344)
[2023.05.04-16.52.12:570][  0]LogModuleManager: Shutting down and abandoning module MagicLeapController (342)
[2023.05.04-16.52.12:570][  0]LogModuleManager: Shutting down and abandoning module MagicLeapARPinImpl (340)
[2023.05.04-16.52.12:570][  0]LogModuleManager: Shutting down and abandoning module MagicLeapAR (338)
[2023.05.04-16.52.12:570][  0]LogModuleManager: Shutting down and abandoning module AssetManagerEditor (336)
[2023.05.04-16.52.12:596][  0]LogModuleManager: Shutting down and abandoning module TreeMap (335)
[2023.05.04-16.52.12:611][  0]LogModuleManager: Shutting down and abandoning module AnimationSharing (332)
[2023.05.04-16.52.12:611][  0]LogModuleManager: Shutting down and abandoning module GameplayCameras (330)
[2023.05.04-16.52.12:611][  0]LogModuleManager: Shutting down and abandoning module LightPropagationVolumeRuntime (328)
[2023.05.04-16.52.12:611][  0]LogModuleManager: Shutting down and abandoning module Paper2D (326)
[2023.05.04-16.52.12:620][  0]LogModuleManager: Shutting down and abandoning module EnvironmentQueryEditor (324)
[2023.05.04-16.52.12:653][  0]LogModuleManager: Shutting down and abandoning module NetworkReplayStreaming (322)
[2023.05.04-16.52.12:653][  0]LogModuleManager: Shutting down and abandoning module PacketHandler (320)
[2023.05.04-16.52.12:653][  0]LogModuleManager: Shutting down and abandoning module ClothingSystemEditor (318)
[2023.05.04-16.52.12:653][  0]LogModuleManager: Shutting down and abandoning module ClothingSystemRuntimeNv (316)
[2023.05.04-16.52.12:665][  0]LogModuleManager: Shutting down and abandoning module MediaAssets (314)
[2023.05.04-16.52.12:665][  0]LogModuleManager: Shutting down and abandoning module Overlay (312)
[2023.05.04-16.52.12:665][  0]LogModuleManager: Shutting down and abandoning module OverlayEditor (311)
[2023.05.04-16.52.12:665][  0]LogModuleManager: Shutting down and abandoning module Blutility (308)
[2023.05.04-16.52.12:665][  0]LogModuleManager: Shutting down and abandoning module LevelEditor (307)
[2023.05.04-16.52.12:754][  0]LogModuleManager: Shutting down and abandoning module PixelInspectorModule (306)
[2023.05.04-16.52.12:771][  0]LogModuleManager: Shutting down and abandoning module CommonMenuExtensions (304)
[2023.05.04-16.52.12:781][  0]LogModuleManager: Shutting down and abandoning module MainFrame (302)
[2023.05.04-16.52.12:809][  0]LogModuleManager: Shutting down and abandoning module HotReload (301)
[2023.05.04-16.52.12:821][  0]LogModuleManager: Shutting down and abandoning module ContentBrowser (297)
[2023.05.04-16.52.12:841][  0]LogModuleManager: Shutting down and abandoning module CollectionManager (296)
[2023.05.04-16.52.12:860][  0]LogModuleManager: Shutting down and abandoning module ContentBrowserData (294)
[2023.05.04-16.52.12:860][  0]LogModuleManager: Shutting down and abandoning module IntroTutorials (290)
[2023.05.04-16.52.12:860][  0]LogModuleManager: Shutting down and abandoning module VREditor (288)
[2023.05.04-16.52.12:874][  0]LogModuleManager: Shutting down and abandoning module StringTableEditor (286)
[2023.05.04-16.52.12:904][  0]LogModuleManager: Shutting down and abandoning module GameplayTasksEditor (284)
[2023.05.04-16.52.12:904][  0]LogModuleManager: Shutting down and abandoning module BehaviorTreeEditor (282)
[2023.05.04-16.52.12:929][  0]LogModuleManager: Shutting down and abandoning module FunctionalTesting (280)
[2023.05.04-16.52.12:941][  0]LogModuleManager: Shutting down and abandoning module CollisionAnalyzer (278)
[2023.05.04-16.52.12:966][  0]LogModuleManager: Shutting down and abandoning module WorkspaceMenuStructure (277)
[2023.05.04-16.52.12:983][  0]LogModuleManager: Shutting down and abandoning module UMG (274)
[2023.05.04-16.52.12:997][  0]LogModuleManager: Shutting down and abandoning module UMGEditor (273)
[2023.05.04-16.52.13:019][  0]LogModuleManager: Shutting down and abandoning module MessageLog (271)
[2023.05.04-16.52.13:019][  0]LogModuleManager: Shutting down and abandoning module SlateReflector (266)
[2023.05.04-16.52.13:059][  0]LogModuleManager: Shutting down and abandoning module Slate (264)
[2023.05.04-16.52.13:059][  0]LogModuleManager: Shutting down and abandoning module SlateCore (262)
[2023.05.04-16.52.13:068][  0]LogModuleManager: Shutting down and abandoning module LandscapeEditorUtilities (260)
[2023.05.04-16.52.13:068][  0]LogModuleManager: Shutting down and abandoning module UnrealEd (258)
[2023.05.04-16.52.13:080][  0]LogModuleManager: Shutting down and abandoning module MRMesh (256)
[2023.05.04-16.52.13:080][  0]LogModuleManager: Shutting down and abandoning module SourceCodeAccess (254)
[2023.05.04-16.52.13:080][  0]LogModuleManager: Shutting down and abandoning module HeadMountedDisplay (252)
[2023.05.04-16.52.13:080][  0]LogModuleManager: Shutting down and abandoning module XAudio2 (250)
[2023.05.04-16.52.13:090][  0]LogModuleManager: Shutting down and abandoning module Networking (248)
[2023.05.04-16.52.13:090][  0]LogModuleManager: Shutting down and abandoning module Core (246)
[2023.05.04-16.52.13:090][  0]LogModuleManager: Shutting down and abandoning module MaterialEditor (244)
[2023.05.04-16.52.13:111][  0]LogModuleManager: Shutting down and abandoning module Settings (243)
[2023.05.04-16.52.13:111][  0]LogModuleManager: Shutting down and abandoning module MovieSceneTools (240)
[2023.05.04-16.52.13:158][  0]LogModuleManager: Shutting down and abandoning module CurveEditor (239)
[2023.05.04-16.52.13:171][  0]LogModuleManager: Shutting down and abandoning module Sequencer (237)
[2023.05.04-16.52.13:193][  0]LogModuleManager: Shutting down and abandoning module EditorStyle (236)
[2023.05.04-16.52.13:194][  0]LogModuleManager: Shutting down and abandoning module KismetCompiler (232)
[2023.05.04-16.52.13:194][  0]LogModuleManager: Shutting down and abandoning module MeshBuilder (230)
[2023.05.04-16.52.13:212][  0]LogModuleManager: Shutting down and abandoning module MeshUtilities (228)
[2023.05.04-16.52.13:219][  0]LogModuleManager: Shutting down and abandoning module MeshMergeUtilities (227)
[2023.05.04-16.52.13:224][  0]LogModuleManager: Shutting down and abandoning module MeshReductionInterface (226)
[2023.05.04-16.52.13:224][  0]LogModuleManager: Shutting down and abandoning module MeshBoneReduction (225)
[2023.05.04-16.52.13:224][  0]LogModuleManager: Shutting down and abandoning module SkeletalMeshReduction (223)
[2023.05.04-16.52.13:232][  0]LogModuleManager: Shutting down and abandoning module ProxyLODMeshReduction (221)
[2023.05.04-16.52.13:252][  0]LogModuleManager: Shutting down and abandoning module QuadricMeshReduction (219)
[2023.05.04-16.52.13:262][  0]LogModuleManager: Shutting down and abandoning module MaterialBaking (215)
[2023.05.04-16.52.13:277][  0]LogModuleManager: Shutting down and abandoning module DirectoryWatcher (211)
[2023.05.04-16.52.13:279][  0]LogModuleManager: Shutting down and abandoning module NullInstallBundleManager (208)
[2023.05.04-16.52.13:279][  0]LogModuleManager: Shutting down and abandoning module DerivedDataCache (206)
[2023.05.04-16.52.13:304][  0]LogModuleManager: Shutting down and abandoning module TargetPlatform (204)
[2023.05.04-16.52.13:311][  0]LogModuleManager: Shutting down and abandoning module VulkanShaderFormat (203)
[2023.05.04-16.52.13:365][  0]LogModuleManager: Shutting down and abandoning module ShaderFormatVectorVM (201)
[2023.05.04-16.52.13:385][  0]LogModuleManager: Shutting down and abandoning module ShaderFormatOpenGL (199)
[2023.05.04-16.52.13:402][  0]LogModuleManager: Shutting down and abandoning module ShaderFormatD3D (197)
[2023.05.04-16.52.13:413][  0]LogModuleManager: Shutting down and abandoning module MetalShaderFormat (195)
[2023.05.04-16.52.13:425][  0]LogModuleManager: Shutting down and abandoning module TextureFormatOodle (193)
[2023.05.04-16.52.13:435][  0]LogModuleManager: Shutting down and abandoning module TextureFormatUncompressed (191)
[2023.05.04-16.52.13:435][  0]LogModuleManager: Shutting down and abandoning module TextureFormatPVR (189)
[2023.05.04-16.52.13:435][  0]LogModuleManager: Shutting down and abandoning module TextureFormatETC2 (187)
[2023.05.04-16.52.13:435][  0]LogModuleManager: Shutting down and abandoning module TextureFormatDXT (185)
[2023.05.04-16.52.13:447][  0]LogModuleManager: Shutting down and abandoning module TextureFormatIntelISPCTexComp (183)
[2023.05.04-16.52.13:449][  0]LogModuleManager: Shutting down and abandoning module TextureFormatASTC (181)
[2023.05.04-16.52.13:449][  0]LogModuleManager: Shutting down and abandoning module ImageWrapper (180)
[2023.05.04-16.52.13:449][  0]LogModuleManager: Shutting down and abandoning module AudioFormatOpus (177)
[2023.05.04-16.52.13:449][  0]LogModuleManager: Shutting down and abandoning module AudioFormatOgg (175)
[2023.05.04-16.52.13:449][  0]LogModuleManager: Shutting down and abandoning module AudioFormatADPCM (173)
[2023.05.04-16.52.13:463][  0]LogModuleManager: Shutting down and abandoning module WindowsServerTargetPlatform (171)
[2023.05.04-16.52.13:464][  0]LogModuleManager: Shutting down and abandoning module WindowsClientTargetPlatform (169)
[2023.05.04-16.52.13:464][  0]LogModuleManager: Shutting down and abandoning module WindowsTargetPlatform (167)
[2023.05.04-16.52.13:464][  0]LogModuleManager: Shutting down and abandoning module WindowsNoEditorTargetPlatform (165)
[2023.05.04-16.52.13:464][  0]LogModuleManager: Shutting down and abandoning module TVOSTargetPlatform (163)
[2023.05.04-16.52.13:464][  0]LogModuleManager: Shutting down and abandoning module MacServerTargetPlatform (161)
[2023.05.04-16.52.13:464][  0]LogModuleManager: Shutting down and abandoning module MacClientTargetPlatform (159)
[2023.05.04-16.52.13:478][  0]LogModuleManager: Shutting down and abandoning module MacTargetPlatform (157)
[2023.05.04-16.52.13:478][  0]LogModuleManager: Shutting down and abandoning module MacNoEditorTargetPlatform (155)
[2023.05.04-16.52.13:478][  0]LogModuleManager: Shutting down and abandoning module LuminTargetPlatform (153)
[2023.05.04-16.52.13:479][  0]LogModuleManager: Shutting down and abandoning module LinuxAArch64ServerTargetPlatform (151)
[2023.05.04-16.52.13:479][  0]LogModuleManager: Shutting down and abandoning module LinuxAArch64ClientTargetPlatform (149)
[2023.05.04-16.52.13:479][  0]LogModuleManager: Shutting down and abandoning module LinuxAArch64NoEditorTargetPlatform (147)
[2023.05.04-16.52.13:480][  0]LogModuleManager: Shutting down and abandoning module LinuxServerTargetPlatform (145)
[2023.05.04-16.52.13:480][  0]LogModuleManager: Shutting down and abandoning module LinuxClientTargetPlatform (143)
[2023.05.04-16.52.13:480][  0]LogModuleManager: Shutting down and abandoning module LinuxNoEditorTargetPlatform (141)
[2023.05.04-16.52.13:480][  0]LogModuleManager: Shutting down and abandoning module LinuxTargetPlatform (139)
[2023.05.04-16.52.13:480][  0]LogModuleManager: Shutting down and abandoning module Messaging (137)
[2023.05.04-16.52.13:480][  0]LogModuleManager: Shutting down and abandoning module IOSTargetPlatform (135)
[2023.05.04-16.52.13:481][  0]LogModuleManager: Shutting down and abandoning module AndroidTargetPlatform (133)
[2023.05.04-16.52.13:483][  0]LogModuleManager: Shutting down and abandoning module AllDesktopTargetPlatform (131)
[2023.05.04-16.52.13:483][  0]LogModuleManager: Shutting down and abandoning module NullDrv (128)
[2023.05.04-16.52.13:483][  0]LogModuleManager: Shutting down and abandoning module PhysXCooking (126)
[2023.05.04-16.52.13:483][  0]LogModuleManager: Shutting down and abandoning module Chaos (124)
[2023.05.04-16.52.13:502][  0]LogModuleManager: Shutting down and abandoning module WindowsPlatformFeatures (122)
[2023.05.04-16.52.13:509][  0]LogModuleManager: Shutting down and abandoning module GameplayMediaEncoder (121)
[2023.05.04-16.52.13:524][  0]LogModuleManager: Shutting down and abandoning module AVEncoder (120)
[2023.05.04-16.52.13:552][  0]LogModuleManager: Shutting down and abandoning module ExampleDeviceProfileSelector (116)
[2023.05.04-16.52.13:552][  0]LogModuleManager: Shutting down and abandoning module SteamVRInputDevice (114)
[2023.05.04-16.52.13:552][  0]LogModuleManager: Shutting down and abandoning module SteamVRInput (112)
[2023.05.04-16.52.13:552][  0]LogModuleManager: Shutting down and abandoning module SteamVR (110)
[2023.05.04-16.52.13:570][  0]LogHMD: Freeing OpenVRDLLHandle.
[2023.05.04-16.52.13:570][  0]LogModuleManager: Shutting down and abandoning module OculusHMD (108)
[2023.05.04-16.52.13:584][  0]LogModuleManager: Shutting down and abandoning module OpenXRHandTracking (106)
[2023.05.04-16.52.13:584][  0]LogModuleManager: Shutting down and abandoning module OpenXREyeTracker (104)
[2023.05.04-16.52.13:584][  0]LogModuleManager: Shutting down and abandoning module OpenXRAR (102)
[2023.05.04-16.52.13:589][  0]LogModuleManager: Shutting down and abandoning module AugmentedReality (101)
[2023.05.04-16.52.13:589][  0]LogModuleManager: Shutting down and abandoning module OpenXRHMD (98)
[2023.05.04-16.52.13:593][  0]LogModuleManager: Shutting down and abandoning module ChunkDownloader (96)
[2023.05.04-16.52.13:617][  0]LogModuleManager: Shutting down and abandoning module OnlineBlueprintSupport (94)
[2023.05.04-16.52.13:617][  0]LogModuleManager: Shutting down and abandoning module NiagaraVertexFactories (90)
[2023.05.04-16.52.13:617][  0]LogModuleManager: Shutting down and abandoning module NiagaraShader (88)
[2023.05.04-16.52.13:617][  0]LogModuleManager: Shutting down and abandoning module LauncherChunkInstaller (86)
[2023.05.04-16.52.13:617][  0]LogModuleManager: Shutting down and abandoning module OnlineSubsystem (84)
[2023.05.04-16.52.13:677][  0]LogModuleManager: Shutting down and abandoning module XMPP (79)
[2023.05.04-16.52.13:707][  0]LogModuleManager: Shutting down and abandoning module WebSockets (78)
[2023.05.04-16.52.13:745][  0]LogModuleManager: Shutting down and abandoning module HTTP (75)
[2023.05.04-16.52.13:745][  0]LogHttp: Display: cleaning up 0 outstanding Http requests.
[2023.05.04-16.52.13:778][  0]LogModuleManager: Shutting down and abandoning module SSL (74)
[2023.05.04-16.52.13:779][  0]LogModuleManager: Shutting down and abandoning module WmfMedia (70)
[2023.05.04-16.52.13:812][  0]LogModuleManager: Shutting down and abandoning module Media (69)
[2023.05.04-16.52.13:813][  0]LogModuleManager: Shutting down and abandoning module MediaInfo (68)
[2023.05.04-16.52.13:813][  0]LogModuleManager: Shutting down and abandoning module ExrReaderGpu (64)
[2023.05.04-16.52.13:834][  0]LogModuleManager: Shutting down and abandoning module VariantManagerContent (62)
[2023.05.04-16.52.13:834][  0]LogModuleManager: Shutting down and abandoning module DatasmithContent (60)
[2023.05.04-16.52.13:836][  0]LogModuleManager: Shutting down and abandoning module PixWinPlugin (58)
[2023.05.04-16.52.13:856][  0]LogModuleManager: Shutting down and abandoning module MLSDK (56)
[2023.05.04-16.52.13:869][  0]LogModuleManager: Shutting down and abandoning module ChaosCloth (54)
[2023.05.04-16.52.13:887][  0]LogModuleManager: Shutting down and abandoning module MagicLeap (52)
[2023.05.04-16.52.13:887][  0]LogModuleManager: Shutting down and abandoning module AISupportModule (50)
[2023.05.04-16.52.13:887][  0]LogModuleManager: Shutting down and abandoning module DesktopPlatform (48)
[2023.05.04-16.52.13:887][  0]LogModuleManager: Shutting down and abandoning module PythonScriptPluginPreload (46)
[2023.05.04-16.52.13:887][  0]LogModuleManager: Shutting down and abandoning module PlatformCryptoOpenSSL (44)
[2023.05.04-16.52.13:906][  0]LogModuleManager: Shutting down and abandoning module PlatformCryptoTypes (42)
[2023.05.04-16.52.13:906][  0]LogModuleManager: Shutting down and abandoning module PlatformCrypto (40)
[2023.05.04-16.52.13:906][  0]LogModuleManager: Shutting down and abandoning module OodleDataCompressionFormat (38)
[2023.05.04-16.52.13:923][  0]LogModuleManager: Shutting down and abandoning module XGEController (36)
[2023.05.04-16.52.13:940][  0]LogModuleManager: Shutting down and abandoning module AnimationModifiers (34)
[2023.05.04-16.52.13:951][  0]LogModuleManager: Shutting down and abandoning module AudioEditor (32)
[2023.05.04-16.52.13:962][  0]LogModuleManager: Shutting down and abandoning module PropertyEditor (31)
[2023.05.04-16.52.13:969][  0]LogModuleManager: Shutting down and abandoning module TextureCompressor (28)
[2023.05.04-16.52.13:988][  0]LogModuleManager: Shutting down and abandoning module RenderCore (26)
[2023.05.04-16.52.13:989][  0]LogModuleManager: Shutting down and abandoning module Landscape (24)
[2023.05.04-16.52.13:989][  0]LogModuleManager: Shutting down and abandoning module SlateRHIRenderer (22)
[2023.05.04-16.52.13:989][  0]LogModuleManager: Shutting down and abandoning module AnimGraphRuntime (20)
[2023.05.04-16.52.14:011][  0]LogModuleManager: Shutting down and abandoning module Renderer (18)
[2023.05.04-16.52.14:027][  0]LogModuleManager: Shutting down and abandoning module Engine (16)
[2023.05.04-16.52.14:027][  0]LogModuleManager: Shutting down and abandoning module CoreUObject (14)
[2023.05.04-16.52.14:027][  0]LogModuleManager: Shutting down and abandoning module NetworkFile (12)
[2023.05.04-16.52.14:040][  0]LogModuleManager: Shutting down and abandoning module CookedIterativeFile (10)
[2023.05.04-16.52.14:040][  0]LogModuleManager: Shutting down and abandoning module StreamingFile (8)
[2023.05.04-16.52.14:052][  0]LogModuleManager: Shutting down and abandoning module SandboxFile (6)
[2023.05.04-16.52.14:066][  0]LogModuleManager: Shutting down and abandoning module PakFile (4)
[2023.05.04-16.52.14:078][  0]LogModuleManager: Shutting down and abandoning module RSA (3)
[2023.05.04-16.52.14:404][  0]LogContentStreaming: Display: There are 1 unreleased StreamingManagers
[2023.05.04-16.52.14:420][  0]LogExit: Exiting.
[2023.05.04-16.52.14:432][  0]Log file closed, 05/04/23 17:52:14
